[2025-01-25T09:42:04.020+0000] {local_task_job_runner.py:123} INFO - ::group::Pre task execution logs
[2025-01-25T09:42:04.208+0000] {taskinstance.py:2613} INFO - Dependencies all met for dep_context=non-requeueable deps ti=<TaskInstance: hello_world_dag.say_hello scheduled__2025-01-24T00:00:00+00:00 [queued]>
[2025-01-25T09:42:04.255+0000] {taskinstance.py:2613} INFO - Dependencies all met for dep_context=requeueable deps ti=<TaskInstance: hello_world_dag.say_hello scheduled__2025-01-24T00:00:00+00:00 [queued]>
[2025-01-25T09:42:04.256+0000] {taskinstance.py:2866} INFO - Starting attempt 1 of 2
[2025-01-25T09:42:04.353+0000] {taskinstance.py:2889} INFO - Executing <Task(PythonOperator): say_hello> on 2025-01-24 00:00:00+00:00
[2025-01-25T09:42:04.386+0000] {warnings.py:112} WARNING - /home/***/.local/lib/python3.12/site-packages/***/task/task_runner/standard_task_runner.py:70: DeprecationWarning: This process (pid=153) is multi-threaded, use of fork() may lead to deadlocks in the child.
  pid = os.fork()

[2025-01-25T09:42:04.426+0000] {standard_task_runner.py:72} INFO - Started process 162 to run task
[2025-01-25T09:42:04.434+0000] {standard_task_runner.py:104} INFO - Running: ['***', 'tasks', 'run', 'hello_world_dag', 'say_hello', 'scheduled__2025-01-24T00:00:00+00:00', '--job-id', '26', '--raw', '--subdir', 'DAGS_FOLDER/first.py', '--cfg-path', '/tmp/tmpluvv0lsh']
[2025-01-25T09:42:04.456+0000] {standard_task_runner.py:105} INFO - Job 26: Subtask say_hello
[2025-01-25T09:42:06.862+0000] {task_command.py:467} INFO - Running <TaskInstance: hello_world_dag.say_hello scheduled__2025-01-24T00:00:00+00:00 [running]> on host ee2fe823121c
[2025-01-25T09:42:08.306+0000] {taskinstance.py:3132} INFO - Exporting env vars: AIRFLOW_CTX_DAG_OWNER='***' AIRFLOW_CTX_DAG_ID='hello_world_dag' AIRFLOW_CTX_TASK_ID='say_hello' AIRFLOW_CTX_EXECUTION_DATE='2025-01-24T00:00:00+00:00' AIRFLOW_CTX_TRY_NUMBER='1' AIRFLOW_CTX_DAG_RUN_ID='scheduled__2025-01-24T00:00:00+00:00'
[2025-01-25T09:42:08.378+0000] {logging_mixin.py:190} INFO - Task instance is in running state
[2025-01-25T09:42:08.381+0000] {logging_mixin.py:190} INFO -  Previous state of the Task instance: queued
[2025-01-25T09:42:08.382+0000] {logging_mixin.py:190} INFO - Current task name:say_hello state:running start_date:2025-01-25 09:42:04.209816+00:00
[2025-01-25T09:42:08.388+0000] {logging_mixin.py:190} INFO - Dag name:hello_world_dag and current dag run status:running
[2025-01-25T09:42:08.401+0000] {taskinstance.py:731} INFO - ::endgroup::
[2025-01-25T09:42:08.407+0000] {logging_mixin.py:190} INFO - Hello, World!
[2025-01-25T09:42:08.418+0000] {logging_mixin.py:190} INFO - hey!
[2025-01-25T09:42:08.442+0000] {python.py:240} INFO - Done. Returned value was: None
[2025-01-25T09:42:08.576+0000] {taskinstance.py:340} INFO - ::group::Post task execution logs
[2025-01-25T09:42:08.578+0000] {taskinstance.py:352} INFO - Marking task as SUCCESS. dag_id=hello_world_dag, task_id=say_hello, run_id=scheduled__2025-01-24T00:00:00+00:00, execution_date=20250124T000000, start_date=20250125T094204, end_date=20250125T094208
[2025-01-25T09:42:08.655+0000] {logging_mixin.py:190} INFO - Task instance in success state
[2025-01-25T09:42:08.663+0000] {logging_mixin.py:190} INFO -  Previous state of the Task instance: running
[2025-01-25T09:42:08.667+0000] {logging_mixin.py:190} INFO - Dag name:hello_world_dag queued_at:2025-01-25 09:40:08.154733+00:00
[2025-01-25T09:42:08.673+0000] {logging_mixin.py:190} INFO - Task hostname:ee2fe823121c operator:PythonOperator
[2025-01-25T09:42:08.798+0000] {local_task_job_runner.py:266} INFO - Task exited with return code 0
[2025-01-25T09:42:09.540+0000] {standard_task_runner.py:217} INFO - Process not found (most likely exited), stop collecting metrics
[2025-01-25T09:42:09.562+0000] {taskinstance.py:3895} INFO - 0 downstream tasks scheduled from follow-on schedule check
[2025-01-25T09:42:09.587+0000] {local_task_job_runner.py:245} INFO - ::endgroup::
