[2025-01-27T13:43:49.846+0000] {local_task_job_runner.py:123} INFO - ::group::Pre task execution logs
[2025-01-27T13:43:49.858+0000] {taskinstance.py:2613} INFO - Dependencies all met for dep_context=non-requeueable deps ti=<TaskInstance: sales_order_ingestion.store_duckdb manual__2025-01-27T13:43:04.204787+00:00 [queued]>
[2025-01-27T13:43:49.865+0000] {taskinstance.py:2613} INFO - Dependencies all met for dep_context=requeueable deps ti=<TaskInstance: sales_order_ingestion.store_duckdb manual__2025-01-27T13:43:04.204787+00:00 [queued]>
[2025-01-27T13:43:49.865+0000] {taskinstance.py:2866} INFO - Starting attempt 2 of 3
[2025-01-27T13:43:49.873+0000] {taskinstance.py:2889} INFO - Executing <Task(PythonOperator): store_duckdb> on 2025-01-27 13:43:04.204787+00:00
[2025-01-27T13:43:49.879+0000] {warnings.py:112} WARNING - /home/***/.local/lib/python3.12/site-packages/***/task/task_runner/standard_task_runner.py:70: DeprecationWarning: This process (pid=1384) is multi-threaded, use of fork() may lead to deadlocks in the child.
  pid = os.fork()

[2025-01-27T13:43:49.880+0000] {standard_task_runner.py:72} INFO - Started process 1405 to run task
[2025-01-27T13:43:49.881+0000] {standard_task_runner.py:104} INFO - Running: ['***', 'tasks', 'run', 'sales_order_ingestion', 'store_duckdb', 'manual__2025-01-27T13:43:04.204787+00:00', '--job-id', '14', '--raw', '--subdir', 'DAGS_FOLDER/first.py', '--cfg-path', '/tmp/tmp_e3p1qq1']
[2025-01-27T13:43:49.881+0000] {standard_task_runner.py:105} INFO - Job 14: Subtask store_duckdb
[2025-01-27T13:43:49.913+0000] {task_command.py:467} INFO - Running <TaskInstance: sales_order_ingestion.store_duckdb manual__2025-01-27T13:43:04.204787+00:00 [running]> on host 7f1a1600171e
[2025-01-27T13:43:49.978+0000] {taskinstance.py:3132} INFO - Exporting env vars: AIRFLOW_CTX_DAG_OWNER='***' AIRFLOW_CTX_DAG_ID='sales_order_ingestion' AIRFLOW_CTX_TASK_ID='store_duckdb' AIRFLOW_CTX_EXECUTION_DATE='2025-01-27T13:43:04.204787+00:00' AIRFLOW_CTX_TRY_NUMBER='2' AIRFLOW_CTX_DAG_RUN_ID='manual__2025-01-27T13:43:04.204787+00:00'
[2025-01-27T13:43:49.979+0000] {logging_mixin.py:190} INFO - Task instance is in running state
[2025-01-27T13:43:49.979+0000] {logging_mixin.py:190} INFO -  Previous state of the Task instance: queued
[2025-01-27T13:43:49.979+0000] {logging_mixin.py:190} INFO - Current task name:store_duckdb state:running start_date:2025-01-27 13:43:49.858743+00:00
[2025-01-27T13:43:49.979+0000] {logging_mixin.py:190} INFO - Dag name:sales_order_ingestion and current dag run status:running
[2025-01-27T13:43:49.979+0000] {taskinstance.py:731} INFO - ::endgroup::
[2025-01-27T13:43:50.023+0000] {python.py:240} INFO - Done. Returned value was: None
[2025-01-27T13:43:50.031+0000] {taskinstance.py:340} INFO - ::group::Post task execution logs
[2025-01-27T13:43:50.032+0000] {taskinstance.py:352} INFO - Marking task as SUCCESS. dag_id=sales_order_ingestion, task_id=store_duckdb, run_id=manual__2025-01-27T13:43:04.204787+00:00, execution_date=20250127T134304, start_date=20250127T134349, end_date=20250127T134350
[2025-01-27T13:43:50.039+0000] {logging_mixin.py:190} INFO - Task instance in success state
[2025-01-27T13:43:50.039+0000] {logging_mixin.py:190} INFO -  Previous state of the Task instance: running
[2025-01-27T13:43:50.040+0000] {logging_mixin.py:190} INFO - Dag name:sales_order_ingestion queued_at:2025-01-27 13:43:38.194563+00:00
[2025-01-27T13:43:50.040+0000] {logging_mixin.py:190} INFO - Task hostname:7f1a1600171e operator:PythonOperator
[2025-01-27T13:43:50.053+0000] {local_task_job_runner.py:266} INFO - Task exited with return code 0
[2025-01-27T13:43:50.067+0000] {taskinstance.py:3895} INFO - 0 downstream tasks scheduled from follow-on schedule check
[2025-01-27T13:43:50.068+0000] {local_task_job_runner.py:245} INFO - ::endgroup::
