[2025-01-27T13:43:14.988+0000] {local_task_job_runner.py:123} INFO - ::group::Pre task execution logs
[2025-01-27T13:43:15.002+0000] {taskinstance.py:2613} INFO - Dependencies all met for dep_context=non-requeueable deps ti=<TaskInstance: sales_order_ingestion.store_duckdb manual__2025-01-27T13:43:04.204787+00:00 [queued]>
[2025-01-27T13:43:15.009+0000] {taskinstance.py:2613} INFO - Dependencies all met for dep_context=requeueable deps ti=<TaskInstance: sales_order_ingestion.store_duckdb manual__2025-01-27T13:43:04.204787+00:00 [queued]>
[2025-01-27T13:43:15.009+0000] {taskinstance.py:2866} INFO - Starting attempt 1 of 2
[2025-01-27T13:43:15.021+0000] {taskinstance.py:2889} INFO - Executing <Task(PythonOperator): store_duckdb> on 2025-01-27 13:43:04.204787+00:00
[2025-01-27T13:43:15.027+0000] {warnings.py:112} WARNING - /home/***/.local/lib/python3.12/site-packages/***/task/task_runner/standard_task_runner.py:70: DeprecationWarning: This process (pid=1312) is multi-threaded, use of fork() may lead to deadlocks in the child.
  pid = os.fork()

[2025-01-27T13:43:15.029+0000] {standard_task_runner.py:72} INFO - Started process 1333 to run task
[2025-01-27T13:43:15.031+0000] {standard_task_runner.py:104} INFO - Running: ['***', 'tasks', 'run', 'sales_order_ingestion', 'store_duckdb', 'manual__2025-01-27T13:43:04.204787+00:00', '--job-id', '12', '--raw', '--subdir', 'DAGS_FOLDER/first.py', '--cfg-path', '/tmp/tmps041_2sm']
[2025-01-27T13:43:15.033+0000] {standard_task_runner.py:105} INFO - Job 12: Subtask store_duckdb
[2025-01-27T13:43:15.069+0000] {task_command.py:467} INFO - Running <TaskInstance: sales_order_ingestion.store_duckdb manual__2025-01-27T13:43:04.204787+00:00 [running]> on host 7f1a1600171e
[2025-01-27T13:43:15.145+0000] {taskinstance.py:3132} INFO - Exporting env vars: AIRFLOW_CTX_DAG_OWNER='***' AIRFLOW_CTX_DAG_ID='sales_order_ingestion' AIRFLOW_CTX_TASK_ID='store_duckdb' AIRFLOW_CTX_EXECUTION_DATE='2025-01-27T13:43:04.204787+00:00' AIRFLOW_CTX_TRY_NUMBER='1' AIRFLOW_CTX_DAG_RUN_ID='manual__2025-01-27T13:43:04.204787+00:00'
[2025-01-27T13:43:15.147+0000] {logging_mixin.py:190} INFO - Task instance is in running state
[2025-01-27T13:43:15.148+0000] {logging_mixin.py:190} INFO -  Previous state of the Task instance: queued
[2025-01-27T13:43:15.148+0000] {logging_mixin.py:190} INFO - Current task name:store_duckdb state:running start_date:2025-01-27 13:43:15.002456+00:00
[2025-01-27T13:43:15.148+0000] {logging_mixin.py:190} INFO - Dag name:sales_order_ingestion and current dag run status:running
[2025-01-27T13:43:15.149+0000] {taskinstance.py:731} INFO - ::endgroup::
[2025-01-27T13:43:15.184+0000] {python.py:240} INFO - Done. Returned value was: None
[2025-01-27T13:43:15.191+0000] {taskinstance.py:340} INFO - ::group::Post task execution logs
[2025-01-27T13:43:15.192+0000] {taskinstance.py:352} INFO - Marking task as SUCCESS. dag_id=sales_order_ingestion, task_id=store_duckdb, run_id=manual__2025-01-27T13:43:04.204787+00:00, execution_date=20250127T134304, start_date=20250127T134315, end_date=20250127T134315
[2025-01-27T13:43:15.200+0000] {logging_mixin.py:190} INFO - Task instance in success state
[2025-01-27T13:43:15.201+0000] {logging_mixin.py:190} INFO -  Previous state of the Task instance: running
[2025-01-27T13:43:15.201+0000] {logging_mixin.py:190} INFO - Dag name:sales_order_ingestion queued_at:2025-01-27 13:43:04.219607+00:00
[2025-01-27T13:43:15.201+0000] {logging_mixin.py:190} INFO - Task hostname:7f1a1600171e operator:PythonOperator
[2025-01-27T13:43:15.244+0000] {local_task_job_runner.py:266} INFO - Task exited with return code 0
[2025-01-27T13:43:15.254+0000] {taskinstance.py:3895} INFO - 0 downstream tasks scheduled from follow-on schedule check
[2025-01-27T13:43:15.255+0000] {local_task_job_runner.py:245} INFO - ::endgroup::
