[2025-01-25T09:49:49.994+0000] {local_task_job_runner.py:123} INFO - ::group::Pre task execution logs
[2025-01-25T09:49:50.310+0000] {taskinstance.py:2613} INFO - Dependencies all met for dep_context=non-requeueable deps ti=<TaskInstance: hello_world_dag.say_hello manual__2025-01-25T09:47:20.670866+00:00 [queued]>
[2025-01-25T09:49:50.410+0000] {taskinstance.py:2613} INFO - Dependencies all met for dep_context=requeueable deps ti=<TaskInstance: hello_world_dag.say_hello manual__2025-01-25T09:47:20.670866+00:00 [queued]>
[2025-01-25T09:49:50.464+0000] {taskinstance.py:2866} INFO - Starting attempt 1 of 2
[2025-01-25T09:49:51.097+0000] {taskinstance.py:2889} INFO - Executing <Task(PythonOperator): say_hello> on 2025-01-25 09:47:20.670866+00:00
[2025-01-25T09:49:51.110+0000] {warnings.py:112} WARNING - /home/***/.local/lib/python3.12/site-packages/***/task/task_runner/standard_task_runner.py:70: DeprecationWarning: This process (pid=214) is multi-threaded, use of fork() may lead to deadlocks in the child.
  pid = os.fork()

[2025-01-25T09:49:51.114+0000] {standard_task_runner.py:72} INFO - Started process 223 to run task
[2025-01-25T09:49:51.114+0000] {standard_task_runner.py:104} INFO - Running: ['***', 'tasks', 'run', 'hello_world_dag', 'say_hello', 'manual__2025-01-25T09:47:20.670866+00:00', '--job-id', '27', '--raw', '--subdir', 'DAGS_FOLDER/first.py', '--cfg-path', '/tmp/tmpd9hon9if']
[2025-01-25T09:49:51.117+0000] {standard_task_runner.py:105} INFO - Job 27: Subtask say_hello
[2025-01-25T09:49:51.240+0000] {task_command.py:467} INFO - Running <TaskInstance: hello_world_dag.say_hello manual__2025-01-25T09:47:20.670866+00:00 [running]> on host ee2fe823121c
[2025-01-25T09:49:51.437+0000] {taskinstance.py:3132} INFO - Exporting env vars: AIRFLOW_CTX_DAG_OWNER='***' AIRFLOW_CTX_DAG_ID='hello_world_dag' AIRFLOW_CTX_TASK_ID='say_hello' AIRFLOW_CTX_EXECUTION_DATE='2025-01-25T09:47:20.670866+00:00' AIRFLOW_CTX_TRY_NUMBER='1' AIRFLOW_CTX_DAG_RUN_ID='manual__2025-01-25T09:47:20.670866+00:00'
[2025-01-25T09:49:51.440+0000] {logging_mixin.py:190} INFO - Task instance is in running state
[2025-01-25T09:49:51.442+0000] {logging_mixin.py:190} INFO -  Previous state of the Task instance: queued
[2025-01-25T09:49:51.443+0000] {logging_mixin.py:190} INFO - Current task name:say_hello state:running start_date:2025-01-25 09:49:50.328328+00:00
[2025-01-25T09:49:51.444+0000] {logging_mixin.py:190} INFO - Dag name:hello_world_dag and current dag run status:running
[2025-01-25T09:49:51.445+0000] {taskinstance.py:731} INFO - ::endgroup::
[2025-01-25T09:49:51.447+0000] {logging_mixin.py:190} INFO - Hello, World!
[2025-01-25T09:49:51.448+0000] {logging_mixin.py:190} INFO - hey!
[2025-01-25T09:49:51.449+0000] {python.py:240} INFO - Done. Returned value was: None
[2025-01-25T09:49:51.469+0000] {taskinstance.py:340} INFO - ::group::Post task execution logs
[2025-01-25T09:49:51.470+0000] {taskinstance.py:352} INFO - Marking task as SUCCESS. dag_id=hello_world_dag, task_id=say_hello, run_id=manual__2025-01-25T09:47:20.670866+00:00, execution_date=20250125T094720, start_date=20250125T094950, end_date=20250125T094951
[2025-01-25T09:49:51.493+0000] {logging_mixin.py:190} INFO - Task instance in success state
[2025-01-25T09:49:51.494+0000] {logging_mixin.py:190} INFO -  Previous state of the Task instance: running
[2025-01-25T09:49:51.495+0000] {logging_mixin.py:190} INFO - Dag name:hello_world_dag queued_at:2025-01-25 09:47:20.782056+00:00
[2025-01-25T09:49:51.496+0000] {logging_mixin.py:190} INFO - Task hostname:ee2fe823121c operator:PythonOperator
[2025-01-25T09:49:51.575+0000] {local_task_job_runner.py:266} INFO - Task exited with return code 0
[2025-01-25T09:49:51.632+0000] {taskinstance.py:3895} INFO - 0 downstream tasks scheduled from follow-on schedule check
[2025-01-25T09:49:51.639+0000] {local_task_job_runner.py:245} INFO - ::endgroup::
