[2025-01-28T07:00:27.881+0000] {local_task_job_runner.py:123} INFO - ::group::Pre task execution logs
[2025-01-28T07:00:27.890+0000] {taskinstance.py:2613} INFO - Dependencies all met for dep_context=non-requeueable deps ti=<TaskInstance: sales_order_ingestion.ingest_sales_order_data manual__2025-01-28T07:00:25.822707+00:00 [queued]>
[2025-01-28T07:00:27.897+0000] {taskinstance.py:2613} INFO - Dependencies all met for dep_context=requeueable deps ti=<TaskInstance: sales_order_ingestion.ingest_sales_order_data manual__2025-01-28T07:00:25.822707+00:00 [queued]>
[2025-01-28T07:00:27.897+0000] {taskinstance.py:2866} INFO - Starting attempt 1 of 2
[2025-01-28T07:00:27.906+0000] {taskinstance.py:2889} INFO - Executing <Task(PythonOperator): ingest_sales_order_data> on 2025-01-28 07:00:25.822707+00:00
[2025-01-28T07:00:27.911+0000] {warnings.py:112} WARNING - /home/***/.local/lib/python3.12/site-packages/***/task/task_runner/standard_task_runner.py:70: DeprecationWarning: This process (pid=1459) is multi-threaded, use of fork() may lead to deadlocks in the child.
  pid = os.fork()

[2025-01-28T07:00:27.911+0000] {standard_task_runner.py:72} INFO - Started process 1480 to run task
[2025-01-28T07:00:27.912+0000] {standard_task_runner.py:104} INFO - Running: ['***', 'tasks', 'run', 'sales_order_ingestion', 'ingest_sales_order_data', 'manual__2025-01-28T07:00:25.822707+00:00', '--job-id', '48', '--raw', '--subdir', 'DAGS_FOLDER/first.py', '--cfg-path', '/tmp/tmpbtorwf19']
[2025-01-28T07:00:27.913+0000] {standard_task_runner.py:105} INFO - Job 48: Subtask ingest_sales_order_data
[2025-01-28T07:00:27.951+0000] {task_command.py:467} INFO - Running <TaskInstance: sales_order_ingestion.ingest_sales_order_data manual__2025-01-28T07:00:25.822707+00:00 [running]> on host 7f1a1600171e
[2025-01-28T07:00:28.054+0000] {taskinstance.py:3132} INFO - Exporting env vars: AIRFLOW_CTX_DAG_OWNER='***' AIRFLOW_CTX_DAG_ID='sales_order_ingestion' AIRFLOW_CTX_TASK_ID='ingest_sales_order_data' AIRFLOW_CTX_EXECUTION_DATE='2025-01-28T07:00:25.822707+00:00' AIRFLOW_CTX_TRY_NUMBER='1' AIRFLOW_CTX_DAG_RUN_ID='manual__2025-01-28T07:00:25.822707+00:00'
[2025-01-28T07:00:28.056+0000] {logging_mixin.py:190} INFO - Task instance is in running state
[2025-01-28T07:00:28.057+0000] {logging_mixin.py:190} INFO -  Previous state of the Task instance: queued
[2025-01-28T07:00:28.057+0000] {logging_mixin.py:190} INFO - Current task name:ingest_sales_order_data state:running start_date:2025-01-28 07:00:27.891232+00:00
[2025-01-28T07:00:28.058+0000] {logging_mixin.py:190} INFO - Dag name:sales_order_ingestion and current dag run status:running
[2025-01-28T07:00:28.058+0000] {taskinstance.py:731} INFO - ::endgroup::
[2025-01-28T07:00:28.900+0000] {logging_mixin.py:190} INFO - response is  <Response [200]>
[2025-01-28T07:00:29.835+0000] {logging_mixin.py:190} INFO - response is  <Response [200]>
[2025-01-28T07:00:34.885+0000] {logging_mixin.py:190} INFO - All sales order data saved. Total records: 10
[2025-01-28T07:00:34.886+0000] {python.py:240} INFO - Done. Returned value was: None
[2025-01-28T07:00:34.902+0000] {taskinstance.py:340} INFO - ::group::Post task execution logs
[2025-01-28T07:00:34.903+0000] {taskinstance.py:352} INFO - Marking task as SUCCESS. dag_id=sales_order_ingestion, task_id=ingest_sales_order_data, run_id=manual__2025-01-28T07:00:25.822707+00:00, execution_date=20250128T070025, start_date=20250128T070027, end_date=20250128T070034
[2025-01-28T07:00:34.919+0000] {logging_mixin.py:190} INFO - Task instance in success state
[2025-01-28T07:00:34.920+0000] {logging_mixin.py:190} INFO -  Previous state of the Task instance: running
[2025-01-28T07:00:34.920+0000] {logging_mixin.py:190} INFO - Dag name:sales_order_ingestion queued_at:2025-01-28 07:00:25.830001+00:00
[2025-01-28T07:00:34.920+0000] {logging_mixin.py:190} INFO - Task hostname:7f1a1600171e operator:PythonOperator
[2025-01-28T07:00:34.931+0000] {local_task_job_runner.py:266} INFO - Task exited with return code 0
[2025-01-28T07:00:34.952+0000] {taskinstance.py:3895} INFO - 1 downstream tasks scheduled from follow-on schedule check
[2025-01-28T07:00:34.953+0000] {local_task_job_runner.py:245} INFO - ::endgroup::
