[2025-01-28T06:54:02.943+0000] {local_task_job_runner.py:123} INFO - ::group::Pre task execution logs
[2025-01-28T06:54:02.957+0000] {taskinstance.py:2613} INFO - Dependencies all met for dep_context=non-requeueable deps ti=<TaskInstance: sales_order_ingestion.ingest_sales_order_data manual__2025-01-28T06:54:01.304078+00:00 [queued]>
[2025-01-28T06:54:02.964+0000] {taskinstance.py:2613} INFO - Dependencies all met for dep_context=requeueable deps ti=<TaskInstance: sales_order_ingestion.ingest_sales_order_data manual__2025-01-28T06:54:01.304078+00:00 [queued]>
[2025-01-28T06:54:02.964+0000] {taskinstance.py:2866} INFO - Starting attempt 1 of 2
[2025-01-28T06:54:02.977+0000] {taskinstance.py:2889} INFO - Executing <Task(PythonOperator): ingest_sales_order_data> on 2025-01-28 06:54:01.304078+00:00
[2025-01-28T06:54:02.985+0000] {warnings.py:112} WARNING - /home/***/.local/lib/python3.12/site-packages/***/task/task_runner/standard_task_runner.py:70: DeprecationWarning: This process (pid=1050) is multi-threaded, use of fork() may lead to deadlocks in the child.
  pid = os.fork()

[2025-01-28T06:54:02.986+0000] {standard_task_runner.py:72} INFO - Started process 1071 to run task
[2025-01-28T06:54:02.987+0000] {standard_task_runner.py:104} INFO - Running: ['***', 'tasks', 'run', 'sales_order_ingestion', 'ingest_sales_order_data', 'manual__2025-01-28T06:54:01.304078+00:00', '--job-id', '38', '--raw', '--subdir', 'DAGS_FOLDER/first.py', '--cfg-path', '/tmp/tmp5oyysnyd']
[2025-01-28T06:54:02.988+0000] {standard_task_runner.py:105} INFO - Job 38: Subtask ingest_sales_order_data
[2025-01-28T06:54:03.043+0000] {task_command.py:467} INFO - Running <TaskInstance: sales_order_ingestion.ingest_sales_order_data manual__2025-01-28T06:54:01.304078+00:00 [running]> on host 7f1a1600171e
[2025-01-28T06:54:03.142+0000] {taskinstance.py:3132} INFO - Exporting env vars: AIRFLOW_CTX_DAG_OWNER='***' AIRFLOW_CTX_DAG_ID='sales_order_ingestion' AIRFLOW_CTX_TASK_ID='ingest_sales_order_data' AIRFLOW_CTX_EXECUTION_DATE='2025-01-28T06:54:01.304078+00:00' AIRFLOW_CTX_TRY_NUMBER='1' AIRFLOW_CTX_DAG_RUN_ID='manual__2025-01-28T06:54:01.304078+00:00'
[2025-01-28T06:54:03.143+0000] {logging_mixin.py:190} INFO - Task instance is in running state
[2025-01-28T06:54:03.143+0000] {logging_mixin.py:190} INFO -  Previous state of the Task instance: queued
[2025-01-28T06:54:03.143+0000] {logging_mixin.py:190} INFO - Current task name:ingest_sales_order_data state:running start_date:2025-01-28 06:54:02.957242+00:00
[2025-01-28T06:54:03.143+0000] {logging_mixin.py:190} INFO - Dag name:sales_order_ingestion and current dag run status:running
[2025-01-28T06:54:03.143+0000] {taskinstance.py:731} INFO - ::endgroup::
[2025-01-28T06:54:04.096+0000] {logging_mixin.py:190} INFO - response is  <Response [200]>
[2025-01-28T06:54:05.124+0000] {logging_mixin.py:190} INFO - response is  <Response [200]>
[2025-01-28T06:54:12.636+0000] {logging_mixin.py:190} INFO - All sales order data saved. Total records: 10
[2025-01-28T06:54:12.637+0000] {python.py:240} INFO - Done. Returned value was: None
[2025-01-28T06:54:12.643+0000] {taskinstance.py:340} INFO - ::group::Post task execution logs
[2025-01-28T06:54:12.643+0000] {taskinstance.py:352} INFO - Marking task as SUCCESS. dag_id=sales_order_ingestion, task_id=ingest_sales_order_data, run_id=manual__2025-01-28T06:54:01.304078+00:00, execution_date=20250128T065401, start_date=20250128T065402, end_date=20250128T065412
[2025-01-28T06:54:12.650+0000] {logging_mixin.py:190} INFO - Task instance in success state
[2025-01-28T06:54:12.650+0000] {logging_mixin.py:190} INFO -  Previous state of the Task instance: running
[2025-01-28T06:54:12.650+0000] {logging_mixin.py:190} INFO - Dag name:sales_order_ingestion queued_at:2025-01-28 06:54:01.312212+00:00
[2025-01-28T06:54:12.650+0000] {logging_mixin.py:190} INFO - Task hostname:7f1a1600171e operator:PythonOperator
[2025-01-28T06:54:12.665+0000] {local_task_job_runner.py:266} INFO - Task exited with return code 0
[2025-01-28T06:54:12.682+0000] {taskinstance.py:3895} INFO - 1 downstream tasks scheduled from follow-on schedule check
[2025-01-28T06:54:12.683+0000] {local_task_job_runner.py:245} INFO - ::endgroup::
