[2025-01-27T10:33:17.399+0000] {processor.py:186} INFO - Started process (PID=144) to work on /opt/airflow/dags/first.py
[2025-01-27T10:33:17.401+0000] {processor.py:914} INFO - Processing file /opt/airflow/dags/first.py for tasks to queue
[2025-01-27T10:33:17.433+0000] {logging_mixin.py:190} INFO - [2025-01-27T10:33:17.432+0000] {dagbag.py:588} INFO - Filling up the DagBag from /opt/airflow/dags/first.py
[2025-01-27T10:33:17.783+0000] {processor.py:925} INFO - DAG(s) 'sales_order_ingestion' retrieved from /opt/airflow/dags/first.py
[2025-01-27T10:33:19.037+0000] {logging_mixin.py:190} INFO - [2025-01-27T10:33:19.036+0000] {dag.py:3239} INFO - Sync 1 DAGs
[2025-01-27T10:33:22.539+0000] {logging_mixin.py:190} INFO - [2025-01-27T10:33:22.537+0000] {dag.py:4180} INFO - Setting next_dagrun for sales_order_ingestion to 2025-01-26 00:00:00+00:00, run_after=2025-01-27 00:00:00+00:00
[2025-01-27T10:33:22.869+0000] {processor.py:208} INFO - Processing /opt/airflow/dags/first.py took 5.514 seconds
[2025-01-27T10:34:39.558+0000] {processor.py:186} INFO - Started process (PID=234) to work on /opt/airflow/dags/first.py
[2025-01-27T10:34:39.561+0000] {processor.py:914} INFO - Processing file /opt/airflow/dags/first.py for tasks to queue
[2025-01-27T10:34:39.576+0000] {logging_mixin.py:190} INFO - [2025-01-27T10:34:39.575+0000] {dagbag.py:588} INFO - Filling up the DagBag from /opt/airflow/dags/first.py
[2025-01-27T10:34:40.237+0000] {processor.py:925} INFO - DAG(s) 'sales_order_ingestion' retrieved from /opt/airflow/dags/first.py
[2025-01-27T10:34:40.515+0000] {logging_mixin.py:190} INFO - [2025-01-27T10:34:40.515+0000] {dag.py:3239} INFO - Sync 1 DAGs
[2025-01-27T10:34:41.152+0000] {logging_mixin.py:190} INFO - [2025-01-27T10:34:41.152+0000] {dag.py:4180} INFO - Setting next_dagrun for sales_order_ingestion to 2025-01-27 00:00:00+00:00, run_after=2025-01-28 00:00:00+00:00
[2025-01-27T10:34:41.448+0000] {processor.py:208} INFO - Processing /opt/airflow/dags/first.py took 1.910 seconds
[2025-01-27T10:44:37.355+0000] {processor.py:186} INFO - Started process (PID=149) to work on /opt/airflow/dags/first.py
[2025-01-27T10:44:37.541+0000] {processor.py:914} INFO - Processing file /opt/airflow/dags/first.py for tasks to queue
[2025-01-27T10:44:37.855+0000] {logging_mixin.py:190} INFO - [2025-01-27T10:44:37.841+0000] {dagbag.py:588} INFO - Filling up the DagBag from /opt/airflow/dags/first.py
[2025-01-27T10:44:38.793+0000] {processor.py:925} INFO - DAG(s) 'sales_order_ingestion' retrieved from /opt/airflow/dags/first.py
[2025-01-27T10:44:41.097+0000] {logging_mixin.py:190} INFO - [2025-01-27T10:44:41.096+0000] {dag.py:3239} INFO - Sync 1 DAGs
[2025-01-27T10:44:41.386+0000] {logging_mixin.py:190} INFO - [2025-01-27T10:44:41.385+0000] {dag.py:4180} INFO - Setting next_dagrun for sales_order_ingestion to 2025-01-27 00:00:00+00:00, run_after=2025-01-28 00:00:00+00:00
[2025-01-27T10:44:41.654+0000] {processor.py:208} INFO - Processing /opt/airflow/dags/first.py took 5.049 seconds
[2025-01-27T10:45:48.580+0000] {processor.py:186} INFO - Started process (PID=224) to work on /opt/airflow/dags/first.py
[2025-01-27T10:45:48.699+0000] {processor.py:914} INFO - Processing file /opt/airflow/dags/first.py for tasks to queue
[2025-01-27T10:45:48.787+0000] {logging_mixin.py:190} INFO - [2025-01-27T10:45:48.785+0000] {dagbag.py:588} INFO - Filling up the DagBag from /opt/airflow/dags/first.py
[2025-01-27T10:45:49.409+0000] {processor.py:925} INFO - DAG(s) 'sales_order_ingestion' retrieved from /opt/airflow/dags/first.py
[2025-01-27T10:45:50.508+0000] {logging_mixin.py:190} INFO - [2025-01-27T10:45:50.507+0000] {dag.py:3239} INFO - Sync 1 DAGs
[2025-01-27T10:45:50.978+0000] {logging_mixin.py:190} INFO - [2025-01-27T10:45:50.976+0000] {dag.py:4180} INFO - Setting next_dagrun for sales_order_ingestion to 2025-01-27 00:00:00+00:00, run_after=2025-01-28 00:00:00+00:00
[2025-01-27T10:45:51.209+0000] {processor.py:208} INFO - Processing /opt/airflow/dags/first.py took 2.804 seconds
[2025-01-27T10:46:29.358+0000] {processor.py:186} INFO - Started process (PID=266) to work on /opt/airflow/dags/first.py
[2025-01-27T10:46:29.377+0000] {processor.py:914} INFO - Processing file /opt/airflow/dags/first.py for tasks to queue
[2025-01-27T10:46:29.385+0000] {logging_mixin.py:190} INFO - [2025-01-27T10:46:29.384+0000] {dagbag.py:588} INFO - Filling up the DagBag from /opt/airflow/dags/first.py
[2025-01-27T10:46:29.599+0000] {processor.py:925} INFO - DAG(s) 'sales_order_ingestion' retrieved from /opt/airflow/dags/first.py
[2025-01-27T10:46:29.724+0000] {logging_mixin.py:190} INFO - [2025-01-27T10:46:29.723+0000] {dag.py:3239} INFO - Sync 1 DAGs
[2025-01-27T10:46:29.816+0000] {logging_mixin.py:190} INFO - [2025-01-27T10:46:29.815+0000] {dag.py:4180} INFO - Setting next_dagrun for sales_order_ingestion to 2025-01-27 00:00:00+00:00, run_after=2025-01-28 00:00:00+00:00
[2025-01-27T10:46:29.894+0000] {processor.py:208} INFO - Processing /opt/airflow/dags/first.py took 0.571 seconds
[2025-01-27T10:47:01.162+0000] {processor.py:186} INFO - Started process (PID=330) to work on /opt/airflow/dags/first.py
[2025-01-27T10:47:01.166+0000] {processor.py:914} INFO - Processing file /opt/airflow/dags/first.py for tasks to queue
[2025-01-27T10:47:01.175+0000] {logging_mixin.py:190} INFO - [2025-01-27T10:47:01.174+0000] {dagbag.py:588} INFO - Filling up the DagBag from /opt/airflow/dags/first.py
[2025-01-27T10:47:01.250+0000] {processor.py:925} INFO - DAG(s) 'sales_order_ingestion' retrieved from /opt/airflow/dags/first.py
[2025-01-27T10:47:01.396+0000] {logging_mixin.py:190} INFO - [2025-01-27T10:47:01.395+0000] {dag.py:3239} INFO - Sync 1 DAGs
[2025-01-27T10:47:01.648+0000] {logging_mixin.py:190} INFO - [2025-01-27T10:47:01.647+0000] {dag.py:4180} INFO - Setting next_dagrun for sales_order_ingestion to 2025-01-27 00:00:00+00:00, run_after=2025-01-28 00:00:00+00:00
[2025-01-27T10:47:01.742+0000] {processor.py:208} INFO - Processing /opt/airflow/dags/first.py took 0.606 seconds
[2025-01-27T10:54:41.659+0000] {processor.py:186} INFO - Started process (PID=83) to work on /opt/airflow/dags/first.py
[2025-01-27T10:54:41.675+0000] {processor.py:914} INFO - Processing file /opt/airflow/dags/first.py for tasks to queue
[2025-01-27T10:54:41.686+0000] {logging_mixin.py:190} INFO - [2025-01-27T10:54:41.685+0000] {dagbag.py:588} INFO - Filling up the DagBag from /opt/airflow/dags/first.py
[2025-01-27T10:54:41.865+0000] {processor.py:925} INFO - DAG(s) 'sales_order_ingestion' retrieved from /opt/airflow/dags/first.py
[2025-01-27T10:54:41.989+0000] {logging_mixin.py:190} INFO - [2025-01-27T10:54:41.988+0000] {dag.py:3239} INFO - Sync 1 DAGs
[2025-01-27T10:54:42.139+0000] {logging_mixin.py:190} INFO - [2025-01-27T10:54:42.138+0000] {dag.py:4180} INFO - Setting next_dagrun for sales_order_ingestion to 2025-01-27 00:00:00+00:00, run_after=2025-01-28 00:00:00+00:00
[2025-01-27T10:54:42.209+0000] {processor.py:208} INFO - Processing /opt/airflow/dags/first.py took 0.636 seconds
[2025-01-27T10:54:52.674+0000] {processor.py:186} INFO - Started process (PID=94) to work on /opt/airflow/dags/first.py
[2025-01-27T10:54:52.678+0000] {processor.py:914} INFO - Processing file /opt/airflow/dags/first.py for tasks to queue
[2025-01-27T10:54:52.689+0000] {logging_mixin.py:190} INFO - [2025-01-27T10:54:52.688+0000] {dagbag.py:588} INFO - Filling up the DagBag from /opt/airflow/dags/first.py
[2025-01-27T10:54:52.802+0000] {processor.py:925} INFO - DAG(s) 'sales_order_ingestion' retrieved from /opt/airflow/dags/first.py
[2025-01-27T10:54:52.915+0000] {logging_mixin.py:190} INFO - [2025-01-27T10:54:52.909+0000] {taskinstance.py:3313} ERROR - {'DAG Id': 'sales_order_ingestion', 'Task Id': 'ingest_sales_order_data', 'Run Id': 'manual__2025-01-25T11:41:05.393341+00:00', 'Hostname': '990e0bed5720', 'External Executor Id': '3380bf68-41f1-401e-bc94-175099c84d76'}
[2025-01-27T10:54:53.039+0000] {logging_mixin.py:190} INFO - Task instance in failure state
[2025-01-27T10:54:53.041+0000] {logging_mixin.py:190} INFO - Task start:2025-01-27 10:47:48.799933+00:00 end:2025-01-27 10:54:52.987231+00:00 duration:424.187298
[2025-01-27T10:54:53.043+0000] {logging_mixin.py:190} INFO - Task:<Task(PythonOperator): ingest_sales_order_data> dag:<DAG: sales_order_ingestion> dagrun:<DagRun sales_order_ingestion @ 2025-01-25 11:41:05.393341+00:00: manual__2025-01-25T11:41:05.393341+00:00, state:running, queued_at: 2025-01-25 11:41:06.650279+00:00. externally triggered: True>
[2025-01-27T10:54:53.045+0000] {logging_mixin.py:190} INFO - Failure caused by {'DAG Id': 'sales_order_ingestion', 'Task Id': 'ingest_sales_order_data', 'Run Id': 'manual__2025-01-25T11:41:05.393341+00:00', 'Hostname': '990e0bed5720', 'External Executor Id': '3380bf68-41f1-401e-bc94-175099c84d76'}
[2025-01-27T10:54:53.047+0000] {logging_mixin.py:190} INFO - [2025-01-27T10:54:53.046+0000] {taskinstance.py:1225} INFO - Marking task as FAILED. dag_id=sales_order_ingestion, task_id=ingest_sales_order_data, run_id=manual__2025-01-25T11:41:05.393341+00:00, execution_date=20250125T114105, start_date=20250127T104748, end_date=20250127T105452
[2025-01-27T10:54:53.103+0000] {logging_mixin.py:190} INFO - [2025-01-27T10:54:53.103+0000] {processor.py:876} INFO - Executed callback for <TaskInstance: sales_order_ingestion.ingest_sales_order_data manual__2025-01-25T11:41:05.393341+00:00 [failed]> in state failed
[2025-01-27T10:54:53.149+0000] {logging_mixin.py:190} INFO - [2025-01-27T10:54:53.149+0000] {dag.py:3239} INFO - Sync 1 DAGs
[2025-01-27T10:54:53.365+0000] {logging_mixin.py:190} INFO - [2025-01-27T10:54:53.359+0000] {dag.py:4180} INFO - Setting next_dagrun for sales_order_ingestion to 2025-01-27 00:00:00+00:00, run_after=2025-01-28 00:00:00+00:00
[2025-01-27T10:54:53.457+0000] {processor.py:208} INFO - Processing /opt/airflow/dags/first.py took 0.803 seconds
[2025-01-27T10:56:11.756+0000] {processor.py:186} INFO - Started process (PID=161) to work on /opt/airflow/dags/first.py
[2025-01-27T10:56:11.787+0000] {processor.py:914} INFO - Processing file /opt/airflow/dags/first.py for tasks to queue
[2025-01-27T10:56:11.805+0000] {logging_mixin.py:190} INFO - [2025-01-27T10:56:11.804+0000] {dagbag.py:588} INFO - Filling up the DagBag from /opt/airflow/dags/first.py
[2025-01-27T10:56:12.710+0000] {processor.py:925} INFO - DAG(s) 'sales_order_ingestion' retrieved from /opt/airflow/dags/first.py
[2025-01-27T10:56:12.905+0000] {logging_mixin.py:190} INFO - [2025-01-27T10:56:12.904+0000] {dag.py:3239} INFO - Sync 1 DAGs
[2025-01-27T10:56:13.895+0000] {logging_mixin.py:190} INFO - [2025-01-27T10:56:13.894+0000] {dag.py:4180} INFO - Setting next_dagrun for sales_order_ingestion to 2025-01-27 00:00:00+00:00, run_after=2025-01-28 00:00:00+00:00
[2025-01-27T10:56:14.955+0000] {processor.py:208} INFO - Processing /opt/airflow/dags/first.py took 3.325 seconds
[2025-01-27T10:56:18.753+0000] {processor.py:186} INFO - Started process (PID=167) to work on /opt/airflow/dags/first.py
[2025-01-27T10:56:18.756+0000] {processor.py:914} INFO - Processing file /opt/airflow/dags/first.py for tasks to queue
[2025-01-27T10:56:18.761+0000] {logging_mixin.py:190} INFO - [2025-01-27T10:56:18.760+0000] {dagbag.py:588} INFO - Filling up the DagBag from /opt/airflow/dags/first.py
[2025-01-27T10:56:19.108+0000] {processor.py:925} INFO - DAG(s) 'sales_order_ingestion' retrieved from /opt/airflow/dags/first.py
[2025-01-27T10:56:19.243+0000] {logging_mixin.py:190} INFO - [2025-01-27T10:56:19.242+0000] {taskinstance.py:3313} ERROR - {'DAG Id': 'sales_order_ingestion', 'Task Id': 'ingest_sales_order_data', 'Run Id': 'manual__2025-01-25T11:36:33.301113+00:00', 'Hostname': '990e0bed5720', 'External Executor Id': '33492401-57fe-4f48-9161-81923b89ce1c'}
[2025-01-27T10:56:19.307+0000] {logging_mixin.py:190} INFO - Task instance in failure state
[2025-01-27T10:56:19.308+0000] {logging_mixin.py:190} INFO - Task start:2025-01-27 10:47:48.818049+00:00 end:2025-01-27 10:56:19.261243+00:00 duration:510.443194
[2025-01-27T10:56:19.309+0000] {logging_mixin.py:190} INFO - Task:<Task(PythonOperator): ingest_sales_order_data> dag:<DAG: sales_order_ingestion> dagrun:<DagRun sales_order_ingestion @ 2025-01-25 11:36:33.301113+00:00: manual__2025-01-25T11:36:33.301113+00:00, state:running, queued_at: 2025-01-25 11:45:33.231949+00:00. externally triggered: True>
[2025-01-27T10:56:19.311+0000] {logging_mixin.py:190} INFO - Failure caused by {'DAG Id': 'sales_order_ingestion', 'Task Id': 'ingest_sales_order_data', 'Run Id': 'manual__2025-01-25T11:36:33.301113+00:00', 'Hostname': '990e0bed5720', 'External Executor Id': '33492401-57fe-4f48-9161-81923b89ce1c'}
[2025-01-27T10:56:19.312+0000] {logging_mixin.py:190} INFO - [2025-01-27T10:56:19.312+0000] {taskinstance.py:1225} INFO - Marking task as FAILED. dag_id=sales_order_ingestion, task_id=ingest_sales_order_data, run_id=manual__2025-01-25T11:36:33.301113+00:00, execution_date=20250125T113633, start_date=20250127T104748, end_date=20250127T105619
[2025-01-27T10:56:19.369+0000] {logging_mixin.py:190} INFO - [2025-01-27T10:56:19.368+0000] {processor.py:876} INFO - Executed callback for <TaskInstance: sales_order_ingestion.ingest_sales_order_data manual__2025-01-25T11:36:33.301113+00:00 [failed]> in state failed
[2025-01-27T10:56:19.569+0000] {logging_mixin.py:190} INFO - [2025-01-27T10:56:19.559+0000] {dag.py:3239} INFO - Sync 1 DAGs
[2025-01-27T10:56:19.846+0000] {logging_mixin.py:190} INFO - [2025-01-27T10:56:19.845+0000] {dag.py:4180} INFO - Setting next_dagrun for sales_order_ingestion to 2025-01-27 00:00:00+00:00, run_after=2025-01-28 00:00:00+00:00
[2025-01-27T10:56:20.094+0000] {processor.py:208} INFO - Processing /opt/airflow/dags/first.py took 1.880 seconds
[2025-01-27T10:56:51.324+0000] {processor.py:186} INFO - Started process (PID=226) to work on /opt/airflow/dags/first.py
[2025-01-27T10:56:51.326+0000] {processor.py:914} INFO - Processing file /opt/airflow/dags/first.py for tasks to queue
[2025-01-27T10:56:51.334+0000] {logging_mixin.py:190} INFO - [2025-01-27T10:56:51.332+0000] {dagbag.py:588} INFO - Filling up the DagBag from /opt/airflow/dags/first.py
[2025-01-27T10:56:51.455+0000] {processor.py:925} INFO - DAG(s) 'sales_order_ingestion' retrieved from /opt/airflow/dags/first.py
[2025-01-27T10:56:51.557+0000] {logging_mixin.py:190} INFO - [2025-01-27T10:56:51.554+0000] {dag.py:3239} INFO - Sync 1 DAGs
[2025-01-27T10:56:51.681+0000] {logging_mixin.py:190} INFO - [2025-01-27T10:56:51.680+0000] {dag.py:4180} INFO - Setting next_dagrun for sales_order_ingestion to 2025-01-27 00:00:00+00:00, run_after=2025-01-28 00:00:00+00:00
[2025-01-27T10:56:51.783+0000] {processor.py:208} INFO - Processing /opt/airflow/dags/first.py took 0.478 seconds
[2025-01-27T10:57:36.126+0000] {processor.py:186} INFO - Started process (PID=268) to work on /opt/airflow/dags/first.py
[2025-01-27T10:57:36.130+0000] {processor.py:914} INFO - Processing file /opt/airflow/dags/first.py for tasks to queue
[2025-01-27T10:57:36.150+0000] {logging_mixin.py:190} INFO - [2025-01-27T10:57:36.146+0000] {dagbag.py:588} INFO - Filling up the DagBag from /opt/airflow/dags/first.py
[2025-01-27T10:57:36.208+0000] {processor.py:925} INFO - DAG(s) 'sales_order_ingestion' retrieved from /opt/airflow/dags/first.py
[2025-01-27T10:57:36.331+0000] {logging_mixin.py:190} INFO - [2025-01-27T10:57:36.331+0000] {dag.py:3239} INFO - Sync 1 DAGs
[2025-01-27T10:57:36.440+0000] {logging_mixin.py:190} INFO - [2025-01-27T10:57:36.440+0000] {dag.py:4180} INFO - Setting next_dagrun for sales_order_ingestion to 2025-01-27 00:00:00+00:00, run_after=2025-01-28 00:00:00+00:00
[2025-01-27T10:57:36.567+0000] {processor.py:208} INFO - Processing /opt/airflow/dags/first.py took 0.453 seconds
[2025-01-27T10:58:06.755+0000] {processor.py:186} INFO - Started process (PID=332) to work on /opt/airflow/dags/first.py
[2025-01-27T10:58:06.757+0000] {processor.py:914} INFO - Processing file /opt/airflow/dags/first.py for tasks to queue
[2025-01-27T10:58:06.764+0000] {logging_mixin.py:190} INFO - [2025-01-27T10:58:06.764+0000] {dagbag.py:588} INFO - Filling up the DagBag from /opt/airflow/dags/first.py
[2025-01-27T10:58:06.818+0000] {processor.py:925} INFO - DAG(s) 'sales_order_ingestion' retrieved from /opt/airflow/dags/first.py
[2025-01-27T10:58:06.893+0000] {logging_mixin.py:190} INFO - [2025-01-27T10:58:06.892+0000] {dag.py:3239} INFO - Sync 1 DAGs
[2025-01-27T10:58:06.965+0000] {logging_mixin.py:190} INFO - [2025-01-27T10:58:06.965+0000] {dag.py:4180} INFO - Setting next_dagrun for sales_order_ingestion to 2025-01-27 00:00:00+00:00, run_after=2025-01-28 00:00:00+00:00
[2025-01-27T10:58:07.017+0000] {processor.py:208} INFO - Processing /opt/airflow/dags/first.py took 0.278 seconds
[2025-01-27T10:58:59.238+0000] {processor.py:186} INFO - Started process (PID=388) to work on /opt/airflow/dags/first.py
[2025-01-27T10:58:59.243+0000] {processor.py:914} INFO - Processing file /opt/airflow/dags/first.py for tasks to queue
[2025-01-27T10:58:59.250+0000] {logging_mixin.py:190} INFO - [2025-01-27T10:58:59.249+0000] {dagbag.py:588} INFO - Filling up the DagBag from /opt/airflow/dags/first.py
[2025-01-27T10:58:59.345+0000] {processor.py:925} INFO - DAG(s) 'sales_order_ingestion' retrieved from /opt/airflow/dags/first.py
[2025-01-27T10:58:59.418+0000] {logging_mixin.py:190} INFO - [2025-01-27T10:58:59.418+0000] {dag.py:3239} INFO - Sync 1 DAGs
[2025-01-27T10:58:59.505+0000] {logging_mixin.py:190} INFO - [2025-01-27T10:58:59.504+0000] {dag.py:4180} INFO - Setting next_dagrun for sales_order_ingestion to 2025-01-27 00:00:00+00:00, run_after=2025-01-28 00:00:00+00:00
[2025-01-27T10:58:59.551+0000] {processor.py:208} INFO - Processing /opt/airflow/dags/first.py took 0.335 seconds
[2025-01-27T10:59:29.714+0000] {processor.py:186} INFO - Started process (PID=453) to work on /opt/airflow/dags/first.py
[2025-01-27T10:59:29.717+0000] {processor.py:914} INFO - Processing file /opt/airflow/dags/first.py for tasks to queue
[2025-01-27T10:59:29.740+0000] {logging_mixin.py:190} INFO - [2025-01-27T10:59:29.737+0000] {dagbag.py:588} INFO - Filling up the DagBag from /opt/airflow/dags/first.py
[2025-01-27T10:59:29.874+0000] {processor.py:925} INFO - DAG(s) 'sales_order_ingestion' retrieved from /opt/airflow/dags/first.py
[2025-01-27T10:59:30.089+0000] {logging_mixin.py:190} INFO - [2025-01-27T10:59:30.089+0000] {dag.py:3239} INFO - Sync 1 DAGs
[2025-01-27T10:59:30.255+0000] {logging_mixin.py:190} INFO - [2025-01-27T10:59:30.254+0000] {dag.py:4180} INFO - Setting next_dagrun for sales_order_ingestion to 2025-01-27 00:00:00+00:00, run_after=2025-01-28 00:00:00+00:00
[2025-01-27T10:59:30.483+0000] {processor.py:208} INFO - Processing /opt/airflow/dags/first.py took 0.782 seconds
[2025-01-27T11:00:00.959+0000] {processor.py:186} INFO - Started process (PID=516) to work on /opt/airflow/dags/first.py
[2025-01-27T11:00:00.961+0000] {processor.py:914} INFO - Processing file /opt/airflow/dags/first.py for tasks to queue
[2025-01-27T11:00:00.967+0000] {logging_mixin.py:190} INFO - [2025-01-27T11:00:00.966+0000] {dagbag.py:588} INFO - Filling up the DagBag from /opt/airflow/dags/first.py
[2025-01-27T11:00:01.024+0000] {processor.py:925} INFO - DAG(s) 'sales_order_ingestion' retrieved from /opt/airflow/dags/first.py
[2025-01-27T11:00:01.078+0000] {logging_mixin.py:190} INFO - [2025-01-27T11:00:01.077+0000] {dag.py:3239} INFO - Sync 1 DAGs
[2025-01-27T11:00:01.137+0000] {logging_mixin.py:190} INFO - [2025-01-27T11:00:01.136+0000] {dag.py:4180} INFO - Setting next_dagrun for sales_order_ingestion to 2025-01-27 00:00:00+00:00, run_after=2025-01-28 00:00:00+00:00
[2025-01-27T11:00:01.165+0000] {processor.py:208} INFO - Processing /opt/airflow/dags/first.py took 0.218 seconds
[2025-01-27T11:00:31.263+0000] {processor.py:186} INFO - Started process (PID=580) to work on /opt/airflow/dags/first.py
[2025-01-27T11:00:31.264+0000] {processor.py:914} INFO - Processing file /opt/airflow/dags/first.py for tasks to queue
[2025-01-27T11:00:31.270+0000] {logging_mixin.py:190} INFO - [2025-01-27T11:00:31.269+0000] {dagbag.py:588} INFO - Filling up the DagBag from /opt/airflow/dags/first.py
[2025-01-27T11:00:31.345+0000] {processor.py:925} INFO - DAG(s) 'sales_order_ingestion' retrieved from /opt/airflow/dags/first.py
[2025-01-27T11:00:31.395+0000] {logging_mixin.py:190} INFO - [2025-01-27T11:00:31.395+0000] {dag.py:3239} INFO - Sync 1 DAGs
[2025-01-27T11:00:31.432+0000] {logging_mixin.py:190} INFO - [2025-01-27T11:00:31.432+0000] {dag.py:4180} INFO - Setting next_dagrun for sales_order_ingestion to 2025-01-27 00:00:00+00:00, run_after=2025-01-28 00:00:00+00:00
[2025-01-27T11:00:31.467+0000] {processor.py:208} INFO - Processing /opt/airflow/dags/first.py took 0.218 seconds
[2025-01-27T11:01:02.313+0000] {processor.py:186} INFO - Started process (PID=644) to work on /opt/airflow/dags/first.py
[2025-01-27T11:01:02.316+0000] {processor.py:914} INFO - Processing file /opt/airflow/dags/first.py for tasks to queue
[2025-01-27T11:01:02.322+0000] {logging_mixin.py:190} INFO - [2025-01-27T11:01:02.321+0000] {dagbag.py:588} INFO - Filling up the DagBag from /opt/airflow/dags/first.py
[2025-01-27T11:01:02.414+0000] {processor.py:925} INFO - DAG(s) 'sales_order_ingestion' retrieved from /opt/airflow/dags/first.py
[2025-01-27T11:01:02.473+0000] {logging_mixin.py:190} INFO - [2025-01-27T11:01:02.473+0000] {dag.py:3239} INFO - Sync 1 DAGs
[2025-01-27T11:01:02.532+0000] {logging_mixin.py:190} INFO - [2025-01-27T11:01:02.532+0000] {dag.py:4180} INFO - Setting next_dagrun for sales_order_ingestion to 2025-01-27 00:00:00+00:00, run_after=2025-01-28 00:00:00+00:00
[2025-01-27T11:01:02.567+0000] {processor.py:208} INFO - Processing /opt/airflow/dags/first.py took 0.276 seconds
[2025-01-27T11:01:36.132+0000] {processor.py:186} INFO - Started process (PID=707) to work on /opt/airflow/dags/first.py
[2025-01-27T11:01:36.139+0000] {processor.py:914} INFO - Processing file /opt/airflow/dags/first.py for tasks to queue
[2025-01-27T11:01:36.149+0000] {logging_mixin.py:190} INFO - [2025-01-27T11:01:36.148+0000] {dagbag.py:588} INFO - Filling up the DagBag from /opt/airflow/dags/first.py
[2025-01-27T11:01:36.266+0000] {processor.py:925} INFO - DAG(s) 'sales_order_ingestion' retrieved from /opt/airflow/dags/first.py
[2025-01-27T11:01:36.407+0000] {logging_mixin.py:190} INFO - [2025-01-27T11:01:36.407+0000] {dag.py:3239} INFO - Sync 1 DAGs
[2025-01-27T11:01:36.549+0000] {logging_mixin.py:190} INFO - [2025-01-27T11:01:36.549+0000] {dag.py:4180} INFO - Setting next_dagrun for sales_order_ingestion to 2025-01-27 00:00:00+00:00, run_after=2025-01-28 00:00:00+00:00
[2025-01-27T11:01:36.618+0000] {processor.py:208} INFO - Processing /opt/airflow/dags/first.py took 0.519 seconds
[2025-01-27T11:02:07.076+0000] {processor.py:186} INFO - Started process (PID=771) to work on /opt/airflow/dags/first.py
[2025-01-27T11:02:07.078+0000] {processor.py:914} INFO - Processing file /opt/airflow/dags/first.py for tasks to queue
[2025-01-27T11:02:07.083+0000] {logging_mixin.py:190} INFO - [2025-01-27T11:02:07.082+0000] {dagbag.py:588} INFO - Filling up the DagBag from /opt/airflow/dags/first.py
[2025-01-27T11:02:07.129+0000] {processor.py:925} INFO - DAG(s) 'sales_order_ingestion' retrieved from /opt/airflow/dags/first.py
[2025-01-27T11:02:07.166+0000] {logging_mixin.py:190} INFO - [2025-01-27T11:02:07.165+0000] {dag.py:3239} INFO - Sync 1 DAGs
[2025-01-27T11:02:07.227+0000] {logging_mixin.py:190} INFO - [2025-01-27T11:02:07.227+0000] {dag.py:4180} INFO - Setting next_dagrun for sales_order_ingestion to 2025-01-27 00:00:00+00:00, run_after=2025-01-28 00:00:00+00:00
[2025-01-27T11:02:07.277+0000] {processor.py:208} INFO - Processing /opt/airflow/dags/first.py took 0.214 seconds
[2025-01-27T11:02:38.045+0000] {processor.py:186} INFO - Started process (PID=832) to work on /opt/airflow/dags/first.py
[2025-01-27T11:02:38.052+0000] {processor.py:914} INFO - Processing file /opt/airflow/dags/first.py for tasks to queue
[2025-01-27T11:02:38.071+0000] {logging_mixin.py:190} INFO - [2025-01-27T11:02:38.068+0000] {dagbag.py:588} INFO - Filling up the DagBag from /opt/airflow/dags/first.py
[2025-01-27T11:02:38.135+0000] {processor.py:925} INFO - DAG(s) 'sales_order_ingestion' retrieved from /opt/airflow/dags/first.py
[2025-01-27T11:02:38.173+0000] {logging_mixin.py:190} INFO - [2025-01-27T11:02:38.172+0000] {dag.py:3239} INFO - Sync 1 DAGs
[2025-01-27T11:02:38.219+0000] {logging_mixin.py:190} INFO - [2025-01-27T11:02:38.218+0000] {dag.py:4180} INFO - Setting next_dagrun for sales_order_ingestion to 2025-01-27 00:00:00+00:00, run_after=2025-01-28 00:00:00+00:00
[2025-01-27T11:02:38.462+0000] {processor.py:208} INFO - Processing /opt/airflow/dags/first.py took 0.462 seconds
[2025-01-27T11:03:08.841+0000] {processor.py:186} INFO - Started process (PID=896) to work on /opt/airflow/dags/first.py
[2025-01-27T11:03:08.844+0000] {processor.py:914} INFO - Processing file /opt/airflow/dags/first.py for tasks to queue
[2025-01-27T11:03:08.850+0000] {logging_mixin.py:190} INFO - [2025-01-27T11:03:08.849+0000] {dagbag.py:588} INFO - Filling up the DagBag from /opt/airflow/dags/first.py
[2025-01-27T11:03:09.030+0000] {processor.py:925} INFO - DAG(s) 'sales_order_ingestion' retrieved from /opt/airflow/dags/first.py
[2025-01-27T11:03:09.136+0000] {logging_mixin.py:190} INFO - [2025-01-27T11:03:09.136+0000] {dag.py:3239} INFO - Sync 1 DAGs
[2025-01-27T11:03:09.212+0000] {logging_mixin.py:190} INFO - [2025-01-27T11:03:09.211+0000] {dag.py:4180} INFO - Setting next_dagrun for sales_order_ingestion to 2025-01-27 00:00:00+00:00, run_after=2025-01-28 00:00:00+00:00
[2025-01-27T11:03:09.267+0000] {processor.py:208} INFO - Processing /opt/airflow/dags/first.py took 0.442 seconds
[2025-01-27T11:03:39.757+0000] {processor.py:186} INFO - Started process (PID=959) to work on /opt/airflow/dags/first.py
[2025-01-27T11:03:39.766+0000] {processor.py:914} INFO - Processing file /opt/airflow/dags/first.py for tasks to queue
[2025-01-27T11:03:39.783+0000] {logging_mixin.py:190} INFO - [2025-01-27T11:03:39.782+0000] {dagbag.py:588} INFO - Filling up the DagBag from /opt/airflow/dags/first.py
[2025-01-27T11:03:39.909+0000] {processor.py:925} INFO - DAG(s) 'sales_order_ingestion' retrieved from /opt/airflow/dags/first.py
[2025-01-27T11:03:39.976+0000] {logging_mixin.py:190} INFO - [2025-01-27T11:03:39.975+0000] {dag.py:3239} INFO - Sync 1 DAGs
[2025-01-27T11:03:40.122+0000] {logging_mixin.py:190} INFO - [2025-01-27T11:03:40.122+0000] {dag.py:4180} INFO - Setting next_dagrun for sales_order_ingestion to 2025-01-27 00:00:00+00:00, run_after=2025-01-28 00:00:00+00:00
[2025-01-27T11:03:40.193+0000] {processor.py:208} INFO - Processing /opt/airflow/dags/first.py took 0.459 seconds
[2025-01-27T11:04:10.713+0000] {processor.py:186} INFO - Started process (PID=1023) to work on /opt/airflow/dags/first.py
[2025-01-27T11:04:10.740+0000] {processor.py:914} INFO - Processing file /opt/airflow/dags/first.py for tasks to queue
[2025-01-27T11:04:10.777+0000] {logging_mixin.py:190} INFO - [2025-01-27T11:04:10.772+0000] {dagbag.py:588} INFO - Filling up the DagBag from /opt/airflow/dags/first.py
[2025-01-27T11:04:12.058+0000] {processor.py:925} INFO - DAG(s) 'sales_order_ingestion' retrieved from /opt/airflow/dags/first.py
[2025-01-27T11:04:12.532+0000] {logging_mixin.py:190} INFO - [2025-01-27T11:04:12.532+0000] {dag.py:3239} INFO - Sync 1 DAGs
[2025-01-27T11:04:13.868+0000] {logging_mixin.py:190} INFO - [2025-01-27T11:04:13.867+0000] {dag.py:4180} INFO - Setting next_dagrun for sales_order_ingestion to 2025-01-27 00:00:00+00:00, run_after=2025-01-28 00:00:00+00:00
[2025-01-27T11:04:14.650+0000] {processor.py:208} INFO - Processing /opt/airflow/dags/first.py took 3.972 seconds
[2025-01-27T11:10:12.042+0000] {processor.py:186} INFO - Started process (PID=1097) to work on /opt/airflow/dags/first.py
[2025-01-27T11:10:12.081+0000] {processor.py:914} INFO - Processing file /opt/airflow/dags/first.py for tasks to queue
[2025-01-27T11:10:12.126+0000] {logging_mixin.py:190} INFO - [2025-01-27T11:10:12.125+0000] {dagbag.py:588} INFO - Filling up the DagBag from /opt/airflow/dags/first.py
[2025-01-27T11:10:12.411+0000] {processor.py:925} INFO - DAG(s) 'sales_order_ingestion' retrieved from /opt/airflow/dags/first.py
[2025-01-27T11:10:12.673+0000] {logging_mixin.py:190} INFO - [2025-01-27T11:10:12.672+0000] {dag.py:3239} INFO - Sync 1 DAGs
[2025-01-27T11:10:12.910+0000] {logging_mixin.py:190} INFO - [2025-01-27T11:10:12.909+0000] {dag.py:4180} INFO - Setting next_dagrun for sales_order_ingestion to 2025-01-27 00:00:00+00:00, run_after=2025-01-28 00:00:00+00:00
[2025-01-27T11:10:13.046+0000] {processor.py:208} INFO - Processing /opt/airflow/dags/first.py took 1.061 seconds
[2025-01-27T11:15:00.580+0000] {processor.py:186} INFO - Started process (PID=1141) to work on /opt/airflow/dags/first.py
[2025-01-27T11:15:00.583+0000] {processor.py:914} INFO - Processing file /opt/airflow/dags/first.py for tasks to queue
[2025-01-27T11:15:00.586+0000] {logging_mixin.py:190} INFO - [2025-01-27T11:15:00.585+0000] {dagbag.py:588} INFO - Filling up the DagBag from /opt/airflow/dags/first.py
[2025-01-27T11:15:00.645+0000] {processor.py:925} INFO - DAG(s) 'sales_order_ingestion' retrieved from /opt/airflow/dags/first.py
[2025-01-27T11:15:00.729+0000] {logging_mixin.py:190} INFO - [2025-01-27T11:15:00.728+0000] {dag.py:3239} INFO - Sync 1 DAGs
[2025-01-27T11:15:00.842+0000] {logging_mixin.py:190} INFO - [2025-01-27T11:15:00.841+0000] {dag.py:4180} INFO - Setting next_dagrun for sales_order_ingestion to 2025-01-27 00:00:00+00:00, run_after=2025-01-28 00:00:00+00:00
[2025-01-27T11:15:00.907+0000] {processor.py:208} INFO - Processing /opt/airflow/dags/first.py took 0.347 seconds
[2025-01-27T11:15:31.239+0000] {processor.py:186} INFO - Started process (PID=1205) to work on /opt/airflow/dags/first.py
[2025-01-27T11:15:31.241+0000] {processor.py:914} INFO - Processing file /opt/airflow/dags/first.py for tasks to queue
[2025-01-27T11:15:31.244+0000] {logging_mixin.py:190} INFO - [2025-01-27T11:15:31.244+0000] {dagbag.py:588} INFO - Filling up the DagBag from /opt/airflow/dags/first.py
[2025-01-27T11:15:31.292+0000] {processor.py:925} INFO - DAG(s) 'sales_order_ingestion' retrieved from /opt/airflow/dags/first.py
[2025-01-27T11:15:31.332+0000] {logging_mixin.py:190} INFO - [2025-01-27T11:15:31.331+0000] {dag.py:3239} INFO - Sync 1 DAGs
[2025-01-27T11:15:31.398+0000] {logging_mixin.py:190} INFO - [2025-01-27T11:15:31.397+0000] {dag.py:4180} INFO - Setting next_dagrun for sales_order_ingestion to 2025-01-27 00:00:00+00:00, run_after=2025-01-28 00:00:00+00:00
[2025-01-27T11:15:31.436+0000] {processor.py:208} INFO - Processing /opt/airflow/dags/first.py took 0.210 seconds
[2025-01-27T11:16:03.018+0000] {processor.py:186} INFO - Started process (PID=1264) to work on /opt/airflow/dags/first.py
[2025-01-27T11:16:03.048+0000] {processor.py:914} INFO - Processing file /opt/airflow/dags/first.py for tasks to queue
[2025-01-27T11:16:03.051+0000] {logging_mixin.py:190} INFO - [2025-01-27T11:16:03.050+0000] {dagbag.py:588} INFO - Filling up the DagBag from /opt/airflow/dags/first.py
[2025-01-27T11:16:03.526+0000] {processor.py:925} INFO - DAG(s) 'sales_order_ingestion' retrieved from /opt/airflow/dags/first.py
[2025-01-27T11:16:03.651+0000] {logging_mixin.py:190} INFO - [2025-01-27T11:16:03.650+0000] {dag.py:3239} INFO - Sync 1 DAGs
[2025-01-27T11:16:03.890+0000] {logging_mixin.py:190} INFO - [2025-01-27T11:16:03.889+0000] {dag.py:4180} INFO - Setting next_dagrun for sales_order_ingestion to 2025-01-27 00:00:00+00:00, run_after=2025-01-28 00:00:00+00:00
[2025-01-27T11:16:04.133+0000] {processor.py:208} INFO - Processing /opt/airflow/dags/first.py took 1.185 seconds
[2025-01-27T11:18:03.638+0000] {processor.py:186} INFO - Started process (PID=1299) to work on /opt/airflow/dags/first.py
[2025-01-27T11:18:03.649+0000] {processor.py:914} INFO - Processing file /opt/airflow/dags/first.py for tasks to queue
[2025-01-27T11:18:03.658+0000] {logging_mixin.py:190} INFO - [2025-01-27T11:18:03.657+0000] {dagbag.py:588} INFO - Filling up the DagBag from /opt/airflow/dags/first.py
[2025-01-27T11:18:03.956+0000] {processor.py:925} INFO - DAG(s) 'sales_order_ingestion' retrieved from /opt/airflow/dags/first.py
[2025-01-27T11:18:04.470+0000] {logging_mixin.py:190} INFO - [2025-01-27T11:18:04.469+0000] {dag.py:3239} INFO - Sync 1 DAGs
[2025-01-27T11:18:04.715+0000] {logging_mixin.py:190} INFO - [2025-01-27T11:18:04.715+0000] {dag.py:4180} INFO - Setting next_dagrun for sales_order_ingestion to 2025-01-27 00:00:00+00:00, run_after=2025-01-28 00:00:00+00:00
[2025-01-27T11:18:04.843+0000] {processor.py:208} INFO - Processing /opt/airflow/dags/first.py took 1.497 seconds
[2025-01-27T11:18:49.910+0000] {processor.py:186} INFO - Started process (PID=1367) to work on /opt/airflow/dags/first.py
[2025-01-27T11:18:49.923+0000] {processor.py:914} INFO - Processing file /opt/airflow/dags/first.py for tasks to queue
[2025-01-27T11:18:49.925+0000] {logging_mixin.py:190} INFO - [2025-01-27T11:18:49.924+0000] {dagbag.py:588} INFO - Filling up the DagBag from /opt/airflow/dags/first.py
[2025-01-27T11:18:50.023+0000] {processor.py:925} INFO - DAG(s) 'sales_order_ingestion' retrieved from /opt/airflow/dags/first.py
[2025-01-27T11:18:50.128+0000] {logging_mixin.py:190} INFO - [2025-01-27T11:18:50.127+0000] {dag.py:3239} INFO - Sync 1 DAGs
[2025-01-27T11:18:50.291+0000] {logging_mixin.py:190} INFO - [2025-01-27T11:18:50.291+0000] {dag.py:4180} INFO - Setting next_dagrun for sales_order_ingestion to 2025-01-27 00:00:00+00:00, run_after=2025-01-28 00:00:00+00:00
[2025-01-27T11:18:50.398+0000] {processor.py:208} INFO - Processing /opt/airflow/dags/first.py took 0.503 seconds
[2025-01-27T11:19:26.215+0000] {processor.py:186} INFO - Started process (PID=1420) to work on /opt/airflow/dags/first.py
[2025-01-27T11:19:26.218+0000] {processor.py:914} INFO - Processing file /opt/airflow/dags/first.py for tasks to queue
[2025-01-27T11:19:26.220+0000] {logging_mixin.py:190} INFO - [2025-01-27T11:19:26.220+0000] {dagbag.py:588} INFO - Filling up the DagBag from /opt/airflow/dags/first.py
[2025-01-27T11:19:26.266+0000] {processor.py:925} INFO - DAG(s) 'sales_order_ingestion' retrieved from /opt/airflow/dags/first.py
[2025-01-27T11:19:26.304+0000] {logging_mixin.py:190} INFO - [2025-01-27T11:19:26.303+0000] {dag.py:3239} INFO - Sync 1 DAGs
[2025-01-27T11:19:26.449+0000] {logging_mixin.py:190} INFO - [2025-01-27T11:19:26.449+0000] {dag.py:4180} INFO - Setting next_dagrun for sales_order_ingestion to 2025-01-27 00:00:00+00:00, run_after=2025-01-28 00:00:00+00:00
[2025-01-27T11:19:26.606+0000] {processor.py:208} INFO - Processing /opt/airflow/dags/first.py took 0.402 seconds
[2025-01-27T11:19:57.704+0000] {processor.py:186} INFO - Started process (PID=1483) to work on /opt/airflow/dags/first.py
[2025-01-27T11:19:57.710+0000] {processor.py:914} INFO - Processing file /opt/airflow/dags/first.py for tasks to queue
[2025-01-27T11:19:57.713+0000] {logging_mixin.py:190} INFO - [2025-01-27T11:19:57.712+0000] {dagbag.py:588} INFO - Filling up the DagBag from /opt/airflow/dags/first.py
[2025-01-27T11:19:57.782+0000] {processor.py:925} INFO - DAG(s) 'sales_order_ingestion' retrieved from /opt/airflow/dags/first.py
[2025-01-27T11:19:57.831+0000] {logging_mixin.py:190} INFO - [2025-01-27T11:19:57.830+0000] {dag.py:3239} INFO - Sync 1 DAGs
[2025-01-27T11:19:57.884+0000] {logging_mixin.py:190} INFO - [2025-01-27T11:19:57.884+0000] {dag.py:4180} INFO - Setting next_dagrun for sales_order_ingestion to 2025-01-27 00:00:00+00:00, run_after=2025-01-28 00:00:00+00:00
[2025-01-27T11:19:57.933+0000] {processor.py:208} INFO - Processing /opt/airflow/dags/first.py took 0.242 seconds
[2025-01-27T11:36:26.365+0000] {processor.py:186} INFO - Started process (PID=138) to work on /opt/airflow/dags/first.py
[2025-01-27T11:36:26.370+0000] {processor.py:914} INFO - Processing file /opt/airflow/dags/first.py for tasks to queue
[2025-01-27T11:36:26.393+0000] {logging_mixin.py:190} INFO - [2025-01-27T11:36:26.393+0000] {dagbag.py:588} INFO - Filling up the DagBag from /opt/airflow/dags/first.py
[2025-01-27T11:36:26.533+0000] {processor.py:925} INFO - DAG(s) 'sales_order_ingestion' retrieved from /opt/airflow/dags/first.py
[2025-01-27T11:36:27.621+0000] {logging_mixin.py:190} INFO - [2025-01-27T11:36:27.620+0000] {dag.py:3239} INFO - Sync 1 DAGs
[2025-01-27T11:36:28.310+0000] {logging_mixin.py:190} INFO - [2025-01-27T11:36:28.309+0000] {dag.py:4180} INFO - Setting next_dagrun for sales_order_ingestion to 2025-01-27 00:00:00+00:00, run_after=2025-01-28 00:00:00+00:00
[2025-01-27T11:36:28.479+0000] {processor.py:208} INFO - Processing /opt/airflow/dags/first.py took 2.138 seconds
[2025-01-27T11:37:57.624+0000] {processor.py:186} INFO - Started process (PID=207) to work on /opt/airflow/dags/first.py
[2025-01-27T11:37:57.628+0000] {processor.py:914} INFO - Processing file /opt/airflow/dags/first.py for tasks to queue
[2025-01-27T11:37:57.639+0000] {logging_mixin.py:190} INFO - [2025-01-27T11:37:57.638+0000] {dagbag.py:588} INFO - Filling up the DagBag from /opt/airflow/dags/first.py
[2025-01-27T11:37:57.753+0000] {processor.py:925} INFO - DAG(s) 'sales_order_ingestion' retrieved from /opt/airflow/dags/first.py
[2025-01-27T11:37:57.924+0000] {logging_mixin.py:190} INFO - [2025-01-27T11:37:57.923+0000] {dag.py:3239} INFO - Sync 1 DAGs
[2025-01-27T11:37:58.171+0000] {logging_mixin.py:190} INFO - [2025-01-27T11:37:58.170+0000] {dag.py:4180} INFO - Setting next_dagrun for sales_order_ingestion to 2025-01-27 00:00:00+00:00, run_after=2025-01-28 00:00:00+00:00
[2025-01-27T11:37:58.228+0000] {processor.py:208} INFO - Processing /opt/airflow/dags/first.py took 0.643 seconds
[2025-01-27T11:38:28.630+0000] {processor.py:186} INFO - Started process (PID=277) to work on /opt/airflow/dags/first.py
[2025-01-27T11:38:28.634+0000] {processor.py:914} INFO - Processing file /opt/airflow/dags/first.py for tasks to queue
[2025-01-27T11:38:28.642+0000] {logging_mixin.py:190} INFO - [2025-01-27T11:38:28.642+0000] {dagbag.py:588} INFO - Filling up the DagBag from /opt/airflow/dags/first.py
[2025-01-27T11:38:28.679+0000] {processor.py:925} INFO - DAG(s) 'sales_order_ingestion' retrieved from /opt/airflow/dags/first.py
[2025-01-27T11:38:28.730+0000] {logging_mixin.py:190} INFO - [2025-01-27T11:38:28.729+0000] {dag.py:3239} INFO - Sync 1 DAGs
[2025-01-27T11:38:28.814+0000] {logging_mixin.py:190} INFO - [2025-01-27T11:38:28.813+0000] {dag.py:4180} INFO - Setting next_dagrun for sales_order_ingestion to 2025-01-27 00:00:00+00:00, run_after=2025-01-28 00:00:00+00:00
[2025-01-27T11:38:28.855+0000] {processor.py:208} INFO - Processing /opt/airflow/dags/first.py took 0.241 seconds
[2025-01-27T11:38:59.259+0000] {processor.py:186} INFO - Started process (PID=342) to work on /opt/airflow/dags/first.py
[2025-01-27T11:38:59.261+0000] {processor.py:914} INFO - Processing file /opt/airflow/dags/first.py for tasks to queue
[2025-01-27T11:38:59.266+0000] {logging_mixin.py:190} INFO - [2025-01-27T11:38:59.266+0000] {dagbag.py:588} INFO - Filling up the DagBag from /opt/airflow/dags/first.py
[2025-01-27T11:38:59.310+0000] {processor.py:925} INFO - DAG(s) 'sales_order_ingestion' retrieved from /opt/airflow/dags/first.py
[2025-01-27T11:38:59.365+0000] {logging_mixin.py:190} INFO - [2025-01-27T11:38:59.364+0000] {dag.py:3239} INFO - Sync 1 DAGs
[2025-01-27T11:38:59.443+0000] {logging_mixin.py:190} INFO - [2025-01-27T11:38:59.443+0000] {dag.py:4180} INFO - Setting next_dagrun for sales_order_ingestion to 2025-01-27 00:00:00+00:00, run_after=2025-01-28 00:00:00+00:00
[2025-01-27T11:38:59.494+0000] {processor.py:208} INFO - Processing /opt/airflow/dags/first.py took 0.248 seconds
[2025-01-27T11:39:29.567+0000] {processor.py:186} INFO - Started process (PID=405) to work on /opt/airflow/dags/first.py
[2025-01-27T11:39:29.569+0000] {processor.py:914} INFO - Processing file /opt/airflow/dags/first.py for tasks to queue
[2025-01-27T11:39:29.573+0000] {logging_mixin.py:190} INFO - [2025-01-27T11:39:29.573+0000] {dagbag.py:588} INFO - Filling up the DagBag from /opt/airflow/dags/first.py
[2025-01-27T11:39:29.613+0000] {processor.py:925} INFO - DAG(s) 'sales_order_ingestion' retrieved from /opt/airflow/dags/first.py
[2025-01-27T11:39:29.646+0000] {logging_mixin.py:190} INFO - [2025-01-27T11:39:29.645+0000] {dag.py:3239} INFO - Sync 1 DAGs
[2025-01-27T11:39:29.689+0000] {logging_mixin.py:190} INFO - [2025-01-27T11:39:29.689+0000] {dag.py:4180} INFO - Setting next_dagrun for sales_order_ingestion to 2025-01-27 00:00:00+00:00, run_after=2025-01-28 00:00:00+00:00
[2025-01-27T11:39:29.722+0000] {processor.py:208} INFO - Processing /opt/airflow/dags/first.py took 0.166 seconds
[2025-01-27T11:40:00.464+0000] {processor.py:186} INFO - Started process (PID=470) to work on /opt/airflow/dags/first.py
[2025-01-27T11:40:00.466+0000] {processor.py:914} INFO - Processing file /opt/airflow/dags/first.py for tasks to queue
[2025-01-27T11:40:00.472+0000] {logging_mixin.py:190} INFO - [2025-01-27T11:40:00.472+0000] {dagbag.py:588} INFO - Filling up the DagBag from /opt/airflow/dags/first.py
[2025-01-27T11:40:00.509+0000] {processor.py:925} INFO - DAG(s) 'sales_order_ingestion' retrieved from /opt/airflow/dags/first.py
[2025-01-27T11:40:00.542+0000] {logging_mixin.py:190} INFO - [2025-01-27T11:40:00.542+0000] {dag.py:3239} INFO - Sync 1 DAGs
[2025-01-27T11:40:00.582+0000] {logging_mixin.py:190} INFO - [2025-01-27T11:40:00.582+0000] {dag.py:4180} INFO - Setting next_dagrun for sales_order_ingestion to 2025-01-27 00:00:00+00:00, run_after=2025-01-28 00:00:00+00:00
[2025-01-27T11:40:00.616+0000] {processor.py:208} INFO - Processing /opt/airflow/dags/first.py took 0.166 seconds
[2025-01-27T11:40:31.201+0000] {processor.py:186} INFO - Started process (PID=535) to work on /opt/airflow/dags/first.py
[2025-01-27T11:40:31.209+0000] {processor.py:914} INFO - Processing file /opt/airflow/dags/first.py for tasks to queue
[2025-01-27T11:40:31.219+0000] {logging_mixin.py:190} INFO - [2025-01-27T11:40:31.218+0000] {dagbag.py:588} INFO - Filling up the DagBag from /opt/airflow/dags/first.py
[2025-01-27T11:40:31.280+0000] {processor.py:925} INFO - DAG(s) 'sales_order_ingestion' retrieved from /opt/airflow/dags/first.py
[2025-01-27T11:40:31.325+0000] {logging_mixin.py:190} INFO - [2025-01-27T11:40:31.324+0000] {dag.py:3239} INFO - Sync 1 DAGs
[2025-01-27T11:40:31.383+0000] {logging_mixin.py:190} INFO - [2025-01-27T11:40:31.383+0000] {dag.py:4180} INFO - Setting next_dagrun for sales_order_ingestion to 2025-01-27 00:00:00+00:00, run_after=2025-01-28 00:00:00+00:00
[2025-01-27T11:40:31.444+0000] {processor.py:208} INFO - Processing /opt/airflow/dags/first.py took 0.277 seconds
[2025-01-27T11:41:01.541+0000] {processor.py:186} INFO - Started process (PID=599) to work on /opt/airflow/dags/first.py
[2025-01-27T11:41:01.543+0000] {processor.py:914} INFO - Processing file /opt/airflow/dags/first.py for tasks to queue
[2025-01-27T11:41:01.547+0000] {logging_mixin.py:190} INFO - [2025-01-27T11:41:01.546+0000] {dagbag.py:588} INFO - Filling up the DagBag from /opt/airflow/dags/first.py
[2025-01-27T11:41:01.586+0000] {processor.py:925} INFO - DAG(s) 'sales_order_ingestion' retrieved from /opt/airflow/dags/first.py
[2025-01-27T11:41:01.619+0000] {logging_mixin.py:190} INFO - [2025-01-27T11:41:01.619+0000] {dag.py:3239} INFO - Sync 1 DAGs
[2025-01-27T11:41:01.670+0000] {logging_mixin.py:190} INFO - [2025-01-27T11:41:01.670+0000] {dag.py:4180} INFO - Setting next_dagrun for sales_order_ingestion to 2025-01-27 00:00:00+00:00, run_after=2025-01-28 00:00:00+00:00
[2025-01-27T11:41:01.706+0000] {processor.py:208} INFO - Processing /opt/airflow/dags/first.py took 0.177 seconds
[2025-01-27T11:41:32.640+0000] {processor.py:186} INFO - Started process (PID=663) to work on /opt/airflow/dags/first.py
[2025-01-27T11:41:32.644+0000] {processor.py:914} INFO - Processing file /opt/airflow/dags/first.py for tasks to queue
[2025-01-27T11:41:32.652+0000] {logging_mixin.py:190} INFO - [2025-01-27T11:41:32.652+0000] {dagbag.py:588} INFO - Filling up the DagBag from /opt/airflow/dags/first.py
[2025-01-27T11:41:32.691+0000] {processor.py:925} INFO - DAG(s) 'sales_order_ingestion' retrieved from /opt/airflow/dags/first.py
[2025-01-27T11:41:32.735+0000] {logging_mixin.py:190} INFO - [2025-01-27T11:41:32.734+0000] {dag.py:3239} INFO - Sync 1 DAGs
[2025-01-27T11:41:32.794+0000] {logging_mixin.py:190} INFO - [2025-01-27T11:41:32.793+0000] {dag.py:4180} INFO - Setting next_dagrun for sales_order_ingestion to 2025-01-27 00:00:00+00:00, run_after=2025-01-28 00:00:00+00:00
[2025-01-27T11:41:32.823+0000] {processor.py:208} INFO - Processing /opt/airflow/dags/first.py took 0.206 seconds
[2025-01-27T11:42:03.745+0000] {processor.py:186} INFO - Started process (PID=727) to work on /opt/airflow/dags/first.py
[2025-01-27T11:42:03.747+0000] {processor.py:914} INFO - Processing file /opt/airflow/dags/first.py for tasks to queue
[2025-01-27T11:42:03.752+0000] {logging_mixin.py:190} INFO - [2025-01-27T11:42:03.752+0000] {dagbag.py:588} INFO - Filling up the DagBag from /opt/airflow/dags/first.py
[2025-01-27T11:42:03.795+0000] {processor.py:925} INFO - DAG(s) 'sales_order_ingestion' retrieved from /opt/airflow/dags/first.py
[2025-01-27T11:42:03.826+0000] {logging_mixin.py:190} INFO - [2025-01-27T11:42:03.825+0000] {dag.py:3239} INFO - Sync 1 DAGs
[2025-01-27T11:42:03.865+0000] {logging_mixin.py:190} INFO - [2025-01-27T11:42:03.865+0000] {dag.py:4180} INFO - Setting next_dagrun for sales_order_ingestion to 2025-01-27 00:00:00+00:00, run_after=2025-01-28 00:00:00+00:00
[2025-01-27T11:42:03.899+0000] {processor.py:208} INFO - Processing /opt/airflow/dags/first.py took 0.169 seconds
[2025-01-27T11:42:34.699+0000] {processor.py:186} INFO - Started process (PID=792) to work on /opt/airflow/dags/first.py
[2025-01-27T11:42:34.701+0000] {processor.py:914} INFO - Processing file /opt/airflow/dags/first.py for tasks to queue
[2025-01-27T11:42:34.705+0000] {logging_mixin.py:190} INFO - [2025-01-27T11:42:34.704+0000] {dagbag.py:588} INFO - Filling up the DagBag from /opt/airflow/dags/first.py
[2025-01-27T11:42:34.749+0000] {processor.py:925} INFO - DAG(s) 'sales_order_ingestion' retrieved from /opt/airflow/dags/first.py
[2025-01-27T11:42:34.779+0000] {logging_mixin.py:190} INFO - [2025-01-27T11:42:34.779+0000] {dag.py:3239} INFO - Sync 1 DAGs
[2025-01-27T11:42:34.815+0000] {logging_mixin.py:190} INFO - [2025-01-27T11:42:34.814+0000] {dag.py:4180} INFO - Setting next_dagrun for sales_order_ingestion to 2025-01-27 00:00:00+00:00, run_after=2025-01-28 00:00:00+00:00
[2025-01-27T11:42:34.848+0000] {processor.py:208} INFO - Processing /opt/airflow/dags/first.py took 0.161 seconds
[2025-01-27T11:43:06.708+0000] {processor.py:186} INFO - Started process (PID=857) to work on /opt/airflow/dags/first.py
[2025-01-27T11:43:06.710+0000] {processor.py:914} INFO - Processing file /opt/airflow/dags/first.py for tasks to queue
[2025-01-27T11:43:06.715+0000] {logging_mixin.py:190} INFO - [2025-01-27T11:43:06.714+0000] {dagbag.py:588} INFO - Filling up the DagBag from /opt/airflow/dags/first.py
[2025-01-27T11:43:06.759+0000] {processor.py:925} INFO - DAG(s) 'sales_order_ingestion' retrieved from /opt/airflow/dags/first.py
[2025-01-27T11:43:06.792+0000] {logging_mixin.py:190} INFO - [2025-01-27T11:43:06.792+0000] {dag.py:3239} INFO - Sync 1 DAGs
[2025-01-27T11:43:06.870+0000] {logging_mixin.py:190} INFO - [2025-01-27T11:43:06.870+0000] {dag.py:4180} INFO - Setting next_dagrun for sales_order_ingestion to 2025-01-27 00:00:00+00:00, run_after=2025-01-28 00:00:00+00:00
[2025-01-27T11:43:06.908+0000] {processor.py:208} INFO - Processing /opt/airflow/dags/first.py took 0.215 seconds
[2025-01-27T11:43:40.686+0000] {processor.py:186} INFO - Started process (PID=892) to work on /opt/airflow/dags/first.py
[2025-01-27T11:43:40.690+0000] {processor.py:914} INFO - Processing file /opt/airflow/dags/first.py for tasks to queue
[2025-01-27T11:43:40.706+0000] {logging_mixin.py:190} INFO - [2025-01-27T11:43:40.705+0000] {dagbag.py:588} INFO - Filling up the DagBag from /opt/airflow/dags/first.py
[2025-01-27T11:43:40.913+0000] {processor.py:925} INFO - DAG(s) 'sales_order_ingestion' retrieved from /opt/airflow/dags/first.py
[2025-01-27T11:43:41.138+0000] {logging_mixin.py:190} INFO - [2025-01-27T11:43:41.138+0000] {dag.py:3239} INFO - Sync 1 DAGs
[2025-01-27T11:43:41.379+0000] {logging_mixin.py:190} INFO - [2025-01-27T11:43:41.378+0000] {dag.py:4180} INFO - Setting next_dagrun for sales_order_ingestion to 2025-01-27 00:00:00+00:00, run_after=2025-01-28 00:00:00+00:00
[2025-01-27T11:43:41.451+0000] {processor.py:208} INFO - Processing /opt/airflow/dags/first.py took 0.930 seconds
[2025-01-27T11:44:12.091+0000] {processor.py:186} INFO - Started process (PID=956) to work on /opt/airflow/dags/first.py
[2025-01-27T11:44:12.094+0000] {processor.py:914} INFO - Processing file /opt/airflow/dags/first.py for tasks to queue
[2025-01-27T11:44:12.099+0000] {logging_mixin.py:190} INFO - [2025-01-27T11:44:12.098+0000] {dagbag.py:588} INFO - Filling up the DagBag from /opt/airflow/dags/first.py
[2025-01-27T11:44:12.144+0000] {processor.py:925} INFO - DAG(s) 'sales_order_ingestion' retrieved from /opt/airflow/dags/first.py
[2025-01-27T11:44:12.193+0000] {logging_mixin.py:190} INFO - [2025-01-27T11:44:12.192+0000] {dag.py:3239} INFO - Sync 1 DAGs
[2025-01-27T11:44:12.269+0000] {logging_mixin.py:190} INFO - [2025-01-27T11:44:12.269+0000] {dag.py:4180} INFO - Setting next_dagrun for sales_order_ingestion to 2025-01-27 00:00:00+00:00, run_after=2025-01-28 00:00:00+00:00
[2025-01-27T11:44:12.312+0000] {processor.py:208} INFO - Processing /opt/airflow/dags/first.py took 0.233 seconds
[2025-01-27T11:44:43.086+0000] {processor.py:186} INFO - Started process (PID=1020) to work on /opt/airflow/dags/first.py
[2025-01-27T11:44:43.087+0000] {processor.py:914} INFO - Processing file /opt/airflow/dags/first.py for tasks to queue
[2025-01-27T11:44:43.091+0000] {logging_mixin.py:190} INFO - [2025-01-27T11:44:43.090+0000] {dagbag.py:588} INFO - Filling up the DagBag from /opt/airflow/dags/first.py
[2025-01-27T11:44:43.147+0000] {processor.py:925} INFO - DAG(s) 'sales_order_ingestion' retrieved from /opt/airflow/dags/first.py
[2025-01-27T11:44:43.177+0000] {logging_mixin.py:190} INFO - [2025-01-27T11:44:43.176+0000] {dag.py:3239} INFO - Sync 1 DAGs
[2025-01-27T11:44:43.226+0000] {logging_mixin.py:190} INFO - [2025-01-27T11:44:43.226+0000] {dag.py:4180} INFO - Setting next_dagrun for sales_order_ingestion to 2025-01-27 00:00:00+00:00, run_after=2025-01-28 00:00:00+00:00
[2025-01-27T11:44:43.261+0000] {processor.py:208} INFO - Processing /opt/airflow/dags/first.py took 0.185 seconds
[2025-01-27T11:45:13.883+0000] {processor.py:186} INFO - Started process (PID=1084) to work on /opt/airflow/dags/first.py
[2025-01-27T11:45:13.885+0000] {processor.py:914} INFO - Processing file /opt/airflow/dags/first.py for tasks to queue
[2025-01-27T11:45:13.891+0000] {logging_mixin.py:190} INFO - [2025-01-27T11:45:13.890+0000] {dagbag.py:588} INFO - Filling up the DagBag from /opt/airflow/dags/first.py
[2025-01-27T11:45:13.936+0000] {processor.py:925} INFO - DAG(s) 'sales_order_ingestion' retrieved from /opt/airflow/dags/first.py
[2025-01-27T11:45:13.975+0000] {logging_mixin.py:190} INFO - [2025-01-27T11:45:13.975+0000] {dag.py:3239} INFO - Sync 1 DAGs
[2025-01-27T11:45:14.028+0000] {logging_mixin.py:190} INFO - [2025-01-27T11:45:14.027+0000] {dag.py:4180} INFO - Setting next_dagrun for sales_order_ingestion to 2025-01-27 00:00:00+00:00, run_after=2025-01-28 00:00:00+00:00
[2025-01-27T11:45:14.617+0000] {processor.py:208} INFO - Processing /opt/airflow/dags/first.py took 0.744 seconds
[2025-01-27T11:45:45.264+0000] {processor.py:186} INFO - Started process (PID=1148) to work on /opt/airflow/dags/first.py
[2025-01-27T11:45:45.266+0000] {processor.py:914} INFO - Processing file /opt/airflow/dags/first.py for tasks to queue
[2025-01-27T11:45:45.270+0000] {logging_mixin.py:190} INFO - [2025-01-27T11:45:45.270+0000] {dagbag.py:588} INFO - Filling up the DagBag from /opt/airflow/dags/first.py
[2025-01-27T11:45:45.314+0000] {processor.py:925} INFO - DAG(s) 'sales_order_ingestion' retrieved from /opt/airflow/dags/first.py
[2025-01-27T11:45:45.342+0000] {logging_mixin.py:190} INFO - [2025-01-27T11:45:45.342+0000] {dag.py:3239} INFO - Sync 1 DAGs
[2025-01-27T11:45:45.385+0000] {logging_mixin.py:190} INFO - [2025-01-27T11:45:45.385+0000] {dag.py:4180} INFO - Setting next_dagrun for sales_order_ingestion to 2025-01-27 00:00:00+00:00, run_after=2025-01-28 00:00:00+00:00
[2025-01-27T11:45:45.417+0000] {processor.py:208} INFO - Processing /opt/airflow/dags/first.py took 0.165 seconds
[2025-01-27T11:46:15.572+0000] {processor.py:186} INFO - Started process (PID=1212) to work on /opt/airflow/dags/first.py
[2025-01-27T11:46:15.574+0000] {processor.py:914} INFO - Processing file /opt/airflow/dags/first.py for tasks to queue
[2025-01-27T11:46:15.580+0000] {logging_mixin.py:190} INFO - [2025-01-27T11:46:15.579+0000] {dagbag.py:588} INFO - Filling up the DagBag from /opt/airflow/dags/first.py
[2025-01-27T11:46:15.617+0000] {processor.py:925} INFO - DAG(s) 'sales_order_ingestion' retrieved from /opt/airflow/dags/first.py
[2025-01-27T11:46:15.652+0000] {logging_mixin.py:190} INFO - [2025-01-27T11:46:15.651+0000] {dag.py:3239} INFO - Sync 1 DAGs
[2025-01-27T11:46:15.693+0000] {logging_mixin.py:190} INFO - [2025-01-27T11:46:15.693+0000] {dag.py:4180} INFO - Setting next_dagrun for sales_order_ingestion to 2025-01-27 00:00:00+00:00, run_after=2025-01-28 00:00:00+00:00
[2025-01-27T11:46:15.725+0000] {processor.py:208} INFO - Processing /opt/airflow/dags/first.py took 0.167 seconds
[2025-01-27T11:46:46.174+0000] {processor.py:186} INFO - Started process (PID=1276) to work on /opt/airflow/dags/first.py
[2025-01-27T11:46:46.176+0000] {processor.py:914} INFO - Processing file /opt/airflow/dags/first.py for tasks to queue
[2025-01-27T11:46:46.185+0000] {logging_mixin.py:190} INFO - [2025-01-27T11:46:46.184+0000] {dagbag.py:588} INFO - Filling up the DagBag from /opt/airflow/dags/first.py
[2025-01-27T11:46:46.225+0000] {processor.py:925} INFO - DAG(s) 'sales_order_ingestion' retrieved from /opt/airflow/dags/first.py
[2025-01-27T11:46:46.268+0000] {logging_mixin.py:190} INFO - [2025-01-27T11:46:46.267+0000] {dag.py:3239} INFO - Sync 1 DAGs
[2025-01-27T11:46:46.318+0000] {logging_mixin.py:190} INFO - [2025-01-27T11:46:46.318+0000] {dag.py:4180} INFO - Setting next_dagrun for sales_order_ingestion to 2025-01-27 00:00:00+00:00, run_after=2025-01-28 00:00:00+00:00
[2025-01-27T11:46:46.361+0000] {processor.py:208} INFO - Processing /opt/airflow/dags/first.py took 0.204 seconds
[2025-01-27T11:47:16.591+0000] {processor.py:186} INFO - Started process (PID=1339) to work on /opt/airflow/dags/first.py
[2025-01-27T11:47:16.593+0000] {processor.py:914} INFO - Processing file /opt/airflow/dags/first.py for tasks to queue
[2025-01-27T11:47:16.599+0000] {logging_mixin.py:190} INFO - [2025-01-27T11:47:16.598+0000] {dagbag.py:588} INFO - Filling up the DagBag from /opt/airflow/dags/first.py
[2025-01-27T11:47:16.648+0000] {processor.py:925} INFO - DAG(s) 'sales_order_ingestion' retrieved from /opt/airflow/dags/first.py
[2025-01-27T11:47:16.691+0000] {logging_mixin.py:190} INFO - [2025-01-27T11:47:16.690+0000] {dag.py:3239} INFO - Sync 1 DAGs
[2025-01-27T11:47:16.748+0000] {logging_mixin.py:190} INFO - [2025-01-27T11:47:16.748+0000] {dag.py:4180} INFO - Setting next_dagrun for sales_order_ingestion to 2025-01-27 00:00:00+00:00, run_after=2025-01-28 00:00:00+00:00
[2025-01-27T11:47:16.788+0000] {processor.py:208} INFO - Processing /opt/airflow/dags/first.py took 0.210 seconds
[2025-01-27T11:47:47.231+0000] {processor.py:186} INFO - Started process (PID=1403) to work on /opt/airflow/dags/first.py
[2025-01-27T11:47:47.233+0000] {processor.py:914} INFO - Processing file /opt/airflow/dags/first.py for tasks to queue
[2025-01-27T11:47:47.238+0000] {logging_mixin.py:190} INFO - [2025-01-27T11:47:47.237+0000] {dagbag.py:588} INFO - Filling up the DagBag from /opt/airflow/dags/first.py
[2025-01-27T11:47:47.278+0000] {processor.py:925} INFO - DAG(s) 'sales_order_ingestion' retrieved from /opt/airflow/dags/first.py
[2025-01-27T11:47:47.305+0000] {logging_mixin.py:190} INFO - [2025-01-27T11:47:47.305+0000] {dag.py:3239} INFO - Sync 1 DAGs
[2025-01-27T11:47:47.343+0000] {logging_mixin.py:190} INFO - [2025-01-27T11:47:47.342+0000] {dag.py:4180} INFO - Setting next_dagrun for sales_order_ingestion to 2025-01-27 00:00:00+00:00, run_after=2025-01-28 00:00:00+00:00
[2025-01-27T11:47:47.372+0000] {processor.py:208} INFO - Processing /opt/airflow/dags/first.py took 0.152 seconds
[2025-01-27T11:48:17.700+0000] {processor.py:186} INFO - Started process (PID=1467) to work on /opt/airflow/dags/first.py
[2025-01-27T11:48:17.702+0000] {processor.py:914} INFO - Processing file /opt/airflow/dags/first.py for tasks to queue
[2025-01-27T11:48:17.706+0000] {logging_mixin.py:190} INFO - [2025-01-27T11:48:17.706+0000] {dagbag.py:588} INFO - Filling up the DagBag from /opt/airflow/dags/first.py
[2025-01-27T11:48:17.746+0000] {processor.py:925} INFO - DAG(s) 'sales_order_ingestion' retrieved from /opt/airflow/dags/first.py
[2025-01-27T11:48:17.775+0000] {logging_mixin.py:190} INFO - [2025-01-27T11:48:17.775+0000] {dag.py:3239} INFO - Sync 1 DAGs
[2025-01-27T11:48:17.814+0000] {logging_mixin.py:190} INFO - [2025-01-27T11:48:17.813+0000] {dag.py:4180} INFO - Setting next_dagrun for sales_order_ingestion to 2025-01-27 00:00:00+00:00, run_after=2025-01-28 00:00:00+00:00
[2025-01-27T11:48:17.845+0000] {processor.py:208} INFO - Processing /opt/airflow/dags/first.py took 0.158 seconds
[2025-01-27T11:48:48.017+0000] {processor.py:186} INFO - Started process (PID=1531) to work on /opt/airflow/dags/first.py
[2025-01-27T11:48:48.018+0000] {processor.py:914} INFO - Processing file /opt/airflow/dags/first.py for tasks to queue
[2025-01-27T11:48:48.022+0000] {logging_mixin.py:190} INFO - [2025-01-27T11:48:48.022+0000] {dagbag.py:588} INFO - Filling up the DagBag from /opt/airflow/dags/first.py
[2025-01-27T11:48:48.063+0000] {processor.py:925} INFO - DAG(s) 'sales_order_ingestion' retrieved from /opt/airflow/dags/first.py
[2025-01-27T11:48:48.096+0000] {logging_mixin.py:190} INFO - [2025-01-27T11:48:48.096+0000] {dag.py:3239} INFO - Sync 1 DAGs
[2025-01-27T11:48:48.133+0000] {logging_mixin.py:190} INFO - [2025-01-27T11:48:48.133+0000] {dag.py:4180} INFO - Setting next_dagrun for sales_order_ingestion to 2025-01-27 00:00:00+00:00, run_after=2025-01-28 00:00:00+00:00
[2025-01-27T11:48:48.164+0000] {processor.py:208} INFO - Processing /opt/airflow/dags/first.py took 0.159 seconds
[2025-01-27T11:49:18.936+0000] {processor.py:186} INFO - Started process (PID=1595) to work on /opt/airflow/dags/first.py
[2025-01-27T11:49:18.941+0000] {processor.py:914} INFO - Processing file /opt/airflow/dags/first.py for tasks to queue
[2025-01-27T11:49:18.948+0000] {logging_mixin.py:190} INFO - [2025-01-27T11:49:18.947+0000] {dagbag.py:588} INFO - Filling up the DagBag from /opt/airflow/dags/first.py
[2025-01-27T11:49:19.008+0000] {processor.py:925} INFO - DAG(s) 'sales_order_ingestion' retrieved from /opt/airflow/dags/first.py
[2025-01-27T11:49:19.082+0000] {logging_mixin.py:190} INFO - [2025-01-27T11:49:19.082+0000] {dag.py:3239} INFO - Sync 1 DAGs
[2025-01-27T11:49:19.140+0000] {logging_mixin.py:190} INFO - [2025-01-27T11:49:19.140+0000] {dag.py:4180} INFO - Setting next_dagrun for sales_order_ingestion to 2025-01-27 00:00:00+00:00, run_after=2025-01-28 00:00:00+00:00
[2025-01-27T11:49:19.185+0000] {processor.py:208} INFO - Processing /opt/airflow/dags/first.py took 0.265 seconds
[2025-01-27T11:49:49.566+0000] {processor.py:186} INFO - Started process (PID=1660) to work on /opt/airflow/dags/first.py
[2025-01-27T11:49:49.568+0000] {processor.py:914} INFO - Processing file /opt/airflow/dags/first.py for tasks to queue
[2025-01-27T11:49:49.572+0000] {logging_mixin.py:190} INFO - [2025-01-27T11:49:49.572+0000] {dagbag.py:588} INFO - Filling up the DagBag from /opt/airflow/dags/first.py
[2025-01-27T11:49:49.611+0000] {processor.py:925} INFO - DAG(s) 'sales_order_ingestion' retrieved from /opt/airflow/dags/first.py
[2025-01-27T11:49:49.645+0000] {logging_mixin.py:190} INFO - [2025-01-27T11:49:49.645+0000] {dag.py:3239} INFO - Sync 1 DAGs
[2025-01-27T11:49:49.691+0000] {logging_mixin.py:190} INFO - [2025-01-27T11:49:49.690+0000] {dag.py:4180} INFO - Setting next_dagrun for sales_order_ingestion to 2025-01-27 00:00:00+00:00, run_after=2025-01-28 00:00:00+00:00
[2025-01-27T11:49:49.725+0000] {processor.py:208} INFO - Processing /opt/airflow/dags/first.py took 0.172 seconds
[2025-01-27T11:50:20.593+0000] {processor.py:186} INFO - Started process (PID=1724) to work on /opt/airflow/dags/first.py
[2025-01-27T11:50:20.614+0000] {processor.py:914} INFO - Processing file /opt/airflow/dags/first.py for tasks to queue
[2025-01-27T11:50:20.620+0000] {logging_mixin.py:190} INFO - [2025-01-27T11:50:20.619+0000] {dagbag.py:588} INFO - Filling up the DagBag from /opt/airflow/dags/first.py
[2025-01-27T11:50:20.691+0000] {processor.py:925} INFO - DAG(s) 'sales_order_ingestion' retrieved from /opt/airflow/dags/first.py
[2025-01-27T11:50:20.848+0000] {logging_mixin.py:190} INFO - [2025-01-27T11:50:20.847+0000] {dag.py:3239} INFO - Sync 1 DAGs
[2025-01-27T11:50:20.965+0000] {logging_mixin.py:190} INFO - [2025-01-27T11:50:20.962+0000] {dag.py:4180} INFO - Setting next_dagrun for sales_order_ingestion to 2025-01-27 00:00:00+00:00, run_after=2025-01-28 00:00:00+00:00
[2025-01-27T11:50:21.014+0000] {processor.py:208} INFO - Processing /opt/airflow/dags/first.py took 0.435 seconds
