[2025-01-27T13:43:39.608+0000] {local_task_job_runner.py:123} INFO - ::group::Pre task execution logs
[2025-01-27T13:43:39.621+0000] {taskinstance.py:2613} INFO - Dependencies all met for dep_context=non-requeueable deps ti=<TaskInstance: sales_order_ingestion.ingest_sales_order_data manual__2025-01-27T13:43:04.204787+00:00 [queued]>
[2025-01-27T13:43:39.629+0000] {taskinstance.py:2613} INFO - Dependencies all met for dep_context=requeueable deps ti=<TaskInstance: sales_order_ingestion.ingest_sales_order_data manual__2025-01-27T13:43:04.204787+00:00 [queued]>
[2025-01-27T13:43:39.629+0000] {taskinstance.py:2866} INFO - Starting attempt 2 of 3
[2025-01-27T13:43:39.655+0000] {taskinstance.py:2889} INFO - Executing <Task(PythonOperator): ingest_sales_order_data> on 2025-01-27 13:43:04.204787+00:00
[2025-01-27T13:43:39.662+0000] {warnings.py:112} WARNING - /home/***/.local/lib/python3.12/site-packages/***/task/task_runner/standard_task_runner.py:70: DeprecationWarning: This process (pid=1361) is multi-threaded, use of fork() may lead to deadlocks in the child.
  pid = os.fork()

[2025-01-27T13:43:39.663+0000] {standard_task_runner.py:72} INFO - Started process 1382 to run task
[2025-01-27T13:43:39.663+0000] {standard_task_runner.py:104} INFO - Running: ['***', 'tasks', 'run', 'sales_order_ingestion', 'ingest_sales_order_data', 'manual__2025-01-27T13:43:04.204787+00:00', '--job-id', '13', '--raw', '--subdir', 'DAGS_FOLDER/first.py', '--cfg-path', '/tmp/tmp7e_1dz5x']
[2025-01-27T13:43:39.664+0000] {standard_task_runner.py:105} INFO - Job 13: Subtask ingest_sales_order_data
[2025-01-27T13:43:39.734+0000] {task_command.py:467} INFO - Running <TaskInstance: sales_order_ingestion.ingest_sales_order_data manual__2025-01-27T13:43:04.204787+00:00 [running]> on host 7f1a1600171e
[2025-01-27T13:43:39.855+0000] {taskinstance.py:3132} INFO - Exporting env vars: AIRFLOW_CTX_DAG_OWNER='***' AIRFLOW_CTX_DAG_ID='sales_order_ingestion' AIRFLOW_CTX_TASK_ID='ingest_sales_order_data' AIRFLOW_CTX_EXECUTION_DATE='2025-01-27T13:43:04.204787+00:00' AIRFLOW_CTX_TRY_NUMBER='2' AIRFLOW_CTX_DAG_RUN_ID='manual__2025-01-27T13:43:04.204787+00:00'
[2025-01-27T13:43:39.856+0000] {logging_mixin.py:190} INFO - Task instance is in running state
[2025-01-27T13:43:39.856+0000] {logging_mixin.py:190} INFO -  Previous state of the Task instance: queued
[2025-01-27T13:43:39.856+0000] {logging_mixin.py:190} INFO - Current task name:ingest_sales_order_data state:running start_date:2025-01-27 13:43:39.621501+00:00
[2025-01-27T13:43:39.856+0000] {logging_mixin.py:190} INFO - Dag name:sales_order_ingestion and current dag run status:running
[2025-01-27T13:43:39.857+0000] {taskinstance.py:731} INFO - ::endgroup::
[2025-01-27T13:43:40.811+0000] {logging_mixin.py:190} INFO - response is  <Response [200]>
[2025-01-27T13:43:41.740+0000] {logging_mixin.py:190} INFO - response is  <Response [200]>
[2025-01-27T13:43:48.237+0000] {logging_mixin.py:190} INFO - All sales order data saved. Total records: 10
[2025-01-27T13:43:48.238+0000] {python.py:240} INFO - Done. Returned value was: None
[2025-01-27T13:43:48.252+0000] {taskinstance.py:340} INFO - ::group::Post task execution logs
[2025-01-27T13:43:48.253+0000] {taskinstance.py:352} INFO - Marking task as SUCCESS. dag_id=sales_order_ingestion, task_id=ingest_sales_order_data, run_id=manual__2025-01-27T13:43:04.204787+00:00, execution_date=20250127T134304, start_date=20250127T134339, end_date=20250127T134348
[2025-01-27T13:43:48.273+0000] {logging_mixin.py:190} INFO - Task instance in success state
[2025-01-27T13:43:48.274+0000] {logging_mixin.py:190} INFO -  Previous state of the Task instance: running
[2025-01-27T13:43:48.274+0000] {logging_mixin.py:190} INFO - Dag name:sales_order_ingestion queued_at:2025-01-27 13:43:38.194563+00:00
[2025-01-27T13:43:48.275+0000] {logging_mixin.py:190} INFO - Task hostname:7f1a1600171e operator:PythonOperator
[2025-01-27T13:43:48.298+0000] {local_task_job_runner.py:266} INFO - Task exited with return code 0
[2025-01-27T13:43:48.327+0000] {taskinstance.py:3895} INFO - 1 downstream tasks scheduled from follow-on schedule check
[2025-01-27T13:43:48.328+0000] {local_task_job_runner.py:245} INFO - ::endgroup::
