[2025-01-24T10:26:20.031+0000] {local_task_job_runner.py:123} INFO - ::group::Pre task execution logs
[2025-01-24T10:26:20.138+0000] {taskinstance.py:2613} INFO - Dependencies all met for dep_context=non-requeueable deps ti=<TaskInstance: hello_world_dag.say_hello manual__2025-01-24T10:24:24.636918+00:00 [queued]>
[2025-01-24T10:26:20.260+0000] {taskinstance.py:2613} INFO - Dependencies all met for dep_context=requeueable deps ti=<TaskInstance: hello_world_dag.say_hello manual__2025-01-24T10:24:24.636918+00:00 [queued]>
[2025-01-24T10:26:20.267+0000] {taskinstance.py:2866} INFO - Starting attempt 1 of 2
[2025-01-24T10:26:20.441+0000] {taskinstance.py:2889} INFO - Executing <Task(PythonOperator): say_hello> on 2025-01-24 10:24:24.636918+00:00
[2025-01-24T10:26:20.554+0000] {warnings.py:112} WARNING - /home/***/.local/lib/python3.12/site-packages/***/task/task_runner/standard_task_runner.py:70: DeprecationWarning: This process (pid=312) is multi-threaded, use of fork() may lead to deadlocks in the child.
  pid = os.fork()

[2025-01-24T10:26:20.597+0000] {standard_task_runner.py:72} INFO - Started process 325 to run task
[2025-01-24T10:26:20.611+0000] {standard_task_runner.py:104} INFO - Running: ['***', 'tasks', 'run', 'hello_world_dag', 'say_hello', 'manual__2025-01-24T10:24:24.636918+00:00', '--job-id', '22', '--raw', '--subdir', 'DAGS_FOLDER/first.py', '--cfg-path', '/tmp/tmpowlciyb8']
[2025-01-24T10:26:20.635+0000] {standard_task_runner.py:105} INFO - Job 22: Subtask say_hello
[2025-01-24T10:26:21.683+0000] {task_command.py:467} INFO - Running <TaskInstance: hello_world_dag.say_hello manual__2025-01-24T10:24:24.636918+00:00 [running]> on host d02220a69341
[2025-01-24T10:26:23.234+0000] {taskinstance.py:3132} INFO - Exporting env vars: AIRFLOW_CTX_DAG_OWNER='***' AIRFLOW_CTX_DAG_ID='hello_world_dag' AIRFLOW_CTX_TASK_ID='say_hello' AIRFLOW_CTX_EXECUTION_DATE='2025-01-24T10:24:24.636918+00:00' AIRFLOW_CTX_TRY_NUMBER='1' AIRFLOW_CTX_DAG_RUN_ID='manual__2025-01-24T10:24:24.636918+00:00'
[2025-01-24T10:26:23.238+0000] {logging_mixin.py:190} INFO - Task instance is in running state
[2025-01-24T10:26:23.239+0000] {logging_mixin.py:190} INFO -  Previous state of the Task instance: queued
[2025-01-24T10:26:23.243+0000] {logging_mixin.py:190} INFO - Current task name:say_hello state:running start_date:2025-01-24 10:26:20.139230+00:00
[2025-01-24T10:26:23.245+0000] {logging_mixin.py:190} INFO - Dag name:hello_world_dag and current dag run status:running
[2025-01-24T10:26:23.248+0000] {taskinstance.py:731} INFO - ::endgroup::
[2025-01-24T10:26:23.252+0000] {logging_mixin.py:190} INFO - Hello, World!
[2025-01-24T10:26:23.253+0000] {python.py:240} INFO - Done. Returned value was: None
[2025-01-24T10:26:23.315+0000] {taskinstance.py:340} INFO - ::group::Post task execution logs
[2025-01-24T10:26:23.316+0000] {taskinstance.py:352} INFO - Marking task as SUCCESS. dag_id=hello_world_dag, task_id=say_hello, run_id=manual__2025-01-24T10:24:24.636918+00:00, execution_date=20250124T102424, start_date=20250124T102620, end_date=20250124T102623
[2025-01-24T10:26:23.375+0000] {logging_mixin.py:190} INFO - Task instance in success state
[2025-01-24T10:26:23.381+0000] {logging_mixin.py:190} INFO -  Previous state of the Task instance: running
[2025-01-24T10:26:23.382+0000] {logging_mixin.py:190} INFO - Dag name:hello_world_dag queued_at:2025-01-24 10:24:25.024050+00:00
[2025-01-24T10:26:23.392+0000] {logging_mixin.py:190} INFO - Task hostname:d02220a69341 operator:PythonOperator
[2025-01-24T10:26:23.448+0000] {local_task_job_runner.py:266} INFO - Task exited with return code 0
[2025-01-24T10:26:23.568+0000] {taskinstance.py:3895} INFO - 0 downstream tasks scheduled from follow-on schedule check
[2025-01-24T10:26:23.588+0000] {local_task_job_runner.py:245} INFO - ::endgroup::
