[2025-01-24T11:07:56.586+0000] {local_task_job_runner.py:123} INFO - ::group::Pre task execution logs
[2025-01-24T11:07:56.660+0000] {taskinstance.py:2613} INFO - Dependencies all met for dep_context=non-requeueable deps ti=<TaskInstance: hello_world_dag.say_hello manual__2025-01-24T11:06:53.710139+00:00 [queued]>
[2025-01-24T11:07:56.690+0000] {taskinstance.py:2613} INFO - Dependencies all met for dep_context=requeueable deps ti=<TaskInstance: hello_world_dag.say_hello manual__2025-01-24T11:06:53.710139+00:00 [queued]>
[2025-01-24T11:07:56.692+0000] {taskinstance.py:2866} INFO - Starting attempt 1 of 2
[2025-01-24T11:07:57.809+0000] {taskinstance.py:2889} INFO - Executing <Task(PythonOperator): say_hello> on 2025-01-24 11:06:53.710139+00:00
[2025-01-24T11:07:58.498+0000] {warnings.py:112} WARNING - /home/***/.local/lib/python3.12/site-packages/***/task/task_runner/standard_task_runner.py:70: DeprecationWarning: This process (pid=669) is multi-threaded, use of fork() may lead to deadlocks in the child.
  pid = os.fork()

[2025-01-24T11:07:58.567+0000] {standard_task_runner.py:72} INFO - Started process 677 to run task
[2025-01-24T11:07:58.538+0000] {standard_task_runner.py:104} INFO - Running: ['***', 'tasks', 'run', 'hello_world_dag', 'say_hello', 'manual__2025-01-24T11:06:53.710139+00:00', '--job-id', '23', '--raw', '--subdir', 'DAGS_FOLDER/first.py', '--cfg-path', '/tmp/tmpc8wxwjdw']
[2025-01-24T11:07:58.646+0000] {standard_task_runner.py:105} INFO - Job 23: Subtask say_hello
[2025-01-24T11:07:59.443+0000] {task_command.py:467} INFO - Running <TaskInstance: hello_world_dag.say_hello manual__2025-01-24T11:06:53.710139+00:00 [running]> on host d02220a69341
[2025-01-24T11:08:00.697+0000] {taskinstance.py:3132} INFO - Exporting env vars: AIRFLOW_CTX_DAG_OWNER='***' AIRFLOW_CTX_DAG_ID='hello_world_dag' AIRFLOW_CTX_TASK_ID='say_hello' AIRFLOW_CTX_EXECUTION_DATE='2025-01-24T11:06:53.710139+00:00' AIRFLOW_CTX_TRY_NUMBER='1' AIRFLOW_CTX_DAG_RUN_ID='manual__2025-01-24T11:06:53.710139+00:00'
[2025-01-24T11:08:00.701+0000] {logging_mixin.py:190} INFO - Task instance is in running state
[2025-01-24T11:08:00.716+0000] {logging_mixin.py:190} INFO -  Previous state of the Task instance: queued
[2025-01-24T11:08:00.730+0000] {logging_mixin.py:190} INFO - Current task name:say_hello state:running start_date:2025-01-24 11:07:56.661112+00:00
[2025-01-24T11:08:00.736+0000] {logging_mixin.py:190} INFO - Dag name:hello_world_dag and current dag run status:running
[2025-01-24T11:08:00.737+0000] {taskinstance.py:731} INFO - ::endgroup::
[2025-01-24T11:08:00.749+0000] {logging_mixin.py:190} INFO - Hello, World!
[2025-01-24T11:08:00.754+0000] {logging_mixin.py:190} INFO - hey!
[2025-01-24T11:08:00.761+0000] {python.py:240} INFO - Done. Returned value was: None
[2025-01-24T11:08:00.830+0000] {taskinstance.py:340} INFO - ::group::Post task execution logs
[2025-01-24T11:08:00.833+0000] {taskinstance.py:352} INFO - Marking task as SUCCESS. dag_id=hello_world_dag, task_id=say_hello, run_id=manual__2025-01-24T11:06:53.710139+00:00, execution_date=20250124T110653, start_date=20250124T110756, end_date=20250124T110800
[2025-01-24T11:08:00.965+0000] {logging_mixin.py:190} INFO - Task instance in success state
[2025-01-24T11:08:00.972+0000] {logging_mixin.py:190} INFO -  Previous state of the Task instance: running
[2025-01-24T11:08:00.981+0000] {logging_mixin.py:190} INFO - Dag name:hello_world_dag queued_at:2025-01-24 11:06:54.192678+00:00
[2025-01-24T11:08:00.983+0000] {logging_mixin.py:190} INFO - Task hostname:d02220a69341 operator:PythonOperator
[2025-01-24T11:08:01.098+0000] {local_task_job_runner.py:266} INFO - Task exited with return code 0
[2025-01-24T11:08:01.206+0000] {taskinstance.py:3895} INFO - 0 downstream tasks scheduled from follow-on schedule check
[2025-01-24T11:08:01.232+0000] {local_task_job_runner.py:245} INFO - ::endgroup::
