[2025-01-28T12:48:13.582+0000] {local_task_job_runner.py:123} INFO - ::group::Pre task execution logs
[2025-01-28T12:48:13.594+0000] {taskinstance.py:2613} INFO - Dependencies all met for dep_context=non-requeueable deps ti=<TaskInstance: sales_order_ingestion.ingest_sales_order_data manual__2025-01-28T12:48:11.499213+00:00 [queued]>
[2025-01-28T12:48:13.599+0000] {taskinstance.py:2613} INFO - Dependencies all met for dep_context=requeueable deps ti=<TaskInstance: sales_order_ingestion.ingest_sales_order_data manual__2025-01-28T12:48:11.499213+00:00 [queued]>
[2025-01-28T12:48:13.599+0000] {taskinstance.py:2866} INFO - Starting attempt 1 of 2
[2025-01-28T12:48:13.606+0000] {taskinstance.py:2889} INFO - Executing <Task(PythonOperator): ingest_sales_order_data> on 2025-01-28 12:48:11.499213+00:00
[2025-01-28T12:48:13.613+0000] {warnings.py:112} WARNING - /home/***/.local/lib/python3.12/site-packages/***/task/task_runner/standard_task_runner.py:70: DeprecationWarning: This process (pid=8733) is multi-threaded, use of fork() may lead to deadlocks in the child.
  pid = os.fork()

[2025-01-28T12:48:13.613+0000] {standard_task_runner.py:72} INFO - Started process 8754 to run task
[2025-01-28T12:48:13.614+0000] {standard_task_runner.py:104} INFO - Running: ['***', 'tasks', 'run', 'sales_order_ingestion', 'ingest_sales_order_data', 'manual__2025-01-28T12:48:11.499213+00:00', '--job-id', '123', '--raw', '--subdir', 'DAGS_FOLDER/first.py', '--cfg-path', '/tmp/tmpetyvzjc5']
[2025-01-28T12:48:13.615+0000] {standard_task_runner.py:105} INFO - Job 123: Subtask ingest_sales_order_data
[2025-01-28T12:48:13.650+0000] {task_command.py:467} INFO - Running <TaskInstance: sales_order_ingestion.ingest_sales_order_data manual__2025-01-28T12:48:11.499213+00:00 [running]> on host 7f1a1600171e
[2025-01-28T12:48:13.768+0000] {taskinstance.py:3132} INFO - Exporting env vars: AIRFLOW_CTX_DAG_OWNER='***' AIRFLOW_CTX_DAG_ID='sales_order_ingestion' AIRFLOW_CTX_TASK_ID='ingest_sales_order_data' AIRFLOW_CTX_EXECUTION_DATE='2025-01-28T12:48:11.499213+00:00' AIRFLOW_CTX_TRY_NUMBER='1' AIRFLOW_CTX_DAG_RUN_ID='manual__2025-01-28T12:48:11.499213+00:00'
[2025-01-28T12:48:13.769+0000] {logging_mixin.py:190} INFO - Task instance is in running state
[2025-01-28T12:48:13.769+0000] {logging_mixin.py:190} INFO -  Previous state of the Task instance: queued
[2025-01-28T12:48:13.769+0000] {logging_mixin.py:190} INFO - Current task name:ingest_sales_order_data state:running start_date:2025-01-28 12:48:13.595158+00:00
[2025-01-28T12:48:13.769+0000] {logging_mixin.py:190} INFO - Dag name:sales_order_ingestion and current dag run status:running
[2025-01-28T12:48:13.770+0000] {taskinstance.py:731} INFO - ::endgroup::
[2025-01-28T12:48:14.679+0000] {logging_mixin.py:190} INFO - response is  <Response [200]>
[2025-01-28T12:48:15.612+0000] {logging_mixin.py:190} INFO - response is  <Response [200]>
[2025-01-28T12:48:24.766+0000] {logging_mixin.py:190} INFO - All sales order data saved. Total records: 10
[2025-01-28T12:48:24.767+0000] {python.py:240} INFO - Done. Returned value was: None
[2025-01-28T12:48:24.775+0000] {taskinstance.py:340} INFO - ::group::Post task execution logs
[2025-01-28T12:48:24.776+0000] {taskinstance.py:352} INFO - Marking task as SUCCESS. dag_id=sales_order_ingestion, task_id=ingest_sales_order_data, run_id=manual__2025-01-28T12:48:11.499213+00:00, execution_date=20250128T124811, start_date=20250128T124813, end_date=20250128T124824
[2025-01-28T12:48:24.785+0000] {logging_mixin.py:190} INFO - Task instance in success state
[2025-01-28T12:48:24.785+0000] {logging_mixin.py:190} INFO -  Previous state of the Task instance: running
[2025-01-28T12:48:24.785+0000] {logging_mixin.py:190} INFO - Dag name:sales_order_ingestion queued_at:2025-01-28 12:48:11.506770+00:00
[2025-01-28T12:48:24.785+0000] {logging_mixin.py:190} INFO - Task hostname:7f1a1600171e operator:PythonOperator
[2025-01-28T12:48:24.823+0000] {local_task_job_runner.py:266} INFO - Task exited with return code 0
[2025-01-28T12:48:24.838+0000] {taskinstance.py:3895} INFO - 1 downstream tasks scheduled from follow-on schedule check
[2025-01-28T12:48:24.838+0000] {local_task_job_runner.py:245} INFO - ::endgroup::
