[2025-01-27T10:33:53.402+0000] {processor.py:186} INFO - Started process (PID=180) to work on /home/airflow/.local/lib/python3.12/site-packages/airflow/example_dags/example_branch_operator.py
[2025-01-27T10:33:53.404+0000] {processor.py:914} INFO - Processing file /home/airflow/.local/lib/python3.12/site-packages/airflow/example_dags/example_branch_operator.py for tasks to queue
[2025-01-27T10:33:53.410+0000] {logging_mixin.py:190} INFO - [2025-01-27T10:33:53.409+0000] {dagbag.py:588} INFO - Filling up the DagBag from /home/airflow/.local/lib/python3.12/site-packages/airflow/example_dags/example_branch_operator.py
[2025-01-27T10:33:53.459+0000] {processor.py:925} INFO - DAG(s) 'example_branch_operator' retrieved from /home/airflow/.local/lib/python3.12/site-packages/airflow/example_dags/example_branch_operator.py
[2025-01-27T10:33:54.039+0000] {logging_mixin.py:190} INFO - [2025-01-27T10:33:54.038+0000] {dag.py:3239} INFO - Sync 1 DAGs
[2025-01-27T10:33:54.150+0000] {logging_mixin.py:190} INFO - [2025-01-27T10:33:54.149+0000] {dag.py:4180} INFO - Setting next_dagrun for example_branch_operator to 2025-01-26 00:00:00+00:00, run_after=2025-01-27 00:00:00+00:00
[2025-01-27T10:33:54.275+0000] {processor.py:208} INFO - Processing /home/airflow/.local/lib/python3.12/site-packages/airflow/example_dags/example_branch_operator.py took 0.887 seconds
[2025-01-27T10:44:55.450+0000] {processor.py:186} INFO - Started process (PID=165) to work on /home/airflow/.local/lib/python3.12/site-packages/airflow/example_dags/example_branch_operator.py
[2025-01-27T10:44:55.455+0000] {processor.py:914} INFO - Processing file /home/airflow/.local/lib/python3.12/site-packages/airflow/example_dags/example_branch_operator.py for tasks to queue
[2025-01-27T10:44:55.467+0000] {logging_mixin.py:190} INFO - [2025-01-27T10:44:55.467+0000] {dagbag.py:588} INFO - Filling up the DagBag from /home/airflow/.local/lib/python3.12/site-packages/airflow/example_dags/example_branch_operator.py
[2025-01-27T10:44:55.532+0000] {processor.py:925} INFO - DAG(s) 'example_branch_operator' retrieved from /home/airflow/.local/lib/python3.12/site-packages/airflow/example_dags/example_branch_operator.py
[2025-01-27T10:44:55.922+0000] {logging_mixin.py:190} INFO - [2025-01-27T10:44:55.921+0000] {dag.py:3239} INFO - Sync 1 DAGs
[2025-01-27T10:44:56.025+0000] {logging_mixin.py:190} INFO - [2025-01-27T10:44:56.025+0000] {dag.py:4180} INFO - Setting next_dagrun for example_branch_operator to 2025-01-26 00:00:00+00:00, run_after=2025-01-27 00:00:00+00:00
[2025-01-27T10:44:56.077+0000] {processor.py:208} INFO - Processing /home/airflow/.local/lib/python3.12/site-packages/airflow/example_dags/example_branch_operator.py took 0.649 seconds
[2025-01-27T10:46:10.319+0000] {processor.py:186} INFO - Started process (PID=234) to work on /home/airflow/.local/lib/python3.12/site-packages/airflow/example_dags/example_branch_operator.py
[2025-01-27T10:46:10.321+0000] {processor.py:914} INFO - Processing file /home/airflow/.local/lib/python3.12/site-packages/airflow/example_dags/example_branch_operator.py for tasks to queue
[2025-01-27T10:46:10.347+0000] {logging_mixin.py:190} INFO - [2025-01-27T10:46:10.346+0000] {dagbag.py:588} INFO - Filling up the DagBag from /home/airflow/.local/lib/python3.12/site-packages/airflow/example_dags/example_branch_operator.py
[2025-01-27T10:46:10.441+0000] {processor.py:925} INFO - DAG(s) 'example_branch_operator' retrieved from /home/airflow/.local/lib/python3.12/site-packages/airflow/example_dags/example_branch_operator.py
[2025-01-27T10:46:10.643+0000] {logging_mixin.py:190} INFO - [2025-01-27T10:46:10.642+0000] {dag.py:3239} INFO - Sync 1 DAGs
[2025-01-27T10:46:10.801+0000] {logging_mixin.py:190} INFO - [2025-01-27T10:46:10.800+0000] {dag.py:4180} INFO - Setting next_dagrun for example_branch_operator to 2025-01-26 00:00:00+00:00, run_after=2025-01-27 00:00:00+00:00
[2025-01-27T10:46:10.917+0000] {processor.py:208} INFO - Processing /home/airflow/.local/lib/python3.12/site-packages/airflow/example_dags/example_branch_operator.py took 0.621 seconds
[2025-01-27T10:46:49.814+0000] {processor.py:186} INFO - Started process (PID=309) to work on /home/airflow/.local/lib/python3.12/site-packages/airflow/example_dags/example_branch_operator.py
[2025-01-27T10:46:49.817+0000] {processor.py:914} INFO - Processing file /home/airflow/.local/lib/python3.12/site-packages/airflow/example_dags/example_branch_operator.py for tasks to queue
[2025-01-27T10:46:49.822+0000] {logging_mixin.py:190} INFO - [2025-01-27T10:46:49.821+0000] {dagbag.py:588} INFO - Filling up the DagBag from /home/airflow/.local/lib/python3.12/site-packages/airflow/example_dags/example_branch_operator.py
[2025-01-27T10:46:49.877+0000] {processor.py:925} INFO - DAG(s) 'example_branch_operator' retrieved from /home/airflow/.local/lib/python3.12/site-packages/airflow/example_dags/example_branch_operator.py
[2025-01-27T10:46:49.966+0000] {logging_mixin.py:190} INFO - [2025-01-27T10:46:49.963+0000] {dag.py:3239} INFO - Sync 1 DAGs
[2025-01-27T10:46:50.213+0000] {logging_mixin.py:190} INFO - [2025-01-27T10:46:50.203+0000] {dag.py:4180} INFO - Setting next_dagrun for example_branch_operator to 2025-01-26 00:00:00+00:00, run_after=2025-01-27 00:00:00+00:00
[2025-01-27T10:46:50.964+0000] {processor.py:208} INFO - Processing /home/airflow/.local/lib/python3.12/site-packages/airflow/example_dags/example_branch_operator.py took 1.166 seconds
[2025-01-27T10:47:53.987+0000] {processor.py:186} INFO - Started process (PID=366) to work on /home/airflow/.local/lib/python3.12/site-packages/airflow/example_dags/example_branch_operator.py
[2025-01-27T10:47:54.014+0000] {processor.py:914} INFO - Processing file /home/airflow/.local/lib/python3.12/site-packages/airflow/example_dags/example_branch_operator.py for tasks to queue
[2025-01-27T10:47:54.063+0000] {logging_mixin.py:190} INFO - [2025-01-27T10:47:54.053+0000] {dagbag.py:588} INFO - Filling up the DagBag from /home/airflow/.local/lib/python3.12/site-packages/airflow/example_dags/example_branch_operator.py
[2025-01-27T10:47:54.863+0000] {processor.py:925} INFO - DAG(s) 'example_branch_operator' retrieved from /home/airflow/.local/lib/python3.12/site-packages/airflow/example_dags/example_branch_operator.py
[2025-01-27T10:47:55.248+0000] {logging_mixin.py:190} INFO - [2025-01-27T10:47:55.247+0000] {dag.py:3239} INFO - Sync 1 DAGs
[2025-01-27T10:47:55.956+0000] {logging_mixin.py:190} INFO - [2025-01-27T10:47:55.944+0000] {dag.py:4180} INFO - Setting next_dagrun for example_branch_operator to 2025-01-26 00:00:00+00:00, run_after=2025-01-27 00:00:00+00:00
[2025-01-27T10:47:56.703+0000] {processor.py:208} INFO - Processing /home/airflow/.local/lib/python3.12/site-packages/airflow/example_dags/example_branch_operator.py took 2.846 seconds
[2025-01-27T10:54:49.424+0000] {processor.py:186} INFO - Started process (PID=93) to work on /home/airflow/.local/lib/python3.12/site-packages/airflow/example_dags/example_branch_operator.py
[2025-01-27T10:54:49.427+0000] {processor.py:914} INFO - Processing file /home/airflow/.local/lib/python3.12/site-packages/airflow/example_dags/example_branch_operator.py for tasks to queue
[2025-01-27T10:54:49.440+0000] {logging_mixin.py:190} INFO - [2025-01-27T10:54:49.439+0000] {dagbag.py:588} INFO - Filling up the DagBag from /home/airflow/.local/lib/python3.12/site-packages/airflow/example_dags/example_branch_operator.py
[2025-01-27T10:54:49.492+0000] {processor.py:925} INFO - DAG(s) 'example_branch_operator' retrieved from /home/airflow/.local/lib/python3.12/site-packages/airflow/example_dags/example_branch_operator.py
[2025-01-27T10:54:51.049+0000] {logging_mixin.py:190} INFO - [2025-01-27T10:54:51.049+0000] {dag.py:3239} INFO - Sync 1 DAGs
[2025-01-27T10:54:51.236+0000] {logging_mixin.py:190} INFO - [2025-01-27T10:54:51.235+0000] {dag.py:4180} INFO - Setting next_dagrun for example_branch_operator to 2025-01-26 00:00:00+00:00, run_after=2025-01-27 00:00:00+00:00
[2025-01-27T10:54:51.715+0000] {processor.py:208} INFO - Processing /home/airflow/.local/lib/python3.12/site-packages/airflow/example_dags/example_branch_operator.py took 2.305 seconds
[2025-01-27T10:56:16.083+0000] {processor.py:186} INFO - Started process (PID=165) to work on /home/airflow/.local/lib/python3.12/site-packages/airflow/example_dags/example_branch_operator.py
[2025-01-27T10:56:16.091+0000] {processor.py:914} INFO - Processing file /home/airflow/.local/lib/python3.12/site-packages/airflow/example_dags/example_branch_operator.py for tasks to queue
[2025-01-27T10:56:16.114+0000] {logging_mixin.py:190} INFO - [2025-01-27T10:56:16.113+0000] {dagbag.py:588} INFO - Filling up the DagBag from /home/airflow/.local/lib/python3.12/site-packages/airflow/example_dags/example_branch_operator.py
[2025-01-27T10:56:16.365+0000] {processor.py:925} INFO - DAG(s) 'example_branch_operator' retrieved from /home/airflow/.local/lib/python3.12/site-packages/airflow/example_dags/example_branch_operator.py
[2025-01-27T10:56:16.622+0000] {logging_mixin.py:190} INFO - [2025-01-27T10:56:16.621+0000] {dag.py:3239} INFO - Sync 1 DAGs
[2025-01-27T10:56:16.783+0000] {logging_mixin.py:190} INFO - [2025-01-27T10:56:16.780+0000] {dag.py:4180} INFO - Setting next_dagrun for example_branch_operator to 2025-01-26 00:00:00+00:00, run_after=2025-01-27 00:00:00+00:00
[2025-01-27T10:56:16.884+0000] {processor.py:208} INFO - Processing /home/airflow/.local/lib/python3.12/site-packages/airflow/example_dags/example_branch_operator.py took 0.885 seconds
[2025-01-27T10:56:52.848+0000] {processor.py:186} INFO - Started process (PID=229) to work on /home/airflow/.local/lib/python3.12/site-packages/airflow/example_dags/example_branch_operator.py
[2025-01-27T10:56:52.854+0000] {processor.py:914} INFO - Processing file /home/airflow/.local/lib/python3.12/site-packages/airflow/example_dags/example_branch_operator.py for tasks to queue
[2025-01-27T10:56:52.865+0000] {logging_mixin.py:190} INFO - [2025-01-27T10:56:52.864+0000] {dagbag.py:588} INFO - Filling up the DagBag from /home/airflow/.local/lib/python3.12/site-packages/airflow/example_dags/example_branch_operator.py
[2025-01-27T10:56:52.975+0000] {processor.py:925} INFO - DAG(s) 'example_branch_operator' retrieved from /home/airflow/.local/lib/python3.12/site-packages/airflow/example_dags/example_branch_operator.py
[2025-01-27T10:56:53.090+0000] {logging_mixin.py:190} INFO - [2025-01-27T10:56:53.089+0000] {dag.py:3239} INFO - Sync 1 DAGs
[2025-01-27T10:56:53.165+0000] {logging_mixin.py:190} INFO - [2025-01-27T10:56:53.164+0000] {dag.py:4180} INFO - Setting next_dagrun for example_branch_operator to 2025-01-26 00:00:00+00:00, run_after=2025-01-27 00:00:00+00:00
[2025-01-27T10:56:53.245+0000] {processor.py:208} INFO - Processing /home/airflow/.local/lib/python3.12/site-packages/airflow/example_dags/example_branch_operator.py took 0.419 seconds
[2025-01-27T10:57:42.397+0000] {processor.py:186} INFO - Started process (PID=277) to work on /home/airflow/.local/lib/python3.12/site-packages/airflow/example_dags/example_branch_operator.py
[2025-01-27T10:57:42.399+0000] {processor.py:914} INFO - Processing file /home/airflow/.local/lib/python3.12/site-packages/airflow/example_dags/example_branch_operator.py for tasks to queue
[2025-01-27T10:57:42.412+0000] {logging_mixin.py:190} INFO - [2025-01-27T10:57:42.411+0000] {dagbag.py:588} INFO - Filling up the DagBag from /home/airflow/.local/lib/python3.12/site-packages/airflow/example_dags/example_branch_operator.py
[2025-01-27T10:57:42.460+0000] {processor.py:925} INFO - DAG(s) 'example_branch_operator' retrieved from /home/airflow/.local/lib/python3.12/site-packages/airflow/example_dags/example_branch_operator.py
[2025-01-27T10:57:42.590+0000] {logging_mixin.py:190} INFO - [2025-01-27T10:57:42.589+0000] {dag.py:3239} INFO - Sync 1 DAGs
[2025-01-27T10:57:42.741+0000] {logging_mixin.py:190} INFO - [2025-01-27T10:57:42.741+0000] {dag.py:4180} INFO - Setting next_dagrun for example_branch_operator to 2025-01-26 00:00:00+00:00, run_after=2025-01-27 00:00:00+00:00
[2025-01-27T10:57:42.813+0000] {processor.py:208} INFO - Processing /home/airflow/.local/lib/python3.12/site-packages/airflow/example_dags/example_branch_operator.py took 0.433 seconds
[2025-01-27T10:58:17.759+0000] {processor.py:186} INFO - Started process (PID=341) to work on /home/airflow/.local/lib/python3.12/site-packages/airflow/example_dags/example_branch_operator.py
[2025-01-27T10:58:17.761+0000] {processor.py:914} INFO - Processing file /home/airflow/.local/lib/python3.12/site-packages/airflow/example_dags/example_branch_operator.py for tasks to queue
[2025-01-27T10:58:17.773+0000] {logging_mixin.py:190} INFO - [2025-01-27T10:58:17.772+0000] {dagbag.py:588} INFO - Filling up the DagBag from /home/airflow/.local/lib/python3.12/site-packages/airflow/example_dags/example_branch_operator.py
[2025-01-27T10:58:17.872+0000] {processor.py:925} INFO - DAG(s) 'example_branch_operator' retrieved from /home/airflow/.local/lib/python3.12/site-packages/airflow/example_dags/example_branch_operator.py
[2025-01-27T10:58:18.023+0000] {logging_mixin.py:190} INFO - [2025-01-27T10:58:18.022+0000] {dag.py:3239} INFO - Sync 1 DAGs
[2025-01-27T10:58:18.201+0000] {logging_mixin.py:190} INFO - [2025-01-27T10:58:18.200+0000] {dag.py:4180} INFO - Setting next_dagrun for example_branch_operator to 2025-01-26 00:00:00+00:00, run_after=2025-01-27 00:00:00+00:00
[2025-01-27T10:58:18.309+0000] {processor.py:208} INFO - Processing /home/airflow/.local/lib/python3.12/site-packages/airflow/example_dags/example_branch_operator.py took 0.566 seconds
[2025-01-27T10:59:09.102+0000] {processor.py:186} INFO - Started process (PID=404) to work on /home/airflow/.local/lib/python3.12/site-packages/airflow/example_dags/example_branch_operator.py
[2025-01-27T10:59:09.103+0000] {processor.py:914} INFO - Processing file /home/airflow/.local/lib/python3.12/site-packages/airflow/example_dags/example_branch_operator.py for tasks to queue
[2025-01-27T10:59:09.107+0000] {logging_mixin.py:190} INFO - [2025-01-27T10:59:09.106+0000] {dagbag.py:588} INFO - Filling up the DagBag from /home/airflow/.local/lib/python3.12/site-packages/airflow/example_dags/example_branch_operator.py
[2025-01-27T10:59:09.172+0000] {processor.py:925} INFO - DAG(s) 'example_branch_operator' retrieved from /home/airflow/.local/lib/python3.12/site-packages/airflow/example_dags/example_branch_operator.py
[2025-01-27T10:59:09.258+0000] {logging_mixin.py:190} INFO - [2025-01-27T10:59:09.257+0000] {dag.py:3239} INFO - Sync 1 DAGs
[2025-01-27T10:59:09.317+0000] {logging_mixin.py:190} INFO - [2025-01-27T10:59:09.317+0000] {dag.py:4180} INFO - Setting next_dagrun for example_branch_operator to 2025-01-26 00:00:00+00:00, run_after=2025-01-27 00:00:00+00:00
[2025-01-27T10:59:09.422+0000] {processor.py:208} INFO - Processing /home/airflow/.local/lib/python3.12/site-packages/airflow/example_dags/example_branch_operator.py took 0.331 seconds
[2025-01-27T10:59:43.583+0000] {processor.py:186} INFO - Started process (PID=468) to work on /home/airflow/.local/lib/python3.12/site-packages/airflow/example_dags/example_branch_operator.py
[2025-01-27T10:59:43.587+0000] {processor.py:914} INFO - Processing file /home/airflow/.local/lib/python3.12/site-packages/airflow/example_dags/example_branch_operator.py for tasks to queue
[2025-01-27T10:59:43.592+0000] {logging_mixin.py:190} INFO - [2025-01-27T10:59:43.591+0000] {dagbag.py:588} INFO - Filling up the DagBag from /home/airflow/.local/lib/python3.12/site-packages/airflow/example_dags/example_branch_operator.py
[2025-01-27T10:59:43.703+0000] {processor.py:925} INFO - DAG(s) 'example_branch_operator' retrieved from /home/airflow/.local/lib/python3.12/site-packages/airflow/example_dags/example_branch_operator.py
[2025-01-27T10:59:43.892+0000] {logging_mixin.py:190} INFO - [2025-01-27T10:59:43.892+0000] {dag.py:3239} INFO - Sync 1 DAGs
[2025-01-27T10:59:44.189+0000] {logging_mixin.py:190} INFO - [2025-01-27T10:59:44.188+0000] {dag.py:4180} INFO - Setting next_dagrun for example_branch_operator to 2025-01-26 00:00:00+00:00, run_after=2025-01-27 00:00:00+00:00
[2025-01-27T10:59:44.259+0000] {processor.py:208} INFO - Processing /home/airflow/.local/lib/python3.12/site-packages/airflow/example_dags/example_branch_operator.py took 0.700 seconds
[2025-01-27T11:00:15.152+0000] {processor.py:186} INFO - Started process (PID=532) to work on /home/airflow/.local/lib/python3.12/site-packages/airflow/example_dags/example_branch_operator.py
[2025-01-27T11:00:15.154+0000] {processor.py:914} INFO - Processing file /home/airflow/.local/lib/python3.12/site-packages/airflow/example_dags/example_branch_operator.py for tasks to queue
[2025-01-27T11:00:15.159+0000] {logging_mixin.py:190} INFO - [2025-01-27T11:00:15.159+0000] {dagbag.py:588} INFO - Filling up the DagBag from /home/airflow/.local/lib/python3.12/site-packages/airflow/example_dags/example_branch_operator.py
[2025-01-27T11:00:15.201+0000] {processor.py:925} INFO - DAG(s) 'example_branch_operator' retrieved from /home/airflow/.local/lib/python3.12/site-packages/airflow/example_dags/example_branch_operator.py
[2025-01-27T11:00:15.252+0000] {logging_mixin.py:190} INFO - [2025-01-27T11:00:15.252+0000] {dag.py:3239} INFO - Sync 1 DAGs
[2025-01-27T11:00:15.328+0000] {logging_mixin.py:190} INFO - [2025-01-27T11:00:15.328+0000] {dag.py:4180} INFO - Setting next_dagrun for example_branch_operator to 2025-01-26 00:00:00+00:00, run_after=2025-01-27 00:00:00+00:00
[2025-01-27T11:00:15.393+0000] {processor.py:208} INFO - Processing /home/airflow/.local/lib/python3.12/site-packages/airflow/example_dags/example_branch_operator.py took 0.255 seconds
[2025-01-27T11:00:46.128+0000] {processor.py:186} INFO - Started process (PID=596) to work on /home/airflow/.local/lib/python3.12/site-packages/airflow/example_dags/example_branch_operator.py
[2025-01-27T11:00:46.130+0000] {processor.py:914} INFO - Processing file /home/airflow/.local/lib/python3.12/site-packages/airflow/example_dags/example_branch_operator.py for tasks to queue
[2025-01-27T11:00:46.136+0000] {logging_mixin.py:190} INFO - [2025-01-27T11:00:46.135+0000] {dagbag.py:588} INFO - Filling up the DagBag from /home/airflow/.local/lib/python3.12/site-packages/airflow/example_dags/example_branch_operator.py
[2025-01-27T11:00:46.178+0000] {processor.py:925} INFO - DAG(s) 'example_branch_operator' retrieved from /home/airflow/.local/lib/python3.12/site-packages/airflow/example_dags/example_branch_operator.py
[2025-01-27T11:00:46.258+0000] {logging_mixin.py:190} INFO - [2025-01-27T11:00:46.258+0000] {dag.py:3239} INFO - Sync 1 DAGs
[2025-01-27T11:00:46.317+0000] {logging_mixin.py:190} INFO - [2025-01-27T11:00:46.316+0000] {dag.py:4180} INFO - Setting next_dagrun for example_branch_operator to 2025-01-26 00:00:00+00:00, run_after=2025-01-27 00:00:00+00:00
[2025-01-27T11:00:46.429+0000] {processor.py:208} INFO - Processing /home/airflow/.local/lib/python3.12/site-packages/airflow/example_dags/example_branch_operator.py took 0.315 seconds
[2025-01-27T11:01:16.759+0000] {processor.py:186} INFO - Started process (PID=660) to work on /home/airflow/.local/lib/python3.12/site-packages/airflow/example_dags/example_branch_operator.py
[2025-01-27T11:01:16.777+0000] {processor.py:914} INFO - Processing file /home/airflow/.local/lib/python3.12/site-packages/airflow/example_dags/example_branch_operator.py for tasks to queue
[2025-01-27T11:01:16.785+0000] {logging_mixin.py:190} INFO - [2025-01-27T11:01:16.782+0000] {dagbag.py:588} INFO - Filling up the DagBag from /home/airflow/.local/lib/python3.12/site-packages/airflow/example_dags/example_branch_operator.py
[2025-01-27T11:01:16.942+0000] {processor.py:925} INFO - DAG(s) 'example_branch_operator' retrieved from /home/airflow/.local/lib/python3.12/site-packages/airflow/example_dags/example_branch_operator.py
[2025-01-27T11:01:17.152+0000] {logging_mixin.py:190} INFO - [2025-01-27T11:01:17.151+0000] {dag.py:3239} INFO - Sync 1 DAGs
[2025-01-27T11:01:17.274+0000] {logging_mixin.py:190} INFO - [2025-01-27T11:01:17.273+0000] {dag.py:4180} INFO - Setting next_dagrun for example_branch_operator to 2025-01-26 00:00:00+00:00, run_after=2025-01-27 00:00:00+00:00
[2025-01-27T11:01:17.344+0000] {processor.py:208} INFO - Processing /home/airflow/.local/lib/python3.12/site-packages/airflow/example_dags/example_branch_operator.py took 0.608 seconds
[2025-01-27T11:01:47.536+0000] {processor.py:186} INFO - Started process (PID=723) to work on /home/airflow/.local/lib/python3.12/site-packages/airflow/example_dags/example_branch_operator.py
[2025-01-27T11:01:47.539+0000] {processor.py:914} INFO - Processing file /home/airflow/.local/lib/python3.12/site-packages/airflow/example_dags/example_branch_operator.py for tasks to queue
[2025-01-27T11:01:47.544+0000] {logging_mixin.py:190} INFO - [2025-01-27T11:01:47.543+0000] {dagbag.py:588} INFO - Filling up the DagBag from /home/airflow/.local/lib/python3.12/site-packages/airflow/example_dags/example_branch_operator.py
[2025-01-27T11:01:47.605+0000] {processor.py:925} INFO - DAG(s) 'example_branch_operator' retrieved from /home/airflow/.local/lib/python3.12/site-packages/airflow/example_dags/example_branch_operator.py
[2025-01-27T11:01:47.744+0000] {logging_mixin.py:190} INFO - [2025-01-27T11:01:47.743+0000] {dag.py:3239} INFO - Sync 1 DAGs
[2025-01-27T11:01:47.814+0000] {logging_mixin.py:190} INFO - [2025-01-27T11:01:47.814+0000] {dag.py:4180} INFO - Setting next_dagrun for example_branch_operator to 2025-01-26 00:00:00+00:00, run_after=2025-01-27 00:00:00+00:00
[2025-01-27T11:01:47.878+0000] {processor.py:208} INFO - Processing /home/airflow/.local/lib/python3.12/site-packages/airflow/example_dags/example_branch_operator.py took 0.359 seconds
[2025-01-27T11:02:18.859+0000] {processor.py:186} INFO - Started process (PID=787) to work on /home/airflow/.local/lib/python3.12/site-packages/airflow/example_dags/example_branch_operator.py
[2025-01-27T11:02:18.861+0000] {processor.py:914} INFO - Processing file /home/airflow/.local/lib/python3.12/site-packages/airflow/example_dags/example_branch_operator.py for tasks to queue
[2025-01-27T11:02:18.864+0000] {logging_mixin.py:190} INFO - [2025-01-27T11:02:18.864+0000] {dagbag.py:588} INFO - Filling up the DagBag from /home/airflow/.local/lib/python3.12/site-packages/airflow/example_dags/example_branch_operator.py
[2025-01-27T11:02:18.916+0000] {processor.py:925} INFO - DAG(s) 'example_branch_operator' retrieved from /home/airflow/.local/lib/python3.12/site-packages/airflow/example_dags/example_branch_operator.py
[2025-01-27T11:02:19.003+0000] {logging_mixin.py:190} INFO - [2025-01-27T11:02:19.002+0000] {dag.py:3239} INFO - Sync 1 DAGs
[2025-01-27T11:02:19.077+0000] {logging_mixin.py:190} INFO - [2025-01-27T11:02:19.076+0000] {dag.py:4180} INFO - Setting next_dagrun for example_branch_operator to 2025-01-26 00:00:00+00:00, run_after=2025-01-27 00:00:00+00:00
[2025-01-27T11:02:19.172+0000] {processor.py:208} INFO - Processing /home/airflow/.local/lib/python3.12/site-packages/airflow/example_dags/example_branch_operator.py took 0.324 seconds
[2025-01-27T11:02:49.255+0000] {processor.py:186} INFO - Started process (PID=850) to work on /home/airflow/.local/lib/python3.12/site-packages/airflow/example_dags/example_branch_operator.py
[2025-01-27T11:02:49.257+0000] {processor.py:914} INFO - Processing file /home/airflow/.local/lib/python3.12/site-packages/airflow/example_dags/example_branch_operator.py for tasks to queue
[2025-01-27T11:02:49.262+0000] {logging_mixin.py:190} INFO - [2025-01-27T11:02:49.261+0000] {dagbag.py:588} INFO - Filling up the DagBag from /home/airflow/.local/lib/python3.12/site-packages/airflow/example_dags/example_branch_operator.py
[2025-01-27T11:02:49.294+0000] {processor.py:925} INFO - DAG(s) 'example_branch_operator' retrieved from /home/airflow/.local/lib/python3.12/site-packages/airflow/example_dags/example_branch_operator.py
[2025-01-27T11:02:49.365+0000] {logging_mixin.py:190} INFO - [2025-01-27T11:02:49.364+0000] {dag.py:3239} INFO - Sync 1 DAGs
[2025-01-27T11:02:49.464+0000] {logging_mixin.py:190} INFO - [2025-01-27T11:02:49.463+0000] {dag.py:4180} INFO - Setting next_dagrun for example_branch_operator to 2025-01-26 00:00:00+00:00, run_after=2025-01-27 00:00:00+00:00
[2025-01-27T11:02:49.568+0000] {processor.py:208} INFO - Processing /home/airflow/.local/lib/python3.12/site-packages/airflow/example_dags/example_branch_operator.py took 0.323 seconds
[2025-01-27T11:03:19.700+0000] {processor.py:186} INFO - Started process (PID=914) to work on /home/airflow/.local/lib/python3.12/site-packages/airflow/example_dags/example_branch_operator.py
[2025-01-27T11:03:19.702+0000] {processor.py:914} INFO - Processing file /home/airflow/.local/lib/python3.12/site-packages/airflow/example_dags/example_branch_operator.py for tasks to queue
[2025-01-27T11:03:19.707+0000] {logging_mixin.py:190} INFO - [2025-01-27T11:03:19.706+0000] {dagbag.py:588} INFO - Filling up the DagBag from /home/airflow/.local/lib/python3.12/site-packages/airflow/example_dags/example_branch_operator.py
[2025-01-27T11:03:19.773+0000] {processor.py:925} INFO - DAG(s) 'example_branch_operator' retrieved from /home/airflow/.local/lib/python3.12/site-packages/airflow/example_dags/example_branch_operator.py
[2025-01-27T11:03:19.816+0000] {logging_mixin.py:190} INFO - [2025-01-27T11:03:19.816+0000] {dag.py:3239} INFO - Sync 1 DAGs
[2025-01-27T11:03:19.850+0000] {logging_mixin.py:190} INFO - [2025-01-27T11:03:19.850+0000] {dag.py:4180} INFO - Setting next_dagrun for example_branch_operator to 2025-01-26 00:00:00+00:00, run_after=2025-01-27 00:00:00+00:00
[2025-01-27T11:03:19.881+0000] {processor.py:208} INFO - Processing /home/airflow/.local/lib/python3.12/site-packages/airflow/example_dags/example_branch_operator.py took 0.189 seconds
[2025-01-27T11:03:50.765+0000] {processor.py:186} INFO - Started process (PID=978) to work on /home/airflow/.local/lib/python3.12/site-packages/airflow/example_dags/example_branch_operator.py
[2025-01-27T11:03:50.768+0000] {processor.py:914} INFO - Processing file /home/airflow/.local/lib/python3.12/site-packages/airflow/example_dags/example_branch_operator.py for tasks to queue
[2025-01-27T11:03:50.779+0000] {logging_mixin.py:190} INFO - [2025-01-27T11:03:50.778+0000] {dagbag.py:588} INFO - Filling up the DagBag from /home/airflow/.local/lib/python3.12/site-packages/airflow/example_dags/example_branch_operator.py
[2025-01-27T11:03:50.824+0000] {processor.py:925} INFO - DAG(s) 'example_branch_operator' retrieved from /home/airflow/.local/lib/python3.12/site-packages/airflow/example_dags/example_branch_operator.py
[2025-01-27T11:03:50.895+0000] {logging_mixin.py:190} INFO - [2025-01-27T11:03:50.894+0000] {dag.py:3239} INFO - Sync 1 DAGs
[2025-01-27T11:03:50.957+0000] {logging_mixin.py:190} INFO - [2025-01-27T11:03:50.956+0000] {dag.py:4180} INFO - Setting next_dagrun for example_branch_operator to 2025-01-26 00:00:00+00:00, run_after=2025-01-27 00:00:00+00:00
[2025-01-27T11:03:51.003+0000] {processor.py:208} INFO - Processing /home/airflow/.local/lib/python3.12/site-packages/airflow/example_dags/example_branch_operator.py took 0.253 seconds
[2025-01-27T11:04:49.920+0000] {processor.py:186} INFO - Started process (PID=1047) to work on /home/airflow/.local/lib/python3.12/site-packages/airflow/example_dags/example_branch_operator.py
[2025-01-27T11:04:49.928+0000] {processor.py:914} INFO - Processing file /home/airflow/.local/lib/python3.12/site-packages/airflow/example_dags/example_branch_operator.py for tasks to queue
[2025-01-27T11:04:49.935+0000] {logging_mixin.py:190} INFO - [2025-01-27T11:04:49.934+0000] {dagbag.py:588} INFO - Filling up the DagBag from /home/airflow/.local/lib/python3.12/site-packages/airflow/example_dags/example_branch_operator.py
[2025-01-27T11:04:50.531+0000] {processor.py:925} INFO - DAG(s) 'example_branch_operator' retrieved from /home/airflow/.local/lib/python3.12/site-packages/airflow/example_dags/example_branch_operator.py
[2025-01-27T11:04:51.843+0000] {logging_mixin.py:190} INFO - [2025-01-27T11:04:51.840+0000] {dag.py:3239} INFO - Sync 1 DAGs
[2025-01-27T11:04:52.610+0000] {logging_mixin.py:190} INFO - [2025-01-27T11:04:52.609+0000] {dag.py:4180} INFO - Setting next_dagrun for example_branch_operator to 2025-01-26 00:00:00+00:00, run_after=2025-01-27 00:00:00+00:00
[2025-01-27T11:04:53.281+0000] {processor.py:208} INFO - Processing /home/airflow/.local/lib/python3.12/site-packages/airflow/example_dags/example_branch_operator.py took 3.427 seconds
[2025-01-27T11:14:50.072+0000] {processor.py:186} INFO - Started process (PID=1112) to work on /home/airflow/.local/lib/python3.12/site-packages/airflow/example_dags/example_branch_operator.py
[2025-01-27T11:14:50.075+0000] {processor.py:914} INFO - Processing file /home/airflow/.local/lib/python3.12/site-packages/airflow/example_dags/example_branch_operator.py for tasks to queue
[2025-01-27T11:14:50.078+0000] {logging_mixin.py:190} INFO - [2025-01-27T11:14:50.078+0000] {dagbag.py:588} INFO - Filling up the DagBag from /home/airflow/.local/lib/python3.12/site-packages/airflow/example_dags/example_branch_operator.py
[2025-01-27T11:14:50.166+0000] {processor.py:925} INFO - DAG(s) 'example_branch_operator' retrieved from /home/airflow/.local/lib/python3.12/site-packages/airflow/example_dags/example_branch_operator.py
[2025-01-27T11:14:50.256+0000] {logging_mixin.py:190} INFO - [2025-01-27T11:14:50.255+0000] {dag.py:3239} INFO - Sync 1 DAGs
[2025-01-27T11:14:50.357+0000] {logging_mixin.py:190} INFO - [2025-01-27T11:14:50.348+0000] {dag.py:4180} INFO - Setting next_dagrun for example_branch_operator to 2025-01-26 00:00:00+00:00, run_after=2025-01-27 00:00:00+00:00
[2025-01-27T11:14:50.433+0000] {processor.py:208} INFO - Processing /home/airflow/.local/lib/python3.12/site-packages/airflow/example_dags/example_branch_operator.py took 0.375 seconds
[2025-01-27T11:15:21.817+0000] {processor.py:186} INFO - Started process (PID=1176) to work on /home/airflow/.local/lib/python3.12/site-packages/airflow/example_dags/example_branch_operator.py
[2025-01-27T11:15:21.819+0000] {processor.py:914} INFO - Processing file /home/airflow/.local/lib/python3.12/site-packages/airflow/example_dags/example_branch_operator.py for tasks to queue
[2025-01-27T11:15:21.822+0000] {logging_mixin.py:190} INFO - [2025-01-27T11:15:21.821+0000] {dagbag.py:588} INFO - Filling up the DagBag from /home/airflow/.local/lib/python3.12/site-packages/airflow/example_dags/example_branch_operator.py
[2025-01-27T11:15:21.867+0000] {processor.py:925} INFO - DAG(s) 'example_branch_operator' retrieved from /home/airflow/.local/lib/python3.12/site-packages/airflow/example_dags/example_branch_operator.py
[2025-01-27T11:15:21.964+0000] {logging_mixin.py:190} INFO - [2025-01-27T11:15:21.963+0000] {dag.py:3239} INFO - Sync 1 DAGs
[2025-01-27T11:15:22.044+0000] {logging_mixin.py:190} INFO - [2025-01-27T11:15:22.044+0000] {dag.py:4180} INFO - Setting next_dagrun for example_branch_operator to 2025-01-26 00:00:00+00:00, run_after=2025-01-27 00:00:00+00:00
[2025-01-27T11:15:22.102+0000] {processor.py:208} INFO - Processing /home/airflow/.local/lib/python3.12/site-packages/airflow/example_dags/example_branch_operator.py took 0.298 seconds
[2025-01-27T11:15:53.942+0000] {processor.py:186} INFO - Started process (PID=1240) to work on /home/airflow/.local/lib/python3.12/site-packages/airflow/example_dags/example_branch_operator.py
[2025-01-27T11:15:53.944+0000] {processor.py:914} INFO - Processing file /home/airflow/.local/lib/python3.12/site-packages/airflow/example_dags/example_branch_operator.py for tasks to queue
[2025-01-27T11:15:53.946+0000] {logging_mixin.py:190} INFO - [2025-01-27T11:15:53.946+0000] {dagbag.py:588} INFO - Filling up the DagBag from /home/airflow/.local/lib/python3.12/site-packages/airflow/example_dags/example_branch_operator.py
[2025-01-27T11:15:53.978+0000] {processor.py:925} INFO - DAG(s) 'example_branch_operator' retrieved from /home/airflow/.local/lib/python3.12/site-packages/airflow/example_dags/example_branch_operator.py
[2025-01-27T11:15:54.040+0000] {logging_mixin.py:190} INFO - [2025-01-27T11:15:54.039+0000] {dag.py:3239} INFO - Sync 1 DAGs
[2025-01-27T11:15:54.091+0000] {logging_mixin.py:190} INFO - [2025-01-27T11:15:54.091+0000] {dag.py:4180} INFO - Setting next_dagrun for example_branch_operator to 2025-01-26 00:00:00+00:00, run_after=2025-01-27 00:00:00+00:00
[2025-01-27T11:15:54.126+0000] {processor.py:208} INFO - Processing /home/airflow/.local/lib/python3.12/site-packages/airflow/example_dags/example_branch_operator.py took 0.194 seconds
[2025-01-27T11:18:17.003+0000] {processor.py:186} INFO - Started process (PID=1314) to work on /home/airflow/.local/lib/python3.12/site-packages/airflow/example_dags/example_branch_operator.py
[2025-01-27T11:18:17.014+0000] {processor.py:914} INFO - Processing file /home/airflow/.local/lib/python3.12/site-packages/airflow/example_dags/example_branch_operator.py for tasks to queue
[2025-01-27T11:18:17.019+0000] {logging_mixin.py:190} INFO - [2025-01-27T11:18:17.018+0000] {dagbag.py:588} INFO - Filling up the DagBag from /home/airflow/.local/lib/python3.12/site-packages/airflow/example_dags/example_branch_operator.py
[2025-01-27T11:18:17.091+0000] {processor.py:925} INFO - DAG(s) 'example_branch_operator' retrieved from /home/airflow/.local/lib/python3.12/site-packages/airflow/example_dags/example_branch_operator.py
[2025-01-27T11:18:17.246+0000] {logging_mixin.py:190} INFO - [2025-01-27T11:18:17.245+0000] {dag.py:3239} INFO - Sync 1 DAGs
[2025-01-27T11:18:17.358+0000] {logging_mixin.py:190} INFO - [2025-01-27T11:18:17.357+0000] {dag.py:4180} INFO - Setting next_dagrun for example_branch_operator to 2025-01-26 00:00:00+00:00, run_after=2025-01-27 00:00:00+00:00
[2025-01-27T11:18:17.449+0000] {processor.py:208} INFO - Processing /home/airflow/.local/lib/python3.12/site-packages/airflow/example_dags/example_branch_operator.py took 0.473 seconds
[2025-01-27T11:19:08.756+0000] {processor.py:186} INFO - Started process (PID=1377) to work on /home/airflow/.local/lib/python3.12/site-packages/airflow/example_dags/example_branch_operator.py
[2025-01-27T11:19:08.760+0000] {processor.py:914} INFO - Processing file /home/airflow/.local/lib/python3.12/site-packages/airflow/example_dags/example_branch_operator.py for tasks to queue
[2025-01-27T11:19:08.763+0000] {logging_mixin.py:190} INFO - [2025-01-27T11:19:08.762+0000] {dagbag.py:588} INFO - Filling up the DagBag from /home/airflow/.local/lib/python3.12/site-packages/airflow/example_dags/example_branch_operator.py
[2025-01-27T11:19:08.836+0000] {processor.py:925} INFO - DAG(s) 'example_branch_operator' retrieved from /home/airflow/.local/lib/python3.12/site-packages/airflow/example_dags/example_branch_operator.py
[2025-01-27T11:19:08.928+0000] {logging_mixin.py:190} INFO - [2025-01-27T11:19:08.927+0000] {dag.py:3239} INFO - Sync 1 DAGs
[2025-01-27T11:19:09.002+0000] {logging_mixin.py:190} INFO - [2025-01-27T11:19:09.001+0000] {dag.py:4180} INFO - Setting next_dagrun for example_branch_operator to 2025-01-26 00:00:00+00:00, run_after=2025-01-27 00:00:00+00:00
[2025-01-27T11:19:09.057+0000] {processor.py:208} INFO - Processing /home/airflow/.local/lib/python3.12/site-packages/airflow/example_dags/example_branch_operator.py took 0.320 seconds
[2025-01-27T11:19:39.228+0000] {processor.py:186} INFO - Started process (PID=1441) to work on /home/airflow/.local/lib/python3.12/site-packages/airflow/example_dags/example_branch_operator.py
[2025-01-27T11:19:39.230+0000] {processor.py:914} INFO - Processing file /home/airflow/.local/lib/python3.12/site-packages/airflow/example_dags/example_branch_operator.py for tasks to queue
[2025-01-27T11:19:39.233+0000] {logging_mixin.py:190} INFO - [2025-01-27T11:19:39.232+0000] {dagbag.py:588} INFO - Filling up the DagBag from /home/airflow/.local/lib/python3.12/site-packages/airflow/example_dags/example_branch_operator.py
[2025-01-27T11:19:39.306+0000] {processor.py:925} INFO - DAG(s) 'example_branch_operator' retrieved from /home/airflow/.local/lib/python3.12/site-packages/airflow/example_dags/example_branch_operator.py
[2025-01-27T11:19:39.385+0000] {logging_mixin.py:190} INFO - [2025-01-27T11:19:39.385+0000] {dag.py:3239} INFO - Sync 1 DAGs
[2025-01-27T11:19:39.443+0000] {logging_mixin.py:190} INFO - [2025-01-27T11:19:39.442+0000] {dag.py:4180} INFO - Setting next_dagrun for example_branch_operator to 2025-01-26 00:00:00+00:00, run_after=2025-01-27 00:00:00+00:00
[2025-01-27T11:19:39.513+0000] {processor.py:208} INFO - Processing /home/airflow/.local/lib/python3.12/site-packages/airflow/example_dags/example_branch_operator.py took 0.303 seconds
[2025-01-27T11:20:09.762+0000] {processor.py:186} INFO - Started process (PID=1505) to work on /home/airflow/.local/lib/python3.12/site-packages/airflow/example_dags/example_branch_operator.py
[2025-01-27T11:20:09.764+0000] {processor.py:914} INFO - Processing file /home/airflow/.local/lib/python3.12/site-packages/airflow/example_dags/example_branch_operator.py for tasks to queue
[2025-01-27T11:20:09.766+0000] {logging_mixin.py:190} INFO - [2025-01-27T11:20:09.765+0000] {dagbag.py:588} INFO - Filling up the DagBag from /home/airflow/.local/lib/python3.12/site-packages/airflow/example_dags/example_branch_operator.py
[2025-01-27T11:20:09.801+0000] {processor.py:925} INFO - DAG(s) 'example_branch_operator' retrieved from /home/airflow/.local/lib/python3.12/site-packages/airflow/example_dags/example_branch_operator.py
[2025-01-27T11:20:09.844+0000] {logging_mixin.py:190} INFO - [2025-01-27T11:20:09.844+0000] {dag.py:3239} INFO - Sync 1 DAGs
[2025-01-27T11:20:09.880+0000] {logging_mixin.py:190} INFO - [2025-01-27T11:20:09.880+0000] {dag.py:4180} INFO - Setting next_dagrun for example_branch_operator to 2025-01-26 00:00:00+00:00, run_after=2025-01-27 00:00:00+00:00
[2025-01-27T11:20:09.914+0000] {processor.py:208} INFO - Processing /home/airflow/.local/lib/python3.12/site-packages/airflow/example_dags/example_branch_operator.py took 0.167 seconds
[2025-01-27T11:36:48.508+0000] {processor.py:186} INFO - Started process (PID=148) to work on /home/airflow/.local/lib/python3.12/site-packages/airflow/example_dags/example_branch_operator.py
[2025-01-27T11:36:48.542+0000] {processor.py:914} INFO - Processing file /home/airflow/.local/lib/python3.12/site-packages/airflow/example_dags/example_branch_operator.py for tasks to queue
[2025-01-27T11:36:48.560+0000] {logging_mixin.py:190} INFO - [2025-01-27T11:36:48.559+0000] {dagbag.py:588} INFO - Filling up the DagBag from /home/airflow/.local/lib/python3.12/site-packages/airflow/example_dags/example_branch_operator.py
[2025-01-27T11:36:48.789+0000] {processor.py:925} INFO - DAG(s) 'example_branch_operator' retrieved from /home/airflow/.local/lib/python3.12/site-packages/airflow/example_dags/example_branch_operator.py
[2025-01-27T11:36:49.220+0000] {logging_mixin.py:190} INFO - [2025-01-27T11:36:49.220+0000] {dag.py:3239} INFO - Sync 1 DAGs
[2025-01-27T11:36:49.369+0000] {logging_mixin.py:190} INFO - [2025-01-27T11:36:49.367+0000] {dag.py:4180} INFO - Setting next_dagrun for example_branch_operator to 2025-01-26 00:00:00+00:00, run_after=2025-01-27 00:00:00+00:00
[2025-01-27T11:36:49.503+0000] {processor.py:208} INFO - Processing /home/airflow/.local/lib/python3.12/site-packages/airflow/example_dags/example_branch_operator.py took 1.117 seconds
[2025-01-27T11:38:06.445+0000] {processor.py:186} INFO - Started process (PID=223) to work on /home/airflow/.local/lib/python3.12/site-packages/airflow/example_dags/example_branch_operator.py
[2025-01-27T11:38:06.456+0000] {processor.py:914} INFO - Processing file /home/airflow/.local/lib/python3.12/site-packages/airflow/example_dags/example_branch_operator.py for tasks to queue
[2025-01-27T11:38:06.473+0000] {logging_mixin.py:190} INFO - [2025-01-27T11:38:06.472+0000] {dagbag.py:588} INFO - Filling up the DagBag from /home/airflow/.local/lib/python3.12/site-packages/airflow/example_dags/example_branch_operator.py
[2025-01-27T11:38:06.532+0000] {processor.py:925} INFO - DAG(s) 'example_branch_operator' retrieved from /home/airflow/.local/lib/python3.12/site-packages/airflow/example_dags/example_branch_operator.py
[2025-01-27T11:38:06.631+0000] {logging_mixin.py:190} INFO - [2025-01-27T11:38:06.631+0000] {dag.py:3239} INFO - Sync 1 DAGs
[2025-01-27T11:38:06.767+0000] {logging_mixin.py:190} INFO - [2025-01-27T11:38:06.766+0000] {dag.py:4180} INFO - Setting next_dagrun for example_branch_operator to 2025-01-26 00:00:00+00:00, run_after=2025-01-27 00:00:00+00:00
[2025-01-27T11:38:06.918+0000] {processor.py:208} INFO - Processing /home/airflow/.local/lib/python3.12/site-packages/airflow/example_dags/example_branch_operator.py took 0.539 seconds
[2025-01-27T11:38:43.059+0000] {processor.py:186} INFO - Started process (PID=287) to work on /home/airflow/.local/lib/python3.12/site-packages/airflow/example_dags/example_branch_operator.py
[2025-01-27T11:38:43.062+0000] {processor.py:914} INFO - Processing file /home/airflow/.local/lib/python3.12/site-packages/airflow/example_dags/example_branch_operator.py for tasks to queue
[2025-01-27T11:38:43.082+0000] {logging_mixin.py:190} INFO - [2025-01-27T11:38:43.081+0000] {dagbag.py:588} INFO - Filling up the DagBag from /home/airflow/.local/lib/python3.12/site-packages/airflow/example_dags/example_branch_operator.py
[2025-01-27T11:38:43.347+0000] {processor.py:925} INFO - DAG(s) 'example_branch_operator' retrieved from /home/airflow/.local/lib/python3.12/site-packages/airflow/example_dags/example_branch_operator.py
[2025-01-27T11:38:43.508+0000] {logging_mixin.py:190} INFO - [2025-01-27T11:38:43.507+0000] {dag.py:3239} INFO - Sync 1 DAGs
[2025-01-27T11:38:43.714+0000] {logging_mixin.py:190} INFO - [2025-01-27T11:38:43.709+0000] {dag.py:4180} INFO - Setting next_dagrun for example_branch_operator to 2025-01-26 00:00:00+00:00, run_after=2025-01-27 00:00:00+00:00
[2025-01-27T11:38:43.847+0000] {processor.py:208} INFO - Processing /home/airflow/.local/lib/python3.12/site-packages/airflow/example_dags/example_branch_operator.py took 0.832 seconds
[2025-01-27T11:39:16.623+0000] {processor.py:186} INFO - Started process (PID=352) to work on /home/airflow/.local/lib/python3.12/site-packages/airflow/example_dags/example_branch_operator.py
[2025-01-27T11:39:16.625+0000] {processor.py:914} INFO - Processing file /home/airflow/.local/lib/python3.12/site-packages/airflow/example_dags/example_branch_operator.py for tasks to queue
[2025-01-27T11:39:16.640+0000] {logging_mixin.py:190} INFO - [2025-01-27T11:39:16.639+0000] {dagbag.py:588} INFO - Filling up the DagBag from /home/airflow/.local/lib/python3.12/site-packages/airflow/example_dags/example_branch_operator.py
[2025-01-27T11:39:16.762+0000] {processor.py:925} INFO - DAG(s) 'example_branch_operator' retrieved from /home/airflow/.local/lib/python3.12/site-packages/airflow/example_dags/example_branch_operator.py
[2025-01-27T11:39:16.923+0000] {logging_mixin.py:190} INFO - [2025-01-27T11:39:16.923+0000] {dag.py:3239} INFO - Sync 1 DAGs
[2025-01-27T11:39:17.090+0000] {logging_mixin.py:190} INFO - [2025-01-27T11:39:17.089+0000] {dag.py:4180} INFO - Setting next_dagrun for example_branch_operator to 2025-01-26 00:00:00+00:00, run_after=2025-01-27 00:00:00+00:00
[2025-01-27T11:39:17.217+0000] {processor.py:208} INFO - Processing /home/airflow/.local/lib/python3.12/site-packages/airflow/example_dags/example_branch_operator.py took 0.608 seconds
[2025-01-27T11:39:48.513+0000] {processor.py:186} INFO - Started process (PID=416) to work on /home/airflow/.local/lib/python3.12/site-packages/airflow/example_dags/example_branch_operator.py
[2025-01-27T11:39:48.515+0000] {processor.py:914} INFO - Processing file /home/airflow/.local/lib/python3.12/site-packages/airflow/example_dags/example_branch_operator.py for tasks to queue
[2025-01-27T11:39:48.519+0000] {logging_mixin.py:190} INFO - [2025-01-27T11:39:48.518+0000] {dagbag.py:588} INFO - Filling up the DagBag from /home/airflow/.local/lib/python3.12/site-packages/airflow/example_dags/example_branch_operator.py
[2025-01-27T11:39:48.557+0000] {processor.py:925} INFO - DAG(s) 'example_branch_operator' retrieved from /home/airflow/.local/lib/python3.12/site-packages/airflow/example_dags/example_branch_operator.py
[2025-01-27T11:39:48.633+0000] {logging_mixin.py:190} INFO - [2025-01-27T11:39:48.633+0000] {dag.py:3239} INFO - Sync 1 DAGs
[2025-01-27T11:39:48.692+0000] {logging_mixin.py:190} INFO - [2025-01-27T11:39:48.692+0000] {dag.py:4180} INFO - Setting next_dagrun for example_branch_operator to 2025-01-26 00:00:00+00:00, run_after=2025-01-27 00:00:00+00:00
[2025-01-27T11:39:48.732+0000] {processor.py:208} INFO - Processing /home/airflow/.local/lib/python3.12/site-packages/airflow/example_dags/example_branch_operator.py took 0.231 seconds
[2025-01-27T11:40:19.643+0000] {processor.py:186} INFO - Started process (PID=481) to work on /home/airflow/.local/lib/python3.12/site-packages/airflow/example_dags/example_branch_operator.py
[2025-01-27T11:40:19.645+0000] {processor.py:914} INFO - Processing file /home/airflow/.local/lib/python3.12/site-packages/airflow/example_dags/example_branch_operator.py for tasks to queue
[2025-01-27T11:40:19.650+0000] {logging_mixin.py:190} INFO - [2025-01-27T11:40:19.650+0000] {dagbag.py:588} INFO - Filling up the DagBag from /home/airflow/.local/lib/python3.12/site-packages/airflow/example_dags/example_branch_operator.py
[2025-01-27T11:40:19.704+0000] {processor.py:925} INFO - DAG(s) 'example_branch_operator' retrieved from /home/airflow/.local/lib/python3.12/site-packages/airflow/example_dags/example_branch_operator.py
[2025-01-27T11:40:19.759+0000] {logging_mixin.py:190} INFO - [2025-01-27T11:40:19.759+0000] {dag.py:3239} INFO - Sync 1 DAGs
[2025-01-27T11:40:19.803+0000] {logging_mixin.py:190} INFO - [2025-01-27T11:40:19.803+0000] {dag.py:4180} INFO - Setting next_dagrun for example_branch_operator to 2025-01-26 00:00:00+00:00, run_after=2025-01-27 00:00:00+00:00
[2025-01-27T11:40:19.837+0000] {processor.py:208} INFO - Processing /home/airflow/.local/lib/python3.12/site-packages/airflow/example_dags/example_branch_operator.py took 0.207 seconds
[2025-01-27T11:40:50.645+0000] {processor.py:186} INFO - Started process (PID=545) to work on /home/airflow/.local/lib/python3.12/site-packages/airflow/example_dags/example_branch_operator.py
[2025-01-27T11:40:50.647+0000] {processor.py:914} INFO - Processing file /home/airflow/.local/lib/python3.12/site-packages/airflow/example_dags/example_branch_operator.py for tasks to queue
[2025-01-27T11:40:50.651+0000] {logging_mixin.py:190} INFO - [2025-01-27T11:40:50.650+0000] {dagbag.py:588} INFO - Filling up the DagBag from /home/airflow/.local/lib/python3.12/site-packages/airflow/example_dags/example_branch_operator.py
[2025-01-27T11:40:50.684+0000] {processor.py:925} INFO - DAG(s) 'example_branch_operator' retrieved from /home/airflow/.local/lib/python3.12/site-packages/airflow/example_dags/example_branch_operator.py
[2025-01-27T11:40:50.749+0000] {logging_mixin.py:190} INFO - [2025-01-27T11:40:50.749+0000] {dag.py:3239} INFO - Sync 1 DAGs
[2025-01-27T11:40:50.791+0000] {logging_mixin.py:190} INFO - [2025-01-27T11:40:50.790+0000] {dag.py:4180} INFO - Setting next_dagrun for example_branch_operator to 2025-01-26 00:00:00+00:00, run_after=2025-01-27 00:00:00+00:00
[2025-01-27T11:40:50.820+0000] {processor.py:208} INFO - Processing /home/airflow/.local/lib/python3.12/site-packages/airflow/example_dags/example_branch_operator.py took 0.184 seconds
[2025-01-27T11:41:20.914+0000] {processor.py:186} INFO - Started process (PID=608) to work on /home/airflow/.local/lib/python3.12/site-packages/airflow/example_dags/example_branch_operator.py
[2025-01-27T11:41:20.916+0000] {processor.py:914} INFO - Processing file /home/airflow/.local/lib/python3.12/site-packages/airflow/example_dags/example_branch_operator.py for tasks to queue
[2025-01-27T11:41:20.920+0000] {logging_mixin.py:190} INFO - [2025-01-27T11:41:20.919+0000] {dagbag.py:588} INFO - Filling up the DagBag from /home/airflow/.local/lib/python3.12/site-packages/airflow/example_dags/example_branch_operator.py
[2025-01-27T11:41:20.946+0000] {processor.py:925} INFO - DAG(s) 'example_branch_operator' retrieved from /home/airflow/.local/lib/python3.12/site-packages/airflow/example_dags/example_branch_operator.py
[2025-01-27T11:41:20.993+0000] {logging_mixin.py:190} INFO - [2025-01-27T11:41:20.993+0000] {dag.py:3239} INFO - Sync 1 DAGs
[2025-01-27T11:41:21.041+0000] {logging_mixin.py:190} INFO - [2025-01-27T11:41:21.040+0000] {dag.py:4180} INFO - Setting next_dagrun for example_branch_operator to 2025-01-26 00:00:00+00:00, run_after=2025-01-27 00:00:00+00:00
[2025-01-27T11:41:21.070+0000] {processor.py:208} INFO - Processing /home/airflow/.local/lib/python3.12/site-packages/airflow/example_dags/example_branch_operator.py took 0.165 seconds
[2025-01-27T11:41:51.786+0000] {processor.py:186} INFO - Started process (PID=672) to work on /home/airflow/.local/lib/python3.12/site-packages/airflow/example_dags/example_branch_operator.py
[2025-01-27T11:41:51.788+0000] {processor.py:914} INFO - Processing file /home/airflow/.local/lib/python3.12/site-packages/airflow/example_dags/example_branch_operator.py for tasks to queue
[2025-01-27T11:41:51.794+0000] {logging_mixin.py:190} INFO - [2025-01-27T11:41:51.793+0000] {dagbag.py:588} INFO - Filling up the DagBag from /home/airflow/.local/lib/python3.12/site-packages/airflow/example_dags/example_branch_operator.py
[2025-01-27T11:41:51.826+0000] {processor.py:925} INFO - DAG(s) 'example_branch_operator' retrieved from /home/airflow/.local/lib/python3.12/site-packages/airflow/example_dags/example_branch_operator.py
[2025-01-27T11:41:51.872+0000] {logging_mixin.py:190} INFO - [2025-01-27T11:41:51.872+0000] {dag.py:3239} INFO - Sync 1 DAGs
[2025-01-27T11:41:51.913+0000] {logging_mixin.py:190} INFO - [2025-01-27T11:41:51.913+0000] {dag.py:4180} INFO - Setting next_dagrun for example_branch_operator to 2025-01-26 00:00:00+00:00, run_after=2025-01-27 00:00:00+00:00
[2025-01-27T11:41:51.948+0000] {processor.py:208} INFO - Processing /home/airflow/.local/lib/python3.12/site-packages/airflow/example_dags/example_branch_operator.py took 0.172 seconds
[2025-01-27T11:42:22.383+0000] {processor.py:186} INFO - Started process (PID=736) to work on /home/airflow/.local/lib/python3.12/site-packages/airflow/example_dags/example_branch_operator.py
[2025-01-27T11:42:22.385+0000] {processor.py:914} INFO - Processing file /home/airflow/.local/lib/python3.12/site-packages/airflow/example_dags/example_branch_operator.py for tasks to queue
[2025-01-27T11:42:22.390+0000] {logging_mixin.py:190} INFO - [2025-01-27T11:42:22.390+0000] {dagbag.py:588} INFO - Filling up the DagBag from /home/airflow/.local/lib/python3.12/site-packages/airflow/example_dags/example_branch_operator.py
[2025-01-27T11:42:22.437+0000] {processor.py:925} INFO - DAG(s) 'example_branch_operator' retrieved from /home/airflow/.local/lib/python3.12/site-packages/airflow/example_dags/example_branch_operator.py
[2025-01-27T11:42:22.508+0000] {logging_mixin.py:190} INFO - [2025-01-27T11:42:22.507+0000] {dag.py:3239} INFO - Sync 1 DAGs
[2025-01-27T11:42:22.641+0000] {logging_mixin.py:190} INFO - [2025-01-27T11:42:22.641+0000] {dag.py:4180} INFO - Setting next_dagrun for example_branch_operator to 2025-01-26 00:00:00+00:00, run_after=2025-01-27 00:00:00+00:00
[2025-01-27T11:42:22.698+0000] {processor.py:208} INFO - Processing /home/airflow/.local/lib/python3.12/site-packages/airflow/example_dags/example_branch_operator.py took 0.329 seconds
[2025-01-27T11:42:52.929+0000] {processor.py:186} INFO - Started process (PID=800) to work on /home/airflow/.local/lib/python3.12/site-packages/airflow/example_dags/example_branch_operator.py
[2025-01-27T11:42:52.931+0000] {processor.py:914} INFO - Processing file /home/airflow/.local/lib/python3.12/site-packages/airflow/example_dags/example_branch_operator.py for tasks to queue
[2025-01-27T11:42:52.936+0000] {logging_mixin.py:190} INFO - [2025-01-27T11:42:52.936+0000] {dagbag.py:588} INFO - Filling up the DagBag from /home/airflow/.local/lib/python3.12/site-packages/airflow/example_dags/example_branch_operator.py
[2025-01-27T11:42:52.978+0000] {processor.py:925} INFO - DAG(s) 'example_branch_operator' retrieved from /home/airflow/.local/lib/python3.12/site-packages/airflow/example_dags/example_branch_operator.py
[2025-01-27T11:42:53.032+0000] {logging_mixin.py:190} INFO - [2025-01-27T11:42:53.032+0000] {dag.py:3239} INFO - Sync 1 DAGs
[2025-01-27T11:42:53.078+0000] {logging_mixin.py:190} INFO - [2025-01-27T11:42:53.078+0000] {dag.py:4180} INFO - Setting next_dagrun for example_branch_operator to 2025-01-26 00:00:00+00:00, run_after=2025-01-27 00:00:00+00:00
[2025-01-27T11:42:53.136+0000] {processor.py:208} INFO - Processing /home/airflow/.local/lib/python3.12/site-packages/airflow/example_dags/example_branch_operator.py took 0.219 seconds
[2025-01-27T11:43:23.510+0000] {processor.py:186} INFO - Started process (PID=865) to work on /home/airflow/.local/lib/python3.12/site-packages/airflow/example_dags/example_branch_operator.py
[2025-01-27T11:43:23.512+0000] {processor.py:914} INFO - Processing file /home/airflow/.local/lib/python3.12/site-packages/airflow/example_dags/example_branch_operator.py for tasks to queue
[2025-01-27T11:43:23.517+0000] {logging_mixin.py:190} INFO - [2025-01-27T11:43:23.516+0000] {dagbag.py:588} INFO - Filling up the DagBag from /home/airflow/.local/lib/python3.12/site-packages/airflow/example_dags/example_branch_operator.py
[2025-01-27T11:43:23.557+0000] {processor.py:925} INFO - DAG(s) 'example_branch_operator' retrieved from /home/airflow/.local/lib/python3.12/site-packages/airflow/example_dags/example_branch_operator.py
[2025-01-27T11:43:23.600+0000] {logging_mixin.py:190} INFO - [2025-01-27T11:43:23.600+0000] {dag.py:3239} INFO - Sync 1 DAGs
[2025-01-27T11:43:23.649+0000] {logging_mixin.py:190} INFO - [2025-01-27T11:43:23.649+0000] {dag.py:4180} INFO - Setting next_dagrun for example_branch_operator to 2025-01-26 00:00:00+00:00, run_after=2025-01-27 00:00:00+00:00
[2025-01-27T11:43:23.685+0000] {processor.py:208} INFO - Processing /home/airflow/.local/lib/python3.12/site-packages/airflow/example_dags/example_branch_operator.py took 0.188 seconds
[2025-01-27T11:43:53.902+0000] {processor.py:186} INFO - Started process (PID=929) to work on /home/airflow/.local/lib/python3.12/site-packages/airflow/example_dags/example_branch_operator.py
[2025-01-27T11:43:53.904+0000] {processor.py:914} INFO - Processing file /home/airflow/.local/lib/python3.12/site-packages/airflow/example_dags/example_branch_operator.py for tasks to queue
[2025-01-27T11:43:53.919+0000] {logging_mixin.py:190} INFO - [2025-01-27T11:43:53.918+0000] {dagbag.py:588} INFO - Filling up the DagBag from /home/airflow/.local/lib/python3.12/site-packages/airflow/example_dags/example_branch_operator.py
[2025-01-27T11:43:53.994+0000] {processor.py:925} INFO - DAG(s) 'example_branch_operator' retrieved from /home/airflow/.local/lib/python3.12/site-packages/airflow/example_dags/example_branch_operator.py
[2025-01-27T11:43:54.109+0000] {logging_mixin.py:190} INFO - [2025-01-27T11:43:54.108+0000] {dag.py:3239} INFO - Sync 1 DAGs
[2025-01-27T11:43:54.217+0000] {logging_mixin.py:190} INFO - [2025-01-27T11:43:54.217+0000] {dag.py:4180} INFO - Setting next_dagrun for example_branch_operator to 2025-01-26 00:00:00+00:00, run_after=2025-01-27 00:00:00+00:00
[2025-01-27T11:43:54.320+0000] {processor.py:208} INFO - Processing /home/airflow/.local/lib/python3.12/site-packages/airflow/example_dags/example_branch_operator.py took 0.440 seconds
[2025-01-27T11:44:25.015+0000] {processor.py:186} INFO - Started process (PID=993) to work on /home/airflow/.local/lib/python3.12/site-packages/airflow/example_dags/example_branch_operator.py
[2025-01-27T11:44:25.017+0000] {processor.py:914} INFO - Processing file /home/airflow/.local/lib/python3.12/site-packages/airflow/example_dags/example_branch_operator.py for tasks to queue
[2025-01-27T11:44:25.023+0000] {logging_mixin.py:190} INFO - [2025-01-27T11:44:25.022+0000] {dagbag.py:588} INFO - Filling up the DagBag from /home/airflow/.local/lib/python3.12/site-packages/airflow/example_dags/example_branch_operator.py
[2025-01-27T11:44:25.071+0000] {processor.py:925} INFO - DAG(s) 'example_branch_operator' retrieved from /home/airflow/.local/lib/python3.12/site-packages/airflow/example_dags/example_branch_operator.py
[2025-01-27T11:44:25.139+0000] {logging_mixin.py:190} INFO - [2025-01-27T11:44:25.138+0000] {dag.py:3239} INFO - Sync 1 DAGs
[2025-01-27T11:44:25.212+0000] {logging_mixin.py:190} INFO - [2025-01-27T11:44:25.211+0000] {dag.py:4180} INFO - Setting next_dagrun for example_branch_operator to 2025-01-26 00:00:00+00:00, run_after=2025-01-27 00:00:00+00:00
[2025-01-27T11:44:25.257+0000] {processor.py:208} INFO - Processing /home/airflow/.local/lib/python3.12/site-packages/airflow/example_dags/example_branch_operator.py took 0.255 seconds
[2025-01-27T11:44:55.563+0000] {processor.py:186} INFO - Started process (PID=1056) to work on /home/airflow/.local/lib/python3.12/site-packages/airflow/example_dags/example_branch_operator.py
[2025-01-27T11:44:55.565+0000] {processor.py:914} INFO - Processing file /home/airflow/.local/lib/python3.12/site-packages/airflow/example_dags/example_branch_operator.py for tasks to queue
[2025-01-27T11:44:55.571+0000] {logging_mixin.py:190} INFO - [2025-01-27T11:44:55.570+0000] {dagbag.py:588} INFO - Filling up the DagBag from /home/airflow/.local/lib/python3.12/site-packages/airflow/example_dags/example_branch_operator.py
[2025-01-27T11:44:55.614+0000] {processor.py:925} INFO - DAG(s) 'example_branch_operator' retrieved from /home/airflow/.local/lib/python3.12/site-packages/airflow/example_dags/example_branch_operator.py
[2025-01-27T11:44:55.680+0000] {logging_mixin.py:190} INFO - [2025-01-27T11:44:55.680+0000] {dag.py:3239} INFO - Sync 1 DAGs
[2025-01-27T11:44:55.738+0000] {logging_mixin.py:190} INFO - [2025-01-27T11:44:55.737+0000] {dag.py:4180} INFO - Setting next_dagrun for example_branch_operator to 2025-01-26 00:00:00+00:00, run_after=2025-01-27 00:00:00+00:00
[2025-01-27T11:44:55.777+0000] {processor.py:208} INFO - Processing /home/airflow/.local/lib/python3.12/site-packages/airflow/example_dags/example_branch_operator.py took 0.226 seconds
[2025-01-27T11:45:26.517+0000] {processor.py:186} INFO - Started process (PID=1121) to work on /home/airflow/.local/lib/python3.12/site-packages/airflow/example_dags/example_branch_operator.py
[2025-01-27T11:45:26.519+0000] {processor.py:914} INFO - Processing file /home/airflow/.local/lib/python3.12/site-packages/airflow/example_dags/example_branch_operator.py for tasks to queue
[2025-01-27T11:45:26.523+0000] {logging_mixin.py:190} INFO - [2025-01-27T11:45:26.523+0000] {dagbag.py:588} INFO - Filling up the DagBag from /home/airflow/.local/lib/python3.12/site-packages/airflow/example_dags/example_branch_operator.py
[2025-01-27T11:45:26.563+0000] {processor.py:925} INFO - DAG(s) 'example_branch_operator' retrieved from /home/airflow/.local/lib/python3.12/site-packages/airflow/example_dags/example_branch_operator.py
[2025-01-27T11:45:26.622+0000] {logging_mixin.py:190} INFO - [2025-01-27T11:45:26.622+0000] {dag.py:3239} INFO - Sync 1 DAGs
[2025-01-27T11:45:26.679+0000] {logging_mixin.py:190} INFO - [2025-01-27T11:45:26.678+0000] {dag.py:4180} INFO - Setting next_dagrun for example_branch_operator to 2025-01-26 00:00:00+00:00, run_after=2025-01-27 00:00:00+00:00
[2025-01-27T11:45:26.713+0000] {processor.py:208} INFO - Processing /home/airflow/.local/lib/python3.12/site-packages/airflow/example_dags/example_branch_operator.py took 0.206 seconds
[2025-01-27T11:45:57.080+0000] {processor.py:186} INFO - Started process (PID=1185) to work on /home/airflow/.local/lib/python3.12/site-packages/airflow/example_dags/example_branch_operator.py
[2025-01-27T11:45:57.082+0000] {processor.py:914} INFO - Processing file /home/airflow/.local/lib/python3.12/site-packages/airflow/example_dags/example_branch_operator.py for tasks to queue
[2025-01-27T11:45:57.086+0000] {logging_mixin.py:190} INFO - [2025-01-27T11:45:57.085+0000] {dagbag.py:588} INFO - Filling up the DagBag from /home/airflow/.local/lib/python3.12/site-packages/airflow/example_dags/example_branch_operator.py
[2025-01-27T11:45:57.127+0000] {processor.py:925} INFO - DAG(s) 'example_branch_operator' retrieved from /home/airflow/.local/lib/python3.12/site-packages/airflow/example_dags/example_branch_operator.py
[2025-01-27T11:45:57.183+0000] {logging_mixin.py:190} INFO - [2025-01-27T11:45:57.183+0000] {dag.py:3239} INFO - Sync 1 DAGs
[2025-01-27T11:45:57.223+0000] {logging_mixin.py:190} INFO - [2025-01-27T11:45:57.223+0000] {dag.py:4180} INFO - Setting next_dagrun for example_branch_operator to 2025-01-26 00:00:00+00:00, run_after=2025-01-27 00:00:00+00:00
[2025-01-27T11:45:57.254+0000] {processor.py:208} INFO - Processing /home/airflow/.local/lib/python3.12/site-packages/airflow/example_dags/example_branch_operator.py took 0.185 seconds
[2025-01-27T11:46:27.634+0000] {processor.py:186} INFO - Started process (PID=1249) to work on /home/airflow/.local/lib/python3.12/site-packages/airflow/example_dags/example_branch_operator.py
[2025-01-27T11:46:27.636+0000] {processor.py:914} INFO - Processing file /home/airflow/.local/lib/python3.12/site-packages/airflow/example_dags/example_branch_operator.py for tasks to queue
[2025-01-27T11:46:27.640+0000] {logging_mixin.py:190} INFO - [2025-01-27T11:46:27.639+0000] {dagbag.py:588} INFO - Filling up the DagBag from /home/airflow/.local/lib/python3.12/site-packages/airflow/example_dags/example_branch_operator.py
[2025-01-27T11:46:27.677+0000] {processor.py:925} INFO - DAG(s) 'example_branch_operator' retrieved from /home/airflow/.local/lib/python3.12/site-packages/airflow/example_dags/example_branch_operator.py
[2025-01-27T11:46:27.728+0000] {logging_mixin.py:190} INFO - [2025-01-27T11:46:27.728+0000] {dag.py:3239} INFO - Sync 1 DAGs
[2025-01-27T11:46:27.766+0000] {logging_mixin.py:190} INFO - [2025-01-27T11:46:27.766+0000] {dag.py:4180} INFO - Setting next_dagrun for example_branch_operator to 2025-01-26 00:00:00+00:00, run_after=2025-01-27 00:00:00+00:00
[2025-01-27T11:46:27.798+0000] {processor.py:208} INFO - Processing /home/airflow/.local/lib/python3.12/site-packages/airflow/example_dags/example_branch_operator.py took 0.176 seconds
[2025-01-27T11:46:58.741+0000] {processor.py:186} INFO - Started process (PID=1313) to work on /home/airflow/.local/lib/python3.12/site-packages/airflow/example_dags/example_branch_operator.py
[2025-01-27T11:46:58.743+0000] {processor.py:914} INFO - Processing file /home/airflow/.local/lib/python3.12/site-packages/airflow/example_dags/example_branch_operator.py for tasks to queue
[2025-01-27T11:46:58.747+0000] {logging_mixin.py:190} INFO - [2025-01-27T11:46:58.746+0000] {dagbag.py:588} INFO - Filling up the DagBag from /home/airflow/.local/lib/python3.12/site-packages/airflow/example_dags/example_branch_operator.py
[2025-01-27T11:46:58.791+0000] {processor.py:925} INFO - DAG(s) 'example_branch_operator' retrieved from /home/airflow/.local/lib/python3.12/site-packages/airflow/example_dags/example_branch_operator.py
[2025-01-27T11:46:58.882+0000] {logging_mixin.py:190} INFO - [2025-01-27T11:46:58.881+0000] {dag.py:3239} INFO - Sync 1 DAGs
[2025-01-27T11:46:58.957+0000] {logging_mixin.py:190} INFO - [2025-01-27T11:46:58.956+0000] {dag.py:4180} INFO - Setting next_dagrun for example_branch_operator to 2025-01-26 00:00:00+00:00, run_after=2025-01-27 00:00:00+00:00
[2025-01-27T11:46:58.989+0000] {processor.py:208} INFO - Processing /home/airflow/.local/lib/python3.12/site-packages/airflow/example_dags/example_branch_operator.py took 0.260 seconds
[2025-01-27T11:47:29.476+0000] {processor.py:186} INFO - Started process (PID=1377) to work on /home/airflow/.local/lib/python3.12/site-packages/airflow/example_dags/example_branch_operator.py
[2025-01-27T11:47:29.478+0000] {processor.py:914} INFO - Processing file /home/airflow/.local/lib/python3.12/site-packages/airflow/example_dags/example_branch_operator.py for tasks to queue
[2025-01-27T11:47:29.482+0000] {logging_mixin.py:190} INFO - [2025-01-27T11:47:29.481+0000] {dagbag.py:588} INFO - Filling up the DagBag from /home/airflow/.local/lib/python3.12/site-packages/airflow/example_dags/example_branch_operator.py
[2025-01-27T11:47:29.520+0000] {processor.py:925} INFO - DAG(s) 'example_branch_operator' retrieved from /home/airflow/.local/lib/python3.12/site-packages/airflow/example_dags/example_branch_operator.py
[2025-01-27T11:47:29.584+0000] {logging_mixin.py:190} INFO - [2025-01-27T11:47:29.583+0000] {dag.py:3239} INFO - Sync 1 DAGs
[2025-01-27T11:47:29.639+0000] {logging_mixin.py:190} INFO - [2025-01-27T11:47:29.639+0000] {dag.py:4180} INFO - Setting next_dagrun for example_branch_operator to 2025-01-26 00:00:00+00:00, run_after=2025-01-27 00:00:00+00:00
[2025-01-27T11:47:29.675+0000] {processor.py:208} INFO - Processing /home/airflow/.local/lib/python3.12/site-packages/airflow/example_dags/example_branch_operator.py took 0.213 seconds
[2025-01-27T11:47:59.989+0000] {processor.py:186} INFO - Started process (PID=1440) to work on /home/airflow/.local/lib/python3.12/site-packages/airflow/example_dags/example_branch_operator.py
[2025-01-27T11:48:00.018+0000] {processor.py:914} INFO - Processing file /home/airflow/.local/lib/python3.12/site-packages/airflow/example_dags/example_branch_operator.py for tasks to queue
[2025-01-27T11:48:00.034+0000] {logging_mixin.py:190} INFO - [2025-01-27T11:48:00.033+0000] {dagbag.py:588} INFO - Filling up the DagBag from /home/airflow/.local/lib/python3.12/site-packages/airflow/example_dags/example_branch_operator.py
[2025-01-27T11:48:00.166+0000] {processor.py:925} INFO - DAG(s) 'example_branch_operator' retrieved from /home/airflow/.local/lib/python3.12/site-packages/airflow/example_dags/example_branch_operator.py
[2025-01-27T11:48:00.276+0000] {logging_mixin.py:190} INFO - [2025-01-27T11:48:00.276+0000] {dag.py:3239} INFO - Sync 1 DAGs
[2025-01-27T11:48:00.377+0000] {logging_mixin.py:190} INFO - [2025-01-27T11:48:00.377+0000] {dag.py:4180} INFO - Setting next_dagrun for example_branch_operator to 2025-01-26 00:00:00+00:00, run_after=2025-01-27 00:00:00+00:00
[2025-01-27T11:48:00.440+0000] {processor.py:208} INFO - Processing /home/airflow/.local/lib/python3.12/site-packages/airflow/example_dags/example_branch_operator.py took 0.492 seconds
[2025-01-27T11:48:30.777+0000] {processor.py:186} INFO - Started process (PID=1503) to work on /home/airflow/.local/lib/python3.12/site-packages/airflow/example_dags/example_branch_operator.py
[2025-01-27T11:48:30.778+0000] {processor.py:914} INFO - Processing file /home/airflow/.local/lib/python3.12/site-packages/airflow/example_dags/example_branch_operator.py for tasks to queue
[2025-01-27T11:48:30.782+0000] {logging_mixin.py:190} INFO - [2025-01-27T11:48:30.782+0000] {dagbag.py:588} INFO - Filling up the DagBag from /home/airflow/.local/lib/python3.12/site-packages/airflow/example_dags/example_branch_operator.py
[2025-01-27T11:48:30.817+0000] {processor.py:925} INFO - DAG(s) 'example_branch_operator' retrieved from /home/airflow/.local/lib/python3.12/site-packages/airflow/example_dags/example_branch_operator.py
[2025-01-27T11:48:30.868+0000] {logging_mixin.py:190} INFO - [2025-01-27T11:48:30.867+0000] {dag.py:3239} INFO - Sync 1 DAGs
[2025-01-27T11:48:30.922+0000] {logging_mixin.py:190} INFO - [2025-01-27T11:48:30.921+0000] {dag.py:4180} INFO - Setting next_dagrun for example_branch_operator to 2025-01-26 00:00:00+00:00, run_after=2025-01-27 00:00:00+00:00
[2025-01-27T11:48:30.957+0000] {processor.py:208} INFO - Processing /home/airflow/.local/lib/python3.12/site-packages/airflow/example_dags/example_branch_operator.py took 0.191 seconds
[2025-01-27T11:49:01.352+0000] {processor.py:186} INFO - Started process (PID=1567) to work on /home/airflow/.local/lib/python3.12/site-packages/airflow/example_dags/example_branch_operator.py
[2025-01-27T11:49:01.354+0000] {processor.py:914} INFO - Processing file /home/airflow/.local/lib/python3.12/site-packages/airflow/example_dags/example_branch_operator.py for tasks to queue
[2025-01-27T11:49:01.358+0000] {logging_mixin.py:190} INFO - [2025-01-27T11:49:01.357+0000] {dagbag.py:588} INFO - Filling up the DagBag from /home/airflow/.local/lib/python3.12/site-packages/airflow/example_dags/example_branch_operator.py
[2025-01-27T11:49:01.394+0000] {processor.py:925} INFO - DAG(s) 'example_branch_operator' retrieved from /home/airflow/.local/lib/python3.12/site-packages/airflow/example_dags/example_branch_operator.py
[2025-01-27T11:49:01.443+0000] {logging_mixin.py:190} INFO - [2025-01-27T11:49:01.443+0000] {dag.py:3239} INFO - Sync 1 DAGs
[2025-01-27T11:49:01.495+0000] {logging_mixin.py:190} INFO - [2025-01-27T11:49:01.495+0000] {dag.py:4180} INFO - Setting next_dagrun for example_branch_operator to 2025-01-26 00:00:00+00:00, run_after=2025-01-27 00:00:00+00:00
[2025-01-27T11:49:01.525+0000] {processor.py:208} INFO - Processing /home/airflow/.local/lib/python3.12/site-packages/airflow/example_dags/example_branch_operator.py took 0.183 seconds
[2025-01-27T11:49:32.103+0000] {processor.py:186} INFO - Started process (PID=1631) to work on /home/airflow/.local/lib/python3.12/site-packages/airflow/example_dags/example_branch_operator.py
[2025-01-27T11:49:32.105+0000] {processor.py:914} INFO - Processing file /home/airflow/.local/lib/python3.12/site-packages/airflow/example_dags/example_branch_operator.py for tasks to queue
[2025-01-27T11:49:32.108+0000] {logging_mixin.py:190} INFO - [2025-01-27T11:49:32.108+0000] {dagbag.py:588} INFO - Filling up the DagBag from /home/airflow/.local/lib/python3.12/site-packages/airflow/example_dags/example_branch_operator.py
[2025-01-27T11:49:32.139+0000] {processor.py:925} INFO - DAG(s) 'example_branch_operator' retrieved from /home/airflow/.local/lib/python3.12/site-packages/airflow/example_dags/example_branch_operator.py
[2025-01-27T11:49:32.191+0000] {logging_mixin.py:190} INFO - [2025-01-27T11:49:32.191+0000] {dag.py:3239} INFO - Sync 1 DAGs
[2025-01-27T11:49:32.234+0000] {logging_mixin.py:190} INFO - [2025-01-27T11:49:32.234+0000] {dag.py:4180} INFO - Setting next_dagrun for example_branch_operator to 2025-01-26 00:00:00+00:00, run_after=2025-01-27 00:00:00+00:00
[2025-01-27T11:49:32.264+0000] {processor.py:208} INFO - Processing /home/airflow/.local/lib/python3.12/site-packages/airflow/example_dags/example_branch_operator.py took 0.171 seconds
[2025-01-27T11:50:03.215+0000] {processor.py:186} INFO - Started process (PID=1702) to work on /home/airflow/.local/lib/python3.12/site-packages/airflow/example_dags/example_branch_operator.py
[2025-01-27T11:50:03.216+0000] {processor.py:914} INFO - Processing file /home/airflow/.local/lib/python3.12/site-packages/airflow/example_dags/example_branch_operator.py for tasks to queue
[2025-01-27T11:50:03.221+0000] {logging_mixin.py:190} INFO - [2025-01-27T11:50:03.220+0000] {dagbag.py:588} INFO - Filling up the DagBag from /home/airflow/.local/lib/python3.12/site-packages/airflow/example_dags/example_branch_operator.py
[2025-01-27T11:50:03.254+0000] {processor.py:925} INFO - DAG(s) 'example_branch_operator' retrieved from /home/airflow/.local/lib/python3.12/site-packages/airflow/example_dags/example_branch_operator.py
[2025-01-27T11:50:03.304+0000] {logging_mixin.py:190} INFO - [2025-01-27T11:50:03.304+0000] {dag.py:3239} INFO - Sync 1 DAGs
[2025-01-27T11:50:03.353+0000] {logging_mixin.py:190} INFO - [2025-01-27T11:50:03.353+0000] {dag.py:4180} INFO - Setting next_dagrun for example_branch_operator to 2025-01-26 00:00:00+00:00, run_after=2025-01-27 00:00:00+00:00
[2025-01-27T11:50:03.389+0000] {processor.py:208} INFO - Processing /home/airflow/.local/lib/python3.12/site-packages/airflow/example_dags/example_branch_operator.py took 0.183 seconds
[2025-01-27T11:50:33.714+0000] {processor.py:186} INFO - Started process (PID=1766) to work on /home/airflow/.local/lib/python3.12/site-packages/airflow/example_dags/example_branch_operator.py
[2025-01-27T11:50:33.716+0000] {processor.py:914} INFO - Processing file /home/airflow/.local/lib/python3.12/site-packages/airflow/example_dags/example_branch_operator.py for tasks to queue
[2025-01-27T11:50:33.721+0000] {logging_mixin.py:190} INFO - [2025-01-27T11:50:33.721+0000] {dagbag.py:588} INFO - Filling up the DagBag from /home/airflow/.local/lib/python3.12/site-packages/airflow/example_dags/example_branch_operator.py
[2025-01-27T11:50:33.767+0000] {processor.py:925} INFO - DAG(s) 'example_branch_operator' retrieved from /home/airflow/.local/lib/python3.12/site-packages/airflow/example_dags/example_branch_operator.py
[2025-01-27T11:50:33.824+0000] {logging_mixin.py:190} INFO - [2025-01-27T11:50:33.824+0000] {dag.py:3239} INFO - Sync 1 DAGs
[2025-01-27T11:50:33.866+0000] {logging_mixin.py:190} INFO - [2025-01-27T11:50:33.865+0000] {dag.py:4180} INFO - Setting next_dagrun for example_branch_operator to 2025-01-26 00:00:00+00:00, run_after=2025-01-27 00:00:00+00:00
[2025-01-27T11:50:33.902+0000] {processor.py:208} INFO - Processing /home/airflow/.local/lib/python3.12/site-packages/airflow/example_dags/example_branch_operator.py took 0.199 seconds
