[2025-01-27T10:33:57.999+0000] {processor.py:186} INFO - Started process (PID=188) to work on /home/airflow/.local/lib/python3.12/site-packages/airflow/example_dags/example_sensors.py
[2025-01-27T10:33:58.001+0000] {processor.py:914} INFO - Processing file /home/airflow/.local/lib/python3.12/site-packages/airflow/example_dags/example_sensors.py for tasks to queue
[2025-01-27T10:33:58.016+0000] {logging_mixin.py:190} INFO - [2025-01-27T10:33:58.016+0000] {dagbag.py:588} INFO - Filling up the DagBag from /home/airflow/.local/lib/python3.12/site-packages/airflow/example_dags/example_sensors.py
[2025-01-27T10:33:58.077+0000] {processor.py:925} INFO - DAG(s) 'example_sensors' retrieved from /home/airflow/.local/lib/python3.12/site-packages/airflow/example_dags/example_sensors.py
[2025-01-27T10:33:58.304+0000] {logging_mixin.py:190} INFO - [2025-01-27T10:33:58.304+0000] {dag.py:3239} INFO - Sync 1 DAGs
[2025-01-27T10:33:58.655+0000] {logging_mixin.py:190} INFO - [2025-01-27T10:33:58.655+0000] {dag.py:4180} INFO - Setting next_dagrun for example_sensors to None, run_after=None
[2025-01-27T10:33:58.878+0000] {processor.py:208} INFO - Processing /home/airflow/.local/lib/python3.12/site-packages/airflow/example_dags/example_sensors.py took 0.897 seconds
[2025-01-27T10:44:58.034+0000] {processor.py:186} INFO - Started process (PID=173) to work on /home/airflow/.local/lib/python3.12/site-packages/airflow/example_dags/example_sensors.py
[2025-01-27T10:44:58.036+0000] {processor.py:914} INFO - Processing file /home/airflow/.local/lib/python3.12/site-packages/airflow/example_dags/example_sensors.py for tasks to queue
[2025-01-27T10:44:58.039+0000] {logging_mixin.py:190} INFO - [2025-01-27T10:44:58.039+0000] {dagbag.py:588} INFO - Filling up the DagBag from /home/airflow/.local/lib/python3.12/site-packages/airflow/example_dags/example_sensors.py
[2025-01-27T10:44:58.072+0000] {processor.py:925} INFO - DAG(s) 'example_sensors' retrieved from /home/airflow/.local/lib/python3.12/site-packages/airflow/example_dags/example_sensors.py
[2025-01-27T10:44:58.148+0000] {logging_mixin.py:190} INFO - [2025-01-27T10:44:58.147+0000] {dag.py:3239} INFO - Sync 1 DAGs
[2025-01-27T10:44:58.181+0000] {logging_mixin.py:190} INFO - [2025-01-27T10:44:58.180+0000] {dag.py:4180} INFO - Setting next_dagrun for example_sensors to None, run_after=None
[2025-01-27T10:44:58.231+0000] {processor.py:208} INFO - Processing /home/airflow/.local/lib/python3.12/site-packages/airflow/example_dags/example_sensors.py took 0.209 seconds
[2025-01-27T10:46:14.081+0000] {processor.py:186} INFO - Started process (PID=242) to work on /home/airflow/.local/lib/python3.12/site-packages/airflow/example_dags/example_sensors.py
[2025-01-27T10:46:14.096+0000] {processor.py:914} INFO - Processing file /home/airflow/.local/lib/python3.12/site-packages/airflow/example_dags/example_sensors.py for tasks to queue
[2025-01-27T10:46:14.102+0000] {logging_mixin.py:190} INFO - [2025-01-27T10:46:14.101+0000] {dagbag.py:588} INFO - Filling up the DagBag from /home/airflow/.local/lib/python3.12/site-packages/airflow/example_dags/example_sensors.py
[2025-01-27T10:46:14.164+0000] {processor.py:925} INFO - DAG(s) 'example_sensors' retrieved from /home/airflow/.local/lib/python3.12/site-packages/airflow/example_dags/example_sensors.py
[2025-01-27T10:46:14.636+0000] {logging_mixin.py:190} INFO - [2025-01-27T10:46:14.595+0000] {dag.py:3239} INFO - Sync 1 DAGs
[2025-01-27T10:46:14.844+0000] {logging_mixin.py:190} INFO - [2025-01-27T10:46:14.843+0000] {dag.py:4180} INFO - Setting next_dagrun for example_sensors to None, run_after=None
[2025-01-27T10:46:15.018+0000] {processor.py:208} INFO - Processing /home/airflow/.local/lib/python3.12/site-packages/airflow/example_dags/example_sensors.py took 1.002 seconds
[2025-01-27T10:46:56.287+0000] {processor.py:186} INFO - Started process (PID=317) to work on /home/airflow/.local/lib/python3.12/site-packages/airflow/example_dags/example_sensors.py
[2025-01-27T10:46:56.294+0000] {processor.py:914} INFO - Processing file /home/airflow/.local/lib/python3.12/site-packages/airflow/example_dags/example_sensors.py for tasks to queue
[2025-01-27T10:46:56.307+0000] {logging_mixin.py:190} INFO - [2025-01-27T10:46:56.306+0000] {dagbag.py:588} INFO - Filling up the DagBag from /home/airflow/.local/lib/python3.12/site-packages/airflow/example_dags/example_sensors.py
[2025-01-27T10:46:56.356+0000] {processor.py:925} INFO - DAG(s) 'example_sensors' retrieved from /home/airflow/.local/lib/python3.12/site-packages/airflow/example_dags/example_sensors.py
[2025-01-27T10:46:56.583+0000] {logging_mixin.py:190} INFO - [2025-01-27T10:46:56.582+0000] {dag.py:3239} INFO - Sync 1 DAGs
[2025-01-27T10:46:56.698+0000] {logging_mixin.py:190} INFO - [2025-01-27T10:46:56.698+0000] {dag.py:4180} INFO - Setting next_dagrun for example_sensors to None, run_after=None
[2025-01-27T10:46:56.792+0000] {processor.py:208} INFO - Processing /home/airflow/.local/lib/python3.12/site-packages/airflow/example_dags/example_sensors.py took 0.531 seconds
[2025-01-27T10:55:00.359+0000] {processor.py:186} INFO - Started process (PID=102) to work on /home/airflow/.local/lib/python3.12/site-packages/airflow/example_dags/example_sensors.py
[2025-01-27T10:55:00.372+0000] {processor.py:914} INFO - Processing file /home/airflow/.local/lib/python3.12/site-packages/airflow/example_dags/example_sensors.py for tasks to queue
[2025-01-27T10:55:00.385+0000] {logging_mixin.py:190} INFO - [2025-01-27T10:55:00.384+0000] {dagbag.py:588} INFO - Filling up the DagBag from /home/airflow/.local/lib/python3.12/site-packages/airflow/example_dags/example_sensors.py
[2025-01-27T10:55:00.486+0000] {processor.py:925} INFO - DAG(s) 'example_sensors' retrieved from /home/airflow/.local/lib/python3.12/site-packages/airflow/example_dags/example_sensors.py
[2025-01-27T10:55:00.566+0000] {logging_mixin.py:190} INFO - [2025-01-27T10:55:00.565+0000] {dag.py:3239} INFO - Sync 1 DAGs
[2025-01-27T10:55:00.605+0000] {logging_mixin.py:190} INFO - [2025-01-27T10:55:00.605+0000] {dag.py:4180} INFO - Setting next_dagrun for example_sensors to None, run_after=None
[2025-01-27T10:55:00.711+0000] {processor.py:208} INFO - Processing /home/airflow/.local/lib/python3.12/site-packages/airflow/example_dags/example_sensors.py took 0.375 seconds
[2025-01-27T10:56:28.632+0000] {processor.py:186} INFO - Started process (PID=174) to work on /home/airflow/.local/lib/python3.12/site-packages/airflow/example_dags/example_sensors.py
[2025-01-27T10:56:28.635+0000] {processor.py:914} INFO - Processing file /home/airflow/.local/lib/python3.12/site-packages/airflow/example_dags/example_sensors.py for tasks to queue
[2025-01-27T10:56:28.641+0000] {logging_mixin.py:190} INFO - [2025-01-27T10:56:28.640+0000] {dagbag.py:588} INFO - Filling up the DagBag from /home/airflow/.local/lib/python3.12/site-packages/airflow/example_dags/example_sensors.py
[2025-01-27T10:56:28.678+0000] {processor.py:925} INFO - DAG(s) 'example_sensors' retrieved from /home/airflow/.local/lib/python3.12/site-packages/airflow/example_dags/example_sensors.py
[2025-01-27T10:56:28.779+0000] {logging_mixin.py:190} INFO - [2025-01-27T10:56:28.779+0000] {dag.py:3239} INFO - Sync 1 DAGs
[2025-01-27T10:56:28.826+0000] {logging_mixin.py:190} INFO - [2025-01-27T10:56:28.826+0000] {dag.py:4180} INFO - Setting next_dagrun for example_sensors to None, run_after=None
[2025-01-27T10:56:28.881+0000] {processor.py:208} INFO - Processing /home/airflow/.local/lib/python3.12/site-packages/airflow/example_dags/example_sensors.py took 0.274 seconds
[2025-01-27T10:57:01.377+0000] {processor.py:186} INFO - Started process (PID=238) to work on /home/airflow/.local/lib/python3.12/site-packages/airflow/example_dags/example_sensors.py
[2025-01-27T10:57:01.408+0000] {processor.py:914} INFO - Processing file /home/airflow/.local/lib/python3.12/site-packages/airflow/example_dags/example_sensors.py for tasks to queue
[2025-01-27T10:57:01.436+0000] {logging_mixin.py:190} INFO - [2025-01-27T10:57:01.420+0000] {dagbag.py:588} INFO - Filling up the DagBag from /home/airflow/.local/lib/python3.12/site-packages/airflow/example_dags/example_sensors.py
[2025-01-27T10:57:01.505+0000] {processor.py:925} INFO - DAG(s) 'example_sensors' retrieved from /home/airflow/.local/lib/python3.12/site-packages/airflow/example_dags/example_sensors.py
[2025-01-27T10:57:01.911+0000] {logging_mixin.py:190} INFO - [2025-01-27T10:57:01.910+0000] {dag.py:3239} INFO - Sync 1 DAGs
[2025-01-27T10:57:02.087+0000] {logging_mixin.py:190} INFO - [2025-01-27T10:57:02.087+0000] {dag.py:4180} INFO - Setting next_dagrun for example_sensors to None, run_after=None
[2025-01-27T10:57:02.342+0000] {processor.py:208} INFO - Processing /home/airflow/.local/lib/python3.12/site-packages/airflow/example_dags/example_sensors.py took 1.009 seconds
[2025-01-27T10:57:45.396+0000] {processor.py:186} INFO - Started process (PID=285) to work on /home/airflow/.local/lib/python3.12/site-packages/airflow/example_dags/example_sensors.py
[2025-01-27T10:57:45.400+0000] {processor.py:914} INFO - Processing file /home/airflow/.local/lib/python3.12/site-packages/airflow/example_dags/example_sensors.py for tasks to queue
[2025-01-27T10:57:45.502+0000] {logging_mixin.py:190} INFO - [2025-01-27T10:57:45.481+0000] {dagbag.py:588} INFO - Filling up the DagBag from /home/airflow/.local/lib/python3.12/site-packages/airflow/example_dags/example_sensors.py
[2025-01-27T10:57:45.740+0000] {processor.py:925} INFO - DAG(s) 'example_sensors' retrieved from /home/airflow/.local/lib/python3.12/site-packages/airflow/example_dags/example_sensors.py
[2025-01-27T10:57:46.039+0000] {logging_mixin.py:190} INFO - [2025-01-27T10:57:46.038+0000] {dag.py:3239} INFO - Sync 1 DAGs
[2025-01-27T10:57:46.085+0000] {logging_mixin.py:190} INFO - [2025-01-27T10:57:46.084+0000] {dag.py:4180} INFO - Setting next_dagrun for example_sensors to None, run_after=None
[2025-01-27T10:57:46.226+0000] {processor.py:208} INFO - Processing /home/airflow/.local/lib/python3.12/site-packages/airflow/example_dags/example_sensors.py took 1.018 seconds
[2025-01-27T10:58:20.686+0000] {processor.py:186} INFO - Started process (PID=349) to work on /home/airflow/.local/lib/python3.12/site-packages/airflow/example_dags/example_sensors.py
[2025-01-27T10:58:20.723+0000] {processor.py:914} INFO - Processing file /home/airflow/.local/lib/python3.12/site-packages/airflow/example_dags/example_sensors.py for tasks to queue
[2025-01-27T10:58:20.733+0000] {logging_mixin.py:190} INFO - [2025-01-27T10:58:20.733+0000] {dagbag.py:588} INFO - Filling up the DagBag from /home/airflow/.local/lib/python3.12/site-packages/airflow/example_dags/example_sensors.py
[2025-01-27T10:58:20.892+0000] {processor.py:925} INFO - DAG(s) 'example_sensors' retrieved from /home/airflow/.local/lib/python3.12/site-packages/airflow/example_dags/example_sensors.py
[2025-01-27T10:58:21.237+0000] {logging_mixin.py:190} INFO - [2025-01-27T10:58:21.236+0000] {dag.py:3239} INFO - Sync 1 DAGs
[2025-01-27T10:58:21.579+0000] {logging_mixin.py:190} INFO - [2025-01-27T10:58:21.578+0000] {dag.py:4180} INFO - Setting next_dagrun for example_sensors to None, run_after=None
[2025-01-27T10:58:22.239+0000] {processor.py:208} INFO - Processing /home/airflow/.local/lib/python3.12/site-packages/airflow/example_dags/example_sensors.py took 1.619 seconds
[2025-01-27T10:59:10.946+0000] {processor.py:186} INFO - Started process (PID=412) to work on /home/airflow/.local/lib/python3.12/site-packages/airflow/example_dags/example_sensors.py
[2025-01-27T10:59:10.949+0000] {processor.py:914} INFO - Processing file /home/airflow/.local/lib/python3.12/site-packages/airflow/example_dags/example_sensors.py for tasks to queue
[2025-01-27T10:59:10.955+0000] {logging_mixin.py:190} INFO - [2025-01-27T10:59:10.954+0000] {dagbag.py:588} INFO - Filling up the DagBag from /home/airflow/.local/lib/python3.12/site-packages/airflow/example_dags/example_sensors.py
[2025-01-27T10:59:10.997+0000] {processor.py:925} INFO - DAG(s) 'example_sensors' retrieved from /home/airflow/.local/lib/python3.12/site-packages/airflow/example_dags/example_sensors.py
[2025-01-27T10:59:11.124+0000] {logging_mixin.py:190} INFO - [2025-01-27T10:59:11.124+0000] {dag.py:3239} INFO - Sync 1 DAGs
[2025-01-27T10:59:11.157+0000] {logging_mixin.py:190} INFO - [2025-01-27T10:59:11.157+0000] {dag.py:4180} INFO - Setting next_dagrun for example_sensors to None, run_after=None
[2025-01-27T10:59:11.201+0000] {processor.py:208} INFO - Processing /home/airflow/.local/lib/python3.12/site-packages/airflow/example_dags/example_sensors.py took 0.270 seconds
[2025-01-27T10:59:45.022+0000] {processor.py:186} INFO - Started process (PID=476) to work on /home/airflow/.local/lib/python3.12/site-packages/airflow/example_dags/example_sensors.py
[2025-01-27T10:59:45.026+0000] {processor.py:914} INFO - Processing file /home/airflow/.local/lib/python3.12/site-packages/airflow/example_dags/example_sensors.py for tasks to queue
[2025-01-27T10:59:45.035+0000] {logging_mixin.py:190} INFO - [2025-01-27T10:59:45.034+0000] {dagbag.py:588} INFO - Filling up the DagBag from /home/airflow/.local/lib/python3.12/site-packages/airflow/example_dags/example_sensors.py
[2025-01-27T10:59:45.086+0000] {processor.py:925} INFO - DAG(s) 'example_sensors' retrieved from /home/airflow/.local/lib/python3.12/site-packages/airflow/example_dags/example_sensors.py
[2025-01-27T10:59:45.169+0000] {logging_mixin.py:190} INFO - [2025-01-27T10:59:45.169+0000] {dag.py:3239} INFO - Sync 1 DAGs
[2025-01-27T10:59:45.273+0000] {logging_mixin.py:190} INFO - [2025-01-27T10:59:45.269+0000] {dag.py:4180} INFO - Setting next_dagrun for example_sensors to None, run_after=None
[2025-01-27T10:59:45.366+0000] {processor.py:208} INFO - Processing /home/airflow/.local/lib/python3.12/site-packages/airflow/example_dags/example_sensors.py took 0.363 seconds
[2025-01-27T11:00:16.257+0000] {processor.py:186} INFO - Started process (PID=540) to work on /home/airflow/.local/lib/python3.12/site-packages/airflow/example_dags/example_sensors.py
[2025-01-27T11:00:16.259+0000] {processor.py:914} INFO - Processing file /home/airflow/.local/lib/python3.12/site-packages/airflow/example_dags/example_sensors.py for tasks to queue
[2025-01-27T11:00:16.271+0000] {logging_mixin.py:190} INFO - [2025-01-27T11:00:16.270+0000] {dagbag.py:588} INFO - Filling up the DagBag from /home/airflow/.local/lib/python3.12/site-packages/airflow/example_dags/example_sensors.py
[2025-01-27T11:00:16.310+0000] {processor.py:925} INFO - DAG(s) 'example_sensors' retrieved from /home/airflow/.local/lib/python3.12/site-packages/airflow/example_dags/example_sensors.py
[2025-01-27T11:00:16.385+0000] {logging_mixin.py:190} INFO - [2025-01-27T11:00:16.380+0000] {dag.py:3239} INFO - Sync 1 DAGs
[2025-01-27T11:00:16.429+0000] {logging_mixin.py:190} INFO - [2025-01-27T11:00:16.429+0000] {dag.py:4180} INFO - Setting next_dagrun for example_sensors to None, run_after=None
[2025-01-27T11:00:16.476+0000] {processor.py:208} INFO - Processing /home/airflow/.local/lib/python3.12/site-packages/airflow/example_dags/example_sensors.py took 0.232 seconds
[2025-01-27T11:00:49.492+0000] {processor.py:186} INFO - Started process (PID=604) to work on /home/airflow/.local/lib/python3.12/site-packages/airflow/example_dags/example_sensors.py
[2025-01-27T11:00:49.564+0000] {processor.py:914} INFO - Processing file /home/airflow/.local/lib/python3.12/site-packages/airflow/example_dags/example_sensors.py for tasks to queue
[2025-01-27T11:00:49.572+0000] {logging_mixin.py:190} INFO - [2025-01-27T11:00:49.571+0000] {dagbag.py:588} INFO - Filling up the DagBag from /home/airflow/.local/lib/python3.12/site-packages/airflow/example_dags/example_sensors.py
[2025-01-27T11:00:49.641+0000] {processor.py:925} INFO - DAG(s) 'example_sensors' retrieved from /home/airflow/.local/lib/python3.12/site-packages/airflow/example_dags/example_sensors.py
[2025-01-27T11:00:49.991+0000] {logging_mixin.py:190} INFO - [2025-01-27T11:00:49.991+0000] {dag.py:3239} INFO - Sync 1 DAGs
[2025-01-27T11:00:50.094+0000] {logging_mixin.py:190} INFO - [2025-01-27T11:00:50.082+0000] {dag.py:4180} INFO - Setting next_dagrun for example_sensors to None, run_after=None
[2025-01-27T11:00:50.188+0000] {processor.py:208} INFO - Processing /home/airflow/.local/lib/python3.12/site-packages/airflow/example_dags/example_sensors.py took 0.721 seconds
[2025-01-27T11:01:21.080+0000] {processor.py:186} INFO - Started process (PID=669) to work on /home/airflow/.local/lib/python3.12/site-packages/airflow/example_dags/example_sensors.py
[2025-01-27T11:01:21.082+0000] {processor.py:914} INFO - Processing file /home/airflow/.local/lib/python3.12/site-packages/airflow/example_dags/example_sensors.py for tasks to queue
[2025-01-27T11:01:21.087+0000] {logging_mixin.py:190} INFO - [2025-01-27T11:01:21.086+0000] {dagbag.py:588} INFO - Filling up the DagBag from /home/airflow/.local/lib/python3.12/site-packages/airflow/example_dags/example_sensors.py
[2025-01-27T11:01:21.143+0000] {processor.py:925} INFO - DAG(s) 'example_sensors' retrieved from /home/airflow/.local/lib/python3.12/site-packages/airflow/example_dags/example_sensors.py
[2025-01-27T11:01:21.274+0000] {logging_mixin.py:190} INFO - [2025-01-27T11:01:21.273+0000] {dag.py:3239} INFO - Sync 1 DAGs
[2025-01-27T11:01:21.326+0000] {logging_mixin.py:190} INFO - [2025-01-27T11:01:21.326+0000] {dag.py:4180} INFO - Setting next_dagrun for example_sensors to None, run_after=None
[2025-01-27T11:01:21.367+0000] {processor.py:208} INFO - Processing /home/airflow/.local/lib/python3.12/site-packages/airflow/example_dags/example_sensors.py took 0.302 seconds
[2025-01-27T11:01:51.667+0000] {processor.py:186} INFO - Started process (PID=733) to work on /home/airflow/.local/lib/python3.12/site-packages/airflow/example_dags/example_sensors.py
[2025-01-27T11:01:51.669+0000] {processor.py:914} INFO - Processing file /home/airflow/.local/lib/python3.12/site-packages/airflow/example_dags/example_sensors.py for tasks to queue
[2025-01-27T11:01:51.672+0000] {logging_mixin.py:190} INFO - [2025-01-27T11:01:51.672+0000] {dagbag.py:588} INFO - Filling up the DagBag from /home/airflow/.local/lib/python3.12/site-packages/airflow/example_dags/example_sensors.py
[2025-01-27T11:01:51.689+0000] {processor.py:925} INFO - DAG(s) 'example_sensors' retrieved from /home/airflow/.local/lib/python3.12/site-packages/airflow/example_dags/example_sensors.py
[2025-01-27T11:01:51.780+0000] {logging_mixin.py:190} INFO - [2025-01-27T11:01:51.779+0000] {dag.py:3239} INFO - Sync 1 DAGs
[2025-01-27T11:01:51.850+0000] {logging_mixin.py:190} INFO - [2025-01-27T11:01:51.849+0000] {dag.py:4180} INFO - Setting next_dagrun for example_sensors to None, run_after=None
[2025-01-27T11:01:51.995+0000] {processor.py:208} INFO - Processing /home/airflow/.local/lib/python3.12/site-packages/airflow/example_dags/example_sensors.py took 0.340 seconds
[2025-01-27T11:02:22.172+0000] {processor.py:186} INFO - Started process (PID=796) to work on /home/airflow/.local/lib/python3.12/site-packages/airflow/example_dags/example_sensors.py
[2025-01-27T11:02:22.174+0000] {processor.py:914} INFO - Processing file /home/airflow/.local/lib/python3.12/site-packages/airflow/example_dags/example_sensors.py for tasks to queue
[2025-01-27T11:02:22.178+0000] {logging_mixin.py:190} INFO - [2025-01-27T11:02:22.178+0000] {dagbag.py:588} INFO - Filling up the DagBag from /home/airflow/.local/lib/python3.12/site-packages/airflow/example_dags/example_sensors.py
[2025-01-27T11:02:22.224+0000] {processor.py:925} INFO - DAG(s) 'example_sensors' retrieved from /home/airflow/.local/lib/python3.12/site-packages/airflow/example_dags/example_sensors.py
[2025-01-27T11:02:22.320+0000] {logging_mixin.py:190} INFO - [2025-01-27T11:02:22.320+0000] {dag.py:3239} INFO - Sync 1 DAGs
[2025-01-27T11:02:22.348+0000] {logging_mixin.py:190} INFO - [2025-01-27T11:02:22.348+0000] {dag.py:4180} INFO - Setting next_dagrun for example_sensors to None, run_after=None
[2025-01-27T11:02:22.386+0000] {processor.py:208} INFO - Processing /home/airflow/.local/lib/python3.12/site-packages/airflow/example_dags/example_sensors.py took 0.230 seconds
[2025-01-27T11:02:53.124+0000] {processor.py:186} INFO - Started process (PID=859) to work on /home/airflow/.local/lib/python3.12/site-packages/airflow/example_dags/example_sensors.py
[2025-01-27T11:02:53.126+0000] {processor.py:914} INFO - Processing file /home/airflow/.local/lib/python3.12/site-packages/airflow/example_dags/example_sensors.py for tasks to queue
[2025-01-27T11:02:53.132+0000] {logging_mixin.py:190} INFO - [2025-01-27T11:02:53.131+0000] {dagbag.py:588} INFO - Filling up the DagBag from /home/airflow/.local/lib/python3.12/site-packages/airflow/example_dags/example_sensors.py
[2025-01-27T11:02:53.160+0000] {processor.py:925} INFO - DAG(s) 'example_sensors' retrieved from /home/airflow/.local/lib/python3.12/site-packages/airflow/example_dags/example_sensors.py
[2025-01-27T11:02:53.226+0000] {logging_mixin.py:190} INFO - [2025-01-27T11:02:53.225+0000] {dag.py:3239} INFO - Sync 1 DAGs
[2025-01-27T11:02:53.284+0000] {logging_mixin.py:190} INFO - [2025-01-27T11:02:53.283+0000] {dag.py:4180} INFO - Setting next_dagrun for example_sensors to None, run_after=None
[2025-01-27T11:02:53.347+0000] {processor.py:208} INFO - Processing /home/airflow/.local/lib/python3.12/site-packages/airflow/example_dags/example_sensors.py took 0.237 seconds
[2025-01-27T11:03:23.712+0000] {processor.py:186} INFO - Started process (PID=922) to work on /home/airflow/.local/lib/python3.12/site-packages/airflow/example_dags/example_sensors.py
[2025-01-27T11:03:23.715+0000] {processor.py:914} INFO - Processing file /home/airflow/.local/lib/python3.12/site-packages/airflow/example_dags/example_sensors.py for tasks to queue
[2025-01-27T11:03:23.720+0000] {logging_mixin.py:190} INFO - [2025-01-27T11:03:23.719+0000] {dagbag.py:588} INFO - Filling up the DagBag from /home/airflow/.local/lib/python3.12/site-packages/airflow/example_dags/example_sensors.py
[2025-01-27T11:03:23.749+0000] {processor.py:925} INFO - DAG(s) 'example_sensors' retrieved from /home/airflow/.local/lib/python3.12/site-packages/airflow/example_dags/example_sensors.py
[2025-01-27T11:03:23.813+0000] {logging_mixin.py:190} INFO - [2025-01-27T11:03:23.813+0000] {dag.py:3239} INFO - Sync 1 DAGs
[2025-01-27T11:03:23.851+0000] {logging_mixin.py:190} INFO - [2025-01-27T11:03:23.850+0000] {dag.py:4180} INFO - Setting next_dagrun for example_sensors to None, run_after=None
[2025-01-27T11:03:23.895+0000] {processor.py:208} INFO - Processing /home/airflow/.local/lib/python3.12/site-packages/airflow/example_dags/example_sensors.py took 0.199 seconds
[2025-01-27T11:03:54.738+0000] {processor.py:186} INFO - Started process (PID=986) to work on /home/airflow/.local/lib/python3.12/site-packages/airflow/example_dags/example_sensors.py
[2025-01-27T11:03:54.740+0000] {processor.py:914} INFO - Processing file /home/airflow/.local/lib/python3.12/site-packages/airflow/example_dags/example_sensors.py for tasks to queue
[2025-01-27T11:03:54.745+0000] {logging_mixin.py:190} INFO - [2025-01-27T11:03:54.744+0000] {dagbag.py:588} INFO - Filling up the DagBag from /home/airflow/.local/lib/python3.12/site-packages/airflow/example_dags/example_sensors.py
[2025-01-27T11:03:54.784+0000] {processor.py:925} INFO - DAG(s) 'example_sensors' retrieved from /home/airflow/.local/lib/python3.12/site-packages/airflow/example_dags/example_sensors.py
[2025-01-27T11:03:54.848+0000] {logging_mixin.py:190} INFO - [2025-01-27T11:03:54.847+0000] {dag.py:3239} INFO - Sync 1 DAGs
[2025-01-27T11:03:54.879+0000] {logging_mixin.py:190} INFO - [2025-01-27T11:03:54.878+0000] {dag.py:4180} INFO - Setting next_dagrun for example_sensors to None, run_after=None
[2025-01-27T11:03:54.959+0000] {processor.py:208} INFO - Processing /home/airflow/.local/lib/python3.12/site-packages/airflow/example_dags/example_sensors.py took 0.233 seconds
[2025-01-27T11:04:57.614+0000] {processor.py:186} INFO - Started process (PID=1055) to work on /home/airflow/.local/lib/python3.12/site-packages/airflow/example_dags/example_sensors.py
[2025-01-27T11:04:57.616+0000] {processor.py:914} INFO - Processing file /home/airflow/.local/lib/python3.12/site-packages/airflow/example_dags/example_sensors.py for tasks to queue
[2025-01-27T11:04:57.622+0000] {logging_mixin.py:190} INFO - [2025-01-27T11:04:57.621+0000] {dagbag.py:588} INFO - Filling up the DagBag from /home/airflow/.local/lib/python3.12/site-packages/airflow/example_dags/example_sensors.py
[2025-01-27T11:04:57.650+0000] {processor.py:925} INFO - DAG(s) 'example_sensors' retrieved from /home/airflow/.local/lib/python3.12/site-packages/airflow/example_dags/example_sensors.py
[2025-01-27T11:04:57.724+0000] {logging_mixin.py:190} INFO - [2025-01-27T11:04:57.723+0000] {dag.py:3239} INFO - Sync 1 DAGs
[2025-01-27T11:04:57.787+0000] {logging_mixin.py:190} INFO - [2025-01-27T11:04:57.786+0000] {dag.py:4180} INFO - Setting next_dagrun for example_sensors to None, run_after=None
[2025-01-27T11:04:57.902+0000] {processor.py:208} INFO - Processing /home/airflow/.local/lib/python3.12/site-packages/airflow/example_dags/example_sensors.py took 0.302 seconds
[2025-01-27T11:14:52.200+0000] {processor.py:186} INFO - Started process (PID=1120) to work on /home/airflow/.local/lib/python3.12/site-packages/airflow/example_dags/example_sensors.py
[2025-01-27T11:14:52.205+0000] {processor.py:914} INFO - Processing file /home/airflow/.local/lib/python3.12/site-packages/airflow/example_dags/example_sensors.py for tasks to queue
[2025-01-27T11:14:52.216+0000] {logging_mixin.py:190} INFO - [2025-01-27T11:14:52.215+0000] {dagbag.py:588} INFO - Filling up the DagBag from /home/airflow/.local/lib/python3.12/site-packages/airflow/example_dags/example_sensors.py
[2025-01-27T11:14:52.277+0000] {processor.py:925} INFO - DAG(s) 'example_sensors' retrieved from /home/airflow/.local/lib/python3.12/site-packages/airflow/example_dags/example_sensors.py
[2025-01-27T11:14:52.493+0000] {logging_mixin.py:190} INFO - [2025-01-27T11:14:52.493+0000] {dag.py:3239} INFO - Sync 1 DAGs
[2025-01-27T11:14:52.542+0000] {logging_mixin.py:190} INFO - [2025-01-27T11:14:52.540+0000] {dag.py:4180} INFO - Setting next_dagrun for example_sensors to None, run_after=None
[2025-01-27T11:14:52.624+0000] {processor.py:208} INFO - Processing /home/airflow/.local/lib/python3.12/site-packages/airflow/example_dags/example_sensors.py took 0.477 seconds
[2025-01-27T11:15:23.071+0000] {processor.py:186} INFO - Started process (PID=1184) to work on /home/airflow/.local/lib/python3.12/site-packages/airflow/example_dags/example_sensors.py
[2025-01-27T11:15:23.073+0000] {processor.py:914} INFO - Processing file /home/airflow/.local/lib/python3.12/site-packages/airflow/example_dags/example_sensors.py for tasks to queue
[2025-01-27T11:15:23.076+0000] {logging_mixin.py:190} INFO - [2025-01-27T11:15:23.076+0000] {dagbag.py:588} INFO - Filling up the DagBag from /home/airflow/.local/lib/python3.12/site-packages/airflow/example_dags/example_sensors.py
[2025-01-27T11:15:23.107+0000] {processor.py:925} INFO - DAG(s) 'example_sensors' retrieved from /home/airflow/.local/lib/python3.12/site-packages/airflow/example_dags/example_sensors.py
[2025-01-27T11:15:23.175+0000] {logging_mixin.py:190} INFO - [2025-01-27T11:15:23.175+0000] {dag.py:3239} INFO - Sync 1 DAGs
[2025-01-27T11:15:23.208+0000] {logging_mixin.py:190} INFO - [2025-01-27T11:15:23.208+0000] {dag.py:4180} INFO - Setting next_dagrun for example_sensors to None, run_after=None
[2025-01-27T11:15:23.257+0000] {processor.py:208} INFO - Processing /home/airflow/.local/lib/python3.12/site-packages/airflow/example_dags/example_sensors.py took 0.200 seconds
[2025-01-27T11:15:55.842+0000] {processor.py:186} INFO - Started process (PID=1248) to work on /home/airflow/.local/lib/python3.12/site-packages/airflow/example_dags/example_sensors.py
[2025-01-27T11:15:55.844+0000] {processor.py:914} INFO - Processing file /home/airflow/.local/lib/python3.12/site-packages/airflow/example_dags/example_sensors.py for tasks to queue
[2025-01-27T11:15:55.847+0000] {logging_mixin.py:190} INFO - [2025-01-27T11:15:55.847+0000] {dagbag.py:588} INFO - Filling up the DagBag from /home/airflow/.local/lib/python3.12/site-packages/airflow/example_dags/example_sensors.py
[2025-01-27T11:15:55.869+0000] {processor.py:925} INFO - DAG(s) 'example_sensors' retrieved from /home/airflow/.local/lib/python3.12/site-packages/airflow/example_dags/example_sensors.py
[2025-01-27T11:15:55.925+0000] {logging_mixin.py:190} INFO - [2025-01-27T11:15:55.925+0000] {dag.py:3239} INFO - Sync 1 DAGs
[2025-01-27T11:15:55.966+0000] {logging_mixin.py:190} INFO - [2025-01-27T11:15:55.966+0000] {dag.py:4180} INFO - Setting next_dagrun for example_sensors to None, run_after=None
[2025-01-27T11:15:56.005+0000] {processor.py:208} INFO - Processing /home/airflow/.local/lib/python3.12/site-packages/airflow/example_dags/example_sensors.py took 0.175 seconds
[2025-01-27T11:18:19.552+0000] {processor.py:186} INFO - Started process (PID=1322) to work on /home/airflow/.local/lib/python3.12/site-packages/airflow/example_dags/example_sensors.py
[2025-01-27T11:18:19.585+0000] {processor.py:914} INFO - Processing file /home/airflow/.local/lib/python3.12/site-packages/airflow/example_dags/example_sensors.py for tasks to queue
[2025-01-27T11:18:19.588+0000] {logging_mixin.py:190} INFO - [2025-01-27T11:18:19.587+0000] {dagbag.py:588} INFO - Filling up the DagBag from /home/airflow/.local/lib/python3.12/site-packages/airflow/example_dags/example_sensors.py
[2025-01-27T11:18:19.641+0000] {processor.py:925} INFO - DAG(s) 'example_sensors' retrieved from /home/airflow/.local/lib/python3.12/site-packages/airflow/example_dags/example_sensors.py
[2025-01-27T11:18:19.815+0000] {logging_mixin.py:190} INFO - [2025-01-27T11:18:19.815+0000] {dag.py:3239} INFO - Sync 1 DAGs
[2025-01-27T11:18:19.933+0000] {logging_mixin.py:190} INFO - [2025-01-27T11:18:19.932+0000] {dag.py:4180} INFO - Setting next_dagrun for example_sensors to None, run_after=None
[2025-01-27T11:18:20.073+0000] {processor.py:208} INFO - Processing /home/airflow/.local/lib/python3.12/site-packages/airflow/example_dags/example_sensors.py took 0.533 seconds
[2025-01-27T11:19:15.781+0000] {processor.py:186} INFO - Started process (PID=1393) to work on /home/airflow/.local/lib/python3.12/site-packages/airflow/example_dags/example_sensors.py
[2025-01-27T11:19:15.784+0000] {processor.py:914} INFO - Processing file /home/airflow/.local/lib/python3.12/site-packages/airflow/example_dags/example_sensors.py for tasks to queue
[2025-01-27T11:19:15.787+0000] {logging_mixin.py:190} INFO - [2025-01-27T11:19:15.786+0000] {dagbag.py:588} INFO - Filling up the DagBag from /home/airflow/.local/lib/python3.12/site-packages/airflow/example_dags/example_sensors.py
[2025-01-27T11:19:15.855+0000] {processor.py:925} INFO - DAG(s) 'example_sensors' retrieved from /home/airflow/.local/lib/python3.12/site-packages/airflow/example_dags/example_sensors.py
[2025-01-27T11:19:15.944+0000] {logging_mixin.py:190} INFO - [2025-01-27T11:19:15.943+0000] {dag.py:3239} INFO - Sync 1 DAGs
[2025-01-27T11:19:15.987+0000] {logging_mixin.py:190} INFO - [2025-01-27T11:19:15.986+0000] {dag.py:4180} INFO - Setting next_dagrun for example_sensors to None, run_after=None
[2025-01-27T11:19:16.072+0000] {processor.py:208} INFO - Processing /home/airflow/.local/lib/python3.12/site-packages/airflow/example_dags/example_sensors.py took 0.319 seconds
[2025-01-27T11:19:47.235+0000] {processor.py:186} INFO - Started process (PID=1456) to work on /home/airflow/.local/lib/python3.12/site-packages/airflow/example_dags/example_sensors.py
[2025-01-27T11:19:47.238+0000] {processor.py:914} INFO - Processing file /home/airflow/.local/lib/python3.12/site-packages/airflow/example_dags/example_sensors.py for tasks to queue
[2025-01-27T11:19:47.251+0000] {logging_mixin.py:190} INFO - [2025-01-27T11:19:47.241+0000] {dagbag.py:588} INFO - Filling up the DagBag from /home/airflow/.local/lib/python3.12/site-packages/airflow/example_dags/example_sensors.py
[2025-01-27T11:19:47.381+0000] {processor.py:925} INFO - DAG(s) 'example_sensors' retrieved from /home/airflow/.local/lib/python3.12/site-packages/airflow/example_dags/example_sensors.py
[2025-01-27T11:19:47.704+0000] {logging_mixin.py:190} INFO - [2025-01-27T11:19:47.703+0000] {dag.py:3239} INFO - Sync 1 DAGs
[2025-01-27T11:19:47.781+0000] {logging_mixin.py:190} INFO - [2025-01-27T11:19:47.780+0000] {dag.py:4180} INFO - Setting next_dagrun for example_sensors to None, run_after=None
[2025-01-27T11:19:47.902+0000] {processor.py:208} INFO - Processing /home/airflow/.local/lib/python3.12/site-packages/airflow/example_dags/example_sensors.py took 0.698 seconds
[2025-01-27T11:20:18.308+0000] {processor.py:186} INFO - Started process (PID=1518) to work on /home/airflow/.local/lib/python3.12/site-packages/airflow/example_dags/example_sensors.py
[2025-01-27T11:20:18.310+0000] {processor.py:914} INFO - Processing file /home/airflow/.local/lib/python3.12/site-packages/airflow/example_dags/example_sensors.py for tasks to queue
[2025-01-27T11:20:18.313+0000] {logging_mixin.py:190} INFO - [2025-01-27T11:20:18.312+0000] {dagbag.py:588} INFO - Filling up the DagBag from /home/airflow/.local/lib/python3.12/site-packages/airflow/example_dags/example_sensors.py
[2025-01-27T11:20:18.343+0000] {processor.py:925} INFO - DAG(s) 'example_sensors' retrieved from /home/airflow/.local/lib/python3.12/site-packages/airflow/example_dags/example_sensors.py
[2025-01-27T11:20:18.438+0000] {logging_mixin.py:190} INFO - [2025-01-27T11:20:18.437+0000] {dag.py:3239} INFO - Sync 1 DAGs
[2025-01-27T11:20:18.481+0000] {logging_mixin.py:190} INFO - [2025-01-27T11:20:18.480+0000] {dag.py:4180} INFO - Setting next_dagrun for example_sensors to None, run_after=None
[2025-01-27T11:20:18.543+0000] {processor.py:208} INFO - Processing /home/airflow/.local/lib/python3.12/site-packages/airflow/example_dags/example_sensors.py took 0.262 seconds
[2025-01-27T11:36:54.433+0000] {processor.py:186} INFO - Started process (PID=156) to work on /home/airflow/.local/lib/python3.12/site-packages/airflow/example_dags/example_sensors.py
[2025-01-27T11:36:54.437+0000] {processor.py:914} INFO - Processing file /home/airflow/.local/lib/python3.12/site-packages/airflow/example_dags/example_sensors.py for tasks to queue
[2025-01-27T11:36:54.442+0000] {logging_mixin.py:190} INFO - [2025-01-27T11:36:54.441+0000] {dagbag.py:588} INFO - Filling up the DagBag from /home/airflow/.local/lib/python3.12/site-packages/airflow/example_dags/example_sensors.py
[2025-01-27T11:36:54.491+0000] {processor.py:925} INFO - DAG(s) 'example_sensors' retrieved from /home/airflow/.local/lib/python3.12/site-packages/airflow/example_dags/example_sensors.py
[2025-01-27T11:36:54.721+0000] {logging_mixin.py:190} INFO - [2025-01-27T11:36:54.720+0000] {dag.py:3239} INFO - Sync 1 DAGs
[2025-01-27T11:36:54.772+0000] {logging_mixin.py:190} INFO - [2025-01-27T11:36:54.771+0000] {dag.py:4180} INFO - Setting next_dagrun for example_sensors to None, run_after=None
[2025-01-27T11:36:54.967+0000] {processor.py:208} INFO - Processing /home/airflow/.local/lib/python3.12/site-packages/airflow/example_dags/example_sensors.py took 0.548 seconds
[2025-01-27T11:38:09.349+0000] {processor.py:186} INFO - Started process (PID=231) to work on /home/airflow/.local/lib/python3.12/site-packages/airflow/example_dags/example_sensors.py
[2025-01-27T11:38:09.352+0000] {processor.py:914} INFO - Processing file /home/airflow/.local/lib/python3.12/site-packages/airflow/example_dags/example_sensors.py for tasks to queue
[2025-01-27T11:38:09.357+0000] {logging_mixin.py:190} INFO - [2025-01-27T11:38:09.356+0000] {dagbag.py:588} INFO - Filling up the DagBag from /home/airflow/.local/lib/python3.12/site-packages/airflow/example_dags/example_sensors.py
[2025-01-27T11:38:09.389+0000] {processor.py:925} INFO - DAG(s) 'example_sensors' retrieved from /home/airflow/.local/lib/python3.12/site-packages/airflow/example_dags/example_sensors.py
[2025-01-27T11:38:09.473+0000] {logging_mixin.py:190} INFO - [2025-01-27T11:38:09.473+0000] {dag.py:3239} INFO - Sync 1 DAGs
[2025-01-27T11:38:09.517+0000] {logging_mixin.py:190} INFO - [2025-01-27T11:38:09.517+0000] {dag.py:4180} INFO - Setting next_dagrun for example_sensors to None, run_after=None
[2025-01-27T11:38:09.561+0000] {processor.py:208} INFO - Processing /home/airflow/.local/lib/python3.12/site-packages/airflow/example_dags/example_sensors.py took 0.228 seconds
[2025-01-27T11:38:47.301+0000] {processor.py:186} INFO - Started process (PID=296) to work on /home/airflow/.local/lib/python3.12/site-packages/airflow/example_dags/example_sensors.py
[2025-01-27T11:38:47.308+0000] {processor.py:914} INFO - Processing file /home/airflow/.local/lib/python3.12/site-packages/airflow/example_dags/example_sensors.py for tasks to queue
[2025-01-27T11:38:47.319+0000] {logging_mixin.py:190} INFO - [2025-01-27T11:38:47.318+0000] {dagbag.py:588} INFO - Filling up the DagBag from /home/airflow/.local/lib/python3.12/site-packages/airflow/example_dags/example_sensors.py
[2025-01-27T11:38:47.414+0000] {processor.py:925} INFO - DAG(s) 'example_sensors' retrieved from /home/airflow/.local/lib/python3.12/site-packages/airflow/example_dags/example_sensors.py
[2025-01-27T11:38:47.513+0000] {logging_mixin.py:190} INFO - [2025-01-27T11:38:47.512+0000] {dag.py:3239} INFO - Sync 1 DAGs
[2025-01-27T11:38:47.563+0000] {logging_mixin.py:190} INFO - [2025-01-27T11:38:47.563+0000] {dag.py:4180} INFO - Setting next_dagrun for example_sensors to None, run_after=None
[2025-01-27T11:38:47.673+0000] {processor.py:208} INFO - Processing /home/airflow/.local/lib/python3.12/site-packages/airflow/example_dags/example_sensors.py took 0.413 seconds
[2025-01-27T11:39:19.111+0000] {processor.py:186} INFO - Started process (PID=361) to work on /home/airflow/.local/lib/python3.12/site-packages/airflow/example_dags/example_sensors.py
[2025-01-27T11:39:19.121+0000] {processor.py:914} INFO - Processing file /home/airflow/.local/lib/python3.12/site-packages/airflow/example_dags/example_sensors.py for tasks to queue
[2025-01-27T11:39:19.126+0000] {logging_mixin.py:190} INFO - [2025-01-27T11:39:19.125+0000] {dagbag.py:588} INFO - Filling up the DagBag from /home/airflow/.local/lib/python3.12/site-packages/airflow/example_dags/example_sensors.py
[2025-01-27T11:39:19.194+0000] {processor.py:925} INFO - DAG(s) 'example_sensors' retrieved from /home/airflow/.local/lib/python3.12/site-packages/airflow/example_dags/example_sensors.py
[2025-01-27T11:39:19.325+0000] {logging_mixin.py:190} INFO - [2025-01-27T11:39:19.324+0000] {dag.py:3239} INFO - Sync 1 DAGs
[2025-01-27T11:39:19.373+0000] {logging_mixin.py:190} INFO - [2025-01-27T11:39:19.373+0000] {dag.py:4180} INFO - Setting next_dagrun for example_sensors to None, run_after=None
[2025-01-27T11:39:19.451+0000] {processor.py:208} INFO - Processing /home/airflow/.local/lib/python3.12/site-packages/airflow/example_dags/example_sensors.py took 0.367 seconds
[2025-01-27T11:39:49.867+0000] {processor.py:186} INFO - Started process (PID=424) to work on /home/airflow/.local/lib/python3.12/site-packages/airflow/example_dags/example_sensors.py
[2025-01-27T11:39:49.868+0000] {processor.py:914} INFO - Processing file /home/airflow/.local/lib/python3.12/site-packages/airflow/example_dags/example_sensors.py for tasks to queue
[2025-01-27T11:39:49.873+0000] {logging_mixin.py:190} INFO - [2025-01-27T11:39:49.872+0000] {dagbag.py:588} INFO - Filling up the DagBag from /home/airflow/.local/lib/python3.12/site-packages/airflow/example_dags/example_sensors.py
[2025-01-27T11:39:49.890+0000] {processor.py:925} INFO - DAG(s) 'example_sensors' retrieved from /home/airflow/.local/lib/python3.12/site-packages/airflow/example_dags/example_sensors.py
[2025-01-27T11:39:49.969+0000] {logging_mixin.py:190} INFO - [2025-01-27T11:39:49.968+0000] {dag.py:3239} INFO - Sync 1 DAGs
[2025-01-27T11:39:49.995+0000] {logging_mixin.py:190} INFO - [2025-01-27T11:39:49.994+0000] {dag.py:4180} INFO - Setting next_dagrun for example_sensors to None, run_after=None
[2025-01-27T11:39:50.030+0000] {processor.py:208} INFO - Processing /home/airflow/.local/lib/python3.12/site-packages/airflow/example_dags/example_sensors.py took 0.174 seconds
[2025-01-27T11:40:21.195+0000] {processor.py:186} INFO - Started process (PID=489) to work on /home/airflow/.local/lib/python3.12/site-packages/airflow/example_dags/example_sensors.py
[2025-01-27T11:40:21.197+0000] {processor.py:914} INFO - Processing file /home/airflow/.local/lib/python3.12/site-packages/airflow/example_dags/example_sensors.py for tasks to queue
[2025-01-27T11:40:21.202+0000] {logging_mixin.py:190} INFO - [2025-01-27T11:40:21.201+0000] {dagbag.py:588} INFO - Filling up the DagBag from /home/airflow/.local/lib/python3.12/site-packages/airflow/example_dags/example_sensors.py
[2025-01-27T11:40:21.218+0000] {processor.py:925} INFO - DAG(s) 'example_sensors' retrieved from /home/airflow/.local/lib/python3.12/site-packages/airflow/example_dags/example_sensors.py
[2025-01-27T11:40:21.275+0000] {logging_mixin.py:190} INFO - [2025-01-27T11:40:21.275+0000] {dag.py:3239} INFO - Sync 1 DAGs
[2025-01-27T11:40:21.303+0000] {logging_mixin.py:190} INFO - [2025-01-27T11:40:21.303+0000] {dag.py:4180} INFO - Setting next_dagrun for example_sensors to None, run_after=None
[2025-01-27T11:40:21.344+0000] {processor.py:208} INFO - Processing /home/airflow/.local/lib/python3.12/site-packages/airflow/example_dags/example_sensors.py took 0.162 seconds
[2025-01-27T11:40:52.681+0000] {processor.py:186} INFO - Started process (PID=554) to work on /home/airflow/.local/lib/python3.12/site-packages/airflow/example_dags/example_sensors.py
[2025-01-27T11:40:52.684+0000] {processor.py:914} INFO - Processing file /home/airflow/.local/lib/python3.12/site-packages/airflow/example_dags/example_sensors.py for tasks to queue
[2025-01-27T11:40:52.689+0000] {logging_mixin.py:190} INFO - [2025-01-27T11:40:52.688+0000] {dagbag.py:588} INFO - Filling up the DagBag from /home/airflow/.local/lib/python3.12/site-packages/airflow/example_dags/example_sensors.py
[2025-01-27T11:40:52.712+0000] {processor.py:925} INFO - DAG(s) 'example_sensors' retrieved from /home/airflow/.local/lib/python3.12/site-packages/airflow/example_dags/example_sensors.py
[2025-01-27T11:40:52.771+0000] {logging_mixin.py:190} INFO - [2025-01-27T11:40:52.770+0000] {dag.py:3239} INFO - Sync 1 DAGs
[2025-01-27T11:40:52.799+0000] {logging_mixin.py:190} INFO - [2025-01-27T11:40:52.798+0000] {dag.py:4180} INFO - Setting next_dagrun for example_sensors to None, run_after=None
[2025-01-27T11:40:52.835+0000] {processor.py:208} INFO - Processing /home/airflow/.local/lib/python3.12/site-packages/airflow/example_dags/example_sensors.py took 0.165 seconds
[2025-01-27T11:41:24.166+0000] {processor.py:186} INFO - Started process (PID=618) to work on /home/airflow/.local/lib/python3.12/site-packages/airflow/example_dags/example_sensors.py
[2025-01-27T11:41:24.168+0000] {processor.py:914} INFO - Processing file /home/airflow/.local/lib/python3.12/site-packages/airflow/example_dags/example_sensors.py for tasks to queue
[2025-01-27T11:41:24.179+0000] {logging_mixin.py:190} INFO - [2025-01-27T11:41:24.173+0000] {dagbag.py:588} INFO - Filling up the DagBag from /home/airflow/.local/lib/python3.12/site-packages/airflow/example_dags/example_sensors.py
[2025-01-27T11:41:24.222+0000] {processor.py:925} INFO - DAG(s) 'example_sensors' retrieved from /home/airflow/.local/lib/python3.12/site-packages/airflow/example_dags/example_sensors.py
[2025-01-27T11:41:24.308+0000] {logging_mixin.py:190} INFO - [2025-01-27T11:41:24.308+0000] {dag.py:3239} INFO - Sync 1 DAGs
[2025-01-27T11:41:24.347+0000] {logging_mixin.py:190} INFO - [2025-01-27T11:41:24.346+0000] {dag.py:4180} INFO - Setting next_dagrun for example_sensors to None, run_after=None
[2025-01-27T11:41:24.390+0000] {processor.py:208} INFO - Processing /home/airflow/.local/lib/python3.12/site-packages/airflow/example_dags/example_sensors.py took 0.247 seconds
[2025-01-27T11:41:55.679+0000] {processor.py:186} INFO - Started process (PID=682) to work on /home/airflow/.local/lib/python3.12/site-packages/airflow/example_dags/example_sensors.py
[2025-01-27T11:41:55.681+0000] {processor.py:914} INFO - Processing file /home/airflow/.local/lib/python3.12/site-packages/airflow/example_dags/example_sensors.py for tasks to queue
[2025-01-27T11:41:55.685+0000] {logging_mixin.py:190} INFO - [2025-01-27T11:41:55.684+0000] {dagbag.py:588} INFO - Filling up the DagBag from /home/airflow/.local/lib/python3.12/site-packages/airflow/example_dags/example_sensors.py
[2025-01-27T11:41:55.705+0000] {processor.py:925} INFO - DAG(s) 'example_sensors' retrieved from /home/airflow/.local/lib/python3.12/site-packages/airflow/example_dags/example_sensors.py
[2025-01-27T11:41:55.748+0000] {logging_mixin.py:190} INFO - [2025-01-27T11:41:55.747+0000] {dag.py:3239} INFO - Sync 1 DAGs
[2025-01-27T11:41:55.771+0000] {logging_mixin.py:190} INFO - [2025-01-27T11:41:55.771+0000] {dag.py:4180} INFO - Setting next_dagrun for example_sensors to None, run_after=None
[2025-01-27T11:41:55.803+0000] {processor.py:208} INFO - Processing /home/airflow/.local/lib/python3.12/site-packages/airflow/example_dags/example_sensors.py took 0.135 seconds
[2025-01-27T11:42:26.103+0000] {processor.py:186} INFO - Started process (PID=745) to work on /home/airflow/.local/lib/python3.12/site-packages/airflow/example_dags/example_sensors.py
[2025-01-27T11:42:26.105+0000] {processor.py:914} INFO - Processing file /home/airflow/.local/lib/python3.12/site-packages/airflow/example_dags/example_sensors.py for tasks to queue
[2025-01-27T11:42:26.109+0000] {logging_mixin.py:190} INFO - [2025-01-27T11:42:26.109+0000] {dagbag.py:588} INFO - Filling up the DagBag from /home/airflow/.local/lib/python3.12/site-packages/airflow/example_dags/example_sensors.py
[2025-01-27T11:42:26.127+0000] {processor.py:925} INFO - DAG(s) 'example_sensors' retrieved from /home/airflow/.local/lib/python3.12/site-packages/airflow/example_dags/example_sensors.py
[2025-01-27T11:42:26.177+0000] {logging_mixin.py:190} INFO - [2025-01-27T11:42:26.177+0000] {dag.py:3239} INFO - Sync 1 DAGs
[2025-01-27T11:42:26.206+0000] {logging_mixin.py:190} INFO - [2025-01-27T11:42:26.205+0000] {dag.py:4180} INFO - Setting next_dagrun for example_sensors to None, run_after=None
[2025-01-27T11:42:26.240+0000] {processor.py:208} INFO - Processing /home/airflow/.local/lib/python3.12/site-packages/airflow/example_dags/example_sensors.py took 0.146 seconds
[2025-01-27T11:42:57.250+0000] {processor.py:186} INFO - Started process (PID=809) to work on /home/airflow/.local/lib/python3.12/site-packages/airflow/example_dags/example_sensors.py
[2025-01-27T11:42:57.253+0000] {processor.py:914} INFO - Processing file /home/airflow/.local/lib/python3.12/site-packages/airflow/example_dags/example_sensors.py for tasks to queue
[2025-01-27T11:42:57.259+0000] {logging_mixin.py:190} INFO - [2025-01-27T11:42:57.258+0000] {dagbag.py:588} INFO - Filling up the DagBag from /home/airflow/.local/lib/python3.12/site-packages/airflow/example_dags/example_sensors.py
[2025-01-27T11:42:57.291+0000] {processor.py:925} INFO - DAG(s) 'example_sensors' retrieved from /home/airflow/.local/lib/python3.12/site-packages/airflow/example_dags/example_sensors.py
[2025-01-27T11:42:57.355+0000] {logging_mixin.py:190} INFO - [2025-01-27T11:42:57.355+0000] {dag.py:3239} INFO - Sync 1 DAGs
[2025-01-27T11:42:57.392+0000] {logging_mixin.py:190} INFO - [2025-01-27T11:42:57.391+0000] {dag.py:4180} INFO - Setting next_dagrun for example_sensors to None, run_after=None
[2025-01-27T11:42:57.429+0000] {processor.py:208} INFO - Processing /home/airflow/.local/lib/python3.12/site-packages/airflow/example_dags/example_sensors.py took 0.208 seconds
[2025-01-27T11:43:27.598+0000] {processor.py:186} INFO - Started process (PID=874) to work on /home/airflow/.local/lib/python3.12/site-packages/airflow/example_dags/example_sensors.py
[2025-01-27T11:43:27.600+0000] {processor.py:914} INFO - Processing file /home/airflow/.local/lib/python3.12/site-packages/airflow/example_dags/example_sensors.py for tasks to queue
[2025-01-27T11:43:27.604+0000] {logging_mixin.py:190} INFO - [2025-01-27T11:43:27.603+0000] {dagbag.py:588} INFO - Filling up the DagBag from /home/airflow/.local/lib/python3.12/site-packages/airflow/example_dags/example_sensors.py
[2025-01-27T11:43:27.621+0000] {processor.py:925} INFO - DAG(s) 'example_sensors' retrieved from /home/airflow/.local/lib/python3.12/site-packages/airflow/example_dags/example_sensors.py
[2025-01-27T11:43:27.664+0000] {logging_mixin.py:190} INFO - [2025-01-27T11:43:27.664+0000] {dag.py:3239} INFO - Sync 1 DAGs
[2025-01-27T11:43:27.694+0000] {logging_mixin.py:190} INFO - [2025-01-27T11:43:27.694+0000] {dag.py:4180} INFO - Setting next_dagrun for example_sensors to None, run_after=None
[2025-01-27T11:43:27.725+0000] {processor.py:208} INFO - Processing /home/airflow/.local/lib/python3.12/site-packages/airflow/example_dags/example_sensors.py took 0.137 seconds
[2025-01-27T11:43:58.744+0000] {processor.py:186} INFO - Started process (PID=938) to work on /home/airflow/.local/lib/python3.12/site-packages/airflow/example_dags/example_sensors.py
[2025-01-27T11:43:58.747+0000] {processor.py:914} INFO - Processing file /home/airflow/.local/lib/python3.12/site-packages/airflow/example_dags/example_sensors.py for tasks to queue
[2025-01-27T11:43:58.753+0000] {logging_mixin.py:190} INFO - [2025-01-27T11:43:58.752+0000] {dagbag.py:588} INFO - Filling up the DagBag from /home/airflow/.local/lib/python3.12/site-packages/airflow/example_dags/example_sensors.py
[2025-01-27T11:43:58.780+0000] {processor.py:925} INFO - DAG(s) 'example_sensors' retrieved from /home/airflow/.local/lib/python3.12/site-packages/airflow/example_dags/example_sensors.py
[2025-01-27T11:43:58.834+0000] {logging_mixin.py:190} INFO - [2025-01-27T11:43:58.834+0000] {dag.py:3239} INFO - Sync 1 DAGs
[2025-01-27T11:43:58.866+0000] {logging_mixin.py:190} INFO - [2025-01-27T11:43:58.865+0000] {dag.py:4180} INFO - Setting next_dagrun for example_sensors to None, run_after=None
[2025-01-27T11:43:58.906+0000] {processor.py:208} INFO - Processing /home/airflow/.local/lib/python3.12/site-packages/airflow/example_dags/example_sensors.py took 0.176 seconds
[2025-01-27T11:44:29.660+0000] {processor.py:186} INFO - Started process (PID=1001) to work on /home/airflow/.local/lib/python3.12/site-packages/airflow/example_dags/example_sensors.py
[2025-01-27T11:44:29.666+0000] {processor.py:914} INFO - Processing file /home/airflow/.local/lib/python3.12/site-packages/airflow/example_dags/example_sensors.py for tasks to queue
[2025-01-27T11:44:29.675+0000] {logging_mixin.py:190} INFO - [2025-01-27T11:44:29.675+0000] {dagbag.py:588} INFO - Filling up the DagBag from /home/airflow/.local/lib/python3.12/site-packages/airflow/example_dags/example_sensors.py
[2025-01-27T11:44:29.725+0000] {processor.py:925} INFO - DAG(s) 'example_sensors' retrieved from /home/airflow/.local/lib/python3.12/site-packages/airflow/example_dags/example_sensors.py
[2025-01-27T11:44:30.028+0000] {logging_mixin.py:190} INFO - [2025-01-27T11:44:30.028+0000] {dag.py:3239} INFO - Sync 1 DAGs
[2025-01-27T11:44:30.086+0000] {logging_mixin.py:190} INFO - [2025-01-27T11:44:30.085+0000] {dag.py:4180} INFO - Setting next_dagrun for example_sensors to None, run_after=None
[2025-01-27T11:44:30.139+0000] {processor.py:208} INFO - Processing /home/airflow/.local/lib/python3.12/site-packages/airflow/example_dags/example_sensors.py took 0.495 seconds
[2025-01-27T11:45:00.438+0000] {processor.py:186} INFO - Started process (PID=1066) to work on /home/airflow/.local/lib/python3.12/site-packages/airflow/example_dags/example_sensors.py
[2025-01-27T11:45:00.440+0000] {processor.py:914} INFO - Processing file /home/airflow/.local/lib/python3.12/site-packages/airflow/example_dags/example_sensors.py for tasks to queue
[2025-01-27T11:45:00.445+0000] {logging_mixin.py:190} INFO - [2025-01-27T11:45:00.445+0000] {dagbag.py:588} INFO - Filling up the DagBag from /home/airflow/.local/lib/python3.12/site-packages/airflow/example_dags/example_sensors.py
[2025-01-27T11:45:00.473+0000] {processor.py:925} INFO - DAG(s) 'example_sensors' retrieved from /home/airflow/.local/lib/python3.12/site-packages/airflow/example_dags/example_sensors.py
[2025-01-27T11:45:00.522+0000] {logging_mixin.py:190} INFO - [2025-01-27T11:45:00.522+0000] {dag.py:3239} INFO - Sync 1 DAGs
[2025-01-27T11:45:00.551+0000] {logging_mixin.py:190} INFO - [2025-01-27T11:45:00.550+0000] {dag.py:4180} INFO - Setting next_dagrun for example_sensors to None, run_after=None
[2025-01-27T11:45:00.606+0000] {processor.py:208} INFO - Processing /home/airflow/.local/lib/python3.12/site-packages/airflow/example_dags/example_sensors.py took 0.181 seconds
[2025-01-27T11:45:30.819+0000] {processor.py:186} INFO - Started process (PID=1130) to work on /home/airflow/.local/lib/python3.12/site-packages/airflow/example_dags/example_sensors.py
[2025-01-27T11:45:30.822+0000] {processor.py:914} INFO - Processing file /home/airflow/.local/lib/python3.12/site-packages/airflow/example_dags/example_sensors.py for tasks to queue
[2025-01-27T11:45:30.827+0000] {logging_mixin.py:190} INFO - [2025-01-27T11:45:30.826+0000] {dagbag.py:588} INFO - Filling up the DagBag from /home/airflow/.local/lib/python3.12/site-packages/airflow/example_dags/example_sensors.py
[2025-01-27T11:45:30.855+0000] {processor.py:925} INFO - DAG(s) 'example_sensors' retrieved from /home/airflow/.local/lib/python3.12/site-packages/airflow/example_dags/example_sensors.py
[2025-01-27T11:45:30.938+0000] {logging_mixin.py:190} INFO - [2025-01-27T11:45:30.938+0000] {dag.py:3239} INFO - Sync 1 DAGs
[2025-01-27T11:45:30.967+0000] {logging_mixin.py:190} INFO - [2025-01-27T11:45:30.967+0000] {dag.py:4180} INFO - Setting next_dagrun for example_sensors to None, run_after=None
[2025-01-27T11:45:31.003+0000] {processor.py:208} INFO - Processing /home/airflow/.local/lib/python3.12/site-packages/airflow/example_dags/example_sensors.py took 0.195 seconds
[2025-01-27T11:46:01.075+0000] {processor.py:186} INFO - Started process (PID=1194) to work on /home/airflow/.local/lib/python3.12/site-packages/airflow/example_dags/example_sensors.py
[2025-01-27T11:46:01.077+0000] {processor.py:914} INFO - Processing file /home/airflow/.local/lib/python3.12/site-packages/airflow/example_dags/example_sensors.py for tasks to queue
[2025-01-27T11:46:01.081+0000] {logging_mixin.py:190} INFO - [2025-01-27T11:46:01.081+0000] {dagbag.py:588} INFO - Filling up the DagBag from /home/airflow/.local/lib/python3.12/site-packages/airflow/example_dags/example_sensors.py
[2025-01-27T11:46:01.113+0000] {processor.py:925} INFO - DAG(s) 'example_sensors' retrieved from /home/airflow/.local/lib/python3.12/site-packages/airflow/example_dags/example_sensors.py
[2025-01-27T11:46:01.156+0000] {logging_mixin.py:190} INFO - [2025-01-27T11:46:01.156+0000] {dag.py:3239} INFO - Sync 1 DAGs
[2025-01-27T11:46:01.183+0000] {logging_mixin.py:190} INFO - [2025-01-27T11:46:01.182+0000] {dag.py:4180} INFO - Setting next_dagrun for example_sensors to None, run_after=None
[2025-01-27T11:46:01.214+0000] {processor.py:208} INFO - Processing /home/airflow/.local/lib/python3.12/site-packages/airflow/example_dags/example_sensors.py took 0.149 seconds
[2025-01-27T11:46:31.518+0000] {processor.py:186} INFO - Started process (PID=1257) to work on /home/airflow/.local/lib/python3.12/site-packages/airflow/example_dags/example_sensors.py
[2025-01-27T11:46:31.520+0000] {processor.py:914} INFO - Processing file /home/airflow/.local/lib/python3.12/site-packages/airflow/example_dags/example_sensors.py for tasks to queue
[2025-01-27T11:46:31.525+0000] {logging_mixin.py:190} INFO - [2025-01-27T11:46:31.524+0000] {dagbag.py:588} INFO - Filling up the DagBag from /home/airflow/.local/lib/python3.12/site-packages/airflow/example_dags/example_sensors.py
[2025-01-27T11:46:31.559+0000] {processor.py:925} INFO - DAG(s) 'example_sensors' retrieved from /home/airflow/.local/lib/python3.12/site-packages/airflow/example_dags/example_sensors.py
[2025-01-27T11:46:31.601+0000] {logging_mixin.py:190} INFO - [2025-01-27T11:46:31.600+0000] {dag.py:3239} INFO - Sync 1 DAGs
[2025-01-27T11:46:31.626+0000] {logging_mixin.py:190} INFO - [2025-01-27T11:46:31.625+0000] {dag.py:4180} INFO - Setting next_dagrun for example_sensors to None, run_after=None
[2025-01-27T11:46:31.653+0000] {processor.py:208} INFO - Processing /home/airflow/.local/lib/python3.12/site-packages/airflow/example_dags/example_sensors.py took 0.149 seconds
[2025-01-27T11:47:02.045+0000] {processor.py:186} INFO - Started process (PID=1327) to work on /home/airflow/.local/lib/python3.12/site-packages/airflow/example_dags/example_sensors.py
[2025-01-27T11:47:02.047+0000] {processor.py:914} INFO - Processing file /home/airflow/.local/lib/python3.12/site-packages/airflow/example_dags/example_sensors.py for tasks to queue
[2025-01-27T11:47:02.052+0000] {logging_mixin.py:190} INFO - [2025-01-27T11:47:02.051+0000] {dagbag.py:588} INFO - Filling up the DagBag from /home/airflow/.local/lib/python3.12/site-packages/airflow/example_dags/example_sensors.py
[2025-01-27T11:47:02.072+0000] {processor.py:925} INFO - DAG(s) 'example_sensors' retrieved from /home/airflow/.local/lib/python3.12/site-packages/airflow/example_dags/example_sensors.py
[2025-01-27T11:47:02.144+0000] {logging_mixin.py:190} INFO - [2025-01-27T11:47:02.144+0000] {dag.py:3239} INFO - Sync 1 DAGs
[2025-01-27T11:47:02.173+0000] {logging_mixin.py:190} INFO - [2025-01-27T11:47:02.173+0000] {dag.py:4180} INFO - Setting next_dagrun for example_sensors to None, run_after=None
[2025-01-27T11:47:02.202+0000] {processor.py:208} INFO - Processing /home/airflow/.local/lib/python3.12/site-packages/airflow/example_dags/example_sensors.py took 0.168 seconds
[2025-01-27T11:47:32.707+0000] {processor.py:186} INFO - Started process (PID=1391) to work on /home/airflow/.local/lib/python3.12/site-packages/airflow/example_dags/example_sensors.py
[2025-01-27T11:47:32.708+0000] {processor.py:914} INFO - Processing file /home/airflow/.local/lib/python3.12/site-packages/airflow/example_dags/example_sensors.py for tasks to queue
[2025-01-27T11:47:32.713+0000] {logging_mixin.py:190} INFO - [2025-01-27T11:47:32.712+0000] {dagbag.py:588} INFO - Filling up the DagBag from /home/airflow/.local/lib/python3.12/site-packages/airflow/example_dags/example_sensors.py
[2025-01-27T11:47:32.739+0000] {processor.py:925} INFO - DAG(s) 'example_sensors' retrieved from /home/airflow/.local/lib/python3.12/site-packages/airflow/example_dags/example_sensors.py
[2025-01-27T11:47:32.799+0000] {logging_mixin.py:190} INFO - [2025-01-27T11:47:32.799+0000] {dag.py:3239} INFO - Sync 1 DAGs
[2025-01-27T11:47:32.887+0000] {logging_mixin.py:190} INFO - [2025-01-27T11:47:32.886+0000] {dag.py:4180} INFO - Setting next_dagrun for example_sensors to None, run_after=None
[2025-01-27T11:47:32.939+0000] {processor.py:208} INFO - Processing /home/airflow/.local/lib/python3.12/site-packages/airflow/example_dags/example_sensors.py took 0.242 seconds
[2025-01-27T11:48:03.354+0000] {processor.py:186} INFO - Started process (PID=1455) to work on /home/airflow/.local/lib/python3.12/site-packages/airflow/example_dags/example_sensors.py
[2025-01-27T11:48:03.356+0000] {processor.py:914} INFO - Processing file /home/airflow/.local/lib/python3.12/site-packages/airflow/example_dags/example_sensors.py for tasks to queue
[2025-01-27T11:48:03.361+0000] {logging_mixin.py:190} INFO - [2025-01-27T11:48:03.360+0000] {dagbag.py:588} INFO - Filling up the DagBag from /home/airflow/.local/lib/python3.12/site-packages/airflow/example_dags/example_sensors.py
[2025-01-27T11:48:03.388+0000] {processor.py:925} INFO - DAG(s) 'example_sensors' retrieved from /home/airflow/.local/lib/python3.12/site-packages/airflow/example_dags/example_sensors.py
[2025-01-27T11:48:03.447+0000] {logging_mixin.py:190} INFO - [2025-01-27T11:48:03.447+0000] {dag.py:3239} INFO - Sync 1 DAGs
[2025-01-27T11:48:03.471+0000] {logging_mixin.py:190} INFO - [2025-01-27T11:48:03.471+0000] {dag.py:4180} INFO - Setting next_dagrun for example_sensors to None, run_after=None
[2025-01-27T11:48:03.506+0000] {processor.py:208} INFO - Processing /home/airflow/.local/lib/python3.12/site-packages/airflow/example_dags/example_sensors.py took 0.164 seconds
[2025-01-27T11:48:34.317+0000] {processor.py:186} INFO - Started process (PID=1519) to work on /home/airflow/.local/lib/python3.12/site-packages/airflow/example_dags/example_sensors.py
[2025-01-27T11:48:34.319+0000] {processor.py:914} INFO - Processing file /home/airflow/.local/lib/python3.12/site-packages/airflow/example_dags/example_sensors.py for tasks to queue
[2025-01-27T11:48:34.324+0000] {logging_mixin.py:190} INFO - [2025-01-27T11:48:34.323+0000] {dagbag.py:588} INFO - Filling up the DagBag from /home/airflow/.local/lib/python3.12/site-packages/airflow/example_dags/example_sensors.py
[2025-01-27T11:48:34.350+0000] {processor.py:925} INFO - DAG(s) 'example_sensors' retrieved from /home/airflow/.local/lib/python3.12/site-packages/airflow/example_dags/example_sensors.py
[2025-01-27T11:48:34.405+0000] {logging_mixin.py:190} INFO - [2025-01-27T11:48:34.404+0000] {dag.py:3239} INFO - Sync 1 DAGs
[2025-01-27T11:48:34.427+0000] {logging_mixin.py:190} INFO - [2025-01-27T11:48:34.427+0000] {dag.py:4180} INFO - Setting next_dagrun for example_sensors to None, run_after=None
[2025-01-27T11:48:34.460+0000] {processor.py:208} INFO - Processing /home/airflow/.local/lib/python3.12/site-packages/airflow/example_dags/example_sensors.py took 0.156 seconds
[2025-01-27T11:49:04.547+0000] {processor.py:186} INFO - Started process (PID=1582) to work on /home/airflow/.local/lib/python3.12/site-packages/airflow/example_dags/example_sensors.py
[2025-01-27T11:49:04.549+0000] {processor.py:914} INFO - Processing file /home/airflow/.local/lib/python3.12/site-packages/airflow/example_dags/example_sensors.py for tasks to queue
[2025-01-27T11:49:04.553+0000] {logging_mixin.py:190} INFO - [2025-01-27T11:49:04.552+0000] {dagbag.py:588} INFO - Filling up the DagBag from /home/airflow/.local/lib/python3.12/site-packages/airflow/example_dags/example_sensors.py
[2025-01-27T11:49:04.568+0000] {processor.py:925} INFO - DAG(s) 'example_sensors' retrieved from /home/airflow/.local/lib/python3.12/site-packages/airflow/example_dags/example_sensors.py
[2025-01-27T11:49:04.607+0000] {logging_mixin.py:190} INFO - [2025-01-27T11:49:04.607+0000] {dag.py:3239} INFO - Sync 1 DAGs
[2025-01-27T11:49:04.627+0000] {logging_mixin.py:190} INFO - [2025-01-27T11:49:04.627+0000] {dag.py:4180} INFO - Setting next_dagrun for example_sensors to None, run_after=None
[2025-01-27T11:49:04.657+0000] {processor.py:208} INFO - Processing /home/airflow/.local/lib/python3.12/site-packages/airflow/example_dags/example_sensors.py took 0.122 seconds
[2025-01-27T11:49:35.121+0000] {processor.py:186} INFO - Started process (PID=1647) to work on /home/airflow/.local/lib/python3.12/site-packages/airflow/example_dags/example_sensors.py
[2025-01-27T11:49:35.122+0000] {processor.py:914} INFO - Processing file /home/airflow/.local/lib/python3.12/site-packages/airflow/example_dags/example_sensors.py for tasks to queue
[2025-01-27T11:49:35.126+0000] {logging_mixin.py:190} INFO - [2025-01-27T11:49:35.125+0000] {dagbag.py:588} INFO - Filling up the DagBag from /home/airflow/.local/lib/python3.12/site-packages/airflow/example_dags/example_sensors.py
[2025-01-27T11:49:35.143+0000] {processor.py:925} INFO - DAG(s) 'example_sensors' retrieved from /home/airflow/.local/lib/python3.12/site-packages/airflow/example_dags/example_sensors.py
[2025-01-27T11:49:35.186+0000] {logging_mixin.py:190} INFO - [2025-01-27T11:49:35.186+0000] {dag.py:3239} INFO - Sync 1 DAGs
[2025-01-27T11:49:35.213+0000] {logging_mixin.py:190} INFO - [2025-01-27T11:49:35.213+0000] {dag.py:4180} INFO - Setting next_dagrun for example_sensors to None, run_after=None
[2025-01-27T11:49:35.247+0000] {processor.py:208} INFO - Processing /home/airflow/.local/lib/python3.12/site-packages/airflow/example_dags/example_sensors.py took 0.135 seconds
[2025-01-27T11:50:05.342+0000] {processor.py:186} INFO - Started process (PID=1711) to work on /home/airflow/.local/lib/python3.12/site-packages/airflow/example_dags/example_sensors.py
[2025-01-27T11:50:05.344+0000] {processor.py:914} INFO - Processing file /home/airflow/.local/lib/python3.12/site-packages/airflow/example_dags/example_sensors.py for tasks to queue
[2025-01-27T11:50:05.350+0000] {logging_mixin.py:190} INFO - [2025-01-27T11:50:05.349+0000] {dagbag.py:588} INFO - Filling up the DagBag from /home/airflow/.local/lib/python3.12/site-packages/airflow/example_dags/example_sensors.py
[2025-01-27T11:50:05.370+0000] {processor.py:925} INFO - DAG(s) 'example_sensors' retrieved from /home/airflow/.local/lib/python3.12/site-packages/airflow/example_dags/example_sensors.py
[2025-01-27T11:50:05.416+0000] {logging_mixin.py:190} INFO - [2025-01-27T11:50:05.416+0000] {dag.py:3239} INFO - Sync 1 DAGs
[2025-01-27T11:50:05.440+0000] {logging_mixin.py:190} INFO - [2025-01-27T11:50:05.440+0000] {dag.py:4180} INFO - Setting next_dagrun for example_sensors to None, run_after=None
[2025-01-27T11:50:05.475+0000] {processor.py:208} INFO - Processing /home/airflow/.local/lib/python3.12/site-packages/airflow/example_dags/example_sensors.py took 0.144 seconds
[2025-01-27T11:50:35.681+0000] {processor.py:186} INFO - Started process (PID=1775) to work on /home/airflow/.local/lib/python3.12/site-packages/airflow/example_dags/example_sensors.py
[2025-01-27T11:50:35.683+0000] {processor.py:914} INFO - Processing file /home/airflow/.local/lib/python3.12/site-packages/airflow/example_dags/example_sensors.py for tasks to queue
[2025-01-27T11:50:35.687+0000] {logging_mixin.py:190} INFO - [2025-01-27T11:50:35.686+0000] {dagbag.py:588} INFO - Filling up the DagBag from /home/airflow/.local/lib/python3.12/site-packages/airflow/example_dags/example_sensors.py
[2025-01-27T11:50:35.714+0000] {processor.py:925} INFO - DAG(s) 'example_sensors' retrieved from /home/airflow/.local/lib/python3.12/site-packages/airflow/example_dags/example_sensors.py
[2025-01-27T11:50:35.775+0000] {logging_mixin.py:190} INFO - [2025-01-27T11:50:35.775+0000] {dag.py:3239} INFO - Sync 1 DAGs
[2025-01-27T11:50:35.810+0000] {logging_mixin.py:190} INFO - [2025-01-27T11:50:35.810+0000] {dag.py:4180} INFO - Setting next_dagrun for example_sensors to None, run_after=None
[2025-01-27T11:50:35.843+0000] {processor.py:208} INFO - Processing /home/airflow/.local/lib/python3.12/site-packages/airflow/example_dags/example_sensors.py took 0.172 seconds
