[2025-01-27T10:34:00.323+0000] {processor.py:186} INFO - Started process (PID=191) to work on /home/airflow/.local/lib/python3.12/site-packages/airflow/example_dags/example_task_group_decorator.py
[2025-01-27T10:34:00.328+0000] {processor.py:914} INFO - Processing file /home/airflow/.local/lib/python3.12/site-packages/airflow/example_dags/example_task_group_decorator.py for tasks to queue
[2025-01-27T10:34:00.336+0000] {logging_mixin.py:190} INFO - [2025-01-27T10:34:00.335+0000] {dagbag.py:588} INFO - Filling up the DagBag from /home/airflow/.local/lib/python3.12/site-packages/airflow/example_dags/example_task_group_decorator.py
[2025-01-27T10:34:00.506+0000] {processor.py:925} INFO - DAG(s) 'example_task_group_decorator' retrieved from /home/airflow/.local/lib/python3.12/site-packages/airflow/example_dags/example_task_group_decorator.py
[2025-01-27T10:34:00.793+0000] {logging_mixin.py:190} INFO - [2025-01-27T10:34:00.793+0000] {dag.py:3239} INFO - Sync 1 DAGs
[2025-01-27T10:34:01.150+0000] {logging_mixin.py:190} INFO - [2025-01-27T10:34:01.149+0000] {dag.py:4180} INFO - Setting next_dagrun for example_task_group_decorator to None, run_after=None
[2025-01-27T10:34:01.271+0000] {processor.py:208} INFO - Processing /home/airflow/.local/lib/python3.12/site-packages/airflow/example_dags/example_task_group_decorator.py took 0.969 seconds
[2025-01-27T10:44:59.149+0000] {processor.py:186} INFO - Started process (PID=176) to work on /home/airflow/.local/lib/python3.12/site-packages/airflow/example_dags/example_task_group_decorator.py
[2025-01-27T10:44:59.152+0000] {processor.py:914} INFO - Processing file /home/airflow/.local/lib/python3.12/site-packages/airflow/example_dags/example_task_group_decorator.py for tasks to queue
[2025-01-27T10:44:59.157+0000] {logging_mixin.py:190} INFO - [2025-01-27T10:44:59.156+0000] {dagbag.py:588} INFO - Filling up the DagBag from /home/airflow/.local/lib/python3.12/site-packages/airflow/example_dags/example_task_group_decorator.py
[2025-01-27T10:44:59.217+0000] {processor.py:925} INFO - DAG(s) 'example_task_group_decorator' retrieved from /home/airflow/.local/lib/python3.12/site-packages/airflow/example_dags/example_task_group_decorator.py
[2025-01-27T10:44:59.297+0000] {logging_mixin.py:190} INFO - [2025-01-27T10:44:59.296+0000] {dag.py:3239} INFO - Sync 1 DAGs
[2025-01-27T10:44:59.357+0000] {logging_mixin.py:190} INFO - [2025-01-27T10:44:59.356+0000] {dag.py:4180} INFO - Setting next_dagrun for example_task_group_decorator to None, run_after=None
[2025-01-27T10:44:59.402+0000] {processor.py:208} INFO - Processing /home/airflow/.local/lib/python3.12/site-packages/airflow/example_dags/example_task_group_decorator.py took 0.268 seconds
[2025-01-27T10:46:17.843+0000] {processor.py:186} INFO - Started process (PID=251) to work on /home/airflow/.local/lib/python3.12/site-packages/airflow/example_dags/example_task_group_decorator.py
[2025-01-27T10:46:17.849+0000] {processor.py:914} INFO - Processing file /home/airflow/.local/lib/python3.12/site-packages/airflow/example_dags/example_task_group_decorator.py for tasks to queue
[2025-01-27T10:46:17.873+0000] {logging_mixin.py:190} INFO - [2025-01-27T10:46:17.872+0000] {dagbag.py:588} INFO - Filling up the DagBag from /home/airflow/.local/lib/python3.12/site-packages/airflow/example_dags/example_task_group_decorator.py
[2025-01-27T10:46:18.164+0000] {processor.py:925} INFO - DAG(s) 'example_task_group_decorator' retrieved from /home/airflow/.local/lib/python3.12/site-packages/airflow/example_dags/example_task_group_decorator.py
[2025-01-27T10:46:19.313+0000] {logging_mixin.py:190} INFO - [2025-01-27T10:46:19.302+0000] {dag.py:3239} INFO - Sync 1 DAGs
[2025-01-27T10:46:19.554+0000] {logging_mixin.py:190} INFO - [2025-01-27T10:46:19.554+0000] {dag.py:4180} INFO - Setting next_dagrun for example_task_group_decorator to None, run_after=None
[2025-01-27T10:46:19.839+0000] {processor.py:208} INFO - Processing /home/airflow/.local/lib/python3.12/site-packages/airflow/example_dags/example_task_group_decorator.py took 2.035 seconds
[2025-01-27T10:46:57.448+0000] {processor.py:186} INFO - Started process (PID=320) to work on /home/airflow/.local/lib/python3.12/site-packages/airflow/example_dags/example_task_group_decorator.py
[2025-01-27T10:46:57.454+0000] {processor.py:914} INFO - Processing file /home/airflow/.local/lib/python3.12/site-packages/airflow/example_dags/example_task_group_decorator.py for tasks to queue
[2025-01-27T10:46:57.461+0000] {logging_mixin.py:190} INFO - [2025-01-27T10:46:57.460+0000] {dagbag.py:588} INFO - Filling up the DagBag from /home/airflow/.local/lib/python3.12/site-packages/airflow/example_dags/example_task_group_decorator.py
[2025-01-27T10:46:57.519+0000] {processor.py:925} INFO - DAG(s) 'example_task_group_decorator' retrieved from /home/airflow/.local/lib/python3.12/site-packages/airflow/example_dags/example_task_group_decorator.py
[2025-01-27T10:46:57.595+0000] {logging_mixin.py:190} INFO - [2025-01-27T10:46:57.594+0000] {dag.py:3239} INFO - Sync 1 DAGs
[2025-01-27T10:46:57.640+0000] {logging_mixin.py:190} INFO - [2025-01-27T10:46:57.639+0000] {dag.py:4180} INFO - Setting next_dagrun for example_task_group_decorator to None, run_after=None
[2025-01-27T10:46:57.727+0000] {processor.py:208} INFO - Processing /home/airflow/.local/lib/python3.12/site-packages/airflow/example_dags/example_task_group_decorator.py took 0.301 seconds
[2025-01-27T10:55:01.961+0000] {processor.py:186} INFO - Started process (PID=105) to work on /home/airflow/.local/lib/python3.12/site-packages/airflow/example_dags/example_task_group_decorator.py
[2025-01-27T10:55:01.970+0000] {processor.py:914} INFO - Processing file /home/airflow/.local/lib/python3.12/site-packages/airflow/example_dags/example_task_group_decorator.py for tasks to queue
[2025-01-27T10:55:01.979+0000] {logging_mixin.py:190} INFO - [2025-01-27T10:55:01.979+0000] {dagbag.py:588} INFO - Filling up the DagBag from /home/airflow/.local/lib/python3.12/site-packages/airflow/example_dags/example_task_group_decorator.py
[2025-01-27T10:55:02.054+0000] {processor.py:925} INFO - DAG(s) 'example_task_group_decorator' retrieved from /home/airflow/.local/lib/python3.12/site-packages/airflow/example_dags/example_task_group_decorator.py
[2025-01-27T10:55:02.405+0000] {logging_mixin.py:190} INFO - [2025-01-27T10:55:02.405+0000] {dag.py:3239} INFO - Sync 1 DAGs
[2025-01-27T10:55:02.475+0000] {logging_mixin.py:190} INFO - [2025-01-27T10:55:02.475+0000] {dag.py:4180} INFO - Setting next_dagrun for example_task_group_decorator to None, run_after=None
[2025-01-27T10:55:02.692+0000] {processor.py:208} INFO - Processing /home/airflow/.local/lib/python3.12/site-packages/airflow/example_dags/example_task_group_decorator.py took 0.753 seconds
[2025-01-27T10:56:29.801+0000] {processor.py:186} INFO - Started process (PID=177) to work on /home/airflow/.local/lib/python3.12/site-packages/airflow/example_dags/example_task_group_decorator.py
[2025-01-27T10:56:29.818+0000] {processor.py:914} INFO - Processing file /home/airflow/.local/lib/python3.12/site-packages/airflow/example_dags/example_task_group_decorator.py for tasks to queue
[2025-01-27T10:56:29.837+0000] {logging_mixin.py:190} INFO - [2025-01-27T10:56:29.835+0000] {dagbag.py:588} INFO - Filling up the DagBag from /home/airflow/.local/lib/python3.12/site-packages/airflow/example_dags/example_task_group_decorator.py
[2025-01-27T10:56:29.952+0000] {processor.py:925} INFO - DAG(s) 'example_task_group_decorator' retrieved from /home/airflow/.local/lib/python3.12/site-packages/airflow/example_dags/example_task_group_decorator.py
[2025-01-27T10:56:30.325+0000] {logging_mixin.py:190} INFO - [2025-01-27T10:56:30.324+0000] {dag.py:3239} INFO - Sync 1 DAGs
[2025-01-27T10:56:30.447+0000] {logging_mixin.py:190} INFO - [2025-01-27T10:56:30.446+0000] {dag.py:4180} INFO - Setting next_dagrun for example_task_group_decorator to None, run_after=None
[2025-01-27T10:56:30.555+0000] {processor.py:208} INFO - Processing /home/airflow/.local/lib/python3.12/site-packages/airflow/example_dags/example_task_group_decorator.py took 0.794 seconds
[2025-01-27T10:57:04.532+0000] {processor.py:186} INFO - Started process (PID=241) to work on /home/airflow/.local/lib/python3.12/site-packages/airflow/example_dags/example_task_group_decorator.py
[2025-01-27T10:57:04.538+0000] {processor.py:914} INFO - Processing file /home/airflow/.local/lib/python3.12/site-packages/airflow/example_dags/example_task_group_decorator.py for tasks to queue
[2025-01-27T10:57:04.564+0000] {logging_mixin.py:190} INFO - [2025-01-27T10:57:04.563+0000] {dagbag.py:588} INFO - Filling up the DagBag from /home/airflow/.local/lib/python3.12/site-packages/airflow/example_dags/example_task_group_decorator.py
[2025-01-27T10:57:04.664+0000] {processor.py:925} INFO - DAG(s) 'example_task_group_decorator' retrieved from /home/airflow/.local/lib/python3.12/site-packages/airflow/example_dags/example_task_group_decorator.py
[2025-01-27T10:57:05.031+0000] {logging_mixin.py:190} INFO - [2025-01-27T10:57:05.031+0000] {dag.py:3239} INFO - Sync 1 DAGs
[2025-01-27T10:57:05.128+0000] {logging_mixin.py:190} INFO - [2025-01-27T10:57:05.127+0000] {dag.py:4180} INFO - Setting next_dagrun for example_task_group_decorator to None, run_after=None
[2025-01-27T10:57:05.232+0000] {processor.py:208} INFO - Processing /home/airflow/.local/lib/python3.12/site-packages/airflow/example_dags/example_task_group_decorator.py took 0.725 seconds
[2025-01-27T10:57:54.771+0000] {processor.py:186} INFO - Started process (PID=311) to work on /home/airflow/.local/lib/python3.12/site-packages/airflow/example_dags/example_task_group_decorator.py
[2025-01-27T10:57:54.775+0000] {processor.py:914} INFO - Processing file /home/airflow/.local/lib/python3.12/site-packages/airflow/example_dags/example_task_group_decorator.py for tasks to queue
[2025-01-27T10:57:54.782+0000] {logging_mixin.py:190} INFO - [2025-01-27T10:57:54.781+0000] {dagbag.py:588} INFO - Filling up the DagBag from /home/airflow/.local/lib/python3.12/site-packages/airflow/example_dags/example_task_group_decorator.py
[2025-01-27T10:57:54.855+0000] {processor.py:925} INFO - DAG(s) 'example_task_group_decorator' retrieved from /home/airflow/.local/lib/python3.12/site-packages/airflow/example_dags/example_task_group_decorator.py
[2025-01-27T10:57:54.990+0000] {logging_mixin.py:190} INFO - [2025-01-27T10:57:54.989+0000] {dag.py:3239} INFO - Sync 1 DAGs
[2025-01-27T10:57:55.075+0000] {logging_mixin.py:190} INFO - [2025-01-27T10:57:55.075+0000] {dag.py:4180} INFO - Setting next_dagrun for example_task_group_decorator to None, run_after=None
[2025-01-27T10:57:55.116+0000] {processor.py:208} INFO - Processing /home/airflow/.local/lib/python3.12/site-packages/airflow/example_dags/example_task_group_decorator.py took 0.377 seconds
[2025-01-27T10:58:32.954+0000] {processor.py:186} INFO - Started process (PID=359) to work on /home/airflow/.local/lib/python3.12/site-packages/airflow/example_dags/example_task_group_decorator.py
[2025-01-27T10:58:32.957+0000] {processor.py:914} INFO - Processing file /home/airflow/.local/lib/python3.12/site-packages/airflow/example_dags/example_task_group_decorator.py for tasks to queue
[2025-01-27T10:58:32.967+0000] {logging_mixin.py:190} INFO - [2025-01-27T10:58:32.965+0000] {dagbag.py:588} INFO - Filling up the DagBag from /home/airflow/.local/lib/python3.12/site-packages/airflow/example_dags/example_task_group_decorator.py
[2025-01-27T10:58:33.053+0000] {processor.py:925} INFO - DAG(s) 'example_task_group_decorator' retrieved from /home/airflow/.local/lib/python3.12/site-packages/airflow/example_dags/example_task_group_decorator.py
[2025-01-27T10:58:33.173+0000] {logging_mixin.py:190} INFO - [2025-01-27T10:58:33.172+0000] {dag.py:3239} INFO - Sync 1 DAGs
[2025-01-27T10:58:33.316+0000] {logging_mixin.py:190} INFO - [2025-01-27T10:58:33.316+0000] {dag.py:4180} INFO - Setting next_dagrun for example_task_group_decorator to None, run_after=None
[2025-01-27T10:58:33.566+0000] {processor.py:208} INFO - Processing /home/airflow/.local/lib/python3.12/site-packages/airflow/example_dags/example_task_group_decorator.py took 0.656 seconds
[2025-01-27T10:59:14.588+0000] {processor.py:186} INFO - Started process (PID=423) to work on /home/airflow/.local/lib/python3.12/site-packages/airflow/example_dags/example_task_group_decorator.py
[2025-01-27T10:59:14.591+0000] {processor.py:914} INFO - Processing file /home/airflow/.local/lib/python3.12/site-packages/airflow/example_dags/example_task_group_decorator.py for tasks to queue
[2025-01-27T10:59:14.597+0000] {logging_mixin.py:190} INFO - [2025-01-27T10:59:14.596+0000] {dagbag.py:588} INFO - Filling up the DagBag from /home/airflow/.local/lib/python3.12/site-packages/airflow/example_dags/example_task_group_decorator.py
[2025-01-27T10:59:14.666+0000] {processor.py:925} INFO - DAG(s) 'example_task_group_decorator' retrieved from /home/airflow/.local/lib/python3.12/site-packages/airflow/example_dags/example_task_group_decorator.py
[2025-01-27T10:59:14.759+0000] {logging_mixin.py:190} INFO - [2025-01-27T10:59:14.759+0000] {dag.py:3239} INFO - Sync 1 DAGs
[2025-01-27T10:59:14.815+0000] {logging_mixin.py:190} INFO - [2025-01-27T10:59:14.814+0000] {dag.py:4180} INFO - Setting next_dagrun for example_task_group_decorator to None, run_after=None
[2025-01-27T10:59:14.861+0000] {processor.py:208} INFO - Processing /home/airflow/.local/lib/python3.12/site-packages/airflow/example_dags/example_task_group_decorator.py took 0.296 seconds
[2025-01-27T10:59:46.092+0000] {processor.py:186} INFO - Started process (PID=483) to work on /home/airflow/.local/lib/python3.12/site-packages/airflow/example_dags/example_task_group_decorator.py
[2025-01-27T10:59:46.094+0000] {processor.py:914} INFO - Processing file /home/airflow/.local/lib/python3.12/site-packages/airflow/example_dags/example_task_group_decorator.py for tasks to queue
[2025-01-27T10:59:46.099+0000] {logging_mixin.py:190} INFO - [2025-01-27T10:59:46.099+0000] {dagbag.py:588} INFO - Filling up the DagBag from /home/airflow/.local/lib/python3.12/site-packages/airflow/example_dags/example_task_group_decorator.py
[2025-01-27T10:59:46.126+0000] {processor.py:925} INFO - DAG(s) 'example_task_group_decorator' retrieved from /home/airflow/.local/lib/python3.12/site-packages/airflow/example_dags/example_task_group_decorator.py
[2025-01-27T10:59:46.186+0000] {logging_mixin.py:190} INFO - [2025-01-27T10:59:46.186+0000] {dag.py:3239} INFO - Sync 1 DAGs
[2025-01-27T10:59:46.222+0000] {logging_mixin.py:190} INFO - [2025-01-27T10:59:46.222+0000] {dag.py:4180} INFO - Setting next_dagrun for example_task_group_decorator to None, run_after=None
[2025-01-27T10:59:46.259+0000] {processor.py:208} INFO - Processing /home/airflow/.local/lib/python3.12/site-packages/airflow/example_dags/example_task_group_decorator.py took 0.178 seconds
[2025-01-27T11:00:16.972+0000] {processor.py:186} INFO - Started process (PID=544) to work on /home/airflow/.local/lib/python3.12/site-packages/airflow/example_dags/example_task_group_decorator.py
[2025-01-27T11:00:16.974+0000] {processor.py:914} INFO - Processing file /home/airflow/.local/lib/python3.12/site-packages/airflow/example_dags/example_task_group_decorator.py for tasks to queue
[2025-01-27T11:00:16.977+0000] {logging_mixin.py:190} INFO - [2025-01-27T11:00:16.977+0000] {dagbag.py:588} INFO - Filling up the DagBag from /home/airflow/.local/lib/python3.12/site-packages/airflow/example_dags/example_task_group_decorator.py
[2025-01-27T11:00:17.019+0000] {processor.py:925} INFO - DAG(s) 'example_task_group_decorator' retrieved from /home/airflow/.local/lib/python3.12/site-packages/airflow/example_dags/example_task_group_decorator.py
[2025-01-27T11:00:17.086+0000] {logging_mixin.py:190} INFO - [2025-01-27T11:00:17.085+0000] {dag.py:3239} INFO - Sync 1 DAGs
[2025-01-27T11:00:17.120+0000] {logging_mixin.py:190} INFO - [2025-01-27T11:00:17.120+0000] {dag.py:4180} INFO - Setting next_dagrun for example_task_group_decorator to None, run_after=None
[2025-01-27T11:00:17.166+0000] {processor.py:208} INFO - Processing /home/airflow/.local/lib/python3.12/site-packages/airflow/example_dags/example_task_group_decorator.py took 0.206 seconds
[2025-01-27T11:00:51.563+0000] {processor.py:186} INFO - Started process (PID=607) to work on /home/airflow/.local/lib/python3.12/site-packages/airflow/example_dags/example_task_group_decorator.py
[2025-01-27T11:00:51.573+0000] {processor.py:914} INFO - Processing file /home/airflow/.local/lib/python3.12/site-packages/airflow/example_dags/example_task_group_decorator.py for tasks to queue
[2025-01-27T11:00:51.593+0000] {logging_mixin.py:190} INFO - [2025-01-27T11:00:51.580+0000] {dagbag.py:588} INFO - Filling up the DagBag from /home/airflow/.local/lib/python3.12/site-packages/airflow/example_dags/example_task_group_decorator.py
[2025-01-27T11:00:51.673+0000] {processor.py:925} INFO - DAG(s) 'example_task_group_decorator' retrieved from /home/airflow/.local/lib/python3.12/site-packages/airflow/example_dags/example_task_group_decorator.py
[2025-01-27T11:00:51.824+0000] {logging_mixin.py:190} INFO - [2025-01-27T11:00:51.823+0000] {dag.py:3239} INFO - Sync 1 DAGs
[2025-01-27T11:00:51.912+0000] {logging_mixin.py:190} INFO - [2025-01-27T11:00:51.911+0000] {dag.py:4180} INFO - Setting next_dagrun for example_task_group_decorator to None, run_after=None
[2025-01-27T11:00:52.033+0000] {processor.py:208} INFO - Processing /home/airflow/.local/lib/python3.12/site-packages/airflow/example_dags/example_task_group_decorator.py took 0.520 seconds
[2025-01-27T11:01:22.514+0000] {processor.py:186} INFO - Started process (PID=672) to work on /home/airflow/.local/lib/python3.12/site-packages/airflow/example_dags/example_task_group_decorator.py
[2025-01-27T11:01:22.517+0000] {processor.py:914} INFO - Processing file /home/airflow/.local/lib/python3.12/site-packages/airflow/example_dags/example_task_group_decorator.py for tasks to queue
[2025-01-27T11:01:22.522+0000] {logging_mixin.py:190} INFO - [2025-01-27T11:01:22.521+0000] {dagbag.py:588} INFO - Filling up the DagBag from /home/airflow/.local/lib/python3.12/site-packages/airflow/example_dags/example_task_group_decorator.py
[2025-01-27T11:01:22.586+0000] {processor.py:925} INFO - DAG(s) 'example_task_group_decorator' retrieved from /home/airflow/.local/lib/python3.12/site-packages/airflow/example_dags/example_task_group_decorator.py
[2025-01-27T11:01:22.712+0000] {logging_mixin.py:190} INFO - [2025-01-27T11:01:22.711+0000] {dag.py:3239} INFO - Sync 1 DAGs
[2025-01-27T11:01:22.774+0000] {logging_mixin.py:190} INFO - [2025-01-27T11:01:22.773+0000] {dag.py:4180} INFO - Setting next_dagrun for example_task_group_decorator to None, run_after=None
[2025-01-27T11:01:22.816+0000] {processor.py:208} INFO - Processing /home/airflow/.local/lib/python3.12/site-packages/airflow/example_dags/example_task_group_decorator.py took 0.317 seconds
[2025-01-27T11:01:53.604+0000] {processor.py:186} INFO - Started process (PID=736) to work on /home/airflow/.local/lib/python3.12/site-packages/airflow/example_dags/example_task_group_decorator.py
[2025-01-27T11:01:53.607+0000] {processor.py:914} INFO - Processing file /home/airflow/.local/lib/python3.12/site-packages/airflow/example_dags/example_task_group_decorator.py for tasks to queue
[2025-01-27T11:01:53.615+0000] {logging_mixin.py:190} INFO - [2025-01-27T11:01:53.612+0000] {dagbag.py:588} INFO - Filling up the DagBag from /home/airflow/.local/lib/python3.12/site-packages/airflow/example_dags/example_task_group_decorator.py
[2025-01-27T11:01:53.693+0000] {processor.py:925} INFO - DAG(s) 'example_task_group_decorator' retrieved from /home/airflow/.local/lib/python3.12/site-packages/airflow/example_dags/example_task_group_decorator.py
[2025-01-27T11:01:53.844+0000] {logging_mixin.py:190} INFO - [2025-01-27T11:01:53.844+0000] {dag.py:3239} INFO - Sync 1 DAGs
[2025-01-27T11:01:53.906+0000] {logging_mixin.py:190} INFO - [2025-01-27T11:01:53.906+0000] {dag.py:4180} INFO - Setting next_dagrun for example_task_group_decorator to None, run_after=None
[2025-01-27T11:01:53.949+0000] {processor.py:208} INFO - Processing /home/airflow/.local/lib/python3.12/site-packages/airflow/example_dags/example_task_group_decorator.py took 0.363 seconds
[2025-01-27T11:02:24.748+0000] {processor.py:186} INFO - Started process (PID=800) to work on /home/airflow/.local/lib/python3.12/site-packages/airflow/example_dags/example_task_group_decorator.py
[2025-01-27T11:02:24.750+0000] {processor.py:914} INFO - Processing file /home/airflow/.local/lib/python3.12/site-packages/airflow/example_dags/example_task_group_decorator.py for tasks to queue
[2025-01-27T11:02:24.755+0000] {logging_mixin.py:190} INFO - [2025-01-27T11:02:24.754+0000] {dagbag.py:588} INFO - Filling up the DagBag from /home/airflow/.local/lib/python3.12/site-packages/airflow/example_dags/example_task_group_decorator.py
[2025-01-27T11:02:24.785+0000] {processor.py:925} INFO - DAG(s) 'example_task_group_decorator' retrieved from /home/airflow/.local/lib/python3.12/site-packages/airflow/example_dags/example_task_group_decorator.py
[2025-01-27T11:02:24.829+0000] {logging_mixin.py:190} INFO - [2025-01-27T11:02:24.829+0000] {dag.py:3239} INFO - Sync 1 DAGs
[2025-01-27T11:02:24.852+0000] {logging_mixin.py:190} INFO - [2025-01-27T11:02:24.852+0000] {dag.py:4180} INFO - Setting next_dagrun for example_task_group_decorator to None, run_after=None
[2025-01-27T11:02:24.884+0000] {processor.py:208} INFO - Processing /home/airflow/.local/lib/python3.12/site-packages/airflow/example_dags/example_task_group_decorator.py took 0.148 seconds
[2025-01-27T11:02:54.986+0000] {processor.py:186} INFO - Started process (PID=863) to work on /home/airflow/.local/lib/python3.12/site-packages/airflow/example_dags/example_task_group_decorator.py
[2025-01-27T11:02:54.988+0000] {processor.py:914} INFO - Processing file /home/airflow/.local/lib/python3.12/site-packages/airflow/example_dags/example_task_group_decorator.py for tasks to queue
[2025-01-27T11:02:54.993+0000] {logging_mixin.py:190} INFO - [2025-01-27T11:02:54.992+0000] {dagbag.py:588} INFO - Filling up the DagBag from /home/airflow/.local/lib/python3.12/site-packages/airflow/example_dags/example_task_group_decorator.py
[2025-01-27T11:02:55.022+0000] {processor.py:925} INFO - DAG(s) 'example_task_group_decorator' retrieved from /home/airflow/.local/lib/python3.12/site-packages/airflow/example_dags/example_task_group_decorator.py
[2025-01-27T11:02:55.088+0000] {logging_mixin.py:190} INFO - [2025-01-27T11:02:55.087+0000] {dag.py:3239} INFO - Sync 1 DAGs
[2025-01-27T11:02:55.120+0000] {logging_mixin.py:190} INFO - [2025-01-27T11:02:55.120+0000] {dag.py:4180} INFO - Setting next_dagrun for example_task_group_decorator to None, run_after=None
[2025-01-27T11:02:55.169+0000] {processor.py:208} INFO - Processing /home/airflow/.local/lib/python3.12/site-packages/airflow/example_dags/example_task_group_decorator.py took 0.195 seconds
[2025-01-27T11:03:25.409+0000] {processor.py:186} INFO - Started process (PID=926) to work on /home/airflow/.local/lib/python3.12/site-packages/airflow/example_dags/example_task_group_decorator.py
[2025-01-27T11:03:25.411+0000] {processor.py:914} INFO - Processing file /home/airflow/.local/lib/python3.12/site-packages/airflow/example_dags/example_task_group_decorator.py for tasks to queue
[2025-01-27T11:03:25.418+0000] {logging_mixin.py:190} INFO - [2025-01-27T11:03:25.417+0000] {dagbag.py:588} INFO - Filling up the DagBag from /home/airflow/.local/lib/python3.12/site-packages/airflow/example_dags/example_task_group_decorator.py
[2025-01-27T11:03:25.460+0000] {processor.py:925} INFO - DAG(s) 'example_task_group_decorator' retrieved from /home/airflow/.local/lib/python3.12/site-packages/airflow/example_dags/example_task_group_decorator.py
[2025-01-27T11:03:25.547+0000] {logging_mixin.py:190} INFO - [2025-01-27T11:03:25.546+0000] {dag.py:3239} INFO - Sync 1 DAGs
[2025-01-27T11:03:25.584+0000] {logging_mixin.py:190} INFO - [2025-01-27T11:03:25.583+0000] {dag.py:4180} INFO - Setting next_dagrun for example_task_group_decorator to None, run_after=None
[2025-01-27T11:03:25.639+0000] {processor.py:208} INFO - Processing /home/airflow/.local/lib/python3.12/site-packages/airflow/example_dags/example_task_group_decorator.py took 0.245 seconds
[2025-01-27T11:03:55.912+0000] {processor.py:186} INFO - Started process (PID=989) to work on /home/airflow/.local/lib/python3.12/site-packages/airflow/example_dags/example_task_group_decorator.py
[2025-01-27T11:03:55.914+0000] {processor.py:914} INFO - Processing file /home/airflow/.local/lib/python3.12/site-packages/airflow/example_dags/example_task_group_decorator.py for tasks to queue
[2025-01-27T11:03:55.921+0000] {logging_mixin.py:190} INFO - [2025-01-27T11:03:55.920+0000] {dagbag.py:588} INFO - Filling up the DagBag from /home/airflow/.local/lib/python3.12/site-packages/airflow/example_dags/example_task_group_decorator.py
[2025-01-27T11:03:55.985+0000] {processor.py:925} INFO - DAG(s) 'example_task_group_decorator' retrieved from /home/airflow/.local/lib/python3.12/site-packages/airflow/example_dags/example_task_group_decorator.py
[2025-01-27T11:03:56.066+0000] {logging_mixin.py:190} INFO - [2025-01-27T11:03:56.066+0000] {dag.py:3239} INFO - Sync 1 DAGs
[2025-01-27T11:03:56.115+0000] {logging_mixin.py:190} INFO - [2025-01-27T11:03:56.115+0000] {dag.py:4180} INFO - Setting next_dagrun for example_task_group_decorator to None, run_after=None
[2025-01-27T11:03:56.188+0000] {processor.py:208} INFO - Processing /home/airflow/.local/lib/python3.12/site-packages/airflow/example_dags/example_task_group_decorator.py took 0.310 seconds
[2025-01-27T11:04:58.483+0000] {processor.py:186} INFO - Started process (PID=1058) to work on /home/airflow/.local/lib/python3.12/site-packages/airflow/example_dags/example_task_group_decorator.py
[2025-01-27T11:04:58.486+0000] {processor.py:914} INFO - Processing file /home/airflow/.local/lib/python3.12/site-packages/airflow/example_dags/example_task_group_decorator.py for tasks to queue
[2025-01-27T11:04:58.493+0000] {logging_mixin.py:190} INFO - [2025-01-27T11:04:58.491+0000] {dagbag.py:588} INFO - Filling up the DagBag from /home/airflow/.local/lib/python3.12/site-packages/airflow/example_dags/example_task_group_decorator.py
[2025-01-27T11:04:58.541+0000] {processor.py:925} INFO - DAG(s) 'example_task_group_decorator' retrieved from /home/airflow/.local/lib/python3.12/site-packages/airflow/example_dags/example_task_group_decorator.py
[2025-01-27T11:04:58.684+0000] {logging_mixin.py:190} INFO - [2025-01-27T11:04:58.683+0000] {dag.py:3239} INFO - Sync 1 DAGs
[2025-01-27T11:04:58.752+0000] {logging_mixin.py:190} INFO - [2025-01-27T11:04:58.752+0000] {dag.py:4180} INFO - Setting next_dagrun for example_task_group_decorator to None, run_after=None
[2025-01-27T11:04:58.900+0000] {processor.py:208} INFO - Processing /home/airflow/.local/lib/python3.12/site-packages/airflow/example_dags/example_task_group_decorator.py took 0.434 seconds
[2025-01-27T11:14:53.349+0000] {processor.py:186} INFO - Started process (PID=1123) to work on /home/airflow/.local/lib/python3.12/site-packages/airflow/example_dags/example_task_group_decorator.py
[2025-01-27T11:14:53.354+0000] {processor.py:914} INFO - Processing file /home/airflow/.local/lib/python3.12/site-packages/airflow/example_dags/example_task_group_decorator.py for tasks to queue
[2025-01-27T11:14:53.361+0000] {logging_mixin.py:190} INFO - [2025-01-27T11:14:53.361+0000] {dagbag.py:588} INFO - Filling up the DagBag from /home/airflow/.local/lib/python3.12/site-packages/airflow/example_dags/example_task_group_decorator.py
[2025-01-27T11:14:53.410+0000] {processor.py:925} INFO - DAG(s) 'example_task_group_decorator' retrieved from /home/airflow/.local/lib/python3.12/site-packages/airflow/example_dags/example_task_group_decorator.py
[2025-01-27T11:14:53.509+0000] {logging_mixin.py:190} INFO - [2025-01-27T11:14:53.509+0000] {dag.py:3239} INFO - Sync 1 DAGs
[2025-01-27T11:14:53.560+0000] {logging_mixin.py:190} INFO - [2025-01-27T11:14:53.560+0000] {dag.py:4180} INFO - Setting next_dagrun for example_task_group_decorator to None, run_after=None
[2025-01-27T11:14:53.657+0000] {processor.py:208} INFO - Processing /home/airflow/.local/lib/python3.12/site-packages/airflow/example_dags/example_task_group_decorator.py took 0.336 seconds
[2025-01-27T11:15:23.974+0000] {processor.py:186} INFO - Started process (PID=1187) to work on /home/airflow/.local/lib/python3.12/site-packages/airflow/example_dags/example_task_group_decorator.py
[2025-01-27T11:15:23.976+0000] {processor.py:914} INFO - Processing file /home/airflow/.local/lib/python3.12/site-packages/airflow/example_dags/example_task_group_decorator.py for tasks to queue
[2025-01-27T11:15:23.978+0000] {logging_mixin.py:190} INFO - [2025-01-27T11:15:23.978+0000] {dagbag.py:588} INFO - Filling up the DagBag from /home/airflow/.local/lib/python3.12/site-packages/airflow/example_dags/example_task_group_decorator.py
[2025-01-27T11:15:24.014+0000] {processor.py:925} INFO - DAG(s) 'example_task_group_decorator' retrieved from /home/airflow/.local/lib/python3.12/site-packages/airflow/example_dags/example_task_group_decorator.py
[2025-01-27T11:15:24.062+0000] {logging_mixin.py:190} INFO - [2025-01-27T11:15:24.062+0000] {dag.py:3239} INFO - Sync 1 DAGs
[2025-01-27T11:15:24.098+0000] {logging_mixin.py:190} INFO - [2025-01-27T11:15:24.097+0000] {dag.py:4180} INFO - Setting next_dagrun for example_task_group_decorator to None, run_after=None
[2025-01-27T11:15:24.138+0000] {processor.py:208} INFO - Processing /home/airflow/.local/lib/python3.12/site-packages/airflow/example_dags/example_task_group_decorator.py took 0.177 seconds
[2025-01-27T11:15:56.189+0000] {processor.py:186} INFO - Started process (PID=1251) to work on /home/airflow/.local/lib/python3.12/site-packages/airflow/example_dags/example_task_group_decorator.py
[2025-01-27T11:15:56.191+0000] {processor.py:914} INFO - Processing file /home/airflow/.local/lib/python3.12/site-packages/airflow/example_dags/example_task_group_decorator.py for tasks to queue
[2025-01-27T11:15:56.193+0000] {logging_mixin.py:190} INFO - [2025-01-27T11:15:56.193+0000] {dagbag.py:588} INFO - Filling up the DagBag from /home/airflow/.local/lib/python3.12/site-packages/airflow/example_dags/example_task_group_decorator.py
[2025-01-27T11:15:56.225+0000] {processor.py:925} INFO - DAG(s) 'example_task_group_decorator' retrieved from /home/airflow/.local/lib/python3.12/site-packages/airflow/example_dags/example_task_group_decorator.py
[2025-01-27T11:15:56.299+0000] {logging_mixin.py:190} INFO - [2025-01-27T11:15:56.298+0000] {dag.py:3239} INFO - Sync 1 DAGs
[2025-01-27T11:15:56.335+0000] {logging_mixin.py:190} INFO - [2025-01-27T11:15:56.334+0000] {dag.py:4180} INFO - Setting next_dagrun for example_task_group_decorator to None, run_after=None
[2025-01-27T11:15:56.375+0000] {processor.py:208} INFO - Processing /home/airflow/.local/lib/python3.12/site-packages/airflow/example_dags/example_task_group_decorator.py took 0.200 seconds
[2025-01-27T11:18:21.185+0000] {processor.py:186} INFO - Started process (PID=1325) to work on /home/airflow/.local/lib/python3.12/site-packages/airflow/example_dags/example_task_group_decorator.py
[2025-01-27T11:18:21.192+0000] {processor.py:914} INFO - Processing file /home/airflow/.local/lib/python3.12/site-packages/airflow/example_dags/example_task_group_decorator.py for tasks to queue
[2025-01-27T11:18:21.195+0000] {logging_mixin.py:190} INFO - [2025-01-27T11:18:21.194+0000] {dagbag.py:588} INFO - Filling up the DagBag from /home/airflow/.local/lib/python3.12/site-packages/airflow/example_dags/example_task_group_decorator.py
[2025-01-27T11:18:21.264+0000] {processor.py:925} INFO - DAG(s) 'example_task_group_decorator' retrieved from /home/airflow/.local/lib/python3.12/site-packages/airflow/example_dags/example_task_group_decorator.py
[2025-01-27T11:18:21.372+0000] {logging_mixin.py:190} INFO - [2025-01-27T11:18:21.369+0000] {dag.py:3239} INFO - Sync 1 DAGs
[2025-01-27T11:18:21.429+0000] {logging_mixin.py:190} INFO - [2025-01-27T11:18:21.428+0000] {dag.py:4180} INFO - Setting next_dagrun for example_task_group_decorator to None, run_after=None
[2025-01-27T11:18:21.508+0000] {processor.py:208} INFO - Processing /home/airflow/.local/lib/python3.12/site-packages/airflow/example_dags/example_task_group_decorator.py took 0.344 seconds
[2025-01-27T11:19:16.986+0000] {processor.py:186} INFO - Started process (PID=1396) to work on /home/airflow/.local/lib/python3.12/site-packages/airflow/example_dags/example_task_group_decorator.py
[2025-01-27T11:19:16.991+0000] {processor.py:914} INFO - Processing file /home/airflow/.local/lib/python3.12/site-packages/airflow/example_dags/example_task_group_decorator.py for tasks to queue
[2025-01-27T11:19:16.994+0000] {logging_mixin.py:190} INFO - [2025-01-27T11:19:16.993+0000] {dagbag.py:588} INFO - Filling up the DagBag from /home/airflow/.local/lib/python3.12/site-packages/airflow/example_dags/example_task_group_decorator.py
[2025-01-27T11:19:17.060+0000] {processor.py:925} INFO - DAG(s) 'example_task_group_decorator' retrieved from /home/airflow/.local/lib/python3.12/site-packages/airflow/example_dags/example_task_group_decorator.py
[2025-01-27T11:19:17.185+0000] {logging_mixin.py:190} INFO - [2025-01-27T11:19:17.184+0000] {dag.py:3239} INFO - Sync 1 DAGs
[2025-01-27T11:19:17.238+0000] {logging_mixin.py:190} INFO - [2025-01-27T11:19:17.237+0000] {dag.py:4180} INFO - Setting next_dagrun for example_task_group_decorator to None, run_after=None
[2025-01-27T11:19:17.296+0000] {processor.py:208} INFO - Processing /home/airflow/.local/lib/python3.12/site-packages/airflow/example_dags/example_task_group_decorator.py took 0.326 seconds
[2025-01-27T11:19:49.414+0000] {processor.py:186} INFO - Started process (PID=1459) to work on /home/airflow/.local/lib/python3.12/site-packages/airflow/example_dags/example_task_group_decorator.py
[2025-01-27T11:19:49.437+0000] {processor.py:914} INFO - Processing file /home/airflow/.local/lib/python3.12/site-packages/airflow/example_dags/example_task_group_decorator.py for tasks to queue
[2025-01-27T11:19:49.460+0000] {logging_mixin.py:190} INFO - [2025-01-27T11:19:49.456+0000] {dagbag.py:588} INFO - Filling up the DagBag from /home/airflow/.local/lib/python3.12/site-packages/airflow/example_dags/example_task_group_decorator.py
[2025-01-27T11:19:49.664+0000] {processor.py:925} INFO - DAG(s) 'example_task_group_decorator' retrieved from /home/airflow/.local/lib/python3.12/site-packages/airflow/example_dags/example_task_group_decorator.py
[2025-01-27T11:19:49.988+0000] {logging_mixin.py:190} INFO - [2025-01-27T11:19:49.987+0000] {dag.py:3239} INFO - Sync 1 DAGs
[2025-01-27T11:19:50.058+0000] {logging_mixin.py:190} INFO - [2025-01-27T11:19:50.057+0000] {dag.py:4180} INFO - Setting next_dagrun for example_task_group_decorator to None, run_after=None
[2025-01-27T11:19:50.165+0000] {processor.py:208} INFO - Processing /home/airflow/.local/lib/python3.12/site-packages/airflow/example_dags/example_task_group_decorator.py took 0.783 seconds
[2025-01-27T11:20:21.170+0000] {processor.py:186} INFO - Started process (PID=1522) to work on /home/airflow/.local/lib/python3.12/site-packages/airflow/example_dags/example_task_group_decorator.py
[2025-01-27T11:20:21.180+0000] {processor.py:914} INFO - Processing file /home/airflow/.local/lib/python3.12/site-packages/airflow/example_dags/example_task_group_decorator.py for tasks to queue
[2025-01-27T11:20:21.186+0000] {logging_mixin.py:190} INFO - [2025-01-27T11:20:21.185+0000] {dagbag.py:588} INFO - Filling up the DagBag from /home/airflow/.local/lib/python3.12/site-packages/airflow/example_dags/example_task_group_decorator.py
[2025-01-27T11:20:21.276+0000] {processor.py:925} INFO - DAG(s) 'example_task_group_decorator' retrieved from /home/airflow/.local/lib/python3.12/site-packages/airflow/example_dags/example_task_group_decorator.py
[2025-01-27T11:20:21.364+0000] {logging_mixin.py:190} INFO - [2025-01-27T11:20:21.363+0000] {dag.py:3239} INFO - Sync 1 DAGs
[2025-01-27T11:20:21.418+0000] {logging_mixin.py:190} INFO - [2025-01-27T11:20:21.418+0000] {dag.py:4180} INFO - Setting next_dagrun for example_task_group_decorator to None, run_after=None
[2025-01-27T11:20:21.496+0000] {processor.py:208} INFO - Processing /home/airflow/.local/lib/python3.12/site-packages/airflow/example_dags/example_task_group_decorator.py took 0.349 seconds
[2025-01-27T11:36:58.906+0000] {processor.py:186} INFO - Started process (PID=165) to work on /home/airflow/.local/lib/python3.12/site-packages/airflow/example_dags/example_task_group_decorator.py
[2025-01-27T11:36:58.911+0000] {processor.py:914} INFO - Processing file /home/airflow/.local/lib/python3.12/site-packages/airflow/example_dags/example_task_group_decorator.py for tasks to queue
[2025-01-27T11:36:58.933+0000] {logging_mixin.py:190} INFO - [2025-01-27T11:36:58.930+0000] {dagbag.py:588} INFO - Filling up the DagBag from /home/airflow/.local/lib/python3.12/site-packages/airflow/example_dags/example_task_group_decorator.py
[2025-01-27T11:36:59.317+0000] {processor.py:925} INFO - DAG(s) 'example_task_group_decorator' retrieved from /home/airflow/.local/lib/python3.12/site-packages/airflow/example_dags/example_task_group_decorator.py
[2025-01-27T11:36:59.646+0000] {logging_mixin.py:190} INFO - [2025-01-27T11:36:59.645+0000] {dag.py:3239} INFO - Sync 1 DAGs
[2025-01-27T11:36:59.860+0000] {logging_mixin.py:190} INFO - [2025-01-27T11:36:59.859+0000] {dag.py:4180} INFO - Setting next_dagrun for example_task_group_decorator to None, run_after=None
[2025-01-27T11:37:00.235+0000] {processor.py:208} INFO - Processing /home/airflow/.local/lib/python3.12/site-packages/airflow/example_dags/example_task_group_decorator.py took 1.367 seconds
[2025-01-27T11:38:09.742+0000] {processor.py:186} INFO - Started process (PID=234) to work on /home/airflow/.local/lib/python3.12/site-packages/airflow/example_dags/example_task_group_decorator.py
[2025-01-27T11:38:09.745+0000] {processor.py:914} INFO - Processing file /home/airflow/.local/lib/python3.12/site-packages/airflow/example_dags/example_task_group_decorator.py for tasks to queue
[2025-01-27T11:38:09.750+0000] {logging_mixin.py:190} INFO - [2025-01-27T11:38:09.749+0000] {dagbag.py:588} INFO - Filling up the DagBag from /home/airflow/.local/lib/python3.12/site-packages/airflow/example_dags/example_task_group_decorator.py
[2025-01-27T11:38:09.789+0000] {processor.py:925} INFO - DAG(s) 'example_task_group_decorator' retrieved from /home/airflow/.local/lib/python3.12/site-packages/airflow/example_dags/example_task_group_decorator.py
[2025-01-27T11:38:09.855+0000] {logging_mixin.py:190} INFO - [2025-01-27T11:38:09.855+0000] {dag.py:3239} INFO - Sync 1 DAGs
[2025-01-27T11:38:09.898+0000] {logging_mixin.py:190} INFO - [2025-01-27T11:38:09.897+0000] {dag.py:4180} INFO - Setting next_dagrun for example_task_group_decorator to None, run_after=None
[2025-01-27T11:38:09.942+0000] {processor.py:208} INFO - Processing /home/airflow/.local/lib/python3.12/site-packages/airflow/example_dags/example_task_group_decorator.py took 0.211 seconds
[2025-01-27T11:38:48.626+0000] {processor.py:186} INFO - Started process (PID=299) to work on /home/airflow/.local/lib/python3.12/site-packages/airflow/example_dags/example_task_group_decorator.py
[2025-01-27T11:38:48.629+0000] {processor.py:914} INFO - Processing file /home/airflow/.local/lib/python3.12/site-packages/airflow/example_dags/example_task_group_decorator.py for tasks to queue
[2025-01-27T11:38:48.643+0000] {logging_mixin.py:190} INFO - [2025-01-27T11:38:48.643+0000] {dagbag.py:588} INFO - Filling up the DagBag from /home/airflow/.local/lib/python3.12/site-packages/airflow/example_dags/example_task_group_decorator.py
[2025-01-27T11:38:48.702+0000] {processor.py:925} INFO - DAG(s) 'example_task_group_decorator' retrieved from /home/airflow/.local/lib/python3.12/site-packages/airflow/example_dags/example_task_group_decorator.py
[2025-01-27T11:38:48.825+0000] {logging_mixin.py:190} INFO - [2025-01-27T11:38:48.825+0000] {dag.py:3239} INFO - Sync 1 DAGs
[2025-01-27T11:38:48.900+0000] {logging_mixin.py:190} INFO - [2025-01-27T11:38:48.900+0000] {dag.py:4180} INFO - Setting next_dagrun for example_task_group_decorator to None, run_after=None
[2025-01-27T11:38:49.029+0000] {processor.py:208} INFO - Processing /home/airflow/.local/lib/python3.12/site-packages/airflow/example_dags/example_task_group_decorator.py took 0.433 seconds
[2025-01-27T11:39:20.507+0000] {processor.py:186} INFO - Started process (PID=364) to work on /home/airflow/.local/lib/python3.12/site-packages/airflow/example_dags/example_task_group_decorator.py
[2025-01-27T11:39:20.530+0000] {processor.py:914} INFO - Processing file /home/airflow/.local/lib/python3.12/site-packages/airflow/example_dags/example_task_group_decorator.py for tasks to queue
[2025-01-27T11:39:20.548+0000] {logging_mixin.py:190} INFO - [2025-01-27T11:39:20.547+0000] {dagbag.py:588} INFO - Filling up the DagBag from /home/airflow/.local/lib/python3.12/site-packages/airflow/example_dags/example_task_group_decorator.py
[2025-01-27T11:39:20.611+0000] {processor.py:925} INFO - DAG(s) 'example_task_group_decorator' retrieved from /home/airflow/.local/lib/python3.12/site-packages/airflow/example_dags/example_task_group_decorator.py
[2025-01-27T11:39:20.912+0000] {logging_mixin.py:190} INFO - [2025-01-27T11:39:20.897+0000] {dag.py:3239} INFO - Sync 1 DAGs
[2025-01-27T11:39:21.000+0000] {logging_mixin.py:190} INFO - [2025-01-27T11:39:20.999+0000] {dag.py:4180} INFO - Setting next_dagrun for example_task_group_decorator to None, run_after=None
[2025-01-27T11:39:21.050+0000] {processor.py:208} INFO - Processing /home/airflow/.local/lib/python3.12/site-packages/airflow/example_dags/example_task_group_decorator.py took 0.639 seconds
[2025-01-27T11:39:51.483+0000] {processor.py:186} INFO - Started process (PID=427) to work on /home/airflow/.local/lib/python3.12/site-packages/airflow/example_dags/example_task_group_decorator.py
[2025-01-27T11:39:51.485+0000] {processor.py:914} INFO - Processing file /home/airflow/.local/lib/python3.12/site-packages/airflow/example_dags/example_task_group_decorator.py for tasks to queue
[2025-01-27T11:39:51.490+0000] {logging_mixin.py:190} INFO - [2025-01-27T11:39:51.489+0000] {dagbag.py:588} INFO - Filling up the DagBag from /home/airflow/.local/lib/python3.12/site-packages/airflow/example_dags/example_task_group_decorator.py
[2025-01-27T11:39:51.526+0000] {processor.py:925} INFO - DAG(s) 'example_task_group_decorator' retrieved from /home/airflow/.local/lib/python3.12/site-packages/airflow/example_dags/example_task_group_decorator.py
[2025-01-27T11:39:51.576+0000] {logging_mixin.py:190} INFO - [2025-01-27T11:39:51.575+0000] {dag.py:3239} INFO - Sync 1 DAGs
[2025-01-27T11:39:51.606+0000] {logging_mixin.py:190} INFO - [2025-01-27T11:39:51.605+0000] {dag.py:4180} INFO - Setting next_dagrun for example_task_group_decorator to None, run_after=None
[2025-01-27T11:39:51.662+0000] {processor.py:208} INFO - Processing /home/airflow/.local/lib/python3.12/site-packages/airflow/example_dags/example_task_group_decorator.py took 0.188 seconds
[2025-01-27T11:40:22.478+0000] {processor.py:186} INFO - Started process (PID=492) to work on /home/airflow/.local/lib/python3.12/site-packages/airflow/example_dags/example_task_group_decorator.py
[2025-01-27T11:40:22.480+0000] {processor.py:914} INFO - Processing file /home/airflow/.local/lib/python3.12/site-packages/airflow/example_dags/example_task_group_decorator.py for tasks to queue
[2025-01-27T11:40:22.484+0000] {logging_mixin.py:190} INFO - [2025-01-27T11:40:22.484+0000] {dagbag.py:588} INFO - Filling up the DagBag from /home/airflow/.local/lib/python3.12/site-packages/airflow/example_dags/example_task_group_decorator.py
[2025-01-27T11:40:22.533+0000] {processor.py:925} INFO - DAG(s) 'example_task_group_decorator' retrieved from /home/airflow/.local/lib/python3.12/site-packages/airflow/example_dags/example_task_group_decorator.py
[2025-01-27T11:40:22.589+0000] {logging_mixin.py:190} INFO - [2025-01-27T11:40:22.589+0000] {dag.py:3239} INFO - Sync 1 DAGs
[2025-01-27T11:40:22.619+0000] {logging_mixin.py:190} INFO - [2025-01-27T11:40:22.618+0000] {dag.py:4180} INFO - Setting next_dagrun for example_task_group_decorator to None, run_after=None
[2025-01-27T11:40:22.659+0000] {processor.py:208} INFO - Processing /home/airflow/.local/lib/python3.12/site-packages/airflow/example_dags/example_task_group_decorator.py took 0.190 seconds
[2025-01-27T11:40:53.005+0000] {processor.py:186} INFO - Started process (PID=557) to work on /home/airflow/.local/lib/python3.12/site-packages/airflow/example_dags/example_task_group_decorator.py
[2025-01-27T11:40:53.007+0000] {processor.py:914} INFO - Processing file /home/airflow/.local/lib/python3.12/site-packages/airflow/example_dags/example_task_group_decorator.py for tasks to queue
[2025-01-27T11:40:53.011+0000] {logging_mixin.py:190} INFO - [2025-01-27T11:40:53.011+0000] {dagbag.py:588} INFO - Filling up the DagBag from /home/airflow/.local/lib/python3.12/site-packages/airflow/example_dags/example_task_group_decorator.py
[2025-01-27T11:40:53.042+0000] {processor.py:925} INFO - DAG(s) 'example_task_group_decorator' retrieved from /home/airflow/.local/lib/python3.12/site-packages/airflow/example_dags/example_task_group_decorator.py
[2025-01-27T11:40:53.091+0000] {logging_mixin.py:190} INFO - [2025-01-27T11:40:53.090+0000] {dag.py:3239} INFO - Sync 1 DAGs
[2025-01-27T11:40:53.120+0000] {logging_mixin.py:190} INFO - [2025-01-27T11:40:53.120+0000] {dag.py:4180} INFO - Setting next_dagrun for example_task_group_decorator to None, run_after=None
[2025-01-27T11:40:53.158+0000] {processor.py:208} INFO - Processing /home/airflow/.local/lib/python3.12/site-packages/airflow/example_dags/example_task_group_decorator.py took 0.164 seconds
[2025-01-27T11:41:24.773+0000] {processor.py:186} INFO - Started process (PID=621) to work on /home/airflow/.local/lib/python3.12/site-packages/airflow/example_dags/example_task_group_decorator.py
[2025-01-27T11:41:24.775+0000] {processor.py:914} INFO - Processing file /home/airflow/.local/lib/python3.12/site-packages/airflow/example_dags/example_task_group_decorator.py for tasks to queue
[2025-01-27T11:41:24.780+0000] {logging_mixin.py:190} INFO - [2025-01-27T11:41:24.779+0000] {dagbag.py:588} INFO - Filling up the DagBag from /home/airflow/.local/lib/python3.12/site-packages/airflow/example_dags/example_task_group_decorator.py
[2025-01-27T11:41:24.807+0000] {processor.py:925} INFO - DAG(s) 'example_task_group_decorator' retrieved from /home/airflow/.local/lib/python3.12/site-packages/airflow/example_dags/example_task_group_decorator.py
[2025-01-27T11:41:24.861+0000] {logging_mixin.py:190} INFO - [2025-01-27T11:41:24.860+0000] {dag.py:3239} INFO - Sync 1 DAGs
[2025-01-27T11:41:24.891+0000] {logging_mixin.py:190} INFO - [2025-01-27T11:41:24.890+0000] {dag.py:4180} INFO - Setting next_dagrun for example_task_group_decorator to None, run_after=None
[2025-01-27T11:41:24.932+0000] {processor.py:208} INFO - Processing /home/airflow/.local/lib/python3.12/site-packages/airflow/example_dags/example_task_group_decorator.py took 0.172 seconds
[2025-01-27T11:41:56.164+0000] {processor.py:186} INFO - Started process (PID=685) to work on /home/airflow/.local/lib/python3.12/site-packages/airflow/example_dags/example_task_group_decorator.py
[2025-01-27T11:41:56.165+0000] {processor.py:914} INFO - Processing file /home/airflow/.local/lib/python3.12/site-packages/airflow/example_dags/example_task_group_decorator.py for tasks to queue
[2025-01-27T11:41:56.170+0000] {logging_mixin.py:190} INFO - [2025-01-27T11:41:56.169+0000] {dagbag.py:588} INFO - Filling up the DagBag from /home/airflow/.local/lib/python3.12/site-packages/airflow/example_dags/example_task_group_decorator.py
[2025-01-27T11:41:56.210+0000] {processor.py:925} INFO - DAG(s) 'example_task_group_decorator' retrieved from /home/airflow/.local/lib/python3.12/site-packages/airflow/example_dags/example_task_group_decorator.py
[2025-01-27T11:41:56.273+0000] {logging_mixin.py:190} INFO - [2025-01-27T11:41:56.273+0000] {dag.py:3239} INFO - Sync 1 DAGs
[2025-01-27T11:41:56.300+0000] {logging_mixin.py:190} INFO - [2025-01-27T11:41:56.300+0000] {dag.py:4180} INFO - Setting next_dagrun for example_task_group_decorator to None, run_after=None
[2025-01-27T11:41:56.330+0000] {processor.py:208} INFO - Processing /home/airflow/.local/lib/python3.12/site-packages/airflow/example_dags/example_task_group_decorator.py took 0.178 seconds
[2025-01-27T11:42:27.685+0000] {processor.py:186} INFO - Started process (PID=749) to work on /home/airflow/.local/lib/python3.12/site-packages/airflow/example_dags/example_task_group_decorator.py
[2025-01-27T11:42:27.687+0000] {processor.py:914} INFO - Processing file /home/airflow/.local/lib/python3.12/site-packages/airflow/example_dags/example_task_group_decorator.py for tasks to queue
[2025-01-27T11:42:27.690+0000] {logging_mixin.py:190} INFO - [2025-01-27T11:42:27.690+0000] {dagbag.py:588} INFO - Filling up the DagBag from /home/airflow/.local/lib/python3.12/site-packages/airflow/example_dags/example_task_group_decorator.py
[2025-01-27T11:42:27.721+0000] {processor.py:925} INFO - DAG(s) 'example_task_group_decorator' retrieved from /home/airflow/.local/lib/python3.12/site-packages/airflow/example_dags/example_task_group_decorator.py
[2025-01-27T11:42:27.766+0000] {logging_mixin.py:190} INFO - [2025-01-27T11:42:27.765+0000] {dag.py:3239} INFO - Sync 1 DAGs
[2025-01-27T11:42:27.792+0000] {logging_mixin.py:190} INFO - [2025-01-27T11:42:27.792+0000] {dag.py:4180} INFO - Setting next_dagrun for example_task_group_decorator to None, run_after=None
[2025-01-27T11:42:27.831+0000] {processor.py:208} INFO - Processing /home/airflow/.local/lib/python3.12/site-packages/airflow/example_dags/example_task_group_decorator.py took 0.158 seconds
[2025-01-27T11:42:59.949+0000] {processor.py:186} INFO - Started process (PID=814) to work on /home/airflow/.local/lib/python3.12/site-packages/airflow/example_dags/example_task_group_decorator.py
[2025-01-27T11:42:59.956+0000] {processor.py:914} INFO - Processing file /home/airflow/.local/lib/python3.12/site-packages/airflow/example_dags/example_task_group_decorator.py for tasks to queue
[2025-01-27T11:42:59.967+0000] {logging_mixin.py:190} INFO - [2025-01-27T11:42:59.966+0000] {dagbag.py:588} INFO - Filling up the DagBag from /home/airflow/.local/lib/python3.12/site-packages/airflow/example_dags/example_task_group_decorator.py
[2025-01-27T11:43:00.053+0000] {processor.py:925} INFO - DAG(s) 'example_task_group_decorator' retrieved from /home/airflow/.local/lib/python3.12/site-packages/airflow/example_dags/example_task_group_decorator.py
[2025-01-27T11:43:00.292+0000] {logging_mixin.py:190} INFO - [2025-01-27T11:43:00.291+0000] {dag.py:3239} INFO - Sync 1 DAGs
[2025-01-27T11:43:00.335+0000] {logging_mixin.py:190} INFO - [2025-01-27T11:43:00.334+0000] {dag.py:4180} INFO - Setting next_dagrun for example_task_group_decorator to None, run_after=None
[2025-01-27T11:43:00.382+0000] {processor.py:208} INFO - Processing /home/airflow/.local/lib/python3.12/site-packages/airflow/example_dags/example_task_group_decorator.py took 0.464 seconds
[2025-01-27T11:43:31.451+0000] {processor.py:186} INFO - Started process (PID=884) to work on /home/airflow/.local/lib/python3.12/site-packages/airflow/example_dags/example_task_group_decorator.py
[2025-01-27T11:43:31.465+0000] {processor.py:914} INFO - Processing file /home/airflow/.local/lib/python3.12/site-packages/airflow/example_dags/example_task_group_decorator.py for tasks to queue
[2025-01-27T11:43:31.470+0000] {logging_mixin.py:190} INFO - [2025-01-27T11:43:31.470+0000] {dagbag.py:588} INFO - Filling up the DagBag from /home/airflow/.local/lib/python3.12/site-packages/airflow/example_dags/example_task_group_decorator.py
[2025-01-27T11:43:31.594+0000] {processor.py:925} INFO - DAG(s) 'example_task_group_decorator' retrieved from /home/airflow/.local/lib/python3.12/site-packages/airflow/example_dags/example_task_group_decorator.py
[2025-01-27T11:43:31.768+0000] {logging_mixin.py:190} INFO - [2025-01-27T11:43:31.758+0000] {dag.py:3239} INFO - Sync 1 DAGs
[2025-01-27T11:43:31.882+0000] {logging_mixin.py:190} INFO - [2025-01-27T11:43:31.882+0000] {dag.py:4180} INFO - Setting next_dagrun for example_task_group_decorator to None, run_after=None
[2025-01-27T11:43:31.982+0000] {processor.py:208} INFO - Processing /home/airflow/.local/lib/python3.12/site-packages/airflow/example_dags/example_task_group_decorator.py took 0.565 seconds
[2025-01-27T11:44:02.474+0000] {processor.py:186} INFO - Started process (PID=947) to work on /home/airflow/.local/lib/python3.12/site-packages/airflow/example_dags/example_task_group_decorator.py
[2025-01-27T11:44:02.476+0000] {processor.py:914} INFO - Processing file /home/airflow/.local/lib/python3.12/site-packages/airflow/example_dags/example_task_group_decorator.py for tasks to queue
[2025-01-27T11:44:02.480+0000] {logging_mixin.py:190} INFO - [2025-01-27T11:44:02.480+0000] {dagbag.py:588} INFO - Filling up the DagBag from /home/airflow/.local/lib/python3.12/site-packages/airflow/example_dags/example_task_group_decorator.py
[2025-01-27T11:44:02.518+0000] {processor.py:925} INFO - DAG(s) 'example_task_group_decorator' retrieved from /home/airflow/.local/lib/python3.12/site-packages/airflow/example_dags/example_task_group_decorator.py
[2025-01-27T11:44:02.569+0000] {logging_mixin.py:190} INFO - [2025-01-27T11:44:02.569+0000] {dag.py:3239} INFO - Sync 1 DAGs
[2025-01-27T11:44:02.595+0000] {logging_mixin.py:190} INFO - [2025-01-27T11:44:02.594+0000] {dag.py:4180} INFO - Setting next_dagrun for example_task_group_decorator to None, run_after=None
[2025-01-27T11:44:02.631+0000] {processor.py:208} INFO - Processing /home/airflow/.local/lib/python3.12/site-packages/airflow/example_dags/example_task_group_decorator.py took 0.169 seconds
[2025-01-27T11:44:33.322+0000] {processor.py:186} INFO - Started process (PID=1011) to work on /home/airflow/.local/lib/python3.12/site-packages/airflow/example_dags/example_task_group_decorator.py
[2025-01-27T11:44:33.323+0000] {processor.py:914} INFO - Processing file /home/airflow/.local/lib/python3.12/site-packages/airflow/example_dags/example_task_group_decorator.py for tasks to queue
[2025-01-27T11:44:33.327+0000] {logging_mixin.py:190} INFO - [2025-01-27T11:44:33.327+0000] {dagbag.py:588} INFO - Filling up the DagBag from /home/airflow/.local/lib/python3.12/site-packages/airflow/example_dags/example_task_group_decorator.py
[2025-01-27T11:44:33.350+0000] {processor.py:925} INFO - DAG(s) 'example_task_group_decorator' retrieved from /home/airflow/.local/lib/python3.12/site-packages/airflow/example_dags/example_task_group_decorator.py
[2025-01-27T11:44:33.389+0000] {logging_mixin.py:190} INFO - [2025-01-27T11:44:33.388+0000] {dag.py:3239} INFO - Sync 1 DAGs
[2025-01-27T11:44:33.409+0000] {logging_mixin.py:190} INFO - [2025-01-27T11:44:33.408+0000] {dag.py:4180} INFO - Setting next_dagrun for example_task_group_decorator to None, run_after=None
[2025-01-27T11:44:33.438+0000] {processor.py:208} INFO - Processing /home/airflow/.local/lib/python3.12/site-packages/airflow/example_dags/example_task_group_decorator.py took 0.124 seconds
[2025-01-27T11:45:03.631+0000] {processor.py:186} INFO - Started process (PID=1076) to work on /home/airflow/.local/lib/python3.12/site-packages/airflow/example_dags/example_task_group_decorator.py
[2025-01-27T11:45:03.633+0000] {processor.py:914} INFO - Processing file /home/airflow/.local/lib/python3.12/site-packages/airflow/example_dags/example_task_group_decorator.py for tasks to queue
[2025-01-27T11:45:03.636+0000] {logging_mixin.py:190} INFO - [2025-01-27T11:45:03.636+0000] {dagbag.py:588} INFO - Filling up the DagBag from /home/airflow/.local/lib/python3.12/site-packages/airflow/example_dags/example_task_group_decorator.py
[2025-01-27T11:45:03.659+0000] {processor.py:925} INFO - DAG(s) 'example_task_group_decorator' retrieved from /home/airflow/.local/lib/python3.12/site-packages/airflow/example_dags/example_task_group_decorator.py
[2025-01-27T11:45:03.695+0000] {logging_mixin.py:190} INFO - [2025-01-27T11:45:03.695+0000] {dag.py:3239} INFO - Sync 1 DAGs
[2025-01-27T11:45:03.716+0000] {logging_mixin.py:190} INFO - [2025-01-27T11:45:03.715+0000] {dag.py:4180} INFO - Setting next_dagrun for example_task_group_decorator to None, run_after=None
[2025-01-27T11:45:03.743+0000] {processor.py:208} INFO - Processing /home/airflow/.local/lib/python3.12/site-packages/airflow/example_dags/example_task_group_decorator.py took 0.120 seconds
[2025-01-27T11:45:34.121+0000] {processor.py:186} INFO - Started process (PID=1140) to work on /home/airflow/.local/lib/python3.12/site-packages/airflow/example_dags/example_task_group_decorator.py
[2025-01-27T11:45:34.123+0000] {processor.py:914} INFO - Processing file /home/airflow/.local/lib/python3.12/site-packages/airflow/example_dags/example_task_group_decorator.py for tasks to queue
[2025-01-27T11:45:34.128+0000] {logging_mixin.py:190} INFO - [2025-01-27T11:45:34.127+0000] {dagbag.py:588} INFO - Filling up the DagBag from /home/airflow/.local/lib/python3.12/site-packages/airflow/example_dags/example_task_group_decorator.py
[2025-01-27T11:45:34.166+0000] {processor.py:925} INFO - DAG(s) 'example_task_group_decorator' retrieved from /home/airflow/.local/lib/python3.12/site-packages/airflow/example_dags/example_task_group_decorator.py
[2025-01-27T11:45:34.229+0000] {logging_mixin.py:190} INFO - [2025-01-27T11:45:34.228+0000] {dag.py:3239} INFO - Sync 1 DAGs
[2025-01-27T11:45:34.268+0000] {logging_mixin.py:190} INFO - [2025-01-27T11:45:34.268+0000] {dag.py:4180} INFO - Setting next_dagrun for example_task_group_decorator to None, run_after=None
[2025-01-27T11:45:34.316+0000] {processor.py:208} INFO - Processing /home/airflow/.local/lib/python3.12/site-packages/airflow/example_dags/example_task_group_decorator.py took 0.208 seconds
[2025-01-27T11:46:04.516+0000] {processor.py:186} INFO - Started process (PID=1203) to work on /home/airflow/.local/lib/python3.12/site-packages/airflow/example_dags/example_task_group_decorator.py
[2025-01-27T11:46:04.518+0000] {processor.py:914} INFO - Processing file /home/airflow/.local/lib/python3.12/site-packages/airflow/example_dags/example_task_group_decorator.py for tasks to queue
[2025-01-27T11:46:04.521+0000] {logging_mixin.py:190} INFO - [2025-01-27T11:46:04.521+0000] {dagbag.py:588} INFO - Filling up the DagBag from /home/airflow/.local/lib/python3.12/site-packages/airflow/example_dags/example_task_group_decorator.py
[2025-01-27T11:46:04.543+0000] {processor.py:925} INFO - DAG(s) 'example_task_group_decorator' retrieved from /home/airflow/.local/lib/python3.12/site-packages/airflow/example_dags/example_task_group_decorator.py
[2025-01-27T11:46:04.581+0000] {logging_mixin.py:190} INFO - [2025-01-27T11:46:04.580+0000] {dag.py:3239} INFO - Sync 1 DAGs
[2025-01-27T11:46:04.601+0000] {logging_mixin.py:190} INFO - [2025-01-27T11:46:04.601+0000] {dag.py:4180} INFO - Setting next_dagrun for example_task_group_decorator to None, run_after=None
[2025-01-27T11:46:04.630+0000] {processor.py:208} INFO - Processing /home/airflow/.local/lib/python3.12/site-packages/airflow/example_dags/example_task_group_decorator.py took 0.124 seconds
[2025-01-27T11:46:34.881+0000] {processor.py:186} INFO - Started process (PID=1267) to work on /home/airflow/.local/lib/python3.12/site-packages/airflow/example_dags/example_task_group_decorator.py
[2025-01-27T11:46:34.882+0000] {processor.py:914} INFO - Processing file /home/airflow/.local/lib/python3.12/site-packages/airflow/example_dags/example_task_group_decorator.py for tasks to queue
[2025-01-27T11:46:34.886+0000] {logging_mixin.py:190} INFO - [2025-01-27T11:46:34.886+0000] {dagbag.py:588} INFO - Filling up the DagBag from /home/airflow/.local/lib/python3.12/site-packages/airflow/example_dags/example_task_group_decorator.py
[2025-01-27T11:46:34.912+0000] {processor.py:925} INFO - DAG(s) 'example_task_group_decorator' retrieved from /home/airflow/.local/lib/python3.12/site-packages/airflow/example_dags/example_task_group_decorator.py
[2025-01-27T11:46:34.951+0000] {logging_mixin.py:190} INFO - [2025-01-27T11:46:34.950+0000] {dag.py:3239} INFO - Sync 1 DAGs
[2025-01-27T11:46:34.975+0000] {logging_mixin.py:190} INFO - [2025-01-27T11:46:34.974+0000] {dag.py:4180} INFO - Setting next_dagrun for example_task_group_decorator to None, run_after=None
[2025-01-27T11:46:35.003+0000] {processor.py:208} INFO - Processing /home/airflow/.local/lib/python3.12/site-packages/airflow/example_dags/example_task_group_decorator.py took 0.134 seconds
[2025-01-27T11:47:05.544+0000] {processor.py:186} INFO - Started process (PID=1331) to work on /home/airflow/.local/lib/python3.12/site-packages/airflow/example_dags/example_task_group_decorator.py
[2025-01-27T11:47:05.545+0000] {processor.py:914} INFO - Processing file /home/airflow/.local/lib/python3.12/site-packages/airflow/example_dags/example_task_group_decorator.py for tasks to queue
[2025-01-27T11:47:05.549+0000] {logging_mixin.py:190} INFO - [2025-01-27T11:47:05.549+0000] {dagbag.py:588} INFO - Filling up the DagBag from /home/airflow/.local/lib/python3.12/site-packages/airflow/example_dags/example_task_group_decorator.py
[2025-01-27T11:47:05.586+0000] {processor.py:925} INFO - DAG(s) 'example_task_group_decorator' retrieved from /home/airflow/.local/lib/python3.12/site-packages/airflow/example_dags/example_task_group_decorator.py
[2025-01-27T11:47:05.643+0000] {logging_mixin.py:190} INFO - [2025-01-27T11:47:05.643+0000] {dag.py:3239} INFO - Sync 1 DAGs
[2025-01-27T11:47:05.677+0000] {logging_mixin.py:190} INFO - [2025-01-27T11:47:05.676+0000] {dag.py:4180} INFO - Setting next_dagrun for example_task_group_decorator to None, run_after=None
[2025-01-27T11:47:05.708+0000] {processor.py:208} INFO - Processing /home/airflow/.local/lib/python3.12/site-packages/airflow/example_dags/example_task_group_decorator.py took 0.174 seconds
[2025-01-27T11:47:36.101+0000] {processor.py:186} INFO - Started process (PID=1395) to work on /home/airflow/.local/lib/python3.12/site-packages/airflow/example_dags/example_task_group_decorator.py
[2025-01-27T11:47:36.108+0000] {processor.py:914} INFO - Processing file /home/airflow/.local/lib/python3.12/site-packages/airflow/example_dags/example_task_group_decorator.py for tasks to queue
[2025-01-27T11:47:36.114+0000] {logging_mixin.py:190} INFO - [2025-01-27T11:47:36.113+0000] {dagbag.py:588} INFO - Filling up the DagBag from /home/airflow/.local/lib/python3.12/site-packages/airflow/example_dags/example_task_group_decorator.py
[2025-01-27T11:47:36.147+0000] {processor.py:925} INFO - DAG(s) 'example_task_group_decorator' retrieved from /home/airflow/.local/lib/python3.12/site-packages/airflow/example_dags/example_task_group_decorator.py
[2025-01-27T11:47:36.223+0000] {logging_mixin.py:190} INFO - [2025-01-27T11:47:36.222+0000] {dag.py:3239} INFO - Sync 1 DAGs
[2025-01-27T11:47:36.258+0000] {logging_mixin.py:190} INFO - [2025-01-27T11:47:36.257+0000] {dag.py:4180} INFO - Setting next_dagrun for example_task_group_decorator to None, run_after=None
[2025-01-27T11:47:36.295+0000] {processor.py:208} INFO - Processing /home/airflow/.local/lib/python3.12/site-packages/airflow/example_dags/example_task_group_decorator.py took 0.210 seconds
[2025-01-27T11:48:06.651+0000] {processor.py:186} INFO - Started process (PID=1458) to work on /home/airflow/.local/lib/python3.12/site-packages/airflow/example_dags/example_task_group_decorator.py
[2025-01-27T11:48:06.652+0000] {processor.py:914} INFO - Processing file /home/airflow/.local/lib/python3.12/site-packages/airflow/example_dags/example_task_group_decorator.py for tasks to queue
[2025-01-27T11:48:06.657+0000] {logging_mixin.py:190} INFO - [2025-01-27T11:48:06.656+0000] {dagbag.py:588} INFO - Filling up the DagBag from /home/airflow/.local/lib/python3.12/site-packages/airflow/example_dags/example_task_group_decorator.py
[2025-01-27T11:48:06.692+0000] {processor.py:925} INFO - DAG(s) 'example_task_group_decorator' retrieved from /home/airflow/.local/lib/python3.12/site-packages/airflow/example_dags/example_task_group_decorator.py
[2025-01-27T11:48:06.740+0000] {logging_mixin.py:190} INFO - [2025-01-27T11:48:06.740+0000] {dag.py:3239} INFO - Sync 1 DAGs
[2025-01-27T11:48:06.761+0000] {logging_mixin.py:190} INFO - [2025-01-27T11:48:06.761+0000] {dag.py:4180} INFO - Setting next_dagrun for example_task_group_decorator to None, run_after=None
[2025-01-27T11:48:06.794+0000] {processor.py:208} INFO - Processing /home/airflow/.local/lib/python3.12/site-packages/airflow/example_dags/example_task_group_decorator.py took 0.157 seconds
[2025-01-27T11:48:36.918+0000] {processor.py:186} INFO - Started process (PID=1522) to work on /home/airflow/.local/lib/python3.12/site-packages/airflow/example_dags/example_task_group_decorator.py
[2025-01-27T11:48:36.920+0000] {processor.py:914} INFO - Processing file /home/airflow/.local/lib/python3.12/site-packages/airflow/example_dags/example_task_group_decorator.py for tasks to queue
[2025-01-27T11:48:36.925+0000] {logging_mixin.py:190} INFO - [2025-01-27T11:48:36.924+0000] {dagbag.py:588} INFO - Filling up the DagBag from /home/airflow/.local/lib/python3.12/site-packages/airflow/example_dags/example_task_group_decorator.py
[2025-01-27T11:48:36.959+0000] {processor.py:925} INFO - DAG(s) 'example_task_group_decorator' retrieved from /home/airflow/.local/lib/python3.12/site-packages/airflow/example_dags/example_task_group_decorator.py
[2025-01-27T11:48:37.011+0000] {logging_mixin.py:190} INFO - [2025-01-27T11:48:37.010+0000] {dag.py:3239} INFO - Sync 1 DAGs
[2025-01-27T11:48:37.048+0000] {logging_mixin.py:190} INFO - [2025-01-27T11:48:37.048+0000] {dag.py:4180} INFO - Setting next_dagrun for example_task_group_decorator to None, run_after=None
[2025-01-27T11:48:37.090+0000] {processor.py:208} INFO - Processing /home/airflow/.local/lib/python3.12/site-packages/airflow/example_dags/example_task_group_decorator.py took 0.187 seconds
[2025-01-27T11:49:07.777+0000] {processor.py:186} INFO - Started process (PID=1586) to work on /home/airflow/.local/lib/python3.12/site-packages/airflow/example_dags/example_task_group_decorator.py
[2025-01-27T11:49:07.778+0000] {processor.py:914} INFO - Processing file /home/airflow/.local/lib/python3.12/site-packages/airflow/example_dags/example_task_group_decorator.py for tasks to queue
[2025-01-27T11:49:07.784+0000] {logging_mixin.py:190} INFO - [2025-01-27T11:49:07.784+0000] {dagbag.py:588} INFO - Filling up the DagBag from /home/airflow/.local/lib/python3.12/site-packages/airflow/example_dags/example_task_group_decorator.py
[2025-01-27T11:49:07.817+0000] {processor.py:925} INFO - DAG(s) 'example_task_group_decorator' retrieved from /home/airflow/.local/lib/python3.12/site-packages/airflow/example_dags/example_task_group_decorator.py
[2025-01-27T11:49:07.863+0000] {logging_mixin.py:190} INFO - [2025-01-27T11:49:07.862+0000] {dag.py:3239} INFO - Sync 1 DAGs
[2025-01-27T11:49:07.892+0000] {logging_mixin.py:190} INFO - [2025-01-27T11:49:07.892+0000] {dag.py:4180} INFO - Setting next_dagrun for example_task_group_decorator to None, run_after=None
[2025-01-27T11:49:07.921+0000] {processor.py:208} INFO - Processing /home/airflow/.local/lib/python3.12/site-packages/airflow/example_dags/example_task_group_decorator.py took 0.156 seconds
[2025-01-27T11:49:38.242+0000] {processor.py:186} INFO - Started process (PID=1651) to work on /home/airflow/.local/lib/python3.12/site-packages/airflow/example_dags/example_task_group_decorator.py
[2025-01-27T11:49:38.244+0000] {processor.py:914} INFO - Processing file /home/airflow/.local/lib/python3.12/site-packages/airflow/example_dags/example_task_group_decorator.py for tasks to queue
[2025-01-27T11:49:38.248+0000] {logging_mixin.py:190} INFO - [2025-01-27T11:49:38.247+0000] {dagbag.py:588} INFO - Filling up the DagBag from /home/airflow/.local/lib/python3.12/site-packages/airflow/example_dags/example_task_group_decorator.py
[2025-01-27T11:49:38.289+0000] {processor.py:925} INFO - DAG(s) 'example_task_group_decorator' retrieved from /home/airflow/.local/lib/python3.12/site-packages/airflow/example_dags/example_task_group_decorator.py
[2025-01-27T11:49:38.360+0000] {logging_mixin.py:190} INFO - [2025-01-27T11:49:38.360+0000] {dag.py:3239} INFO - Sync 1 DAGs
[2025-01-27T11:49:38.409+0000] {logging_mixin.py:190} INFO - [2025-01-27T11:49:38.408+0000] {dag.py:4180} INFO - Setting next_dagrun for example_task_group_decorator to None, run_after=None
[2025-01-27T11:49:38.448+0000] {processor.py:208} INFO - Processing /home/airflow/.local/lib/python3.12/site-packages/airflow/example_dags/example_task_group_decorator.py took 0.217 seconds
[2025-01-27T11:50:08.767+0000] {processor.py:186} INFO - Started process (PID=1715) to work on /home/airflow/.local/lib/python3.12/site-packages/airflow/example_dags/example_task_group_decorator.py
[2025-01-27T11:50:08.769+0000] {processor.py:914} INFO - Processing file /home/airflow/.local/lib/python3.12/site-packages/airflow/example_dags/example_task_group_decorator.py for tasks to queue
[2025-01-27T11:50:08.774+0000] {logging_mixin.py:190} INFO - [2025-01-27T11:50:08.773+0000] {dagbag.py:588} INFO - Filling up the DagBag from /home/airflow/.local/lib/python3.12/site-packages/airflow/example_dags/example_task_group_decorator.py
[2025-01-27T11:50:08.801+0000] {processor.py:925} INFO - DAG(s) 'example_task_group_decorator' retrieved from /home/airflow/.local/lib/python3.12/site-packages/airflow/example_dags/example_task_group_decorator.py
[2025-01-27T11:50:08.869+0000] {logging_mixin.py:190} INFO - [2025-01-27T11:50:08.868+0000] {dag.py:3239} INFO - Sync 1 DAGs
[2025-01-27T11:50:08.913+0000] {logging_mixin.py:190} INFO - [2025-01-27T11:50:08.912+0000] {dag.py:4180} INFO - Setting next_dagrun for example_task_group_decorator to None, run_after=None
[2025-01-27T11:50:08.960+0000] {processor.py:208} INFO - Processing /home/airflow/.local/lib/python3.12/site-packages/airflow/example_dags/example_task_group_decorator.py took 0.208 seconds
