[2025-01-27T10:34:25.392+0000] {processor.py:186} INFO - Started process (PID=224) to work on /home/airflow/.local/lib/python3.12/site-packages/airflow/example_dags/example_dag_decorator.py
[2025-01-27T10:34:25.395+0000] {processor.py:914} INFO - Processing file /home/airflow/.local/lib/python3.12/site-packages/airflow/example_dags/example_dag_decorator.py for tasks to queue
[2025-01-27T10:34:25.420+0000] {logging_mixin.py:190} INFO - [2025-01-27T10:34:25.419+0000] {dagbag.py:588} INFO - Filling up the DagBag from /home/airflow/.local/lib/python3.12/site-packages/airflow/example_dags/example_dag_decorator.py
[2025-01-27T10:34:25.629+0000] {processor.py:925} INFO - DAG(s) 'example_dag_decorator' retrieved from /home/airflow/.local/lib/python3.12/site-packages/airflow/example_dags/example_dag_decorator.py
[2025-01-27T10:34:26.595+0000] {logging_mixin.py:190} INFO - [2025-01-27T10:34:26.587+0000] {dag.py:3239} INFO - Sync 1 DAGs
[2025-01-27T10:34:26.836+0000] {logging_mixin.py:190} INFO - [2025-01-27T10:34:26.836+0000] {dag.py:4180} INFO - Setting next_dagrun for example_dag_decorator to None, run_after=None
[2025-01-27T10:34:27.023+0000] {processor.py:208} INFO - Processing /home/airflow/.local/lib/python3.12/site-packages/airflow/example_dags/example_dag_decorator.py took 1.658 seconds
[2025-01-27T10:45:32.216+0000] {processor.py:186} INFO - Started process (PID=208) to work on /home/airflow/.local/lib/python3.12/site-packages/airflow/example_dags/example_dag_decorator.py
[2025-01-27T10:45:32.219+0000] {processor.py:914} INFO - Processing file /home/airflow/.local/lib/python3.12/site-packages/airflow/example_dags/example_dag_decorator.py for tasks to queue
[2025-01-27T10:45:32.237+0000] {logging_mixin.py:190} INFO - [2025-01-27T10:45:32.235+0000] {dagbag.py:588} INFO - Filling up the DagBag from /home/airflow/.local/lib/python3.12/site-packages/airflow/example_dags/example_dag_decorator.py
[2025-01-27T10:45:32.310+0000] {processor.py:925} INFO - DAG(s) 'example_dag_decorator' retrieved from /home/airflow/.local/lib/python3.12/site-packages/airflow/example_dags/example_dag_decorator.py
[2025-01-27T10:45:33.389+0000] {logging_mixin.py:190} INFO - [2025-01-27T10:45:33.388+0000] {dag.py:3239} INFO - Sync 1 DAGs
[2025-01-27T10:45:33.432+0000] {logging_mixin.py:190} INFO - [2025-01-27T10:45:33.432+0000] {dag.py:4180} INFO - Setting next_dagrun for example_dag_decorator to None, run_after=None
[2025-01-27T10:45:33.767+0000] {processor.py:208} INFO - Processing /home/airflow/.local/lib/python3.12/site-packages/airflow/example_dags/example_dag_decorator.py took 1.608 seconds
[2025-01-27T10:46:36.051+0000] {processor.py:186} INFO - Started process (PID=281) to work on /home/airflow/.local/lib/python3.12/site-packages/airflow/example_dags/example_dag_decorator.py
[2025-01-27T10:46:36.080+0000] {processor.py:914} INFO - Processing file /home/airflow/.local/lib/python3.12/site-packages/airflow/example_dags/example_dag_decorator.py for tasks to queue
[2025-01-27T10:46:36.088+0000] {logging_mixin.py:190} INFO - [2025-01-27T10:46:36.086+0000] {dagbag.py:588} INFO - Filling up the DagBag from /home/airflow/.local/lib/python3.12/site-packages/airflow/example_dags/example_dag_decorator.py
[2025-01-27T10:46:36.216+0000] {processor.py:925} INFO - DAG(s) 'example_dag_decorator' retrieved from /home/airflow/.local/lib/python3.12/site-packages/airflow/example_dags/example_dag_decorator.py
[2025-01-27T10:46:37.238+0000] {logging_mixin.py:190} INFO - [2025-01-27T10:46:37.237+0000] {dag.py:3239} INFO - Sync 1 DAGs
[2025-01-27T10:46:37.390+0000] {logging_mixin.py:190} INFO - [2025-01-27T10:46:37.390+0000] {dag.py:4180} INFO - Setting next_dagrun for example_dag_decorator to None, run_after=None
[2025-01-27T10:46:37.475+0000] {processor.py:208} INFO - Processing /home/airflow/.local/lib/python3.12/site-packages/airflow/example_dags/example_dag_decorator.py took 1.544 seconds
[2025-01-27T10:47:58.526+0000] {processor.py:186} INFO - Started process (PID=370) to work on /home/airflow/.local/lib/python3.12/site-packages/airflow/example_dags/example_dag_decorator.py
[2025-01-27T10:47:58.528+0000] {processor.py:914} INFO - Processing file /home/airflow/.local/lib/python3.12/site-packages/airflow/example_dags/example_dag_decorator.py for tasks to queue
[2025-01-27T10:47:58.541+0000] {logging_mixin.py:190} INFO - [2025-01-27T10:47:58.540+0000] {dagbag.py:588} INFO - Filling up the DagBag from /home/airflow/.local/lib/python3.12/site-packages/airflow/example_dags/example_dag_decorator.py
[2025-01-27T10:47:58.642+0000] {processor.py:925} INFO - DAG(s) 'example_dag_decorator' retrieved from /home/airflow/.local/lib/python3.12/site-packages/airflow/example_dags/example_dag_decorator.py
[2025-01-27T10:48:02.266+0000] {logging_mixin.py:190} INFO - [2025-01-27T10:48:02.246+0000] {dag.py:3239} INFO - Sync 1 DAGs
[2025-01-27T10:48:02.399+0000] {logging_mixin.py:190} INFO - [2025-01-27T10:48:02.399+0000] {dag.py:4180} INFO - Setting next_dagrun for example_dag_decorator to None, run_after=None
[2025-01-27T10:48:02.764+0000] {processor.py:208} INFO - Processing /home/airflow/.local/lib/python3.12/site-packages/airflow/example_dags/example_dag_decorator.py took 4.275 seconds
[2025-01-27T10:55:13.914+0000] {processor.py:186} INFO - Started process (PID=138) to work on /home/airflow/.local/lib/python3.12/site-packages/airflow/example_dags/example_dag_decorator.py
[2025-01-27T10:55:13.941+0000] {processor.py:914} INFO - Processing file /home/airflow/.local/lib/python3.12/site-packages/airflow/example_dags/example_dag_decorator.py for tasks to queue
[2025-01-27T10:55:13.975+0000] {logging_mixin.py:190} INFO - [2025-01-27T10:55:13.974+0000] {dagbag.py:588} INFO - Filling up the DagBag from /home/airflow/.local/lib/python3.12/site-packages/airflow/example_dags/example_dag_decorator.py
[2025-01-27T10:55:14.072+0000] {processor.py:925} INFO - DAG(s) 'example_dag_decorator' retrieved from /home/airflow/.local/lib/python3.12/site-packages/airflow/example_dags/example_dag_decorator.py
[2025-01-27T10:55:15.311+0000] {logging_mixin.py:190} INFO - [2025-01-27T10:55:15.311+0000] {dag.py:3239} INFO - Sync 1 DAGs
[2025-01-27T10:55:15.449+0000] {logging_mixin.py:190} INFO - [2025-01-27T10:55:15.448+0000] {dag.py:4180} INFO - Setting next_dagrun for example_dag_decorator to None, run_after=None
[2025-01-27T10:55:15.626+0000] {processor.py:208} INFO - Processing /home/airflow/.local/lib/python3.12/site-packages/airflow/example_dags/example_dag_decorator.py took 1.737 seconds
[2025-01-27T10:56:40.724+0000] {processor.py:186} INFO - Started process (PID=210) to work on /home/airflow/.local/lib/python3.12/site-packages/airflow/example_dags/example_dag_decorator.py
[2025-01-27T10:56:40.729+0000] {processor.py:914} INFO - Processing file /home/airflow/.local/lib/python3.12/site-packages/airflow/example_dags/example_dag_decorator.py for tasks to queue
[2025-01-27T10:56:40.769+0000] {logging_mixin.py:190} INFO - [2025-01-27T10:56:40.753+0000] {dagbag.py:588} INFO - Filling up the DagBag from /home/airflow/.local/lib/python3.12/site-packages/airflow/example_dags/example_dag_decorator.py
[2025-01-27T10:56:40.885+0000] {processor.py:925} INFO - DAG(s) 'example_dag_decorator' retrieved from /home/airflow/.local/lib/python3.12/site-packages/airflow/example_dags/example_dag_decorator.py
[2025-01-27T10:56:41.336+0000] {logging_mixin.py:190} INFO - [2025-01-27T10:56:41.336+0000] {dag.py:3239} INFO - Sync 1 DAGs
[2025-01-27T10:56:41.511+0000] {logging_mixin.py:190} INFO - [2025-01-27T10:56:41.511+0000] {dag.py:4180} INFO - Setting next_dagrun for example_dag_decorator to None, run_after=None
[2025-01-27T10:56:41.841+0000] {processor.py:208} INFO - Processing /home/airflow/.local/lib/python3.12/site-packages/airflow/example_dags/example_dag_decorator.py took 1.139 seconds
[2025-01-27T10:57:49.509+0000] {processor.py:186} INFO - Started process (PID=294) to work on /home/airflow/.local/lib/python3.12/site-packages/airflow/example_dags/example_dag_decorator.py
[2025-01-27T10:57:49.514+0000] {processor.py:914} INFO - Processing file /home/airflow/.local/lib/python3.12/site-packages/airflow/example_dags/example_dag_decorator.py for tasks to queue
[2025-01-27T10:57:49.528+0000] {logging_mixin.py:190} INFO - [2025-01-27T10:57:49.528+0000] {dagbag.py:588} INFO - Filling up the DagBag from /home/airflow/.local/lib/python3.12/site-packages/airflow/example_dags/example_dag_decorator.py
[2025-01-27T10:57:49.583+0000] {processor.py:925} INFO - DAG(s) 'example_dag_decorator' retrieved from /home/airflow/.local/lib/python3.12/site-packages/airflow/example_dags/example_dag_decorator.py
[2025-01-27T10:57:49.688+0000] {logging_mixin.py:190} INFO - [2025-01-27T10:57:49.687+0000] {dag.py:3239} INFO - Sync 1 DAGs
[2025-01-27T10:57:49.739+0000] {logging_mixin.py:190} INFO - [2025-01-27T10:57:49.736+0000] {dag.py:4180} INFO - Setting next_dagrun for example_dag_decorator to None, run_after=None
[2025-01-27T10:57:49.831+0000] {processor.py:208} INFO - Processing /home/airflow/.local/lib/python3.12/site-packages/airflow/example_dags/example_dag_decorator.py took 0.349 seconds
[2025-01-27T10:58:53.160+0000] {processor.py:186} INFO - Started process (PID=378) to work on /home/airflow/.local/lib/python3.12/site-packages/airflow/example_dags/example_dag_decorator.py
[2025-01-27T10:58:53.179+0000] {processor.py:914} INFO - Processing file /home/airflow/.local/lib/python3.12/site-packages/airflow/example_dags/example_dag_decorator.py for tasks to queue
[2025-01-27T10:58:53.200+0000] {logging_mixin.py:190} INFO - [2025-01-27T10:58:53.199+0000] {dagbag.py:588} INFO - Filling up the DagBag from /home/airflow/.local/lib/python3.12/site-packages/airflow/example_dags/example_dag_decorator.py
[2025-01-27T10:58:53.306+0000] {processor.py:925} INFO - DAG(s) 'example_dag_decorator' retrieved from /home/airflow/.local/lib/python3.12/site-packages/airflow/example_dags/example_dag_decorator.py
[2025-01-27T10:58:53.802+0000] {logging_mixin.py:190} INFO - [2025-01-27T10:58:53.801+0000] {dag.py:3239} INFO - Sync 1 DAGs
[2025-01-27T10:58:53.911+0000] {logging_mixin.py:190} INFO - [2025-01-27T10:58:53.910+0000] {dag.py:4180} INFO - Setting next_dagrun for example_dag_decorator to None, run_after=None
[2025-01-27T10:58:54.112+0000] {processor.py:208} INFO - Processing /home/airflow/.local/lib/python3.12/site-packages/airflow/example_dags/example_dag_decorator.py took 1.246 seconds
[2025-01-27T10:59:25.133+0000] {processor.py:186} INFO - Started process (PID=443) to work on /home/airflow/.local/lib/python3.12/site-packages/airflow/example_dags/example_dag_decorator.py
[2025-01-27T10:59:25.146+0000] {processor.py:914} INFO - Processing file /home/airflow/.local/lib/python3.12/site-packages/airflow/example_dags/example_dag_decorator.py for tasks to queue
[2025-01-27T10:59:25.157+0000] {logging_mixin.py:190} INFO - [2025-01-27T10:59:25.156+0000] {dagbag.py:588} INFO - Filling up the DagBag from /home/airflow/.local/lib/python3.12/site-packages/airflow/example_dags/example_dag_decorator.py
[2025-01-27T10:59:25.280+0000] {processor.py:925} INFO - DAG(s) 'example_dag_decorator' retrieved from /home/airflow/.local/lib/python3.12/site-packages/airflow/example_dags/example_dag_decorator.py
[2025-01-27T10:59:26.209+0000] {logging_mixin.py:190} INFO - [2025-01-27T10:59:26.208+0000] {dag.py:3239} INFO - Sync 1 DAGs
[2025-01-27T10:59:26.372+0000] {logging_mixin.py:190} INFO - [2025-01-27T10:59:26.371+0000] {dag.py:4180} INFO - Setting next_dagrun for example_dag_decorator to None, run_after=None
[2025-01-27T10:59:26.623+0000] {processor.py:208} INFO - Processing /home/airflow/.local/lib/python3.12/site-packages/airflow/example_dags/example_dag_decorator.py took 1.535 seconds
[2025-01-27T10:59:57.008+0000] {processor.py:186} INFO - Started process (PID=507) to work on /home/airflow/.local/lib/python3.12/site-packages/airflow/example_dags/example_dag_decorator.py
[2025-01-27T10:59:57.010+0000] {processor.py:914} INFO - Processing file /home/airflow/.local/lib/python3.12/site-packages/airflow/example_dags/example_dag_decorator.py for tasks to queue
[2025-01-27T10:59:57.016+0000] {logging_mixin.py:190} INFO - [2025-01-27T10:59:57.015+0000] {dagbag.py:588} INFO - Filling up the DagBag from /home/airflow/.local/lib/python3.12/site-packages/airflow/example_dags/example_dag_decorator.py
[2025-01-27T10:59:57.038+0000] {processor.py:925} INFO - DAG(s) 'example_dag_decorator' retrieved from /home/airflow/.local/lib/python3.12/site-packages/airflow/example_dags/example_dag_decorator.py
[2025-01-27T10:59:57.246+0000] {logging_mixin.py:190} INFO - [2025-01-27T10:59:57.246+0000] {dag.py:3239} INFO - Sync 1 DAGs
[2025-01-27T10:59:57.264+0000] {logging_mixin.py:190} INFO - [2025-01-27T10:59:57.263+0000] {dag.py:4180} INFO - Setting next_dagrun for example_dag_decorator to None, run_after=None
[2025-01-27T10:59:57.302+0000] {processor.py:208} INFO - Processing /home/airflow/.local/lib/python3.12/site-packages/airflow/example_dags/example_dag_decorator.py took 0.307 seconds
[2025-01-27T11:00:27.540+0000] {processor.py:186} INFO - Started process (PID=571) to work on /home/airflow/.local/lib/python3.12/site-packages/airflow/example_dags/example_dag_decorator.py
[2025-01-27T11:00:27.543+0000] {processor.py:914} INFO - Processing file /home/airflow/.local/lib/python3.12/site-packages/airflow/example_dags/example_dag_decorator.py for tasks to queue
[2025-01-27T11:00:27.550+0000] {logging_mixin.py:190} INFO - [2025-01-27T11:00:27.549+0000] {dagbag.py:588} INFO - Filling up the DagBag from /home/airflow/.local/lib/python3.12/site-packages/airflow/example_dags/example_dag_decorator.py
[2025-01-27T11:00:27.601+0000] {processor.py:925} INFO - DAG(s) 'example_dag_decorator' retrieved from /home/airflow/.local/lib/python3.12/site-packages/airflow/example_dags/example_dag_decorator.py
[2025-01-27T11:00:27.662+0000] {logging_mixin.py:190} INFO - [2025-01-27T11:00:27.662+0000] {dag.py:3239} INFO - Sync 1 DAGs
[2025-01-27T11:00:27.696+0000] {logging_mixin.py:190} INFO - [2025-01-27T11:00:27.696+0000] {dag.py:4180} INFO - Setting next_dagrun for example_dag_decorator to None, run_after=None
[2025-01-27T11:00:27.738+0000] {processor.py:208} INFO - Processing /home/airflow/.local/lib/python3.12/site-packages/airflow/example_dags/example_dag_decorator.py took 0.221 seconds
[2025-01-27T11:00:58.290+0000] {processor.py:186} INFO - Started process (PID=635) to work on /home/airflow/.local/lib/python3.12/site-packages/airflow/example_dags/example_dag_decorator.py
[2025-01-27T11:00:58.293+0000] {processor.py:914} INFO - Processing file /home/airflow/.local/lib/python3.12/site-packages/airflow/example_dags/example_dag_decorator.py for tasks to queue
[2025-01-27T11:00:58.298+0000] {logging_mixin.py:190} INFO - [2025-01-27T11:00:58.297+0000] {dagbag.py:588} INFO - Filling up the DagBag from /home/airflow/.local/lib/python3.12/site-packages/airflow/example_dags/example_dag_decorator.py
[2025-01-27T11:00:58.321+0000] {processor.py:925} INFO - DAG(s) 'example_dag_decorator' retrieved from /home/airflow/.local/lib/python3.12/site-packages/airflow/example_dags/example_dag_decorator.py
[2025-01-27T11:00:58.363+0000] {logging_mixin.py:190} INFO - [2025-01-27T11:00:58.362+0000] {dag.py:3239} INFO - Sync 1 DAGs
[2025-01-27T11:00:58.389+0000] {logging_mixin.py:190} INFO - [2025-01-27T11:00:58.389+0000] {dag.py:4180} INFO - Setting next_dagrun for example_dag_decorator to None, run_after=None
[2025-01-27T11:00:58.435+0000] {processor.py:208} INFO - Processing /home/airflow/.local/lib/python3.12/site-packages/airflow/example_dags/example_dag_decorator.py took 0.156 seconds
[2025-01-27T11:01:35.867+0000] {processor.py:186} INFO - Started process (PID=706) to work on /home/airflow/.local/lib/python3.12/site-packages/airflow/example_dags/example_dag_decorator.py
[2025-01-27T11:01:35.883+0000] {processor.py:914} INFO - Processing file /home/airflow/.local/lib/python3.12/site-packages/airflow/example_dags/example_dag_decorator.py for tasks to queue
[2025-01-27T11:01:35.905+0000] {logging_mixin.py:190} INFO - [2025-01-27T11:01:35.905+0000] {dagbag.py:588} INFO - Filling up the DagBag from /home/airflow/.local/lib/python3.12/site-packages/airflow/example_dags/example_dag_decorator.py
[2025-01-27T11:01:35.975+0000] {processor.py:925} INFO - DAG(s) 'example_dag_decorator' retrieved from /home/airflow/.local/lib/python3.12/site-packages/airflow/example_dags/example_dag_decorator.py
[2025-01-27T11:01:36.153+0000] {logging_mixin.py:190} INFO - [2025-01-27T11:01:36.153+0000] {dag.py:3239} INFO - Sync 1 DAGs
[2025-01-27T11:01:36.235+0000] {logging_mixin.py:190} INFO - [2025-01-27T11:01:36.234+0000] {dag.py:4180} INFO - Setting next_dagrun for example_dag_decorator to None, run_after=None
[2025-01-27T11:01:36.321+0000] {processor.py:208} INFO - Processing /home/airflow/.local/lib/python3.12/site-packages/airflow/example_dags/example_dag_decorator.py took 0.478 seconds
[2025-01-27T11:02:06.449+0000] {processor.py:186} INFO - Started process (PID=770) to work on /home/airflow/.local/lib/python3.12/site-packages/airflow/example_dags/example_dag_decorator.py
[2025-01-27T11:02:06.453+0000] {processor.py:914} INFO - Processing file /home/airflow/.local/lib/python3.12/site-packages/airflow/example_dags/example_dag_decorator.py for tasks to queue
[2025-01-27T11:02:06.458+0000] {logging_mixin.py:190} INFO - [2025-01-27T11:02:06.457+0000] {dagbag.py:588} INFO - Filling up the DagBag from /home/airflow/.local/lib/python3.12/site-packages/airflow/example_dags/example_dag_decorator.py
[2025-01-27T11:02:06.486+0000] {processor.py:925} INFO - DAG(s) 'example_dag_decorator' retrieved from /home/airflow/.local/lib/python3.12/site-packages/airflow/example_dags/example_dag_decorator.py
[2025-01-27T11:02:06.879+0000] {logging_mixin.py:190} INFO - [2025-01-27T11:02:06.878+0000] {dag.py:3239} INFO - Sync 1 DAGs
[2025-01-27T11:02:06.941+0000] {logging_mixin.py:190} INFO - [2025-01-27T11:02:06.940+0000] {dag.py:4180} INFO - Setting next_dagrun for example_dag_decorator to None, run_after=None
[2025-01-27T11:02:06.990+0000] {processor.py:208} INFO - Processing /home/airflow/.local/lib/python3.12/site-packages/airflow/example_dags/example_dag_decorator.py took 0.557 seconds
[2025-01-27T11:02:38.604+0000] {processor.py:186} INFO - Started process (PID=834) to work on /home/airflow/.local/lib/python3.12/site-packages/airflow/example_dags/example_dag_decorator.py
[2025-01-27T11:02:38.616+0000] {processor.py:914} INFO - Processing file /home/airflow/.local/lib/python3.12/site-packages/airflow/example_dags/example_dag_decorator.py for tasks to queue
[2025-01-27T11:02:38.625+0000] {logging_mixin.py:190} INFO - [2025-01-27T11:02:38.624+0000] {dagbag.py:588} INFO - Filling up the DagBag from /home/airflow/.local/lib/python3.12/site-packages/airflow/example_dags/example_dag_decorator.py
[2025-01-27T11:02:38.662+0000] {processor.py:925} INFO - DAG(s) 'example_dag_decorator' retrieved from /home/airflow/.local/lib/python3.12/site-packages/airflow/example_dags/example_dag_decorator.py
[2025-01-27T11:02:39.339+0000] {logging_mixin.py:190} INFO - [2025-01-27T11:02:39.339+0000] {dag.py:3239} INFO - Sync 1 DAGs
[2025-01-27T11:02:39.385+0000] {logging_mixin.py:190} INFO - [2025-01-27T11:02:39.384+0000] {dag.py:4180} INFO - Setting next_dagrun for example_dag_decorator to None, run_after=None
[2025-01-27T11:02:39.430+0000] {processor.py:208} INFO - Processing /home/airflow/.local/lib/python3.12/site-packages/airflow/example_dags/example_dag_decorator.py took 0.853 seconds
[2025-01-27T11:03:09.595+0000] {processor.py:186} INFO - Started process (PID=899) to work on /home/airflow/.local/lib/python3.12/site-packages/airflow/example_dags/example_dag_decorator.py
[2025-01-27T11:03:09.597+0000] {processor.py:914} INFO - Processing file /home/airflow/.local/lib/python3.12/site-packages/airflow/example_dags/example_dag_decorator.py for tasks to queue
[2025-01-27T11:03:09.605+0000] {logging_mixin.py:190} INFO - [2025-01-27T11:03:09.604+0000] {dagbag.py:588} INFO - Filling up the DagBag from /home/airflow/.local/lib/python3.12/site-packages/airflow/example_dags/example_dag_decorator.py
[2025-01-27T11:03:09.630+0000] {processor.py:925} INFO - DAG(s) 'example_dag_decorator' retrieved from /home/airflow/.local/lib/python3.12/site-packages/airflow/example_dags/example_dag_decorator.py
[2025-01-27T11:03:09.810+0000] {logging_mixin.py:190} INFO - [2025-01-27T11:03:09.809+0000] {dag.py:3239} INFO - Sync 1 DAGs
[2025-01-27T11:03:09.842+0000] {logging_mixin.py:190} INFO - [2025-01-27T11:03:09.842+0000] {dag.py:4180} INFO - Setting next_dagrun for example_dag_decorator to None, run_after=None
[2025-01-27T11:03:09.880+0000] {processor.py:208} INFO - Processing /home/airflow/.local/lib/python3.12/site-packages/airflow/example_dags/example_dag_decorator.py took 0.300 seconds
[2025-01-27T11:03:41.467+0000] {processor.py:186} INFO - Started process (PID=963) to work on /home/airflow/.local/lib/python3.12/site-packages/airflow/example_dags/example_dag_decorator.py
[2025-01-27T11:03:41.470+0000] {processor.py:914} INFO - Processing file /home/airflow/.local/lib/python3.12/site-packages/airflow/example_dags/example_dag_decorator.py for tasks to queue
[2025-01-27T11:03:41.481+0000] {logging_mixin.py:190} INFO - [2025-01-27T11:03:41.480+0000] {dagbag.py:588} INFO - Filling up the DagBag from /home/airflow/.local/lib/python3.12/site-packages/airflow/example_dags/example_dag_decorator.py
[2025-01-27T11:03:41.547+0000] {processor.py:925} INFO - DAG(s) 'example_dag_decorator' retrieved from /home/airflow/.local/lib/python3.12/site-packages/airflow/example_dags/example_dag_decorator.py
[2025-01-27T11:03:42.091+0000] {logging_mixin.py:190} INFO - [2025-01-27T11:03:42.091+0000] {dag.py:3239} INFO - Sync 1 DAGs
[2025-01-27T11:03:42.151+0000] {logging_mixin.py:190} INFO - [2025-01-27T11:03:42.151+0000] {dag.py:4180} INFO - Setting next_dagrun for example_dag_decorator to None, run_after=None
[2025-01-27T11:03:42.231+0000] {processor.py:208} INFO - Processing /home/airflow/.local/lib/python3.12/site-packages/airflow/example_dags/example_dag_decorator.py took 0.817 seconds
[2025-01-27T11:04:20.310+0000] {processor.py:186} INFO - Started process (PID=1027) to work on /home/airflow/.local/lib/python3.12/site-packages/airflow/example_dags/example_dag_decorator.py
[2025-01-27T11:04:20.359+0000] {processor.py:914} INFO - Processing file /home/airflow/.local/lib/python3.12/site-packages/airflow/example_dags/example_dag_decorator.py for tasks to queue
[2025-01-27T11:04:20.503+0000] {logging_mixin.py:190} INFO - [2025-01-27T11:04:20.493+0000] {dagbag.py:588} INFO - Filling up the DagBag from /home/airflow/.local/lib/python3.12/site-packages/airflow/example_dags/example_dag_decorator.py
[2025-01-27T11:04:20.923+0000] {processor.py:925} INFO - DAG(s) 'example_dag_decorator' retrieved from /home/airflow/.local/lib/python3.12/site-packages/airflow/example_dags/example_dag_decorator.py
[2025-01-27T11:04:28.374+0000] {logging_mixin.py:190} INFO - [2025-01-27T11:04:28.373+0000] {dag.py:3239} INFO - Sync 1 DAGs
[2025-01-27T11:04:28.886+0000] {logging_mixin.py:190} INFO - [2025-01-27T11:04:28.885+0000] {dag.py:4180} INFO - Setting next_dagrun for example_dag_decorator to None, run_after=None
[2025-01-27T11:04:31.875+0000] {processor.py:208} INFO - Processing /home/airflow/.local/lib/python3.12/site-packages/airflow/example_dags/example_dag_decorator.py took 11.767 seconds
[2025-01-27T11:14:57.937+0000] {processor.py:186} INFO - Started process (PID=1134) to work on /home/airflow/.local/lib/python3.12/site-packages/airflow/example_dags/example_dag_decorator.py
[2025-01-27T11:14:57.943+0000] {processor.py:914} INFO - Processing file /home/airflow/.local/lib/python3.12/site-packages/airflow/example_dags/example_dag_decorator.py for tasks to queue
[2025-01-27T11:14:57.978+0000] {logging_mixin.py:190} INFO - [2025-01-27T11:14:57.976+0000] {dagbag.py:588} INFO - Filling up the DagBag from /home/airflow/.local/lib/python3.12/site-packages/airflow/example_dags/example_dag_decorator.py
[2025-01-27T11:14:58.011+0000] {processor.py:925} INFO - DAG(s) 'example_dag_decorator' retrieved from /home/airflow/.local/lib/python3.12/site-packages/airflow/example_dags/example_dag_decorator.py
[2025-01-27T11:14:58.428+0000] {logging_mixin.py:190} INFO - [2025-01-27T11:14:58.428+0000] {dag.py:3239} INFO - Sync 1 DAGs
[2025-01-27T11:14:58.476+0000] {logging_mixin.py:190} INFO - [2025-01-27T11:14:58.476+0000] {dag.py:4180} INFO - Setting next_dagrun for example_dag_decorator to None, run_after=None
[2025-01-27T11:14:58.526+0000] {processor.py:208} INFO - Processing /home/airflow/.local/lib/python3.12/site-packages/airflow/example_dags/example_dag_decorator.py took 0.606 seconds
[2025-01-27T11:15:28.852+0000] {processor.py:186} INFO - Started process (PID=1198) to work on /home/airflow/.local/lib/python3.12/site-packages/airflow/example_dags/example_dag_decorator.py
[2025-01-27T11:15:28.855+0000] {processor.py:914} INFO - Processing file /home/airflow/.local/lib/python3.12/site-packages/airflow/example_dags/example_dag_decorator.py for tasks to queue
[2025-01-27T11:15:28.858+0000] {logging_mixin.py:190} INFO - [2025-01-27T11:15:28.858+0000] {dagbag.py:588} INFO - Filling up the DagBag from /home/airflow/.local/lib/python3.12/site-packages/airflow/example_dags/example_dag_decorator.py
[2025-01-27T11:15:28.932+0000] {processor.py:925} INFO - DAG(s) 'example_dag_decorator' retrieved from /home/airflow/.local/lib/python3.12/site-packages/airflow/example_dags/example_dag_decorator.py
[2025-01-27T11:15:29.413+0000] {logging_mixin.py:190} INFO - [2025-01-27T11:15:29.412+0000] {dag.py:3239} INFO - Sync 1 DAGs
[2025-01-27T11:15:29.465+0000] {logging_mixin.py:190} INFO - [2025-01-27T11:15:29.464+0000] {dag.py:4180} INFO - Setting next_dagrun for example_dag_decorator to None, run_after=None
[2025-01-27T11:15:29.512+0000] {processor.py:208} INFO - Processing /home/airflow/.local/lib/python3.12/site-packages/airflow/example_dags/example_dag_decorator.py took 0.683 seconds
[2025-01-27T11:15:59.746+0000] {processor.py:186} INFO - Started process (PID=1261) to work on /home/airflow/.local/lib/python3.12/site-packages/airflow/example_dags/example_dag_decorator.py
[2025-01-27T11:15:59.748+0000] {processor.py:914} INFO - Processing file /home/airflow/.local/lib/python3.12/site-packages/airflow/example_dags/example_dag_decorator.py for tasks to queue
[2025-01-27T11:15:59.750+0000] {logging_mixin.py:190} INFO - [2025-01-27T11:15:59.750+0000] {dagbag.py:588} INFO - Filling up the DagBag from /home/airflow/.local/lib/python3.12/site-packages/airflow/example_dags/example_dag_decorator.py
[2025-01-27T11:15:59.779+0000] {processor.py:925} INFO - DAG(s) 'example_dag_decorator' retrieved from /home/airflow/.local/lib/python3.12/site-packages/airflow/example_dags/example_dag_decorator.py
[2025-01-27T11:16:00.085+0000] {logging_mixin.py:190} INFO - [2025-01-27T11:16:00.085+0000] {dag.py:3239} INFO - Sync 1 DAGs
[2025-01-27T11:16:00.124+0000] {logging_mixin.py:190} INFO - [2025-01-27T11:16:00.124+0000] {dag.py:4180} INFO - Setting next_dagrun for example_dag_decorator to None, run_after=None
[2025-01-27T11:16:00.209+0000] {processor.py:208} INFO - Processing /home/airflow/.local/lib/python3.12/site-packages/airflow/example_dags/example_dag_decorator.py took 0.475 seconds
[2025-01-27T11:18:45.174+0000] {processor.py:186} INFO - Started process (PID=1358) to work on /home/airflow/.local/lib/python3.12/site-packages/airflow/example_dags/example_dag_decorator.py
[2025-01-27T11:18:45.177+0000] {processor.py:914} INFO - Processing file /home/airflow/.local/lib/python3.12/site-packages/airflow/example_dags/example_dag_decorator.py for tasks to queue
[2025-01-27T11:18:45.187+0000] {logging_mixin.py:190} INFO - [2025-01-27T11:18:45.186+0000] {dagbag.py:588} INFO - Filling up the DagBag from /home/airflow/.local/lib/python3.12/site-packages/airflow/example_dags/example_dag_decorator.py
[2025-01-27T11:18:45.242+0000] {processor.py:925} INFO - DAG(s) 'example_dag_decorator' retrieved from /home/airflow/.local/lib/python3.12/site-packages/airflow/example_dags/example_dag_decorator.py
[2025-01-27T11:18:46.594+0000] {logging_mixin.py:190} INFO - [2025-01-27T11:18:46.593+0000] {dag.py:3239} INFO - Sync 1 DAGs
[2025-01-27T11:18:46.680+0000] {logging_mixin.py:190} INFO - [2025-01-27T11:18:46.679+0000] {dag.py:4180} INFO - Setting next_dagrun for example_dag_decorator to None, run_after=None
[2025-01-27T11:18:46.810+0000] {processor.py:208} INFO - Processing /home/airflow/.local/lib/python3.12/site-packages/airflow/example_dags/example_dag_decorator.py took 1.664 seconds
[2025-01-27T11:19:27.243+0000] {processor.py:186} INFO - Started process (PID=1426) to work on /home/airflow/.local/lib/python3.12/site-packages/airflow/example_dags/example_dag_decorator.py
[2025-01-27T11:19:27.244+0000] {processor.py:914} INFO - Processing file /home/airflow/.local/lib/python3.12/site-packages/airflow/example_dags/example_dag_decorator.py for tasks to queue
[2025-01-27T11:19:27.246+0000] {logging_mixin.py:190} INFO - [2025-01-27T11:19:27.246+0000] {dagbag.py:588} INFO - Filling up the DagBag from /home/airflow/.local/lib/python3.12/site-packages/airflow/example_dags/example_dag_decorator.py
[2025-01-27T11:19:27.268+0000] {processor.py:925} INFO - DAG(s) 'example_dag_decorator' retrieved from /home/airflow/.local/lib/python3.12/site-packages/airflow/example_dags/example_dag_decorator.py
[2025-01-27T11:19:27.771+0000] {logging_mixin.py:190} INFO - [2025-01-27T11:19:27.771+0000] {dag.py:3239} INFO - Sync 1 DAGs
[2025-01-27T11:19:27.805+0000] {logging_mixin.py:190} INFO - [2025-01-27T11:19:27.805+0000] {dag.py:4180} INFO - Setting next_dagrun for example_dag_decorator to None, run_after=None
[2025-01-27T11:19:27.873+0000] {processor.py:208} INFO - Processing /home/airflow/.local/lib/python3.12/site-packages/airflow/example_dags/example_dag_decorator.py took 0.646 seconds
[2025-01-27T11:19:58.882+0000] {processor.py:186} INFO - Started process (PID=1490) to work on /home/airflow/.local/lib/python3.12/site-packages/airflow/example_dags/example_dag_decorator.py
[2025-01-27T11:19:58.884+0000] {processor.py:914} INFO - Processing file /home/airflow/.local/lib/python3.12/site-packages/airflow/example_dags/example_dag_decorator.py for tasks to queue
[2025-01-27T11:19:58.888+0000] {logging_mixin.py:190} INFO - [2025-01-27T11:19:58.887+0000] {dagbag.py:588} INFO - Filling up the DagBag from /home/airflow/.local/lib/python3.12/site-packages/airflow/example_dags/example_dag_decorator.py
[2025-01-27T11:19:58.933+0000] {processor.py:925} INFO - DAG(s) 'example_dag_decorator' retrieved from /home/airflow/.local/lib/python3.12/site-packages/airflow/example_dags/example_dag_decorator.py
[2025-01-27T11:19:59.682+0000] {logging_mixin.py:190} INFO - [2025-01-27T11:19:59.682+0000] {dag.py:3239} INFO - Sync 1 DAGs
[2025-01-27T11:19:59.711+0000] {logging_mixin.py:190} INFO - [2025-01-27T11:19:59.711+0000] {dag.py:4180} INFO - Setting next_dagrun for example_dag_decorator to None, run_after=None
[2025-01-27T11:19:59.754+0000] {processor.py:208} INFO - Processing /home/airflow/.local/lib/python3.12/site-packages/airflow/example_dags/example_dag_decorator.py took 0.885 seconds
[2025-01-27T11:37:50.171+0000] {processor.py:186} INFO - Started process (PID=197) to work on /home/airflow/.local/lib/python3.12/site-packages/airflow/example_dags/example_dag_decorator.py
[2025-01-27T11:37:50.181+0000] {processor.py:914} INFO - Processing file /home/airflow/.local/lib/python3.12/site-packages/airflow/example_dags/example_dag_decorator.py for tasks to queue
[2025-01-27T11:37:50.220+0000] {logging_mixin.py:190} INFO - [2025-01-27T11:37:50.218+0000] {dagbag.py:588} INFO - Filling up the DagBag from /home/airflow/.local/lib/python3.12/site-packages/airflow/example_dags/example_dag_decorator.py
[2025-01-27T11:37:50.339+0000] {processor.py:925} INFO - DAG(s) 'example_dag_decorator' retrieved from /home/airflow/.local/lib/python3.12/site-packages/airflow/example_dags/example_dag_decorator.py
[2025-01-27T11:37:51.079+0000] {logging_mixin.py:190} INFO - [2025-01-27T11:37:51.079+0000] {dag.py:3239} INFO - Sync 1 DAGs
[2025-01-27T11:37:51.137+0000] {logging_mixin.py:190} INFO - [2025-01-27T11:37:51.137+0000] {dag.py:4180} INFO - Setting next_dagrun for example_dag_decorator to None, run_after=None
[2025-01-27T11:37:51.251+0000] {processor.py:208} INFO - Processing /home/airflow/.local/lib/python3.12/site-packages/airflow/example_dags/example_dag_decorator.py took 1.149 seconds
[2025-01-27T11:38:21.381+0000] {processor.py:186} INFO - Started process (PID=260) to work on /home/airflow/.local/lib/python3.12/site-packages/airflow/example_dags/example_dag_decorator.py
[2025-01-27T11:38:21.383+0000] {processor.py:914} INFO - Processing file /home/airflow/.local/lib/python3.12/site-packages/airflow/example_dags/example_dag_decorator.py for tasks to queue
[2025-01-27T11:38:21.389+0000] {logging_mixin.py:190} INFO - [2025-01-27T11:38:21.389+0000] {dagbag.py:588} INFO - Filling up the DagBag from /home/airflow/.local/lib/python3.12/site-packages/airflow/example_dags/example_dag_decorator.py
[2025-01-27T11:38:21.413+0000] {processor.py:925} INFO - DAG(s) 'example_dag_decorator' retrieved from /home/airflow/.local/lib/python3.12/site-packages/airflow/example_dags/example_dag_decorator.py
[2025-01-27T11:38:21.615+0000] {logging_mixin.py:190} INFO - [2025-01-27T11:38:21.615+0000] {dag.py:3239} INFO - Sync 1 DAGs
[2025-01-27T11:38:21.638+0000] {logging_mixin.py:190} INFO - [2025-01-27T11:38:21.637+0000] {dag.py:4180} INFO - Setting next_dagrun for example_dag_decorator to None, run_after=None
[2025-01-27T11:38:21.687+0000] {processor.py:208} INFO - Processing /home/airflow/.local/lib/python3.12/site-packages/airflow/example_dags/example_dag_decorator.py took 0.321 seconds
[2025-01-27T11:38:54.026+0000] {processor.py:186} INFO - Started process (PID=325) to work on /home/airflow/.local/lib/python3.12/site-packages/airflow/example_dags/example_dag_decorator.py
[2025-01-27T11:38:54.028+0000] {processor.py:914} INFO - Processing file /home/airflow/.local/lib/python3.12/site-packages/airflow/example_dags/example_dag_decorator.py for tasks to queue
[2025-01-27T11:38:54.033+0000] {logging_mixin.py:190} INFO - [2025-01-27T11:38:54.032+0000] {dagbag.py:588} INFO - Filling up the DagBag from /home/airflow/.local/lib/python3.12/site-packages/airflow/example_dags/example_dag_decorator.py
[2025-01-27T11:38:54.067+0000] {processor.py:925} INFO - DAG(s) 'example_dag_decorator' retrieved from /home/airflow/.local/lib/python3.12/site-packages/airflow/example_dags/example_dag_decorator.py
[2025-01-27T11:38:54.432+0000] {logging_mixin.py:190} INFO - [2025-01-27T11:38:54.431+0000] {dag.py:3239} INFO - Sync 1 DAGs
[2025-01-27T11:38:54.453+0000] {logging_mixin.py:190} INFO - [2025-01-27T11:38:54.453+0000] {dag.py:4180} INFO - Setting next_dagrun for example_dag_decorator to None, run_after=None
[2025-01-27T11:38:54.488+0000] {processor.py:208} INFO - Processing /home/airflow/.local/lib/python3.12/site-packages/airflow/example_dags/example_dag_decorator.py took 0.474 seconds
[2025-01-27T11:39:25.622+0000] {processor.py:186} INFO - Started process (PID=390) to work on /home/airflow/.local/lib/python3.12/site-packages/airflow/example_dags/example_dag_decorator.py
[2025-01-27T11:39:25.624+0000] {processor.py:914} INFO - Processing file /home/airflow/.local/lib/python3.12/site-packages/airflow/example_dags/example_dag_decorator.py for tasks to queue
[2025-01-27T11:39:25.628+0000] {logging_mixin.py:190} INFO - [2025-01-27T11:39:25.628+0000] {dagbag.py:588} INFO - Filling up the DagBag from /home/airflow/.local/lib/python3.12/site-packages/airflow/example_dags/example_dag_decorator.py
[2025-01-27T11:39:25.648+0000] {processor.py:925} INFO - DAG(s) 'example_dag_decorator' retrieved from /home/airflow/.local/lib/python3.12/site-packages/airflow/example_dags/example_dag_decorator.py
[2025-01-27T11:39:25.936+0000] {logging_mixin.py:190} INFO - [2025-01-27T11:39:25.936+0000] {dag.py:3239} INFO - Sync 1 DAGs
[2025-01-27T11:39:25.957+0000] {logging_mixin.py:190} INFO - [2025-01-27T11:39:25.956+0000] {dag.py:4180} INFO - Setting next_dagrun for example_dag_decorator to None, run_after=None
[2025-01-27T11:39:25.992+0000] {processor.py:208} INFO - Processing /home/airflow/.local/lib/python3.12/site-packages/airflow/example_dags/example_dag_decorator.py took 0.382 seconds
[2025-01-27T11:39:58.118+0000] {processor.py:186} INFO - Started process (PID=454) to work on /home/airflow/.local/lib/python3.12/site-packages/airflow/example_dags/example_dag_decorator.py
[2025-01-27T11:39:58.121+0000] {processor.py:914} INFO - Processing file /home/airflow/.local/lib/python3.12/site-packages/airflow/example_dags/example_dag_decorator.py for tasks to queue
[2025-01-27T11:39:58.126+0000] {logging_mixin.py:190} INFO - [2025-01-27T11:39:58.126+0000] {dagbag.py:588} INFO - Filling up the DagBag from /home/airflow/.local/lib/python3.12/site-packages/airflow/example_dags/example_dag_decorator.py
[2025-01-27T11:39:58.164+0000] {processor.py:925} INFO - DAG(s) 'example_dag_decorator' retrieved from /home/airflow/.local/lib/python3.12/site-packages/airflow/example_dags/example_dag_decorator.py
[2025-01-27T11:39:58.462+0000] {logging_mixin.py:190} INFO - [2025-01-27T11:39:58.461+0000] {dag.py:3239} INFO - Sync 1 DAGs
[2025-01-27T11:39:58.491+0000] {logging_mixin.py:190} INFO - [2025-01-27T11:39:58.491+0000] {dag.py:4180} INFO - Setting next_dagrun for example_dag_decorator to None, run_after=None
[2025-01-27T11:39:58.536+0000] {processor.py:208} INFO - Processing /home/airflow/.local/lib/python3.12/site-packages/airflow/example_dags/example_dag_decorator.py took 0.434 seconds
[2025-01-27T11:40:28.651+0000] {processor.py:186} INFO - Started process (PID=519) to work on /home/airflow/.local/lib/python3.12/site-packages/airflow/example_dags/example_dag_decorator.py
[2025-01-27T11:40:28.653+0000] {processor.py:914} INFO - Processing file /home/airflow/.local/lib/python3.12/site-packages/airflow/example_dags/example_dag_decorator.py for tasks to queue
[2025-01-27T11:40:28.658+0000] {logging_mixin.py:190} INFO - [2025-01-27T11:40:28.657+0000] {dagbag.py:588} INFO - Filling up the DagBag from /home/airflow/.local/lib/python3.12/site-packages/airflow/example_dags/example_dag_decorator.py
[2025-01-27T11:40:28.683+0000] {processor.py:925} INFO - DAG(s) 'example_dag_decorator' retrieved from /home/airflow/.local/lib/python3.12/site-packages/airflow/example_dags/example_dag_decorator.py
[2025-01-27T11:40:28.993+0000] {logging_mixin.py:190} INFO - [2025-01-27T11:40:28.992+0000] {dag.py:3239} INFO - Sync 1 DAGs
[2025-01-27T11:40:29.045+0000] {logging_mixin.py:190} INFO - [2025-01-27T11:40:29.044+0000] {dag.py:4180} INFO - Setting next_dagrun for example_dag_decorator to None, run_after=None
[2025-01-27T11:40:29.121+0000] {processor.py:208} INFO - Processing /home/airflow/.local/lib/python3.12/site-packages/airflow/example_dags/example_dag_decorator.py took 0.489 seconds
[2025-01-27T11:40:59.549+0000] {processor.py:186} INFO - Started process (PID=590) to work on /home/airflow/.local/lib/python3.12/site-packages/airflow/example_dags/example_dag_decorator.py
[2025-01-27T11:40:59.551+0000] {processor.py:914} INFO - Processing file /home/airflow/.local/lib/python3.12/site-packages/airflow/example_dags/example_dag_decorator.py for tasks to queue
[2025-01-27T11:40:59.555+0000] {logging_mixin.py:190} INFO - [2025-01-27T11:40:59.555+0000] {dagbag.py:588} INFO - Filling up the DagBag from /home/airflow/.local/lib/python3.12/site-packages/airflow/example_dags/example_dag_decorator.py
[2025-01-27T11:40:59.582+0000] {processor.py:925} INFO - DAG(s) 'example_dag_decorator' retrieved from /home/airflow/.local/lib/python3.12/site-packages/airflow/example_dags/example_dag_decorator.py
[2025-01-27T11:40:59.628+0000] {logging_mixin.py:190} INFO - [2025-01-27T11:40:59.627+0000] {dag.py:3239} INFO - Sync 1 DAGs
[2025-01-27T11:40:59.658+0000] {logging_mixin.py:190} INFO - [2025-01-27T11:40:59.657+0000] {dag.py:4180} INFO - Setting next_dagrun for example_dag_decorator to None, run_after=None
[2025-01-27T11:40:59.688+0000] {processor.py:208} INFO - Processing /home/airflow/.local/lib/python3.12/site-packages/airflow/example_dags/example_dag_decorator.py took 0.151 seconds
[2025-01-27T11:41:30.376+0000] {processor.py:186} INFO - Started process (PID=654) to work on /home/airflow/.local/lib/python3.12/site-packages/airflow/example_dags/example_dag_decorator.py
[2025-01-27T11:41:30.378+0000] {processor.py:914} INFO - Processing file /home/airflow/.local/lib/python3.12/site-packages/airflow/example_dags/example_dag_decorator.py for tasks to queue
[2025-01-27T11:41:30.381+0000] {logging_mixin.py:190} INFO - [2025-01-27T11:41:30.381+0000] {dagbag.py:588} INFO - Filling up the DagBag from /home/airflow/.local/lib/python3.12/site-packages/airflow/example_dags/example_dag_decorator.py
[2025-01-27T11:41:30.401+0000] {processor.py:925} INFO - DAG(s) 'example_dag_decorator' retrieved from /home/airflow/.local/lib/python3.12/site-packages/airflow/example_dags/example_dag_decorator.py
[2025-01-27T11:41:30.673+0000] {logging_mixin.py:190} INFO - [2025-01-27T11:41:30.672+0000] {dag.py:3239} INFO - Sync 1 DAGs
[2025-01-27T11:41:30.694+0000] {logging_mixin.py:190} INFO - [2025-01-27T11:41:30.694+0000] {dag.py:4180} INFO - Setting next_dagrun for example_dag_decorator to None, run_after=None
[2025-01-27T11:41:30.731+0000] {processor.py:208} INFO - Processing /home/airflow/.local/lib/python3.12/site-packages/airflow/example_dags/example_dag_decorator.py took 0.366 seconds
[2025-01-27T11:42:00.945+0000] {processor.py:186} INFO - Started process (PID=718) to work on /home/airflow/.local/lib/python3.12/site-packages/airflow/example_dags/example_dag_decorator.py
[2025-01-27T11:42:00.947+0000] {processor.py:914} INFO - Processing file /home/airflow/.local/lib/python3.12/site-packages/airflow/example_dags/example_dag_decorator.py for tasks to queue
[2025-01-27T11:42:00.950+0000] {logging_mixin.py:190} INFO - [2025-01-27T11:42:00.950+0000] {dagbag.py:588} INFO - Filling up the DagBag from /home/airflow/.local/lib/python3.12/site-packages/airflow/example_dags/example_dag_decorator.py
[2025-01-27T11:42:00.972+0000] {processor.py:925} INFO - DAG(s) 'example_dag_decorator' retrieved from /home/airflow/.local/lib/python3.12/site-packages/airflow/example_dags/example_dag_decorator.py
[2025-01-27T11:42:01.020+0000] {logging_mixin.py:190} INFO - [2025-01-27T11:42:01.019+0000] {dag.py:3239} INFO - Sync 1 DAGs
[2025-01-27T11:42:01.041+0000] {logging_mixin.py:190} INFO - [2025-01-27T11:42:01.040+0000] {dag.py:4180} INFO - Setting next_dagrun for example_dag_decorator to None, run_after=None
[2025-01-27T11:42:01.068+0000] {processor.py:208} INFO - Processing /home/airflow/.local/lib/python3.12/site-packages/airflow/example_dags/example_dag_decorator.py took 0.132 seconds
[2025-01-27T11:42:31.845+0000] {processor.py:186} INFO - Started process (PID=783) to work on /home/airflow/.local/lib/python3.12/site-packages/airflow/example_dags/example_dag_decorator.py
[2025-01-27T11:42:31.909+0000] {processor.py:914} INFO - Processing file /home/airflow/.local/lib/python3.12/site-packages/airflow/example_dags/example_dag_decorator.py for tasks to queue
[2025-01-27T11:42:31.926+0000] {logging_mixin.py:190} INFO - [2025-01-27T11:42:31.925+0000] {dagbag.py:588} INFO - Filling up the DagBag from /home/airflow/.local/lib/python3.12/site-packages/airflow/example_dags/example_dag_decorator.py
[2025-01-27T11:42:32.007+0000] {processor.py:925} INFO - DAG(s) 'example_dag_decorator' retrieved from /home/airflow/.local/lib/python3.12/site-packages/airflow/example_dags/example_dag_decorator.py
[2025-01-27T11:42:32.055+0000] {logging_mixin.py:190} INFO - [2025-01-27T11:42:32.055+0000] {dag.py:3239} INFO - Sync 1 DAGs
[2025-01-27T11:42:32.077+0000] {logging_mixin.py:190} INFO - [2025-01-27T11:42:32.076+0000] {dag.py:4180} INFO - Setting next_dagrun for example_dag_decorator to None, run_after=None
[2025-01-27T11:42:32.114+0000] {processor.py:208} INFO - Processing /home/airflow/.local/lib/python3.12/site-packages/airflow/example_dags/example_dag_decorator.py took 0.299 seconds
[2025-01-27T11:43:05.956+0000] {processor.py:186} INFO - Started process (PID=848) to work on /home/airflow/.local/lib/python3.12/site-packages/airflow/example_dags/example_dag_decorator.py
[2025-01-27T11:43:05.958+0000] {processor.py:914} INFO - Processing file /home/airflow/.local/lib/python3.12/site-packages/airflow/example_dags/example_dag_decorator.py for tasks to queue
[2025-01-27T11:43:05.962+0000] {logging_mixin.py:190} INFO - [2025-01-27T11:43:05.962+0000] {dagbag.py:588} INFO - Filling up the DagBag from /home/airflow/.local/lib/python3.12/site-packages/airflow/example_dags/example_dag_decorator.py
[2025-01-27T11:43:05.988+0000] {processor.py:925} INFO - DAG(s) 'example_dag_decorator' retrieved from /home/airflow/.local/lib/python3.12/site-packages/airflow/example_dags/example_dag_decorator.py
[2025-01-27T11:43:06.034+0000] {logging_mixin.py:190} INFO - [2025-01-27T11:43:06.033+0000] {dag.py:3239} INFO - Sync 1 DAGs
[2025-01-27T11:43:06.077+0000] {logging_mixin.py:190} INFO - [2025-01-27T11:43:06.077+0000] {dag.py:4180} INFO - Setting next_dagrun for example_dag_decorator to None, run_after=None
[2025-01-27T11:43:06.116+0000] {processor.py:208} INFO - Processing /home/airflow/.local/lib/python3.12/site-packages/airflow/example_dags/example_dag_decorator.py took 0.170 seconds
[2025-01-27T11:43:48.549+0000] {processor.py:186} INFO - Started process (PID=915) to work on /home/airflow/.local/lib/python3.12/site-packages/airflow/example_dags/example_dag_decorator.py
[2025-01-27T11:43:48.551+0000] {processor.py:914} INFO - Processing file /home/airflow/.local/lib/python3.12/site-packages/airflow/example_dags/example_dag_decorator.py for tasks to queue
[2025-01-27T11:43:48.565+0000] {logging_mixin.py:190} INFO - [2025-01-27T11:43:48.564+0000] {dagbag.py:588} INFO - Filling up the DagBag from /home/airflow/.local/lib/python3.12/site-packages/airflow/example_dags/example_dag_decorator.py
[2025-01-27T11:43:48.616+0000] {processor.py:925} INFO - DAG(s) 'example_dag_decorator' retrieved from /home/airflow/.local/lib/python3.12/site-packages/airflow/example_dags/example_dag_decorator.py
[2025-01-27T11:43:48.709+0000] {logging_mixin.py:190} INFO - [2025-01-27T11:43:48.709+0000] {dag.py:3239} INFO - Sync 1 DAGs
[2025-01-27T11:43:48.817+0000] {logging_mixin.py:190} INFO - [2025-01-27T11:43:48.817+0000] {dag.py:4180} INFO - Setting next_dagrun for example_dag_decorator to None, run_after=None
[2025-01-27T11:43:48.955+0000] {processor.py:208} INFO - Processing /home/airflow/.local/lib/python3.12/site-packages/airflow/example_dags/example_dag_decorator.py took 0.429 seconds
[2025-01-27T11:44:21.329+0000] {processor.py:186} INFO - Started process (PID=979) to work on /home/airflow/.local/lib/python3.12/site-packages/airflow/example_dags/example_dag_decorator.py
[2025-01-27T11:44:21.331+0000] {processor.py:914} INFO - Processing file /home/airflow/.local/lib/python3.12/site-packages/airflow/example_dags/example_dag_decorator.py for tasks to queue
[2025-01-27T11:44:21.336+0000] {logging_mixin.py:190} INFO - [2025-01-27T11:44:21.335+0000] {dagbag.py:588} INFO - Filling up the DagBag from /home/airflow/.local/lib/python3.12/site-packages/airflow/example_dags/example_dag_decorator.py
[2025-01-27T11:44:21.392+0000] {processor.py:925} INFO - DAG(s) 'example_dag_decorator' retrieved from /home/airflow/.local/lib/python3.12/site-packages/airflow/example_dags/example_dag_decorator.py
[2025-01-27T11:44:21.447+0000] {logging_mixin.py:190} INFO - [2025-01-27T11:44:21.447+0000] {dag.py:3239} INFO - Sync 1 DAGs
[2025-01-27T11:44:21.480+0000] {logging_mixin.py:190} INFO - [2025-01-27T11:44:21.480+0000] {dag.py:4180} INFO - Setting next_dagrun for example_dag_decorator to None, run_after=None
[2025-01-27T11:44:21.531+0000] {processor.py:208} INFO - Processing /home/airflow/.local/lib/python3.12/site-packages/airflow/example_dags/example_dag_decorator.py took 0.217 seconds
[2025-01-27T11:44:52.473+0000] {processor.py:186} INFO - Started process (PID=1043) to work on /home/airflow/.local/lib/python3.12/site-packages/airflow/example_dags/example_dag_decorator.py
[2025-01-27T11:44:52.475+0000] {processor.py:914} INFO - Processing file /home/airflow/.local/lib/python3.12/site-packages/airflow/example_dags/example_dag_decorator.py for tasks to queue
[2025-01-27T11:44:52.480+0000] {logging_mixin.py:190} INFO - [2025-01-27T11:44:52.479+0000] {dagbag.py:588} INFO - Filling up the DagBag from /home/airflow/.local/lib/python3.12/site-packages/airflow/example_dags/example_dag_decorator.py
[2025-01-27T11:44:52.498+0000] {processor.py:925} INFO - DAG(s) 'example_dag_decorator' retrieved from /home/airflow/.local/lib/python3.12/site-packages/airflow/example_dags/example_dag_decorator.py
[2025-01-27T11:44:52.541+0000] {logging_mixin.py:190} INFO - [2025-01-27T11:44:52.540+0000] {dag.py:3239} INFO - Sync 1 DAGs
[2025-01-27T11:44:52.566+0000] {logging_mixin.py:190} INFO - [2025-01-27T11:44:52.566+0000] {dag.py:4180} INFO - Setting next_dagrun for example_dag_decorator to None, run_after=None
[2025-01-27T11:44:52.595+0000] {processor.py:208} INFO - Processing /home/airflow/.local/lib/python3.12/site-packages/airflow/example_dags/example_dag_decorator.py took 0.130 seconds
[2025-01-27T11:45:23.377+0000] {processor.py:186} INFO - Started process (PID=1108) to work on /home/airflow/.local/lib/python3.12/site-packages/airflow/example_dags/example_dag_decorator.py
[2025-01-27T11:45:23.379+0000] {processor.py:914} INFO - Processing file /home/airflow/.local/lib/python3.12/site-packages/airflow/example_dags/example_dag_decorator.py for tasks to queue
[2025-01-27T11:45:23.383+0000] {logging_mixin.py:190} INFO - [2025-01-27T11:45:23.383+0000] {dagbag.py:588} INFO - Filling up the DagBag from /home/airflow/.local/lib/python3.12/site-packages/airflow/example_dags/example_dag_decorator.py
[2025-01-27T11:45:23.403+0000] {processor.py:925} INFO - DAG(s) 'example_dag_decorator' retrieved from /home/airflow/.local/lib/python3.12/site-packages/airflow/example_dags/example_dag_decorator.py
[2025-01-27T11:45:23.607+0000] {logging_mixin.py:190} INFO - [2025-01-27T11:45:23.606+0000] {dag.py:3239} INFO - Sync 1 DAGs
[2025-01-27T11:45:23.627+0000] {logging_mixin.py:190} INFO - [2025-01-27T11:45:23.627+0000] {dag.py:4180} INFO - Setting next_dagrun for example_dag_decorator to None, run_after=None
[2025-01-27T11:45:23.658+0000] {processor.py:208} INFO - Processing /home/airflow/.local/lib/python3.12/site-packages/airflow/example_dags/example_dag_decorator.py took 0.290 seconds
[2025-01-27T11:45:53.938+0000] {processor.py:186} INFO - Started process (PID=1172) to work on /home/airflow/.local/lib/python3.12/site-packages/airflow/example_dags/example_dag_decorator.py
[2025-01-27T11:45:53.940+0000] {processor.py:914} INFO - Processing file /home/airflow/.local/lib/python3.12/site-packages/airflow/example_dags/example_dag_decorator.py for tasks to queue
[2025-01-27T11:45:53.945+0000] {logging_mixin.py:190} INFO - [2025-01-27T11:45:53.944+0000] {dagbag.py:588} INFO - Filling up the DagBag from /home/airflow/.local/lib/python3.12/site-packages/airflow/example_dags/example_dag_decorator.py
[2025-01-27T11:45:53.968+0000] {processor.py:925} INFO - DAG(s) 'example_dag_decorator' retrieved from /home/airflow/.local/lib/python3.12/site-packages/airflow/example_dags/example_dag_decorator.py
[2025-01-27T11:45:54.174+0000] {logging_mixin.py:190} INFO - [2025-01-27T11:45:54.174+0000] {dag.py:3239} INFO - Sync 1 DAGs
[2025-01-27T11:45:54.204+0000] {logging_mixin.py:190} INFO - [2025-01-27T11:45:54.204+0000] {dag.py:4180} INFO - Setting next_dagrun for example_dag_decorator to None, run_after=None
[2025-01-27T11:45:54.236+0000] {processor.py:208} INFO - Processing /home/airflow/.local/lib/python3.12/site-packages/airflow/example_dags/example_dag_decorator.py took 0.307 seconds
[2025-01-27T11:46:24.909+0000] {processor.py:186} INFO - Started process (PID=1237) to work on /home/airflow/.local/lib/python3.12/site-packages/airflow/example_dags/example_dag_decorator.py
[2025-01-27T11:46:24.910+0000] {processor.py:914} INFO - Processing file /home/airflow/.local/lib/python3.12/site-packages/airflow/example_dags/example_dag_decorator.py for tasks to queue
[2025-01-27T11:46:24.914+0000] {logging_mixin.py:190} INFO - [2025-01-27T11:46:24.914+0000] {dagbag.py:588} INFO - Filling up the DagBag from /home/airflow/.local/lib/python3.12/site-packages/airflow/example_dags/example_dag_decorator.py
[2025-01-27T11:46:24.937+0000] {processor.py:925} INFO - DAG(s) 'example_dag_decorator' retrieved from /home/airflow/.local/lib/python3.12/site-packages/airflow/example_dags/example_dag_decorator.py
[2025-01-27T11:46:25.142+0000] {logging_mixin.py:190} INFO - [2025-01-27T11:46:25.141+0000] {dag.py:3239} INFO - Sync 1 DAGs
[2025-01-27T11:46:25.161+0000] {logging_mixin.py:190} INFO - [2025-01-27T11:46:25.161+0000] {dag.py:4180} INFO - Setting next_dagrun for example_dag_decorator to None, run_after=None
[2025-01-27T11:46:25.192+0000] {processor.py:208} INFO - Processing /home/airflow/.local/lib/python3.12/site-packages/airflow/example_dags/example_dag_decorator.py took 0.292 seconds
[2025-01-27T11:46:56.114+0000] {processor.py:186} INFO - Started process (PID=1301) to work on /home/airflow/.local/lib/python3.12/site-packages/airflow/example_dags/example_dag_decorator.py
[2025-01-27T11:46:56.116+0000] {processor.py:914} INFO - Processing file /home/airflow/.local/lib/python3.12/site-packages/airflow/example_dags/example_dag_decorator.py for tasks to queue
[2025-01-27T11:46:56.121+0000] {logging_mixin.py:190} INFO - [2025-01-27T11:46:56.121+0000] {dagbag.py:588} INFO - Filling up the DagBag from /home/airflow/.local/lib/python3.12/site-packages/airflow/example_dags/example_dag_decorator.py
[2025-01-27T11:46:56.172+0000] {processor.py:925} INFO - DAG(s) 'example_dag_decorator' retrieved from /home/airflow/.local/lib/python3.12/site-packages/airflow/example_dags/example_dag_decorator.py
[2025-01-27T11:46:56.365+0000] {logging_mixin.py:190} INFO - [2025-01-27T11:46:56.365+0000] {dag.py:3239} INFO - Sync 1 DAGs
[2025-01-27T11:46:56.384+0000] {logging_mixin.py:190} INFO - [2025-01-27T11:46:56.383+0000] {dag.py:4180} INFO - Setting next_dagrun for example_dag_decorator to None, run_after=None
[2025-01-27T11:46:56.410+0000] {processor.py:208} INFO - Processing /home/airflow/.local/lib/python3.12/site-packages/airflow/example_dags/example_dag_decorator.py took 0.311 seconds
[2025-01-27T11:47:26.731+0000] {processor.py:186} INFO - Started process (PID=1364) to work on /home/airflow/.local/lib/python3.12/site-packages/airflow/example_dags/example_dag_decorator.py
[2025-01-27T11:47:26.733+0000] {processor.py:914} INFO - Processing file /home/airflow/.local/lib/python3.12/site-packages/airflow/example_dags/example_dag_decorator.py for tasks to queue
[2025-01-27T11:47:26.738+0000] {logging_mixin.py:190} INFO - [2025-01-27T11:47:26.737+0000] {dagbag.py:588} INFO - Filling up the DagBag from /home/airflow/.local/lib/python3.12/site-packages/airflow/example_dags/example_dag_decorator.py
[2025-01-27T11:47:26.766+0000] {processor.py:925} INFO - DAG(s) 'example_dag_decorator' retrieved from /home/airflow/.local/lib/python3.12/site-packages/airflow/example_dags/example_dag_decorator.py
[2025-01-27T11:47:27.046+0000] {logging_mixin.py:190} INFO - [2025-01-27T11:47:27.045+0000] {dag.py:3239} INFO - Sync 1 DAGs
[2025-01-27T11:47:27.080+0000] {logging_mixin.py:190} INFO - [2025-01-27T11:47:27.079+0000] {dag.py:4180} INFO - Setting next_dagrun for example_dag_decorator to None, run_after=None
[2025-01-27T11:47:27.143+0000] {processor.py:208} INFO - Processing /home/airflow/.local/lib/python3.12/site-packages/airflow/example_dags/example_dag_decorator.py took 0.424 seconds
[2025-01-27T11:47:57.594+0000] {processor.py:186} INFO - Started process (PID=1428) to work on /home/airflow/.local/lib/python3.12/site-packages/airflow/example_dags/example_dag_decorator.py
[2025-01-27T11:47:57.597+0000] {processor.py:914} INFO - Processing file /home/airflow/.local/lib/python3.12/site-packages/airflow/example_dags/example_dag_decorator.py for tasks to queue
[2025-01-27T11:47:57.602+0000] {logging_mixin.py:190} INFO - [2025-01-27T11:47:57.601+0000] {dagbag.py:588} INFO - Filling up the DagBag from /home/airflow/.local/lib/python3.12/site-packages/airflow/example_dags/example_dag_decorator.py
[2025-01-27T11:47:57.624+0000] {processor.py:925} INFO - DAG(s) 'example_dag_decorator' retrieved from /home/airflow/.local/lib/python3.12/site-packages/airflow/example_dags/example_dag_decorator.py
[2025-01-27T11:47:57.887+0000] {logging_mixin.py:190} INFO - [2025-01-27T11:47:57.886+0000] {dag.py:3239} INFO - Sync 1 DAGs
[2025-01-27T11:47:57.913+0000] {logging_mixin.py:190} INFO - [2025-01-27T11:47:57.913+0000] {dag.py:4180} INFO - Setting next_dagrun for example_dag_decorator to None, run_after=None
[2025-01-27T11:47:57.957+0000] {processor.py:208} INFO - Processing /home/airflow/.local/lib/python3.12/site-packages/airflow/example_dags/example_dag_decorator.py took 0.377 seconds
[2025-01-27T11:48:28.391+0000] {processor.py:186} INFO - Started process (PID=1492) to work on /home/airflow/.local/lib/python3.12/site-packages/airflow/example_dags/example_dag_decorator.py
[2025-01-27T11:48:28.393+0000] {processor.py:914} INFO - Processing file /home/airflow/.local/lib/python3.12/site-packages/airflow/example_dags/example_dag_decorator.py for tasks to queue
[2025-01-27T11:48:28.399+0000] {logging_mixin.py:190} INFO - [2025-01-27T11:48:28.399+0000] {dagbag.py:588} INFO - Filling up the DagBag from /home/airflow/.local/lib/python3.12/site-packages/airflow/example_dags/example_dag_decorator.py
[2025-01-27T11:48:28.440+0000] {processor.py:925} INFO - DAG(s) 'example_dag_decorator' retrieved from /home/airflow/.local/lib/python3.12/site-packages/airflow/example_dags/example_dag_decorator.py
[2025-01-27T11:48:28.743+0000] {logging_mixin.py:190} INFO - [2025-01-27T11:48:28.742+0000] {dag.py:3239} INFO - Sync 1 DAGs
[2025-01-27T11:48:28.765+0000] {logging_mixin.py:190} INFO - [2025-01-27T11:48:28.765+0000] {dag.py:4180} INFO - Setting next_dagrun for example_dag_decorator to None, run_after=None
[2025-01-27T11:48:28.813+0000] {processor.py:208} INFO - Processing /home/airflow/.local/lib/python3.12/site-packages/airflow/example_dags/example_dag_decorator.py took 0.437 seconds
[2025-01-27T11:48:59.111+0000] {processor.py:186} INFO - Started process (PID=1556) to work on /home/airflow/.local/lib/python3.12/site-packages/airflow/example_dags/example_dag_decorator.py
[2025-01-27T11:48:59.113+0000] {processor.py:914} INFO - Processing file /home/airflow/.local/lib/python3.12/site-packages/airflow/example_dags/example_dag_decorator.py for tasks to queue
[2025-01-27T11:48:59.118+0000] {logging_mixin.py:190} INFO - [2025-01-27T11:48:59.117+0000] {dagbag.py:588} INFO - Filling up the DagBag from /home/airflow/.local/lib/python3.12/site-packages/airflow/example_dags/example_dag_decorator.py
[2025-01-27T11:48:59.174+0000] {processor.py:925} INFO - DAG(s) 'example_dag_decorator' retrieved from /home/airflow/.local/lib/python3.12/site-packages/airflow/example_dags/example_dag_decorator.py
[2025-01-27T11:48:59.579+0000] {logging_mixin.py:190} INFO - [2025-01-27T11:48:59.578+0000] {dag.py:3239} INFO - Sync 1 DAGs
[2025-01-27T11:48:59.610+0000] {logging_mixin.py:190} INFO - [2025-01-27T11:48:59.610+0000] {dag.py:4180} INFO - Setting next_dagrun for example_dag_decorator to None, run_after=None
[2025-01-27T11:48:59.651+0000] {processor.py:208} INFO - Processing /home/airflow/.local/lib/python3.12/site-packages/airflow/example_dags/example_dag_decorator.py took 0.551 seconds
[2025-01-27T11:49:30.438+0000] {processor.py:186} INFO - Started process (PID=1622) to work on /home/airflow/.local/lib/python3.12/site-packages/airflow/example_dags/example_dag_decorator.py
[2025-01-27T11:49:30.440+0000] {processor.py:914} INFO - Processing file /home/airflow/.local/lib/python3.12/site-packages/airflow/example_dags/example_dag_decorator.py for tasks to queue
[2025-01-27T11:49:30.445+0000] {logging_mixin.py:190} INFO - [2025-01-27T11:49:30.444+0000] {dagbag.py:588} INFO - Filling up the DagBag from /home/airflow/.local/lib/python3.12/site-packages/airflow/example_dags/example_dag_decorator.py
[2025-01-27T11:49:30.473+0000] {processor.py:925} INFO - DAG(s) 'example_dag_decorator' retrieved from /home/airflow/.local/lib/python3.12/site-packages/airflow/example_dags/example_dag_decorator.py
[2025-01-27T11:49:30.516+0000] {logging_mixin.py:190} INFO - [2025-01-27T11:49:30.515+0000] {dag.py:3239} INFO - Sync 1 DAGs
[2025-01-27T11:49:30.544+0000] {logging_mixin.py:190} INFO - [2025-01-27T11:49:30.544+0000] {dag.py:4180} INFO - Setting next_dagrun for example_dag_decorator to None, run_after=None
[2025-01-27T11:49:30.578+0000] {processor.py:208} INFO - Processing /home/airflow/.local/lib/python3.12/site-packages/airflow/example_dags/example_dag_decorator.py took 0.155 seconds
[2025-01-27T11:50:01.118+0000] {processor.py:186} INFO - Started process (PID=1687) to work on /home/airflow/.local/lib/python3.12/site-packages/airflow/example_dags/example_dag_decorator.py
[2025-01-27T11:50:01.120+0000] {processor.py:914} INFO - Processing file /home/airflow/.local/lib/python3.12/site-packages/airflow/example_dags/example_dag_decorator.py for tasks to queue
[2025-01-27T11:50:01.125+0000] {logging_mixin.py:190} INFO - [2025-01-27T11:50:01.124+0000] {dagbag.py:588} INFO - Filling up the DagBag from /home/airflow/.local/lib/python3.12/site-packages/airflow/example_dags/example_dag_decorator.py
[2025-01-27T11:50:01.151+0000] {processor.py:925} INFO - DAG(s) 'example_dag_decorator' retrieved from /home/airflow/.local/lib/python3.12/site-packages/airflow/example_dags/example_dag_decorator.py
[2025-01-27T11:50:01.198+0000] {logging_mixin.py:190} INFO - [2025-01-27T11:50:01.198+0000] {dag.py:3239} INFO - Sync 1 DAGs
[2025-01-27T11:50:01.225+0000] {logging_mixin.py:190} INFO - [2025-01-27T11:50:01.225+0000] {dag.py:4180} INFO - Setting next_dagrun for example_dag_decorator to None, run_after=None
[2025-01-27T11:50:01.259+0000] {processor.py:208} INFO - Processing /home/airflow/.local/lib/python3.12/site-packages/airflow/example_dags/example_dag_decorator.py took 0.154 seconds
[2025-01-27T11:50:31.515+0000] {processor.py:186} INFO - Started process (PID=1750) to work on /home/airflow/.local/lib/python3.12/site-packages/airflow/example_dags/example_dag_decorator.py
[2025-01-27T11:50:31.517+0000] {processor.py:914} INFO - Processing file /home/airflow/.local/lib/python3.12/site-packages/airflow/example_dags/example_dag_decorator.py for tasks to queue
[2025-01-27T11:50:31.521+0000] {logging_mixin.py:190} INFO - [2025-01-27T11:50:31.521+0000] {dagbag.py:588} INFO - Filling up the DagBag from /home/airflow/.local/lib/python3.12/site-packages/airflow/example_dags/example_dag_decorator.py
[2025-01-27T11:50:31.545+0000] {processor.py:925} INFO - DAG(s) 'example_dag_decorator' retrieved from /home/airflow/.local/lib/python3.12/site-packages/airflow/example_dags/example_dag_decorator.py
[2025-01-27T11:50:31.758+0000] {logging_mixin.py:190} INFO - [2025-01-27T11:50:31.758+0000] {dag.py:3239} INFO - Sync 1 DAGs
[2025-01-27T11:50:31.783+0000] {logging_mixin.py:190} INFO - [2025-01-27T11:50:31.783+0000] {dag.py:4180} INFO - Setting next_dagrun for example_dag_decorator to None, run_after=None
[2025-01-27T11:50:31.821+0000] {processor.py:208} INFO - Processing /home/airflow/.local/lib/python3.12/site-packages/airflow/example_dags/example_dag_decorator.py took 0.318 seconds
