[2025-01-27T10:33:51.413+0000] {processor.py:186} INFO - Started process (PID=175) to work on /home/airflow/.local/lib/python3.12/site-packages/airflow/example_dags/example_trigger_target_dag.py
[2025-01-27T10:33:51.448+0000] {processor.py:914} INFO - Processing file /home/airflow/.local/lib/python3.12/site-packages/airflow/example_dags/example_trigger_target_dag.py for tasks to queue
[2025-01-27T10:33:51.487+0000] {logging_mixin.py:190} INFO - [2025-01-27T10:33:51.465+0000] {dagbag.py:588} INFO - Filling up the DagBag from /home/airflow/.local/lib/python3.12/site-packages/airflow/example_dags/example_trigger_target_dag.py
[2025-01-27T10:33:51.551+0000] {processor.py:925} INFO - DAG(s) 'example_trigger_target_dag' retrieved from /home/airflow/.local/lib/python3.12/site-packages/airflow/example_dags/example_trigger_target_dag.py
[2025-01-27T10:33:51.760+0000] {logging_mixin.py:190} INFO - [2025-01-27T10:33:51.759+0000] {dag.py:3239} INFO - Sync 1 DAGs
[2025-01-27T10:33:51.897+0000] {logging_mixin.py:190} INFO - [2025-01-27T10:33:51.897+0000] {dag.py:4180} INFO - Setting next_dagrun for example_trigger_target_dag to None, run_after=None
[2025-01-27T10:33:52.012+0000] {processor.py:208} INFO - Processing /home/airflow/.local/lib/python3.12/site-packages/airflow/example_dags/example_trigger_target_dag.py took 0.672 seconds
[2025-01-27T10:44:54.056+0000] {processor.py:186} INFO - Started process (PID=160) to work on /home/airflow/.local/lib/python3.12/site-packages/airflow/example_dags/example_trigger_target_dag.py
[2025-01-27T10:44:54.059+0000] {processor.py:914} INFO - Processing file /home/airflow/.local/lib/python3.12/site-packages/airflow/example_dags/example_trigger_target_dag.py for tasks to queue
[2025-01-27T10:44:54.066+0000] {logging_mixin.py:190} INFO - [2025-01-27T10:44:54.064+0000] {dagbag.py:588} INFO - Filling up the DagBag from /home/airflow/.local/lib/python3.12/site-packages/airflow/example_dags/example_trigger_target_dag.py
[2025-01-27T10:44:54.106+0000] {processor.py:925} INFO - DAG(s) 'example_trigger_target_dag' retrieved from /home/airflow/.local/lib/python3.12/site-packages/airflow/example_dags/example_trigger_target_dag.py
[2025-01-27T10:44:54.178+0000] {logging_mixin.py:190} INFO - [2025-01-27T10:44:54.177+0000] {dag.py:3239} INFO - Sync 1 DAGs
[2025-01-27T10:44:54.214+0000] {logging_mixin.py:190} INFO - [2025-01-27T10:44:54.213+0000] {dag.py:4180} INFO - Setting next_dagrun for example_trigger_target_dag to None, run_after=None
[2025-01-27T10:44:54.259+0000] {processor.py:208} INFO - Processing /home/airflow/.local/lib/python3.12/site-packages/airflow/example_dags/example_trigger_target_dag.py took 0.217 seconds
[2025-01-27T10:46:06.739+0000] {processor.py:186} INFO - Started process (PID=229) to work on /home/airflow/.local/lib/python3.12/site-packages/airflow/example_dags/example_trigger_target_dag.py
[2025-01-27T10:46:06.743+0000] {processor.py:914} INFO - Processing file /home/airflow/.local/lib/python3.12/site-packages/airflow/example_dags/example_trigger_target_dag.py for tasks to queue
[2025-01-27T10:46:06.762+0000] {logging_mixin.py:190} INFO - [2025-01-27T10:46:06.762+0000] {dagbag.py:588} INFO - Filling up the DagBag from /home/airflow/.local/lib/python3.12/site-packages/airflow/example_dags/example_trigger_target_dag.py
[2025-01-27T10:46:06.944+0000] {processor.py:925} INFO - DAG(s) 'example_trigger_target_dag' retrieved from /home/airflow/.local/lib/python3.12/site-packages/airflow/example_dags/example_trigger_target_dag.py
[2025-01-27T10:46:07.398+0000] {logging_mixin.py:190} INFO - [2025-01-27T10:46:07.394+0000] {dag.py:3239} INFO - Sync 1 DAGs
[2025-01-27T10:46:07.544+0000] {logging_mixin.py:190} INFO - [2025-01-27T10:46:07.543+0000] {dag.py:4180} INFO - Setting next_dagrun for example_trigger_target_dag to None, run_after=None
[2025-01-27T10:46:07.672+0000] {processor.py:208} INFO - Processing /home/airflow/.local/lib/python3.12/site-packages/airflow/example_dags/example_trigger_target_dag.py took 0.970 seconds
[2025-01-27T10:46:47.162+0000] {processor.py:186} INFO - Started process (PID=298) to work on /home/airflow/.local/lib/python3.12/site-packages/airflow/example_dags/example_trigger_target_dag.py
[2025-01-27T10:46:47.165+0000] {processor.py:914} INFO - Processing file /home/airflow/.local/lib/python3.12/site-packages/airflow/example_dags/example_trigger_target_dag.py for tasks to queue
[2025-01-27T10:46:47.184+0000] {logging_mixin.py:190} INFO - [2025-01-27T10:46:47.183+0000] {dagbag.py:588} INFO - Filling up the DagBag from /home/airflow/.local/lib/python3.12/site-packages/airflow/example_dags/example_trigger_target_dag.py
[2025-01-27T10:46:47.211+0000] {processor.py:925} INFO - DAG(s) 'example_trigger_target_dag' retrieved from /home/airflow/.local/lib/python3.12/site-packages/airflow/example_dags/example_trigger_target_dag.py
[2025-01-27T10:46:47.272+0000] {logging_mixin.py:190} INFO - [2025-01-27T10:46:47.271+0000] {dag.py:3239} INFO - Sync 1 DAGs
[2025-01-27T10:46:47.327+0000] {logging_mixin.py:190} INFO - [2025-01-27T10:46:47.327+0000] {dag.py:4180} INFO - Setting next_dagrun for example_trigger_target_dag to None, run_after=None
[2025-01-27T10:46:47.382+0000] {processor.py:208} INFO - Processing /home/airflow/.local/lib/python3.12/site-packages/airflow/example_dags/example_trigger_target_dag.py took 0.240 seconds
[2025-01-27T10:47:51.198+0000] {processor.py:186} INFO - Started process (PID=362) to work on /home/airflow/.local/lib/python3.12/site-packages/airflow/example_dags/example_trigger_target_dag.py
[2025-01-27T10:47:51.201+0000] {processor.py:914} INFO - Processing file /home/airflow/.local/lib/python3.12/site-packages/airflow/example_dags/example_trigger_target_dag.py for tasks to queue
[2025-01-27T10:47:51.223+0000] {logging_mixin.py:190} INFO - [2025-01-27T10:47:51.221+0000] {dagbag.py:588} INFO - Filling up the DagBag from /home/airflow/.local/lib/python3.12/site-packages/airflow/example_dags/example_trigger_target_dag.py
[2025-01-27T10:47:51.284+0000] {processor.py:925} INFO - DAG(s) 'example_trigger_target_dag' retrieved from /home/airflow/.local/lib/python3.12/site-packages/airflow/example_dags/example_trigger_target_dag.py
[2025-01-27T10:47:51.487+0000] {logging_mixin.py:190} INFO - [2025-01-27T10:47:51.487+0000] {dag.py:3239} INFO - Sync 1 DAGs
[2025-01-27T10:47:51.570+0000] {logging_mixin.py:190} INFO - [2025-01-27T10:47:51.570+0000] {dag.py:4180} INFO - Setting next_dagrun for example_trigger_target_dag to None, run_after=None
[2025-01-27T10:47:51.697+0000] {processor.py:208} INFO - Processing /home/airflow/.local/lib/python3.12/site-packages/airflow/example_dags/example_trigger_target_dag.py took 0.521 seconds
[2025-01-27T10:54:47.334+0000] {processor.py:186} INFO - Started process (PID=88) to work on /home/airflow/.local/lib/python3.12/site-packages/airflow/example_dags/example_trigger_target_dag.py
[2025-01-27T10:54:47.349+0000] {processor.py:914} INFO - Processing file /home/airflow/.local/lib/python3.12/site-packages/airflow/example_dags/example_trigger_target_dag.py for tasks to queue
[2025-01-27T10:54:47.433+0000] {logging_mixin.py:190} INFO - [2025-01-27T10:54:47.432+0000] {dagbag.py:588} INFO - Filling up the DagBag from /home/airflow/.local/lib/python3.12/site-packages/airflow/example_dags/example_trigger_target_dag.py
[2025-01-27T10:54:47.471+0000] {processor.py:925} INFO - DAG(s) 'example_trigger_target_dag' retrieved from /home/airflow/.local/lib/python3.12/site-packages/airflow/example_dags/example_trigger_target_dag.py
[2025-01-27T10:54:47.558+0000] {logging_mixin.py:190} INFO - [2025-01-27T10:54:47.557+0000] {dag.py:3239} INFO - Sync 1 DAGs
[2025-01-27T10:54:47.648+0000] {logging_mixin.py:190} INFO - [2025-01-27T10:54:47.648+0000] {dag.py:4180} INFO - Setting next_dagrun for example_trigger_target_dag to None, run_after=None
[2025-01-27T10:54:47.772+0000] {processor.py:208} INFO - Processing /home/airflow/.local/lib/python3.12/site-packages/airflow/example_dags/example_trigger_target_dag.py took 0.519 seconds
[2025-01-27T10:56:01.731+0000] {processor.py:186} INFO - Started process (PID=152) to work on /home/airflow/.local/lib/python3.12/site-packages/airflow/example_dags/example_trigger_target_dag.py
[2025-01-27T10:56:01.739+0000] {processor.py:914} INFO - Processing file /home/airflow/.local/lib/python3.12/site-packages/airflow/example_dags/example_trigger_target_dag.py for tasks to queue
[2025-01-27T10:56:01.752+0000] {logging_mixin.py:190} INFO - [2025-01-27T10:56:01.750+0000] {dagbag.py:588} INFO - Filling up the DagBag from /home/airflow/.local/lib/python3.12/site-packages/airflow/example_dags/example_trigger_target_dag.py
[2025-01-27T10:56:01.988+0000] {processor.py:925} INFO - DAG(s) 'example_trigger_target_dag' retrieved from /home/airflow/.local/lib/python3.12/site-packages/airflow/example_dags/example_trigger_target_dag.py
[2025-01-27T10:56:06.459+0000] {logging_mixin.py:190} INFO - [2025-01-27T10:56:06.458+0000] {dag.py:3239} INFO - Sync 1 DAGs
[2025-01-27T10:56:06.627+0000] {logging_mixin.py:190} INFO - [2025-01-27T10:56:06.626+0000] {dag.py:4180} INFO - Setting next_dagrun for example_trigger_target_dag to None, run_after=None
[2025-01-27T10:56:06.922+0000] {processor.py:208} INFO - Processing /home/airflow/.local/lib/python3.12/site-packages/airflow/example_dags/example_trigger_target_dag.py took 5.207 seconds
[2025-01-27T10:56:49.264+0000] {processor.py:186} INFO - Started process (PID=222) to work on /home/airflow/.local/lib/python3.12/site-packages/airflow/example_dags/example_trigger_target_dag.py
[2025-01-27T10:56:49.269+0000] {processor.py:914} INFO - Processing file /home/airflow/.local/lib/python3.12/site-packages/airflow/example_dags/example_trigger_target_dag.py for tasks to queue
[2025-01-27T10:56:49.284+0000] {logging_mixin.py:190} INFO - [2025-01-27T10:56:49.282+0000] {dagbag.py:588} INFO - Filling up the DagBag from /home/airflow/.local/lib/python3.12/site-packages/airflow/example_dags/example_trigger_target_dag.py
[2025-01-27T10:56:49.378+0000] {processor.py:925} INFO - DAG(s) 'example_trigger_target_dag' retrieved from /home/airflow/.local/lib/python3.12/site-packages/airflow/example_dags/example_trigger_target_dag.py
[2025-01-27T10:56:49.518+0000] {logging_mixin.py:190} INFO - [2025-01-27T10:56:49.518+0000] {dag.py:3239} INFO - Sync 1 DAGs
[2025-01-27T10:56:49.633+0000] {logging_mixin.py:190} INFO - [2025-01-27T10:56:49.633+0000] {dag.py:4180} INFO - Setting next_dagrun for example_trigger_target_dag to None, run_after=None
[2025-01-27T10:56:49.693+0000] {processor.py:208} INFO - Processing /home/airflow/.local/lib/python3.12/site-packages/airflow/example_dags/example_trigger_target_dag.py took 0.488 seconds
[2025-01-27T10:57:40.847+0000] {processor.py:186} INFO - Started process (PID=273) to work on /home/airflow/.local/lib/python3.12/site-packages/airflow/example_dags/example_trigger_target_dag.py
[2025-01-27T10:57:40.853+0000] {processor.py:914} INFO - Processing file /home/airflow/.local/lib/python3.12/site-packages/airflow/example_dags/example_trigger_target_dag.py for tasks to queue
[2025-01-27T10:57:40.869+0000] {logging_mixin.py:190} INFO - [2025-01-27T10:57:40.869+0000] {dagbag.py:588} INFO - Filling up the DagBag from /home/airflow/.local/lib/python3.12/site-packages/airflow/example_dags/example_trigger_target_dag.py
[2025-01-27T10:57:40.888+0000] {processor.py:925} INFO - DAG(s) 'example_trigger_target_dag' retrieved from /home/airflow/.local/lib/python3.12/site-packages/airflow/example_dags/example_trigger_target_dag.py
[2025-01-27T10:57:40.955+0000] {logging_mixin.py:190} INFO - [2025-01-27T10:57:40.955+0000] {dag.py:3239} INFO - Sync 1 DAGs
[2025-01-27T10:57:41.016+0000] {logging_mixin.py:190} INFO - [2025-01-27T10:57:41.015+0000] {dag.py:4180} INFO - Setting next_dagrun for example_trigger_target_dag to None, run_after=None
[2025-01-27T10:57:41.135+0000] {processor.py:208} INFO - Processing /home/airflow/.local/lib/python3.12/site-packages/airflow/example_dags/example_trigger_target_dag.py took 0.339 seconds
[2025-01-27T10:58:11.253+0000] {processor.py:186} INFO - Started process (PID=336) to work on /home/airflow/.local/lib/python3.12/site-packages/airflow/example_dags/example_trigger_target_dag.py
[2025-01-27T10:58:11.255+0000] {processor.py:914} INFO - Processing file /home/airflow/.local/lib/python3.12/site-packages/airflow/example_dags/example_trigger_target_dag.py for tasks to queue
[2025-01-27T10:58:11.262+0000] {logging_mixin.py:190} INFO - [2025-01-27T10:58:11.261+0000] {dagbag.py:588} INFO - Filling up the DagBag from /home/airflow/.local/lib/python3.12/site-packages/airflow/example_dags/example_trigger_target_dag.py
[2025-01-27T10:58:11.285+0000] {processor.py:925} INFO - DAG(s) 'example_trigger_target_dag' retrieved from /home/airflow/.local/lib/python3.12/site-packages/airflow/example_dags/example_trigger_target_dag.py
[2025-01-27T10:58:11.335+0000] {logging_mixin.py:190} INFO - [2025-01-27T10:58:11.334+0000] {dag.py:3239} INFO - Sync 1 DAGs
[2025-01-27T10:58:11.399+0000] {logging_mixin.py:190} INFO - [2025-01-27T10:58:11.399+0000] {dag.py:4180} INFO - Setting next_dagrun for example_trigger_target_dag to None, run_after=None
[2025-01-27T10:58:11.545+0000] {processor.py:208} INFO - Processing /home/airflow/.local/lib/python3.12/site-packages/airflow/example_dags/example_trigger_target_dag.py took 0.307 seconds
[2025-01-27T10:59:07.546+0000] {processor.py:186} INFO - Started process (PID=400) to work on /home/airflow/.local/lib/python3.12/site-packages/airflow/example_dags/example_trigger_target_dag.py
[2025-01-27T10:59:07.554+0000] {processor.py:914} INFO - Processing file /home/airflow/.local/lib/python3.12/site-packages/airflow/example_dags/example_trigger_target_dag.py for tasks to queue
[2025-01-27T10:59:07.610+0000] {logging_mixin.py:190} INFO - [2025-01-27T10:59:07.609+0000] {dagbag.py:588} INFO - Filling up the DagBag from /home/airflow/.local/lib/python3.12/site-packages/airflow/example_dags/example_trigger_target_dag.py
[2025-01-27T10:59:07.672+0000] {processor.py:925} INFO - DAG(s) 'example_trigger_target_dag' retrieved from /home/airflow/.local/lib/python3.12/site-packages/airflow/example_dags/example_trigger_target_dag.py
[2025-01-27T10:59:07.782+0000] {logging_mixin.py:190} INFO - [2025-01-27T10:59:07.782+0000] {dag.py:3239} INFO - Sync 1 DAGs
[2025-01-27T10:59:07.886+0000] {logging_mixin.py:190} INFO - [2025-01-27T10:59:07.885+0000] {dag.py:4180} INFO - Setting next_dagrun for example_trigger_target_dag to None, run_after=None
[2025-01-27T10:59:08.083+0000] {processor.py:208} INFO - Processing /home/airflow/.local/lib/python3.12/site-packages/airflow/example_dags/example_trigger_target_dag.py took 0.573 seconds
[2025-01-27T10:59:41.859+0000] {processor.py:186} INFO - Started process (PID=464) to work on /home/airflow/.local/lib/python3.12/site-packages/airflow/example_dags/example_trigger_target_dag.py
[2025-01-27T10:59:41.888+0000] {processor.py:914} INFO - Processing file /home/airflow/.local/lib/python3.12/site-packages/airflow/example_dags/example_trigger_target_dag.py for tasks to queue
[2025-01-27T10:59:41.906+0000] {logging_mixin.py:190} INFO - [2025-01-27T10:59:41.905+0000] {dagbag.py:588} INFO - Filling up the DagBag from /home/airflow/.local/lib/python3.12/site-packages/airflow/example_dags/example_trigger_target_dag.py
[2025-01-27T10:59:41.980+0000] {processor.py:925} INFO - DAG(s) 'example_trigger_target_dag' retrieved from /home/airflow/.local/lib/python3.12/site-packages/airflow/example_dags/example_trigger_target_dag.py
[2025-01-27T10:59:42.120+0000] {logging_mixin.py:190} INFO - [2025-01-27T10:59:42.120+0000] {dag.py:3239} INFO - Sync 1 DAGs
[2025-01-27T10:59:42.181+0000] {logging_mixin.py:190} INFO - [2025-01-27T10:59:42.180+0000] {dag.py:4180} INFO - Setting next_dagrun for example_trigger_target_dag to None, run_after=None
[2025-01-27T10:59:42.299+0000] {processor.py:208} INFO - Processing /home/airflow/.local/lib/python3.12/site-packages/airflow/example_dags/example_trigger_target_dag.py took 0.508 seconds
[2025-01-27T11:00:12.873+0000] {processor.py:186} INFO - Started process (PID=527) to work on /home/airflow/.local/lib/python3.12/site-packages/airflow/example_dags/example_trigger_target_dag.py
[2025-01-27T11:00:12.875+0000] {processor.py:914} INFO - Processing file /home/airflow/.local/lib/python3.12/site-packages/airflow/example_dags/example_trigger_target_dag.py for tasks to queue
[2025-01-27T11:00:12.880+0000] {logging_mixin.py:190} INFO - [2025-01-27T11:00:12.880+0000] {dagbag.py:588} INFO - Filling up the DagBag from /home/airflow/.local/lib/python3.12/site-packages/airflow/example_dags/example_trigger_target_dag.py
[2025-01-27T11:00:12.905+0000] {processor.py:925} INFO - DAG(s) 'example_trigger_target_dag' retrieved from /home/airflow/.local/lib/python3.12/site-packages/airflow/example_dags/example_trigger_target_dag.py
[2025-01-27T11:00:12.971+0000] {logging_mixin.py:190} INFO - [2025-01-27T11:00:12.971+0000] {dag.py:3239} INFO - Sync 1 DAGs
[2025-01-27T11:00:13.019+0000] {logging_mixin.py:190} INFO - [2025-01-27T11:00:13.018+0000] {dag.py:4180} INFO - Setting next_dagrun for example_trigger_target_dag to None, run_after=None
[2025-01-27T11:00:13.107+0000] {processor.py:208} INFO - Processing /home/airflow/.local/lib/python3.12/site-packages/airflow/example_dags/example_trigger_target_dag.py took 0.247 seconds
[2025-01-27T11:00:43.335+0000] {processor.py:186} INFO - Started process (PID=590) to work on /home/airflow/.local/lib/python3.12/site-packages/airflow/example_dags/example_trigger_target_dag.py
[2025-01-27T11:00:43.338+0000] {processor.py:914} INFO - Processing file /home/airflow/.local/lib/python3.12/site-packages/airflow/example_dags/example_trigger_target_dag.py for tasks to queue
[2025-01-27T11:00:43.344+0000] {logging_mixin.py:190} INFO - [2025-01-27T11:00:43.343+0000] {dagbag.py:588} INFO - Filling up the DagBag from /home/airflow/.local/lib/python3.12/site-packages/airflow/example_dags/example_trigger_target_dag.py
[2025-01-27T11:00:43.359+0000] {processor.py:925} INFO - DAG(s) 'example_trigger_target_dag' retrieved from /home/airflow/.local/lib/python3.12/site-packages/airflow/example_dags/example_trigger_target_dag.py
[2025-01-27T11:00:43.398+0000] {logging_mixin.py:190} INFO - [2025-01-27T11:00:43.398+0000] {dag.py:3239} INFO - Sync 1 DAGs
[2025-01-27T11:00:43.426+0000] {logging_mixin.py:190} INFO - [2025-01-27T11:00:43.426+0000] {dag.py:4180} INFO - Setting next_dagrun for example_trigger_target_dag to None, run_after=None
[2025-01-27T11:00:43.466+0000] {processor.py:208} INFO - Processing /home/airflow/.local/lib/python3.12/site-packages/airflow/example_dags/example_trigger_target_dag.py took 0.151 seconds
[2025-01-27T11:01:13.936+0000] {processor.py:186} INFO - Started process (PID=655) to work on /home/airflow/.local/lib/python3.12/site-packages/airflow/example_dags/example_trigger_target_dag.py
[2025-01-27T11:01:13.942+0000] {processor.py:914} INFO - Processing file /home/airflow/.local/lib/python3.12/site-packages/airflow/example_dags/example_trigger_target_dag.py for tasks to queue
[2025-01-27T11:01:13.952+0000] {logging_mixin.py:190} INFO - [2025-01-27T11:01:13.952+0000] {dagbag.py:588} INFO - Filling up the DagBag from /home/airflow/.local/lib/python3.12/site-packages/airflow/example_dags/example_trigger_target_dag.py
[2025-01-27T11:01:13.973+0000] {processor.py:925} INFO - DAG(s) 'example_trigger_target_dag' retrieved from /home/airflow/.local/lib/python3.12/site-packages/airflow/example_dags/example_trigger_target_dag.py
[2025-01-27T11:01:14.054+0000] {logging_mixin.py:190} INFO - [2025-01-27T11:01:14.044+0000] {dag.py:3239} INFO - Sync 1 DAGs
[2025-01-27T11:01:14.121+0000] {logging_mixin.py:190} INFO - [2025-01-27T11:01:14.115+0000] {dag.py:4180} INFO - Setting next_dagrun for example_trigger_target_dag to None, run_after=None
[2025-01-27T11:01:14.237+0000] {processor.py:208} INFO - Processing /home/airflow/.local/lib/python3.12/site-packages/airflow/example_dags/example_trigger_target_dag.py took 0.315 seconds
[2025-01-27T11:01:44.727+0000] {processor.py:186} INFO - Started process (PID=719) to work on /home/airflow/.local/lib/python3.12/site-packages/airflow/example_dags/example_trigger_target_dag.py
[2025-01-27T11:01:44.731+0000] {processor.py:914} INFO - Processing file /home/airflow/.local/lib/python3.12/site-packages/airflow/example_dags/example_trigger_target_dag.py for tasks to queue
[2025-01-27T11:01:44.736+0000] {logging_mixin.py:190} INFO - [2025-01-27T11:01:44.735+0000] {dagbag.py:588} INFO - Filling up the DagBag from /home/airflow/.local/lib/python3.12/site-packages/airflow/example_dags/example_trigger_target_dag.py
[2025-01-27T11:01:44.756+0000] {processor.py:925} INFO - DAG(s) 'example_trigger_target_dag' retrieved from /home/airflow/.local/lib/python3.12/site-packages/airflow/example_dags/example_trigger_target_dag.py
[2025-01-27T11:01:44.816+0000] {logging_mixin.py:190} INFO - [2025-01-27T11:01:44.816+0000] {dag.py:3239} INFO - Sync 1 DAGs
[2025-01-27T11:01:44.882+0000] {logging_mixin.py:190} INFO - [2025-01-27T11:01:44.881+0000] {dag.py:4180} INFO - Setting next_dagrun for example_trigger_target_dag to None, run_after=None
[2025-01-27T11:01:44.974+0000] {processor.py:208} INFO - Processing /home/airflow/.local/lib/python3.12/site-packages/airflow/example_dags/example_trigger_target_dag.py took 0.257 seconds
[2025-01-27T11:02:15.383+0000] {processor.py:186} INFO - Started process (PID=783) to work on /home/airflow/.local/lib/python3.12/site-packages/airflow/example_dags/example_trigger_target_dag.py
[2025-01-27T11:02:15.387+0000] {processor.py:914} INFO - Processing file /home/airflow/.local/lib/python3.12/site-packages/airflow/example_dags/example_trigger_target_dag.py for tasks to queue
[2025-01-27T11:02:15.393+0000] {logging_mixin.py:190} INFO - [2025-01-27T11:02:15.392+0000] {dagbag.py:588} INFO - Filling up the DagBag from /home/airflow/.local/lib/python3.12/site-packages/airflow/example_dags/example_trigger_target_dag.py
[2025-01-27T11:02:15.409+0000] {processor.py:925} INFO - DAG(s) 'example_trigger_target_dag' retrieved from /home/airflow/.local/lib/python3.12/site-packages/airflow/example_dags/example_trigger_target_dag.py
[2025-01-27T11:02:15.460+0000] {logging_mixin.py:190} INFO - [2025-01-27T11:02:15.459+0000] {dag.py:3239} INFO - Sync 1 DAGs
[2025-01-27T11:02:15.484+0000] {logging_mixin.py:190} INFO - [2025-01-27T11:02:15.484+0000] {dag.py:4180} INFO - Setting next_dagrun for example_trigger_target_dag to None, run_after=None
[2025-01-27T11:02:15.525+0000] {processor.py:208} INFO - Processing /home/airflow/.local/lib/python3.12/site-packages/airflow/example_dags/example_trigger_target_dag.py took 0.157 seconds
[2025-01-27T11:02:45.643+0000] {processor.py:186} INFO - Started process (PID=846) to work on /home/airflow/.local/lib/python3.12/site-packages/airflow/example_dags/example_trigger_target_dag.py
[2025-01-27T11:02:45.645+0000] {processor.py:914} INFO - Processing file /home/airflow/.local/lib/python3.12/site-packages/airflow/example_dags/example_trigger_target_dag.py for tasks to queue
[2025-01-27T11:02:45.650+0000] {logging_mixin.py:190} INFO - [2025-01-27T11:02:45.649+0000] {dagbag.py:588} INFO - Filling up the DagBag from /home/airflow/.local/lib/python3.12/site-packages/airflow/example_dags/example_trigger_target_dag.py
[2025-01-27T11:02:45.667+0000] {processor.py:925} INFO - DAG(s) 'example_trigger_target_dag' retrieved from /home/airflow/.local/lib/python3.12/site-packages/airflow/example_dags/example_trigger_target_dag.py
[2025-01-27T11:02:45.716+0000] {logging_mixin.py:190} INFO - [2025-01-27T11:02:45.716+0000] {dag.py:3239} INFO - Sync 1 DAGs
[2025-01-27T11:02:45.758+0000] {logging_mixin.py:190} INFO - [2025-01-27T11:02:45.757+0000] {dag.py:4180} INFO - Setting next_dagrun for example_trigger_target_dag to None, run_after=None
[2025-01-27T11:02:45.848+0000] {processor.py:208} INFO - Processing /home/airflow/.local/lib/python3.12/site-packages/airflow/example_dags/example_trigger_target_dag.py took 0.220 seconds
[2025-01-27T11:03:15.957+0000] {processor.py:186} INFO - Started process (PID=910) to work on /home/airflow/.local/lib/python3.12/site-packages/airflow/example_dags/example_trigger_target_dag.py
[2025-01-27T11:03:15.958+0000] {processor.py:914} INFO - Processing file /home/airflow/.local/lib/python3.12/site-packages/airflow/example_dags/example_trigger_target_dag.py for tasks to queue
[2025-01-27T11:03:15.962+0000] {logging_mixin.py:190} INFO - [2025-01-27T11:03:15.961+0000] {dagbag.py:588} INFO - Filling up the DagBag from /home/airflow/.local/lib/python3.12/site-packages/airflow/example_dags/example_trigger_target_dag.py
[2025-01-27T11:03:15.976+0000] {processor.py:925} INFO - DAG(s) 'example_trigger_target_dag' retrieved from /home/airflow/.local/lib/python3.12/site-packages/airflow/example_dags/example_trigger_target_dag.py
[2025-01-27T11:03:16.010+0000] {logging_mixin.py:190} INFO - [2025-01-27T11:03:16.009+0000] {dag.py:3239} INFO - Sync 1 DAGs
[2025-01-27T11:03:16.032+0000] {logging_mixin.py:190} INFO - [2025-01-27T11:03:16.031+0000] {dag.py:4180} INFO - Setting next_dagrun for example_trigger_target_dag to None, run_after=None
[2025-01-27T11:03:16.067+0000] {processor.py:208} INFO - Processing /home/airflow/.local/lib/python3.12/site-packages/airflow/example_dags/example_trigger_target_dag.py took 0.119 seconds
[2025-01-27T11:03:46.201+0000] {processor.py:186} INFO - Started process (PID=973) to work on /home/airflow/.local/lib/python3.12/site-packages/airflow/example_dags/example_trigger_target_dag.py
[2025-01-27T11:03:46.202+0000] {processor.py:914} INFO - Processing file /home/airflow/.local/lib/python3.12/site-packages/airflow/example_dags/example_trigger_target_dag.py for tasks to queue
[2025-01-27T11:03:46.207+0000] {logging_mixin.py:190} INFO - [2025-01-27T11:03:46.207+0000] {dagbag.py:588} INFO - Filling up the DagBag from /home/airflow/.local/lib/python3.12/site-packages/airflow/example_dags/example_trigger_target_dag.py
[2025-01-27T11:03:46.223+0000] {processor.py:925} INFO - DAG(s) 'example_trigger_target_dag' retrieved from /home/airflow/.local/lib/python3.12/site-packages/airflow/example_dags/example_trigger_target_dag.py
[2025-01-27T11:03:46.260+0000] {logging_mixin.py:190} INFO - [2025-01-27T11:03:46.259+0000] {dag.py:3239} INFO - Sync 1 DAGs
[2025-01-27T11:03:46.289+0000] {logging_mixin.py:190} INFO - [2025-01-27T11:03:46.289+0000] {dag.py:4180} INFO - Setting next_dagrun for example_trigger_target_dag to None, run_after=None
[2025-01-27T11:03:46.322+0000] {processor.py:208} INFO - Processing /home/airflow/.local/lib/python3.12/site-packages/airflow/example_dags/example_trigger_target_dag.py took 0.135 seconds
[2025-01-27T11:04:44.433+0000] {processor.py:186} INFO - Started process (PID=1042) to work on /home/airflow/.local/lib/python3.12/site-packages/airflow/example_dags/example_trigger_target_dag.py
[2025-01-27T11:04:44.436+0000] {processor.py:914} INFO - Processing file /home/airflow/.local/lib/python3.12/site-packages/airflow/example_dags/example_trigger_target_dag.py for tasks to queue
[2025-01-27T11:04:44.446+0000] {logging_mixin.py:190} INFO - [2025-01-27T11:04:44.441+0000] {dagbag.py:588} INFO - Filling up the DagBag from /home/airflow/.local/lib/python3.12/site-packages/airflow/example_dags/example_trigger_target_dag.py
[2025-01-27T11:04:44.488+0000] {processor.py:925} INFO - DAG(s) 'example_trigger_target_dag' retrieved from /home/airflow/.local/lib/python3.12/site-packages/airflow/example_dags/example_trigger_target_dag.py
[2025-01-27T11:04:44.605+0000] {logging_mixin.py:190} INFO - [2025-01-27T11:04:44.605+0000] {dag.py:3239} INFO - Sync 1 DAGs
[2025-01-27T11:04:44.694+0000] {logging_mixin.py:190} INFO - [2025-01-27T11:04:44.693+0000] {dag.py:4180} INFO - Setting next_dagrun for example_trigger_target_dag to None, run_after=None
[2025-01-27T11:04:44.849+0000] {processor.py:208} INFO - Processing /home/airflow/.local/lib/python3.12/site-packages/airflow/example_dags/example_trigger_target_dag.py took 0.435 seconds
[2025-01-27T11:14:37.466+0000] {processor.py:186} INFO - Started process (PID=1102) to work on /home/airflow/.local/lib/python3.12/site-packages/airflow/example_dags/example_trigger_target_dag.py
[2025-01-27T11:14:37.492+0000] {processor.py:914} INFO - Processing file /home/airflow/.local/lib/python3.12/site-packages/airflow/example_dags/example_trigger_target_dag.py for tasks to queue
[2025-01-27T11:14:37.505+0000] {logging_mixin.py:190} INFO - [2025-01-27T11:14:37.499+0000] {dagbag.py:588} INFO - Filling up the DagBag from /home/airflow/.local/lib/python3.12/site-packages/airflow/example_dags/example_trigger_target_dag.py
[2025-01-27T11:14:37.827+0000] {processor.py:925} INFO - DAG(s) 'example_trigger_target_dag' retrieved from /home/airflow/.local/lib/python3.12/site-packages/airflow/example_dags/example_trigger_target_dag.py
[2025-01-27T11:14:38.428+0000] {logging_mixin.py:190} INFO - [2025-01-27T11:14:38.427+0000] {dag.py:3239} INFO - Sync 1 DAGs
[2025-01-27T11:14:38.917+0000] {logging_mixin.py:190} INFO - [2025-01-27T11:14:38.916+0000] {dag.py:4180} INFO - Setting next_dagrun for example_trigger_target_dag to None, run_after=None
[2025-01-27T11:14:39.172+0000] {processor.py:208} INFO - Processing /home/airflow/.local/lib/python3.12/site-packages/airflow/example_dags/example_trigger_target_dag.py took 1.948 seconds
[2025-01-27T11:15:09.429+0000] {processor.py:186} INFO - Started process (PID=1164) to work on /home/airflow/.local/lib/python3.12/site-packages/airflow/example_dags/example_trigger_target_dag.py
[2025-01-27T11:15:09.431+0000] {processor.py:914} INFO - Processing file /home/airflow/.local/lib/python3.12/site-packages/airflow/example_dags/example_trigger_target_dag.py for tasks to queue
[2025-01-27T11:15:09.433+0000] {logging_mixin.py:190} INFO - [2025-01-27T11:15:09.433+0000] {dagbag.py:588} INFO - Filling up the DagBag from /home/airflow/.local/lib/python3.12/site-packages/airflow/example_dags/example_trigger_target_dag.py
[2025-01-27T11:15:09.448+0000] {processor.py:925} INFO - DAG(s) 'example_trigger_target_dag' retrieved from /home/airflow/.local/lib/python3.12/site-packages/airflow/example_dags/example_trigger_target_dag.py
[2025-01-27T11:15:09.485+0000] {logging_mixin.py:190} INFO - [2025-01-27T11:15:09.484+0000] {dag.py:3239} INFO - Sync 1 DAGs
[2025-01-27T11:15:09.515+0000] {logging_mixin.py:190} INFO - [2025-01-27T11:15:09.514+0000] {dag.py:4180} INFO - Setting next_dagrun for example_trigger_target_dag to None, run_after=None
[2025-01-27T11:15:09.552+0000] {processor.py:208} INFO - Processing /home/airflow/.local/lib/python3.12/site-packages/airflow/example_dags/example_trigger_target_dag.py took 0.135 seconds
[2025-01-27T11:15:40.739+0000] {processor.py:186} INFO - Started process (PID=1228) to work on /home/airflow/.local/lib/python3.12/site-packages/airflow/example_dags/example_trigger_target_dag.py
[2025-01-27T11:15:40.743+0000] {processor.py:914} INFO - Processing file /home/airflow/.local/lib/python3.12/site-packages/airflow/example_dags/example_trigger_target_dag.py for tasks to queue
[2025-01-27T11:15:40.752+0000] {logging_mixin.py:190} INFO - [2025-01-27T11:15:40.751+0000] {dagbag.py:588} INFO - Filling up the DagBag from /home/airflow/.local/lib/python3.12/site-packages/airflow/example_dags/example_trigger_target_dag.py
[2025-01-27T11:15:40.770+0000] {processor.py:925} INFO - DAG(s) 'example_trigger_target_dag' retrieved from /home/airflow/.local/lib/python3.12/site-packages/airflow/example_dags/example_trigger_target_dag.py
[2025-01-27T11:15:40.798+0000] {logging_mixin.py:190} INFO - [2025-01-27T11:15:40.798+0000] {dag.py:3239} INFO - Sync 1 DAGs
[2025-01-27T11:15:40.827+0000] {logging_mixin.py:190} INFO - [2025-01-27T11:15:40.826+0000] {dag.py:4180} INFO - Setting next_dagrun for example_trigger_target_dag to None, run_after=None
[2025-01-27T11:15:40.865+0000] {processor.py:208} INFO - Processing /home/airflow/.local/lib/python3.12/site-packages/airflow/example_dags/example_trigger_target_dag.py took 0.151 seconds
[2025-01-27T11:16:16.998+0000] {processor.py:186} INFO - Started process (PID=1296) to work on /home/airflow/.local/lib/python3.12/site-packages/airflow/example_dags/example_trigger_target_dag.py
[2025-01-27T11:16:17.001+0000] {processor.py:914} INFO - Processing file /home/airflow/.local/lib/python3.12/site-packages/airflow/example_dags/example_trigger_target_dag.py for tasks to queue
[2025-01-27T11:16:17.006+0000] {logging_mixin.py:190} INFO - [2025-01-27T11:16:17.006+0000] {dagbag.py:588} INFO - Filling up the DagBag from /home/airflow/.local/lib/python3.12/site-packages/airflow/example_dags/example_trigger_target_dag.py
[2025-01-27T11:16:17.027+0000] {processor.py:925} INFO - DAG(s) 'example_trigger_target_dag' retrieved from /home/airflow/.local/lib/python3.12/site-packages/airflow/example_dags/example_trigger_target_dag.py
[2025-01-27T11:16:17.078+0000] {logging_mixin.py:190} INFO - [2025-01-27T11:16:17.077+0000] {dag.py:3239} INFO - Sync 1 DAGs
[2025-01-27T11:16:17.147+0000] {logging_mixin.py:190} INFO - [2025-01-27T11:16:17.146+0000] {dag.py:4180} INFO - Setting next_dagrun for example_trigger_target_dag to None, run_after=None
[2025-01-27T11:16:17.226+0000] {processor.py:208} INFO - Processing /home/airflow/.local/lib/python3.12/site-packages/airflow/example_dags/example_trigger_target_dag.py took 0.253 seconds
[2025-01-27T11:18:08.788+0000] {processor.py:186} INFO - Started process (PID=1309) to work on /home/airflow/.local/lib/python3.12/site-packages/airflow/example_dags/example_trigger_target_dag.py
[2025-01-27T11:18:08.792+0000] {processor.py:914} INFO - Processing file /home/airflow/.local/lib/python3.12/site-packages/airflow/example_dags/example_trigger_target_dag.py for tasks to queue
[2025-01-27T11:18:08.803+0000] {logging_mixin.py:190} INFO - [2025-01-27T11:18:08.802+0000] {dagbag.py:588} INFO - Filling up the DagBag from /home/airflow/.local/lib/python3.12/site-packages/airflow/example_dags/example_trigger_target_dag.py
[2025-01-27T11:18:08.880+0000] {processor.py:925} INFO - DAG(s) 'example_trigger_target_dag' retrieved from /home/airflow/.local/lib/python3.12/site-packages/airflow/example_dags/example_trigger_target_dag.py
[2025-01-27T11:18:09.357+0000] {logging_mixin.py:190} INFO - [2025-01-27T11:18:09.355+0000] {dag.py:3239} INFO - Sync 1 DAGs
[2025-01-27T11:18:09.912+0000] {logging_mixin.py:190} INFO - [2025-01-27T11:18:09.911+0000] {dag.py:4180} INFO - Setting next_dagrun for example_trigger_target_dag to None, run_after=None
[2025-01-27T11:18:10.713+0000] {processor.py:208} INFO - Processing /home/airflow/.local/lib/python3.12/site-packages/airflow/example_dags/example_trigger_target_dag.py took 1.952 seconds
[2025-01-27T11:19:01.679+0000] {processor.py:186} INFO - Started process (PID=1372) to work on /home/airflow/.local/lib/python3.12/site-packages/airflow/example_dags/example_trigger_target_dag.py
[2025-01-27T11:19:01.771+0000] {processor.py:914} INFO - Processing file /home/airflow/.local/lib/python3.12/site-packages/airflow/example_dags/example_trigger_target_dag.py for tasks to queue
[2025-01-27T11:19:01.935+0000] {logging_mixin.py:190} INFO - [2025-01-27T11:19:01.934+0000] {dagbag.py:588} INFO - Filling up the DagBag from /home/airflow/.local/lib/python3.12/site-packages/airflow/example_dags/example_trigger_target_dag.py
[2025-01-27T11:19:02.064+0000] {processor.py:925} INFO - DAG(s) 'example_trigger_target_dag' retrieved from /home/airflow/.local/lib/python3.12/site-packages/airflow/example_dags/example_trigger_target_dag.py
[2025-01-27T11:19:06.049+0000] {logging_mixin.py:190} INFO - [2025-01-27T11:19:06.046+0000] {dag.py:3239} INFO - Sync 1 DAGs
[2025-01-27T11:19:06.286+0000] {logging_mixin.py:190} INFO - [2025-01-27T11:19:06.285+0000] {dag.py:4180} INFO - Setting next_dagrun for example_trigger_target_dag to None, run_after=None
[2025-01-27T11:19:06.757+0000] {processor.py:208} INFO - Processing /home/airflow/.local/lib/python3.12/site-packages/airflow/example_dags/example_trigger_target_dag.py took 5.192 seconds
[2025-01-27T11:19:37.259+0000] {processor.py:186} INFO - Started process (PID=1437) to work on /home/airflow/.local/lib/python3.12/site-packages/airflow/example_dags/example_trigger_target_dag.py
[2025-01-27T11:19:37.262+0000] {processor.py:914} INFO - Processing file /home/airflow/.local/lib/python3.12/site-packages/airflow/example_dags/example_trigger_target_dag.py for tasks to queue
[2025-01-27T11:19:37.265+0000] {logging_mixin.py:190} INFO - [2025-01-27T11:19:37.265+0000] {dagbag.py:588} INFO - Filling up the DagBag from /home/airflow/.local/lib/python3.12/site-packages/airflow/example_dags/example_trigger_target_dag.py
[2025-01-27T11:19:37.290+0000] {processor.py:925} INFO - DAG(s) 'example_trigger_target_dag' retrieved from /home/airflow/.local/lib/python3.12/site-packages/airflow/example_dags/example_trigger_target_dag.py
[2025-01-27T11:19:37.338+0000] {logging_mixin.py:190} INFO - [2025-01-27T11:19:37.337+0000] {dag.py:3239} INFO - Sync 1 DAGs
[2025-01-27T11:19:37.382+0000] {logging_mixin.py:190} INFO - [2025-01-27T11:19:37.382+0000] {dag.py:4180} INFO - Setting next_dagrun for example_trigger_target_dag to None, run_after=None
[2025-01-27T11:19:37.457+0000] {processor.py:208} INFO - Processing /home/airflow/.local/lib/python3.12/site-packages/airflow/example_dags/example_trigger_target_dag.py took 0.214 seconds
[2025-01-27T11:20:08.251+0000] {processor.py:186} INFO - Started process (PID=1501) to work on /home/airflow/.local/lib/python3.12/site-packages/airflow/example_dags/example_trigger_target_dag.py
[2025-01-27T11:20:08.253+0000] {processor.py:914} INFO - Processing file /home/airflow/.local/lib/python3.12/site-packages/airflow/example_dags/example_trigger_target_dag.py for tasks to queue
[2025-01-27T11:20:08.255+0000] {logging_mixin.py:190} INFO - [2025-01-27T11:20:08.255+0000] {dagbag.py:588} INFO - Filling up the DagBag from /home/airflow/.local/lib/python3.12/site-packages/airflow/example_dags/example_trigger_target_dag.py
[2025-01-27T11:20:08.280+0000] {processor.py:925} INFO - DAG(s) 'example_trigger_target_dag' retrieved from /home/airflow/.local/lib/python3.12/site-packages/airflow/example_dags/example_trigger_target_dag.py
[2025-01-27T11:20:08.393+0000] {logging_mixin.py:190} INFO - [2025-01-27T11:20:08.392+0000] {dag.py:3239} INFO - Sync 1 DAGs
[2025-01-27T11:20:08.418+0000] {logging_mixin.py:190} INFO - [2025-01-27T11:20:08.418+0000] {dag.py:4180} INFO - Setting next_dagrun for example_trigger_target_dag to None, run_after=None
[2025-01-27T11:20:08.453+0000] {processor.py:208} INFO - Processing /home/airflow/.local/lib/python3.12/site-packages/airflow/example_dags/example_trigger_target_dag.py took 0.224 seconds
[2025-01-27T11:36:46.476+0000] {processor.py:186} INFO - Started process (PID=143) to work on /home/airflow/.local/lib/python3.12/site-packages/airflow/example_dags/example_trigger_target_dag.py
[2025-01-27T11:36:46.491+0000] {processor.py:914} INFO - Processing file /home/airflow/.local/lib/python3.12/site-packages/airflow/example_dags/example_trigger_target_dag.py for tasks to queue
[2025-01-27T11:36:46.542+0000] {logging_mixin.py:190} INFO - [2025-01-27T11:36:46.541+0000] {dagbag.py:588} INFO - Filling up the DagBag from /home/airflow/.local/lib/python3.12/site-packages/airflow/example_dags/example_trigger_target_dag.py
[2025-01-27T11:36:46.640+0000] {processor.py:925} INFO - DAG(s) 'example_trigger_target_dag' retrieved from /home/airflow/.local/lib/python3.12/site-packages/airflow/example_dags/example_trigger_target_dag.py
[2025-01-27T11:36:46.709+0000] {logging_mixin.py:190} INFO - [2025-01-27T11:36:46.708+0000] {dag.py:3239} INFO - Sync 1 DAGs
[2025-01-27T11:36:46.825+0000] {logging_mixin.py:190} INFO - [2025-01-27T11:36:46.825+0000] {dag.py:4180} INFO - Setting next_dagrun for example_trigger_target_dag to None, run_after=None
[2025-01-27T11:36:46.904+0000] {processor.py:208} INFO - Processing /home/airflow/.local/lib/python3.12/site-packages/airflow/example_dags/example_trigger_target_dag.py took 0.449 seconds
[2025-01-27T11:38:03.816+0000] {processor.py:186} INFO - Started process (PID=218) to work on /home/airflow/.local/lib/python3.12/site-packages/airflow/example_dags/example_trigger_target_dag.py
[2025-01-27T11:38:03.822+0000] {processor.py:914} INFO - Processing file /home/airflow/.local/lib/python3.12/site-packages/airflow/example_dags/example_trigger_target_dag.py for tasks to queue
[2025-01-27T11:38:03.831+0000] {logging_mixin.py:190} INFO - [2025-01-27T11:38:03.830+0000] {dagbag.py:588} INFO - Filling up the DagBag from /home/airflow/.local/lib/python3.12/site-packages/airflow/example_dags/example_trigger_target_dag.py
[2025-01-27T11:38:03.869+0000] {processor.py:925} INFO - DAG(s) 'example_trigger_target_dag' retrieved from /home/airflow/.local/lib/python3.12/site-packages/airflow/example_dags/example_trigger_target_dag.py
[2025-01-27T11:38:03.998+0000] {logging_mixin.py:190} INFO - [2025-01-27T11:38:03.997+0000] {dag.py:3239} INFO - Sync 1 DAGs
[2025-01-27T11:38:04.083+0000] {logging_mixin.py:190} INFO - [2025-01-27T11:38:04.082+0000] {dag.py:4180} INFO - Setting next_dagrun for example_trigger_target_dag to None, run_after=None
[2025-01-27T11:38:04.197+0000] {processor.py:208} INFO - Processing /home/airflow/.local/lib/python3.12/site-packages/airflow/example_dags/example_trigger_target_dag.py took 0.397 seconds
[2025-01-27T11:38:36.753+0000] {processor.py:186} INFO - Started process (PID=282) to work on /home/airflow/.local/lib/python3.12/site-packages/airflow/example_dags/example_trigger_target_dag.py
[2025-01-27T11:38:36.756+0000] {processor.py:914} INFO - Processing file /home/airflow/.local/lib/python3.12/site-packages/airflow/example_dags/example_trigger_target_dag.py for tasks to queue
[2025-01-27T11:38:36.765+0000] {logging_mixin.py:190} INFO - [2025-01-27T11:38:36.764+0000] {dagbag.py:588} INFO - Filling up the DagBag from /home/airflow/.local/lib/python3.12/site-packages/airflow/example_dags/example_trigger_target_dag.py
[2025-01-27T11:38:36.794+0000] {processor.py:925} INFO - DAG(s) 'example_trigger_target_dag' retrieved from /home/airflow/.local/lib/python3.12/site-packages/airflow/example_dags/example_trigger_target_dag.py
[2025-01-27T11:38:36.852+0000] {logging_mixin.py:190} INFO - [2025-01-27T11:38:36.852+0000] {dag.py:3239} INFO - Sync 1 DAGs
[2025-01-27T11:38:36.907+0000] {logging_mixin.py:190} INFO - [2025-01-27T11:38:36.907+0000] {dag.py:4180} INFO - Setting next_dagrun for example_trigger_target_dag to None, run_after=None
[2025-01-27T11:38:37.106+0000] {processor.py:208} INFO - Processing /home/airflow/.local/lib/python3.12/site-packages/airflow/example_dags/example_trigger_target_dag.py took 0.371 seconds
[2025-01-27T11:39:07.931+0000] {processor.py:186} INFO - Started process (PID=346) to work on /home/airflow/.local/lib/python3.12/site-packages/airflow/example_dags/example_trigger_target_dag.py
[2025-01-27T11:39:07.943+0000] {processor.py:914} INFO - Processing file /home/airflow/.local/lib/python3.12/site-packages/airflow/example_dags/example_trigger_target_dag.py for tasks to queue
[2025-01-27T11:39:07.978+0000] {logging_mixin.py:190} INFO - [2025-01-27T11:39:07.976+0000] {dagbag.py:588} INFO - Filling up the DagBag from /home/airflow/.local/lib/python3.12/site-packages/airflow/example_dags/example_trigger_target_dag.py
[2025-01-27T11:39:08.270+0000] {processor.py:925} INFO - DAG(s) 'example_trigger_target_dag' retrieved from /home/airflow/.local/lib/python3.12/site-packages/airflow/example_dags/example_trigger_target_dag.py
[2025-01-27T11:39:08.348+0000] {logging_mixin.py:190} INFO - [2025-01-27T11:39:08.347+0000] {dag.py:3239} INFO - Sync 1 DAGs
[2025-01-27T11:39:08.566+0000] {logging_mixin.py:190} INFO - [2025-01-27T11:39:08.565+0000] {dag.py:4180} INFO - Setting next_dagrun for example_trigger_target_dag to None, run_after=None
[2025-01-27T11:39:08.630+0000] {processor.py:208} INFO - Processing /home/airflow/.local/lib/python3.12/site-packages/airflow/example_dags/example_trigger_target_dag.py took 0.760 seconds
[2025-01-27T11:39:39.123+0000] {processor.py:186} INFO - Started process (PID=409) to work on /home/airflow/.local/lib/python3.12/site-packages/airflow/example_dags/example_trigger_target_dag.py
[2025-01-27T11:39:39.125+0000] {processor.py:914} INFO - Processing file /home/airflow/.local/lib/python3.12/site-packages/airflow/example_dags/example_trigger_target_dag.py for tasks to queue
[2025-01-27T11:39:39.131+0000] {logging_mixin.py:190} INFO - [2025-01-27T11:39:39.130+0000] {dagbag.py:588} INFO - Filling up the DagBag from /home/airflow/.local/lib/python3.12/site-packages/airflow/example_dags/example_trigger_target_dag.py
[2025-01-27T11:39:39.146+0000] {processor.py:925} INFO - DAG(s) 'example_trigger_target_dag' retrieved from /home/airflow/.local/lib/python3.12/site-packages/airflow/example_dags/example_trigger_target_dag.py
[2025-01-27T11:39:39.178+0000] {logging_mixin.py:190} INFO - [2025-01-27T11:39:39.178+0000] {dag.py:3239} INFO - Sync 1 DAGs
[2025-01-27T11:39:39.200+0000] {logging_mixin.py:190} INFO - [2025-01-27T11:39:39.199+0000] {dag.py:4180} INFO - Setting next_dagrun for example_trigger_target_dag to None, run_after=None
[2025-01-27T11:39:39.231+0000] {processor.py:208} INFO - Processing /home/airflow/.local/lib/python3.12/site-packages/airflow/example_dags/example_trigger_target_dag.py took 0.120 seconds
[2025-01-27T11:40:09.892+0000] {processor.py:186} INFO - Started process (PID=474) to work on /home/airflow/.local/lib/python3.12/site-packages/airflow/example_dags/example_trigger_target_dag.py
[2025-01-27T11:40:09.894+0000] {processor.py:914} INFO - Processing file /home/airflow/.local/lib/python3.12/site-packages/airflow/example_dags/example_trigger_target_dag.py for tasks to queue
[2025-01-27T11:40:09.898+0000] {logging_mixin.py:190} INFO - [2025-01-27T11:40:09.898+0000] {dagbag.py:588} INFO - Filling up the DagBag from /home/airflow/.local/lib/python3.12/site-packages/airflow/example_dags/example_trigger_target_dag.py
[2025-01-27T11:40:09.914+0000] {processor.py:925} INFO - DAG(s) 'example_trigger_target_dag' retrieved from /home/airflow/.local/lib/python3.12/site-packages/airflow/example_dags/example_trigger_target_dag.py
[2025-01-27T11:40:09.974+0000] {logging_mixin.py:190} INFO - [2025-01-27T11:40:09.973+0000] {dag.py:3239} INFO - Sync 1 DAGs
[2025-01-27T11:40:09.999+0000] {logging_mixin.py:190} INFO - [2025-01-27T11:40:09.999+0000] {dag.py:4180} INFO - Setting next_dagrun for example_trigger_target_dag to None, run_after=None
[2025-01-27T11:40:10.032+0000] {processor.py:208} INFO - Processing /home/airflow/.local/lib/python3.12/site-packages/airflow/example_dags/example_trigger_target_dag.py took 0.151 seconds
[2025-01-27T11:40:40.502+0000] {processor.py:186} INFO - Started process (PID=539) to work on /home/airflow/.local/lib/python3.12/site-packages/airflow/example_dags/example_trigger_target_dag.py
[2025-01-27T11:40:40.504+0000] {processor.py:914} INFO - Processing file /home/airflow/.local/lib/python3.12/site-packages/airflow/example_dags/example_trigger_target_dag.py for tasks to queue
[2025-01-27T11:40:40.519+0000] {logging_mixin.py:190} INFO - [2025-01-27T11:40:40.519+0000] {dagbag.py:588} INFO - Filling up the DagBag from /home/airflow/.local/lib/python3.12/site-packages/airflow/example_dags/example_trigger_target_dag.py
[2025-01-27T11:40:40.550+0000] {processor.py:925} INFO - DAG(s) 'example_trigger_target_dag' retrieved from /home/airflow/.local/lib/python3.12/site-packages/airflow/example_dags/example_trigger_target_dag.py
[2025-01-27T11:40:40.609+0000] {logging_mixin.py:190} INFO - [2025-01-27T11:40:40.608+0000] {dag.py:3239} INFO - Sync 1 DAGs
[2025-01-27T11:40:40.646+0000] {logging_mixin.py:190} INFO - [2025-01-27T11:40:40.646+0000] {dag.py:4180} INFO - Setting next_dagrun for example_trigger_target_dag to None, run_after=None
[2025-01-27T11:40:40.693+0000] {processor.py:208} INFO - Processing /home/airflow/.local/lib/python3.12/site-packages/airflow/example_dags/example_trigger_target_dag.py took 0.202 seconds
[2025-01-27T11:41:10.986+0000] {processor.py:186} INFO - Started process (PID=603) to work on /home/airflow/.local/lib/python3.12/site-packages/airflow/example_dags/example_trigger_target_dag.py
[2025-01-27T11:41:10.988+0000] {processor.py:914} INFO - Processing file /home/airflow/.local/lib/python3.12/site-packages/airflow/example_dags/example_trigger_target_dag.py for tasks to queue
[2025-01-27T11:41:10.993+0000] {logging_mixin.py:190} INFO - [2025-01-27T11:41:10.992+0000] {dagbag.py:588} INFO - Filling up the DagBag from /home/airflow/.local/lib/python3.12/site-packages/airflow/example_dags/example_trigger_target_dag.py
[2025-01-27T11:41:11.008+0000] {processor.py:925} INFO - DAG(s) 'example_trigger_target_dag' retrieved from /home/airflow/.local/lib/python3.12/site-packages/airflow/example_dags/example_trigger_target_dag.py
[2025-01-27T11:41:11.043+0000] {logging_mixin.py:190} INFO - [2025-01-27T11:41:11.043+0000] {dag.py:3239} INFO - Sync 1 DAGs
[2025-01-27T11:41:11.068+0000] {logging_mixin.py:190} INFO - [2025-01-27T11:41:11.068+0000] {dag.py:4180} INFO - Setting next_dagrun for example_trigger_target_dag to None, run_after=None
[2025-01-27T11:41:11.099+0000] {processor.py:208} INFO - Processing /home/airflow/.local/lib/python3.12/site-packages/airflow/example_dags/example_trigger_target_dag.py took 0.128 seconds
[2025-01-27T11:41:41.261+0000] {processor.py:186} INFO - Started process (PID=667) to work on /home/airflow/.local/lib/python3.12/site-packages/airflow/example_dags/example_trigger_target_dag.py
[2025-01-27T11:41:41.263+0000] {processor.py:914} INFO - Processing file /home/airflow/.local/lib/python3.12/site-packages/airflow/example_dags/example_trigger_target_dag.py for tasks to queue
[2025-01-27T11:41:41.268+0000] {logging_mixin.py:190} INFO - [2025-01-27T11:41:41.268+0000] {dagbag.py:588} INFO - Filling up the DagBag from /home/airflow/.local/lib/python3.12/site-packages/airflow/example_dags/example_trigger_target_dag.py
[2025-01-27T11:41:41.282+0000] {processor.py:925} INFO - DAG(s) 'example_trigger_target_dag' retrieved from /home/airflow/.local/lib/python3.12/site-packages/airflow/example_dags/example_trigger_target_dag.py
[2025-01-27T11:41:41.311+0000] {logging_mixin.py:190} INFO - [2025-01-27T11:41:41.311+0000] {dag.py:3239} INFO - Sync 1 DAGs
[2025-01-27T11:41:41.332+0000] {logging_mixin.py:190} INFO - [2025-01-27T11:41:41.332+0000] {dag.py:4180} INFO - Setting next_dagrun for example_trigger_target_dag to None, run_after=None
[2025-01-27T11:41:41.360+0000] {processor.py:208} INFO - Processing /home/airflow/.local/lib/python3.12/site-packages/airflow/example_dags/example_trigger_target_dag.py took 0.112 seconds
[2025-01-27T11:42:12.162+0000] {processor.py:186} INFO - Started process (PID=731) to work on /home/airflow/.local/lib/python3.12/site-packages/airflow/example_dags/example_trigger_target_dag.py
[2025-01-27T11:42:12.164+0000] {processor.py:914} INFO - Processing file /home/airflow/.local/lib/python3.12/site-packages/airflow/example_dags/example_trigger_target_dag.py for tasks to queue
[2025-01-27T11:42:12.168+0000] {logging_mixin.py:190} INFO - [2025-01-27T11:42:12.167+0000] {dagbag.py:588} INFO - Filling up the DagBag from /home/airflow/.local/lib/python3.12/site-packages/airflow/example_dags/example_trigger_target_dag.py
[2025-01-27T11:42:12.186+0000] {processor.py:925} INFO - DAG(s) 'example_trigger_target_dag' retrieved from /home/airflow/.local/lib/python3.12/site-packages/airflow/example_dags/example_trigger_target_dag.py
[2025-01-27T11:42:12.218+0000] {logging_mixin.py:190} INFO - [2025-01-27T11:42:12.217+0000] {dag.py:3239} INFO - Sync 1 DAGs
[2025-01-27T11:42:12.238+0000] {logging_mixin.py:190} INFO - [2025-01-27T11:42:12.238+0000] {dag.py:4180} INFO - Setting next_dagrun for example_trigger_target_dag to None, run_after=None
[2025-01-27T11:42:12.266+0000] {processor.py:208} INFO - Processing /home/airflow/.local/lib/python3.12/site-packages/airflow/example_dags/example_trigger_target_dag.py took 0.115 seconds
[2025-01-27T11:42:42.425+0000] {processor.py:186} INFO - Started process (PID=796) to work on /home/airflow/.local/lib/python3.12/site-packages/airflow/example_dags/example_trigger_target_dag.py
[2025-01-27T11:42:42.426+0000] {processor.py:914} INFO - Processing file /home/airflow/.local/lib/python3.12/site-packages/airflow/example_dags/example_trigger_target_dag.py for tasks to queue
[2025-01-27T11:42:42.431+0000] {logging_mixin.py:190} INFO - [2025-01-27T11:42:42.430+0000] {dagbag.py:588} INFO - Filling up the DagBag from /home/airflow/.local/lib/python3.12/site-packages/airflow/example_dags/example_trigger_target_dag.py
[2025-01-27T11:42:42.442+0000] {processor.py:925} INFO - DAG(s) 'example_trigger_target_dag' retrieved from /home/airflow/.local/lib/python3.12/site-packages/airflow/example_dags/example_trigger_target_dag.py
[2025-01-27T11:42:42.472+0000] {logging_mixin.py:190} INFO - [2025-01-27T11:42:42.472+0000] {dag.py:3239} INFO - Sync 1 DAGs
[2025-01-27T11:42:42.493+0000] {logging_mixin.py:190} INFO - [2025-01-27T11:42:42.493+0000] {dag.py:4180} INFO - Setting next_dagrun for example_trigger_target_dag to None, run_after=None
[2025-01-27T11:42:42.523+0000] {processor.py:208} INFO - Processing /home/airflow/.local/lib/python3.12/site-packages/airflow/example_dags/example_trigger_target_dag.py took 0.107 seconds
[2025-01-27T11:43:13.190+0000] {processor.py:186} INFO - Started process (PID=860) to work on /home/airflow/.local/lib/python3.12/site-packages/airflow/example_dags/example_trigger_target_dag.py
[2025-01-27T11:43:13.192+0000] {processor.py:914} INFO - Processing file /home/airflow/.local/lib/python3.12/site-packages/airflow/example_dags/example_trigger_target_dag.py for tasks to queue
[2025-01-27T11:43:13.197+0000] {logging_mixin.py:190} INFO - [2025-01-27T11:43:13.197+0000] {dagbag.py:588} INFO - Filling up the DagBag from /home/airflow/.local/lib/python3.12/site-packages/airflow/example_dags/example_trigger_target_dag.py
[2025-01-27T11:43:13.217+0000] {processor.py:925} INFO - DAG(s) 'example_trigger_target_dag' retrieved from /home/airflow/.local/lib/python3.12/site-packages/airflow/example_dags/example_trigger_target_dag.py
[2025-01-27T11:43:13.256+0000] {logging_mixin.py:190} INFO - [2025-01-27T11:43:13.256+0000] {dag.py:3239} INFO - Sync 1 DAGs
[2025-01-27T11:43:13.284+0000] {logging_mixin.py:190} INFO - [2025-01-27T11:43:13.284+0000] {dag.py:4180} INFO - Setting next_dagrun for example_trigger_target_dag to None, run_after=None
[2025-01-27T11:43:13.320+0000] {processor.py:208} INFO - Processing /home/airflow/.local/lib/python3.12/site-packages/airflow/example_dags/example_trigger_target_dag.py took 0.142 seconds
[2025-01-27T11:43:51.302+0000] {processor.py:186} INFO - Started process (PID=924) to work on /home/airflow/.local/lib/python3.12/site-packages/airflow/example_dags/example_trigger_target_dag.py
[2025-01-27T11:43:51.304+0000] {processor.py:914} INFO - Processing file /home/airflow/.local/lib/python3.12/site-packages/airflow/example_dags/example_trigger_target_dag.py for tasks to queue
[2025-01-27T11:43:51.309+0000] {logging_mixin.py:190} INFO - [2025-01-27T11:43:51.308+0000] {dagbag.py:588} INFO - Filling up the DagBag from /home/airflow/.local/lib/python3.12/site-packages/airflow/example_dags/example_trigger_target_dag.py
[2025-01-27T11:43:51.344+0000] {processor.py:925} INFO - DAG(s) 'example_trigger_target_dag' retrieved from /home/airflow/.local/lib/python3.12/site-packages/airflow/example_dags/example_trigger_target_dag.py
[2025-01-27T11:43:51.412+0000] {logging_mixin.py:190} INFO - [2025-01-27T11:43:51.412+0000] {dag.py:3239} INFO - Sync 1 DAGs
[2025-01-27T11:43:51.470+0000] {logging_mixin.py:190} INFO - [2025-01-27T11:43:51.470+0000] {dag.py:4180} INFO - Setting next_dagrun for example_trigger_target_dag to None, run_after=None
[2025-01-27T11:43:51.541+0000] {processor.py:208} INFO - Processing /home/airflow/.local/lib/python3.12/site-packages/airflow/example_dags/example_trigger_target_dag.py took 0.275 seconds
[2025-01-27T11:44:22.953+0000] {processor.py:186} INFO - Started process (PID=988) to work on /home/airflow/.local/lib/python3.12/site-packages/airflow/example_dags/example_trigger_target_dag.py
[2025-01-27T11:44:22.955+0000] {processor.py:914} INFO - Processing file /home/airflow/.local/lib/python3.12/site-packages/airflow/example_dags/example_trigger_target_dag.py for tasks to queue
[2025-01-27T11:44:22.961+0000] {logging_mixin.py:190} INFO - [2025-01-27T11:44:22.960+0000] {dagbag.py:588} INFO - Filling up the DagBag from /home/airflow/.local/lib/python3.12/site-packages/airflow/example_dags/example_trigger_target_dag.py
[2025-01-27T11:44:22.982+0000] {processor.py:925} INFO - DAG(s) 'example_trigger_target_dag' retrieved from /home/airflow/.local/lib/python3.12/site-packages/airflow/example_dags/example_trigger_target_dag.py
[2025-01-27T11:44:23.036+0000] {logging_mixin.py:190} INFO - [2025-01-27T11:44:23.036+0000] {dag.py:3239} INFO - Sync 1 DAGs
[2025-01-27T11:44:23.080+0000] {logging_mixin.py:190} INFO - [2025-01-27T11:44:23.080+0000] {dag.py:4180} INFO - Setting next_dagrun for example_trigger_target_dag to None, run_after=None
[2025-01-27T11:44:23.135+0000] {processor.py:208} INFO - Processing /home/airflow/.local/lib/python3.12/site-packages/airflow/example_dags/example_trigger_target_dag.py took 0.197 seconds
[2025-01-27T11:44:53.302+0000] {processor.py:186} INFO - Started process (PID=1052) to work on /home/airflow/.local/lib/python3.12/site-packages/airflow/example_dags/example_trigger_target_dag.py
[2025-01-27T11:44:53.304+0000] {processor.py:914} INFO - Processing file /home/airflow/.local/lib/python3.12/site-packages/airflow/example_dags/example_trigger_target_dag.py for tasks to queue
[2025-01-27T11:44:53.307+0000] {logging_mixin.py:190} INFO - [2025-01-27T11:44:53.307+0000] {dagbag.py:588} INFO - Filling up the DagBag from /home/airflow/.local/lib/python3.12/site-packages/airflow/example_dags/example_trigger_target_dag.py
[2025-01-27T11:44:53.319+0000] {processor.py:925} INFO - DAG(s) 'example_trigger_target_dag' retrieved from /home/airflow/.local/lib/python3.12/site-packages/airflow/example_dags/example_trigger_target_dag.py
[2025-01-27T11:44:53.349+0000] {logging_mixin.py:190} INFO - [2025-01-27T11:44:53.348+0000] {dag.py:3239} INFO - Sync 1 DAGs
[2025-01-27T11:44:53.368+0000] {logging_mixin.py:190} INFO - [2025-01-27T11:44:53.368+0000] {dag.py:4180} INFO - Setting next_dagrun for example_trigger_target_dag to None, run_after=None
[2025-01-27T11:44:53.397+0000] {processor.py:208} INFO - Processing /home/airflow/.local/lib/python3.12/site-packages/airflow/example_dags/example_trigger_target_dag.py took 0.104 seconds
[2025-01-27T11:45:24.097+0000] {processor.py:186} INFO - Started process (PID=1117) to work on /home/airflow/.local/lib/python3.12/site-packages/airflow/example_dags/example_trigger_target_dag.py
[2025-01-27T11:45:24.099+0000] {processor.py:914} INFO - Processing file /home/airflow/.local/lib/python3.12/site-packages/airflow/example_dags/example_trigger_target_dag.py for tasks to queue
[2025-01-27T11:45:24.103+0000] {logging_mixin.py:190} INFO - [2025-01-27T11:45:24.102+0000] {dagbag.py:588} INFO - Filling up the DagBag from /home/airflow/.local/lib/python3.12/site-packages/airflow/example_dags/example_trigger_target_dag.py
[2025-01-27T11:45:24.117+0000] {processor.py:925} INFO - DAG(s) 'example_trigger_target_dag' retrieved from /home/airflow/.local/lib/python3.12/site-packages/airflow/example_dags/example_trigger_target_dag.py
[2025-01-27T11:45:24.160+0000] {logging_mixin.py:190} INFO - [2025-01-27T11:45:24.160+0000] {dag.py:3239} INFO - Sync 1 DAGs
[2025-01-27T11:45:24.180+0000] {logging_mixin.py:190} INFO - [2025-01-27T11:45:24.180+0000] {dag.py:4180} INFO - Setting next_dagrun for example_trigger_target_dag to None, run_after=None
[2025-01-27T11:45:24.207+0000] {processor.py:208} INFO - Processing /home/airflow/.local/lib/python3.12/site-packages/airflow/example_dags/example_trigger_target_dag.py took 0.121 seconds
[2025-01-27T11:45:54.426+0000] {processor.py:186} INFO - Started process (PID=1176) to work on /home/airflow/.local/lib/python3.12/site-packages/airflow/example_dags/example_trigger_target_dag.py
[2025-01-27T11:45:54.427+0000] {processor.py:914} INFO - Processing file /home/airflow/.local/lib/python3.12/site-packages/airflow/example_dags/example_trigger_target_dag.py for tasks to queue
[2025-01-27T11:45:54.432+0000] {logging_mixin.py:190} INFO - [2025-01-27T11:45:54.431+0000] {dagbag.py:588} INFO - Filling up the DagBag from /home/airflow/.local/lib/python3.12/site-packages/airflow/example_dags/example_trigger_target_dag.py
[2025-01-27T11:45:54.450+0000] {processor.py:925} INFO - DAG(s) 'example_trigger_target_dag' retrieved from /home/airflow/.local/lib/python3.12/site-packages/airflow/example_dags/example_trigger_target_dag.py
[2025-01-27T11:45:54.488+0000] {logging_mixin.py:190} INFO - [2025-01-27T11:45:54.488+0000] {dag.py:3239} INFO - Sync 1 DAGs
[2025-01-27T11:45:54.513+0000] {logging_mixin.py:190} INFO - [2025-01-27T11:45:54.513+0000] {dag.py:4180} INFO - Setting next_dagrun for example_trigger_target_dag to None, run_after=None
[2025-01-27T11:45:54.548+0000] {processor.py:208} INFO - Processing /home/airflow/.local/lib/python3.12/site-packages/airflow/example_dags/example_trigger_target_dag.py took 0.133 seconds
[2025-01-27T11:46:24.749+0000] {processor.py:186} INFO - Started process (PID=1235) to work on /home/airflow/.local/lib/python3.12/site-packages/airflow/example_dags/example_trigger_target_dag.py
[2025-01-27T11:46:24.751+0000] {processor.py:914} INFO - Processing file /home/airflow/.local/lib/python3.12/site-packages/airflow/example_dags/example_trigger_target_dag.py for tasks to queue
[2025-01-27T11:46:24.755+0000] {logging_mixin.py:190} INFO - [2025-01-27T11:46:24.754+0000] {dagbag.py:588} INFO - Filling up the DagBag from /home/airflow/.local/lib/python3.12/site-packages/airflow/example_dags/example_trigger_target_dag.py
[2025-01-27T11:46:24.767+0000] {processor.py:925} INFO - DAG(s) 'example_trigger_target_dag' retrieved from /home/airflow/.local/lib/python3.12/site-packages/airflow/example_dags/example_trigger_target_dag.py
[2025-01-27T11:46:24.800+0000] {logging_mixin.py:190} INFO - [2025-01-27T11:46:24.800+0000] {dag.py:3239} INFO - Sync 1 DAGs
[2025-01-27T11:46:24.828+0000] {logging_mixin.py:190} INFO - [2025-01-27T11:46:24.827+0000] {dag.py:4180} INFO - Setting next_dagrun for example_trigger_target_dag to None, run_after=None
[2025-01-27T11:46:24.859+0000] {processor.py:208} INFO - Processing /home/airflow/.local/lib/python3.12/site-packages/airflow/example_dags/example_trigger_target_dag.py took 0.122 seconds
[2025-01-27T11:46:54.949+0000] {processor.py:186} INFO - Started process (PID=1299) to work on /home/airflow/.local/lib/python3.12/site-packages/airflow/example_dags/example_trigger_target_dag.py
[2025-01-27T11:46:54.950+0000] {processor.py:914} INFO - Processing file /home/airflow/.local/lib/python3.12/site-packages/airflow/example_dags/example_trigger_target_dag.py for tasks to queue
[2025-01-27T11:46:54.955+0000] {logging_mixin.py:190} INFO - [2025-01-27T11:46:54.954+0000] {dagbag.py:588} INFO - Filling up the DagBag from /home/airflow/.local/lib/python3.12/site-packages/airflow/example_dags/example_trigger_target_dag.py
[2025-01-27T11:46:54.969+0000] {processor.py:925} INFO - DAG(s) 'example_trigger_target_dag' retrieved from /home/airflow/.local/lib/python3.12/site-packages/airflow/example_dags/example_trigger_target_dag.py
[2025-01-27T11:46:54.998+0000] {logging_mixin.py:190} INFO - [2025-01-27T11:46:54.998+0000] {dag.py:3239} INFO - Sync 1 DAGs
[2025-01-27T11:46:55.019+0000] {logging_mixin.py:190} INFO - [2025-01-27T11:46:55.018+0000] {dag.py:4180} INFO - Setting next_dagrun for example_trigger_target_dag to None, run_after=None
[2025-01-27T11:46:55.049+0000] {processor.py:208} INFO - Processing /home/airflow/.local/lib/python3.12/site-packages/airflow/example_dags/example_trigger_target_dag.py took 0.111 seconds
[2025-01-27T11:47:25.703+0000] {processor.py:186} INFO - Started process (PID=1363) to work on /home/airflow/.local/lib/python3.12/site-packages/airflow/example_dags/example_trigger_target_dag.py
[2025-01-27T11:47:25.704+0000] {processor.py:914} INFO - Processing file /home/airflow/.local/lib/python3.12/site-packages/airflow/example_dags/example_trigger_target_dag.py for tasks to queue
[2025-01-27T11:47:25.709+0000] {logging_mixin.py:190} INFO - [2025-01-27T11:47:25.708+0000] {dagbag.py:588} INFO - Filling up the DagBag from /home/airflow/.local/lib/python3.12/site-packages/airflow/example_dags/example_trigger_target_dag.py
[2025-01-27T11:47:25.724+0000] {processor.py:925} INFO - DAG(s) 'example_trigger_target_dag' retrieved from /home/airflow/.local/lib/python3.12/site-packages/airflow/example_dags/example_trigger_target_dag.py
[2025-01-27T11:47:25.762+0000] {logging_mixin.py:190} INFO - [2025-01-27T11:47:25.762+0000] {dag.py:3239} INFO - Sync 1 DAGs
[2025-01-27T11:47:25.792+0000] {logging_mixin.py:190} INFO - [2025-01-27T11:47:25.792+0000] {dag.py:4180} INFO - Setting next_dagrun for example_trigger_target_dag to None, run_after=None
[2025-01-27T11:47:25.828+0000] {processor.py:208} INFO - Processing /home/airflow/.local/lib/python3.12/site-packages/airflow/example_dags/example_trigger_target_dag.py took 0.135 seconds
[2025-01-27T11:47:56.444+0000] {processor.py:186} INFO - Started process (PID=1427) to work on /home/airflow/.local/lib/python3.12/site-packages/airflow/example_dags/example_trigger_target_dag.py
[2025-01-27T11:47:56.445+0000] {processor.py:914} INFO - Processing file /home/airflow/.local/lib/python3.12/site-packages/airflow/example_dags/example_trigger_target_dag.py for tasks to queue
[2025-01-27T11:47:56.449+0000] {logging_mixin.py:190} INFO - [2025-01-27T11:47:56.448+0000] {dagbag.py:588} INFO - Filling up the DagBag from /home/airflow/.local/lib/python3.12/site-packages/airflow/example_dags/example_trigger_target_dag.py
[2025-01-27T11:47:56.462+0000] {processor.py:925} INFO - DAG(s) 'example_trigger_target_dag' retrieved from /home/airflow/.local/lib/python3.12/site-packages/airflow/example_dags/example_trigger_target_dag.py
[2025-01-27T11:47:56.494+0000] {logging_mixin.py:190} INFO - [2025-01-27T11:47:56.494+0000] {dag.py:3239} INFO - Sync 1 DAGs
[2025-01-27T11:47:56.522+0000] {logging_mixin.py:190} INFO - [2025-01-27T11:47:56.521+0000] {dag.py:4180} INFO - Setting next_dagrun for example_trigger_target_dag to None, run_after=None
[2025-01-27T11:47:56.557+0000] {processor.py:208} INFO - Processing /home/airflow/.local/lib/python3.12/site-packages/airflow/example_dags/example_trigger_target_dag.py took 0.123 seconds
[2025-01-27T11:48:27.363+0000] {processor.py:186} INFO - Started process (PID=1491) to work on /home/airflow/.local/lib/python3.12/site-packages/airflow/example_dags/example_trigger_target_dag.py
[2025-01-27T11:48:27.364+0000] {processor.py:914} INFO - Processing file /home/airflow/.local/lib/python3.12/site-packages/airflow/example_dags/example_trigger_target_dag.py for tasks to queue
[2025-01-27T11:48:27.368+0000] {logging_mixin.py:190} INFO - [2025-01-27T11:48:27.367+0000] {dagbag.py:588} INFO - Filling up the DagBag from /home/airflow/.local/lib/python3.12/site-packages/airflow/example_dags/example_trigger_target_dag.py
[2025-01-27T11:48:27.379+0000] {processor.py:925} INFO - DAG(s) 'example_trigger_target_dag' retrieved from /home/airflow/.local/lib/python3.12/site-packages/airflow/example_dags/example_trigger_target_dag.py
[2025-01-27T11:48:27.423+0000] {logging_mixin.py:190} INFO - [2025-01-27T11:48:27.423+0000] {dag.py:3239} INFO - Sync 1 DAGs
[2025-01-27T11:48:27.444+0000] {logging_mixin.py:190} INFO - [2025-01-27T11:48:27.443+0000] {dag.py:4180} INFO - Setting next_dagrun for example_trigger_target_dag to None, run_after=None
[2025-01-27T11:48:27.474+0000] {processor.py:208} INFO - Processing /home/airflow/.local/lib/python3.12/site-packages/airflow/example_dags/example_trigger_target_dag.py took 0.120 seconds
[2025-01-27T11:48:57.569+0000] {processor.py:186} INFO - Started process (PID=1553) to work on /home/airflow/.local/lib/python3.12/site-packages/airflow/example_dags/example_trigger_target_dag.py
[2025-01-27T11:48:57.571+0000] {processor.py:914} INFO - Processing file /home/airflow/.local/lib/python3.12/site-packages/airflow/example_dags/example_trigger_target_dag.py for tasks to queue
[2025-01-27T11:48:57.576+0000] {logging_mixin.py:190} INFO - [2025-01-27T11:48:57.575+0000] {dagbag.py:588} INFO - Filling up the DagBag from /home/airflow/.local/lib/python3.12/site-packages/airflow/example_dags/example_trigger_target_dag.py
[2025-01-27T11:48:57.593+0000] {processor.py:925} INFO - DAG(s) 'example_trigger_target_dag' retrieved from /home/airflow/.local/lib/python3.12/site-packages/airflow/example_dags/example_trigger_target_dag.py
[2025-01-27T11:48:57.628+0000] {logging_mixin.py:190} INFO - [2025-01-27T11:48:57.627+0000] {dag.py:3239} INFO - Sync 1 DAGs
[2025-01-27T11:48:57.700+0000] {logging_mixin.py:190} INFO - [2025-01-27T11:48:57.700+0000] {dag.py:4180} INFO - Setting next_dagrun for example_trigger_target_dag to None, run_after=None
[2025-01-27T11:48:57.735+0000] {processor.py:208} INFO - Processing /home/airflow/.local/lib/python3.12/site-packages/airflow/example_dags/example_trigger_target_dag.py took 0.176 seconds
[2025-01-27T11:49:27.871+0000] {processor.py:186} INFO - Started process (PID=1616) to work on /home/airflow/.local/lib/python3.12/site-packages/airflow/example_dags/example_trigger_target_dag.py
[2025-01-27T11:49:27.873+0000] {processor.py:914} INFO - Processing file /home/airflow/.local/lib/python3.12/site-packages/airflow/example_dags/example_trigger_target_dag.py for tasks to queue
[2025-01-27T11:49:27.876+0000] {logging_mixin.py:190} INFO - [2025-01-27T11:49:27.876+0000] {dagbag.py:588} INFO - Filling up the DagBag from /home/airflow/.local/lib/python3.12/site-packages/airflow/example_dags/example_trigger_target_dag.py
[2025-01-27T11:49:27.891+0000] {processor.py:925} INFO - DAG(s) 'example_trigger_target_dag' retrieved from /home/airflow/.local/lib/python3.12/site-packages/airflow/example_dags/example_trigger_target_dag.py
[2025-01-27T11:49:27.920+0000] {logging_mixin.py:190} INFO - [2025-01-27T11:49:27.919+0000] {dag.py:3239} INFO - Sync 1 DAGs
[2025-01-27T11:49:27.940+0000] {logging_mixin.py:190} INFO - [2025-01-27T11:49:27.940+0000] {dag.py:4180} INFO - Setting next_dagrun for example_trigger_target_dag to None, run_after=None
[2025-01-27T11:49:27.970+0000] {processor.py:208} INFO - Processing /home/airflow/.local/lib/python3.12/site-packages/airflow/example_dags/example_trigger_target_dag.py took 0.108 seconds
[2025-01-27T11:49:58.246+0000] {processor.py:186} INFO - Started process (PID=1679) to work on /home/airflow/.local/lib/python3.12/site-packages/airflow/example_dags/example_trigger_target_dag.py
[2025-01-27T11:49:58.250+0000] {processor.py:914} INFO - Processing file /home/airflow/.local/lib/python3.12/site-packages/airflow/example_dags/example_trigger_target_dag.py for tasks to queue
[2025-01-27T11:49:58.261+0000] {logging_mixin.py:190} INFO - [2025-01-27T11:49:58.261+0000] {dagbag.py:588} INFO - Filling up the DagBag from /home/airflow/.local/lib/python3.12/site-packages/airflow/example_dags/example_trigger_target_dag.py
[2025-01-27T11:49:58.285+0000] {processor.py:925} INFO - DAG(s) 'example_trigger_target_dag' retrieved from /home/airflow/.local/lib/python3.12/site-packages/airflow/example_dags/example_trigger_target_dag.py
[2025-01-27T11:49:58.360+0000] {logging_mixin.py:190} INFO - [2025-01-27T11:49:58.359+0000] {dag.py:3239} INFO - Sync 1 DAGs
[2025-01-27T11:49:58.392+0000] {logging_mixin.py:190} INFO - [2025-01-27T11:49:58.391+0000] {dag.py:4180} INFO - Setting next_dagrun for example_trigger_target_dag to None, run_after=None
[2025-01-27T11:49:58.437+0000] {processor.py:208} INFO - Processing /home/airflow/.local/lib/python3.12/site-packages/airflow/example_dags/example_trigger_target_dag.py took 0.203 seconds
[2025-01-27T11:50:28.767+0000] {processor.py:186} INFO - Started process (PID=1744) to work on /home/airflow/.local/lib/python3.12/site-packages/airflow/example_dags/example_trigger_target_dag.py
[2025-01-27T11:50:28.770+0000] {processor.py:914} INFO - Processing file /home/airflow/.local/lib/python3.12/site-packages/airflow/example_dags/example_trigger_target_dag.py for tasks to queue
[2025-01-27T11:50:28.776+0000] {logging_mixin.py:190} INFO - [2025-01-27T11:50:28.775+0000] {dagbag.py:588} INFO - Filling up the DagBag from /home/airflow/.local/lib/python3.12/site-packages/airflow/example_dags/example_trigger_target_dag.py
[2025-01-27T11:50:28.804+0000] {processor.py:925} INFO - DAG(s) 'example_trigger_target_dag' retrieved from /home/airflow/.local/lib/python3.12/site-packages/airflow/example_dags/example_trigger_target_dag.py
[2025-01-27T11:50:28.855+0000] {logging_mixin.py:190} INFO - [2025-01-27T11:50:28.855+0000] {dag.py:3239} INFO - Sync 1 DAGs
[2025-01-27T11:50:28.891+0000] {logging_mixin.py:190} INFO - [2025-01-27T11:50:28.891+0000] {dag.py:4180} INFO - Setting next_dagrun for example_trigger_target_dag to None, run_after=None
[2025-01-27T11:50:28.943+0000] {processor.py:208} INFO - Processing /home/airflow/.local/lib/python3.12/site-packages/airflow/example_dags/example_trigger_target_dag.py took 0.190 seconds
