[2025-01-27T10:33:52.793+0000] {processor.py:186} INFO - Started process (PID=179) to work on /home/airflow/.local/lib/python3.12/site-packages/airflow/example_dags/example_xcom.py
[2025-01-27T10:33:52.795+0000] {processor.py:914} INFO - Processing file /home/airflow/.local/lib/python3.12/site-packages/airflow/example_dags/example_xcom.py for tasks to queue
[2025-01-27T10:33:52.810+0000] {logging_mixin.py:190} INFO - [2025-01-27T10:33:52.810+0000] {dagbag.py:588} INFO - Filling up the DagBag from /home/airflow/.local/lib/python3.12/site-packages/airflow/example_dags/example_xcom.py
[2025-01-27T10:33:52.883+0000] {processor.py:925} INFO - DAG(s) 'example_xcom' retrieved from /home/airflow/.local/lib/python3.12/site-packages/airflow/example_dags/example_xcom.py
[2025-01-27T10:33:52.965+0000] {logging_mixin.py:190} INFO - [2025-01-27T10:33:52.964+0000] {dag.py:3239} INFO - Sync 1 DAGs
[2025-01-27T10:33:53.025+0000] {logging_mixin.py:190} INFO - [2025-01-27T10:33:53.024+0000] {dag.py:4180} INFO - Setting next_dagrun for example_xcom to 2021-01-01 00:00:00+00:00, run_after=2021-01-01 00:00:00+00:00
[2025-01-27T10:33:53.124+0000] {processor.py:208} INFO - Processing /home/airflow/.local/lib/python3.12/site-packages/airflow/example_dags/example_xcom.py took 0.355 seconds
[2025-01-27T10:44:55.073+0000] {processor.py:186} INFO - Started process (PID=164) to work on /home/airflow/.local/lib/python3.12/site-packages/airflow/example_dags/example_xcom.py
[2025-01-27T10:44:55.076+0000] {processor.py:914} INFO - Processing file /home/airflow/.local/lib/python3.12/site-packages/airflow/example_dags/example_xcom.py for tasks to queue
[2025-01-27T10:44:55.089+0000] {logging_mixin.py:190} INFO - [2025-01-27T10:44:55.086+0000] {dagbag.py:588} INFO - Filling up the DagBag from /home/airflow/.local/lib/python3.12/site-packages/airflow/example_dags/example_xcom.py
[2025-01-27T10:44:55.135+0000] {processor.py:925} INFO - DAG(s) 'example_xcom' retrieved from /home/airflow/.local/lib/python3.12/site-packages/airflow/example_dags/example_xcom.py
[2025-01-27T10:44:55.203+0000] {logging_mixin.py:190} INFO - [2025-01-27T10:44:55.203+0000] {dag.py:3239} INFO - Sync 1 DAGs
[2025-01-27T10:44:55.263+0000] {logging_mixin.py:190} INFO - [2025-01-27T10:44:55.262+0000] {dag.py:4180} INFO - Setting next_dagrun for example_xcom to 2021-01-01 00:00:00+00:00, run_after=2021-01-01 00:00:00+00:00
[2025-01-27T10:44:55.322+0000] {processor.py:208} INFO - Processing /home/airflow/.local/lib/python3.12/site-packages/airflow/example_dags/example_xcom.py took 0.273 seconds
[2025-01-27T10:46:09.269+0000] {processor.py:186} INFO - Started process (PID=233) to work on /home/airflow/.local/lib/python3.12/site-packages/airflow/example_dags/example_xcom.py
[2025-01-27T10:46:09.299+0000] {processor.py:914} INFO - Processing file /home/airflow/.local/lib/python3.12/site-packages/airflow/example_dags/example_xcom.py for tasks to queue
[2025-01-27T10:46:09.319+0000] {logging_mixin.py:190} INFO - [2025-01-27T10:46:09.317+0000] {dagbag.py:588} INFO - Filling up the DagBag from /home/airflow/.local/lib/python3.12/site-packages/airflow/example_dags/example_xcom.py
[2025-01-27T10:46:09.363+0000] {processor.py:925} INFO - DAG(s) 'example_xcom' retrieved from /home/airflow/.local/lib/python3.12/site-packages/airflow/example_dags/example_xcom.py
[2025-01-27T10:46:09.480+0000] {logging_mixin.py:190} INFO - [2025-01-27T10:46:09.479+0000] {dag.py:3239} INFO - Sync 1 DAGs
[2025-01-27T10:46:09.634+0000] {logging_mixin.py:190} INFO - [2025-01-27T10:46:09.634+0000] {dag.py:4180} INFO - Setting next_dagrun for example_xcom to 2021-01-01 00:00:00+00:00, run_after=2021-01-01 00:00:00+00:00
[2025-01-27T10:46:09.833+0000] {processor.py:208} INFO - Processing /home/airflow/.local/lib/python3.12/site-packages/airflow/example_dags/example_xcom.py took 0.590 seconds
[2025-01-27T10:46:49.384+0000] {processor.py:186} INFO - Started process (PID=308) to work on /home/airflow/.local/lib/python3.12/site-packages/airflow/example_dags/example_xcom.py
[2025-01-27T10:46:49.390+0000] {processor.py:914} INFO - Processing file /home/airflow/.local/lib/python3.12/site-packages/airflow/example_dags/example_xcom.py for tasks to queue
[2025-01-27T10:46:49.402+0000] {logging_mixin.py:190} INFO - [2025-01-27T10:46:49.402+0000] {dagbag.py:588} INFO - Filling up the DagBag from /home/airflow/.local/lib/python3.12/site-packages/airflow/example_dags/example_xcom.py
[2025-01-27T10:46:49.459+0000] {processor.py:925} INFO - DAG(s) 'example_xcom' retrieved from /home/airflow/.local/lib/python3.12/site-packages/airflow/example_dags/example_xcom.py
[2025-01-27T10:46:49.532+0000] {logging_mixin.py:190} INFO - [2025-01-27T10:46:49.532+0000] {dag.py:3239} INFO - Sync 1 DAGs
[2025-01-27T10:46:49.618+0000] {logging_mixin.py:190} INFO - [2025-01-27T10:46:49.618+0000] {dag.py:4180} INFO - Setting next_dagrun for example_xcom to 2021-01-01 00:00:00+00:00, run_after=2021-01-01 00:00:00+00:00
[2025-01-27T10:46:49.717+0000] {processor.py:208} INFO - Processing /home/airflow/.local/lib/python3.12/site-packages/airflow/example_dags/example_xcom.py took 0.375 seconds
[2025-01-27T10:47:52.988+0000] {processor.py:186} INFO - Started process (PID=365) to work on /home/airflow/.local/lib/python3.12/site-packages/airflow/example_dags/example_xcom.py
[2025-01-27T10:47:53.068+0000] {processor.py:914} INFO - Processing file /home/airflow/.local/lib/python3.12/site-packages/airflow/example_dags/example_xcom.py for tasks to queue
[2025-01-27T10:47:53.186+0000] {logging_mixin.py:190} INFO - [2025-01-27T10:47:53.185+0000] {dagbag.py:588} INFO - Filling up the DagBag from /home/airflow/.local/lib/python3.12/site-packages/airflow/example_dags/example_xcom.py
[2025-01-27T10:47:53.450+0000] {processor.py:925} INFO - DAG(s) 'example_xcom' retrieved from /home/airflow/.local/lib/python3.12/site-packages/airflow/example_dags/example_xcom.py
[2025-01-27T10:47:53.599+0000] {logging_mixin.py:190} INFO - [2025-01-27T10:47:53.599+0000] {dag.py:3239} INFO - Sync 1 DAGs
[2025-01-27T10:47:53.776+0000] {logging_mixin.py:190} INFO - [2025-01-27T10:47:53.775+0000] {dag.py:4180} INFO - Setting next_dagrun for example_xcom to 2021-01-01 00:00:00+00:00, run_after=2021-01-01 00:00:00+00:00
[2025-01-27T10:47:54.112+0000] {processor.py:208} INFO - Processing /home/airflow/.local/lib/python3.12/site-packages/airflow/example_dags/example_xcom.py took 1.290 seconds
[2025-01-27T10:54:48.903+0000] {processor.py:186} INFO - Started process (PID=92) to work on /home/airflow/.local/lib/python3.12/site-packages/airflow/example_dags/example_xcom.py
[2025-01-27T10:54:48.906+0000] {processor.py:914} INFO - Processing file /home/airflow/.local/lib/python3.12/site-packages/airflow/example_dags/example_xcom.py for tasks to queue
[2025-01-27T10:54:48.912+0000] {logging_mixin.py:190} INFO - [2025-01-27T10:54:48.911+0000] {dagbag.py:588} INFO - Filling up the DagBag from /home/airflow/.local/lib/python3.12/site-packages/airflow/example_dags/example_xcom.py
[2025-01-27T10:54:48.938+0000] {processor.py:925} INFO - DAG(s) 'example_xcom' retrieved from /home/airflow/.local/lib/python3.12/site-packages/airflow/example_dags/example_xcom.py
[2025-01-27T10:54:49.032+0000] {logging_mixin.py:190} INFO - [2025-01-27T10:54:49.031+0000] {dag.py:3239} INFO - Sync 1 DAGs
[2025-01-27T10:54:49.168+0000] {logging_mixin.py:190} INFO - [2025-01-27T10:54:49.167+0000] {dag.py:4180} INFO - Setting next_dagrun for example_xcom to 2021-01-01 00:00:00+00:00, run_after=2021-01-01 00:00:00+00:00
[2025-01-27T10:54:49.244+0000] {processor.py:208} INFO - Processing /home/airflow/.local/lib/python3.12/site-packages/airflow/example_dags/example_xcom.py took 0.355 seconds
[2025-01-27T10:56:09.740+0000] {processor.py:186} INFO - Started process (PID=160) to work on /home/airflow/.local/lib/python3.12/site-packages/airflow/example_dags/example_xcom.py
[2025-01-27T10:56:09.764+0000] {processor.py:914} INFO - Processing file /home/airflow/.local/lib/python3.12/site-packages/airflow/example_dags/example_xcom.py for tasks to queue
[2025-01-27T10:56:10.015+0000] {logging_mixin.py:190} INFO - [2025-01-27T10:56:09.956+0000] {dagbag.py:588} INFO - Filling up the DagBag from /home/airflow/.local/lib/python3.12/site-packages/airflow/example_dags/example_xcom.py
[2025-01-27T10:56:10.835+0000] {processor.py:925} INFO - DAG(s) 'example_xcom' retrieved from /home/airflow/.local/lib/python3.12/site-packages/airflow/example_dags/example_xcom.py
[2025-01-27T10:56:11.164+0000] {logging_mixin.py:190} INFO - [2025-01-27T10:56:11.162+0000] {dag.py:3239} INFO - Sync 1 DAGs
[2025-01-27T10:56:11.994+0000] {logging_mixin.py:190} INFO - [2025-01-27T10:56:11.993+0000] {dag.py:4180} INFO - Setting next_dagrun for example_xcom to 2021-01-01 00:00:00+00:00, run_after=2021-01-01 00:00:00+00:00
[2025-01-27T10:56:12.520+0000] {processor.py:208} INFO - Processing /home/airflow/.local/lib/python3.12/site-packages/airflow/example_dags/example_xcom.py took 3.157 seconds
[2025-01-27T10:56:50.939+0000] {processor.py:186} INFO - Started process (PID=225) to work on /home/airflow/.local/lib/python3.12/site-packages/airflow/example_dags/example_xcom.py
[2025-01-27T10:56:50.941+0000] {processor.py:914} INFO - Processing file /home/airflow/.local/lib/python3.12/site-packages/airflow/example_dags/example_xcom.py for tasks to queue
[2025-01-27T10:56:50.947+0000] {logging_mixin.py:190} INFO - [2025-01-27T10:56:50.946+0000] {dagbag.py:588} INFO - Filling up the DagBag from /home/airflow/.local/lib/python3.12/site-packages/airflow/example_dags/example_xcom.py
[2025-01-27T10:56:50.995+0000] {processor.py:925} INFO - DAG(s) 'example_xcom' retrieved from /home/airflow/.local/lib/python3.12/site-packages/airflow/example_dags/example_xcom.py
[2025-01-27T10:56:51.047+0000] {logging_mixin.py:190} INFO - [2025-01-27T10:56:51.046+0000] {dag.py:3239} INFO - Sync 1 DAGs
[2025-01-27T10:56:51.106+0000] {logging_mixin.py:190} INFO - [2025-01-27T10:56:51.105+0000] {dag.py:4180} INFO - Setting next_dagrun for example_xcom to 2021-01-01 00:00:00+00:00, run_after=2021-01-01 00:00:00+00:00
[2025-01-27T10:56:51.167+0000] {processor.py:208} INFO - Processing /home/airflow/.local/lib/python3.12/site-packages/airflow/example_dags/example_xcom.py took 0.257 seconds
[2025-01-27T10:57:42.262+0000] {processor.py:186} INFO - Started process (PID=276) to work on /home/airflow/.local/lib/python3.12/site-packages/airflow/example_dags/example_xcom.py
[2025-01-27T10:57:42.272+0000] {processor.py:914} INFO - Processing file /home/airflow/.local/lib/python3.12/site-packages/airflow/example_dags/example_xcom.py for tasks to queue
[2025-01-27T10:57:42.291+0000] {logging_mixin.py:190} INFO - [2025-01-27T10:57:42.290+0000] {dagbag.py:588} INFO - Filling up the DagBag from /home/airflow/.local/lib/python3.12/site-packages/airflow/example_dags/example_xcom.py
[2025-01-27T10:57:42.321+0000] {processor.py:925} INFO - DAG(s) 'example_xcom' retrieved from /home/airflow/.local/lib/python3.12/site-packages/airflow/example_dags/example_xcom.py
[2025-01-27T10:57:42.428+0000] {logging_mixin.py:190} INFO - [2025-01-27T10:57:42.426+0000] {dag.py:3239} INFO - Sync 1 DAGs
[2025-01-27T10:57:42.617+0000] {logging_mixin.py:190} INFO - [2025-01-27T10:57:42.616+0000] {dag.py:4180} INFO - Setting next_dagrun for example_xcom to 2021-01-01 00:00:00+00:00, run_after=2021-01-01 00:00:00+00:00
[2025-01-27T10:57:42.750+0000] {processor.py:208} INFO - Processing /home/airflow/.local/lib/python3.12/site-packages/airflow/example_dags/example_xcom.py took 0.550 seconds
[2025-01-27T10:58:17.655+0000] {processor.py:186} INFO - Started process (PID=340) to work on /home/airflow/.local/lib/python3.12/site-packages/airflow/example_dags/example_xcom.py
[2025-01-27T10:58:17.667+0000] {processor.py:914} INFO - Processing file /home/airflow/.local/lib/python3.12/site-packages/airflow/example_dags/example_xcom.py for tasks to queue
[2025-01-27T10:58:17.681+0000] {logging_mixin.py:190} INFO - [2025-01-27T10:58:17.676+0000] {dagbag.py:588} INFO - Filling up the DagBag from /home/airflow/.local/lib/python3.12/site-packages/airflow/example_dags/example_xcom.py
[2025-01-27T10:58:17.724+0000] {processor.py:925} INFO - DAG(s) 'example_xcom' retrieved from /home/airflow/.local/lib/python3.12/site-packages/airflow/example_dags/example_xcom.py
[2025-01-27T10:58:17.802+0000] {logging_mixin.py:190} INFO - [2025-01-27T10:58:17.802+0000] {dag.py:3239} INFO - Sync 1 DAGs
[2025-01-27T10:58:17.864+0000] {logging_mixin.py:190} INFO - [2025-01-27T10:58:17.863+0000] {dag.py:4180} INFO - Setting next_dagrun for example_xcom to 2021-01-01 00:00:00+00:00, run_after=2021-01-01 00:00:00+00:00
[2025-01-27T10:58:17.914+0000] {processor.py:208} INFO - Processing /home/airflow/.local/lib/python3.12/site-packages/airflow/example_dags/example_xcom.py took 0.279 seconds
[2025-01-27T10:59:08.732+0000] {processor.py:186} INFO - Started process (PID=403) to work on /home/airflow/.local/lib/python3.12/site-packages/airflow/example_dags/example_xcom.py
[2025-01-27T10:59:08.734+0000] {processor.py:914} INFO - Processing file /home/airflow/.local/lib/python3.12/site-packages/airflow/example_dags/example_xcom.py for tasks to queue
[2025-01-27T10:59:08.740+0000] {logging_mixin.py:190} INFO - [2025-01-27T10:59:08.739+0000] {dagbag.py:588} INFO - Filling up the DagBag from /home/airflow/.local/lib/python3.12/site-packages/airflow/example_dags/example_xcom.py
[2025-01-27T10:59:08.769+0000] {processor.py:925} INFO - DAG(s) 'example_xcom' retrieved from /home/airflow/.local/lib/python3.12/site-packages/airflow/example_dags/example_xcom.py
[2025-01-27T10:59:08.832+0000] {logging_mixin.py:190} INFO - [2025-01-27T10:59:08.832+0000] {dag.py:3239} INFO - Sync 1 DAGs
[2025-01-27T10:59:08.890+0000] {logging_mixin.py:190} INFO - [2025-01-27T10:59:08.890+0000] {dag.py:4180} INFO - Setting next_dagrun for example_xcom to 2021-01-01 00:00:00+00:00, run_after=2021-01-01 00:00:00+00:00
[2025-01-27T10:59:09.023+0000] {processor.py:208} INFO - Processing /home/airflow/.local/lib/python3.12/site-packages/airflow/example_dags/example_xcom.py took 0.307 seconds
[2025-01-27T10:59:43.397+0000] {processor.py:186} INFO - Started process (PID=467) to work on /home/airflow/.local/lib/python3.12/site-packages/airflow/example_dags/example_xcom.py
[2025-01-27T10:59:43.403+0000] {processor.py:914} INFO - Processing file /home/airflow/.local/lib/python3.12/site-packages/airflow/example_dags/example_xcom.py for tasks to queue
[2025-01-27T10:59:43.411+0000] {logging_mixin.py:190} INFO - [2025-01-27T10:59:43.408+0000] {dagbag.py:588} INFO - Filling up the DagBag from /home/airflow/.local/lib/python3.12/site-packages/airflow/example_dags/example_xcom.py
[2025-01-27T10:59:43.455+0000] {processor.py:925} INFO - DAG(s) 'example_xcom' retrieved from /home/airflow/.local/lib/python3.12/site-packages/airflow/example_dags/example_xcom.py
[2025-01-27T10:59:43.572+0000] {logging_mixin.py:190} INFO - [2025-01-27T10:59:43.571+0000] {dag.py:3239} INFO - Sync 1 DAGs
[2025-01-27T10:59:43.685+0000] {logging_mixin.py:190} INFO - [2025-01-27T10:59:43.684+0000] {dag.py:4180} INFO - Setting next_dagrun for example_xcom to 2021-01-01 00:00:00+00:00, run_after=2021-01-01 00:00:00+00:00
[2025-01-27T10:59:43.791+0000] {processor.py:208} INFO - Processing /home/airflow/.local/lib/python3.12/site-packages/airflow/example_dags/example_xcom.py took 0.418 seconds
[2025-01-27T11:00:14.658+0000] {processor.py:186} INFO - Started process (PID=531) to work on /home/airflow/.local/lib/python3.12/site-packages/airflow/example_dags/example_xcom.py
[2025-01-27T11:00:14.660+0000] {processor.py:914} INFO - Processing file /home/airflow/.local/lib/python3.12/site-packages/airflow/example_dags/example_xcom.py for tasks to queue
[2025-01-27T11:00:14.665+0000] {logging_mixin.py:190} INFO - [2025-01-27T11:00:14.664+0000] {dagbag.py:588} INFO - Filling up the DagBag from /home/airflow/.local/lib/python3.12/site-packages/airflow/example_dags/example_xcom.py
[2025-01-27T11:00:14.684+0000] {processor.py:925} INFO - DAG(s) 'example_xcom' retrieved from /home/airflow/.local/lib/python3.12/site-packages/airflow/example_dags/example_xcom.py
[2025-01-27T11:00:14.725+0000] {logging_mixin.py:190} INFO - [2025-01-27T11:00:14.725+0000] {dag.py:3239} INFO - Sync 1 DAGs
[2025-01-27T11:00:14.772+0000] {logging_mixin.py:190} INFO - [2025-01-27T11:00:14.772+0000] {dag.py:4180} INFO - Setting next_dagrun for example_xcom to 2021-01-01 00:00:00+00:00, run_after=2021-01-01 00:00:00+00:00
[2025-01-27T11:00:14.805+0000] {processor.py:208} INFO - Processing /home/airflow/.local/lib/python3.12/site-packages/airflow/example_dags/example_xcom.py took 0.159 seconds
[2025-01-27T11:00:44.887+0000] {processor.py:186} INFO - Started process (PID=594) to work on /home/airflow/.local/lib/python3.12/site-packages/airflow/example_dags/example_xcom.py
[2025-01-27T11:00:44.889+0000] {processor.py:914} INFO - Processing file /home/airflow/.local/lib/python3.12/site-packages/airflow/example_dags/example_xcom.py for tasks to queue
[2025-01-27T11:00:44.894+0000] {logging_mixin.py:190} INFO - [2025-01-27T11:00:44.893+0000] {dagbag.py:588} INFO - Filling up the DagBag from /home/airflow/.local/lib/python3.12/site-packages/airflow/example_dags/example_xcom.py
[2025-01-27T11:00:44.913+0000] {processor.py:925} INFO - DAG(s) 'example_xcom' retrieved from /home/airflow/.local/lib/python3.12/site-packages/airflow/example_dags/example_xcom.py
[2025-01-27T11:00:44.951+0000] {logging_mixin.py:190} INFO - [2025-01-27T11:00:44.951+0000] {dag.py:3239} INFO - Sync 1 DAGs
[2025-01-27T11:00:44.992+0000] {logging_mixin.py:190} INFO - [2025-01-27T11:00:44.991+0000] {dag.py:4180} INFO - Setting next_dagrun for example_xcom to 2021-01-01 00:00:00+00:00, run_after=2021-01-01 00:00:00+00:00
[2025-01-27T11:00:45.030+0000] {processor.py:208} INFO - Processing /home/airflow/.local/lib/python3.12/site-packages/airflow/example_dags/example_xcom.py took 0.153 seconds
[2025-01-27T11:01:15.627+0000] {processor.py:186} INFO - Started process (PID=659) to work on /home/airflow/.local/lib/python3.12/site-packages/airflow/example_dags/example_xcom.py
[2025-01-27T11:01:15.628+0000] {processor.py:914} INFO - Processing file /home/airflow/.local/lib/python3.12/site-packages/airflow/example_dags/example_xcom.py for tasks to queue
[2025-01-27T11:01:15.632+0000] {logging_mixin.py:190} INFO - [2025-01-27T11:01:15.632+0000] {dagbag.py:588} INFO - Filling up the DagBag from /home/airflow/.local/lib/python3.12/site-packages/airflow/example_dags/example_xcom.py
[2025-01-27T11:01:15.649+0000] {processor.py:925} INFO - DAG(s) 'example_xcom' retrieved from /home/airflow/.local/lib/python3.12/site-packages/airflow/example_dags/example_xcom.py
[2025-01-27T11:01:15.691+0000] {logging_mixin.py:190} INFO - [2025-01-27T11:01:15.690+0000] {dag.py:3239} INFO - Sync 1 DAGs
[2025-01-27T11:01:15.740+0000] {logging_mixin.py:190} INFO - [2025-01-27T11:01:15.739+0000] {dag.py:4180} INFO - Setting next_dagrun for example_xcom to 2021-01-01 00:00:00+00:00, run_after=2021-01-01 00:00:00+00:00
[2025-01-27T11:01:15.778+0000] {processor.py:208} INFO - Processing /home/airflow/.local/lib/python3.12/site-packages/airflow/example_dags/example_xcom.py took 0.161 seconds
[2025-01-27T11:01:46.123+0000] {processor.py:186} INFO - Started process (PID=722) to work on /home/airflow/.local/lib/python3.12/site-packages/airflow/example_dags/example_xcom.py
[2025-01-27T11:01:46.125+0000] {processor.py:914} INFO - Processing file /home/airflow/.local/lib/python3.12/site-packages/airflow/example_dags/example_xcom.py for tasks to queue
[2025-01-27T11:01:46.133+0000] {logging_mixin.py:190} INFO - [2025-01-27T11:01:46.131+0000] {dagbag.py:588} INFO - Filling up the DagBag from /home/airflow/.local/lib/python3.12/site-packages/airflow/example_dags/example_xcom.py
[2025-01-27T11:01:46.179+0000] {processor.py:925} INFO - DAG(s) 'example_xcom' retrieved from /home/airflow/.local/lib/python3.12/site-packages/airflow/example_dags/example_xcom.py
[2025-01-27T11:01:46.316+0000] {logging_mixin.py:190} INFO - [2025-01-27T11:01:46.316+0000] {dag.py:3239} INFO - Sync 1 DAGs
[2025-01-27T11:01:46.415+0000] {logging_mixin.py:190} INFO - [2025-01-27T11:01:46.414+0000] {dag.py:4180} INFO - Setting next_dagrun for example_xcom to 2021-01-01 00:00:00+00:00, run_after=2021-01-01 00:00:00+00:00
[2025-01-27T11:01:46.466+0000] {processor.py:208} INFO - Processing /home/airflow/.local/lib/python3.12/site-packages/airflow/example_dags/example_xcom.py took 0.366 seconds
[2025-01-27T11:02:16.612+0000] {processor.py:186} INFO - Started process (PID=786) to work on /home/airflow/.local/lib/python3.12/site-packages/airflow/example_dags/example_xcom.py
[2025-01-27T11:02:16.614+0000] {processor.py:914} INFO - Processing file /home/airflow/.local/lib/python3.12/site-packages/airflow/example_dags/example_xcom.py for tasks to queue
[2025-01-27T11:02:16.619+0000] {logging_mixin.py:190} INFO - [2025-01-27T11:02:16.619+0000] {dagbag.py:588} INFO - Filling up the DagBag from /home/airflow/.local/lib/python3.12/site-packages/airflow/example_dags/example_xcom.py
[2025-01-27T11:02:16.634+0000] {processor.py:925} INFO - DAG(s) 'example_xcom' retrieved from /home/airflow/.local/lib/python3.12/site-packages/airflow/example_dags/example_xcom.py
[2025-01-27T11:02:16.680+0000] {logging_mixin.py:190} INFO - [2025-01-27T11:02:16.680+0000] {dag.py:3239} INFO - Sync 1 DAGs
[2025-01-27T11:02:16.733+0000] {logging_mixin.py:190} INFO - [2025-01-27T11:02:16.732+0000] {dag.py:4180} INFO - Setting next_dagrun for example_xcom to 2021-01-01 00:00:00+00:00, run_after=2021-01-01 00:00:00+00:00
[2025-01-27T11:02:16.775+0000] {processor.py:208} INFO - Processing /home/airflow/.local/lib/python3.12/site-packages/airflow/example_dags/example_xcom.py took 0.175 seconds
[2025-01-27T11:02:46.990+0000] {processor.py:186} INFO - Started process (PID=849) to work on /home/airflow/.local/lib/python3.12/site-packages/airflow/example_dags/example_xcom.py
[2025-01-27T11:02:46.992+0000] {processor.py:914} INFO - Processing file /home/airflow/.local/lib/python3.12/site-packages/airflow/example_dags/example_xcom.py for tasks to queue
[2025-01-27T11:02:47.013+0000] {logging_mixin.py:190} INFO - [2025-01-27T11:02:47.012+0000] {dagbag.py:588} INFO - Filling up the DagBag from /home/airflow/.local/lib/python3.12/site-packages/airflow/example_dags/example_xcom.py
[2025-01-27T11:02:47.049+0000] {processor.py:925} INFO - DAG(s) 'example_xcom' retrieved from /home/airflow/.local/lib/python3.12/site-packages/airflow/example_dags/example_xcom.py
[2025-01-27T11:02:47.090+0000] {logging_mixin.py:190} INFO - [2025-01-27T11:02:47.090+0000] {dag.py:3239} INFO - Sync 1 DAGs
[2025-01-27T11:02:47.133+0000] {logging_mixin.py:190} INFO - [2025-01-27T11:02:47.132+0000] {dag.py:4180} INFO - Setting next_dagrun for example_xcom to 2021-01-01 00:00:00+00:00, run_after=2021-01-01 00:00:00+00:00
[2025-01-27T11:02:47.177+0000] {processor.py:208} INFO - Processing /home/airflow/.local/lib/python3.12/site-packages/airflow/example_dags/example_xcom.py took 0.207 seconds
[2025-01-27T11:03:17.389+0000] {processor.py:186} INFO - Started process (PID=913) to work on /home/airflow/.local/lib/python3.12/site-packages/airflow/example_dags/example_xcom.py
[2025-01-27T11:03:17.391+0000] {processor.py:914} INFO - Processing file /home/airflow/.local/lib/python3.12/site-packages/airflow/example_dags/example_xcom.py for tasks to queue
[2025-01-27T11:03:17.394+0000] {logging_mixin.py:190} INFO - [2025-01-27T11:03:17.394+0000] {dagbag.py:588} INFO - Filling up the DagBag from /home/airflow/.local/lib/python3.12/site-packages/airflow/example_dags/example_xcom.py
[2025-01-27T11:03:17.415+0000] {processor.py:925} INFO - DAG(s) 'example_xcom' retrieved from /home/airflow/.local/lib/python3.12/site-packages/airflow/example_dags/example_xcom.py
[2025-01-27T11:03:17.453+0000] {logging_mixin.py:190} INFO - [2025-01-27T11:03:17.453+0000] {dag.py:3239} INFO - Sync 1 DAGs
[2025-01-27T11:03:17.555+0000] {logging_mixin.py:190} INFO - [2025-01-27T11:03:17.554+0000] {dag.py:4180} INFO - Setting next_dagrun for example_xcom to 2021-01-01 00:00:00+00:00, run_after=2021-01-01 00:00:00+00:00
[2025-01-27T11:03:17.593+0000] {processor.py:208} INFO - Processing /home/airflow/.local/lib/python3.12/site-packages/airflow/example_dags/example_xcom.py took 0.215 seconds
[2025-01-27T11:03:48.311+0000] {processor.py:186} INFO - Started process (PID=977) to work on /home/airflow/.local/lib/python3.12/site-packages/airflow/example_dags/example_xcom.py
[2025-01-27T11:03:48.379+0000] {processor.py:914} INFO - Processing file /home/airflow/.local/lib/python3.12/site-packages/airflow/example_dags/example_xcom.py for tasks to queue
[2025-01-27T11:03:48.387+0000] {logging_mixin.py:190} INFO - [2025-01-27T11:03:48.386+0000] {dagbag.py:588} INFO - Filling up the DagBag from /home/airflow/.local/lib/python3.12/site-packages/airflow/example_dags/example_xcom.py
[2025-01-27T11:03:48.448+0000] {processor.py:925} INFO - DAG(s) 'example_xcom' retrieved from /home/airflow/.local/lib/python3.12/site-packages/airflow/example_dags/example_xcom.py
[2025-01-27T11:03:48.612+0000] {logging_mixin.py:190} INFO - [2025-01-27T11:03:48.611+0000] {dag.py:3239} INFO - Sync 1 DAGs
[2025-01-27T11:03:48.684+0000] {logging_mixin.py:190} INFO - [2025-01-27T11:03:48.683+0000] {dag.py:4180} INFO - Setting next_dagrun for example_xcom to 2021-01-01 00:00:00+00:00, run_after=2021-01-01 00:00:00+00:00
[2025-01-27T11:03:48.716+0000] {processor.py:208} INFO - Processing /home/airflow/.local/lib/python3.12/site-packages/airflow/example_dags/example_xcom.py took 0.445 seconds
[2025-01-27T11:04:48.155+0000] {processor.py:186} INFO - Started process (PID=1046) to work on /home/airflow/.local/lib/python3.12/site-packages/airflow/example_dags/example_xcom.py
[2025-01-27T11:04:48.163+0000] {processor.py:914} INFO - Processing file /home/airflow/.local/lib/python3.12/site-packages/airflow/example_dags/example_xcom.py for tasks to queue
[2025-01-27T11:04:48.219+0000] {logging_mixin.py:190} INFO - [2025-01-27T11:04:48.218+0000] {dagbag.py:588} INFO - Filling up the DagBag from /home/airflow/.local/lib/python3.12/site-packages/airflow/example_dags/example_xcom.py
[2025-01-27T11:04:48.361+0000] {processor.py:925} INFO - DAG(s) 'example_xcom' retrieved from /home/airflow/.local/lib/python3.12/site-packages/airflow/example_dags/example_xcom.py
[2025-01-27T11:04:48.536+0000] {logging_mixin.py:190} INFO - [2025-01-27T11:04:48.534+0000] {dag.py:3239} INFO - Sync 1 DAGs
[2025-01-27T11:04:48.731+0000] {logging_mixin.py:190} INFO - [2025-01-27T11:04:48.723+0000] {dag.py:4180} INFO - Setting next_dagrun for example_xcom to 2021-01-01 00:00:00+00:00, run_after=2021-01-01 00:00:00+00:00
[2025-01-27T11:04:48.963+0000] {processor.py:208} INFO - Processing /home/airflow/.local/lib/python3.12/site-packages/airflow/example_dags/example_xcom.py took 0.831 seconds
[2025-01-27T11:14:49.637+0000] {processor.py:186} INFO - Started process (PID=1111) to work on /home/airflow/.local/lib/python3.12/site-packages/airflow/example_dags/example_xcom.py
[2025-01-27T11:14:49.641+0000] {processor.py:914} INFO - Processing file /home/airflow/.local/lib/python3.12/site-packages/airflow/example_dags/example_xcom.py for tasks to queue
[2025-01-27T11:14:49.645+0000] {logging_mixin.py:190} INFO - [2025-01-27T11:14:49.644+0000] {dagbag.py:588} INFO - Filling up the DagBag from /home/airflow/.local/lib/python3.12/site-packages/airflow/example_dags/example_xcom.py
[2025-01-27T11:14:49.680+0000] {processor.py:925} INFO - DAG(s) 'example_xcom' retrieved from /home/airflow/.local/lib/python3.12/site-packages/airflow/example_dags/example_xcom.py
[2025-01-27T11:14:49.788+0000] {logging_mixin.py:190} INFO - [2025-01-27T11:14:49.788+0000] {dag.py:3239} INFO - Sync 1 DAGs
[2025-01-27T11:14:49.882+0000] {logging_mixin.py:190} INFO - [2025-01-27T11:14:49.881+0000] {dag.py:4180} INFO - Setting next_dagrun for example_xcom to 2021-01-01 00:00:00+00:00, run_after=2021-01-01 00:00:00+00:00
[2025-01-27T11:14:49.948+0000] {processor.py:208} INFO - Processing /home/airflow/.local/lib/python3.12/site-packages/airflow/example_dags/example_xcom.py took 0.331 seconds
[2025-01-27T11:15:21.676+0000] {processor.py:186} INFO - Started process (PID=1175) to work on /home/airflow/.local/lib/python3.12/site-packages/airflow/example_dags/example_xcom.py
[2025-01-27T11:15:21.678+0000] {processor.py:914} INFO - Processing file /home/airflow/.local/lib/python3.12/site-packages/airflow/example_dags/example_xcom.py for tasks to queue
[2025-01-27T11:15:21.682+0000] {logging_mixin.py:190} INFO - [2025-01-27T11:15:21.681+0000] {dagbag.py:588} INFO - Filling up the DagBag from /home/airflow/.local/lib/python3.12/site-packages/airflow/example_dags/example_xcom.py
[2025-01-27T11:15:21.704+0000] {processor.py:925} INFO - DAG(s) 'example_xcom' retrieved from /home/airflow/.local/lib/python3.12/site-packages/airflow/example_dags/example_xcom.py
[2025-01-27T11:15:21.753+0000] {logging_mixin.py:190} INFO - [2025-01-27T11:15:21.753+0000] {dag.py:3239} INFO - Sync 1 DAGs
[2025-01-27T11:15:21.828+0000] {logging_mixin.py:190} INFO - [2025-01-27T11:15:21.827+0000] {dag.py:4180} INFO - Setting next_dagrun for example_xcom to 2021-01-01 00:00:00+00:00, run_after=2021-01-01 00:00:00+00:00
[2025-01-27T11:15:21.868+0000] {processor.py:208} INFO - Processing /home/airflow/.local/lib/python3.12/site-packages/airflow/example_dags/example_xcom.py took 0.204 seconds
[2025-01-27T11:15:53.831+0000] {processor.py:186} INFO - Started process (PID=1239) to work on /home/airflow/.local/lib/python3.12/site-packages/airflow/example_dags/example_xcom.py
[2025-01-27T11:15:53.841+0000] {processor.py:914} INFO - Processing file /home/airflow/.local/lib/python3.12/site-packages/airflow/example_dags/example_xcom.py for tasks to queue
[2025-01-27T11:15:53.845+0000] {logging_mixin.py:190} INFO - [2025-01-27T11:15:53.844+0000] {dagbag.py:588} INFO - Filling up the DagBag from /home/airflow/.local/lib/python3.12/site-packages/airflow/example_dags/example_xcom.py
[2025-01-27T11:15:53.871+0000] {processor.py:925} INFO - DAG(s) 'example_xcom' retrieved from /home/airflow/.local/lib/python3.12/site-packages/airflow/example_dags/example_xcom.py
[2025-01-27T11:15:53.936+0000] {logging_mixin.py:190} INFO - [2025-01-27T11:15:53.935+0000] {dag.py:3239} INFO - Sync 1 DAGs
[2025-01-27T11:15:53.975+0000] {logging_mixin.py:190} INFO - [2025-01-27T11:15:53.975+0000] {dag.py:4180} INFO - Setting next_dagrun for example_xcom to 2021-01-01 00:00:00+00:00, run_after=2021-01-01 00:00:00+00:00
[2025-01-27T11:15:54.010+0000] {processor.py:208} INFO - Processing /home/airflow/.local/lib/python3.12/site-packages/airflow/example_dags/example_xcom.py took 0.190 seconds
[2025-01-27T11:18:16.759+0000] {processor.py:186} INFO - Started process (PID=1313) to work on /home/airflow/.local/lib/python3.12/site-packages/airflow/example_dags/example_xcom.py
[2025-01-27T11:18:16.765+0000] {processor.py:914} INFO - Processing file /home/airflow/.local/lib/python3.12/site-packages/airflow/example_dags/example_xcom.py for tasks to queue
[2025-01-27T11:18:16.768+0000] {logging_mixin.py:190} INFO - [2025-01-27T11:18:16.767+0000] {dagbag.py:588} INFO - Filling up the DagBag from /home/airflow/.local/lib/python3.12/site-packages/airflow/example_dags/example_xcom.py
[2025-01-27T11:18:16.793+0000] {processor.py:925} INFO - DAG(s) 'example_xcom' retrieved from /home/airflow/.local/lib/python3.12/site-packages/airflow/example_dags/example_xcom.py
[2025-01-27T11:18:16.907+0000] {logging_mixin.py:190} INFO - [2025-01-27T11:18:16.907+0000] {dag.py:3239} INFO - Sync 1 DAGs
[2025-01-27T11:18:16.985+0000] {logging_mixin.py:190} INFO - [2025-01-27T11:18:16.983+0000] {dag.py:4180} INFO - Setting next_dagrun for example_xcom to 2021-01-01 00:00:00+00:00, run_after=2021-01-01 00:00:00+00:00
[2025-01-27T11:18:17.034+0000] {processor.py:208} INFO - Processing /home/airflow/.local/lib/python3.12/site-packages/airflow/example_dags/example_xcom.py took 0.302 seconds
[2025-01-27T11:19:08.261+0000] {processor.py:186} INFO - Started process (PID=1376) to work on /home/airflow/.local/lib/python3.12/site-packages/airflow/example_dags/example_xcom.py
[2025-01-27T11:19:08.264+0000] {processor.py:914} INFO - Processing file /home/airflow/.local/lib/python3.12/site-packages/airflow/example_dags/example_xcom.py for tasks to queue
[2025-01-27T11:19:08.270+0000] {logging_mixin.py:190} INFO - [2025-01-27T11:19:08.267+0000] {dagbag.py:588} INFO - Filling up the DagBag from /home/airflow/.local/lib/python3.12/site-packages/airflow/example_dags/example_xcom.py
[2025-01-27T11:19:08.310+0000] {processor.py:925} INFO - DAG(s) 'example_xcom' retrieved from /home/airflow/.local/lib/python3.12/site-packages/airflow/example_dags/example_xcom.py
[2025-01-27T11:19:08.377+0000] {logging_mixin.py:190} INFO - [2025-01-27T11:19:08.376+0000] {dag.py:3239} INFO - Sync 1 DAGs
[2025-01-27T11:19:08.468+0000] {logging_mixin.py:190} INFO - [2025-01-27T11:19:08.467+0000] {dag.py:4180} INFO - Setting next_dagrun for example_xcom to 2021-01-01 00:00:00+00:00, run_after=2021-01-01 00:00:00+00:00
[2025-01-27T11:19:08.615+0000] {processor.py:208} INFO - Processing /home/airflow/.local/lib/python3.12/site-packages/airflow/example_dags/example_xcom.py took 0.372 seconds
[2025-01-27T11:19:38.835+0000] {processor.py:186} INFO - Started process (PID=1440) to work on /home/airflow/.local/lib/python3.12/site-packages/airflow/example_dags/example_xcom.py
[2025-01-27T11:19:38.849+0000] {processor.py:914} INFO - Processing file /home/airflow/.local/lib/python3.12/site-packages/airflow/example_dags/example_xcom.py for tasks to queue
[2025-01-27T11:19:38.867+0000] {logging_mixin.py:190} INFO - [2025-01-27T11:19:38.867+0000] {dagbag.py:588} INFO - Filling up the DagBag from /home/airflow/.local/lib/python3.12/site-packages/airflow/example_dags/example_xcom.py
[2025-01-27T11:19:38.934+0000] {processor.py:925} INFO - DAG(s) 'example_xcom' retrieved from /home/airflow/.local/lib/python3.12/site-packages/airflow/example_dags/example_xcom.py
[2025-01-27T11:19:38.998+0000] {logging_mixin.py:190} INFO - [2025-01-27T11:19:38.997+0000] {dag.py:3239} INFO - Sync 1 DAGs
[2025-01-27T11:19:39.073+0000] {logging_mixin.py:190} INFO - [2025-01-27T11:19:39.072+0000] {dag.py:4180} INFO - Setting next_dagrun for example_xcom to 2021-01-01 00:00:00+00:00, run_after=2021-01-01 00:00:00+00:00
[2025-01-27T11:19:39.116+0000] {processor.py:208} INFO - Processing /home/airflow/.local/lib/python3.12/site-packages/airflow/example_dags/example_xcom.py took 0.306 seconds
[2025-01-27T11:20:09.553+0000] {processor.py:186} INFO - Started process (PID=1504) to work on /home/airflow/.local/lib/python3.12/site-packages/airflow/example_dags/example_xcom.py
[2025-01-27T11:20:09.555+0000] {processor.py:914} INFO - Processing file /home/airflow/.local/lib/python3.12/site-packages/airflow/example_dags/example_xcom.py for tasks to queue
[2025-01-27T11:20:09.558+0000] {logging_mixin.py:190} INFO - [2025-01-27T11:20:09.557+0000] {dagbag.py:588} INFO - Filling up the DagBag from /home/airflow/.local/lib/python3.12/site-packages/airflow/example_dags/example_xcom.py
[2025-01-27T11:20:09.578+0000] {processor.py:925} INFO - DAG(s) 'example_xcom' retrieved from /home/airflow/.local/lib/python3.12/site-packages/airflow/example_dags/example_xcom.py
[2025-01-27T11:20:09.625+0000] {logging_mixin.py:190} INFO - [2025-01-27T11:20:09.625+0000] {dag.py:3239} INFO - Sync 1 DAGs
[2025-01-27T11:20:09.672+0000] {logging_mixin.py:190} INFO - [2025-01-27T11:20:09.672+0000] {dag.py:4180} INFO - Setting next_dagrun for example_xcom to 2021-01-01 00:00:00+00:00, run_after=2021-01-01 00:00:00+00:00
[2025-01-27T11:20:09.715+0000] {processor.py:208} INFO - Processing /home/airflow/.local/lib/python3.12/site-packages/airflow/example_dags/example_xcom.py took 0.173 seconds
[2025-01-27T11:36:47.957+0000] {processor.py:186} INFO - Started process (PID=147) to work on /home/airflow/.local/lib/python3.12/site-packages/airflow/example_dags/example_xcom.py
[2025-01-27T11:36:47.960+0000] {processor.py:914} INFO - Processing file /home/airflow/.local/lib/python3.12/site-packages/airflow/example_dags/example_xcom.py for tasks to queue
[2025-01-27T11:36:47.988+0000] {logging_mixin.py:190} INFO - [2025-01-27T11:36:47.974+0000] {dagbag.py:588} INFO - Filling up the DagBag from /home/airflow/.local/lib/python3.12/site-packages/airflow/example_dags/example_xcom.py
[2025-01-27T11:36:48.011+0000] {processor.py:925} INFO - DAG(s) 'example_xcom' retrieved from /home/airflow/.local/lib/python3.12/site-packages/airflow/example_dags/example_xcom.py
[2025-01-27T11:36:48.100+0000] {logging_mixin.py:190} INFO - [2025-01-27T11:36:48.098+0000] {dag.py:3239} INFO - Sync 1 DAGs
[2025-01-27T11:36:48.202+0000] {logging_mixin.py:190} INFO - [2025-01-27T11:36:48.202+0000] {dag.py:4180} INFO - Setting next_dagrun for example_xcom to 2021-01-01 00:00:00+00:00, run_after=2021-01-01 00:00:00+00:00
[2025-01-27T11:36:48.253+0000] {processor.py:208} INFO - Processing /home/airflow/.local/lib/python3.12/site-packages/airflow/example_dags/example_xcom.py took 0.328 seconds
[2025-01-27T11:38:05.717+0000] {processor.py:186} INFO - Started process (PID=222) to work on /home/airflow/.local/lib/python3.12/site-packages/airflow/example_dags/example_xcom.py
[2025-01-27T11:38:05.737+0000] {processor.py:914} INFO - Processing file /home/airflow/.local/lib/python3.12/site-packages/airflow/example_dags/example_xcom.py for tasks to queue
[2025-01-27T11:38:05.755+0000] {logging_mixin.py:190} INFO - [2025-01-27T11:38:05.752+0000] {dagbag.py:588} INFO - Filling up the DagBag from /home/airflow/.local/lib/python3.12/site-packages/airflow/example_dags/example_xcom.py
[2025-01-27T11:38:05.876+0000] {processor.py:925} INFO - DAG(s) 'example_xcom' retrieved from /home/airflow/.local/lib/python3.12/site-packages/airflow/example_dags/example_xcom.py
[2025-01-27T11:38:05.941+0000] {logging_mixin.py:190} INFO - [2025-01-27T11:38:05.941+0000] {dag.py:3239} INFO - Sync 1 DAGs
[2025-01-27T11:38:06.013+0000] {logging_mixin.py:190} INFO - [2025-01-27T11:38:06.012+0000] {dag.py:4180} INFO - Setting next_dagrun for example_xcom to 2021-01-01 00:00:00+00:00, run_after=2021-01-01 00:00:00+00:00
[2025-01-27T11:38:06.070+0000] {processor.py:208} INFO - Processing /home/airflow/.local/lib/python3.12/site-packages/airflow/example_dags/example_xcom.py took 0.421 seconds
[2025-01-27T11:38:42.970+0000] {processor.py:186} INFO - Started process (PID=286) to work on /home/airflow/.local/lib/python3.12/site-packages/airflow/example_dags/example_xcom.py
[2025-01-27T11:38:42.973+0000] {processor.py:914} INFO - Processing file /home/airflow/.local/lib/python3.12/site-packages/airflow/example_dags/example_xcom.py for tasks to queue
[2025-01-27T11:38:42.991+0000] {logging_mixin.py:190} INFO - [2025-01-27T11:38:42.990+0000] {dagbag.py:588} INFO - Filling up the DagBag from /home/airflow/.local/lib/python3.12/site-packages/airflow/example_dags/example_xcom.py
[2025-01-27T11:38:43.059+0000] {processor.py:925} INFO - DAG(s) 'example_xcom' retrieved from /home/airflow/.local/lib/python3.12/site-packages/airflow/example_dags/example_xcom.py
[2025-01-27T11:38:43.209+0000] {logging_mixin.py:190} INFO - [2025-01-27T11:38:43.208+0000] {dag.py:3239} INFO - Sync 1 DAGs
[2025-01-27T11:38:43.403+0000] {logging_mixin.py:190} INFO - [2025-01-27T11:38:43.403+0000] {dag.py:4180} INFO - Setting next_dagrun for example_xcom to 2021-01-01 00:00:00+00:00, run_after=2021-01-01 00:00:00+00:00
[2025-01-27T11:38:43.520+0000] {processor.py:208} INFO - Processing /home/airflow/.local/lib/python3.12/site-packages/airflow/example_dags/example_xcom.py took 0.588 seconds
[2025-01-27T11:39:16.339+0000] {processor.py:186} INFO - Started process (PID=351) to work on /home/airflow/.local/lib/python3.12/site-packages/airflow/example_dags/example_xcom.py
[2025-01-27T11:39:16.342+0000] {processor.py:914} INFO - Processing file /home/airflow/.local/lib/python3.12/site-packages/airflow/example_dags/example_xcom.py for tasks to queue
[2025-01-27T11:39:16.347+0000] {logging_mixin.py:190} INFO - [2025-01-27T11:39:16.346+0000] {dagbag.py:588} INFO - Filling up the DagBag from /home/airflow/.local/lib/python3.12/site-packages/airflow/example_dags/example_xcom.py
[2025-01-27T11:39:16.392+0000] {processor.py:925} INFO - DAG(s) 'example_xcom' retrieved from /home/airflow/.local/lib/python3.12/site-packages/airflow/example_dags/example_xcom.py
[2025-01-27T11:39:16.455+0000] {logging_mixin.py:190} INFO - [2025-01-27T11:39:16.454+0000] {dag.py:3239} INFO - Sync 1 DAGs
[2025-01-27T11:39:16.516+0000] {logging_mixin.py:190} INFO - [2025-01-27T11:39:16.515+0000] {dag.py:4180} INFO - Setting next_dagrun for example_xcom to 2021-01-01 00:00:00+00:00, run_after=2021-01-01 00:00:00+00:00
[2025-01-27T11:39:16.580+0000] {processor.py:208} INFO - Processing /home/airflow/.local/lib/python3.12/site-packages/airflow/example_dags/example_xcom.py took 0.291 seconds
[2025-01-27T11:39:48.214+0000] {processor.py:186} INFO - Started process (PID=415) to work on /home/airflow/.local/lib/python3.12/site-packages/airflow/example_dags/example_xcom.py
[2025-01-27T11:39:48.219+0000] {processor.py:914} INFO - Processing file /home/airflow/.local/lib/python3.12/site-packages/airflow/example_dags/example_xcom.py for tasks to queue
[2025-01-27T11:39:48.230+0000] {logging_mixin.py:190} INFO - [2025-01-27T11:39:48.229+0000] {dagbag.py:588} INFO - Filling up the DagBag from /home/airflow/.local/lib/python3.12/site-packages/airflow/example_dags/example_xcom.py
[2025-01-27T11:39:48.303+0000] {processor.py:925} INFO - DAG(s) 'example_xcom' retrieved from /home/airflow/.local/lib/python3.12/site-packages/airflow/example_dags/example_xcom.py
[2025-01-27T11:39:48.352+0000] {logging_mixin.py:190} INFO - [2025-01-27T11:39:48.352+0000] {dag.py:3239} INFO - Sync 1 DAGs
[2025-01-27T11:39:48.409+0000] {logging_mixin.py:190} INFO - [2025-01-27T11:39:48.408+0000] {dag.py:4180} INFO - Setting next_dagrun for example_xcom to 2021-01-01 00:00:00+00:00, run_after=2021-01-01 00:00:00+00:00
[2025-01-27T11:39:48.443+0000] {processor.py:208} INFO - Processing /home/airflow/.local/lib/python3.12/site-packages/airflow/example_dags/example_xcom.py took 0.273 seconds
[2025-01-27T11:40:19.435+0000] {processor.py:186} INFO - Started process (PID=480) to work on /home/airflow/.local/lib/python3.12/site-packages/airflow/example_dags/example_xcom.py
[2025-01-27T11:40:19.437+0000] {processor.py:914} INFO - Processing file /home/airflow/.local/lib/python3.12/site-packages/airflow/example_dags/example_xcom.py for tasks to queue
[2025-01-27T11:40:19.441+0000] {logging_mixin.py:190} INFO - [2025-01-27T11:40:19.440+0000] {dagbag.py:588} INFO - Filling up the DagBag from /home/airflow/.local/lib/python3.12/site-packages/airflow/example_dags/example_xcom.py
[2025-01-27T11:40:19.457+0000] {processor.py:925} INFO - DAG(s) 'example_xcom' retrieved from /home/airflow/.local/lib/python3.12/site-packages/airflow/example_dags/example_xcom.py
[2025-01-27T11:40:19.493+0000] {logging_mixin.py:190} INFO - [2025-01-27T11:40:19.493+0000] {dag.py:3239} INFO - Sync 1 DAGs
[2025-01-27T11:40:19.539+0000] {logging_mixin.py:190} INFO - [2025-01-27T11:40:19.538+0000] {dag.py:4180} INFO - Setting next_dagrun for example_xcom to 2021-01-01 00:00:00+00:00, run_after=2021-01-01 00:00:00+00:00
[2025-01-27T11:40:19.583+0000] {processor.py:208} INFO - Processing /home/airflow/.local/lib/python3.12/site-packages/airflow/example_dags/example_xcom.py took 0.157 seconds
[2025-01-27T11:40:50.442+0000] {processor.py:186} INFO - Started process (PID=544) to work on /home/airflow/.local/lib/python3.12/site-packages/airflow/example_dags/example_xcom.py
[2025-01-27T11:40:50.444+0000] {processor.py:914} INFO - Processing file /home/airflow/.local/lib/python3.12/site-packages/airflow/example_dags/example_xcom.py for tasks to queue
[2025-01-27T11:40:50.448+0000] {logging_mixin.py:190} INFO - [2025-01-27T11:40:50.448+0000] {dagbag.py:588} INFO - Filling up the DagBag from /home/airflow/.local/lib/python3.12/site-packages/airflow/example_dags/example_xcom.py
[2025-01-27T11:40:50.470+0000] {processor.py:925} INFO - DAG(s) 'example_xcom' retrieved from /home/airflow/.local/lib/python3.12/site-packages/airflow/example_dags/example_xcom.py
[2025-01-27T11:40:50.521+0000] {logging_mixin.py:190} INFO - [2025-01-27T11:40:50.520+0000] {dag.py:3239} INFO - Sync 1 DAGs
[2025-01-27T11:40:50.568+0000] {logging_mixin.py:190} INFO - [2025-01-27T11:40:50.568+0000] {dag.py:4180} INFO - Setting next_dagrun for example_xcom to 2021-01-01 00:00:00+00:00, run_after=2021-01-01 00:00:00+00:00
[2025-01-27T11:40:50.599+0000] {processor.py:208} INFO - Processing /home/airflow/.local/lib/python3.12/site-packages/airflow/example_dags/example_xcom.py took 0.167 seconds
[2025-01-27T11:41:20.694+0000] {processor.py:186} INFO - Started process (PID=607) to work on /home/airflow/.local/lib/python3.12/site-packages/airflow/example_dags/example_xcom.py
[2025-01-27T11:41:20.696+0000] {processor.py:914} INFO - Processing file /home/airflow/.local/lib/python3.12/site-packages/airflow/example_dags/example_xcom.py for tasks to queue
[2025-01-27T11:41:20.699+0000] {logging_mixin.py:190} INFO - [2025-01-27T11:41:20.699+0000] {dagbag.py:588} INFO - Filling up the DagBag from /home/airflow/.local/lib/python3.12/site-packages/airflow/example_dags/example_xcom.py
[2025-01-27T11:41:20.718+0000] {processor.py:925} INFO - DAG(s) 'example_xcom' retrieved from /home/airflow/.local/lib/python3.12/site-packages/airflow/example_dags/example_xcom.py
[2025-01-27T11:41:20.769+0000] {logging_mixin.py:190} INFO - [2025-01-27T11:41:20.769+0000] {dag.py:3239} INFO - Sync 1 DAGs
[2025-01-27T11:41:20.809+0000] {logging_mixin.py:190} INFO - [2025-01-27T11:41:20.808+0000] {dag.py:4180} INFO - Setting next_dagrun for example_xcom to 2021-01-01 00:00:00+00:00, run_after=2021-01-01 00:00:00+00:00
[2025-01-27T11:41:20.839+0000] {processor.py:208} INFO - Processing /home/airflow/.local/lib/python3.12/site-packages/airflow/example_dags/example_xcom.py took 0.155 seconds
[2025-01-27T11:41:51.781+0000] {processor.py:186} INFO - Started process (PID=671) to work on /home/airflow/.local/lib/python3.12/site-packages/airflow/example_dags/example_xcom.py
[2025-01-27T11:41:51.783+0000] {processor.py:914} INFO - Processing file /home/airflow/.local/lib/python3.12/site-packages/airflow/example_dags/example_xcom.py for tasks to queue
[2025-01-27T11:41:51.789+0000] {logging_mixin.py:190} INFO - [2025-01-27T11:41:51.788+0000] {dagbag.py:588} INFO - Filling up the DagBag from /home/airflow/.local/lib/python3.12/site-packages/airflow/example_dags/example_xcom.py
[2025-01-27T11:41:51.805+0000] {processor.py:925} INFO - DAG(s) 'example_xcom' retrieved from /home/airflow/.local/lib/python3.12/site-packages/airflow/example_dags/example_xcom.py
[2025-01-27T11:41:51.844+0000] {logging_mixin.py:190} INFO - [2025-01-27T11:41:51.844+0000] {dag.py:3239} INFO - Sync 1 DAGs
[2025-01-27T11:41:51.881+0000] {logging_mixin.py:190} INFO - [2025-01-27T11:41:51.881+0000] {dag.py:4180} INFO - Setting next_dagrun for example_xcom to 2021-01-01 00:00:00+00:00, run_after=2021-01-01 00:00:00+00:00
[2025-01-27T11:41:51.909+0000] {processor.py:208} INFO - Processing /home/airflow/.local/lib/python3.12/site-packages/airflow/example_dags/example_xcom.py took 0.140 seconds
[2025-01-27T11:42:22.093+0000] {processor.py:186} INFO - Started process (PID=735) to work on /home/airflow/.local/lib/python3.12/site-packages/airflow/example_dags/example_xcom.py
[2025-01-27T11:42:22.095+0000] {processor.py:914} INFO - Processing file /home/airflow/.local/lib/python3.12/site-packages/airflow/example_dags/example_xcom.py for tasks to queue
[2025-01-27T11:42:22.100+0000] {logging_mixin.py:190} INFO - [2025-01-27T11:42:22.100+0000] {dagbag.py:588} INFO - Filling up the DagBag from /home/airflow/.local/lib/python3.12/site-packages/airflow/example_dags/example_xcom.py
[2025-01-27T11:42:22.122+0000] {processor.py:925} INFO - DAG(s) 'example_xcom' retrieved from /home/airflow/.local/lib/python3.12/site-packages/airflow/example_dags/example_xcom.py
[2025-01-27T11:42:22.184+0000] {logging_mixin.py:190} INFO - [2025-01-27T11:42:22.184+0000] {dag.py:3239} INFO - Sync 1 DAGs
[2025-01-27T11:42:22.267+0000] {logging_mixin.py:190} INFO - [2025-01-27T11:42:22.267+0000] {dag.py:4180} INFO - Setting next_dagrun for example_xcom to 2021-01-01 00:00:00+00:00, run_after=2021-01-01 00:00:00+00:00
[2025-01-27T11:42:22.307+0000] {processor.py:208} INFO - Processing /home/airflow/.local/lib/python3.12/site-packages/airflow/example_dags/example_xcom.py took 0.226 seconds
[2025-01-27T11:42:52.924+0000] {processor.py:186} INFO - Started process (PID=799) to work on /home/airflow/.local/lib/python3.12/site-packages/airflow/example_dags/example_xcom.py
[2025-01-27T11:42:52.927+0000] {processor.py:914} INFO - Processing file /home/airflow/.local/lib/python3.12/site-packages/airflow/example_dags/example_xcom.py for tasks to queue
[2025-01-27T11:42:52.931+0000] {logging_mixin.py:190} INFO - [2025-01-27T11:42:52.931+0000] {dagbag.py:588} INFO - Filling up the DagBag from /home/airflow/.local/lib/python3.12/site-packages/airflow/example_dags/example_xcom.py
[2025-01-27T11:42:52.951+0000] {processor.py:925} INFO - DAG(s) 'example_xcom' retrieved from /home/airflow/.local/lib/python3.12/site-packages/airflow/example_dags/example_xcom.py
[2025-01-27T11:42:52.992+0000] {logging_mixin.py:190} INFO - [2025-01-27T11:42:52.992+0000] {dag.py:3239} INFO - Sync 1 DAGs
[2025-01-27T11:42:53.036+0000] {logging_mixin.py:190} INFO - [2025-01-27T11:42:53.036+0000] {dag.py:4180} INFO - Setting next_dagrun for example_xcom to 2021-01-01 00:00:00+00:00, run_after=2021-01-01 00:00:00+00:00
[2025-01-27T11:42:53.066+0000] {processor.py:208} INFO - Processing /home/airflow/.local/lib/python3.12/site-packages/airflow/example_dags/example_xcom.py took 0.155 seconds
[2025-01-27T11:43:23.508+0000] {processor.py:186} INFO - Started process (PID=864) to work on /home/airflow/.local/lib/python3.12/site-packages/airflow/example_dags/example_xcom.py
[2025-01-27T11:43:23.509+0000] {processor.py:914} INFO - Processing file /home/airflow/.local/lib/python3.12/site-packages/airflow/example_dags/example_xcom.py for tasks to queue
[2025-01-27T11:43:23.513+0000] {logging_mixin.py:190} INFO - [2025-01-27T11:43:23.513+0000] {dagbag.py:588} INFO - Filling up the DagBag from /home/airflow/.local/lib/python3.12/site-packages/airflow/example_dags/example_xcom.py
[2025-01-27T11:43:23.533+0000] {processor.py:925} INFO - DAG(s) 'example_xcom' retrieved from /home/airflow/.local/lib/python3.12/site-packages/airflow/example_dags/example_xcom.py
[2025-01-27T11:43:23.569+0000] {logging_mixin.py:190} INFO - [2025-01-27T11:43:23.569+0000] {dag.py:3239} INFO - Sync 1 DAGs
[2025-01-27T11:43:23.603+0000] {logging_mixin.py:190} INFO - [2025-01-27T11:43:23.603+0000] {dag.py:4180} INFO - Setting next_dagrun for example_xcom to 2021-01-01 00:00:00+00:00, run_after=2021-01-01 00:00:00+00:00
[2025-01-27T11:43:23.636+0000] {processor.py:208} INFO - Processing /home/airflow/.local/lib/python3.12/site-packages/airflow/example_dags/example_xcom.py took 0.141 seconds
[2025-01-27T11:43:53.899+0000] {processor.py:186} INFO - Started process (PID=928) to work on /home/airflow/.local/lib/python3.12/site-packages/airflow/example_dags/example_xcom.py
[2025-01-27T11:43:53.901+0000] {processor.py:914} INFO - Processing file /home/airflow/.local/lib/python3.12/site-packages/airflow/example_dags/example_xcom.py for tasks to queue
[2025-01-27T11:43:53.915+0000] {logging_mixin.py:190} INFO - [2025-01-27T11:43:53.914+0000] {dagbag.py:588} INFO - Filling up the DagBag from /home/airflow/.local/lib/python3.12/site-packages/airflow/example_dags/example_xcom.py
[2025-01-27T11:43:53.956+0000] {processor.py:925} INFO - DAG(s) 'example_xcom' retrieved from /home/airflow/.local/lib/python3.12/site-packages/airflow/example_dags/example_xcom.py
[2025-01-27T11:43:54.027+0000] {logging_mixin.py:190} INFO - [2025-01-27T11:43:54.027+0000] {dag.py:3239} INFO - Sync 1 DAGs
[2025-01-27T11:43:54.110+0000] {logging_mixin.py:190} INFO - [2025-01-27T11:43:54.110+0000] {dag.py:4180} INFO - Setting next_dagrun for example_xcom to 2021-01-01 00:00:00+00:00, run_after=2021-01-01 00:00:00+00:00
[2025-01-27T11:43:54.184+0000] {processor.py:208} INFO - Processing /home/airflow/.local/lib/python3.12/site-packages/airflow/example_dags/example_xcom.py took 0.304 seconds
[2025-01-27T11:44:24.679+0000] {processor.py:186} INFO - Started process (PID=992) to work on /home/airflow/.local/lib/python3.12/site-packages/airflow/example_dags/example_xcom.py
[2025-01-27T11:44:24.681+0000] {processor.py:914} INFO - Processing file /home/airflow/.local/lib/python3.12/site-packages/airflow/example_dags/example_xcom.py for tasks to queue
[2025-01-27T11:44:24.687+0000] {logging_mixin.py:190} INFO - [2025-01-27T11:44:24.686+0000] {dagbag.py:588} INFO - Filling up the DagBag from /home/airflow/.local/lib/python3.12/site-packages/airflow/example_dags/example_xcom.py
[2025-01-27T11:44:24.720+0000] {processor.py:925} INFO - DAG(s) 'example_xcom' retrieved from /home/airflow/.local/lib/python3.12/site-packages/airflow/example_dags/example_xcom.py
[2025-01-27T11:44:24.785+0000] {logging_mixin.py:190} INFO - [2025-01-27T11:44:24.785+0000] {dag.py:3239} INFO - Sync 1 DAGs
[2025-01-27T11:44:24.880+0000] {logging_mixin.py:190} INFO - [2025-01-27T11:44:24.879+0000] {dag.py:4180} INFO - Setting next_dagrun for example_xcom to 2021-01-01 00:00:00+00:00, run_after=2021-01-01 00:00:00+00:00
[2025-01-27T11:44:24.939+0000] {processor.py:208} INFO - Processing /home/airflow/.local/lib/python3.12/site-packages/airflow/example_dags/example_xcom.py took 0.275 seconds
[2025-01-27T11:44:55.560+0000] {processor.py:186} INFO - Started process (PID=1055) to work on /home/airflow/.local/lib/python3.12/site-packages/airflow/example_dags/example_xcom.py
[2025-01-27T11:44:55.562+0000] {processor.py:914} INFO - Processing file /home/airflow/.local/lib/python3.12/site-packages/airflow/example_dags/example_xcom.py for tasks to queue
[2025-01-27T11:44:55.568+0000] {logging_mixin.py:190} INFO - [2025-01-27T11:44:55.567+0000] {dagbag.py:588} INFO - Filling up the DagBag from /home/airflow/.local/lib/python3.12/site-packages/airflow/example_dags/example_xcom.py
[2025-01-27T11:44:55.588+0000] {processor.py:925} INFO - DAG(s) 'example_xcom' retrieved from /home/airflow/.local/lib/python3.12/site-packages/airflow/example_dags/example_xcom.py
[2025-01-27T11:44:55.635+0000] {logging_mixin.py:190} INFO - [2025-01-27T11:44:55.635+0000] {dag.py:3239} INFO - Sync 1 DAGs
[2025-01-27T11:44:55.688+0000] {logging_mixin.py:190} INFO - [2025-01-27T11:44:55.687+0000] {dag.py:4180} INFO - Setting next_dagrun for example_xcom to 2021-01-01 00:00:00+00:00, run_after=2021-01-01 00:00:00+00:00
[2025-01-27T11:44:55.725+0000] {processor.py:208} INFO - Processing /home/airflow/.local/lib/python3.12/site-packages/airflow/example_dags/example_xcom.py took 0.187 seconds
[2025-01-27T11:45:26.501+0000] {processor.py:186} INFO - Started process (PID=1120) to work on /home/airflow/.local/lib/python3.12/site-packages/airflow/example_dags/example_xcom.py
[2025-01-27T11:45:26.503+0000] {processor.py:914} INFO - Processing file /home/airflow/.local/lib/python3.12/site-packages/airflow/example_dags/example_xcom.py for tasks to queue
[2025-01-27T11:45:26.510+0000] {logging_mixin.py:190} INFO - [2025-01-27T11:45:26.509+0000] {dagbag.py:588} INFO - Filling up the DagBag from /home/airflow/.local/lib/python3.12/site-packages/airflow/example_dags/example_xcom.py
[2025-01-27T11:45:26.527+0000] {processor.py:925} INFO - DAG(s) 'example_xcom' retrieved from /home/airflow/.local/lib/python3.12/site-packages/airflow/example_dags/example_xcom.py
[2025-01-27T11:45:26.569+0000] {logging_mixin.py:190} INFO - [2025-01-27T11:45:26.569+0000] {dag.py:3239} INFO - Sync 1 DAGs
[2025-01-27T11:45:26.612+0000] {logging_mixin.py:190} INFO - [2025-01-27T11:45:26.612+0000] {dag.py:4180} INFO - Setting next_dagrun for example_xcom to 2021-01-01 00:00:00+00:00, run_after=2021-01-01 00:00:00+00:00
[2025-01-27T11:45:26.643+0000] {processor.py:208} INFO - Processing /home/airflow/.local/lib/python3.12/site-packages/airflow/example_dags/example_xcom.py took 0.157 seconds
[2025-01-27T11:45:57.080+0000] {processor.py:186} INFO - Started process (PID=1184) to work on /home/airflow/.local/lib/python3.12/site-packages/airflow/example_dags/example_xcom.py
[2025-01-27T11:45:57.082+0000] {processor.py:914} INFO - Processing file /home/airflow/.local/lib/python3.12/site-packages/airflow/example_dags/example_xcom.py for tasks to queue
[2025-01-27T11:45:57.086+0000] {logging_mixin.py:190} INFO - [2025-01-27T11:45:57.085+0000] {dagbag.py:588} INFO - Filling up the DagBag from /home/airflow/.local/lib/python3.12/site-packages/airflow/example_dags/example_xcom.py
[2025-01-27T11:45:57.120+0000] {processor.py:925} INFO - DAG(s) 'example_xcom' retrieved from /home/airflow/.local/lib/python3.12/site-packages/airflow/example_dags/example_xcom.py
[2025-01-27T11:45:57.158+0000] {logging_mixin.py:190} INFO - [2025-01-27T11:45:57.158+0000] {dag.py:3239} INFO - Sync 1 DAGs
[2025-01-27T11:45:57.197+0000] {logging_mixin.py:190} INFO - [2025-01-27T11:45:57.197+0000] {dag.py:4180} INFO - Setting next_dagrun for example_xcom to 2021-01-01 00:00:00+00:00, run_after=2021-01-01 00:00:00+00:00
[2025-01-27T11:45:57.226+0000] {processor.py:208} INFO - Processing /home/airflow/.local/lib/python3.12/site-packages/airflow/example_dags/example_xcom.py took 0.158 seconds
[2025-01-27T11:46:27.630+0000] {processor.py:186} INFO - Started process (PID=1248) to work on /home/airflow/.local/lib/python3.12/site-packages/airflow/example_dags/example_xcom.py
[2025-01-27T11:46:27.632+0000] {processor.py:914} INFO - Processing file /home/airflow/.local/lib/python3.12/site-packages/airflow/example_dags/example_xcom.py for tasks to queue
[2025-01-27T11:46:27.638+0000] {logging_mixin.py:190} INFO - [2025-01-27T11:46:27.638+0000] {dagbag.py:588} INFO - Filling up the DagBag from /home/airflow/.local/lib/python3.12/site-packages/airflow/example_dags/example_xcom.py
[2025-01-27T11:46:27.656+0000] {processor.py:925} INFO - DAG(s) 'example_xcom' retrieved from /home/airflow/.local/lib/python3.12/site-packages/airflow/example_dags/example_xcom.py
[2025-01-27T11:46:27.702+0000] {logging_mixin.py:190} INFO - [2025-01-27T11:46:27.702+0000] {dag.py:3239} INFO - Sync 1 DAGs
[2025-01-27T11:46:27.737+0000] {logging_mixin.py:190} INFO - [2025-01-27T11:46:27.736+0000] {dag.py:4180} INFO - Setting next_dagrun for example_xcom to 2021-01-01 00:00:00+00:00, run_after=2021-01-01 00:00:00+00:00
[2025-01-27T11:46:27.765+0000] {processor.py:208} INFO - Processing /home/airflow/.local/lib/python3.12/site-packages/airflow/example_dags/example_xcom.py took 0.149 seconds
[2025-01-27T11:46:58.735+0000] {processor.py:186} INFO - Started process (PID=1312) to work on /home/airflow/.local/lib/python3.12/site-packages/airflow/example_dags/example_xcom.py
[2025-01-27T11:46:58.737+0000] {processor.py:914} INFO - Processing file /home/airflow/.local/lib/python3.12/site-packages/airflow/example_dags/example_xcom.py for tasks to queue
[2025-01-27T11:46:58.741+0000] {logging_mixin.py:190} INFO - [2025-01-27T11:46:58.740+0000] {dagbag.py:588} INFO - Filling up the DagBag from /home/airflow/.local/lib/python3.12/site-packages/airflow/example_dags/example_xcom.py
[2025-01-27T11:46:58.760+0000] {processor.py:925} INFO - DAG(s) 'example_xcom' retrieved from /home/airflow/.local/lib/python3.12/site-packages/airflow/example_dags/example_xcom.py
[2025-01-27T11:46:58.803+0000] {logging_mixin.py:190} INFO - [2025-01-27T11:46:58.803+0000] {dag.py:3239} INFO - Sync 1 DAGs
[2025-01-27T11:46:58.865+0000] {logging_mixin.py:190} INFO - [2025-01-27T11:46:58.864+0000] {dag.py:4180} INFO - Setting next_dagrun for example_xcom to 2021-01-01 00:00:00+00:00, run_after=2021-01-01 00:00:00+00:00
[2025-01-27T11:46:58.939+0000] {processor.py:208} INFO - Processing /home/airflow/.local/lib/python3.12/site-packages/airflow/example_dags/example_xcom.py took 0.216 seconds
[2025-01-27T11:47:29.232+0000] {processor.py:186} INFO - Started process (PID=1376) to work on /home/airflow/.local/lib/python3.12/site-packages/airflow/example_dags/example_xcom.py
[2025-01-27T11:47:29.234+0000] {processor.py:914} INFO - Processing file /home/airflow/.local/lib/python3.12/site-packages/airflow/example_dags/example_xcom.py for tasks to queue
[2025-01-27T11:47:29.239+0000] {logging_mixin.py:190} INFO - [2025-01-27T11:47:29.239+0000] {dagbag.py:588} INFO - Filling up the DagBag from /home/airflow/.local/lib/python3.12/site-packages/airflow/example_dags/example_xcom.py
[2025-01-27T11:47:29.262+0000] {processor.py:925} INFO - DAG(s) 'example_xcom' retrieved from /home/airflow/.local/lib/python3.12/site-packages/airflow/example_dags/example_xcom.py
[2025-01-27T11:47:29.310+0000] {logging_mixin.py:190} INFO - [2025-01-27T11:47:29.310+0000] {dag.py:3239} INFO - Sync 1 DAGs
[2025-01-27T11:47:29.383+0000] {logging_mixin.py:190} INFO - [2025-01-27T11:47:29.383+0000] {dag.py:4180} INFO - Setting next_dagrun for example_xcom to 2021-01-01 00:00:00+00:00, run_after=2021-01-01 00:00:00+00:00
[2025-01-27T11:47:29.416+0000] {processor.py:208} INFO - Processing /home/airflow/.local/lib/python3.12/site-packages/airflow/example_dags/example_xcom.py took 0.193 seconds
[2025-01-27T11:47:59.740+0000] {processor.py:186} INFO - Started process (PID=1438) to work on /home/airflow/.local/lib/python3.12/site-packages/airflow/example_dags/example_xcom.py
[2025-01-27T11:47:59.743+0000] {processor.py:914} INFO - Processing file /home/airflow/.local/lib/python3.12/site-packages/airflow/example_dags/example_xcom.py for tasks to queue
[2025-01-27T11:47:59.749+0000] {logging_mixin.py:190} INFO - [2025-01-27T11:47:59.749+0000] {dagbag.py:588} INFO - Filling up the DagBag from /home/airflow/.local/lib/python3.12/site-packages/airflow/example_dags/example_xcom.py
[2025-01-27T11:47:59.783+0000] {processor.py:925} INFO - DAG(s) 'example_xcom' retrieved from /home/airflow/.local/lib/python3.12/site-packages/airflow/example_dags/example_xcom.py
[2025-01-27T11:47:59.864+0000] {logging_mixin.py:190} INFO - [2025-01-27T11:47:59.864+0000] {dag.py:3239} INFO - Sync 1 DAGs
[2025-01-27T11:48:00.014+0000] {logging_mixin.py:190} INFO - [2025-01-27T11:48:00.014+0000] {dag.py:4180} INFO - Setting next_dagrun for example_xcom to 2021-01-01 00:00:00+00:00, run_after=2021-01-01 00:00:00+00:00
[2025-01-27T11:48:00.172+0000] {processor.py:208} INFO - Processing /home/airflow/.local/lib/python3.12/site-packages/airflow/example_dags/example_xcom.py took 0.458 seconds
[2025-01-27T11:48:30.775+0000] {processor.py:186} INFO - Started process (PID=1502) to work on /home/airflow/.local/lib/python3.12/site-packages/airflow/example_dags/example_xcom.py
[2025-01-27T11:48:30.777+0000] {processor.py:914} INFO - Processing file /home/airflow/.local/lib/python3.12/site-packages/airflow/example_dags/example_xcom.py for tasks to queue
[2025-01-27T11:48:30.780+0000] {logging_mixin.py:190} INFO - [2025-01-27T11:48:30.780+0000] {dagbag.py:588} INFO - Filling up the DagBag from /home/airflow/.local/lib/python3.12/site-packages/airflow/example_dags/example_xcom.py
[2025-01-27T11:48:30.795+0000] {processor.py:925} INFO - DAG(s) 'example_xcom' retrieved from /home/airflow/.local/lib/python3.12/site-packages/airflow/example_dags/example_xcom.py
[2025-01-27T11:48:30.835+0000] {logging_mixin.py:190} INFO - [2025-01-27T11:48:30.835+0000] {dag.py:3239} INFO - Sync 1 DAGs
[2025-01-27T11:48:30.873+0000] {logging_mixin.py:190} INFO - [2025-01-27T11:48:30.872+0000] {dag.py:4180} INFO - Setting next_dagrun for example_xcom to 2021-01-01 00:00:00+00:00, run_after=2021-01-01 00:00:00+00:00
[2025-01-27T11:48:30.909+0000] {processor.py:208} INFO - Processing /home/airflow/.local/lib/python3.12/site-packages/airflow/example_dags/example_xcom.py took 0.143 seconds
[2025-01-27T11:49:01.347+0000] {processor.py:186} INFO - Started process (PID=1566) to work on /home/airflow/.local/lib/python3.12/site-packages/airflow/example_dags/example_xcom.py
[2025-01-27T11:49:01.349+0000] {processor.py:914} INFO - Processing file /home/airflow/.local/lib/python3.12/site-packages/airflow/example_dags/example_xcom.py for tasks to queue
[2025-01-27T11:49:01.353+0000] {logging_mixin.py:190} INFO - [2025-01-27T11:49:01.352+0000] {dagbag.py:588} INFO - Filling up the DagBag from /home/airflow/.local/lib/python3.12/site-packages/airflow/example_dags/example_xcom.py
[2025-01-27T11:49:01.369+0000] {processor.py:925} INFO - DAG(s) 'example_xcom' retrieved from /home/airflow/.local/lib/python3.12/site-packages/airflow/example_dags/example_xcom.py
[2025-01-27T11:49:01.414+0000] {logging_mixin.py:190} INFO - [2025-01-27T11:49:01.414+0000] {dag.py:3239} INFO - Sync 1 DAGs
[2025-01-27T11:49:01.451+0000] {logging_mixin.py:190} INFO - [2025-01-27T11:49:01.451+0000] {dag.py:4180} INFO - Setting next_dagrun for example_xcom to 2021-01-01 00:00:00+00:00, run_after=2021-01-01 00:00:00+00:00
[2025-01-27T11:49:01.485+0000] {processor.py:208} INFO - Processing /home/airflow/.local/lib/python3.12/site-packages/airflow/example_dags/example_xcom.py took 0.152 seconds
[2025-01-27T11:49:32.101+0000] {processor.py:186} INFO - Started process (PID=1630) to work on /home/airflow/.local/lib/python3.12/site-packages/airflow/example_dags/example_xcom.py
[2025-01-27T11:49:32.103+0000] {processor.py:914} INFO - Processing file /home/airflow/.local/lib/python3.12/site-packages/airflow/example_dags/example_xcom.py for tasks to queue
[2025-01-27T11:49:32.108+0000] {logging_mixin.py:190} INFO - [2025-01-27T11:49:32.107+0000] {dagbag.py:588} INFO - Filling up the DagBag from /home/airflow/.local/lib/python3.12/site-packages/airflow/example_dags/example_xcom.py
[2025-01-27T11:49:32.124+0000] {processor.py:925} INFO - DAG(s) 'example_xcom' retrieved from /home/airflow/.local/lib/python3.12/site-packages/airflow/example_dags/example_xcom.py
[2025-01-27T11:49:32.160+0000] {logging_mixin.py:190} INFO - [2025-01-27T11:49:32.160+0000] {dag.py:3239} INFO - Sync 1 DAGs
[2025-01-27T11:49:32.203+0000] {logging_mixin.py:190} INFO - [2025-01-27T11:49:32.203+0000] {dag.py:4180} INFO - Setting next_dagrun for example_xcom to 2021-01-01 00:00:00+00:00, run_after=2021-01-01 00:00:00+00:00
[2025-01-27T11:49:32.232+0000] {processor.py:208} INFO - Processing /home/airflow/.local/lib/python3.12/site-packages/airflow/example_dags/example_xcom.py took 0.142 seconds
[2025-01-27T11:50:03.213+0000] {processor.py:186} INFO - Started process (PID=1701) to work on /home/airflow/.local/lib/python3.12/site-packages/airflow/example_dags/example_xcom.py
[2025-01-27T11:50:03.215+0000] {processor.py:914} INFO - Processing file /home/airflow/.local/lib/python3.12/site-packages/airflow/example_dags/example_xcom.py for tasks to queue
[2025-01-27T11:50:03.219+0000] {logging_mixin.py:190} INFO - [2025-01-27T11:50:03.218+0000] {dagbag.py:588} INFO - Filling up the DagBag from /home/airflow/.local/lib/python3.12/site-packages/airflow/example_dags/example_xcom.py
[2025-01-27T11:50:03.233+0000] {processor.py:925} INFO - DAG(s) 'example_xcom' retrieved from /home/airflow/.local/lib/python3.12/site-packages/airflow/example_dags/example_xcom.py
[2025-01-27T11:50:03.271+0000] {logging_mixin.py:190} INFO - [2025-01-27T11:50:03.271+0000] {dag.py:3239} INFO - Sync 1 DAGs
[2025-01-27T11:50:03.309+0000] {logging_mixin.py:190} INFO - [2025-01-27T11:50:03.308+0000] {dag.py:4180} INFO - Setting next_dagrun for example_xcom to 2021-01-01 00:00:00+00:00, run_after=2021-01-01 00:00:00+00:00
[2025-01-27T11:50:03.343+0000] {processor.py:208} INFO - Processing /home/airflow/.local/lib/python3.12/site-packages/airflow/example_dags/example_xcom.py took 0.139 seconds
[2025-01-27T11:50:33.702+0000] {processor.py:186} INFO - Started process (PID=1765) to work on /home/airflow/.local/lib/python3.12/site-packages/airflow/example_dags/example_xcom.py
[2025-01-27T11:50:33.703+0000] {processor.py:914} INFO - Processing file /home/airflow/.local/lib/python3.12/site-packages/airflow/example_dags/example_xcom.py for tasks to queue
[2025-01-27T11:50:33.709+0000] {logging_mixin.py:190} INFO - [2025-01-27T11:50:33.708+0000] {dagbag.py:588} INFO - Filling up the DagBag from /home/airflow/.local/lib/python3.12/site-packages/airflow/example_dags/example_xcom.py
[2025-01-27T11:50:33.732+0000] {processor.py:925} INFO - DAG(s) 'example_xcom' retrieved from /home/airflow/.local/lib/python3.12/site-packages/airflow/example_dags/example_xcom.py
[2025-01-27T11:50:33.781+0000] {logging_mixin.py:190} INFO - [2025-01-27T11:50:33.780+0000] {dag.py:3239} INFO - Sync 1 DAGs
[2025-01-27T11:50:33.823+0000] {logging_mixin.py:190} INFO - [2025-01-27T11:50:33.823+0000] {dag.py:4180} INFO - Setting next_dagrun for example_xcom to 2021-01-01 00:00:00+00:00, run_after=2021-01-01 00:00:00+00:00
[2025-01-27T11:50:33.852+0000] {processor.py:208} INFO - Processing /home/airflow/.local/lib/python3.12/site-packages/airflow/example_dags/example_xcom.py took 0.162 seconds
