[2025-01-27T10:34:01.996+0000] {processor.py:186} INFO - Started process (PID=194) to work on /home/airflow/.local/lib/python3.12/site-packages/airflow/example_dags/example_skip_dag.py
[2025-01-27T10:34:01.999+0000] {processor.py:914} INFO - Processing file /home/airflow/.local/lib/python3.12/site-packages/airflow/example_dags/example_skip_dag.py for tasks to queue
[2025-01-27T10:34:02.004+0000] {logging_mixin.py:190} INFO - [2025-01-27T10:34:02.003+0000] {dagbag.py:588} INFO - Filling up the DagBag from /home/airflow/.local/lib/python3.12/site-packages/airflow/example_dags/example_skip_dag.py
[2025-01-27T10:34:02.035+0000] {processor.py:925} INFO - DAG(s) 'example_skip_dag' retrieved from /home/airflow/.local/lib/python3.12/site-packages/airflow/example_dags/example_skip_dag.py
[2025-01-27T10:34:02.210+0000] {logging_mixin.py:190} INFO - [2025-01-27T10:34:02.210+0000] {dag.py:3239} INFO - Sync 1 DAGs
[2025-01-27T10:34:02.352+0000] {logging_mixin.py:190} INFO - [2025-01-27T10:34:02.351+0000] {dag.py:4180} INFO - Setting next_dagrun for example_skip_dag to 2025-01-26 00:00:00+00:00, run_after=2025-01-27 00:00:00+00:00
[2025-01-27T10:34:02.456+0000] {processor.py:208} INFO - Processing /home/airflow/.local/lib/python3.12/site-packages/airflow/example_dags/example_skip_dag.py took 0.477 seconds
[2025-01-27T10:44:59.638+0000] {processor.py:186} INFO - Started process (PID=179) to work on /home/airflow/.local/lib/python3.12/site-packages/airflow/example_dags/example_skip_dag.py
[2025-01-27T10:44:59.642+0000] {processor.py:914} INFO - Processing file /home/airflow/.local/lib/python3.12/site-packages/airflow/example_dags/example_skip_dag.py for tasks to queue
[2025-01-27T10:44:59.650+0000] {logging_mixin.py:190} INFO - [2025-01-27T10:44:59.650+0000] {dagbag.py:588} INFO - Filling up the DagBag from /home/airflow/.local/lib/python3.12/site-packages/airflow/example_dags/example_skip_dag.py
[2025-01-27T10:44:59.683+0000] {processor.py:925} INFO - DAG(s) 'example_skip_dag' retrieved from /home/airflow/.local/lib/python3.12/site-packages/airflow/example_dags/example_skip_dag.py
[2025-01-27T10:44:59.739+0000] {logging_mixin.py:190} INFO - [2025-01-27T10:44:59.738+0000] {dag.py:3239} INFO - Sync 1 DAGs
[2025-01-27T10:44:59.800+0000] {logging_mixin.py:190} INFO - [2025-01-27T10:44:59.799+0000] {dag.py:4180} INFO - Setting next_dagrun for example_skip_dag to 2025-01-26 00:00:00+00:00, run_after=2025-01-27 00:00:00+00:00
[2025-01-27T10:44:59.862+0000] {processor.py:208} INFO - Processing /home/airflow/.local/lib/python3.12/site-packages/airflow/example_dags/example_skip_dag.py took 0.246 seconds
[2025-01-27T10:46:21.243+0000] {processor.py:186} INFO - Started process (PID=254) to work on /home/airflow/.local/lib/python3.12/site-packages/airflow/example_dags/example_skip_dag.py
[2025-01-27T10:46:21.251+0000] {processor.py:914} INFO - Processing file /home/airflow/.local/lib/python3.12/site-packages/airflow/example_dags/example_skip_dag.py for tasks to queue
[2025-01-27T10:46:21.261+0000] {logging_mixin.py:190} INFO - [2025-01-27T10:46:21.260+0000] {dagbag.py:588} INFO - Filling up the DagBag from /home/airflow/.local/lib/python3.12/site-packages/airflow/example_dags/example_skip_dag.py
[2025-01-27T10:46:21.322+0000] {processor.py:925} INFO - DAG(s) 'example_skip_dag' retrieved from /home/airflow/.local/lib/python3.12/site-packages/airflow/example_dags/example_skip_dag.py
[2025-01-27T10:46:21.717+0000] {logging_mixin.py:190} INFO - [2025-01-27T10:46:21.716+0000] {dag.py:3239} INFO - Sync 1 DAGs
[2025-01-27T10:46:22.068+0000] {logging_mixin.py:190} INFO - [2025-01-27T10:46:22.067+0000] {dag.py:4180} INFO - Setting next_dagrun for example_skip_dag to 2025-01-26 00:00:00+00:00, run_after=2025-01-27 00:00:00+00:00
[2025-01-27T10:46:22.301+0000] {processor.py:208} INFO - Processing /home/airflow/.local/lib/python3.12/site-packages/airflow/example_dags/example_skip_dag.py took 1.097 seconds
[2025-01-27T10:46:58.233+0000] {processor.py:186} INFO - Started process (PID=323) to work on /home/airflow/.local/lib/python3.12/site-packages/airflow/example_dags/example_skip_dag.py
[2025-01-27T10:46:58.242+0000] {processor.py:914} INFO - Processing file /home/airflow/.local/lib/python3.12/site-packages/airflow/example_dags/example_skip_dag.py for tasks to queue
[2025-01-27T10:46:58.257+0000] {logging_mixin.py:190} INFO - [2025-01-27T10:46:58.256+0000] {dagbag.py:588} INFO - Filling up the DagBag from /home/airflow/.local/lib/python3.12/site-packages/airflow/example_dags/example_skip_dag.py
[2025-01-27T10:46:58.305+0000] {processor.py:925} INFO - DAG(s) 'example_skip_dag' retrieved from /home/airflow/.local/lib/python3.12/site-packages/airflow/example_dags/example_skip_dag.py
[2025-01-27T10:46:58.378+0000] {logging_mixin.py:190} INFO - [2025-01-27T10:46:58.377+0000] {dag.py:3239} INFO - Sync 1 DAGs
[2025-01-27T10:46:58.478+0000] {logging_mixin.py:190} INFO - [2025-01-27T10:46:58.477+0000] {dag.py:4180} INFO - Setting next_dagrun for example_skip_dag to 2025-01-26 00:00:00+00:00, run_after=2025-01-27 00:00:00+00:00
[2025-01-27T10:46:58.590+0000] {processor.py:208} INFO - Processing /home/airflow/.local/lib/python3.12/site-packages/airflow/example_dags/example_skip_dag.py took 0.410 seconds
[2025-01-27T10:55:03.288+0000] {processor.py:186} INFO - Started process (PID=108) to work on /home/airflow/.local/lib/python3.12/site-packages/airflow/example_dags/example_skip_dag.py
[2025-01-27T10:55:03.291+0000] {processor.py:914} INFO - Processing file /home/airflow/.local/lib/python3.12/site-packages/airflow/example_dags/example_skip_dag.py for tasks to queue
[2025-01-27T10:55:03.299+0000] {logging_mixin.py:190} INFO - [2025-01-27T10:55:03.298+0000] {dagbag.py:588} INFO - Filling up the DagBag from /home/airflow/.local/lib/python3.12/site-packages/airflow/example_dags/example_skip_dag.py
[2025-01-27T10:55:03.326+0000] {processor.py:925} INFO - DAG(s) 'example_skip_dag' retrieved from /home/airflow/.local/lib/python3.12/site-packages/airflow/example_dags/example_skip_dag.py
[2025-01-27T10:55:03.415+0000] {logging_mixin.py:190} INFO - [2025-01-27T10:55:03.414+0000] {dag.py:3239} INFO - Sync 1 DAGs
[2025-01-27T10:55:03.521+0000] {logging_mixin.py:190} INFO - [2025-01-27T10:55:03.520+0000] {dag.py:4180} INFO - Setting next_dagrun for example_skip_dag to 2025-01-26 00:00:00+00:00, run_after=2025-01-27 00:00:00+00:00
[2025-01-27T10:55:03.643+0000] {processor.py:208} INFO - Processing /home/airflow/.local/lib/python3.12/site-packages/airflow/example_dags/example_skip_dag.py took 0.372 seconds
[2025-01-27T10:56:31.153+0000] {processor.py:186} INFO - Started process (PID=180) to work on /home/airflow/.local/lib/python3.12/site-packages/airflow/example_dags/example_skip_dag.py
[2025-01-27T10:56:31.158+0000] {processor.py:914} INFO - Processing file /home/airflow/.local/lib/python3.12/site-packages/airflow/example_dags/example_skip_dag.py for tasks to queue
[2025-01-27T10:56:31.166+0000] {logging_mixin.py:190} INFO - [2025-01-27T10:56:31.165+0000] {dagbag.py:588} INFO - Filling up the DagBag from /home/airflow/.local/lib/python3.12/site-packages/airflow/example_dags/example_skip_dag.py
[2025-01-27T10:56:31.207+0000] {processor.py:925} INFO - DAG(s) 'example_skip_dag' retrieved from /home/airflow/.local/lib/python3.12/site-packages/airflow/example_dags/example_skip_dag.py
[2025-01-27T10:56:31.267+0000] {logging_mixin.py:190} INFO - [2025-01-27T10:56:31.267+0000] {dag.py:3239} INFO - Sync 1 DAGs
[2025-01-27T10:56:31.392+0000] {logging_mixin.py:190} INFO - [2025-01-27T10:56:31.392+0000] {dag.py:4180} INFO - Setting next_dagrun for example_skip_dag to 2025-01-26 00:00:00+00:00, run_after=2025-01-27 00:00:00+00:00
[2025-01-27T10:56:31.466+0000] {processor.py:208} INFO - Processing /home/airflow/.local/lib/python3.12/site-packages/airflow/example_dags/example_skip_dag.py took 0.330 seconds
[2025-01-27T10:57:06.875+0000] {processor.py:186} INFO - Started process (PID=244) to work on /home/airflow/.local/lib/python3.12/site-packages/airflow/example_dags/example_skip_dag.py
[2025-01-27T10:57:07.567+0000] {processor.py:914} INFO - Processing file /home/airflow/.local/lib/python3.12/site-packages/airflow/example_dags/example_skip_dag.py for tasks to queue
[2025-01-27T10:57:07.595+0000] {logging_mixin.py:190} INFO - [2025-01-27T10:57:07.594+0000] {dagbag.py:588} INFO - Filling up the DagBag from /home/airflow/.local/lib/python3.12/site-packages/airflow/example_dags/example_skip_dag.py
[2025-01-27T10:57:07.847+0000] {processor.py:925} INFO - DAG(s) 'example_skip_dag' retrieved from /home/airflow/.local/lib/python3.12/site-packages/airflow/example_dags/example_skip_dag.py
[2025-01-27T10:57:23.026+0000] {logging_mixin.py:190} INFO - [2025-01-27T10:57:23.021+0000] {dag.py:3239} INFO - Sync 1 DAGs
[2025-01-27T10:57:23.313+0000] {logging_mixin.py:190} INFO - [2025-01-27T10:57:23.312+0000] {dag.py:4180} INFO - Setting next_dagrun for example_skip_dag to 2025-01-26 00:00:00+00:00, run_after=2025-01-27 00:00:00+00:00
[2025-01-27T10:57:23.438+0000] {processor.py:208} INFO - Processing /home/airflow/.local/lib/python3.12/site-packages/airflow/example_dags/example_skip_dag.py took 16.684 seconds
[2025-01-27T10:57:56.634+0000] {processor.py:186} INFO - Started process (PID=314) to work on /home/airflow/.local/lib/python3.12/site-packages/airflow/example_dags/example_skip_dag.py
[2025-01-27T10:57:56.637+0000] {processor.py:914} INFO - Processing file /home/airflow/.local/lib/python3.12/site-packages/airflow/example_dags/example_skip_dag.py for tasks to queue
[2025-01-27T10:57:56.643+0000] {logging_mixin.py:190} INFO - [2025-01-27T10:57:56.642+0000] {dagbag.py:588} INFO - Filling up the DagBag from /home/airflow/.local/lib/python3.12/site-packages/airflow/example_dags/example_skip_dag.py
[2025-01-27T10:57:56.663+0000] {processor.py:925} INFO - DAG(s) 'example_skip_dag' retrieved from /home/airflow/.local/lib/python3.12/site-packages/airflow/example_dags/example_skip_dag.py
[2025-01-27T10:57:56.726+0000] {logging_mixin.py:190} INFO - [2025-01-27T10:57:56.725+0000] {dag.py:3239} INFO - Sync 1 DAGs
[2025-01-27T10:57:56.788+0000] {logging_mixin.py:190} INFO - [2025-01-27T10:57:56.786+0000] {dag.py:4180} INFO - Setting next_dagrun for example_skip_dag to 2025-01-26 00:00:00+00:00, run_after=2025-01-27 00:00:00+00:00
[2025-01-27T10:57:56.841+0000] {processor.py:208} INFO - Processing /home/airflow/.local/lib/python3.12/site-packages/airflow/example_dags/example_skip_dag.py took 0.241 seconds
[2025-01-27T10:58:38.046+0000] {processor.py:186} INFO - Started process (PID=362) to work on /home/airflow/.local/lib/python3.12/site-packages/airflow/example_dags/example_skip_dag.py
[2025-01-27T10:58:38.073+0000] {processor.py:914} INFO - Processing file /home/airflow/.local/lib/python3.12/site-packages/airflow/example_dags/example_skip_dag.py for tasks to queue
[2025-01-27T10:58:38.185+0000] {logging_mixin.py:190} INFO - [2025-01-27T10:58:38.164+0000] {dagbag.py:588} INFO - Filling up the DagBag from /home/airflow/.local/lib/python3.12/site-packages/airflow/example_dags/example_skip_dag.py
[2025-01-27T10:58:39.821+0000] {processor.py:925} INFO - DAG(s) 'example_skip_dag' retrieved from /home/airflow/.local/lib/python3.12/site-packages/airflow/example_dags/example_skip_dag.py
[2025-01-27T10:58:40.601+0000] {logging_mixin.py:190} INFO - [2025-01-27T10:58:40.600+0000] {dag.py:3239} INFO - Sync 1 DAGs
[2025-01-27T10:58:40.923+0000] {logging_mixin.py:190} INFO - [2025-01-27T10:58:40.923+0000] {dag.py:4180} INFO - Setting next_dagrun for example_skip_dag to 2025-01-26 00:00:00+00:00, run_after=2025-01-27 00:00:00+00:00
[2025-01-27T10:58:41.193+0000] {processor.py:208} INFO - Processing /home/airflow/.local/lib/python3.12/site-packages/airflow/example_dags/example_skip_dag.py took 3.183 seconds
[2025-01-27T10:59:15.144+0000] {processor.py:186} INFO - Started process (PID=426) to work on /home/airflow/.local/lib/python3.12/site-packages/airflow/example_dags/example_skip_dag.py
[2025-01-27T10:59:15.146+0000] {processor.py:914} INFO - Processing file /home/airflow/.local/lib/python3.12/site-packages/airflow/example_dags/example_skip_dag.py for tasks to queue
[2025-01-27T10:59:15.154+0000] {logging_mixin.py:190} INFO - [2025-01-27T10:59:15.152+0000] {dagbag.py:588} INFO - Filling up the DagBag from /home/airflow/.local/lib/python3.12/site-packages/airflow/example_dags/example_skip_dag.py
[2025-01-27T10:59:15.190+0000] {processor.py:925} INFO - DAG(s) 'example_skip_dag' retrieved from /home/airflow/.local/lib/python3.12/site-packages/airflow/example_dags/example_skip_dag.py
[2025-01-27T10:59:15.283+0000] {logging_mixin.py:190} INFO - [2025-01-27T10:59:15.281+0000] {dag.py:3239} INFO - Sync 1 DAGs
[2025-01-27T10:59:15.342+0000] {logging_mixin.py:190} INFO - [2025-01-27T10:59:15.342+0000] {dag.py:4180} INFO - Setting next_dagrun for example_skip_dag to 2025-01-26 00:00:00+00:00, run_after=2025-01-27 00:00:00+00:00
[2025-01-27T10:59:15.406+0000] {processor.py:208} INFO - Processing /home/airflow/.local/lib/python3.12/site-packages/airflow/example_dags/example_skip_dag.py took 0.278 seconds
[2025-01-27T10:59:46.478+0000] {processor.py:186} INFO - Started process (PID=486) to work on /home/airflow/.local/lib/python3.12/site-packages/airflow/example_dags/example_skip_dag.py
[2025-01-27T10:59:46.481+0000] {processor.py:914} INFO - Processing file /home/airflow/.local/lib/python3.12/site-packages/airflow/example_dags/example_skip_dag.py for tasks to queue
[2025-01-27T10:59:46.485+0000] {logging_mixin.py:190} INFO - [2025-01-27T10:59:46.485+0000] {dagbag.py:588} INFO - Filling up the DagBag from /home/airflow/.local/lib/python3.12/site-packages/airflow/example_dags/example_skip_dag.py
[2025-01-27T10:59:46.510+0000] {processor.py:925} INFO - DAG(s) 'example_skip_dag' retrieved from /home/airflow/.local/lib/python3.12/site-packages/airflow/example_dags/example_skip_dag.py
[2025-01-27T10:59:46.627+0000] {logging_mixin.py:190} INFO - [2025-01-27T10:59:46.626+0000] {dag.py:3239} INFO - Sync 1 DAGs
[2025-01-27T10:59:46.693+0000] {logging_mixin.py:190} INFO - [2025-01-27T10:59:46.692+0000] {dag.py:4180} INFO - Setting next_dagrun for example_skip_dag to 2025-01-26 00:00:00+00:00, run_after=2025-01-27 00:00:00+00:00
[2025-01-27T10:59:46.751+0000] {processor.py:208} INFO - Processing /home/airflow/.local/lib/python3.12/site-packages/airflow/example_dags/example_skip_dag.py took 0.288 seconds
[2025-01-27T11:00:18.378+0000] {processor.py:186} INFO - Started process (PID=550) to work on /home/airflow/.local/lib/python3.12/site-packages/airflow/example_dags/example_skip_dag.py
[2025-01-27T11:00:18.380+0000] {processor.py:914} INFO - Processing file /home/airflow/.local/lib/python3.12/site-packages/airflow/example_dags/example_skip_dag.py for tasks to queue
[2025-01-27T11:00:18.385+0000] {logging_mixin.py:190} INFO - [2025-01-27T11:00:18.384+0000] {dagbag.py:588} INFO - Filling up the DagBag from /home/airflow/.local/lib/python3.12/site-packages/airflow/example_dags/example_skip_dag.py
[2025-01-27T11:00:18.414+0000] {processor.py:925} INFO - DAG(s) 'example_skip_dag' retrieved from /home/airflow/.local/lib/python3.12/site-packages/airflow/example_dags/example_skip_dag.py
[2025-01-27T11:00:18.464+0000] {logging_mixin.py:190} INFO - [2025-01-27T11:00:18.463+0000] {dag.py:3239} INFO - Sync 1 DAGs
[2025-01-27T11:00:18.516+0000] {logging_mixin.py:190} INFO - [2025-01-27T11:00:18.515+0000] {dag.py:4180} INFO - Setting next_dagrun for example_skip_dag to 2025-01-26 00:00:00+00:00, run_after=2025-01-27 00:00:00+00:00
[2025-01-27T11:00:18.558+0000] {processor.py:208} INFO - Processing /home/airflow/.local/lib/python3.12/site-packages/airflow/example_dags/example_skip_dag.py took 0.198 seconds
[2025-01-27T11:00:52.762+0000] {processor.py:186} INFO - Started process (PID=612) to work on /home/airflow/.local/lib/python3.12/site-packages/airflow/example_dags/example_skip_dag.py
[2025-01-27T11:00:52.773+0000] {processor.py:914} INFO - Processing file /home/airflow/.local/lib/python3.12/site-packages/airflow/example_dags/example_skip_dag.py for tasks to queue
[2025-01-27T11:00:52.779+0000] {logging_mixin.py:190} INFO - [2025-01-27T11:00:52.778+0000] {dagbag.py:588} INFO - Filling up the DagBag from /home/airflow/.local/lib/python3.12/site-packages/airflow/example_dags/example_skip_dag.py
[2025-01-27T11:00:52.805+0000] {processor.py:925} INFO - DAG(s) 'example_skip_dag' retrieved from /home/airflow/.local/lib/python3.12/site-packages/airflow/example_dags/example_skip_dag.py
[2025-01-27T11:00:52.850+0000] {logging_mixin.py:190} INFO - [2025-01-27T11:00:52.849+0000] {dag.py:3239} INFO - Sync 1 DAGs
[2025-01-27T11:00:52.896+0000] {logging_mixin.py:190} INFO - [2025-01-27T11:00:52.895+0000] {dag.py:4180} INFO - Setting next_dagrun for example_skip_dag to 2025-01-26 00:00:00+00:00, run_after=2025-01-27 00:00:00+00:00
[2025-01-27T11:00:52.965+0000] {processor.py:208} INFO - Processing /home/airflow/.local/lib/python3.12/site-packages/airflow/example_dags/example_skip_dag.py took 0.224 seconds
[2025-01-27T11:01:23.609+0000] {processor.py:186} INFO - Started process (PID=677) to work on /home/airflow/.local/lib/python3.12/site-packages/airflow/example_dags/example_skip_dag.py
[2025-01-27T11:01:23.611+0000] {processor.py:914} INFO - Processing file /home/airflow/.local/lib/python3.12/site-packages/airflow/example_dags/example_skip_dag.py for tasks to queue
[2025-01-27T11:01:23.630+0000] {logging_mixin.py:190} INFO - [2025-01-27T11:01:23.627+0000] {dagbag.py:588} INFO - Filling up the DagBag from /home/airflow/.local/lib/python3.12/site-packages/airflow/example_dags/example_skip_dag.py
[2025-01-27T11:01:23.655+0000] {processor.py:925} INFO - DAG(s) 'example_skip_dag' retrieved from /home/airflow/.local/lib/python3.12/site-packages/airflow/example_dags/example_skip_dag.py
[2025-01-27T11:01:23.704+0000] {logging_mixin.py:190} INFO - [2025-01-27T11:01:23.703+0000] {dag.py:3239} INFO - Sync 1 DAGs
[2025-01-27T11:01:23.802+0000] {logging_mixin.py:190} INFO - [2025-01-27T11:01:23.801+0000] {dag.py:4180} INFO - Setting next_dagrun for example_skip_dag to 2025-01-26 00:00:00+00:00, run_after=2025-01-27 00:00:00+00:00
[2025-01-27T11:01:23.863+0000] {processor.py:208} INFO - Processing /home/airflow/.local/lib/python3.12/site-packages/airflow/example_dags/example_skip_dag.py took 0.272 seconds
[2025-01-27T11:01:54.370+0000] {processor.py:186} INFO - Started process (PID=741) to work on /home/airflow/.local/lib/python3.12/site-packages/airflow/example_dags/example_skip_dag.py
[2025-01-27T11:01:54.376+0000] {processor.py:914} INFO - Processing file /home/airflow/.local/lib/python3.12/site-packages/airflow/example_dags/example_skip_dag.py for tasks to queue
[2025-01-27T11:01:54.385+0000] {logging_mixin.py:190} INFO - [2025-01-27T11:01:54.385+0000] {dagbag.py:588} INFO - Filling up the DagBag from /home/airflow/.local/lib/python3.12/site-packages/airflow/example_dags/example_skip_dag.py
[2025-01-27T11:01:54.417+0000] {processor.py:925} INFO - DAG(s) 'example_skip_dag' retrieved from /home/airflow/.local/lib/python3.12/site-packages/airflow/example_dags/example_skip_dag.py
[2025-01-27T11:01:54.478+0000] {logging_mixin.py:190} INFO - [2025-01-27T11:01:54.478+0000] {dag.py:3239} INFO - Sync 1 DAGs
[2025-01-27T11:01:54.571+0000] {logging_mixin.py:190} INFO - [2025-01-27T11:01:54.571+0000] {dag.py:4180} INFO - Setting next_dagrun for example_skip_dag to 2025-01-26 00:00:00+00:00, run_after=2025-01-27 00:00:00+00:00
[2025-01-27T11:01:54.687+0000] {processor.py:208} INFO - Processing /home/airflow/.local/lib/python3.12/site-packages/airflow/example_dags/example_skip_dag.py took 0.334 seconds
[2025-01-27T11:02:25.246+0000] {processor.py:186} INFO - Started process (PID=805) to work on /home/airflow/.local/lib/python3.12/site-packages/airflow/example_dags/example_skip_dag.py
[2025-01-27T11:02:25.247+0000] {processor.py:914} INFO - Processing file /home/airflow/.local/lib/python3.12/site-packages/airflow/example_dags/example_skip_dag.py for tasks to queue
[2025-01-27T11:02:25.251+0000] {logging_mixin.py:190} INFO - [2025-01-27T11:02:25.251+0000] {dagbag.py:588} INFO - Filling up the DagBag from /home/airflow/.local/lib/python3.12/site-packages/airflow/example_dags/example_skip_dag.py
[2025-01-27T11:02:25.268+0000] {processor.py:925} INFO - DAG(s) 'example_skip_dag' retrieved from /home/airflow/.local/lib/python3.12/site-packages/airflow/example_dags/example_skip_dag.py
[2025-01-27T11:02:25.305+0000] {logging_mixin.py:190} INFO - [2025-01-27T11:02:25.305+0000] {dag.py:3239} INFO - Sync 1 DAGs
[2025-01-27T11:02:25.348+0000] {logging_mixin.py:190} INFO - [2025-01-27T11:02:25.347+0000] {dag.py:4180} INFO - Setting next_dagrun for example_skip_dag to 2025-01-26 00:00:00+00:00, run_after=2025-01-27 00:00:00+00:00
[2025-01-27T11:02:25.385+0000] {processor.py:208} INFO - Processing /home/airflow/.local/lib/python3.12/site-packages/airflow/example_dags/example_skip_dag.py took 0.149 seconds
[2025-01-27T11:02:55.685+0000] {processor.py:186} INFO - Started process (PID=866) to work on /home/airflow/.local/lib/python3.12/site-packages/airflow/example_dags/example_skip_dag.py
[2025-01-27T11:02:55.687+0000] {processor.py:914} INFO - Processing file /home/airflow/.local/lib/python3.12/site-packages/airflow/example_dags/example_skip_dag.py for tasks to queue
[2025-01-27T11:02:55.691+0000] {logging_mixin.py:190} INFO - [2025-01-27T11:02:55.691+0000] {dagbag.py:588} INFO - Filling up the DagBag from /home/airflow/.local/lib/python3.12/site-packages/airflow/example_dags/example_skip_dag.py
[2025-01-27T11:02:55.704+0000] {processor.py:925} INFO - DAG(s) 'example_skip_dag' retrieved from /home/airflow/.local/lib/python3.12/site-packages/airflow/example_dags/example_skip_dag.py
[2025-01-27T11:02:55.752+0000] {logging_mixin.py:190} INFO - [2025-01-27T11:02:55.751+0000] {dag.py:3239} INFO - Sync 1 DAGs
[2025-01-27T11:02:55.808+0000] {logging_mixin.py:190} INFO - [2025-01-27T11:02:55.807+0000] {dag.py:4180} INFO - Setting next_dagrun for example_skip_dag to 2025-01-26 00:00:00+00:00, run_after=2025-01-27 00:00:00+00:00
[2025-01-27T11:02:55.852+0000] {processor.py:208} INFO - Processing /home/airflow/.local/lib/python3.12/site-packages/airflow/example_dags/example_skip_dag.py took 0.178 seconds
[2025-01-27T11:03:27.332+0000] {processor.py:186} INFO - Started process (PID=930) to work on /home/airflow/.local/lib/python3.12/site-packages/airflow/example_dags/example_skip_dag.py
[2025-01-27T11:03:27.334+0000] {processor.py:914} INFO - Processing file /home/airflow/.local/lib/python3.12/site-packages/airflow/example_dags/example_skip_dag.py for tasks to queue
[2025-01-27T11:03:27.347+0000] {logging_mixin.py:190} INFO - [2025-01-27T11:03:27.340+0000] {dagbag.py:588} INFO - Filling up the DagBag from /home/airflow/.local/lib/python3.12/site-packages/airflow/example_dags/example_skip_dag.py
[2025-01-27T11:03:27.377+0000] {processor.py:925} INFO - DAG(s) 'example_skip_dag' retrieved from /home/airflow/.local/lib/python3.12/site-packages/airflow/example_dags/example_skip_dag.py
[2025-01-27T11:03:27.471+0000] {logging_mixin.py:190} INFO - [2025-01-27T11:03:27.471+0000] {dag.py:3239} INFO - Sync 1 DAGs
[2025-01-27T11:03:27.625+0000] {logging_mixin.py:190} INFO - [2025-01-27T11:03:27.625+0000] {dag.py:4180} INFO - Setting next_dagrun for example_skip_dag to 2025-01-26 00:00:00+00:00, run_after=2025-01-27 00:00:00+00:00
[2025-01-27T11:03:27.766+0000] {processor.py:208} INFO - Processing /home/airflow/.local/lib/python3.12/site-packages/airflow/example_dags/example_skip_dag.py took 0.459 seconds
[2025-01-27T11:04:01.432+0000] {processor.py:186} INFO - Started process (PID=994) to work on /home/airflow/.local/lib/python3.12/site-packages/airflow/example_dags/example_skip_dag.py
[2025-01-27T11:04:01.434+0000] {processor.py:914} INFO - Processing file /home/airflow/.local/lib/python3.12/site-packages/airflow/example_dags/example_skip_dag.py for tasks to queue
[2025-01-27T11:04:01.440+0000] {logging_mixin.py:190} INFO - [2025-01-27T11:04:01.439+0000] {dagbag.py:588} INFO - Filling up the DagBag from /home/airflow/.local/lib/python3.12/site-packages/airflow/example_dags/example_skip_dag.py
[2025-01-27T11:04:01.455+0000] {processor.py:925} INFO - DAG(s) 'example_skip_dag' retrieved from /home/airflow/.local/lib/python3.12/site-packages/airflow/example_dags/example_skip_dag.py
[2025-01-27T11:04:01.571+0000] {logging_mixin.py:190} INFO - [2025-01-27T11:04:01.571+0000] {dag.py:3239} INFO - Sync 1 DAGs
[2025-01-27T11:04:01.670+0000] {logging_mixin.py:190} INFO - [2025-01-27T11:04:01.669+0000] {dag.py:4180} INFO - Setting next_dagrun for example_skip_dag to 2025-01-26 00:00:00+00:00, run_after=2025-01-27 00:00:00+00:00
[2025-01-27T11:04:01.764+0000] {processor.py:208} INFO - Processing /home/airflow/.local/lib/python3.12/site-packages/airflow/example_dags/example_skip_dag.py took 0.342 seconds
[2025-01-27T11:04:59.702+0000] {processor.py:186} INFO - Started process (PID=1061) to work on /home/airflow/.local/lib/python3.12/site-packages/airflow/example_dags/example_skip_dag.py
[2025-01-27T11:04:59.718+0000] {processor.py:914} INFO - Processing file /home/airflow/.local/lib/python3.12/site-packages/airflow/example_dags/example_skip_dag.py for tasks to queue
[2025-01-27T11:04:59.768+0000] {logging_mixin.py:190} INFO - [2025-01-27T11:04:59.767+0000] {dagbag.py:588} INFO - Filling up the DagBag from /home/airflow/.local/lib/python3.12/site-packages/airflow/example_dags/example_skip_dag.py
[2025-01-27T11:04:59.806+0000] {processor.py:925} INFO - DAG(s) 'example_skip_dag' retrieved from /home/airflow/.local/lib/python3.12/site-packages/airflow/example_dags/example_skip_dag.py
[2025-01-27T11:04:59.901+0000] {logging_mixin.py:190} INFO - [2025-01-27T11:04:59.895+0000] {dag.py:3239} INFO - Sync 1 DAGs
[2025-01-27T11:05:00.068+0000] {logging_mixin.py:190} INFO - [2025-01-27T11:05:00.068+0000] {dag.py:4180} INFO - Setting next_dagrun for example_skip_dag to 2025-01-26 00:00:00+00:00, run_after=2025-01-27 00:00:00+00:00
[2025-01-27T11:05:00.231+0000] {processor.py:208} INFO - Processing /home/airflow/.local/lib/python3.12/site-packages/airflow/example_dags/example_skip_dag.py took 0.557 seconds
[2025-01-27T11:14:54.076+0000] {processor.py:186} INFO - Started process (PID=1126) to work on /home/airflow/.local/lib/python3.12/site-packages/airflow/example_dags/example_skip_dag.py
[2025-01-27T11:14:54.078+0000] {processor.py:914} INFO - Processing file /home/airflow/.local/lib/python3.12/site-packages/airflow/example_dags/example_skip_dag.py for tasks to queue
[2025-01-27T11:14:54.090+0000] {logging_mixin.py:190} INFO - [2025-01-27T11:14:54.089+0000] {dagbag.py:588} INFO - Filling up the DagBag from /home/airflow/.local/lib/python3.12/site-packages/airflow/example_dags/example_skip_dag.py
[2025-01-27T11:14:54.117+0000] {processor.py:925} INFO - DAG(s) 'example_skip_dag' retrieved from /home/airflow/.local/lib/python3.12/site-packages/airflow/example_dags/example_skip_dag.py
[2025-01-27T11:14:54.241+0000] {logging_mixin.py:190} INFO - [2025-01-27T11:14:54.240+0000] {dag.py:3239} INFO - Sync 1 DAGs
[2025-01-27T11:14:54.370+0000] {logging_mixin.py:190} INFO - [2025-01-27T11:14:54.369+0000] {dag.py:4180} INFO - Setting next_dagrun for example_skip_dag to 2025-01-26 00:00:00+00:00, run_after=2025-01-27 00:00:00+00:00
[2025-01-27T11:14:54.497+0000] {processor.py:208} INFO - Processing /home/airflow/.local/lib/python3.12/site-packages/airflow/example_dags/example_skip_dag.py took 0.439 seconds
[2025-01-27T11:15:24.628+0000] {processor.py:186} INFO - Started process (PID=1190) to work on /home/airflow/.local/lib/python3.12/site-packages/airflow/example_dags/example_skip_dag.py
[2025-01-27T11:15:24.630+0000] {processor.py:914} INFO - Processing file /home/airflow/.local/lib/python3.12/site-packages/airflow/example_dags/example_skip_dag.py for tasks to queue
[2025-01-27T11:15:24.633+0000] {logging_mixin.py:190} INFO - [2025-01-27T11:15:24.632+0000] {dagbag.py:588} INFO - Filling up the DagBag from /home/airflow/.local/lib/python3.12/site-packages/airflow/example_dags/example_skip_dag.py
[2025-01-27T11:15:24.656+0000] {processor.py:925} INFO - DAG(s) 'example_skip_dag' retrieved from /home/airflow/.local/lib/python3.12/site-packages/airflow/example_dags/example_skip_dag.py
[2025-01-27T11:15:24.718+0000] {logging_mixin.py:190} INFO - [2025-01-27T11:15:24.716+0000] {dag.py:3239} INFO - Sync 1 DAGs
[2025-01-27T11:15:24.784+0000] {logging_mixin.py:190} INFO - [2025-01-27T11:15:24.784+0000] {dag.py:4180} INFO - Setting next_dagrun for example_skip_dag to 2025-01-26 00:00:00+00:00, run_after=2025-01-27 00:00:00+00:00
[2025-01-27T11:15:24.845+0000] {processor.py:208} INFO - Processing /home/airflow/.local/lib/python3.12/site-packages/airflow/example_dags/example_skip_dag.py took 0.232 seconds
[2025-01-27T11:15:56.555+0000] {processor.py:186} INFO - Started process (PID=1254) to work on /home/airflow/.local/lib/python3.12/site-packages/airflow/example_dags/example_skip_dag.py
[2025-01-27T11:15:56.557+0000] {processor.py:914} INFO - Processing file /home/airflow/.local/lib/python3.12/site-packages/airflow/example_dags/example_skip_dag.py for tasks to queue
[2025-01-27T11:15:56.559+0000] {logging_mixin.py:190} INFO - [2025-01-27T11:15:56.558+0000] {dagbag.py:588} INFO - Filling up the DagBag from /home/airflow/.local/lib/python3.12/site-packages/airflow/example_dags/example_skip_dag.py
[2025-01-27T11:15:56.585+0000] {processor.py:925} INFO - DAG(s) 'example_skip_dag' retrieved from /home/airflow/.local/lib/python3.12/site-packages/airflow/example_dags/example_skip_dag.py
[2025-01-27T11:15:56.641+0000] {logging_mixin.py:190} INFO - [2025-01-27T11:15:56.640+0000] {dag.py:3239} INFO - Sync 1 DAGs
[2025-01-27T11:15:56.685+0000] {logging_mixin.py:190} INFO - [2025-01-27T11:15:56.685+0000] {dag.py:4180} INFO - Setting next_dagrun for example_skip_dag to 2025-01-26 00:00:00+00:00, run_after=2025-01-27 00:00:00+00:00
[2025-01-27T11:15:56.721+0000] {processor.py:208} INFO - Processing /home/airflow/.local/lib/python3.12/site-packages/airflow/example_dags/example_skip_dag.py took 0.178 seconds
[2025-01-27T11:18:22.234+0000] {processor.py:186} INFO - Started process (PID=1328) to work on /home/airflow/.local/lib/python3.12/site-packages/airflow/example_dags/example_skip_dag.py
[2025-01-27T11:18:22.247+0000] {processor.py:914} INFO - Processing file /home/airflow/.local/lib/python3.12/site-packages/airflow/example_dags/example_skip_dag.py for tasks to queue
[2025-01-27T11:18:22.250+0000] {logging_mixin.py:190} INFO - [2025-01-27T11:18:22.250+0000] {dagbag.py:588} INFO - Filling up the DagBag from /home/airflow/.local/lib/python3.12/site-packages/airflow/example_dags/example_skip_dag.py
[2025-01-27T11:18:22.285+0000] {processor.py:925} INFO - DAG(s) 'example_skip_dag' retrieved from /home/airflow/.local/lib/python3.12/site-packages/airflow/example_dags/example_skip_dag.py
[2025-01-27T11:18:22.350+0000] {logging_mixin.py:190} INFO - [2025-01-27T11:18:22.350+0000] {dag.py:3239} INFO - Sync 1 DAGs
[2025-01-27T11:18:22.452+0000] {logging_mixin.py:190} INFO - [2025-01-27T11:18:22.451+0000] {dag.py:4180} INFO - Setting next_dagrun for example_skip_dag to 2025-01-26 00:00:00+00:00, run_after=2025-01-27 00:00:00+00:00
[2025-01-27T11:18:22.557+0000] {processor.py:208} INFO - Processing /home/airflow/.local/lib/python3.12/site-packages/airflow/example_dags/example_skip_dag.py took 0.362 seconds
[2025-01-27T11:19:19.143+0000] {processor.py:186} INFO - Started process (PID=1399) to work on /home/airflow/.local/lib/python3.12/site-packages/airflow/example_dags/example_skip_dag.py
[2025-01-27T11:19:19.147+0000] {processor.py:914} INFO - Processing file /home/airflow/.local/lib/python3.12/site-packages/airflow/example_dags/example_skip_dag.py for tasks to queue
[2025-01-27T11:19:19.152+0000] {logging_mixin.py:190} INFO - [2025-01-27T11:19:19.149+0000] {dagbag.py:588} INFO - Filling up the DagBag from /home/airflow/.local/lib/python3.12/site-packages/airflow/example_dags/example_skip_dag.py
[2025-01-27T11:19:19.202+0000] {processor.py:925} INFO - DAG(s) 'example_skip_dag' retrieved from /home/airflow/.local/lib/python3.12/site-packages/airflow/example_dags/example_skip_dag.py
[2025-01-27T11:19:19.562+0000] {logging_mixin.py:190} INFO - [2025-01-27T11:19:19.538+0000] {dag.py:3239} INFO - Sync 1 DAGs
[2025-01-27T11:19:19.668+0000] {logging_mixin.py:190} INFO - [2025-01-27T11:19:19.667+0000] {dag.py:4180} INFO - Setting next_dagrun for example_skip_dag to 2025-01-26 00:00:00+00:00, run_after=2025-01-27 00:00:00+00:00
[2025-01-27T11:19:19.759+0000] {processor.py:208} INFO - Processing /home/airflow/.local/lib/python3.12/site-packages/airflow/example_dags/example_skip_dag.py took 0.642 seconds
[2025-01-27T11:19:50.922+0000] {processor.py:186} INFO - Started process (PID=1462) to work on /home/airflow/.local/lib/python3.12/site-packages/airflow/example_dags/example_skip_dag.py
[2025-01-27T11:19:50.940+0000] {processor.py:914} INFO - Processing file /home/airflow/.local/lib/python3.12/site-packages/airflow/example_dags/example_skip_dag.py for tasks to queue
[2025-01-27T11:19:50.977+0000] {logging_mixin.py:190} INFO - [2025-01-27T11:19:50.975+0000] {dagbag.py:588} INFO - Filling up the DagBag from /home/airflow/.local/lib/python3.12/site-packages/airflow/example_dags/example_skip_dag.py
[2025-01-27T11:19:51.130+0000] {processor.py:925} INFO - DAG(s) 'example_skip_dag' retrieved from /home/airflow/.local/lib/python3.12/site-packages/airflow/example_dags/example_skip_dag.py
[2025-01-27T11:19:51.255+0000] {logging_mixin.py:190} INFO - [2025-01-27T11:19:51.255+0000] {dag.py:3239} INFO - Sync 1 DAGs
[2025-01-27T11:19:51.341+0000] {logging_mixin.py:190} INFO - [2025-01-27T11:19:51.340+0000] {dag.py:4180} INFO - Setting next_dagrun for example_skip_dag to 2025-01-26 00:00:00+00:00, run_after=2025-01-27 00:00:00+00:00
[2025-01-27T11:19:51.434+0000] {processor.py:208} INFO - Processing /home/airflow/.local/lib/python3.12/site-packages/airflow/example_dags/example_skip_dag.py took 0.578 seconds
[2025-01-27T11:20:22.727+0000] {processor.py:186} INFO - Started process (PID=1525) to work on /home/airflow/.local/lib/python3.12/site-packages/airflow/example_dags/example_skip_dag.py
[2025-01-27T11:20:22.732+0000] {processor.py:914} INFO - Processing file /home/airflow/.local/lib/python3.12/site-packages/airflow/example_dags/example_skip_dag.py for tasks to queue
[2025-01-27T11:20:22.743+0000] {logging_mixin.py:190} INFO - [2025-01-27T11:20:22.738+0000] {dagbag.py:588} INFO - Filling up the DagBag from /home/airflow/.local/lib/python3.12/site-packages/airflow/example_dags/example_skip_dag.py
[2025-01-27T11:20:22.837+0000] {processor.py:925} INFO - DAG(s) 'example_skip_dag' retrieved from /home/airflow/.local/lib/python3.12/site-packages/airflow/example_dags/example_skip_dag.py
[2025-01-27T11:20:24.132+0000] {logging_mixin.py:190} INFO - [2025-01-27T11:20:24.119+0000] {dag.py:3239} INFO - Sync 1 DAGs
[2025-01-27T11:20:24.279+0000] {logging_mixin.py:190} INFO - [2025-01-27T11:20:24.277+0000] {dag.py:4180} INFO - Setting next_dagrun for example_skip_dag to 2025-01-26 00:00:00+00:00, run_after=2025-01-27 00:00:00+00:00
[2025-01-27T11:20:24.468+0000] {processor.py:208} INFO - Processing /home/airflow/.local/lib/python3.12/site-packages/airflow/example_dags/example_skip_dag.py took 1.796 seconds
[2025-01-27T11:37:02.167+0000] {processor.py:186} INFO - Started process (PID=168) to work on /home/airflow/.local/lib/python3.12/site-packages/airflow/example_dags/example_skip_dag.py
[2025-01-27T11:37:02.531+0000] {processor.py:914} INFO - Processing file /home/airflow/.local/lib/python3.12/site-packages/airflow/example_dags/example_skip_dag.py for tasks to queue
[2025-01-27T11:37:02.697+0000] {logging_mixin.py:190} INFO - [2025-01-27T11:37:02.683+0000] {dagbag.py:588} INFO - Filling up the DagBag from /home/airflow/.local/lib/python3.12/site-packages/airflow/example_dags/example_skip_dag.py
[2025-01-27T11:37:03.071+0000] {processor.py:925} INFO - DAG(s) 'example_skip_dag' retrieved from /home/airflow/.local/lib/python3.12/site-packages/airflow/example_dags/example_skip_dag.py
[2025-01-27T11:37:03.361+0000] {logging_mixin.py:190} INFO - [2025-01-27T11:37:03.360+0000] {dag.py:3239} INFO - Sync 1 DAGs
[2025-01-27T11:37:03.674+0000] {logging_mixin.py:190} INFO - [2025-01-27T11:37:03.674+0000] {dag.py:4180} INFO - Setting next_dagrun for example_skip_dag to 2025-01-26 00:00:00+00:00, run_after=2025-01-27 00:00:00+00:00
[2025-01-27T11:37:03.799+0000] {processor.py:208} INFO - Processing /home/airflow/.local/lib/python3.12/site-packages/airflow/example_dags/example_skip_dag.py took 1.679 seconds
[2025-01-27T11:38:10.212+0000] {processor.py:186} INFO - Started process (PID=237) to work on /home/airflow/.local/lib/python3.12/site-packages/airflow/example_dags/example_skip_dag.py
[2025-01-27T11:38:10.214+0000] {processor.py:914} INFO - Processing file /home/airflow/.local/lib/python3.12/site-packages/airflow/example_dags/example_skip_dag.py for tasks to queue
[2025-01-27T11:38:10.220+0000] {logging_mixin.py:190} INFO - [2025-01-27T11:38:10.219+0000] {dagbag.py:588} INFO - Filling up the DagBag from /home/airflow/.local/lib/python3.12/site-packages/airflow/example_dags/example_skip_dag.py
[2025-01-27T11:38:10.238+0000] {processor.py:925} INFO - DAG(s) 'example_skip_dag' retrieved from /home/airflow/.local/lib/python3.12/site-packages/airflow/example_dags/example_skip_dag.py
[2025-01-27T11:38:10.280+0000] {logging_mixin.py:190} INFO - [2025-01-27T11:38:10.280+0000] {dag.py:3239} INFO - Sync 1 DAGs
[2025-01-27T11:38:10.328+0000] {logging_mixin.py:190} INFO - [2025-01-27T11:38:10.328+0000] {dag.py:4180} INFO - Setting next_dagrun for example_skip_dag to 2025-01-26 00:00:00+00:00, run_after=2025-01-27 00:00:00+00:00
[2025-01-27T11:38:10.451+0000] {processor.py:208} INFO - Processing /home/airflow/.local/lib/python3.12/site-packages/airflow/example_dags/example_skip_dag.py took 0.250 seconds
[2025-01-27T11:38:49.366+0000] {processor.py:186} INFO - Started process (PID=302) to work on /home/airflow/.local/lib/python3.12/site-packages/airflow/example_dags/example_skip_dag.py
[2025-01-27T11:38:49.369+0000] {processor.py:914} INFO - Processing file /home/airflow/.local/lib/python3.12/site-packages/airflow/example_dags/example_skip_dag.py for tasks to queue
[2025-01-27T11:38:49.382+0000] {logging_mixin.py:190} INFO - [2025-01-27T11:38:49.381+0000] {dagbag.py:588} INFO - Filling up the DagBag from /home/airflow/.local/lib/python3.12/site-packages/airflow/example_dags/example_skip_dag.py
[2025-01-27T11:38:49.414+0000] {processor.py:925} INFO - DAG(s) 'example_skip_dag' retrieved from /home/airflow/.local/lib/python3.12/site-packages/airflow/example_dags/example_skip_dag.py
[2025-01-27T11:38:49.490+0000] {logging_mixin.py:190} INFO - [2025-01-27T11:38:49.489+0000] {dag.py:3239} INFO - Sync 1 DAGs
[2025-01-27T11:38:49.586+0000] {logging_mixin.py:190} INFO - [2025-01-27T11:38:49.585+0000] {dag.py:4180} INFO - Setting next_dagrun for example_skip_dag to 2025-01-26 00:00:00+00:00, run_after=2025-01-27 00:00:00+00:00
[2025-01-27T11:38:49.658+0000] {processor.py:208} INFO - Processing /home/airflow/.local/lib/python3.12/site-packages/airflow/example_dags/example_skip_dag.py took 0.312 seconds
[2025-01-27T11:39:22.052+0000] {processor.py:186} INFO - Started process (PID=367) to work on /home/airflow/.local/lib/python3.12/site-packages/airflow/example_dags/example_skip_dag.py
[2025-01-27T11:39:22.054+0000] {processor.py:914} INFO - Processing file /home/airflow/.local/lib/python3.12/site-packages/airflow/example_dags/example_skip_dag.py for tasks to queue
[2025-01-27T11:39:22.059+0000] {logging_mixin.py:190} INFO - [2025-01-27T11:39:22.058+0000] {dagbag.py:588} INFO - Filling up the DagBag from /home/airflow/.local/lib/python3.12/site-packages/airflow/example_dags/example_skip_dag.py
[2025-01-27T11:39:22.080+0000] {processor.py:925} INFO - DAG(s) 'example_skip_dag' retrieved from /home/airflow/.local/lib/python3.12/site-packages/airflow/example_dags/example_skip_dag.py
[2025-01-27T11:39:22.172+0000] {logging_mixin.py:190} INFO - [2025-01-27T11:39:22.172+0000] {dag.py:3239} INFO - Sync 1 DAGs
[2025-01-27T11:39:22.263+0000] {logging_mixin.py:190} INFO - [2025-01-27T11:39:22.262+0000] {dag.py:4180} INFO - Setting next_dagrun for example_skip_dag to 2025-01-26 00:00:00+00:00, run_after=2025-01-27 00:00:00+00:00
[2025-01-27T11:39:22.298+0000] {processor.py:208} INFO - Processing /home/airflow/.local/lib/python3.12/site-packages/airflow/example_dags/example_skip_dag.py took 0.264 seconds
[2025-01-27T11:39:53.157+0000] {processor.py:186} INFO - Started process (PID=431) to work on /home/airflow/.local/lib/python3.12/site-packages/airflow/example_dags/example_skip_dag.py
[2025-01-27T11:39:53.160+0000] {processor.py:914} INFO - Processing file /home/airflow/.local/lib/python3.12/site-packages/airflow/example_dags/example_skip_dag.py for tasks to queue
[2025-01-27T11:39:53.167+0000] {logging_mixin.py:190} INFO - [2025-01-27T11:39:53.166+0000] {dagbag.py:588} INFO - Filling up the DagBag from /home/airflow/.local/lib/python3.12/site-packages/airflow/example_dags/example_skip_dag.py
[2025-01-27T11:39:53.196+0000] {processor.py:925} INFO - DAG(s) 'example_skip_dag' retrieved from /home/airflow/.local/lib/python3.12/site-packages/airflow/example_dags/example_skip_dag.py
[2025-01-27T11:39:53.328+0000] {logging_mixin.py:190} INFO - [2025-01-27T11:39:53.328+0000] {dag.py:3239} INFO - Sync 1 DAGs
[2025-01-27T11:39:53.391+0000] {logging_mixin.py:190} INFO - [2025-01-27T11:39:53.390+0000] {dag.py:4180} INFO - Setting next_dagrun for example_skip_dag to 2025-01-26 00:00:00+00:00, run_after=2025-01-27 00:00:00+00:00
[2025-01-27T11:39:53.471+0000] {processor.py:208} INFO - Processing /home/airflow/.local/lib/python3.12/site-packages/airflow/example_dags/example_skip_dag.py took 0.344 seconds
[2025-01-27T11:40:23.788+0000] {processor.py:186} INFO - Started process (PID=495) to work on /home/airflow/.local/lib/python3.12/site-packages/airflow/example_dags/example_skip_dag.py
[2025-01-27T11:40:23.790+0000] {processor.py:914} INFO - Processing file /home/airflow/.local/lib/python3.12/site-packages/airflow/example_dags/example_skip_dag.py for tasks to queue
[2025-01-27T11:40:23.793+0000] {logging_mixin.py:190} INFO - [2025-01-27T11:40:23.793+0000] {dagbag.py:588} INFO - Filling up the DagBag from /home/airflow/.local/lib/python3.12/site-packages/airflow/example_dags/example_skip_dag.py
[2025-01-27T11:40:23.805+0000] {processor.py:925} INFO - DAG(s) 'example_skip_dag' retrieved from /home/airflow/.local/lib/python3.12/site-packages/airflow/example_dags/example_skip_dag.py
[2025-01-27T11:40:23.838+0000] {logging_mixin.py:190} INFO - [2025-01-27T11:40:23.838+0000] {dag.py:3239} INFO - Sync 1 DAGs
[2025-01-27T11:40:23.881+0000] {logging_mixin.py:190} INFO - [2025-01-27T11:40:23.881+0000] {dag.py:4180} INFO - Setting next_dagrun for example_skip_dag to 2025-01-26 00:00:00+00:00, run_after=2025-01-27 00:00:00+00:00
[2025-01-27T11:40:23.914+0000] {processor.py:208} INFO - Processing /home/airflow/.local/lib/python3.12/site-packages/airflow/example_dags/example_skip_dag.py took 0.135 seconds
[2025-01-27T11:40:54.362+0000] {processor.py:186} INFO - Started process (PID=560) to work on /home/airflow/.local/lib/python3.12/site-packages/airflow/example_dags/example_skip_dag.py
[2025-01-27T11:40:54.364+0000] {processor.py:914} INFO - Processing file /home/airflow/.local/lib/python3.12/site-packages/airflow/example_dags/example_skip_dag.py for tasks to queue
[2025-01-27T11:40:54.368+0000] {logging_mixin.py:190} INFO - [2025-01-27T11:40:54.367+0000] {dagbag.py:588} INFO - Filling up the DagBag from /home/airflow/.local/lib/python3.12/site-packages/airflow/example_dags/example_skip_dag.py
[2025-01-27T11:40:54.384+0000] {processor.py:925} INFO - DAG(s) 'example_skip_dag' retrieved from /home/airflow/.local/lib/python3.12/site-packages/airflow/example_dags/example_skip_dag.py
[2025-01-27T11:40:54.420+0000] {logging_mixin.py:190} INFO - [2025-01-27T11:40:54.420+0000] {dag.py:3239} INFO - Sync 1 DAGs
[2025-01-27T11:40:54.459+0000] {logging_mixin.py:190} INFO - [2025-01-27T11:40:54.459+0000] {dag.py:4180} INFO - Setting next_dagrun for example_skip_dag to 2025-01-26 00:00:00+00:00, run_after=2025-01-27 00:00:00+00:00
[2025-01-27T11:40:54.490+0000] {processor.py:208} INFO - Processing /home/airflow/.local/lib/python3.12/site-packages/airflow/example_dags/example_skip_dag.py took 0.140 seconds
[2025-01-27T11:41:25.325+0000] {processor.py:186} INFO - Started process (PID=624) to work on /home/airflow/.local/lib/python3.12/site-packages/airflow/example_dags/example_skip_dag.py
[2025-01-27T11:41:25.327+0000] {processor.py:914} INFO - Processing file /home/airflow/.local/lib/python3.12/site-packages/airflow/example_dags/example_skip_dag.py for tasks to queue
[2025-01-27T11:41:25.333+0000] {logging_mixin.py:190} INFO - [2025-01-27T11:41:25.331+0000] {dagbag.py:588} INFO - Filling up the DagBag from /home/airflow/.local/lib/python3.12/site-packages/airflow/example_dags/example_skip_dag.py
[2025-01-27T11:41:25.352+0000] {processor.py:925} INFO - DAG(s) 'example_skip_dag' retrieved from /home/airflow/.local/lib/python3.12/site-packages/airflow/example_dags/example_skip_dag.py
[2025-01-27T11:41:25.402+0000] {logging_mixin.py:190} INFO - [2025-01-27T11:41:25.401+0000] {dag.py:3239} INFO - Sync 1 DAGs
[2025-01-27T11:41:25.537+0000] {logging_mixin.py:190} INFO - [2025-01-27T11:41:25.537+0000] {dag.py:4180} INFO - Setting next_dagrun for example_skip_dag to 2025-01-26 00:00:00+00:00, run_after=2025-01-27 00:00:00+00:00
[2025-01-27T11:41:25.576+0000] {processor.py:208} INFO - Processing /home/airflow/.local/lib/python3.12/site-packages/airflow/example_dags/example_skip_dag.py took 0.262 seconds
[2025-01-27T11:41:56.514+0000] {processor.py:186} INFO - Started process (PID=688) to work on /home/airflow/.local/lib/python3.12/site-packages/airflow/example_dags/example_skip_dag.py
[2025-01-27T11:41:56.515+0000] {processor.py:914} INFO - Processing file /home/airflow/.local/lib/python3.12/site-packages/airflow/example_dags/example_skip_dag.py for tasks to queue
[2025-01-27T11:41:56.519+0000] {logging_mixin.py:190} INFO - [2025-01-27T11:41:56.518+0000] {dagbag.py:588} INFO - Filling up the DagBag from /home/airflow/.local/lib/python3.12/site-packages/airflow/example_dags/example_skip_dag.py
[2025-01-27T11:41:56.533+0000] {processor.py:925} INFO - DAG(s) 'example_skip_dag' retrieved from /home/airflow/.local/lib/python3.12/site-packages/airflow/example_dags/example_skip_dag.py
[2025-01-27T11:41:56.572+0000] {logging_mixin.py:190} INFO - [2025-01-27T11:41:56.572+0000] {dag.py:3239} INFO - Sync 1 DAGs
[2025-01-27T11:41:56.615+0000] {logging_mixin.py:190} INFO - [2025-01-27T11:41:56.615+0000] {dag.py:4180} INFO - Setting next_dagrun for example_skip_dag to 2025-01-26 00:00:00+00:00, run_after=2025-01-27 00:00:00+00:00
[2025-01-27T11:41:56.646+0000] {processor.py:208} INFO - Processing /home/airflow/.local/lib/python3.12/site-packages/airflow/example_dags/example_skip_dag.py took 0.142 seconds
[2025-01-27T11:42:28.281+0000] {processor.py:186} INFO - Started process (PID=752) to work on /home/airflow/.local/lib/python3.12/site-packages/airflow/example_dags/example_skip_dag.py
[2025-01-27T11:42:28.283+0000] {processor.py:914} INFO - Processing file /home/airflow/.local/lib/python3.12/site-packages/airflow/example_dags/example_skip_dag.py for tasks to queue
[2025-01-27T11:42:28.287+0000] {logging_mixin.py:190} INFO - [2025-01-27T11:42:28.286+0000] {dagbag.py:588} INFO - Filling up the DagBag from /home/airflow/.local/lib/python3.12/site-packages/airflow/example_dags/example_skip_dag.py
[2025-01-27T11:42:28.305+0000] {processor.py:925} INFO - DAG(s) 'example_skip_dag' retrieved from /home/airflow/.local/lib/python3.12/site-packages/airflow/example_dags/example_skip_dag.py
[2025-01-27T11:42:28.339+0000] {logging_mixin.py:190} INFO - [2025-01-27T11:42:28.339+0000] {dag.py:3239} INFO - Sync 1 DAGs
[2025-01-27T11:42:28.379+0000] {logging_mixin.py:190} INFO - [2025-01-27T11:42:28.379+0000] {dag.py:4180} INFO - Setting next_dagrun for example_skip_dag to 2025-01-26 00:00:00+00:00, run_after=2025-01-27 00:00:00+00:00
[2025-01-27T11:42:28.411+0000] {processor.py:208} INFO - Processing /home/airflow/.local/lib/python3.12/site-packages/airflow/example_dags/example_skip_dag.py took 0.142 seconds
[2025-01-27T11:43:01.063+0000] {processor.py:186} INFO - Started process (PID=824) to work on /home/airflow/.local/lib/python3.12/site-packages/airflow/example_dags/example_skip_dag.py
[2025-01-27T11:43:01.097+0000] {processor.py:914} INFO - Processing file /home/airflow/.local/lib/python3.12/site-packages/airflow/example_dags/example_skip_dag.py for tasks to queue
[2025-01-27T11:43:01.112+0000] {logging_mixin.py:190} INFO - [2025-01-27T11:43:01.111+0000] {dagbag.py:588} INFO - Filling up the DagBag from /home/airflow/.local/lib/python3.12/site-packages/airflow/example_dags/example_skip_dag.py
[2025-01-27T11:43:01.149+0000] {processor.py:925} INFO - DAG(s) 'example_skip_dag' retrieved from /home/airflow/.local/lib/python3.12/site-packages/airflow/example_dags/example_skip_dag.py
[2025-01-27T11:43:01.226+0000] {logging_mixin.py:190} INFO - [2025-01-27T11:43:01.225+0000] {dag.py:3239} INFO - Sync 1 DAGs
[2025-01-27T11:43:01.303+0000] {logging_mixin.py:190} INFO - [2025-01-27T11:43:01.303+0000] {dag.py:4180} INFO - Setting next_dagrun for example_skip_dag to 2025-01-26 00:00:00+00:00, run_after=2025-01-27 00:00:00+00:00
[2025-01-27T11:43:01.346+0000] {processor.py:208} INFO - Processing /home/airflow/.local/lib/python3.12/site-packages/airflow/example_dags/example_skip_dag.py took 0.302 seconds
[2025-01-27T11:43:37.395+0000] {processor.py:186} INFO - Started process (PID=888) to work on /home/airflow/.local/lib/python3.12/site-packages/airflow/example_dags/example_skip_dag.py
[2025-01-27T11:43:37.412+0000] {processor.py:914} INFO - Processing file /home/airflow/.local/lib/python3.12/site-packages/airflow/example_dags/example_skip_dag.py for tasks to queue
[2025-01-27T11:43:37.426+0000] {logging_mixin.py:190} INFO - [2025-01-27T11:43:37.425+0000] {dagbag.py:588} INFO - Filling up the DagBag from /home/airflow/.local/lib/python3.12/site-packages/airflow/example_dags/example_skip_dag.py
[2025-01-27T11:43:37.489+0000] {processor.py:925} INFO - DAG(s) 'example_skip_dag' retrieved from /home/airflow/.local/lib/python3.12/site-packages/airflow/example_dags/example_skip_dag.py
[2025-01-27T11:43:37.634+0000] {logging_mixin.py:190} INFO - [2025-01-27T11:43:37.633+0000] {dag.py:3239} INFO - Sync 1 DAGs
[2025-01-27T11:43:37.820+0000] {logging_mixin.py:190} INFO - [2025-01-27T11:43:37.820+0000] {dag.py:4180} INFO - Setting next_dagrun for example_skip_dag to 2025-01-26 00:00:00+00:00, run_after=2025-01-27 00:00:00+00:00
[2025-01-27T11:43:37.964+0000] {processor.py:208} INFO - Processing /home/airflow/.local/lib/python3.12/site-packages/airflow/example_dags/example_skip_dag.py took 0.618 seconds
[2025-01-27T11:44:08.413+0000] {processor.py:186} INFO - Started process (PID=951) to work on /home/airflow/.local/lib/python3.12/site-packages/airflow/example_dags/example_skip_dag.py
[2025-01-27T11:44:08.414+0000] {processor.py:914} INFO - Processing file /home/airflow/.local/lib/python3.12/site-packages/airflow/example_dags/example_skip_dag.py for tasks to queue
[2025-01-27T11:44:08.420+0000] {logging_mixin.py:190} INFO - [2025-01-27T11:44:08.419+0000] {dagbag.py:588} INFO - Filling up the DagBag from /home/airflow/.local/lib/python3.12/site-packages/airflow/example_dags/example_skip_dag.py
[2025-01-27T11:44:08.434+0000] {processor.py:925} INFO - DAG(s) 'example_skip_dag' retrieved from /home/airflow/.local/lib/python3.12/site-packages/airflow/example_dags/example_skip_dag.py
[2025-01-27T11:44:08.472+0000] {logging_mixin.py:190} INFO - [2025-01-27T11:44:08.471+0000] {dag.py:3239} INFO - Sync 1 DAGs
[2025-01-27T11:44:08.514+0000] {logging_mixin.py:190} INFO - [2025-01-27T11:44:08.513+0000] {dag.py:4180} INFO - Setting next_dagrun for example_skip_dag to 2025-01-26 00:00:00+00:00, run_after=2025-01-27 00:00:00+00:00
[2025-01-27T11:44:08.549+0000] {processor.py:208} INFO - Processing /home/airflow/.local/lib/python3.12/site-packages/airflow/example_dags/example_skip_dag.py took 0.151 seconds
[2025-01-27T11:44:38.959+0000] {processor.py:186} INFO - Started process (PID=1015) to work on /home/airflow/.local/lib/python3.12/site-packages/airflow/example_dags/example_skip_dag.py
[2025-01-27T11:44:38.961+0000] {processor.py:914} INFO - Processing file /home/airflow/.local/lib/python3.12/site-packages/airflow/example_dags/example_skip_dag.py for tasks to queue
[2025-01-27T11:44:38.978+0000] {logging_mixin.py:190} INFO - [2025-01-27T11:44:38.978+0000] {dagbag.py:588} INFO - Filling up the DagBag from /home/airflow/.local/lib/python3.12/site-packages/airflow/example_dags/example_skip_dag.py
[2025-01-27T11:44:39.029+0000] {processor.py:925} INFO - DAG(s) 'example_skip_dag' retrieved from /home/airflow/.local/lib/python3.12/site-packages/airflow/example_dags/example_skip_dag.py
[2025-01-27T11:44:39.149+0000] {logging_mixin.py:190} INFO - [2025-01-27T11:44:39.148+0000] {dag.py:3239} INFO - Sync 1 DAGs
[2025-01-27T11:44:39.269+0000] {logging_mixin.py:190} INFO - [2025-01-27T11:44:39.269+0000] {dag.py:4180} INFO - Setting next_dagrun for example_skip_dag to 2025-01-26 00:00:00+00:00, run_after=2025-01-27 00:00:00+00:00
[2025-01-27T11:44:39.325+0000] {processor.py:208} INFO - Processing /home/airflow/.local/lib/python3.12/site-packages/airflow/example_dags/example_skip_dag.py took 0.394 seconds
[2025-01-27T11:45:09.490+0000] {processor.py:186} INFO - Started process (PID=1079) to work on /home/airflow/.local/lib/python3.12/site-packages/airflow/example_dags/example_skip_dag.py
[2025-01-27T11:45:09.492+0000] {processor.py:914} INFO - Processing file /home/airflow/.local/lib/python3.12/site-packages/airflow/example_dags/example_skip_dag.py for tasks to queue
[2025-01-27T11:45:09.496+0000] {logging_mixin.py:190} INFO - [2025-01-27T11:45:09.495+0000] {dagbag.py:588} INFO - Filling up the DagBag from /home/airflow/.local/lib/python3.12/site-packages/airflow/example_dags/example_skip_dag.py
[2025-01-27T11:45:09.508+0000] {processor.py:925} INFO - DAG(s) 'example_skip_dag' retrieved from /home/airflow/.local/lib/python3.12/site-packages/airflow/example_dags/example_skip_dag.py
[2025-01-27T11:45:09.540+0000] {logging_mixin.py:190} INFO - [2025-01-27T11:45:09.540+0000] {dag.py:3239} INFO - Sync 1 DAGs
[2025-01-27T11:45:09.575+0000] {logging_mixin.py:190} INFO - [2025-01-27T11:45:09.575+0000] {dag.py:4180} INFO - Setting next_dagrun for example_skip_dag to 2025-01-26 00:00:00+00:00, run_after=2025-01-27 00:00:00+00:00
[2025-01-27T11:45:09.604+0000] {processor.py:208} INFO - Processing /home/airflow/.local/lib/python3.12/site-packages/airflow/example_dags/example_skip_dag.py took 0.123 seconds
[2025-01-27T11:45:39.777+0000] {processor.py:186} INFO - Started process (PID=1143) to work on /home/airflow/.local/lib/python3.12/site-packages/airflow/example_dags/example_skip_dag.py
[2025-01-27T11:45:39.778+0000] {processor.py:914} INFO - Processing file /home/airflow/.local/lib/python3.12/site-packages/airflow/example_dags/example_skip_dag.py for tasks to queue
[2025-01-27T11:45:39.783+0000] {logging_mixin.py:190} INFO - [2025-01-27T11:45:39.782+0000] {dagbag.py:588} INFO - Filling up the DagBag from /home/airflow/.local/lib/python3.12/site-packages/airflow/example_dags/example_skip_dag.py
[2025-01-27T11:45:39.798+0000] {processor.py:925} INFO - DAG(s) 'example_skip_dag' retrieved from /home/airflow/.local/lib/python3.12/site-packages/airflow/example_dags/example_skip_dag.py
[2025-01-27T11:45:39.834+0000] {logging_mixin.py:190} INFO - [2025-01-27T11:45:39.833+0000] {dag.py:3239} INFO - Sync 1 DAGs
[2025-01-27T11:45:39.872+0000] {logging_mixin.py:190} INFO - [2025-01-27T11:45:39.872+0000] {dag.py:4180} INFO - Setting next_dagrun for example_skip_dag to 2025-01-26 00:00:00+00:00, run_after=2025-01-27 00:00:00+00:00
[2025-01-27T11:45:39.899+0000] {processor.py:208} INFO - Processing /home/airflow/.local/lib/python3.12/site-packages/airflow/example_dags/example_skip_dag.py took 0.133 seconds
[2025-01-27T11:46:10.189+0000] {processor.py:186} INFO - Started process (PID=1207) to work on /home/airflow/.local/lib/python3.12/site-packages/airflow/example_dags/example_skip_dag.py
[2025-01-27T11:46:10.190+0000] {processor.py:914} INFO - Processing file /home/airflow/.local/lib/python3.12/site-packages/airflow/example_dags/example_skip_dag.py for tasks to queue
[2025-01-27T11:46:10.195+0000] {logging_mixin.py:190} INFO - [2025-01-27T11:46:10.194+0000] {dagbag.py:588} INFO - Filling up the DagBag from /home/airflow/.local/lib/python3.12/site-packages/airflow/example_dags/example_skip_dag.py
[2025-01-27T11:46:10.212+0000] {processor.py:925} INFO - DAG(s) 'example_skip_dag' retrieved from /home/airflow/.local/lib/python3.12/site-packages/airflow/example_dags/example_skip_dag.py
[2025-01-27T11:46:10.248+0000] {logging_mixin.py:190} INFO - [2025-01-27T11:46:10.248+0000] {dag.py:3239} INFO - Sync 1 DAGs
[2025-01-27T11:46:10.295+0000] {logging_mixin.py:190} INFO - [2025-01-27T11:46:10.295+0000] {dag.py:4180} INFO - Setting next_dagrun for example_skip_dag to 2025-01-26 00:00:00+00:00, run_after=2025-01-27 00:00:00+00:00
[2025-01-27T11:46:10.333+0000] {processor.py:208} INFO - Processing /home/airflow/.local/lib/python3.12/site-packages/airflow/example_dags/example_skip_dag.py took 0.157 seconds
[2025-01-27T11:46:40.614+0000] {processor.py:186} INFO - Started process (PID=1271) to work on /home/airflow/.local/lib/python3.12/site-packages/airflow/example_dags/example_skip_dag.py
[2025-01-27T11:46:40.620+0000] {processor.py:914} INFO - Processing file /home/airflow/.local/lib/python3.12/site-packages/airflow/example_dags/example_skip_dag.py for tasks to queue
[2025-01-27T11:46:40.625+0000] {logging_mixin.py:190} INFO - [2025-01-27T11:46:40.624+0000] {dagbag.py:588} INFO - Filling up the DagBag from /home/airflow/.local/lib/python3.12/site-packages/airflow/example_dags/example_skip_dag.py
[2025-01-27T11:46:40.641+0000] {processor.py:925} INFO - DAG(s) 'example_skip_dag' retrieved from /home/airflow/.local/lib/python3.12/site-packages/airflow/example_dags/example_skip_dag.py
[2025-01-27T11:46:40.675+0000] {logging_mixin.py:190} INFO - [2025-01-27T11:46:40.675+0000] {dag.py:3239} INFO - Sync 1 DAGs
[2025-01-27T11:46:40.728+0000] {logging_mixin.py:190} INFO - [2025-01-27T11:46:40.728+0000] {dag.py:4180} INFO - Setting next_dagrun for example_skip_dag to 2025-01-26 00:00:00+00:00, run_after=2025-01-27 00:00:00+00:00
[2025-01-27T11:46:40.756+0000] {processor.py:208} INFO - Processing /home/airflow/.local/lib/python3.12/site-packages/airflow/example_dags/example_skip_dag.py took 0.156 seconds
[2025-01-27T11:47:11.143+0000] {processor.py:186} INFO - Started process (PID=1335) to work on /home/airflow/.local/lib/python3.12/site-packages/airflow/example_dags/example_skip_dag.py
[2025-01-27T11:47:11.145+0000] {processor.py:914} INFO - Processing file /home/airflow/.local/lib/python3.12/site-packages/airflow/example_dags/example_skip_dag.py for tasks to queue
[2025-01-27T11:47:11.149+0000] {logging_mixin.py:190} INFO - [2025-01-27T11:47:11.148+0000] {dagbag.py:588} INFO - Filling up the DagBag from /home/airflow/.local/lib/python3.12/site-packages/airflow/example_dags/example_skip_dag.py
[2025-01-27T11:47:11.162+0000] {processor.py:925} INFO - DAG(s) 'example_skip_dag' retrieved from /home/airflow/.local/lib/python3.12/site-packages/airflow/example_dags/example_skip_dag.py
[2025-01-27T11:47:11.199+0000] {logging_mixin.py:190} INFO - [2025-01-27T11:47:11.199+0000] {dag.py:3239} INFO - Sync 1 DAGs
[2025-01-27T11:47:11.244+0000] {logging_mixin.py:190} INFO - [2025-01-27T11:47:11.243+0000] {dag.py:4180} INFO - Setting next_dagrun for example_skip_dag to 2025-01-26 00:00:00+00:00, run_after=2025-01-27 00:00:00+00:00
[2025-01-27T11:47:11.273+0000] {processor.py:208} INFO - Processing /home/airflow/.local/lib/python3.12/site-packages/airflow/example_dags/example_skip_dag.py took 0.142 seconds
[2025-01-27T11:47:41.755+0000] {processor.py:186} INFO - Started process (PID=1399) to work on /home/airflow/.local/lib/python3.12/site-packages/airflow/example_dags/example_skip_dag.py
[2025-01-27T11:47:41.756+0000] {processor.py:914} INFO - Processing file /home/airflow/.local/lib/python3.12/site-packages/airflow/example_dags/example_skip_dag.py for tasks to queue
[2025-01-27T11:47:41.760+0000] {logging_mixin.py:190} INFO - [2025-01-27T11:47:41.759+0000] {dagbag.py:588} INFO - Filling up the DagBag from /home/airflow/.local/lib/python3.12/site-packages/airflow/example_dags/example_skip_dag.py
[2025-01-27T11:47:41.771+0000] {processor.py:925} INFO - DAG(s) 'example_skip_dag' retrieved from /home/airflow/.local/lib/python3.12/site-packages/airflow/example_dags/example_skip_dag.py
[2025-01-27T11:47:41.803+0000] {logging_mixin.py:190} INFO - [2025-01-27T11:47:41.802+0000] {dag.py:3239} INFO - Sync 1 DAGs
[2025-01-27T11:47:41.835+0000] {logging_mixin.py:190} INFO - [2025-01-27T11:47:41.834+0000] {dag.py:4180} INFO - Setting next_dagrun for example_skip_dag to 2025-01-26 00:00:00+00:00, run_after=2025-01-27 00:00:00+00:00
[2025-01-27T11:47:41.863+0000] {processor.py:208} INFO - Processing /home/airflow/.local/lib/python3.12/site-packages/airflow/example_dags/example_skip_dag.py took 0.118 seconds
[2025-01-27T11:48:12.221+0000] {processor.py:186} INFO - Started process (PID=1463) to work on /home/airflow/.local/lib/python3.12/site-packages/airflow/example_dags/example_skip_dag.py
[2025-01-27T11:48:12.223+0000] {processor.py:914} INFO - Processing file /home/airflow/.local/lib/python3.12/site-packages/airflow/example_dags/example_skip_dag.py for tasks to queue
[2025-01-27T11:48:12.227+0000] {logging_mixin.py:190} INFO - [2025-01-27T11:48:12.226+0000] {dagbag.py:588} INFO - Filling up the DagBag from /home/airflow/.local/lib/python3.12/site-packages/airflow/example_dags/example_skip_dag.py
[2025-01-27T11:48:12.239+0000] {processor.py:925} INFO - DAG(s) 'example_skip_dag' retrieved from /home/airflow/.local/lib/python3.12/site-packages/airflow/example_dags/example_skip_dag.py
[2025-01-27T11:48:12.271+0000] {logging_mixin.py:190} INFO - [2025-01-27T11:48:12.271+0000] {dag.py:3239} INFO - Sync 1 DAGs
[2025-01-27T11:48:12.304+0000] {logging_mixin.py:190} INFO - [2025-01-27T11:48:12.304+0000] {dag.py:4180} INFO - Setting next_dagrun for example_skip_dag to 2025-01-26 00:00:00+00:00, run_after=2025-01-27 00:00:00+00:00
[2025-01-27T11:48:12.337+0000] {processor.py:208} INFO - Processing /home/airflow/.local/lib/python3.12/site-packages/airflow/example_dags/example_skip_dag.py took 0.124 seconds
[2025-01-27T11:48:42.507+0000] {processor.py:186} INFO - Started process (PID=1526) to work on /home/airflow/.local/lib/python3.12/site-packages/airflow/example_dags/example_skip_dag.py
[2025-01-27T11:48:42.509+0000] {processor.py:914} INFO - Processing file /home/airflow/.local/lib/python3.12/site-packages/airflow/example_dags/example_skip_dag.py for tasks to queue
[2025-01-27T11:48:42.513+0000] {logging_mixin.py:190} INFO - [2025-01-27T11:48:42.513+0000] {dagbag.py:588} INFO - Filling up the DagBag from /home/airflow/.local/lib/python3.12/site-packages/airflow/example_dags/example_skip_dag.py
[2025-01-27T11:48:42.528+0000] {processor.py:925} INFO - DAG(s) 'example_skip_dag' retrieved from /home/airflow/.local/lib/python3.12/site-packages/airflow/example_dags/example_skip_dag.py
[2025-01-27T11:48:42.561+0000] {logging_mixin.py:190} INFO - [2025-01-27T11:48:42.561+0000] {dag.py:3239} INFO - Sync 1 DAGs
[2025-01-27T11:48:42.604+0000] {logging_mixin.py:190} INFO - [2025-01-27T11:48:42.603+0000] {dag.py:4180} INFO - Setting next_dagrun for example_skip_dag to 2025-01-26 00:00:00+00:00, run_after=2025-01-27 00:00:00+00:00
[2025-01-27T11:48:42.631+0000] {processor.py:208} INFO - Processing /home/airflow/.local/lib/python3.12/site-packages/airflow/example_dags/example_skip_dag.py took 0.135 seconds
[2025-01-27T11:49:13.367+0000] {processor.py:186} INFO - Started process (PID=1590) to work on /home/airflow/.local/lib/python3.12/site-packages/airflow/example_dags/example_skip_dag.py
[2025-01-27T11:49:13.369+0000] {processor.py:914} INFO - Processing file /home/airflow/.local/lib/python3.12/site-packages/airflow/example_dags/example_skip_dag.py for tasks to queue
[2025-01-27T11:49:13.373+0000] {logging_mixin.py:190} INFO - [2025-01-27T11:49:13.373+0000] {dagbag.py:588} INFO - Filling up the DagBag from /home/airflow/.local/lib/python3.12/site-packages/airflow/example_dags/example_skip_dag.py
[2025-01-27T11:49:13.387+0000] {processor.py:925} INFO - DAG(s) 'example_skip_dag' retrieved from /home/airflow/.local/lib/python3.12/site-packages/airflow/example_dags/example_skip_dag.py
[2025-01-27T11:49:13.427+0000] {logging_mixin.py:190} INFO - [2025-01-27T11:49:13.426+0000] {dag.py:3239} INFO - Sync 1 DAGs
[2025-01-27T11:49:13.464+0000] {logging_mixin.py:190} INFO - [2025-01-27T11:49:13.463+0000] {dag.py:4180} INFO - Setting next_dagrun for example_skip_dag to 2025-01-26 00:00:00+00:00, run_after=2025-01-27 00:00:00+00:00
[2025-01-27T11:49:13.494+0000] {processor.py:208} INFO - Processing /home/airflow/.local/lib/python3.12/site-packages/airflow/example_dags/example_skip_dag.py took 0.138 seconds
[2025-01-27T11:49:43.901+0000] {processor.py:186} INFO - Started process (PID=1655) to work on /home/airflow/.local/lib/python3.12/site-packages/airflow/example_dags/example_skip_dag.py
[2025-01-27T11:49:43.903+0000] {processor.py:914} INFO - Processing file /home/airflow/.local/lib/python3.12/site-packages/airflow/example_dags/example_skip_dag.py for tasks to queue
[2025-01-27T11:49:43.907+0000] {logging_mixin.py:190} INFO - [2025-01-27T11:49:43.907+0000] {dagbag.py:588} INFO - Filling up the DagBag from /home/airflow/.local/lib/python3.12/site-packages/airflow/example_dags/example_skip_dag.py
[2025-01-27T11:49:43.920+0000] {processor.py:925} INFO - DAG(s) 'example_skip_dag' retrieved from /home/airflow/.local/lib/python3.12/site-packages/airflow/example_dags/example_skip_dag.py
[2025-01-27T11:49:43.956+0000] {logging_mixin.py:190} INFO - [2025-01-27T11:49:43.955+0000] {dag.py:3239} INFO - Sync 1 DAGs
[2025-01-27T11:49:43.994+0000] {logging_mixin.py:190} INFO - [2025-01-27T11:49:43.994+0000] {dag.py:4180} INFO - Setting next_dagrun for example_skip_dag to 2025-01-26 00:00:00+00:00, run_after=2025-01-27 00:00:00+00:00
[2025-01-27T11:49:44.044+0000] {processor.py:208} INFO - Processing /home/airflow/.local/lib/python3.12/site-packages/airflow/example_dags/example_skip_dag.py took 0.152 seconds
[2025-01-27T11:50:14.496+0000] {processor.py:186} INFO - Started process (PID=1719) to work on /home/airflow/.local/lib/python3.12/site-packages/airflow/example_dags/example_skip_dag.py
[2025-01-27T11:50:14.500+0000] {processor.py:914} INFO - Processing file /home/airflow/.local/lib/python3.12/site-packages/airflow/example_dags/example_skip_dag.py for tasks to queue
[2025-01-27T11:50:14.511+0000] {logging_mixin.py:190} INFO - [2025-01-27T11:50:14.510+0000] {dagbag.py:588} INFO - Filling up the DagBag from /home/airflow/.local/lib/python3.12/site-packages/airflow/example_dags/example_skip_dag.py
[2025-01-27T11:50:14.535+0000] {processor.py:925} INFO - DAG(s) 'example_skip_dag' retrieved from /home/airflow/.local/lib/python3.12/site-packages/airflow/example_dags/example_skip_dag.py
[2025-01-27T11:50:14.571+0000] {logging_mixin.py:190} INFO - [2025-01-27T11:50:14.570+0000] {dag.py:3239} INFO - Sync 1 DAGs
[2025-01-27T11:50:14.611+0000] {logging_mixin.py:190} INFO - [2025-01-27T11:50:14.611+0000] {dag.py:4180} INFO - Setting next_dagrun for example_skip_dag to 2025-01-26 00:00:00+00:00, run_after=2025-01-27 00:00:00+00:00
[2025-01-27T11:50:14.644+0000] {processor.py:208} INFO - Processing /home/airflow/.local/lib/python3.12/site-packages/airflow/example_dags/example_skip_dag.py took 0.171 seconds
