[2025-01-27T10:34:02.012+0000] {processor.py:186} INFO - Started process (PID=195) to work on /home/airflow/.local/lib/python3.12/site-packages/airflow/example_dags/example_nested_branch_dag.py
[2025-01-27T10:34:02.016+0000] {processor.py:914} INFO - Processing file /home/airflow/.local/lib/python3.12/site-packages/airflow/example_dags/example_nested_branch_dag.py for tasks to queue
[2025-01-27T10:34:02.033+0000] {logging_mixin.py:190} INFO - [2025-01-27T10:34:02.033+0000] {dagbag.py:588} INFO - Filling up the DagBag from /home/airflow/.local/lib/python3.12/site-packages/airflow/example_dags/example_nested_branch_dag.py
[2025-01-27T10:34:02.148+0000] {processor.py:925} INFO - DAG(s) 'example_nested_branch_dag' retrieved from /home/airflow/.local/lib/python3.12/site-packages/airflow/example_dags/example_nested_branch_dag.py
[2025-01-27T10:34:02.398+0000] {logging_mixin.py:190} INFO - [2025-01-27T10:34:02.398+0000] {dag.py:3239} INFO - Sync 1 DAGs
[2025-01-27T10:34:02.514+0000] {logging_mixin.py:190} INFO - [2025-01-27T10:34:02.513+0000] {dag.py:4180} INFO - Setting next_dagrun for example_nested_branch_dag to 2025-01-26 00:00:00+00:00, run_after=2025-01-27 00:00:00+00:00
[2025-01-27T10:34:02.572+0000] {processor.py:208} INFO - Processing /home/airflow/.local/lib/python3.12/site-packages/airflow/example_dags/example_nested_branch_dag.py took 0.586 seconds
[2025-01-27T10:44:59.797+0000] {processor.py:186} INFO - Started process (PID=180) to work on /home/airflow/.local/lib/python3.12/site-packages/airflow/example_dags/example_nested_branch_dag.py
[2025-01-27T10:44:59.800+0000] {processor.py:914} INFO - Processing file /home/airflow/.local/lib/python3.12/site-packages/airflow/example_dags/example_nested_branch_dag.py for tasks to queue
[2025-01-27T10:44:59.805+0000] {logging_mixin.py:190} INFO - [2025-01-27T10:44:59.805+0000] {dagbag.py:588} INFO - Filling up the DagBag from /home/airflow/.local/lib/python3.12/site-packages/airflow/example_dags/example_nested_branch_dag.py
[2025-01-27T10:44:59.838+0000] {processor.py:925} INFO - DAG(s) 'example_nested_branch_dag' retrieved from /home/airflow/.local/lib/python3.12/site-packages/airflow/example_dags/example_nested_branch_dag.py
[2025-01-27T10:44:59.950+0000] {logging_mixin.py:190} INFO - [2025-01-27T10:44:59.950+0000] {dag.py:3239} INFO - Sync 1 DAGs
[2025-01-27T10:45:00.163+0000] {logging_mixin.py:190} INFO - [2025-01-27T10:45:00.163+0000] {dag.py:4180} INFO - Setting next_dagrun for example_nested_branch_dag to 2025-01-26 00:00:00+00:00, run_after=2025-01-27 00:00:00+00:00
[2025-01-27T10:45:00.331+0000] {processor.py:208} INFO - Processing /home/airflow/.local/lib/python3.12/site-packages/airflow/example_dags/example_nested_branch_dag.py took 0.551 seconds
[2025-01-27T10:46:21.481+0000] {processor.py:186} INFO - Started process (PID=255) to work on /home/airflow/.local/lib/python3.12/site-packages/airflow/example_dags/example_nested_branch_dag.py
[2025-01-27T10:46:21.561+0000] {processor.py:914} INFO - Processing file /home/airflow/.local/lib/python3.12/site-packages/airflow/example_dags/example_nested_branch_dag.py for tasks to queue
[2025-01-27T10:46:21.779+0000] {logging_mixin.py:190} INFO - [2025-01-27T10:46:21.779+0000] {dagbag.py:588} INFO - Filling up the DagBag from /home/airflow/.local/lib/python3.12/site-packages/airflow/example_dags/example_nested_branch_dag.py
[2025-01-27T10:46:21.967+0000] {processor.py:925} INFO - DAG(s) 'example_nested_branch_dag' retrieved from /home/airflow/.local/lib/python3.12/site-packages/airflow/example_dags/example_nested_branch_dag.py
[2025-01-27T10:46:22.157+0000] {logging_mixin.py:190} INFO - [2025-01-27T10:46:22.156+0000] {dag.py:3239} INFO - Sync 1 DAGs
[2025-01-27T10:46:22.484+0000] {logging_mixin.py:190} INFO - [2025-01-27T10:46:22.482+0000] {dag.py:4180} INFO - Setting next_dagrun for example_nested_branch_dag to 2025-01-26 00:00:00+00:00, run_after=2025-01-27 00:00:00+00:00
[2025-01-27T10:46:22.610+0000] {processor.py:208} INFO - Processing /home/airflow/.local/lib/python3.12/site-packages/airflow/example_dags/example_nested_branch_dag.py took 1.164 seconds
[2025-01-27T10:46:58.501+0000] {processor.py:186} INFO - Started process (PID=324) to work on /home/airflow/.local/lib/python3.12/site-packages/airflow/example_dags/example_nested_branch_dag.py
[2025-01-27T10:46:58.514+0000] {processor.py:914} INFO - Processing file /home/airflow/.local/lib/python3.12/site-packages/airflow/example_dags/example_nested_branch_dag.py for tasks to queue
[2025-01-27T10:46:58.526+0000] {logging_mixin.py:190} INFO - [2025-01-27T10:46:58.525+0000] {dagbag.py:588} INFO - Filling up the DagBag from /home/airflow/.local/lib/python3.12/site-packages/airflow/example_dags/example_nested_branch_dag.py
[2025-01-27T10:46:58.602+0000] {processor.py:925} INFO - DAG(s) 'example_nested_branch_dag' retrieved from /home/airflow/.local/lib/python3.12/site-packages/airflow/example_dags/example_nested_branch_dag.py
[2025-01-27T10:46:58.798+0000] {logging_mixin.py:190} INFO - [2025-01-27T10:46:58.797+0000] {dag.py:3239} INFO - Sync 1 DAGs
[2025-01-27T10:46:58.933+0000] {logging_mixin.py:190} INFO - [2025-01-27T10:46:58.932+0000] {dag.py:4180} INFO - Setting next_dagrun for example_nested_branch_dag to 2025-01-26 00:00:00+00:00, run_after=2025-01-27 00:00:00+00:00
[2025-01-27T10:46:59.099+0000] {processor.py:208} INFO - Processing /home/airflow/.local/lib/python3.12/site-packages/airflow/example_dags/example_nested_branch_dag.py took 0.649 seconds
[2025-01-27T10:55:03.968+0000] {processor.py:186} INFO - Started process (PID=109) to work on /home/airflow/.local/lib/python3.12/site-packages/airflow/example_dags/example_nested_branch_dag.py
[2025-01-27T10:55:03.971+0000] {processor.py:914} INFO - Processing file /home/airflow/.local/lib/python3.12/site-packages/airflow/example_dags/example_nested_branch_dag.py for tasks to queue
[2025-01-27T10:55:03.977+0000] {logging_mixin.py:190} INFO - [2025-01-27T10:55:03.976+0000] {dagbag.py:588} INFO - Filling up the DagBag from /home/airflow/.local/lib/python3.12/site-packages/airflow/example_dags/example_nested_branch_dag.py
[2025-01-27T10:55:04.008+0000] {processor.py:925} INFO - DAG(s) 'example_nested_branch_dag' retrieved from /home/airflow/.local/lib/python3.12/site-packages/airflow/example_dags/example_nested_branch_dag.py
[2025-01-27T10:55:04.086+0000] {logging_mixin.py:190} INFO - [2025-01-27T10:55:04.086+0000] {dag.py:3239} INFO - Sync 1 DAGs
[2025-01-27T10:55:04.174+0000] {logging_mixin.py:190} INFO - [2025-01-27T10:55:04.173+0000] {dag.py:4180} INFO - Setting next_dagrun for example_nested_branch_dag to 2025-01-26 00:00:00+00:00, run_after=2025-01-27 00:00:00+00:00
[2025-01-27T10:55:04.234+0000] {processor.py:208} INFO - Processing /home/airflow/.local/lib/python3.12/site-packages/airflow/example_dags/example_nested_branch_dag.py took 0.280 seconds
[2025-01-27T10:56:31.466+0000] {processor.py:186} INFO - Started process (PID=181) to work on /home/airflow/.local/lib/python3.12/site-packages/airflow/example_dags/example_nested_branch_dag.py
[2025-01-27T10:56:31.468+0000] {processor.py:914} INFO - Processing file /home/airflow/.local/lib/python3.12/site-packages/airflow/example_dags/example_nested_branch_dag.py for tasks to queue
[2025-01-27T10:56:31.475+0000] {logging_mixin.py:190} INFO - [2025-01-27T10:56:31.474+0000] {dagbag.py:588} INFO - Filling up the DagBag from /home/airflow/.local/lib/python3.12/site-packages/airflow/example_dags/example_nested_branch_dag.py
[2025-01-27T10:56:31.515+0000] {processor.py:925} INFO - DAG(s) 'example_nested_branch_dag' retrieved from /home/airflow/.local/lib/python3.12/site-packages/airflow/example_dags/example_nested_branch_dag.py
[2025-01-27T10:56:31.581+0000] {logging_mixin.py:190} INFO - [2025-01-27T10:56:31.581+0000] {dag.py:3239} INFO - Sync 1 DAGs
[2025-01-27T10:56:31.698+0000] {logging_mixin.py:190} INFO - [2025-01-27T10:56:31.698+0000] {dag.py:4180} INFO - Setting next_dagrun for example_nested_branch_dag to 2025-01-26 00:00:00+00:00, run_after=2025-01-27 00:00:00+00:00
[2025-01-27T10:56:31.825+0000] {processor.py:208} INFO - Processing /home/airflow/.local/lib/python3.12/site-packages/airflow/example_dags/example_nested_branch_dag.py took 0.377 seconds
[2025-01-27T10:57:23.705+0000] {processor.py:186} INFO - Started process (PID=251) to work on /home/airflow/.local/lib/python3.12/site-packages/airflow/example_dags/example_nested_branch_dag.py
[2025-01-27T10:57:23.715+0000] {processor.py:914} INFO - Processing file /home/airflow/.local/lib/python3.12/site-packages/airflow/example_dags/example_nested_branch_dag.py for tasks to queue
[2025-01-27T10:57:23.725+0000] {logging_mixin.py:190} INFO - [2025-01-27T10:57:23.724+0000] {dagbag.py:588} INFO - Filling up the DagBag from /home/airflow/.local/lib/python3.12/site-packages/airflow/example_dags/example_nested_branch_dag.py
[2025-01-27T10:57:23.868+0000] {processor.py:925} INFO - DAG(s) 'example_nested_branch_dag' retrieved from /home/airflow/.local/lib/python3.12/site-packages/airflow/example_dags/example_nested_branch_dag.py
[2025-01-27T10:57:24.389+0000] {logging_mixin.py:190} INFO - [2025-01-27T10:57:24.388+0000] {dag.py:3239} INFO - Sync 1 DAGs
[2025-01-27T10:57:24.570+0000] {logging_mixin.py:190} INFO - [2025-01-27T10:57:24.566+0000] {dag.py:4180} INFO - Setting next_dagrun for example_nested_branch_dag to 2025-01-26 00:00:00+00:00, run_after=2025-01-27 00:00:00+00:00
[2025-01-27T10:57:24.706+0000] {processor.py:208} INFO - Processing /home/airflow/.local/lib/python3.12/site-packages/airflow/example_dags/example_nested_branch_dag.py took 1.042 seconds
[2025-01-27T10:57:57.038+0000] {processor.py:186} INFO - Started process (PID=315) to work on /home/airflow/.local/lib/python3.12/site-packages/airflow/example_dags/example_nested_branch_dag.py
[2025-01-27T10:57:57.044+0000] {processor.py:914} INFO - Processing file /home/airflow/.local/lib/python3.12/site-packages/airflow/example_dags/example_nested_branch_dag.py for tasks to queue
[2025-01-27T10:57:57.064+0000] {logging_mixin.py:190} INFO - [2025-01-27T10:57:57.053+0000] {dagbag.py:588} INFO - Filling up the DagBag from /home/airflow/.local/lib/python3.12/site-packages/airflow/example_dags/example_nested_branch_dag.py
[2025-01-27T10:57:57.162+0000] {processor.py:925} INFO - DAG(s) 'example_nested_branch_dag' retrieved from /home/airflow/.local/lib/python3.12/site-packages/airflow/example_dags/example_nested_branch_dag.py
[2025-01-27T10:57:57.285+0000] {logging_mixin.py:190} INFO - [2025-01-27T10:57:57.284+0000] {dag.py:3239} INFO - Sync 1 DAGs
[2025-01-27T10:57:57.373+0000] {logging_mixin.py:190} INFO - [2025-01-27T10:57:57.373+0000] {dag.py:4180} INFO - Setting next_dagrun for example_nested_branch_dag to 2025-01-26 00:00:00+00:00, run_after=2025-01-27 00:00:00+00:00
[2025-01-27T10:57:57.435+0000] {processor.py:208} INFO - Processing /home/airflow/.local/lib/python3.12/site-packages/airflow/example_dags/example_nested_branch_dag.py took 0.420 seconds
[2025-01-27T10:58:42.006+0000] {processor.py:186} INFO - Started process (PID=363) to work on /home/airflow/.local/lib/python3.12/site-packages/airflow/example_dags/example_nested_branch_dag.py
[2025-01-27T10:58:42.043+0000] {processor.py:914} INFO - Processing file /home/airflow/.local/lib/python3.12/site-packages/airflow/example_dags/example_nested_branch_dag.py for tasks to queue
[2025-01-27T10:58:42.250+0000] {logging_mixin.py:190} INFO - [2025-01-27T10:58:42.234+0000] {dagbag.py:588} INFO - Filling up the DagBag from /home/airflow/.local/lib/python3.12/site-packages/airflow/example_dags/example_nested_branch_dag.py
[2025-01-27T10:58:42.765+0000] {processor.py:925} INFO - DAG(s) 'example_nested_branch_dag' retrieved from /home/airflow/.local/lib/python3.12/site-packages/airflow/example_dags/example_nested_branch_dag.py
[2025-01-27T10:58:43.214+0000] {logging_mixin.py:190} INFO - [2025-01-27T10:58:43.212+0000] {dag.py:3239} INFO - Sync 1 DAGs
[2025-01-27T10:58:43.458+0000] {logging_mixin.py:190} INFO - [2025-01-27T10:58:43.456+0000] {dag.py:4180} INFO - Setting next_dagrun for example_nested_branch_dag to 2025-01-26 00:00:00+00:00, run_after=2025-01-27 00:00:00+00:00
[2025-01-27T10:58:43.634+0000] {processor.py:208} INFO - Processing /home/airflow/.local/lib/python3.12/site-packages/airflow/example_dags/example_nested_branch_dag.py took 2.153 seconds
[2025-01-27T10:59:15.290+0000] {processor.py:186} INFO - Started process (PID=427) to work on /home/airflow/.local/lib/python3.12/site-packages/airflow/example_dags/example_nested_branch_dag.py
[2025-01-27T10:59:15.292+0000] {processor.py:914} INFO - Processing file /home/airflow/.local/lib/python3.12/site-packages/airflow/example_dags/example_nested_branch_dag.py for tasks to queue
[2025-01-27T10:59:15.297+0000] {logging_mixin.py:190} INFO - [2025-01-27T10:59:15.296+0000] {dagbag.py:588} INFO - Filling up the DagBag from /home/airflow/.local/lib/python3.12/site-packages/airflow/example_dags/example_nested_branch_dag.py
[2025-01-27T10:59:15.325+0000] {processor.py:925} INFO - DAG(s) 'example_nested_branch_dag' retrieved from /home/airflow/.local/lib/python3.12/site-packages/airflow/example_dags/example_nested_branch_dag.py
[2025-01-27T10:59:15.389+0000] {logging_mixin.py:190} INFO - [2025-01-27T10:59:15.389+0000] {dag.py:3239} INFO - Sync 1 DAGs
[2025-01-27T10:59:15.456+0000] {logging_mixin.py:190} INFO - [2025-01-27T10:59:15.455+0000] {dag.py:4180} INFO - Setting next_dagrun for example_nested_branch_dag to 2025-01-26 00:00:00+00:00, run_after=2025-01-27 00:00:00+00:00
[2025-01-27T10:59:15.555+0000] {processor.py:208} INFO - Processing /home/airflow/.local/lib/python3.12/site-packages/airflow/example_dags/example_nested_branch_dag.py took 0.283 seconds
[2025-01-27T10:59:46.676+0000] {processor.py:186} INFO - Started process (PID=487) to work on /home/airflow/.local/lib/python3.12/site-packages/airflow/example_dags/example_nested_branch_dag.py
[2025-01-27T10:59:46.678+0000] {processor.py:914} INFO - Processing file /home/airflow/.local/lib/python3.12/site-packages/airflow/example_dags/example_nested_branch_dag.py for tasks to queue
[2025-01-27T10:59:46.685+0000] {logging_mixin.py:190} INFO - [2025-01-27T10:59:46.684+0000] {dagbag.py:588} INFO - Filling up the DagBag from /home/airflow/.local/lib/python3.12/site-packages/airflow/example_dags/example_nested_branch_dag.py
[2025-01-27T10:59:46.720+0000] {processor.py:925} INFO - DAG(s) 'example_nested_branch_dag' retrieved from /home/airflow/.local/lib/python3.12/site-packages/airflow/example_dags/example_nested_branch_dag.py
[2025-01-27T10:59:46.793+0000] {logging_mixin.py:190} INFO - [2025-01-27T10:59:46.793+0000] {dag.py:3239} INFO - Sync 1 DAGs
[2025-01-27T10:59:46.852+0000] {logging_mixin.py:190} INFO - [2025-01-27T10:59:46.851+0000] {dag.py:4180} INFO - Setting next_dagrun for example_nested_branch_dag to 2025-01-26 00:00:00+00:00, run_after=2025-01-27 00:00:00+00:00
[2025-01-27T10:59:46.889+0000] {processor.py:208} INFO - Processing /home/airflow/.local/lib/python3.12/site-packages/airflow/example_dags/example_nested_branch_dag.py took 0.228 seconds
[2025-01-27T11:00:18.392+0000] {processor.py:186} INFO - Started process (PID=551) to work on /home/airflow/.local/lib/python3.12/site-packages/airflow/example_dags/example_nested_branch_dag.py
[2025-01-27T11:00:18.394+0000] {processor.py:914} INFO - Processing file /home/airflow/.local/lib/python3.12/site-packages/airflow/example_dags/example_nested_branch_dag.py for tasks to queue
[2025-01-27T11:00:18.399+0000] {logging_mixin.py:190} INFO - [2025-01-27T11:00:18.399+0000] {dagbag.py:588} INFO - Filling up the DagBag from /home/airflow/.local/lib/python3.12/site-packages/airflow/example_dags/example_nested_branch_dag.py
[2025-01-27T11:00:18.431+0000] {processor.py:925} INFO - DAG(s) 'example_nested_branch_dag' retrieved from /home/airflow/.local/lib/python3.12/site-packages/airflow/example_dags/example_nested_branch_dag.py
[2025-01-27T11:00:18.480+0000] {logging_mixin.py:190} INFO - [2025-01-27T11:00:18.479+0000] {dag.py:3239} INFO - Sync 1 DAGs
[2025-01-27T11:00:18.533+0000] {logging_mixin.py:190} INFO - [2025-01-27T11:00:18.532+0000] {dag.py:4180} INFO - Setting next_dagrun for example_nested_branch_dag to 2025-01-26 00:00:00+00:00, run_after=2025-01-27 00:00:00+00:00
[2025-01-27T11:00:18.595+0000] {processor.py:208} INFO - Processing /home/airflow/.local/lib/python3.12/site-packages/airflow/example_dags/example_nested_branch_dag.py took 0.220 seconds
[2025-01-27T11:00:53.085+0000] {processor.py:186} INFO - Started process (PID=613) to work on /home/airflow/.local/lib/python3.12/site-packages/airflow/example_dags/example_nested_branch_dag.py
[2025-01-27T11:00:53.099+0000] {processor.py:914} INFO - Processing file /home/airflow/.local/lib/python3.12/site-packages/airflow/example_dags/example_nested_branch_dag.py for tasks to queue
[2025-01-27T11:00:53.116+0000] {logging_mixin.py:190} INFO - [2025-01-27T11:00:53.115+0000] {dagbag.py:588} INFO - Filling up the DagBag from /home/airflow/.local/lib/python3.12/site-packages/airflow/example_dags/example_nested_branch_dag.py
[2025-01-27T11:00:53.222+0000] {processor.py:925} INFO - DAG(s) 'example_nested_branch_dag' retrieved from /home/airflow/.local/lib/python3.12/site-packages/airflow/example_dags/example_nested_branch_dag.py
[2025-01-27T11:00:53.276+0000] {logging_mixin.py:190} INFO - [2025-01-27T11:00:53.276+0000] {dag.py:3239} INFO - Sync 1 DAGs
[2025-01-27T11:00:53.322+0000] {logging_mixin.py:190} INFO - [2025-01-27T11:00:53.322+0000] {dag.py:4180} INFO - Setting next_dagrun for example_nested_branch_dag to 2025-01-26 00:00:00+00:00, run_after=2025-01-27 00:00:00+00:00
[2025-01-27T11:00:53.357+0000] {processor.py:208} INFO - Processing /home/airflow/.local/lib/python3.12/site-packages/airflow/example_dags/example_nested_branch_dag.py took 0.294 seconds
[2025-01-27T11:01:23.762+0000] {processor.py:186} INFO - Started process (PID=678) to work on /home/airflow/.local/lib/python3.12/site-packages/airflow/example_dags/example_nested_branch_dag.py
[2025-01-27T11:01:23.767+0000] {processor.py:914} INFO - Processing file /home/airflow/.local/lib/python3.12/site-packages/airflow/example_dags/example_nested_branch_dag.py for tasks to queue
[2025-01-27T11:01:23.779+0000] {logging_mixin.py:190} INFO - [2025-01-27T11:01:23.778+0000] {dagbag.py:588} INFO - Filling up the DagBag from /home/airflow/.local/lib/python3.12/site-packages/airflow/example_dags/example_nested_branch_dag.py
[2025-01-27T11:01:23.827+0000] {processor.py:925} INFO - DAG(s) 'example_nested_branch_dag' retrieved from /home/airflow/.local/lib/python3.12/site-packages/airflow/example_dags/example_nested_branch_dag.py
[2025-01-27T11:01:23.887+0000] {logging_mixin.py:190} INFO - [2025-01-27T11:01:23.887+0000] {dag.py:3239} INFO - Sync 1 DAGs
[2025-01-27T11:01:23.947+0000] {logging_mixin.py:190} INFO - [2025-01-27T11:01:23.947+0000] {dag.py:4180} INFO - Setting next_dagrun for example_nested_branch_dag to 2025-01-26 00:00:00+00:00, run_after=2025-01-27 00:00:00+00:00
[2025-01-27T11:01:23.997+0000] {processor.py:208} INFO - Processing /home/airflow/.local/lib/python3.12/site-packages/airflow/example_dags/example_nested_branch_dag.py took 0.254 seconds
[2025-01-27T11:01:54.935+0000] {processor.py:186} INFO - Started process (PID=742) to work on /home/airflow/.local/lib/python3.12/site-packages/airflow/example_dags/example_nested_branch_dag.py
[2025-01-27T11:01:54.943+0000] {processor.py:914} INFO - Processing file /home/airflow/.local/lib/python3.12/site-packages/airflow/example_dags/example_nested_branch_dag.py for tasks to queue
[2025-01-27T11:01:54.952+0000] {logging_mixin.py:190} INFO - [2025-01-27T11:01:54.951+0000] {dagbag.py:588} INFO - Filling up the DagBag from /home/airflow/.local/lib/python3.12/site-packages/airflow/example_dags/example_nested_branch_dag.py
[2025-01-27T11:01:54.997+0000] {processor.py:925} INFO - DAG(s) 'example_nested_branch_dag' retrieved from /home/airflow/.local/lib/python3.12/site-packages/airflow/example_dags/example_nested_branch_dag.py
[2025-01-27T11:01:55.088+0000] {logging_mixin.py:190} INFO - [2025-01-27T11:01:55.087+0000] {dag.py:3239} INFO - Sync 1 DAGs
[2025-01-27T11:01:55.192+0000] {logging_mixin.py:190} INFO - [2025-01-27T11:01:55.192+0000] {dag.py:4180} INFO - Setting next_dagrun for example_nested_branch_dag to 2025-01-26 00:00:00+00:00, run_after=2025-01-27 00:00:00+00:00
[2025-01-27T11:01:55.268+0000] {processor.py:208} INFO - Processing /home/airflow/.local/lib/python3.12/site-packages/airflow/example_dags/example_nested_branch_dag.py took 0.372 seconds
[2025-01-27T11:02:25.388+0000] {processor.py:186} INFO - Started process (PID=806) to work on /home/airflow/.local/lib/python3.12/site-packages/airflow/example_dags/example_nested_branch_dag.py
[2025-01-27T11:02:25.390+0000] {processor.py:914} INFO - Processing file /home/airflow/.local/lib/python3.12/site-packages/airflow/example_dags/example_nested_branch_dag.py for tasks to queue
[2025-01-27T11:02:25.394+0000] {logging_mixin.py:190} INFO - [2025-01-27T11:02:25.394+0000] {dagbag.py:588} INFO - Filling up the DagBag from /home/airflow/.local/lib/python3.12/site-packages/airflow/example_dags/example_nested_branch_dag.py
[2025-01-27T11:02:25.417+0000] {processor.py:925} INFO - DAG(s) 'example_nested_branch_dag' retrieved from /home/airflow/.local/lib/python3.12/site-packages/airflow/example_dags/example_nested_branch_dag.py
[2025-01-27T11:02:25.459+0000] {logging_mixin.py:190} INFO - [2025-01-27T11:02:25.459+0000] {dag.py:3239} INFO - Sync 1 DAGs
[2025-01-27T11:02:25.517+0000] {logging_mixin.py:190} INFO - [2025-01-27T11:02:25.516+0000] {dag.py:4180} INFO - Setting next_dagrun for example_nested_branch_dag to 2025-01-26 00:00:00+00:00, run_after=2025-01-27 00:00:00+00:00
[2025-01-27T11:02:25.557+0000] {processor.py:208} INFO - Processing /home/airflow/.local/lib/python3.12/site-packages/airflow/example_dags/example_nested_branch_dag.py took 0.179 seconds
[2025-01-27T11:02:55.689+0000] {processor.py:186} INFO - Started process (PID=867) to work on /home/airflow/.local/lib/python3.12/site-packages/airflow/example_dags/example_nested_branch_dag.py
[2025-01-27T11:02:55.691+0000] {processor.py:914} INFO - Processing file /home/airflow/.local/lib/python3.12/site-packages/airflow/example_dags/example_nested_branch_dag.py for tasks to queue
[2025-01-27T11:02:55.695+0000] {logging_mixin.py:190} INFO - [2025-01-27T11:02:55.695+0000] {dagbag.py:588} INFO - Filling up the DagBag from /home/airflow/.local/lib/python3.12/site-packages/airflow/example_dags/example_nested_branch_dag.py
[2025-01-27T11:02:55.715+0000] {processor.py:925} INFO - DAG(s) 'example_nested_branch_dag' retrieved from /home/airflow/.local/lib/python3.12/site-packages/airflow/example_dags/example_nested_branch_dag.py
[2025-01-27T11:02:55.758+0000] {logging_mixin.py:190} INFO - [2025-01-27T11:02:55.758+0000] {dag.py:3239} INFO - Sync 1 DAGs
[2025-01-27T11:02:55.822+0000] {logging_mixin.py:190} INFO - [2025-01-27T11:02:55.822+0000] {dag.py:4180} INFO - Setting next_dagrun for example_nested_branch_dag to 2025-01-26 00:00:00+00:00, run_after=2025-01-27 00:00:00+00:00
[2025-01-27T11:02:55.864+0000] {processor.py:208} INFO - Processing /home/airflow/.local/lib/python3.12/site-packages/airflow/example_dags/example_nested_branch_dag.py took 0.187 seconds
[2025-01-27T11:03:27.923+0000] {processor.py:186} INFO - Started process (PID=931) to work on /home/airflow/.local/lib/python3.12/site-packages/airflow/example_dags/example_nested_branch_dag.py
[2025-01-27T11:03:27.929+0000] {processor.py:914} INFO - Processing file /home/airflow/.local/lib/python3.12/site-packages/airflow/example_dags/example_nested_branch_dag.py for tasks to queue
[2025-01-27T11:03:27.935+0000] {logging_mixin.py:190} INFO - [2025-01-27T11:03:27.934+0000] {dagbag.py:588} INFO - Filling up the DagBag from /home/airflow/.local/lib/python3.12/site-packages/airflow/example_dags/example_nested_branch_dag.py
[2025-01-27T11:03:27.961+0000] {processor.py:925} INFO - DAG(s) 'example_nested_branch_dag' retrieved from /home/airflow/.local/lib/python3.12/site-packages/airflow/example_dags/example_nested_branch_dag.py
[2025-01-27T11:03:28.007+0000] {logging_mixin.py:190} INFO - [2025-01-27T11:03:28.007+0000] {dag.py:3239} INFO - Sync 1 DAGs
[2025-01-27T11:03:28.058+0000] {logging_mixin.py:190} INFO - [2025-01-27T11:03:28.058+0000] {dag.py:4180} INFO - Setting next_dagrun for example_nested_branch_dag to 2025-01-26 00:00:00+00:00, run_after=2025-01-27 00:00:00+00:00
[2025-01-27T11:03:28.104+0000] {processor.py:208} INFO - Processing /home/airflow/.local/lib/python3.12/site-packages/airflow/example_dags/example_nested_branch_dag.py took 0.202 seconds
[2025-01-27T11:04:01.926+0000] {processor.py:186} INFO - Started process (PID=995) to work on /home/airflow/.local/lib/python3.12/site-packages/airflow/example_dags/example_nested_branch_dag.py
[2025-01-27T11:04:01.931+0000] {processor.py:914} INFO - Processing file /home/airflow/.local/lib/python3.12/site-packages/airflow/example_dags/example_nested_branch_dag.py for tasks to queue
[2025-01-27T11:04:01.937+0000] {logging_mixin.py:190} INFO - [2025-01-27T11:04:01.936+0000] {dagbag.py:588} INFO - Filling up the DagBag from /home/airflow/.local/lib/python3.12/site-packages/airflow/example_dags/example_nested_branch_dag.py
[2025-01-27T11:04:01.961+0000] {processor.py:925} INFO - DAG(s) 'example_nested_branch_dag' retrieved from /home/airflow/.local/lib/python3.12/site-packages/airflow/example_dags/example_nested_branch_dag.py
[2025-01-27T11:04:02.012+0000] {logging_mixin.py:190} INFO - [2025-01-27T11:04:02.011+0000] {dag.py:3239} INFO - Sync 1 DAGs
[2025-01-27T11:04:02.067+0000] {logging_mixin.py:190} INFO - [2025-01-27T11:04:02.067+0000] {dag.py:4180} INFO - Setting next_dagrun for example_nested_branch_dag to 2025-01-26 00:00:00+00:00, run_after=2025-01-27 00:00:00+00:00
[2025-01-27T11:04:02.118+0000] {processor.py:208} INFO - Processing /home/airflow/.local/lib/python3.12/site-packages/airflow/example_dags/example_nested_branch_dag.py took 0.204 seconds
[2025-01-27T11:05:00.057+0000] {processor.py:186} INFO - Started process (PID=1062) to work on /home/airflow/.local/lib/python3.12/site-packages/airflow/example_dags/example_nested_branch_dag.py
[2025-01-27T11:05:00.067+0000] {processor.py:914} INFO - Processing file /home/airflow/.local/lib/python3.12/site-packages/airflow/example_dags/example_nested_branch_dag.py for tasks to queue
[2025-01-27T11:05:00.073+0000] {logging_mixin.py:190} INFO - [2025-01-27T11:05:00.072+0000] {dagbag.py:588} INFO - Filling up the DagBag from /home/airflow/.local/lib/python3.12/site-packages/airflow/example_dags/example_nested_branch_dag.py
[2025-01-27T11:05:00.194+0000] {processor.py:925} INFO - DAG(s) 'example_nested_branch_dag' retrieved from /home/airflow/.local/lib/python3.12/site-packages/airflow/example_dags/example_nested_branch_dag.py
[2025-01-27T11:05:00.397+0000] {logging_mixin.py:190} INFO - [2025-01-27T11:05:00.385+0000] {dag.py:3239} INFO - Sync 1 DAGs
[2025-01-27T11:05:00.529+0000] {logging_mixin.py:190} INFO - [2025-01-27T11:05:00.528+0000] {dag.py:4180} INFO - Setting next_dagrun for example_nested_branch_dag to 2025-01-26 00:00:00+00:00, run_after=2025-01-27 00:00:00+00:00
[2025-01-27T11:05:00.686+0000] {processor.py:208} INFO - Processing /home/airflow/.local/lib/python3.12/site-packages/airflow/example_dags/example_nested_branch_dag.py took 0.798 seconds
[2025-01-27T11:14:54.729+0000] {processor.py:186} INFO - Started process (PID=1127) to work on /home/airflow/.local/lib/python3.12/site-packages/airflow/example_dags/example_nested_branch_dag.py
[2025-01-27T11:14:54.738+0000] {processor.py:914} INFO - Processing file /home/airflow/.local/lib/python3.12/site-packages/airflow/example_dags/example_nested_branch_dag.py for tasks to queue
[2025-01-27T11:14:54.750+0000] {logging_mixin.py:190} INFO - [2025-01-27T11:14:54.750+0000] {dagbag.py:588} INFO - Filling up the DagBag from /home/airflow/.local/lib/python3.12/site-packages/airflow/example_dags/example_nested_branch_dag.py
[2025-01-27T11:14:54.830+0000] {processor.py:925} INFO - DAG(s) 'example_nested_branch_dag' retrieved from /home/airflow/.local/lib/python3.12/site-packages/airflow/example_dags/example_nested_branch_dag.py
[2025-01-27T11:14:54.952+0000] {logging_mixin.py:190} INFO - [2025-01-27T11:14:54.951+0000] {dag.py:3239} INFO - Sync 1 DAGs
[2025-01-27T11:14:55.034+0000] {logging_mixin.py:190} INFO - [2025-01-27T11:14:55.034+0000] {dag.py:4180} INFO - Setting next_dagrun for example_nested_branch_dag to 2025-01-26 00:00:00+00:00, run_after=2025-01-27 00:00:00+00:00
[2025-01-27T11:14:55.101+0000] {processor.py:208} INFO - Processing /home/airflow/.local/lib/python3.12/site-packages/airflow/example_dags/example_nested_branch_dag.py took 0.430 seconds
[2025-01-27T11:15:25.733+0000] {processor.py:186} INFO - Started process (PID=1191) to work on /home/airflow/.local/lib/python3.12/site-packages/airflow/example_dags/example_nested_branch_dag.py
[2025-01-27T11:15:25.735+0000] {processor.py:914} INFO - Processing file /home/airflow/.local/lib/python3.12/site-packages/airflow/example_dags/example_nested_branch_dag.py for tasks to queue
[2025-01-27T11:15:25.738+0000] {logging_mixin.py:190} INFO - [2025-01-27T11:15:25.737+0000] {dagbag.py:588} INFO - Filling up the DagBag from /home/airflow/.local/lib/python3.12/site-packages/airflow/example_dags/example_nested_branch_dag.py
[2025-01-27T11:15:25.768+0000] {processor.py:925} INFO - DAG(s) 'example_nested_branch_dag' retrieved from /home/airflow/.local/lib/python3.12/site-packages/airflow/example_dags/example_nested_branch_dag.py
[2025-01-27T11:15:25.824+0000] {logging_mixin.py:190} INFO - [2025-01-27T11:15:25.824+0000] {dag.py:3239} INFO - Sync 1 DAGs
[2025-01-27T11:15:25.883+0000] {logging_mixin.py:190} INFO - [2025-01-27T11:15:25.883+0000] {dag.py:4180} INFO - Setting next_dagrun for example_nested_branch_dag to 2025-01-26 00:00:00+00:00, run_after=2025-01-27 00:00:00+00:00
[2025-01-27T11:15:25.928+0000] {processor.py:208} INFO - Processing /home/airflow/.local/lib/python3.12/site-packages/airflow/example_dags/example_nested_branch_dag.py took 0.209 seconds
[2025-01-27T11:15:56.650+0000] {processor.py:186} INFO - Started process (PID=1255) to work on /home/airflow/.local/lib/python3.12/site-packages/airflow/example_dags/example_nested_branch_dag.py
[2025-01-27T11:15:56.652+0000] {processor.py:914} INFO - Processing file /home/airflow/.local/lib/python3.12/site-packages/airflow/example_dags/example_nested_branch_dag.py for tasks to queue
[2025-01-27T11:15:56.654+0000] {logging_mixin.py:190} INFO - [2025-01-27T11:15:56.654+0000] {dagbag.py:588} INFO - Filling up the DagBag from /home/airflow/.local/lib/python3.12/site-packages/airflow/example_dags/example_nested_branch_dag.py
[2025-01-27T11:15:56.675+0000] {processor.py:925} INFO - DAG(s) 'example_nested_branch_dag' retrieved from /home/airflow/.local/lib/python3.12/site-packages/airflow/example_dags/example_nested_branch_dag.py
[2025-01-27T11:15:56.717+0000] {logging_mixin.py:190} INFO - [2025-01-27T11:15:56.716+0000] {dag.py:3239} INFO - Sync 1 DAGs
[2025-01-27T11:15:56.784+0000] {logging_mixin.py:190} INFO - [2025-01-27T11:15:56.783+0000] {dag.py:4180} INFO - Setting next_dagrun for example_nested_branch_dag to 2025-01-26 00:00:00+00:00, run_after=2025-01-27 00:00:00+00:00
[2025-01-27T11:15:56.850+0000] {processor.py:208} INFO - Processing /home/airflow/.local/lib/python3.12/site-packages/airflow/example_dags/example_nested_branch_dag.py took 0.214 seconds
[2025-01-27T11:18:22.369+0000] {processor.py:186} INFO - Started process (PID=1329) to work on /home/airflow/.local/lib/python3.12/site-packages/airflow/example_dags/example_nested_branch_dag.py
[2025-01-27T11:18:22.371+0000] {processor.py:914} INFO - Processing file /home/airflow/.local/lib/python3.12/site-packages/airflow/example_dags/example_nested_branch_dag.py for tasks to queue
[2025-01-27T11:18:22.374+0000] {logging_mixin.py:190} INFO - [2025-01-27T11:18:22.373+0000] {dagbag.py:588} INFO - Filling up the DagBag from /home/airflow/.local/lib/python3.12/site-packages/airflow/example_dags/example_nested_branch_dag.py
[2025-01-27T11:18:22.441+0000] {processor.py:925} INFO - DAG(s) 'example_nested_branch_dag' retrieved from /home/airflow/.local/lib/python3.12/site-packages/airflow/example_dags/example_nested_branch_dag.py
[2025-01-27T11:18:22.543+0000] {logging_mixin.py:190} INFO - [2025-01-27T11:18:22.543+0000] {dag.py:3239} INFO - Sync 1 DAGs
[2025-01-27T11:18:22.804+0000] {logging_mixin.py:190} INFO - [2025-01-27T11:18:22.803+0000] {dag.py:4180} INFO - Setting next_dagrun for example_nested_branch_dag to 2025-01-26 00:00:00+00:00, run_after=2025-01-27 00:00:00+00:00
[2025-01-27T11:18:22.958+0000] {processor.py:208} INFO - Processing /home/airflow/.local/lib/python3.12/site-packages/airflow/example_dags/example_nested_branch_dag.py took 0.609 seconds
[2025-01-27T11:19:19.912+0000] {processor.py:186} INFO - Started process (PID=1400) to work on /home/airflow/.local/lib/python3.12/site-packages/airflow/example_dags/example_nested_branch_dag.py
[2025-01-27T11:19:19.919+0000] {processor.py:914} INFO - Processing file /home/airflow/.local/lib/python3.12/site-packages/airflow/example_dags/example_nested_branch_dag.py for tasks to queue
[2025-01-27T11:19:19.928+0000] {logging_mixin.py:190} INFO - [2025-01-27T11:19:19.926+0000] {dagbag.py:588} INFO - Filling up the DagBag from /home/airflow/.local/lib/python3.12/site-packages/airflow/example_dags/example_nested_branch_dag.py
[2025-01-27T11:19:20.058+0000] {processor.py:925} INFO - DAG(s) 'example_nested_branch_dag' retrieved from /home/airflow/.local/lib/python3.12/site-packages/airflow/example_dags/example_nested_branch_dag.py
[2025-01-27T11:19:20.497+0000] {logging_mixin.py:190} INFO - [2025-01-27T11:19:20.496+0000] {dag.py:3239} INFO - Sync 1 DAGs
[2025-01-27T11:19:20.701+0000] {logging_mixin.py:190} INFO - [2025-01-27T11:19:20.696+0000] {dag.py:4180} INFO - Setting next_dagrun for example_nested_branch_dag to 2025-01-26 00:00:00+00:00, run_after=2025-01-27 00:00:00+00:00
[2025-01-27T11:19:20.804+0000] {processor.py:208} INFO - Processing /home/airflow/.local/lib/python3.12/site-packages/airflow/example_dags/example_nested_branch_dag.py took 0.934 seconds
[2025-01-27T11:19:51.747+0000] {processor.py:186} INFO - Started process (PID=1464) to work on /home/airflow/.local/lib/python3.12/site-packages/airflow/example_dags/example_nested_branch_dag.py
[2025-01-27T11:19:51.752+0000] {processor.py:914} INFO - Processing file /home/airflow/.local/lib/python3.12/site-packages/airflow/example_dags/example_nested_branch_dag.py for tasks to queue
[2025-01-27T11:19:51.779+0000] {logging_mixin.py:190} INFO - [2025-01-27T11:19:51.778+0000] {dagbag.py:588} INFO - Filling up the DagBag from /home/airflow/.local/lib/python3.12/site-packages/airflow/example_dags/example_nested_branch_dag.py
[2025-01-27T11:19:51.837+0000] {processor.py:925} INFO - DAG(s) 'example_nested_branch_dag' retrieved from /home/airflow/.local/lib/python3.12/site-packages/airflow/example_dags/example_nested_branch_dag.py
[2025-01-27T11:19:51.928+0000] {logging_mixin.py:190} INFO - [2025-01-27T11:19:51.928+0000] {dag.py:3239} INFO - Sync 1 DAGs
[2025-01-27T11:19:52.012+0000] {logging_mixin.py:190} INFO - [2025-01-27T11:19:52.011+0000] {dag.py:4180} INFO - Setting next_dagrun for example_nested_branch_dag to 2025-01-26 00:00:00+00:00, run_after=2025-01-27 00:00:00+00:00
[2025-01-27T11:19:52.068+0000] {processor.py:208} INFO - Processing /home/airflow/.local/lib/python3.12/site-packages/airflow/example_dags/example_nested_branch_dag.py took 0.348 seconds
[2025-01-27T11:20:24.811+0000] {processor.py:186} INFO - Started process (PID=1526) to work on /home/airflow/.local/lib/python3.12/site-packages/airflow/example_dags/example_nested_branch_dag.py
[2025-01-27T11:20:24.824+0000] {processor.py:914} INFO - Processing file /home/airflow/.local/lib/python3.12/site-packages/airflow/example_dags/example_nested_branch_dag.py for tasks to queue
[2025-01-27T11:20:24.834+0000] {logging_mixin.py:190} INFO - [2025-01-27T11:20:24.826+0000] {dagbag.py:588} INFO - Filling up the DagBag from /home/airflow/.local/lib/python3.12/site-packages/airflow/example_dags/example_nested_branch_dag.py
[2025-01-27T11:20:24.989+0000] {processor.py:925} INFO - DAG(s) 'example_nested_branch_dag' retrieved from /home/airflow/.local/lib/python3.12/site-packages/airflow/example_dags/example_nested_branch_dag.py
[2025-01-27T11:37:03.376+0000] {processor.py:186} INFO - Started process (PID=169) to work on /home/airflow/.local/lib/python3.12/site-packages/airflow/example_dags/example_nested_branch_dag.py
[2025-01-27T11:37:03.379+0000] {processor.py:914} INFO - Processing file /home/airflow/.local/lib/python3.12/site-packages/airflow/example_dags/example_nested_branch_dag.py for tasks to queue
[2025-01-27T11:37:03.406+0000] {logging_mixin.py:190} INFO - [2025-01-27T11:37:03.393+0000] {dagbag.py:588} INFO - Filling up the DagBag from /home/airflow/.local/lib/python3.12/site-packages/airflow/example_dags/example_nested_branch_dag.py
[2025-01-27T11:37:03.528+0000] {processor.py:925} INFO - DAG(s) 'example_nested_branch_dag' retrieved from /home/airflow/.local/lib/python3.12/site-packages/airflow/example_dags/example_nested_branch_dag.py
[2025-01-27T11:37:06.453+0000] {logging_mixin.py:190} INFO - [2025-01-27T11:37:06.452+0000] {dag.py:3239} INFO - Sync 1 DAGs
[2025-01-27T11:37:06.786+0000] {logging_mixin.py:190} INFO - [2025-01-27T11:37:06.785+0000] {dag.py:4180} INFO - Setting next_dagrun for example_nested_branch_dag to 2025-01-26 00:00:00+00:00, run_after=2025-01-27 00:00:00+00:00
[2025-01-27T11:37:07.254+0000] {processor.py:208} INFO - Processing /home/airflow/.local/lib/python3.12/site-packages/airflow/example_dags/example_nested_branch_dag.py took 3.811 seconds
[2025-01-27T11:38:10.280+0000] {processor.py:186} INFO - Started process (PID=238) to work on /home/airflow/.local/lib/python3.12/site-packages/airflow/example_dags/example_nested_branch_dag.py
[2025-01-27T11:38:10.283+0000] {processor.py:914} INFO - Processing file /home/airflow/.local/lib/python3.12/site-packages/airflow/example_dags/example_nested_branch_dag.py for tasks to queue
[2025-01-27T11:38:10.288+0000] {logging_mixin.py:190} INFO - [2025-01-27T11:38:10.287+0000] {dagbag.py:588} INFO - Filling up the DagBag from /home/airflow/.local/lib/python3.12/site-packages/airflow/example_dags/example_nested_branch_dag.py
[2025-01-27T11:38:10.316+0000] {processor.py:925} INFO - DAG(s) 'example_nested_branch_dag' retrieved from /home/airflow/.local/lib/python3.12/site-packages/airflow/example_dags/example_nested_branch_dag.py
[2025-01-27T11:38:10.375+0000] {logging_mixin.py:190} INFO - [2025-01-27T11:38:10.374+0000] {dag.py:3239} INFO - Sync 1 DAGs
[2025-01-27T11:38:10.455+0000] {logging_mixin.py:190} INFO - [2025-01-27T11:38:10.455+0000] {dag.py:4180} INFO - Setting next_dagrun for example_nested_branch_dag to 2025-01-26 00:00:00+00:00, run_after=2025-01-27 00:00:00+00:00
[2025-01-27T11:38:10.548+0000] {processor.py:208} INFO - Processing /home/airflow/.local/lib/python3.12/site-packages/airflow/example_dags/example_nested_branch_dag.py took 0.279 seconds
[2025-01-27T11:38:49.582+0000] {processor.py:186} INFO - Started process (PID=303) to work on /home/airflow/.local/lib/python3.12/site-packages/airflow/example_dags/example_nested_branch_dag.py
[2025-01-27T11:38:49.587+0000] {processor.py:914} INFO - Processing file /home/airflow/.local/lib/python3.12/site-packages/airflow/example_dags/example_nested_branch_dag.py for tasks to queue
[2025-01-27T11:38:49.597+0000] {logging_mixin.py:190} INFO - [2025-01-27T11:38:49.597+0000] {dagbag.py:588} INFO - Filling up the DagBag from /home/airflow/.local/lib/python3.12/site-packages/airflow/example_dags/example_nested_branch_dag.py
[2025-01-27T11:38:49.651+0000] {processor.py:925} INFO - DAG(s) 'example_nested_branch_dag' retrieved from /home/airflow/.local/lib/python3.12/site-packages/airflow/example_dags/example_nested_branch_dag.py
[2025-01-27T11:38:49.734+0000] {logging_mixin.py:190} INFO - [2025-01-27T11:38:49.733+0000] {dag.py:3239} INFO - Sync 1 DAGs
[2025-01-27T11:38:49.853+0000] {logging_mixin.py:190} INFO - [2025-01-27T11:38:49.852+0000] {dag.py:4180} INFO - Setting next_dagrun for example_nested_branch_dag to 2025-01-26 00:00:00+00:00, run_after=2025-01-27 00:00:00+00:00
[2025-01-27T11:38:49.932+0000] {processor.py:208} INFO - Processing /home/airflow/.local/lib/python3.12/site-packages/airflow/example_dags/example_nested_branch_dag.py took 0.372 seconds
[2025-01-27T11:39:22.400+0000] {processor.py:186} INFO - Started process (PID=368) to work on /home/airflow/.local/lib/python3.12/site-packages/airflow/example_dags/example_nested_branch_dag.py
[2025-01-27T11:39:22.402+0000] {processor.py:914} INFO - Processing file /home/airflow/.local/lib/python3.12/site-packages/airflow/example_dags/example_nested_branch_dag.py for tasks to queue
[2025-01-27T11:39:22.412+0000] {logging_mixin.py:190} INFO - [2025-01-27T11:39:22.411+0000] {dagbag.py:588} INFO - Filling up the DagBag from /home/airflow/.local/lib/python3.12/site-packages/airflow/example_dags/example_nested_branch_dag.py
[2025-01-27T11:39:22.442+0000] {processor.py:925} INFO - DAG(s) 'example_nested_branch_dag' retrieved from /home/airflow/.local/lib/python3.12/site-packages/airflow/example_dags/example_nested_branch_dag.py
[2025-01-27T11:39:22.530+0000] {logging_mixin.py:190} INFO - [2025-01-27T11:39:22.530+0000] {dag.py:3239} INFO - Sync 1 DAGs
[2025-01-27T11:39:22.641+0000] {logging_mixin.py:190} INFO - [2025-01-27T11:39:22.640+0000] {dag.py:4180} INFO - Setting next_dagrun for example_nested_branch_dag to 2025-01-26 00:00:00+00:00, run_after=2025-01-27 00:00:00+00:00
[2025-01-27T11:39:22.699+0000] {processor.py:208} INFO - Processing /home/airflow/.local/lib/python3.12/site-packages/airflow/example_dags/example_nested_branch_dag.py took 0.313 seconds
[2025-01-27T11:39:53.549+0000] {processor.py:186} INFO - Started process (PID=432) to work on /home/airflow/.local/lib/python3.12/site-packages/airflow/example_dags/example_nested_branch_dag.py
[2025-01-27T11:39:53.552+0000] {processor.py:914} INFO - Processing file /home/airflow/.local/lib/python3.12/site-packages/airflow/example_dags/example_nested_branch_dag.py for tasks to queue
[2025-01-27T11:39:53.560+0000] {logging_mixin.py:190} INFO - [2025-01-27T11:39:53.559+0000] {dagbag.py:588} INFO - Filling up the DagBag from /home/airflow/.local/lib/python3.12/site-packages/airflow/example_dags/example_nested_branch_dag.py
[2025-01-27T11:39:53.602+0000] {processor.py:925} INFO - DAG(s) 'example_nested_branch_dag' retrieved from /home/airflow/.local/lib/python3.12/site-packages/airflow/example_dags/example_nested_branch_dag.py
[2025-01-27T11:39:53.665+0000] {logging_mixin.py:190} INFO - [2025-01-27T11:39:53.665+0000] {dag.py:3239} INFO - Sync 1 DAGs
[2025-01-27T11:39:53.732+0000] {logging_mixin.py:190} INFO - [2025-01-27T11:39:53.731+0000] {dag.py:4180} INFO - Setting next_dagrun for example_nested_branch_dag to 2025-01-26 00:00:00+00:00, run_after=2025-01-27 00:00:00+00:00
[2025-01-27T11:39:53.826+0000] {processor.py:208} INFO - Processing /home/airflow/.local/lib/python3.12/site-packages/airflow/example_dags/example_nested_branch_dag.py took 0.291 seconds
[2025-01-27T11:40:23.978+0000] {processor.py:186} INFO - Started process (PID=497) to work on /home/airflow/.local/lib/python3.12/site-packages/airflow/example_dags/example_nested_branch_dag.py
[2025-01-27T11:40:23.979+0000] {processor.py:914} INFO - Processing file /home/airflow/.local/lib/python3.12/site-packages/airflow/example_dags/example_nested_branch_dag.py for tasks to queue
[2025-01-27T11:40:23.983+0000] {logging_mixin.py:190} INFO - [2025-01-27T11:40:23.982+0000] {dagbag.py:588} INFO - Filling up the DagBag from /home/airflow/.local/lib/python3.12/site-packages/airflow/example_dags/example_nested_branch_dag.py
[2025-01-27T11:40:24.003+0000] {processor.py:925} INFO - DAG(s) 'example_nested_branch_dag' retrieved from /home/airflow/.local/lib/python3.12/site-packages/airflow/example_dags/example_nested_branch_dag.py
[2025-01-27T11:40:24.062+0000] {logging_mixin.py:190} INFO - [2025-01-27T11:40:24.062+0000] {dag.py:3239} INFO - Sync 1 DAGs
[2025-01-27T11:40:24.123+0000] {logging_mixin.py:190} INFO - [2025-01-27T11:40:24.123+0000] {dag.py:4180} INFO - Setting next_dagrun for example_nested_branch_dag to 2025-01-26 00:00:00+00:00, run_after=2025-01-27 00:00:00+00:00
[2025-01-27T11:40:24.191+0000] {processor.py:208} INFO - Processing /home/airflow/.local/lib/python3.12/site-packages/airflow/example_dags/example_nested_branch_dag.py took 0.224 seconds
[2025-01-27T11:40:54.361+0000] {processor.py:186} INFO - Started process (PID=561) to work on /home/airflow/.local/lib/python3.12/site-packages/airflow/example_dags/example_nested_branch_dag.py
[2025-01-27T11:40:54.363+0000] {processor.py:914} INFO - Processing file /home/airflow/.local/lib/python3.12/site-packages/airflow/example_dags/example_nested_branch_dag.py for tasks to queue
[2025-01-27T11:40:54.368+0000] {logging_mixin.py:190} INFO - [2025-01-27T11:40:54.367+0000] {dagbag.py:588} INFO - Filling up the DagBag from /home/airflow/.local/lib/python3.12/site-packages/airflow/example_dags/example_nested_branch_dag.py
[2025-01-27T11:40:54.390+0000] {processor.py:925} INFO - DAG(s) 'example_nested_branch_dag' retrieved from /home/airflow/.local/lib/python3.12/site-packages/airflow/example_dags/example_nested_branch_dag.py
[2025-01-27T11:40:54.425+0000] {logging_mixin.py:190} INFO - [2025-01-27T11:40:54.425+0000] {dag.py:3239} INFO - Sync 1 DAGs
[2025-01-27T11:40:54.466+0000] {logging_mixin.py:190} INFO - [2025-01-27T11:40:54.465+0000] {dag.py:4180} INFO - Setting next_dagrun for example_nested_branch_dag to 2025-01-26 00:00:00+00:00, run_after=2025-01-27 00:00:00+00:00
[2025-01-27T11:40:54.497+0000] {processor.py:208} INFO - Processing /home/airflow/.local/lib/python3.12/site-packages/airflow/example_dags/example_nested_branch_dag.py took 0.145 seconds
[2025-01-27T11:41:25.612+0000] {processor.py:186} INFO - Started process (PID=625) to work on /home/airflow/.local/lib/python3.12/site-packages/airflow/example_dags/example_nested_branch_dag.py
[2025-01-27T11:41:25.613+0000] {processor.py:914} INFO - Processing file /home/airflow/.local/lib/python3.12/site-packages/airflow/example_dags/example_nested_branch_dag.py for tasks to queue
[2025-01-27T11:41:25.618+0000] {logging_mixin.py:190} INFO - [2025-01-27T11:41:25.617+0000] {dagbag.py:588} INFO - Filling up the DagBag from /home/airflow/.local/lib/python3.12/site-packages/airflow/example_dags/example_nested_branch_dag.py
[2025-01-27T11:41:25.639+0000] {processor.py:925} INFO - DAG(s) 'example_nested_branch_dag' retrieved from /home/airflow/.local/lib/python3.12/site-packages/airflow/example_dags/example_nested_branch_dag.py
[2025-01-27T11:41:25.676+0000] {logging_mixin.py:190} INFO - [2025-01-27T11:41:25.676+0000] {dag.py:3239} INFO - Sync 1 DAGs
[2025-01-27T11:41:25.722+0000] {logging_mixin.py:190} INFO - [2025-01-27T11:41:25.721+0000] {dag.py:4180} INFO - Setting next_dagrun for example_nested_branch_dag to 2025-01-26 00:00:00+00:00, run_after=2025-01-27 00:00:00+00:00
[2025-01-27T11:41:25.754+0000] {processor.py:208} INFO - Processing /home/airflow/.local/lib/python3.12/site-packages/airflow/example_dags/example_nested_branch_dag.py took 0.154 seconds
[2025-01-27T11:41:56.574+0000] {processor.py:186} INFO - Started process (PID=689) to work on /home/airflow/.local/lib/python3.12/site-packages/airflow/example_dags/example_nested_branch_dag.py
[2025-01-27T11:41:56.575+0000] {processor.py:914} INFO - Processing file /home/airflow/.local/lib/python3.12/site-packages/airflow/example_dags/example_nested_branch_dag.py for tasks to queue
[2025-01-27T11:41:56.579+0000] {logging_mixin.py:190} INFO - [2025-01-27T11:41:56.579+0000] {dagbag.py:588} INFO - Filling up the DagBag from /home/airflow/.local/lib/python3.12/site-packages/airflow/example_dags/example_nested_branch_dag.py
[2025-01-27T11:41:56.605+0000] {processor.py:925} INFO - DAG(s) 'example_nested_branch_dag' retrieved from /home/airflow/.local/lib/python3.12/site-packages/airflow/example_dags/example_nested_branch_dag.py
[2025-01-27T11:41:56.648+0000] {logging_mixin.py:190} INFO - [2025-01-27T11:41:56.648+0000] {dag.py:3239} INFO - Sync 1 DAGs
[2025-01-27T11:41:56.699+0000] {logging_mixin.py:190} INFO - [2025-01-27T11:41:56.698+0000] {dag.py:4180} INFO - Setting next_dagrun for example_nested_branch_dag to 2025-01-26 00:00:00+00:00, run_after=2025-01-27 00:00:00+00:00
[2025-01-27T11:41:56.733+0000] {processor.py:208} INFO - Processing /home/airflow/.local/lib/python3.12/site-packages/airflow/example_dags/example_nested_branch_dag.py took 0.169 seconds
[2025-01-27T11:42:28.322+0000] {processor.py:186} INFO - Started process (PID=753) to work on /home/airflow/.local/lib/python3.12/site-packages/airflow/example_dags/example_nested_branch_dag.py
[2025-01-27T11:42:28.324+0000] {processor.py:914} INFO - Processing file /home/airflow/.local/lib/python3.12/site-packages/airflow/example_dags/example_nested_branch_dag.py for tasks to queue
[2025-01-27T11:42:28.327+0000] {logging_mixin.py:190} INFO - [2025-01-27T11:42:28.327+0000] {dagbag.py:588} INFO - Filling up the DagBag from /home/airflow/.local/lib/python3.12/site-packages/airflow/example_dags/example_nested_branch_dag.py
[2025-01-27T11:42:28.346+0000] {processor.py:925} INFO - DAG(s) 'example_nested_branch_dag' retrieved from /home/airflow/.local/lib/python3.12/site-packages/airflow/example_dags/example_nested_branch_dag.py
[2025-01-27T11:42:28.385+0000] {logging_mixin.py:190} INFO - [2025-01-27T11:42:28.384+0000] {dag.py:3239} INFO - Sync 1 DAGs
[2025-01-27T11:42:28.432+0000] {logging_mixin.py:190} INFO - [2025-01-27T11:42:28.432+0000] {dag.py:4180} INFO - Setting next_dagrun for example_nested_branch_dag to 2025-01-26 00:00:00+00:00, run_after=2025-01-27 00:00:00+00:00
[2025-01-27T11:42:28.468+0000] {processor.py:208} INFO - Processing /home/airflow/.local/lib/python3.12/site-packages/airflow/example_dags/example_nested_branch_dag.py took 0.158 seconds
[2025-01-27T11:43:01.212+0000] {processor.py:186} INFO - Started process (PID=825) to work on /home/airflow/.local/lib/python3.12/site-packages/airflow/example_dags/example_nested_branch_dag.py
[2025-01-27T11:43:01.215+0000] {processor.py:914} INFO - Processing file /home/airflow/.local/lib/python3.12/site-packages/airflow/example_dags/example_nested_branch_dag.py for tasks to queue
[2025-01-27T11:43:01.221+0000] {logging_mixin.py:190} INFO - [2025-01-27T11:43:01.220+0000] {dagbag.py:588} INFO - Filling up the DagBag from /home/airflow/.local/lib/python3.12/site-packages/airflow/example_dags/example_nested_branch_dag.py
[2025-01-27T11:43:01.258+0000] {processor.py:925} INFO - DAG(s) 'example_nested_branch_dag' retrieved from /home/airflow/.local/lib/python3.12/site-packages/airflow/example_dags/example_nested_branch_dag.py
[2025-01-27T11:43:01.313+0000] {logging_mixin.py:190} INFO - [2025-01-27T11:43:01.312+0000] {dag.py:3239} INFO - Sync 1 DAGs
[2025-01-27T11:43:01.377+0000] {logging_mixin.py:190} INFO - [2025-01-27T11:43:01.376+0000] {dag.py:4180} INFO - Setting next_dagrun for example_nested_branch_dag to 2025-01-26 00:00:00+00:00, run_after=2025-01-27 00:00:00+00:00
[2025-01-27T11:43:01.437+0000] {processor.py:208} INFO - Processing /home/airflow/.local/lib/python3.12/site-packages/airflow/example_dags/example_nested_branch_dag.py took 0.240 seconds
[2025-01-27T11:43:38.494+0000] {processor.py:186} INFO - Started process (PID=889) to work on /home/airflow/.local/lib/python3.12/site-packages/airflow/example_dags/example_nested_branch_dag.py
[2025-01-27T11:43:38.509+0000] {processor.py:914} INFO - Processing file /home/airflow/.local/lib/python3.12/site-packages/airflow/example_dags/example_nested_branch_dag.py for tasks to queue
[2025-01-27T11:43:38.514+0000] {logging_mixin.py:190} INFO - [2025-01-27T11:43:38.514+0000] {dagbag.py:588} INFO - Filling up the DagBag from /home/airflow/.local/lib/python3.12/site-packages/airflow/example_dags/example_nested_branch_dag.py
[2025-01-27T11:43:38.648+0000] {processor.py:925} INFO - DAG(s) 'example_nested_branch_dag' retrieved from /home/airflow/.local/lib/python3.12/site-packages/airflow/example_dags/example_nested_branch_dag.py
[2025-01-27T11:43:38.901+0000] {logging_mixin.py:190} INFO - [2025-01-27T11:43:38.901+0000] {dag.py:3239} INFO - Sync 1 DAGs
[2025-01-27T11:43:39.080+0000] {logging_mixin.py:190} INFO - [2025-01-27T11:43:39.080+0000] {dag.py:4180} INFO - Setting next_dagrun for example_nested_branch_dag to 2025-01-26 00:00:00+00:00, run_after=2025-01-27 00:00:00+00:00
[2025-01-27T11:43:39.203+0000] {processor.py:208} INFO - Processing /home/airflow/.local/lib/python3.12/site-packages/airflow/example_dags/example_nested_branch_dag.py took 0.761 seconds
[2025-01-27T11:44:09.433+0000] {processor.py:186} INFO - Started process (PID=953) to work on /home/airflow/.local/lib/python3.12/site-packages/airflow/example_dags/example_nested_branch_dag.py
[2025-01-27T11:44:09.436+0000] {processor.py:914} INFO - Processing file /home/airflow/.local/lib/python3.12/site-packages/airflow/example_dags/example_nested_branch_dag.py for tasks to queue
[2025-01-27T11:44:09.442+0000] {logging_mixin.py:190} INFO - [2025-01-27T11:44:09.441+0000] {dagbag.py:588} INFO - Filling up the DagBag from /home/airflow/.local/lib/python3.12/site-packages/airflow/example_dags/example_nested_branch_dag.py
[2025-01-27T11:44:09.470+0000] {processor.py:925} INFO - DAG(s) 'example_nested_branch_dag' retrieved from /home/airflow/.local/lib/python3.12/site-packages/airflow/example_dags/example_nested_branch_dag.py
[2025-01-27T11:44:09.513+0000] {logging_mixin.py:190} INFO - [2025-01-27T11:44:09.512+0000] {dag.py:3239} INFO - Sync 1 DAGs
[2025-01-27T11:44:09.568+0000] {logging_mixin.py:190} INFO - [2025-01-27T11:44:09.567+0000] {dag.py:4180} INFO - Setting next_dagrun for example_nested_branch_dag to 2025-01-26 00:00:00+00:00, run_after=2025-01-27 00:00:00+00:00
[2025-01-27T11:44:09.613+0000] {processor.py:208} INFO - Processing /home/airflow/.local/lib/python3.12/site-packages/airflow/example_dags/example_nested_branch_dag.py took 0.189 seconds
[2025-01-27T11:44:39.779+0000] {processor.py:186} INFO - Started process (PID=1016) to work on /home/airflow/.local/lib/python3.12/site-packages/airflow/example_dags/example_nested_branch_dag.py
[2025-01-27T11:44:39.781+0000] {processor.py:914} INFO - Processing file /home/airflow/.local/lib/python3.12/site-packages/airflow/example_dags/example_nested_branch_dag.py for tasks to queue
[2025-01-27T11:44:39.786+0000] {logging_mixin.py:190} INFO - [2025-01-27T11:44:39.785+0000] {dagbag.py:588} INFO - Filling up the DagBag from /home/airflow/.local/lib/python3.12/site-packages/airflow/example_dags/example_nested_branch_dag.py
[2025-01-27T11:44:39.804+0000] {processor.py:925} INFO - DAG(s) 'example_nested_branch_dag' retrieved from /home/airflow/.local/lib/python3.12/site-packages/airflow/example_dags/example_nested_branch_dag.py
[2025-01-27T11:44:39.840+0000] {logging_mixin.py:190} INFO - [2025-01-27T11:44:39.840+0000] {dag.py:3239} INFO - Sync 1 DAGs
[2025-01-27T11:44:39.882+0000] {logging_mixin.py:190} INFO - [2025-01-27T11:44:39.882+0000] {dag.py:4180} INFO - Setting next_dagrun for example_nested_branch_dag to 2025-01-26 00:00:00+00:00, run_after=2025-01-27 00:00:00+00:00
[2025-01-27T11:44:39.912+0000] {processor.py:208} INFO - Processing /home/airflow/.local/lib/python3.12/site-packages/airflow/example_dags/example_nested_branch_dag.py took 0.142 seconds
[2025-01-27T11:45:10.508+0000] {processor.py:186} INFO - Started process (PID=1081) to work on /home/airflow/.local/lib/python3.12/site-packages/airflow/example_dags/example_nested_branch_dag.py
[2025-01-27T11:45:10.510+0000] {processor.py:914} INFO - Processing file /home/airflow/.local/lib/python3.12/site-packages/airflow/example_dags/example_nested_branch_dag.py for tasks to queue
[2025-01-27T11:45:10.514+0000] {logging_mixin.py:190} INFO - [2025-01-27T11:45:10.514+0000] {dagbag.py:588} INFO - Filling up the DagBag from /home/airflow/.local/lib/python3.12/site-packages/airflow/example_dags/example_nested_branch_dag.py
[2025-01-27T11:45:10.533+0000] {processor.py:925} INFO - DAG(s) 'example_nested_branch_dag' retrieved from /home/airflow/.local/lib/python3.12/site-packages/airflow/example_dags/example_nested_branch_dag.py
[2025-01-27T11:45:10.576+0000] {logging_mixin.py:190} INFO - [2025-01-27T11:45:10.575+0000] {dag.py:3239} INFO - Sync 1 DAGs
[2025-01-27T11:45:10.649+0000] {logging_mixin.py:190} INFO - [2025-01-27T11:45:10.649+0000] {dag.py:4180} INFO - Setting next_dagrun for example_nested_branch_dag to 2025-01-26 00:00:00+00:00, run_after=2025-01-27 00:00:00+00:00
[2025-01-27T11:45:10.687+0000] {processor.py:208} INFO - Processing /home/airflow/.local/lib/python3.12/site-packages/airflow/example_dags/example_nested_branch_dag.py took 0.191 seconds
[2025-01-27T11:45:40.887+0000] {processor.py:186} INFO - Started process (PID=1144) to work on /home/airflow/.local/lib/python3.12/site-packages/airflow/example_dags/example_nested_branch_dag.py
[2025-01-27T11:45:40.889+0000] {processor.py:914} INFO - Processing file /home/airflow/.local/lib/python3.12/site-packages/airflow/example_dags/example_nested_branch_dag.py for tasks to queue
[2025-01-27T11:45:40.893+0000] {logging_mixin.py:190} INFO - [2025-01-27T11:45:40.892+0000] {dagbag.py:588} INFO - Filling up the DagBag from /home/airflow/.local/lib/python3.12/site-packages/airflow/example_dags/example_nested_branch_dag.py
[2025-01-27T11:45:40.910+0000] {processor.py:925} INFO - DAG(s) 'example_nested_branch_dag' retrieved from /home/airflow/.local/lib/python3.12/site-packages/airflow/example_dags/example_nested_branch_dag.py
[2025-01-27T11:45:40.943+0000] {logging_mixin.py:190} INFO - [2025-01-27T11:45:40.943+0000] {dag.py:3239} INFO - Sync 1 DAGs
[2025-01-27T11:45:40.977+0000] {logging_mixin.py:190} INFO - [2025-01-27T11:45:40.976+0000] {dag.py:4180} INFO - Setting next_dagrun for example_nested_branch_dag to 2025-01-26 00:00:00+00:00, run_after=2025-01-27 00:00:00+00:00
[2025-01-27T11:45:41.007+0000] {processor.py:208} INFO - Processing /home/airflow/.local/lib/python3.12/site-packages/airflow/example_dags/example_nested_branch_dag.py took 0.128 seconds
[2025-01-27T11:46:11.228+0000] {processor.py:186} INFO - Started process (PID=1208) to work on /home/airflow/.local/lib/python3.12/site-packages/airflow/example_dags/example_nested_branch_dag.py
[2025-01-27T11:46:11.230+0000] {processor.py:914} INFO - Processing file /home/airflow/.local/lib/python3.12/site-packages/airflow/example_dags/example_nested_branch_dag.py for tasks to queue
[2025-01-27T11:46:11.235+0000] {logging_mixin.py:190} INFO - [2025-01-27T11:46:11.234+0000] {dagbag.py:588} INFO - Filling up the DagBag from /home/airflow/.local/lib/python3.12/site-packages/airflow/example_dags/example_nested_branch_dag.py
[2025-01-27T11:46:11.256+0000] {processor.py:925} INFO - DAG(s) 'example_nested_branch_dag' retrieved from /home/airflow/.local/lib/python3.12/site-packages/airflow/example_dags/example_nested_branch_dag.py
[2025-01-27T11:46:11.295+0000] {logging_mixin.py:190} INFO - [2025-01-27T11:46:11.295+0000] {dag.py:3239} INFO - Sync 1 DAGs
[2025-01-27T11:46:11.332+0000] {logging_mixin.py:190} INFO - [2025-01-27T11:46:11.332+0000] {dag.py:4180} INFO - Setting next_dagrun for example_nested_branch_dag to 2025-01-26 00:00:00+00:00, run_after=2025-01-27 00:00:00+00:00
[2025-01-27T11:46:11.366+0000] {processor.py:208} INFO - Processing /home/airflow/.local/lib/python3.12/site-packages/airflow/example_dags/example_nested_branch_dag.py took 0.148 seconds
[2025-01-27T11:46:41.614+0000] {processor.py:186} INFO - Started process (PID=1272) to work on /home/airflow/.local/lib/python3.12/site-packages/airflow/example_dags/example_nested_branch_dag.py
[2025-01-27T11:46:41.616+0000] {processor.py:914} INFO - Processing file /home/airflow/.local/lib/python3.12/site-packages/airflow/example_dags/example_nested_branch_dag.py for tasks to queue
[2025-01-27T11:46:41.620+0000] {logging_mixin.py:190} INFO - [2025-01-27T11:46:41.620+0000] {dagbag.py:588} INFO - Filling up the DagBag from /home/airflow/.local/lib/python3.12/site-packages/airflow/example_dags/example_nested_branch_dag.py
[2025-01-27T11:46:41.639+0000] {processor.py:925} INFO - DAG(s) 'example_nested_branch_dag' retrieved from /home/airflow/.local/lib/python3.12/site-packages/airflow/example_dags/example_nested_branch_dag.py
[2025-01-27T11:46:41.675+0000] {logging_mixin.py:190} INFO - [2025-01-27T11:46:41.675+0000] {dag.py:3239} INFO - Sync 1 DAGs
[2025-01-27T11:46:41.717+0000] {logging_mixin.py:190} INFO - [2025-01-27T11:46:41.717+0000] {dag.py:4180} INFO - Setting next_dagrun for example_nested_branch_dag to 2025-01-26 00:00:00+00:00, run_after=2025-01-27 00:00:00+00:00
[2025-01-27T11:46:41.747+0000] {processor.py:208} INFO - Processing /home/airflow/.local/lib/python3.12/site-packages/airflow/example_dags/example_nested_branch_dag.py took 0.142 seconds
[2025-01-27T11:47:12.199+0000] {processor.py:186} INFO - Started process (PID=1336) to work on /home/airflow/.local/lib/python3.12/site-packages/airflow/example_dags/example_nested_branch_dag.py
[2025-01-27T11:47:12.200+0000] {processor.py:914} INFO - Processing file /home/airflow/.local/lib/python3.12/site-packages/airflow/example_dags/example_nested_branch_dag.py for tasks to queue
[2025-01-27T11:47:12.206+0000] {logging_mixin.py:190} INFO - [2025-01-27T11:47:12.205+0000] {dagbag.py:588} INFO - Filling up the DagBag from /home/airflow/.local/lib/python3.12/site-packages/airflow/example_dags/example_nested_branch_dag.py
[2025-01-27T11:47:12.229+0000] {processor.py:925} INFO - DAG(s) 'example_nested_branch_dag' retrieved from /home/airflow/.local/lib/python3.12/site-packages/airflow/example_dags/example_nested_branch_dag.py
[2025-01-27T11:47:12.274+0000] {logging_mixin.py:190} INFO - [2025-01-27T11:47:12.274+0000] {dag.py:3239} INFO - Sync 1 DAGs
[2025-01-27T11:47:12.322+0000] {logging_mixin.py:190} INFO - [2025-01-27T11:47:12.322+0000] {dag.py:4180} INFO - Setting next_dagrun for example_nested_branch_dag to 2025-01-26 00:00:00+00:00, run_after=2025-01-27 00:00:00+00:00
[2025-01-27T11:47:12.356+0000] {processor.py:208} INFO - Processing /home/airflow/.local/lib/python3.12/site-packages/airflow/example_dags/example_nested_branch_dag.py took 0.167 seconds
[2025-01-27T11:47:42.806+0000] {processor.py:186} INFO - Started process (PID=1400) to work on /home/airflow/.local/lib/python3.12/site-packages/airflow/example_dags/example_nested_branch_dag.py
[2025-01-27T11:47:42.807+0000] {processor.py:914} INFO - Processing file /home/airflow/.local/lib/python3.12/site-packages/airflow/example_dags/example_nested_branch_dag.py for tasks to queue
[2025-01-27T11:47:42.811+0000] {logging_mixin.py:190} INFO - [2025-01-27T11:47:42.810+0000] {dagbag.py:588} INFO - Filling up the DagBag from /home/airflow/.local/lib/python3.12/site-packages/airflow/example_dags/example_nested_branch_dag.py
[2025-01-27T11:47:42.836+0000] {processor.py:925} INFO - DAG(s) 'example_nested_branch_dag' retrieved from /home/airflow/.local/lib/python3.12/site-packages/airflow/example_dags/example_nested_branch_dag.py
[2025-01-27T11:47:42.871+0000] {logging_mixin.py:190} INFO - [2025-01-27T11:47:42.870+0000] {dag.py:3239} INFO - Sync 1 DAGs
[2025-01-27T11:47:42.908+0000] {logging_mixin.py:190} INFO - [2025-01-27T11:47:42.908+0000] {dag.py:4180} INFO - Setting next_dagrun for example_nested_branch_dag to 2025-01-26 00:00:00+00:00, run_after=2025-01-27 00:00:00+00:00
[2025-01-27T11:47:42.935+0000] {processor.py:208} INFO - Processing /home/airflow/.local/lib/python3.12/site-packages/airflow/example_dags/example_nested_branch_dag.py took 0.138 seconds
[2025-01-27T11:48:13.280+0000] {processor.py:186} INFO - Started process (PID=1464) to work on /home/airflow/.local/lib/python3.12/site-packages/airflow/example_dags/example_nested_branch_dag.py
[2025-01-27T11:48:13.282+0000] {processor.py:914} INFO - Processing file /home/airflow/.local/lib/python3.12/site-packages/airflow/example_dags/example_nested_branch_dag.py for tasks to queue
[2025-01-27T11:48:13.285+0000] {logging_mixin.py:190} INFO - [2025-01-27T11:48:13.285+0000] {dagbag.py:588} INFO - Filling up the DagBag from /home/airflow/.local/lib/python3.12/site-packages/airflow/example_dags/example_nested_branch_dag.py
[2025-01-27T11:48:13.305+0000] {processor.py:925} INFO - DAG(s) 'example_nested_branch_dag' retrieved from /home/airflow/.local/lib/python3.12/site-packages/airflow/example_dags/example_nested_branch_dag.py
[2025-01-27T11:48:13.339+0000] {logging_mixin.py:190} INFO - [2025-01-27T11:48:13.338+0000] {dag.py:3239} INFO - Sync 1 DAGs
[2025-01-27T11:48:13.377+0000] {logging_mixin.py:190} INFO - [2025-01-27T11:48:13.377+0000] {dag.py:4180} INFO - Setting next_dagrun for example_nested_branch_dag to 2025-01-26 00:00:00+00:00, run_after=2025-01-27 00:00:00+00:00
[2025-01-27T11:48:13.404+0000] {processor.py:208} INFO - Processing /home/airflow/.local/lib/python3.12/site-packages/airflow/example_dags/example_nested_branch_dag.py took 0.134 seconds
[2025-01-27T11:48:43.563+0000] {processor.py:186} INFO - Started process (PID=1528) to work on /home/airflow/.local/lib/python3.12/site-packages/airflow/example_dags/example_nested_branch_dag.py
[2025-01-27T11:48:43.564+0000] {processor.py:914} INFO - Processing file /home/airflow/.local/lib/python3.12/site-packages/airflow/example_dags/example_nested_branch_dag.py for tasks to queue
[2025-01-27T11:48:43.568+0000] {logging_mixin.py:190} INFO - [2025-01-27T11:48:43.568+0000] {dagbag.py:588} INFO - Filling up the DagBag from /home/airflow/.local/lib/python3.12/site-packages/airflow/example_dags/example_nested_branch_dag.py
[2025-01-27T11:48:43.587+0000] {processor.py:925} INFO - DAG(s) 'example_nested_branch_dag' retrieved from /home/airflow/.local/lib/python3.12/site-packages/airflow/example_dags/example_nested_branch_dag.py
[2025-01-27T11:48:43.618+0000] {logging_mixin.py:190} INFO - [2025-01-27T11:48:43.618+0000] {dag.py:3239} INFO - Sync 1 DAGs
[2025-01-27T11:48:43.652+0000] {logging_mixin.py:190} INFO - [2025-01-27T11:48:43.652+0000] {dag.py:4180} INFO - Setting next_dagrun for example_nested_branch_dag to 2025-01-26 00:00:00+00:00, run_after=2025-01-27 00:00:00+00:00
[2025-01-27T11:48:43.681+0000] {processor.py:208} INFO - Processing /home/airflow/.local/lib/python3.12/site-packages/airflow/example_dags/example_nested_branch_dag.py took 0.131 seconds
[2025-01-27T11:49:14.430+0000] {processor.py:186} INFO - Started process (PID=1591) to work on /home/airflow/.local/lib/python3.12/site-packages/airflow/example_dags/example_nested_branch_dag.py
[2025-01-27T11:49:14.431+0000] {processor.py:914} INFO - Processing file /home/airflow/.local/lib/python3.12/site-packages/airflow/example_dags/example_nested_branch_dag.py for tasks to queue
[2025-01-27T11:49:14.436+0000] {logging_mixin.py:190} INFO - [2025-01-27T11:49:14.436+0000] {dagbag.py:588} INFO - Filling up the DagBag from /home/airflow/.local/lib/python3.12/site-packages/airflow/example_dags/example_nested_branch_dag.py
[2025-01-27T11:49:14.462+0000] {processor.py:925} INFO - DAG(s) 'example_nested_branch_dag' retrieved from /home/airflow/.local/lib/python3.12/site-packages/airflow/example_dags/example_nested_branch_dag.py
[2025-01-27T11:49:14.508+0000] {logging_mixin.py:190} INFO - [2025-01-27T11:49:14.508+0000] {dag.py:3239} INFO - Sync 1 DAGs
[2025-01-27T11:49:14.563+0000] {logging_mixin.py:190} INFO - [2025-01-27T11:49:14.563+0000] {dag.py:4180} INFO - Setting next_dagrun for example_nested_branch_dag to 2025-01-26 00:00:00+00:00, run_after=2025-01-27 00:00:00+00:00
[2025-01-27T11:49:14.607+0000] {processor.py:208} INFO - Processing /home/airflow/.local/lib/python3.12/site-packages/airflow/example_dags/example_nested_branch_dag.py took 0.190 seconds
[2025-01-27T11:49:44.992+0000] {processor.py:186} INFO - Started process (PID=1656) to work on /home/airflow/.local/lib/python3.12/site-packages/airflow/example_dags/example_nested_branch_dag.py
[2025-01-27T11:49:44.994+0000] {processor.py:914} INFO - Processing file /home/airflow/.local/lib/python3.12/site-packages/airflow/example_dags/example_nested_branch_dag.py for tasks to queue
[2025-01-27T11:49:44.998+0000] {logging_mixin.py:190} INFO - [2025-01-27T11:49:44.997+0000] {dagbag.py:588} INFO - Filling up the DagBag from /home/airflow/.local/lib/python3.12/site-packages/airflow/example_dags/example_nested_branch_dag.py
[2025-01-27T11:49:45.018+0000] {processor.py:925} INFO - DAG(s) 'example_nested_branch_dag' retrieved from /home/airflow/.local/lib/python3.12/site-packages/airflow/example_dags/example_nested_branch_dag.py
[2025-01-27T11:49:45.052+0000] {logging_mixin.py:190} INFO - [2025-01-27T11:49:45.052+0000] {dag.py:3239} INFO - Sync 1 DAGs
[2025-01-27T11:49:45.108+0000] {logging_mixin.py:190} INFO - [2025-01-27T11:49:45.108+0000] {dag.py:4180} INFO - Setting next_dagrun for example_nested_branch_dag to 2025-01-26 00:00:00+00:00, run_after=2025-01-27 00:00:00+00:00
[2025-01-27T11:49:45.142+0000] {processor.py:208} INFO - Processing /home/airflow/.local/lib/python3.12/site-packages/airflow/example_dags/example_nested_branch_dag.py took 0.161 seconds
[2025-01-27T11:50:15.723+0000] {processor.py:186} INFO - Started process (PID=1720) to work on /home/airflow/.local/lib/python3.12/site-packages/airflow/example_dags/example_nested_branch_dag.py
[2025-01-27T11:50:15.725+0000] {processor.py:914} INFO - Processing file /home/airflow/.local/lib/python3.12/site-packages/airflow/example_dags/example_nested_branch_dag.py for tasks to queue
[2025-01-27T11:50:15.729+0000] {logging_mixin.py:190} INFO - [2025-01-27T11:50:15.728+0000] {dagbag.py:588} INFO - Filling up the DagBag from /home/airflow/.local/lib/python3.12/site-packages/airflow/example_dags/example_nested_branch_dag.py
[2025-01-27T11:50:15.749+0000] {processor.py:925} INFO - DAG(s) 'example_nested_branch_dag' retrieved from /home/airflow/.local/lib/python3.12/site-packages/airflow/example_dags/example_nested_branch_dag.py
[2025-01-27T11:50:15.795+0000] {logging_mixin.py:190} INFO - [2025-01-27T11:50:15.794+0000] {dag.py:3239} INFO - Sync 1 DAGs
[2025-01-27T11:50:15.887+0000] {logging_mixin.py:190} INFO - [2025-01-27T11:50:15.887+0000] {dag.py:4180} INFO - Setting next_dagrun for example_nested_branch_dag to 2025-01-26 00:00:00+00:00, run_after=2025-01-27 00:00:00+00:00
[2025-01-27T11:50:15.955+0000] {processor.py:208} INFO - Processing /home/airflow/.local/lib/python3.12/site-packages/airflow/example_dags/example_nested_branch_dag.py took 0.240 seconds
