[2025-01-27T10:34:24.959+0000] {processor.py:186} INFO - Started process (PID=223) to work on /home/airflow/.local/lib/python3.12/site-packages/airflow/example_dags/example_task_group.py
[2025-01-27T10:34:24.964+0000] {processor.py:914} INFO - Processing file /home/airflow/.local/lib/python3.12/site-packages/airflow/example_dags/example_task_group.py for tasks to queue
[2025-01-27T10:34:24.984+0000] {logging_mixin.py:190} INFO - [2025-01-27T10:34:24.981+0000] {dagbag.py:588} INFO - Filling up the DagBag from /home/airflow/.local/lib/python3.12/site-packages/airflow/example_dags/example_task_group.py
[2025-01-27T10:34:25.197+0000] {processor.py:925} INFO - DAG(s) 'example_task_group' retrieved from /home/airflow/.local/lib/python3.12/site-packages/airflow/example_dags/example_task_group.py
[2025-01-27T10:34:25.356+0000] {logging_mixin.py:190} INFO - [2025-01-27T10:34:25.353+0000] {dag.py:3239} INFO - Sync 1 DAGs
[2025-01-27T10:34:25.483+0000] {logging_mixin.py:190} INFO - [2025-01-27T10:34:25.483+0000] {dag.py:4180} INFO - Setting next_dagrun for example_task_group to None, run_after=None
[2025-01-27T10:34:25.623+0000] {processor.py:208} INFO - Processing /home/airflow/.local/lib/python3.12/site-packages/airflow/example_dags/example_task_group.py took 0.704 seconds
[2025-01-27T10:45:31.556+0000] {processor.py:186} INFO - Started process (PID=207) to work on /home/airflow/.local/lib/python3.12/site-packages/airflow/example_dags/example_task_group.py
[2025-01-27T10:45:31.615+0000] {processor.py:914} INFO - Processing file /home/airflow/.local/lib/python3.12/site-packages/airflow/example_dags/example_task_group.py for tasks to queue
[2025-01-27T10:45:31.690+0000] {logging_mixin.py:190} INFO - [2025-01-27T10:45:31.689+0000] {dagbag.py:588} INFO - Filling up the DagBag from /home/airflow/.local/lib/python3.12/site-packages/airflow/example_dags/example_task_group.py
[2025-01-27T10:45:31.929+0000] {processor.py:925} INFO - DAG(s) 'example_task_group' retrieved from /home/airflow/.local/lib/python3.12/site-packages/airflow/example_dags/example_task_group.py
[2025-01-27T10:45:32.182+0000] {logging_mixin.py:190} INFO - [2025-01-27T10:45:32.181+0000] {dag.py:3239} INFO - Sync 1 DAGs
[2025-01-27T10:45:32.455+0000] {logging_mixin.py:190} INFO - [2025-01-27T10:45:32.454+0000] {dag.py:4180} INFO - Setting next_dagrun for example_task_group to None, run_after=None
[2025-01-27T10:45:32.687+0000] {processor.py:208} INFO - Processing /home/airflow/.local/lib/python3.12/site-packages/airflow/example_dags/example_task_group.py took 1.239 seconds
[2025-01-27T10:46:35.668+0000] {processor.py:186} INFO - Started process (PID=280) to work on /home/airflow/.local/lib/python3.12/site-packages/airflow/example_dags/example_task_group.py
[2025-01-27T10:46:35.673+0000] {processor.py:914} INFO - Processing file /home/airflow/.local/lib/python3.12/site-packages/airflow/example_dags/example_task_group.py for tasks to queue
[2025-01-27T10:46:35.691+0000] {logging_mixin.py:190} INFO - [2025-01-27T10:46:35.691+0000] {dagbag.py:588} INFO - Filling up the DagBag from /home/airflow/.local/lib/python3.12/site-packages/airflow/example_dags/example_task_group.py
[2025-01-27T10:46:35.802+0000] {processor.py:925} INFO - DAG(s) 'example_task_group' retrieved from /home/airflow/.local/lib/python3.12/site-packages/airflow/example_dags/example_task_group.py
[2025-01-27T10:46:35.934+0000] {logging_mixin.py:190} INFO - [2025-01-27T10:46:35.933+0000] {dag.py:3239} INFO - Sync 1 DAGs
[2025-01-27T10:46:36.014+0000] {logging_mixin.py:190} INFO - [2025-01-27T10:46:36.012+0000] {dag.py:4180} INFO - Setting next_dagrun for example_task_group to None, run_after=None
[2025-01-27T10:46:36.077+0000] {processor.py:208} INFO - Processing /home/airflow/.local/lib/python3.12/site-packages/airflow/example_dags/example_task_group.py took 0.428 seconds
[2025-01-27T10:47:57.286+0000] {processor.py:186} INFO - Started process (PID=369) to work on /home/airflow/.local/lib/python3.12/site-packages/airflow/example_dags/example_task_group.py
[2025-01-27T10:47:57.291+0000] {processor.py:914} INFO - Processing file /home/airflow/.local/lib/python3.12/site-packages/airflow/example_dags/example_task_group.py for tasks to queue
[2025-01-27T10:47:57.323+0000] {logging_mixin.py:190} INFO - [2025-01-27T10:47:57.323+0000] {dagbag.py:588} INFO - Filling up the DagBag from /home/airflow/.local/lib/python3.12/site-packages/airflow/example_dags/example_task_group.py
[2025-01-27T10:47:57.519+0000] {processor.py:925} INFO - DAG(s) 'example_task_group' retrieved from /home/airflow/.local/lib/python3.12/site-packages/airflow/example_dags/example_task_group.py
[2025-01-27T10:47:57.932+0000] {logging_mixin.py:190} INFO - [2025-01-27T10:47:57.932+0000] {dag.py:3239} INFO - Sync 1 DAGs
[2025-01-27T10:47:58.119+0000] {logging_mixin.py:190} INFO - [2025-01-27T10:47:58.110+0000] {dag.py:4180} INFO - Setting next_dagrun for example_task_group to None, run_after=None
[2025-01-27T10:47:58.383+0000] {processor.py:208} INFO - Processing /home/airflow/.local/lib/python3.12/site-packages/airflow/example_dags/example_task_group.py took 1.166 seconds
[2025-01-27T10:55:12.540+0000] {processor.py:186} INFO - Started process (PID=137) to work on /home/airflow/.local/lib/python3.12/site-packages/airflow/example_dags/example_task_group.py
[2025-01-27T10:55:12.551+0000] {processor.py:914} INFO - Processing file /home/airflow/.local/lib/python3.12/site-packages/airflow/example_dags/example_task_group.py for tasks to queue
[2025-01-27T10:55:12.560+0000] {logging_mixin.py:190} INFO - [2025-01-27T10:55:12.559+0000] {dagbag.py:588} INFO - Filling up the DagBag from /home/airflow/.local/lib/python3.12/site-packages/airflow/example_dags/example_task_group.py
[2025-01-27T10:55:12.617+0000] {processor.py:925} INFO - DAG(s) 'example_task_group' retrieved from /home/airflow/.local/lib/python3.12/site-packages/airflow/example_dags/example_task_group.py
[2025-01-27T10:55:12.869+0000] {logging_mixin.py:190} INFO - [2025-01-27T10:55:12.869+0000] {dag.py:3239} INFO - Sync 1 DAGs
[2025-01-27T10:55:13.548+0000] {logging_mixin.py:190} INFO - [2025-01-27T10:55:13.546+0000] {dag.py:4180} INFO - Setting next_dagrun for example_task_group to None, run_after=None
[2025-01-27T10:55:13.710+0000] {processor.py:208} INFO - Processing /home/airflow/.local/lib/python3.12/site-packages/airflow/example_dags/example_task_group.py took 1.187 seconds
[2025-01-27T10:56:40.384+0000] {processor.py:186} INFO - Started process (PID=209) to work on /home/airflow/.local/lib/python3.12/site-packages/airflow/example_dags/example_task_group.py
[2025-01-27T10:56:40.386+0000] {processor.py:914} INFO - Processing file /home/airflow/.local/lib/python3.12/site-packages/airflow/example_dags/example_task_group.py for tasks to queue
[2025-01-27T10:56:40.404+0000] {logging_mixin.py:190} INFO - [2025-01-27T10:56:40.403+0000] {dagbag.py:588} INFO - Filling up the DagBag from /home/airflow/.local/lib/python3.12/site-packages/airflow/example_dags/example_task_group.py
[2025-01-27T10:56:40.443+0000] {processor.py:925} INFO - DAG(s) 'example_task_group' retrieved from /home/airflow/.local/lib/python3.12/site-packages/airflow/example_dags/example_task_group.py
[2025-01-27T10:56:40.503+0000] {logging_mixin.py:190} INFO - [2025-01-27T10:56:40.503+0000] {dag.py:3239} INFO - Sync 1 DAGs
[2025-01-27T10:56:40.549+0000] {logging_mixin.py:190} INFO - [2025-01-27T10:56:40.549+0000] {dag.py:4180} INFO - Setting next_dagrun for example_task_group to None, run_after=None
[2025-01-27T10:56:40.601+0000] {processor.py:208} INFO - Processing /home/airflow/.local/lib/python3.12/site-packages/airflow/example_dags/example_task_group.py took 0.248 seconds
[2025-01-27T10:57:49.294+0000] {processor.py:186} INFO - Started process (PID=293) to work on /home/airflow/.local/lib/python3.12/site-packages/airflow/example_dags/example_task_group.py
[2025-01-27T10:57:49.300+0000] {processor.py:914} INFO - Processing file /home/airflow/.local/lib/python3.12/site-packages/airflow/example_dags/example_task_group.py for tasks to queue
[2025-01-27T10:57:49.334+0000] {logging_mixin.py:190} INFO - [2025-01-27T10:57:49.333+0000] {dagbag.py:588} INFO - Filling up the DagBag from /home/airflow/.local/lib/python3.12/site-packages/airflow/example_dags/example_task_group.py
[2025-01-27T10:57:49.403+0000] {processor.py:925} INFO - DAG(s) 'example_task_group' retrieved from /home/airflow/.local/lib/python3.12/site-packages/airflow/example_dags/example_task_group.py
[2025-01-27T10:57:49.516+0000] {logging_mixin.py:190} INFO - [2025-01-27T10:57:49.515+0000] {dag.py:3239} INFO - Sync 1 DAGs
[2025-01-27T10:57:49.574+0000] {logging_mixin.py:190} INFO - [2025-01-27T10:57:49.574+0000] {dag.py:4180} INFO - Setting next_dagrun for example_task_group to None, run_after=None
[2025-01-27T10:57:49.674+0000] {processor.py:208} INFO - Processing /home/airflow/.local/lib/python3.12/site-packages/airflow/example_dags/example_task_group.py took 0.417 seconds
[2025-01-27T10:58:51.701+0000] {processor.py:186} INFO - Started process (PID=377) to work on /home/airflow/.local/lib/python3.12/site-packages/airflow/example_dags/example_task_group.py
[2025-01-27T10:58:51.726+0000] {processor.py:914} INFO - Processing file /home/airflow/.local/lib/python3.12/site-packages/airflow/example_dags/example_task_group.py for tasks to queue
[2025-01-27T10:58:51.806+0000] {logging_mixin.py:190} INFO - [2025-01-27T10:58:51.805+0000] {dagbag.py:588} INFO - Filling up the DagBag from /home/airflow/.local/lib/python3.12/site-packages/airflow/example_dags/example_task_group.py
[2025-01-27T10:58:52.083+0000] {processor.py:925} INFO - DAG(s) 'example_task_group' retrieved from /home/airflow/.local/lib/python3.12/site-packages/airflow/example_dags/example_task_group.py
[2025-01-27T10:58:52.599+0000] {logging_mixin.py:190} INFO - [2025-01-27T10:58:52.598+0000] {dag.py:3239} INFO - Sync 1 DAGs
[2025-01-27T10:58:52.811+0000] {logging_mixin.py:190} INFO - [2025-01-27T10:58:52.810+0000] {dag.py:4180} INFO - Setting next_dagrun for example_task_group to None, run_after=None
[2025-01-27T10:58:53.078+0000] {processor.py:208} INFO - Processing /home/airflow/.local/lib/python3.12/site-packages/airflow/example_dags/example_task_group.py took 1.687 seconds
[2025-01-27T10:59:23.917+0000] {processor.py:186} INFO - Started process (PID=442) to work on /home/airflow/.local/lib/python3.12/site-packages/airflow/example_dags/example_task_group.py
[2025-01-27T10:59:23.918+0000] {processor.py:914} INFO - Processing file /home/airflow/.local/lib/python3.12/site-packages/airflow/example_dags/example_task_group.py for tasks to queue
[2025-01-27T10:59:23.923+0000] {logging_mixin.py:190} INFO - [2025-01-27T10:59:23.922+0000] {dagbag.py:588} INFO - Filling up the DagBag from /home/airflow/.local/lib/python3.12/site-packages/airflow/example_dags/example_task_group.py
[2025-01-27T10:59:23.940+0000] {processor.py:925} INFO - DAG(s) 'example_task_group' retrieved from /home/airflow/.local/lib/python3.12/site-packages/airflow/example_dags/example_task_group.py
[2025-01-27T10:59:23.984+0000] {logging_mixin.py:190} INFO - [2025-01-27T10:59:23.984+0000] {dag.py:3239} INFO - Sync 1 DAGs
[2025-01-27T10:59:24.008+0000] {logging_mixin.py:190} INFO - [2025-01-27T10:59:24.008+0000] {dag.py:4180} INFO - Setting next_dagrun for example_task_group to None, run_after=None
[2025-01-27T10:59:24.043+0000] {processor.py:208} INFO - Processing /home/airflow/.local/lib/python3.12/site-packages/airflow/example_dags/example_task_group.py took 0.138 seconds
[2025-01-27T10:59:54.781+0000] {processor.py:186} INFO - Started process (PID=506) to work on /home/airflow/.local/lib/python3.12/site-packages/airflow/example_dags/example_task_group.py
[2025-01-27T10:59:54.785+0000] {processor.py:914} INFO - Processing file /home/airflow/.local/lib/python3.12/site-packages/airflow/example_dags/example_task_group.py for tasks to queue
[2025-01-27T10:59:54.791+0000] {logging_mixin.py:190} INFO - [2025-01-27T10:59:54.790+0000] {dagbag.py:588} INFO - Filling up the DagBag from /home/airflow/.local/lib/python3.12/site-packages/airflow/example_dags/example_task_group.py
[2025-01-27T10:59:54.817+0000] {processor.py:925} INFO - DAG(s) 'example_task_group' retrieved from /home/airflow/.local/lib/python3.12/site-packages/airflow/example_dags/example_task_group.py
[2025-01-27T10:59:54.873+0000] {logging_mixin.py:190} INFO - [2025-01-27T10:59:54.873+0000] {dag.py:3239} INFO - Sync 1 DAGs
[2025-01-27T10:59:54.907+0000] {logging_mixin.py:190} INFO - [2025-01-27T10:59:54.907+0000] {dag.py:4180} INFO - Setting next_dagrun for example_task_group to None, run_after=None
[2025-01-27T10:59:54.956+0000] {processor.py:208} INFO - Processing /home/airflow/.local/lib/python3.12/site-packages/airflow/example_dags/example_task_group.py took 0.193 seconds
[2025-01-27T11:00:25.215+0000] {processor.py:186} INFO - Started process (PID=570) to work on /home/airflow/.local/lib/python3.12/site-packages/airflow/example_dags/example_task_group.py
[2025-01-27T11:00:25.217+0000] {processor.py:914} INFO - Processing file /home/airflow/.local/lib/python3.12/site-packages/airflow/example_dags/example_task_group.py for tasks to queue
[2025-01-27T11:00:25.221+0000] {logging_mixin.py:190} INFO - [2025-01-27T11:00:25.221+0000] {dagbag.py:588} INFO - Filling up the DagBag from /home/airflow/.local/lib/python3.12/site-packages/airflow/example_dags/example_task_group.py
[2025-01-27T11:00:25.234+0000] {processor.py:925} INFO - DAG(s) 'example_task_group' retrieved from /home/airflow/.local/lib/python3.12/site-packages/airflow/example_dags/example_task_group.py
[2025-01-27T11:00:25.271+0000] {logging_mixin.py:190} INFO - [2025-01-27T11:00:25.270+0000] {dag.py:3239} INFO - Sync 1 DAGs
[2025-01-27T11:00:25.290+0000] {logging_mixin.py:190} INFO - [2025-01-27T11:00:25.290+0000] {dag.py:4180} INFO - Setting next_dagrun for example_task_group to None, run_after=None
[2025-01-27T11:00:25.321+0000] {processor.py:208} INFO - Processing /home/airflow/.local/lib/python3.12/site-packages/airflow/example_dags/example_task_group.py took 0.115 seconds
[2025-01-27T11:00:57.962+0000] {processor.py:186} INFO - Started process (PID=634) to work on /home/airflow/.local/lib/python3.12/site-packages/airflow/example_dags/example_task_group.py
[2025-01-27T11:00:57.964+0000] {processor.py:914} INFO - Processing file /home/airflow/.local/lib/python3.12/site-packages/airflow/example_dags/example_task_group.py for tasks to queue
[2025-01-27T11:00:57.977+0000] {logging_mixin.py:190} INFO - [2025-01-27T11:00:57.976+0000] {dagbag.py:588} INFO - Filling up the DagBag from /home/airflow/.local/lib/python3.12/site-packages/airflow/example_dags/example_task_group.py
[2025-01-27T11:00:57.999+0000] {processor.py:925} INFO - DAG(s) 'example_task_group' retrieved from /home/airflow/.local/lib/python3.12/site-packages/airflow/example_dags/example_task_group.py
[2025-01-27T11:00:58.118+0000] {logging_mixin.py:190} INFO - [2025-01-27T11:00:58.117+0000] {dag.py:3239} INFO - Sync 1 DAGs
[2025-01-27T11:00:58.225+0000] {logging_mixin.py:190} INFO - [2025-01-27T11:00:58.224+0000] {dag.py:4180} INFO - Setting next_dagrun for example_task_group to None, run_after=None
[2025-01-27T11:00:58.269+0000] {processor.py:208} INFO - Processing /home/airflow/.local/lib/python3.12/site-packages/airflow/example_dags/example_task_group.py took 0.334 seconds
[2025-01-27T11:01:34.396+0000] {processor.py:186} INFO - Started process (PID=699) to work on /home/airflow/.local/lib/python3.12/site-packages/airflow/example_dags/example_task_group.py
[2025-01-27T11:01:34.399+0000] {processor.py:914} INFO - Processing file /home/airflow/.local/lib/python3.12/site-packages/airflow/example_dags/example_task_group.py for tasks to queue
[2025-01-27T11:01:34.404+0000] {logging_mixin.py:190} INFO - [2025-01-27T11:01:34.403+0000] {dagbag.py:588} INFO - Filling up the DagBag from /home/airflow/.local/lib/python3.12/site-packages/airflow/example_dags/example_task_group.py
[2025-01-27T11:01:34.705+0000] {processor.py:925} INFO - DAG(s) 'example_task_group' retrieved from /home/airflow/.local/lib/python3.12/site-packages/airflow/example_dags/example_task_group.py
[2025-01-27T11:01:35.435+0000] {logging_mixin.py:190} INFO - [2025-01-27T11:01:35.434+0000] {dag.py:3239} INFO - Sync 1 DAGs
[2025-01-27T11:01:35.520+0000] {logging_mixin.py:190} INFO - [2025-01-27T11:01:35.519+0000] {dag.py:4180} INFO - Setting next_dagrun for example_task_group to None, run_after=None
[2025-01-27T11:01:35.644+0000] {processor.py:208} INFO - Processing /home/airflow/.local/lib/python3.12/site-packages/airflow/example_dags/example_task_group.py took 1.164 seconds
[2025-01-27T11:02:06.141+0000] {processor.py:186} INFO - Started process (PID=769) to work on /home/airflow/.local/lib/python3.12/site-packages/airflow/example_dags/example_task_group.py
[2025-01-27T11:02:06.143+0000] {processor.py:914} INFO - Processing file /home/airflow/.local/lib/python3.12/site-packages/airflow/example_dags/example_task_group.py for tasks to queue
[2025-01-27T11:02:06.148+0000] {logging_mixin.py:190} INFO - [2025-01-27T11:02:06.148+0000] {dagbag.py:588} INFO - Filling up the DagBag from /home/airflow/.local/lib/python3.12/site-packages/airflow/example_dags/example_task_group.py
[2025-01-27T11:02:06.187+0000] {processor.py:925} INFO - DAG(s) 'example_task_group' retrieved from /home/airflow/.local/lib/python3.12/site-packages/airflow/example_dags/example_task_group.py
[2025-01-27T11:02:06.267+0000] {logging_mixin.py:190} INFO - [2025-01-27T11:02:06.266+0000] {dag.py:3239} INFO - Sync 1 DAGs
[2025-01-27T11:02:06.306+0000] {logging_mixin.py:190} INFO - [2025-01-27T11:02:06.305+0000] {dag.py:4180} INFO - Setting next_dagrun for example_task_group to None, run_after=None
[2025-01-27T11:02:06.359+0000] {processor.py:208} INFO - Processing /home/airflow/.local/lib/python3.12/site-packages/airflow/example_dags/example_task_group.py took 0.237 seconds
[2025-01-27T11:02:36.589+0000] {processor.py:186} INFO - Started process (PID=831) to work on /home/airflow/.local/lib/python3.12/site-packages/airflow/example_dags/example_task_group.py
[2025-01-27T11:02:36.591+0000] {processor.py:914} INFO - Processing file /home/airflow/.local/lib/python3.12/site-packages/airflow/example_dags/example_task_group.py for tasks to queue
[2025-01-27T11:02:36.597+0000] {logging_mixin.py:190} INFO - [2025-01-27T11:02:36.596+0000] {dagbag.py:588} INFO - Filling up the DagBag from /home/airflow/.local/lib/python3.12/site-packages/airflow/example_dags/example_task_group.py
[2025-01-27T11:02:36.614+0000] {processor.py:925} INFO - DAG(s) 'example_task_group' retrieved from /home/airflow/.local/lib/python3.12/site-packages/airflow/example_dags/example_task_group.py
[2025-01-27T11:02:36.661+0000] {logging_mixin.py:190} INFO - [2025-01-27T11:02:36.660+0000] {dag.py:3239} INFO - Sync 1 DAGs
[2025-01-27T11:02:36.696+0000] {logging_mixin.py:190} INFO - [2025-01-27T11:02:36.695+0000] {dag.py:4180} INFO - Setting next_dagrun for example_task_group to None, run_after=None
[2025-01-27T11:02:36.739+0000] {processor.py:208} INFO - Processing /home/airflow/.local/lib/python3.12/site-packages/airflow/example_dags/example_task_group.py took 0.162 seconds
[2025-01-27T11:03:07.774+0000] {processor.py:186} INFO - Started process (PID=895) to work on /home/airflow/.local/lib/python3.12/site-packages/airflow/example_dags/example_task_group.py
[2025-01-27T11:03:07.777+0000] {processor.py:914} INFO - Processing file /home/airflow/.local/lib/python3.12/site-packages/airflow/example_dags/example_task_group.py for tasks to queue
[2025-01-27T11:03:07.802+0000] {logging_mixin.py:190} INFO - [2025-01-27T11:03:07.801+0000] {dagbag.py:588} INFO - Filling up the DagBag from /home/airflow/.local/lib/python3.12/site-packages/airflow/example_dags/example_task_group.py
[2025-01-27T11:03:07.839+0000] {processor.py:925} INFO - DAG(s) 'example_task_group' retrieved from /home/airflow/.local/lib/python3.12/site-packages/airflow/example_dags/example_task_group.py
[2025-01-27T11:03:07.901+0000] {logging_mixin.py:190} INFO - [2025-01-27T11:03:07.901+0000] {dag.py:3239} INFO - Sync 1 DAGs
[2025-01-27T11:03:07.935+0000] {logging_mixin.py:190} INFO - [2025-01-27T11:03:07.935+0000] {dag.py:4180} INFO - Setting next_dagrun for example_task_group to None, run_after=None
[2025-01-27T11:03:07.986+0000] {processor.py:208} INFO - Processing /home/airflow/.local/lib/python3.12/site-packages/airflow/example_dags/example_task_group.py took 0.261 seconds
[2025-01-27T11:03:38.663+0000] {processor.py:186} INFO - Started process (PID=958) to work on /home/airflow/.local/lib/python3.12/site-packages/airflow/example_dags/example_task_group.py
[2025-01-27T11:03:38.665+0000] {processor.py:914} INFO - Processing file /home/airflow/.local/lib/python3.12/site-packages/airflow/example_dags/example_task_group.py for tasks to queue
[2025-01-27T11:03:38.680+0000] {logging_mixin.py:190} INFO - [2025-01-27T11:03:38.679+0000] {dagbag.py:588} INFO - Filling up the DagBag from /home/airflow/.local/lib/python3.12/site-packages/airflow/example_dags/example_task_group.py
[2025-01-27T11:03:38.715+0000] {processor.py:925} INFO - DAG(s) 'example_task_group' retrieved from /home/airflow/.local/lib/python3.12/site-packages/airflow/example_dags/example_task_group.py
[2025-01-27T11:03:38.779+0000] {logging_mixin.py:190} INFO - [2025-01-27T11:03:38.779+0000] {dag.py:3239} INFO - Sync 1 DAGs
[2025-01-27T11:03:38.807+0000] {logging_mixin.py:190} INFO - [2025-01-27T11:03:38.807+0000] {dag.py:4180} INFO - Setting next_dagrun for example_task_group to None, run_after=None
[2025-01-27T11:03:38.878+0000] {processor.py:208} INFO - Processing /home/airflow/.local/lib/python3.12/site-packages/airflow/example_dags/example_task_group.py took 0.239 seconds
[2025-01-27T11:04:09.987+0000] {processor.py:186} INFO - Started process (PID=1022) to work on /home/airflow/.local/lib/python3.12/site-packages/airflow/example_dags/example_task_group.py
[2025-01-27T11:04:09.990+0000] {processor.py:914} INFO - Processing file /home/airflow/.local/lib/python3.12/site-packages/airflow/example_dags/example_task_group.py for tasks to queue
[2025-01-27T11:04:10.004+0000] {logging_mixin.py:190} INFO - [2025-01-27T11:04:10.003+0000] {dagbag.py:588} INFO - Filling up the DagBag from /home/airflow/.local/lib/python3.12/site-packages/airflow/example_dags/example_task_group.py
[2025-01-27T11:04:10.056+0000] {processor.py:925} INFO - DAG(s) 'example_task_group' retrieved from /home/airflow/.local/lib/python3.12/site-packages/airflow/example_dags/example_task_group.py
[2025-01-27T11:04:10.208+0000] {logging_mixin.py:190} INFO - [2025-01-27T11:04:10.196+0000] {dag.py:3239} INFO - Sync 1 DAGs
[2025-01-27T11:04:10.384+0000] {logging_mixin.py:190} INFO - [2025-01-27T11:04:10.384+0000] {dag.py:4180} INFO - Setting next_dagrun for example_task_group to None, run_after=None
[2025-01-27T11:04:10.534+0000] {processor.py:208} INFO - Processing /home/airflow/.local/lib/python3.12/site-packages/airflow/example_dags/example_task_group.py took 0.583 seconds
[2025-01-27T11:10:10.348+0000] {processor.py:186} INFO - Started process (PID=1093) to work on /home/airflow/.local/lib/python3.12/site-packages/airflow/example_dags/example_task_group.py
[2025-01-27T11:10:10.351+0000] {processor.py:914} INFO - Processing file /home/airflow/.local/lib/python3.12/site-packages/airflow/example_dags/example_task_group.py for tasks to queue
[2025-01-27T11:10:10.358+0000] {logging_mixin.py:190} INFO - [2025-01-27T11:10:10.357+0000] {dagbag.py:588} INFO - Filling up the DagBag from /home/airflow/.local/lib/python3.12/site-packages/airflow/example_dags/example_task_group.py
[2025-01-27T11:10:10.391+0000] {processor.py:925} INFO - DAG(s) 'example_task_group' retrieved from /home/airflow/.local/lib/python3.12/site-packages/airflow/example_dags/example_task_group.py
[2025-01-27T11:10:10.475+0000] {logging_mixin.py:190} INFO - [2025-01-27T11:10:10.474+0000] {dag.py:3239} INFO - Sync 1 DAGs
[2025-01-27T11:10:10.529+0000] {logging_mixin.py:190} INFO - [2025-01-27T11:10:10.528+0000] {dag.py:4180} INFO - Setting next_dagrun for example_task_group to None, run_after=None
[2025-01-27T11:10:10.625+0000] {processor.py:208} INFO - Processing /home/airflow/.local/lib/python3.12/site-packages/airflow/example_dags/example_task_group.py took 0.299 seconds
[2025-01-27T11:15:05.510+0000] {processor.py:186} INFO - Started process (PID=1159) to work on /home/airflow/.local/lib/python3.12/site-packages/airflow/example_dags/example_task_group.py
[2025-01-27T11:15:05.512+0000] {processor.py:914} INFO - Processing file /home/airflow/.local/lib/python3.12/site-packages/airflow/example_dags/example_task_group.py for tasks to queue
[2025-01-27T11:15:05.514+0000] {logging_mixin.py:190} INFO - [2025-01-27T11:15:05.514+0000] {dagbag.py:588} INFO - Filling up the DagBag from /home/airflow/.local/lib/python3.12/site-packages/airflow/example_dags/example_task_group.py
[2025-01-27T11:15:05.536+0000] {processor.py:925} INFO - DAG(s) 'example_task_group' retrieved from /home/airflow/.local/lib/python3.12/site-packages/airflow/example_dags/example_task_group.py
[2025-01-27T11:15:05.588+0000] {logging_mixin.py:190} INFO - [2025-01-27T11:15:05.587+0000] {dag.py:3239} INFO - Sync 1 DAGs
[2025-01-27T11:15:05.620+0000] {logging_mixin.py:190} INFO - [2025-01-27T11:15:05.620+0000] {dag.py:4180} INFO - Setting next_dagrun for example_task_group to None, run_after=None
[2025-01-27T11:15:05.662+0000] {processor.py:208} INFO - Processing /home/airflow/.local/lib/python3.12/site-packages/airflow/example_dags/example_task_group.py took 0.166 seconds
[2025-01-27T11:15:36.409+0000] {processor.py:186} INFO - Started process (PID=1223) to work on /home/airflow/.local/lib/python3.12/site-packages/airflow/example_dags/example_task_group.py
[2025-01-27T11:15:36.411+0000] {processor.py:914} INFO - Processing file /home/airflow/.local/lib/python3.12/site-packages/airflow/example_dags/example_task_group.py for tasks to queue
[2025-01-27T11:15:36.413+0000] {logging_mixin.py:190} INFO - [2025-01-27T11:15:36.412+0000] {dagbag.py:588} INFO - Filling up the DagBag from /home/airflow/.local/lib/python3.12/site-packages/airflow/example_dags/example_task_group.py
[2025-01-27T11:15:36.442+0000] {processor.py:925} INFO - DAG(s) 'example_task_group' retrieved from /home/airflow/.local/lib/python3.12/site-packages/airflow/example_dags/example_task_group.py
[2025-01-27T11:15:36.501+0000] {logging_mixin.py:190} INFO - [2025-01-27T11:15:36.500+0000] {dag.py:3239} INFO - Sync 1 DAGs
[2025-01-27T11:15:36.533+0000] {logging_mixin.py:190} INFO - [2025-01-27T11:15:36.533+0000] {dag.py:4180} INFO - Setting next_dagrun for example_task_group to None, run_after=None
[2025-01-27T11:15:36.566+0000] {processor.py:208} INFO - Processing /home/airflow/.local/lib/python3.12/site-packages/airflow/example_dags/example_task_group.py took 0.168 seconds
[2025-01-27T11:16:16.040+0000] {processor.py:186} INFO - Started process (PID=1292) to work on /home/airflow/.local/lib/python3.12/site-packages/airflow/example_dags/example_task_group.py
[2025-01-27T11:16:16.047+0000] {processor.py:914} INFO - Processing file /home/airflow/.local/lib/python3.12/site-packages/airflow/example_dags/example_task_group.py for tasks to queue
[2025-01-27T11:16:16.052+0000] {logging_mixin.py:190} INFO - [2025-01-27T11:16:16.051+0000] {dagbag.py:588} INFO - Filling up the DagBag from /home/airflow/.local/lib/python3.12/site-packages/airflow/example_dags/example_task_group.py
[2025-01-27T11:16:16.110+0000] {processor.py:925} INFO - DAG(s) 'example_task_group' retrieved from /home/airflow/.local/lib/python3.12/site-packages/airflow/example_dags/example_task_group.py
[2025-01-27T11:16:16.243+0000] {logging_mixin.py:190} INFO - [2025-01-27T11:16:16.242+0000] {dag.py:3239} INFO - Sync 1 DAGs
[2025-01-27T11:16:16.369+0000] {logging_mixin.py:190} INFO - [2025-01-27T11:16:16.368+0000] {dag.py:4180} INFO - Setting next_dagrun for example_task_group to None, run_after=None
[2025-01-27T11:16:16.481+0000] {processor.py:208} INFO - Processing /home/airflow/.local/lib/python3.12/site-packages/airflow/example_dags/example_task_group.py took 0.588 seconds
[2025-01-27T11:18:44.631+0000] {processor.py:186} INFO - Started process (PID=1357) to work on /home/airflow/.local/lib/python3.12/site-packages/airflow/example_dags/example_task_group.py
[2025-01-27T11:18:44.634+0000] {processor.py:914} INFO - Processing file /home/airflow/.local/lib/python3.12/site-packages/airflow/example_dags/example_task_group.py for tasks to queue
[2025-01-27T11:18:44.637+0000] {logging_mixin.py:190} INFO - [2025-01-27T11:18:44.636+0000] {dagbag.py:588} INFO - Filling up the DagBag from /home/airflow/.local/lib/python3.12/site-packages/airflow/example_dags/example_task_group.py
[2025-01-27T11:18:44.683+0000] {processor.py:925} INFO - DAG(s) 'example_task_group' retrieved from /home/airflow/.local/lib/python3.12/site-packages/airflow/example_dags/example_task_group.py
[2025-01-27T11:18:44.775+0000] {logging_mixin.py:190} INFO - [2025-01-27T11:18:44.774+0000] {dag.py:3239} INFO - Sync 1 DAGs
[2025-01-27T11:18:44.864+0000] {logging_mixin.py:190} INFO - [2025-01-27T11:18:44.864+0000] {dag.py:4180} INFO - Setting next_dagrun for example_task_group to None, run_after=None
[2025-01-27T11:18:44.975+0000] {processor.py:208} INFO - Processing /home/airflow/.local/lib/python3.12/site-packages/airflow/example_dags/example_task_group.py took 0.381 seconds
[2025-01-27T11:19:27.195+0000] {processor.py:186} INFO - Started process (PID=1425) to work on /home/airflow/.local/lib/python3.12/site-packages/airflow/example_dags/example_task_group.py
[2025-01-27T11:19:27.196+0000] {processor.py:914} INFO - Processing file /home/airflow/.local/lib/python3.12/site-packages/airflow/example_dags/example_task_group.py for tasks to queue
[2025-01-27T11:19:27.198+0000] {logging_mixin.py:190} INFO - [2025-01-27T11:19:27.197+0000] {dagbag.py:588} INFO - Filling up the DagBag from /home/airflow/.local/lib/python3.12/site-packages/airflow/example_dags/example_task_group.py
[2025-01-27T11:19:27.226+0000] {processor.py:925} INFO - DAG(s) 'example_task_group' retrieved from /home/airflow/.local/lib/python3.12/site-packages/airflow/example_dags/example_task_group.py
[2025-01-27T11:19:27.266+0000] {logging_mixin.py:190} INFO - [2025-01-27T11:19:27.265+0000] {dag.py:3239} INFO - Sync 1 DAGs
[2025-01-27T11:19:27.298+0000] {logging_mixin.py:190} INFO - [2025-01-27T11:19:27.298+0000] {dag.py:4180} INFO - Setting next_dagrun for example_task_group to None, run_after=None
[2025-01-27T11:19:27.352+0000] {processor.py:208} INFO - Processing /home/airflow/.local/lib/python3.12/site-packages/airflow/example_dags/example_task_group.py took 0.171 seconds
[2025-01-27T11:19:58.678+0000] {processor.py:186} INFO - Started process (PID=1489) to work on /home/airflow/.local/lib/python3.12/site-packages/airflow/example_dags/example_task_group.py
[2025-01-27T11:19:58.680+0000] {processor.py:914} INFO - Processing file /home/airflow/.local/lib/python3.12/site-packages/airflow/example_dags/example_task_group.py for tasks to queue
[2025-01-27T11:19:58.686+0000] {logging_mixin.py:190} INFO - [2025-01-27T11:19:58.685+0000] {dagbag.py:588} INFO - Filling up the DagBag from /home/airflow/.local/lib/python3.12/site-packages/airflow/example_dags/example_task_group.py
[2025-01-27T11:19:58.709+0000] {processor.py:925} INFO - DAG(s) 'example_task_group' retrieved from /home/airflow/.local/lib/python3.12/site-packages/airflow/example_dags/example_task_group.py
[2025-01-27T11:19:58.767+0000] {logging_mixin.py:190} INFO - [2025-01-27T11:19:58.763+0000] {dag.py:3239} INFO - Sync 1 DAGs
[2025-01-27T11:19:58.811+0000] {logging_mixin.py:190} INFO - [2025-01-27T11:19:58.811+0000] {dag.py:4180} INFO - Setting next_dagrun for example_task_group to None, run_after=None
[2025-01-27T11:19:58.858+0000] {processor.py:208} INFO - Processing /home/airflow/.local/lib/python3.12/site-packages/airflow/example_dags/example_task_group.py took 0.198 seconds
[2025-01-27T11:37:49.215+0000] {processor.py:186} INFO - Started process (PID=196) to work on /home/airflow/.local/lib/python3.12/site-packages/airflow/example_dags/example_task_group.py
[2025-01-27T11:37:49.277+0000] {processor.py:914} INFO - Processing file /home/airflow/.local/lib/python3.12/site-packages/airflow/example_dags/example_task_group.py for tasks to queue
[2025-01-27T11:37:49.297+0000] {logging_mixin.py:190} INFO - [2025-01-27T11:37:49.296+0000] {dagbag.py:588} INFO - Filling up the DagBag from /home/airflow/.local/lib/python3.12/site-packages/airflow/example_dags/example_task_group.py
[2025-01-27T11:37:49.432+0000] {processor.py:925} INFO - DAG(s) 'example_task_group' retrieved from /home/airflow/.local/lib/python3.12/site-packages/airflow/example_dags/example_task_group.py
[2025-01-27T11:37:49.649+0000] {logging_mixin.py:190} INFO - [2025-01-27T11:37:49.649+0000] {dag.py:3239} INFO - Sync 1 DAGs
[2025-01-27T11:37:49.822+0000] {logging_mixin.py:190} INFO - [2025-01-27T11:37:49.821+0000] {dag.py:4180} INFO - Setting next_dagrun for example_task_group to None, run_after=None
[2025-01-27T11:37:49.935+0000] {processor.py:208} INFO - Processing /home/airflow/.local/lib/python3.12/site-packages/airflow/example_dags/example_task_group.py took 0.828 seconds
[2025-01-27T11:38:20.224+0000] {processor.py:186} INFO - Started process (PID=259) to work on /home/airflow/.local/lib/python3.12/site-packages/airflow/example_dags/example_task_group.py
[2025-01-27T11:38:20.227+0000] {processor.py:914} INFO - Processing file /home/airflow/.local/lib/python3.12/site-packages/airflow/example_dags/example_task_group.py for tasks to queue
[2025-01-27T11:38:20.234+0000] {logging_mixin.py:190} INFO - [2025-01-27T11:38:20.233+0000] {dagbag.py:588} INFO - Filling up the DagBag from /home/airflow/.local/lib/python3.12/site-packages/airflow/example_dags/example_task_group.py
[2025-01-27T11:38:20.259+0000] {processor.py:925} INFO - DAG(s) 'example_task_group' retrieved from /home/airflow/.local/lib/python3.12/site-packages/airflow/example_dags/example_task_group.py
[2025-01-27T11:38:20.350+0000] {logging_mixin.py:190} INFO - [2025-01-27T11:38:20.350+0000] {dag.py:3239} INFO - Sync 1 DAGs
[2025-01-27T11:38:20.395+0000] {logging_mixin.py:190} INFO - [2025-01-27T11:38:20.395+0000] {dag.py:4180} INFO - Setting next_dagrun for example_task_group to None, run_after=None
[2025-01-27T11:38:20.450+0000] {processor.py:208} INFO - Processing /home/airflow/.local/lib/python3.12/site-packages/airflow/example_dags/example_task_group.py took 0.251 seconds
[2025-01-27T11:38:53.778+0000] {processor.py:186} INFO - Started process (PID=324) to work on /home/airflow/.local/lib/python3.12/site-packages/airflow/example_dags/example_task_group.py
[2025-01-27T11:38:53.780+0000] {processor.py:914} INFO - Processing file /home/airflow/.local/lib/python3.12/site-packages/airflow/example_dags/example_task_group.py for tasks to queue
[2025-01-27T11:38:53.784+0000] {logging_mixin.py:190} INFO - [2025-01-27T11:38:53.784+0000] {dagbag.py:588} INFO - Filling up the DagBag from /home/airflow/.local/lib/python3.12/site-packages/airflow/example_dags/example_task_group.py
[2025-01-27T11:38:53.804+0000] {processor.py:925} INFO - DAG(s) 'example_task_group' retrieved from /home/airflow/.local/lib/python3.12/site-packages/airflow/example_dags/example_task_group.py
[2025-01-27T11:38:53.865+0000] {logging_mixin.py:190} INFO - [2025-01-27T11:38:53.865+0000] {dag.py:3239} INFO - Sync 1 DAGs
[2025-01-27T11:38:53.898+0000] {logging_mixin.py:190} INFO - [2025-01-27T11:38:53.898+0000] {dag.py:4180} INFO - Setting next_dagrun for example_task_group to None, run_after=None
[2025-01-27T11:38:53.934+0000] {processor.py:208} INFO - Processing /home/airflow/.local/lib/python3.12/site-packages/airflow/example_dags/example_task_group.py took 0.168 seconds
[2025-01-27T11:39:25.369+0000] {processor.py:186} INFO - Started process (PID=389) to work on /home/airflow/.local/lib/python3.12/site-packages/airflow/example_dags/example_task_group.py
[2025-01-27T11:39:25.370+0000] {processor.py:914} INFO - Processing file /home/airflow/.local/lib/python3.12/site-packages/airflow/example_dags/example_task_group.py for tasks to queue
[2025-01-27T11:39:25.374+0000] {logging_mixin.py:190} INFO - [2025-01-27T11:39:25.373+0000] {dagbag.py:588} INFO - Filling up the DagBag from /home/airflow/.local/lib/python3.12/site-packages/airflow/example_dags/example_task_group.py
[2025-01-27T11:39:25.387+0000] {processor.py:925} INFO - DAG(s) 'example_task_group' retrieved from /home/airflow/.local/lib/python3.12/site-packages/airflow/example_dags/example_task_group.py
[2025-01-27T11:39:25.421+0000] {logging_mixin.py:190} INFO - [2025-01-27T11:39:25.421+0000] {dag.py:3239} INFO - Sync 1 DAGs
[2025-01-27T11:39:25.442+0000] {logging_mixin.py:190} INFO - [2025-01-27T11:39:25.441+0000] {dag.py:4180} INFO - Setting next_dagrun for example_task_group to None, run_after=None
[2025-01-27T11:39:25.471+0000] {processor.py:208} INFO - Processing /home/airflow/.local/lib/python3.12/site-packages/airflow/example_dags/example_task_group.py took 0.111 seconds
[2025-01-27T11:39:58.059+0000] {processor.py:186} INFO - Started process (PID=453) to work on /home/airflow/.local/lib/python3.12/site-packages/airflow/example_dags/example_task_group.py
[2025-01-27T11:39:58.063+0000] {processor.py:914} INFO - Processing file /home/airflow/.local/lib/python3.12/site-packages/airflow/example_dags/example_task_group.py for tasks to queue
[2025-01-27T11:39:58.070+0000] {logging_mixin.py:190} INFO - [2025-01-27T11:39:58.069+0000] {dagbag.py:588} INFO - Filling up the DagBag from /home/airflow/.local/lib/python3.12/site-packages/airflow/example_dags/example_task_group.py
[2025-01-27T11:39:58.103+0000] {processor.py:925} INFO - DAG(s) 'example_task_group' retrieved from /home/airflow/.local/lib/python3.12/site-packages/airflow/example_dags/example_task_group.py
[2025-01-27T11:39:58.166+0000] {logging_mixin.py:190} INFO - [2025-01-27T11:39:58.166+0000] {dag.py:3239} INFO - Sync 1 DAGs
[2025-01-27T11:39:58.212+0000] {logging_mixin.py:190} INFO - [2025-01-27T11:39:58.212+0000] {dag.py:4180} INFO - Setting next_dagrun for example_task_group to None, run_after=None
[2025-01-27T11:39:58.270+0000] {processor.py:208} INFO - Processing /home/airflow/.local/lib/python3.12/site-packages/airflow/example_dags/example_task_group.py took 0.230 seconds
[2025-01-27T11:40:28.545+0000] {processor.py:186} INFO - Started process (PID=518) to work on /home/airflow/.local/lib/python3.12/site-packages/airflow/example_dags/example_task_group.py
[2025-01-27T11:40:28.547+0000] {processor.py:914} INFO - Processing file /home/airflow/.local/lib/python3.12/site-packages/airflow/example_dags/example_task_group.py for tasks to queue
[2025-01-27T11:40:28.554+0000] {logging_mixin.py:190} INFO - [2025-01-27T11:40:28.553+0000] {dagbag.py:588} INFO - Filling up the DagBag from /home/airflow/.local/lib/python3.12/site-packages/airflow/example_dags/example_task_group.py
[2025-01-27T11:40:28.573+0000] {processor.py:925} INFO - DAG(s) 'example_task_group' retrieved from /home/airflow/.local/lib/python3.12/site-packages/airflow/example_dags/example_task_group.py
[2025-01-27T11:40:28.622+0000] {logging_mixin.py:190} INFO - [2025-01-27T11:40:28.622+0000] {dag.py:3239} INFO - Sync 1 DAGs
[2025-01-27T11:40:28.664+0000] {logging_mixin.py:190} INFO - [2025-01-27T11:40:28.663+0000] {dag.py:4180} INFO - Setting next_dagrun for example_task_group to None, run_after=None
[2025-01-27T11:40:28.709+0000] {processor.py:208} INFO - Processing /home/airflow/.local/lib/python3.12/site-packages/airflow/example_dags/example_task_group.py took 0.177 seconds
[2025-01-27T11:40:59.431+0000] {processor.py:186} INFO - Started process (PID=589) to work on /home/airflow/.local/lib/python3.12/site-packages/airflow/example_dags/example_task_group.py
[2025-01-27T11:40:59.432+0000] {processor.py:914} INFO - Processing file /home/airflow/.local/lib/python3.12/site-packages/airflow/example_dags/example_task_group.py for tasks to queue
[2025-01-27T11:40:59.436+0000] {logging_mixin.py:190} INFO - [2025-01-27T11:40:59.436+0000] {dagbag.py:588} INFO - Filling up the DagBag from /home/airflow/.local/lib/python3.12/site-packages/airflow/example_dags/example_task_group.py
[2025-01-27T11:40:59.454+0000] {processor.py:925} INFO - DAG(s) 'example_task_group' retrieved from /home/airflow/.local/lib/python3.12/site-packages/airflow/example_dags/example_task_group.py
[2025-01-27T11:40:59.497+0000] {logging_mixin.py:190} INFO - [2025-01-27T11:40:59.496+0000] {dag.py:3239} INFO - Sync 1 DAGs
[2025-01-27T11:40:59.528+0000] {logging_mixin.py:190} INFO - [2025-01-27T11:40:59.527+0000] {dag.py:4180} INFO - Setting next_dagrun for example_task_group to None, run_after=None
[2025-01-27T11:40:59.562+0000] {processor.py:208} INFO - Processing /home/airflow/.local/lib/python3.12/site-packages/airflow/example_dags/example_task_group.py took 0.142 seconds
[2025-01-27T11:41:30.199+0000] {processor.py:186} INFO - Started process (PID=653) to work on /home/airflow/.local/lib/python3.12/site-packages/airflow/example_dags/example_task_group.py
[2025-01-27T11:41:30.201+0000] {processor.py:914} INFO - Processing file /home/airflow/.local/lib/python3.12/site-packages/airflow/example_dags/example_task_group.py for tasks to queue
[2025-01-27T11:41:30.204+0000] {logging_mixin.py:190} INFO - [2025-01-27T11:41:30.204+0000] {dagbag.py:588} INFO - Filling up the DagBag from /home/airflow/.local/lib/python3.12/site-packages/airflow/example_dags/example_task_group.py
[2025-01-27T11:41:30.219+0000] {processor.py:925} INFO - DAG(s) 'example_task_group' retrieved from /home/airflow/.local/lib/python3.12/site-packages/airflow/example_dags/example_task_group.py
[2025-01-27T11:41:30.258+0000] {logging_mixin.py:190} INFO - [2025-01-27T11:41:30.257+0000] {dag.py:3239} INFO - Sync 1 DAGs
[2025-01-27T11:41:30.281+0000] {logging_mixin.py:190} INFO - [2025-01-27T11:41:30.281+0000] {dag.py:4180} INFO - Setting next_dagrun for example_task_group to None, run_after=None
[2025-01-27T11:41:30.311+0000] {processor.py:208} INFO - Processing /home/airflow/.local/lib/python3.12/site-packages/airflow/example_dags/example_task_group.py took 0.122 seconds
[2025-01-27T11:42:00.871+0000] {processor.py:186} INFO - Started process (PID=717) to work on /home/airflow/.local/lib/python3.12/site-packages/airflow/example_dags/example_task_group.py
[2025-01-27T11:42:00.873+0000] {processor.py:914} INFO - Processing file /home/airflow/.local/lib/python3.12/site-packages/airflow/example_dags/example_task_group.py for tasks to queue
[2025-01-27T11:42:00.878+0000] {logging_mixin.py:190} INFO - [2025-01-27T11:42:00.878+0000] {dagbag.py:588} INFO - Filling up the DagBag from /home/airflow/.local/lib/python3.12/site-packages/airflow/example_dags/example_task_group.py
[2025-01-27T11:42:00.895+0000] {processor.py:925} INFO - DAG(s) 'example_task_group' retrieved from /home/airflow/.local/lib/python3.12/site-packages/airflow/example_dags/example_task_group.py
[2025-01-27T11:42:00.935+0000] {logging_mixin.py:190} INFO - [2025-01-27T11:42:00.934+0000] {dag.py:3239} INFO - Sync 1 DAGs
[2025-01-27T11:42:00.958+0000] {logging_mixin.py:190} INFO - [2025-01-27T11:42:00.957+0000] {dag.py:4180} INFO - Setting next_dagrun for example_task_group to None, run_after=None
[2025-01-27T11:42:00.992+0000] {processor.py:208} INFO - Processing /home/airflow/.local/lib/python3.12/site-packages/airflow/example_dags/example_task_group.py took 0.131 seconds
[2025-01-27T11:42:31.719+0000] {processor.py:186} INFO - Started process (PID=782) to work on /home/airflow/.local/lib/python3.12/site-packages/airflow/example_dags/example_task_group.py
[2025-01-27T11:42:31.720+0000] {processor.py:914} INFO - Processing file /home/airflow/.local/lib/python3.12/site-packages/airflow/example_dags/example_task_group.py for tasks to queue
[2025-01-27T11:42:31.725+0000] {logging_mixin.py:190} INFO - [2025-01-27T11:42:31.724+0000] {dagbag.py:588} INFO - Filling up the DagBag from /home/airflow/.local/lib/python3.12/site-packages/airflow/example_dags/example_task_group.py
[2025-01-27T11:42:31.744+0000] {processor.py:925} INFO - DAG(s) 'example_task_group' retrieved from /home/airflow/.local/lib/python3.12/site-packages/airflow/example_dags/example_task_group.py
[2025-01-27T11:42:31.801+0000] {logging_mixin.py:190} INFO - [2025-01-27T11:42:31.800+0000] {dag.py:3239} INFO - Sync 1 DAGs
[2025-01-27T11:42:31.847+0000] {logging_mixin.py:190} INFO - [2025-01-27T11:42:31.846+0000] {dag.py:4180} INFO - Setting next_dagrun for example_task_group to None, run_after=None
[2025-01-27T11:42:32.015+0000] {processor.py:208} INFO - Processing /home/airflow/.local/lib/python3.12/site-packages/airflow/example_dags/example_task_group.py took 0.307 seconds
[2025-01-27T11:43:05.823+0000] {processor.py:186} INFO - Started process (PID=847) to work on /home/airflow/.local/lib/python3.12/site-packages/airflow/example_dags/example_task_group.py
[2025-01-27T11:43:05.825+0000] {processor.py:914} INFO - Processing file /home/airflow/.local/lib/python3.12/site-packages/airflow/example_dags/example_task_group.py for tasks to queue
[2025-01-27T11:43:05.829+0000] {logging_mixin.py:190} INFO - [2025-01-27T11:43:05.829+0000] {dagbag.py:588} INFO - Filling up the DagBag from /home/airflow/.local/lib/python3.12/site-packages/airflow/example_dags/example_task_group.py
[2025-01-27T11:43:05.844+0000] {processor.py:925} INFO - DAG(s) 'example_task_group' retrieved from /home/airflow/.local/lib/python3.12/site-packages/airflow/example_dags/example_task_group.py
[2025-01-27T11:43:05.888+0000] {logging_mixin.py:190} INFO - [2025-01-27T11:43:05.887+0000] {dag.py:3239} INFO - Sync 1 DAGs
[2025-01-27T11:43:05.919+0000] {logging_mixin.py:190} INFO - [2025-01-27T11:43:05.919+0000] {dag.py:4180} INFO - Setting next_dagrun for example_task_group to None, run_after=None
[2025-01-27T11:43:05.951+0000] {processor.py:208} INFO - Processing /home/airflow/.local/lib/python3.12/site-packages/airflow/example_dags/example_task_group.py took 0.139 seconds
[2025-01-27T11:43:48.436+0000] {processor.py:186} INFO - Started process (PID=914) to work on /home/airflow/.local/lib/python3.12/site-packages/airflow/example_dags/example_task_group.py
[2025-01-27T11:43:48.438+0000] {processor.py:914} INFO - Processing file /home/airflow/.local/lib/python3.12/site-packages/airflow/example_dags/example_task_group.py for tasks to queue
[2025-01-27T11:43:48.454+0000] {logging_mixin.py:190} INFO - [2025-01-27T11:43:48.453+0000] {dagbag.py:588} INFO - Filling up the DagBag from /home/airflow/.local/lib/python3.12/site-packages/airflow/example_dags/example_task_group.py
[2025-01-27T11:43:48.492+0000] {processor.py:925} INFO - DAG(s) 'example_task_group' retrieved from /home/airflow/.local/lib/python3.12/site-packages/airflow/example_dags/example_task_group.py
[2025-01-27T11:43:48.581+0000] {logging_mixin.py:190} INFO - [2025-01-27T11:43:48.580+0000] {dag.py:3239} INFO - Sync 1 DAGs
[2025-01-27T11:43:48.637+0000] {logging_mixin.py:190} INFO - [2025-01-27T11:43:48.637+0000] {dag.py:4180} INFO - Setting next_dagrun for example_task_group to None, run_after=None
[2025-01-27T11:43:48.709+0000] {processor.py:208} INFO - Processing /home/airflow/.local/lib/python3.12/site-packages/airflow/example_dags/example_task_group.py took 0.329 seconds
[2025-01-27T11:44:21.003+0000] {processor.py:186} INFO - Started process (PID=978) to work on /home/airflow/.local/lib/python3.12/site-packages/airflow/example_dags/example_task_group.py
[2025-01-27T11:44:21.005+0000] {processor.py:914} INFO - Processing file /home/airflow/.local/lib/python3.12/site-packages/airflow/example_dags/example_task_group.py for tasks to queue
[2025-01-27T11:44:21.010+0000] {logging_mixin.py:190} INFO - [2025-01-27T11:44:21.009+0000] {dagbag.py:588} INFO - Filling up the DagBag from /home/airflow/.local/lib/python3.12/site-packages/airflow/example_dags/example_task_group.py
[2025-01-27T11:44:21.043+0000] {processor.py:925} INFO - DAG(s) 'example_task_group' retrieved from /home/airflow/.local/lib/python3.12/site-packages/airflow/example_dags/example_task_group.py
[2025-01-27T11:44:21.112+0000] {logging_mixin.py:190} INFO - [2025-01-27T11:44:21.112+0000] {dag.py:3239} INFO - Sync 1 DAGs
[2025-01-27T11:44:21.139+0000] {logging_mixin.py:190} INFO - [2025-01-27T11:44:21.138+0000] {dag.py:4180} INFO - Setting next_dagrun for example_task_group to None, run_after=None
[2025-01-27T11:44:21.192+0000] {processor.py:208} INFO - Processing /home/airflow/.local/lib/python3.12/site-packages/airflow/example_dags/example_task_group.py took 0.220 seconds
[2025-01-27T11:44:51.407+0000] {processor.py:186} INFO - Started process (PID=1042) to work on /home/airflow/.local/lib/python3.12/site-packages/airflow/example_dags/example_task_group.py
[2025-01-27T11:44:51.408+0000] {processor.py:914} INFO - Processing file /home/airflow/.local/lib/python3.12/site-packages/airflow/example_dags/example_task_group.py for tasks to queue
[2025-01-27T11:44:51.412+0000] {logging_mixin.py:190} INFO - [2025-01-27T11:44:51.411+0000] {dagbag.py:588} INFO - Filling up the DagBag from /home/airflow/.local/lib/python3.12/site-packages/airflow/example_dags/example_task_group.py
[2025-01-27T11:44:51.424+0000] {processor.py:925} INFO - DAG(s) 'example_task_group' retrieved from /home/airflow/.local/lib/python3.12/site-packages/airflow/example_dags/example_task_group.py
[2025-01-27T11:44:51.455+0000] {logging_mixin.py:190} INFO - [2025-01-27T11:44:51.455+0000] {dag.py:3239} INFO - Sync 1 DAGs
[2025-01-27T11:44:51.478+0000] {logging_mixin.py:190} INFO - [2025-01-27T11:44:51.477+0000] {dag.py:4180} INFO - Setting next_dagrun for example_task_group to None, run_after=None
[2025-01-27T11:44:51.508+0000] {processor.py:208} INFO - Processing /home/airflow/.local/lib/python3.12/site-packages/airflow/example_dags/example_task_group.py took 0.110 seconds
[2025-01-27T11:45:22.189+0000] {processor.py:186} INFO - Started process (PID=1107) to work on /home/airflow/.local/lib/python3.12/site-packages/airflow/example_dags/example_task_group.py
[2025-01-27T11:45:22.190+0000] {processor.py:914} INFO - Processing file /home/airflow/.local/lib/python3.12/site-packages/airflow/example_dags/example_task_group.py for tasks to queue
[2025-01-27T11:45:22.194+0000] {logging_mixin.py:190} INFO - [2025-01-27T11:45:22.193+0000] {dagbag.py:588} INFO - Filling up the DagBag from /home/airflow/.local/lib/python3.12/site-packages/airflow/example_dags/example_task_group.py
[2025-01-27T11:45:22.209+0000] {processor.py:925} INFO - DAG(s) 'example_task_group' retrieved from /home/airflow/.local/lib/python3.12/site-packages/airflow/example_dags/example_task_group.py
[2025-01-27T11:45:22.248+0000] {logging_mixin.py:190} INFO - [2025-01-27T11:45:22.247+0000] {dag.py:3239} INFO - Sync 1 DAGs
[2025-01-27T11:45:22.274+0000] {logging_mixin.py:190} INFO - [2025-01-27T11:45:22.274+0000] {dag.py:4180} INFO - Setting next_dagrun for example_task_group to None, run_after=None
[2025-01-27T11:45:22.304+0000] {processor.py:208} INFO - Processing /home/airflow/.local/lib/python3.12/site-packages/airflow/example_dags/example_task_group.py took 0.125 seconds
[2025-01-27T11:45:53.224+0000] {processor.py:186} INFO - Started process (PID=1171) to work on /home/airflow/.local/lib/python3.12/site-packages/airflow/example_dags/example_task_group.py
[2025-01-27T11:45:53.226+0000] {processor.py:914} INFO - Processing file /home/airflow/.local/lib/python3.12/site-packages/airflow/example_dags/example_task_group.py for tasks to queue
[2025-01-27T11:45:53.230+0000] {logging_mixin.py:190} INFO - [2025-01-27T11:45:53.229+0000] {dagbag.py:588} INFO - Filling up the DagBag from /home/airflow/.local/lib/python3.12/site-packages/airflow/example_dags/example_task_group.py
[2025-01-27T11:45:53.243+0000] {processor.py:925} INFO - DAG(s) 'example_task_group' retrieved from /home/airflow/.local/lib/python3.12/site-packages/airflow/example_dags/example_task_group.py
[2025-01-27T11:45:53.277+0000] {logging_mixin.py:190} INFO - [2025-01-27T11:45:53.277+0000] {dag.py:3239} INFO - Sync 1 DAGs
[2025-01-27T11:45:53.300+0000] {logging_mixin.py:190} INFO - [2025-01-27T11:45:53.300+0000] {dag.py:4180} INFO - Setting next_dagrun for example_task_group to None, run_after=None
[2025-01-27T11:45:53.337+0000] {processor.py:208} INFO - Processing /home/airflow/.local/lib/python3.12/site-packages/airflow/example_dags/example_task_group.py took 0.121 seconds
[2025-01-27T11:46:23.542+0000] {processor.py:186} INFO - Started process (PID=1234) to work on /home/airflow/.local/lib/python3.12/site-packages/airflow/example_dags/example_task_group.py
[2025-01-27T11:46:23.544+0000] {processor.py:914} INFO - Processing file /home/airflow/.local/lib/python3.12/site-packages/airflow/example_dags/example_task_group.py for tasks to queue
[2025-01-27T11:46:23.547+0000] {logging_mixin.py:190} INFO - [2025-01-27T11:46:23.547+0000] {dagbag.py:588} INFO - Filling up the DagBag from /home/airflow/.local/lib/python3.12/site-packages/airflow/example_dags/example_task_group.py
[2025-01-27T11:46:23.560+0000] {processor.py:925} INFO - DAG(s) 'example_task_group' retrieved from /home/airflow/.local/lib/python3.12/site-packages/airflow/example_dags/example_task_group.py
[2025-01-27T11:46:23.595+0000] {logging_mixin.py:190} INFO - [2025-01-27T11:46:23.594+0000] {dag.py:3239} INFO - Sync 1 DAGs
[2025-01-27T11:46:23.685+0000] {logging_mixin.py:190} INFO - [2025-01-27T11:46:23.685+0000] {dag.py:4180} INFO - Setting next_dagrun for example_task_group to None, run_after=None
[2025-01-27T11:46:23.714+0000] {processor.py:208} INFO - Processing /home/airflow/.local/lib/python3.12/site-packages/airflow/example_dags/example_task_group.py took 0.182 seconds
[2025-01-27T11:46:53.907+0000] {processor.py:186} INFO - Started process (PID=1298) to work on /home/airflow/.local/lib/python3.12/site-packages/airflow/example_dags/example_task_group.py
[2025-01-27T11:46:53.909+0000] {processor.py:914} INFO - Processing file /home/airflow/.local/lib/python3.12/site-packages/airflow/example_dags/example_task_group.py for tasks to queue
[2025-01-27T11:46:53.913+0000] {logging_mixin.py:190} INFO - [2025-01-27T11:46:53.912+0000] {dagbag.py:588} INFO - Filling up the DagBag from /home/airflow/.local/lib/python3.12/site-packages/airflow/example_dags/example_task_group.py
[2025-01-27T11:46:53.925+0000] {processor.py:925} INFO - DAG(s) 'example_task_group' retrieved from /home/airflow/.local/lib/python3.12/site-packages/airflow/example_dags/example_task_group.py
[2025-01-27T11:46:53.957+0000] {logging_mixin.py:190} INFO - [2025-01-27T11:46:53.957+0000] {dag.py:3239} INFO - Sync 1 DAGs
[2025-01-27T11:46:53.977+0000] {logging_mixin.py:190} INFO - [2025-01-27T11:46:53.977+0000] {dag.py:4180} INFO - Setting next_dagrun for example_task_group to None, run_after=None
[2025-01-27T11:46:54.006+0000] {processor.py:208} INFO - Processing /home/airflow/.local/lib/python3.12/site-packages/airflow/example_dags/example_task_group.py took 0.107 seconds
[2025-01-27T11:47:24.683+0000] {processor.py:186} INFO - Started process (PID=1362) to work on /home/airflow/.local/lib/python3.12/site-packages/airflow/example_dags/example_task_group.py
[2025-01-27T11:47:24.685+0000] {processor.py:914} INFO - Processing file /home/airflow/.local/lib/python3.12/site-packages/airflow/example_dags/example_task_group.py for tasks to queue
[2025-01-27T11:47:24.693+0000] {logging_mixin.py:190} INFO - [2025-01-27T11:47:24.691+0000] {dagbag.py:588} INFO - Filling up the DagBag from /home/airflow/.local/lib/python3.12/site-packages/airflow/example_dags/example_task_group.py
[2025-01-27T11:47:24.713+0000] {processor.py:925} INFO - DAG(s) 'example_task_group' retrieved from /home/airflow/.local/lib/python3.12/site-packages/airflow/example_dags/example_task_group.py
[2025-01-27T11:47:24.777+0000] {logging_mixin.py:190} INFO - [2025-01-27T11:47:24.777+0000] {dag.py:3239} INFO - Sync 1 DAGs
[2025-01-27T11:47:24.812+0000] {logging_mixin.py:190} INFO - [2025-01-27T11:47:24.812+0000] {dag.py:4180} INFO - Setting next_dagrun for example_task_group to None, run_after=None
[2025-01-27T11:47:24.853+0000] {processor.py:208} INFO - Processing /home/airflow/.local/lib/python3.12/site-packages/airflow/example_dags/example_task_group.py took 0.183 seconds
[2025-01-27T11:47:55.387+0000] {processor.py:186} INFO - Started process (PID=1426) to work on /home/airflow/.local/lib/python3.12/site-packages/airflow/example_dags/example_task_group.py
[2025-01-27T11:47:55.389+0000] {processor.py:914} INFO - Processing file /home/airflow/.local/lib/python3.12/site-packages/airflow/example_dags/example_task_group.py for tasks to queue
[2025-01-27T11:47:55.394+0000] {logging_mixin.py:190} INFO - [2025-01-27T11:47:55.393+0000] {dagbag.py:588} INFO - Filling up the DagBag from /home/airflow/.local/lib/python3.12/site-packages/airflow/example_dags/example_task_group.py
[2025-01-27T11:47:55.409+0000] {processor.py:925} INFO - DAG(s) 'example_task_group' retrieved from /home/airflow/.local/lib/python3.12/site-packages/airflow/example_dags/example_task_group.py
[2025-01-27T11:47:55.444+0000] {logging_mixin.py:190} INFO - [2025-01-27T11:47:55.444+0000] {dag.py:3239} INFO - Sync 1 DAGs
[2025-01-27T11:47:55.473+0000] {logging_mixin.py:190} INFO - [2025-01-27T11:47:55.473+0000] {dag.py:4180} INFO - Setting next_dagrun for example_task_group to None, run_after=None
[2025-01-27T11:47:55.508+0000] {processor.py:208} INFO - Processing /home/airflow/.local/lib/python3.12/site-packages/airflow/example_dags/example_task_group.py took 0.132 seconds
[2025-01-27T11:48:27.174+0000] {processor.py:186} INFO - Started process (PID=1490) to work on /home/airflow/.local/lib/python3.12/site-packages/airflow/example_dags/example_task_group.py
[2025-01-27T11:48:27.175+0000] {processor.py:914} INFO - Processing file /home/airflow/.local/lib/python3.12/site-packages/airflow/example_dags/example_task_group.py for tasks to queue
[2025-01-27T11:48:27.179+0000] {logging_mixin.py:190} INFO - [2025-01-27T11:48:27.178+0000] {dagbag.py:588} INFO - Filling up the DagBag from /home/airflow/.local/lib/python3.12/site-packages/airflow/example_dags/example_task_group.py
[2025-01-27T11:48:27.195+0000] {processor.py:925} INFO - DAG(s) 'example_task_group' retrieved from /home/airflow/.local/lib/python3.12/site-packages/airflow/example_dags/example_task_group.py
[2025-01-27T11:48:27.233+0000] {logging_mixin.py:190} INFO - [2025-01-27T11:48:27.233+0000] {dag.py:3239} INFO - Sync 1 DAGs
[2025-01-27T11:48:27.262+0000] {logging_mixin.py:190} INFO - [2025-01-27T11:48:27.261+0000] {dag.py:4180} INFO - Setting next_dagrun for example_task_group to None, run_after=None
[2025-01-27T11:48:27.293+0000] {processor.py:208} INFO - Processing /home/airflow/.local/lib/python3.12/site-packages/airflow/example_dags/example_task_group.py took 0.129 seconds
[2025-01-27T11:48:58.490+0000] {processor.py:186} INFO - Started process (PID=1555) to work on /home/airflow/.local/lib/python3.12/site-packages/airflow/example_dags/example_task_group.py
[2025-01-27T11:48:58.492+0000] {processor.py:914} INFO - Processing file /home/airflow/.local/lib/python3.12/site-packages/airflow/example_dags/example_task_group.py for tasks to queue
[2025-01-27T11:48:58.496+0000] {logging_mixin.py:190} INFO - [2025-01-27T11:48:58.495+0000] {dagbag.py:588} INFO - Filling up the DagBag from /home/airflow/.local/lib/python3.12/site-packages/airflow/example_dags/example_task_group.py
[2025-01-27T11:48:58.526+0000] {processor.py:925} INFO - DAG(s) 'example_task_group' retrieved from /home/airflow/.local/lib/python3.12/site-packages/airflow/example_dags/example_task_group.py
[2025-01-27T11:48:58.588+0000] {logging_mixin.py:190} INFO - [2025-01-27T11:48:58.588+0000] {dag.py:3239} INFO - Sync 1 DAGs
[2025-01-27T11:48:58.621+0000] {logging_mixin.py:190} INFO - [2025-01-27T11:48:58.621+0000] {dag.py:4180} INFO - Setting next_dagrun for example_task_group to None, run_after=None
[2025-01-27T11:48:58.654+0000] {processor.py:208} INFO - Processing /home/airflow/.local/lib/python3.12/site-packages/airflow/example_dags/example_task_group.py took 0.188 seconds
[2025-01-27T11:49:28.989+0000] {processor.py:186} INFO - Started process (PID=1618) to work on /home/airflow/.local/lib/python3.12/site-packages/airflow/example_dags/example_task_group.py
[2025-01-27T11:49:28.995+0000] {processor.py:914} INFO - Processing file /home/airflow/.local/lib/python3.12/site-packages/airflow/example_dags/example_task_group.py for tasks to queue
[2025-01-27T11:49:29.001+0000] {logging_mixin.py:190} INFO - [2025-01-27T11:49:29.000+0000] {dagbag.py:588} INFO - Filling up the DagBag from /home/airflow/.local/lib/python3.12/site-packages/airflow/example_dags/example_task_group.py
[2025-01-27T11:49:29.023+0000] {processor.py:925} INFO - DAG(s) 'example_task_group' retrieved from /home/airflow/.local/lib/python3.12/site-packages/airflow/example_dags/example_task_group.py
[2025-01-27T11:49:29.065+0000] {logging_mixin.py:190} INFO - [2025-01-27T11:49:29.065+0000] {dag.py:3239} INFO - Sync 1 DAGs
[2025-01-27T11:49:29.090+0000] {logging_mixin.py:190} INFO - [2025-01-27T11:49:29.090+0000] {dag.py:4180} INFO - Setting next_dagrun for example_task_group to None, run_after=None
[2025-01-27T11:49:29.118+0000] {processor.py:208} INFO - Processing /home/airflow/.local/lib/python3.12/site-packages/airflow/example_dags/example_task_group.py took 0.148 seconds
[2025-01-27T11:49:59.541+0000] {processor.py:186} INFO - Started process (PID=1683) to work on /home/airflow/.local/lib/python3.12/site-packages/airflow/example_dags/example_task_group.py
[2025-01-27T11:49:59.543+0000] {processor.py:914} INFO - Processing file /home/airflow/.local/lib/python3.12/site-packages/airflow/example_dags/example_task_group.py for tasks to queue
[2025-01-27T11:49:59.547+0000] {logging_mixin.py:190} INFO - [2025-01-27T11:49:59.546+0000] {dagbag.py:588} INFO - Filling up the DagBag from /home/airflow/.local/lib/python3.12/site-packages/airflow/example_dags/example_task_group.py
[2025-01-27T11:49:59.560+0000] {processor.py:925} INFO - DAG(s) 'example_task_group' retrieved from /home/airflow/.local/lib/python3.12/site-packages/airflow/example_dags/example_task_group.py
[2025-01-27T11:49:59.596+0000] {logging_mixin.py:190} INFO - [2025-01-27T11:49:59.596+0000] {dag.py:3239} INFO - Sync 1 DAGs
[2025-01-27T11:49:59.619+0000] {logging_mixin.py:190} INFO - [2025-01-27T11:49:59.619+0000] {dag.py:4180} INFO - Setting next_dagrun for example_task_group to None, run_after=None
[2025-01-27T11:49:59.651+0000] {processor.py:208} INFO - Processing /home/airflow/.local/lib/python3.12/site-packages/airflow/example_dags/example_task_group.py took 0.121 seconds
[2025-01-27T11:50:30.147+0000] {processor.py:186} INFO - Started process (PID=1747) to work on /home/airflow/.local/lib/python3.12/site-packages/airflow/example_dags/example_task_group.py
[2025-01-27T11:50:30.149+0000] {processor.py:914} INFO - Processing file /home/airflow/.local/lib/python3.12/site-packages/airflow/example_dags/example_task_group.py for tasks to queue
[2025-01-27T11:50:30.152+0000] {logging_mixin.py:190} INFO - [2025-01-27T11:50:30.152+0000] {dagbag.py:588} INFO - Filling up the DagBag from /home/airflow/.local/lib/python3.12/site-packages/airflow/example_dags/example_task_group.py
[2025-01-27T11:50:30.166+0000] {processor.py:925} INFO - DAG(s) 'example_task_group' retrieved from /home/airflow/.local/lib/python3.12/site-packages/airflow/example_dags/example_task_group.py
[2025-01-27T11:50:30.207+0000] {logging_mixin.py:190} INFO - [2025-01-27T11:50:30.206+0000] {dag.py:3239} INFO - Sync 1 DAGs
[2025-01-27T11:50:30.230+0000] {logging_mixin.py:190} INFO - [2025-01-27T11:50:30.230+0000] {dag.py:4180} INFO - Setting next_dagrun for example_task_group to None, run_after=None
[2025-01-27T11:50:30.270+0000] {processor.py:208} INFO - Processing /home/airflow/.local/lib/python3.12/site-packages/airflow/example_dags/example_task_group.py took 0.132 seconds
