[2025-01-27T10:34:03.804+0000] {processor.py:186} INFO - Started process (PID=199) to work on /home/airflow/.local/lib/python3.12/site-packages/airflow/example_dags/example_dataset_alias.py
[2025-01-27T10:34:03.806+0000] {processor.py:914} INFO - Processing file /home/airflow/.local/lib/python3.12/site-packages/airflow/example_dags/example_dataset_alias.py for tasks to queue
[2025-01-27T10:34:03.814+0000] {logging_mixin.py:190} INFO - [2025-01-27T10:34:03.810+0000] {dagbag.py:588} INFO - Filling up the DagBag from /home/airflow/.local/lib/python3.12/site-packages/airflow/example_dags/example_dataset_alias.py
[2025-01-27T10:34:17.166+0000] {processor.py:925} INFO - DAG(s) 'dataset_s3_bucket_producer', 'dataset_alias_example_alias_consumer', 'dataset_alias_example_alias_producer', 'dataset_s3_bucket_consumer' retrieved from /home/airflow/.local/lib/python3.12/site-packages/airflow/example_dags/example_dataset_alias.py
[2025-01-27T10:34:17.758+0000] {logging_mixin.py:190} INFO - [2025-01-27T10:34:17.744+0000] {dag.py:3239} INFO - Sync 4 DAGs
[2025-01-27T10:34:18.008+0000] {logging_mixin.py:190} INFO - [2025-01-27T10:34:18.007+0000] {dag.py:4180} INFO - Setting next_dagrun for dataset_alias_example_alias_consumer to None, run_after=None
[2025-01-27T10:34:18.016+0000] {logging_mixin.py:190} INFO - [2025-01-27T10:34:18.016+0000] {dag.py:4180} INFO - Setting next_dagrun for dataset_alias_example_alias_producer to None, run_after=None
[2025-01-27T10:34:18.044+0000] {logging_mixin.py:190} INFO - [2025-01-27T10:34:18.044+0000] {dag.py:4180} INFO - Setting next_dagrun for dataset_s3_bucket_consumer to None, run_after=None
[2025-01-27T10:34:18.054+0000] {logging_mixin.py:190} INFO - [2025-01-27T10:34:18.052+0000] {dag.py:4180} INFO - Setting next_dagrun for dataset_s3_bucket_producer to None, run_after=None
[2025-01-27T10:34:18.261+0000] {processor.py:208} INFO - Processing /home/airflow/.local/lib/python3.12/site-packages/airflow/example_dags/example_dataset_alias.py took 14.483 seconds
[2025-01-27T10:45:01.088+0000] {processor.py:186} INFO - Started process (PID=184) to work on /home/airflow/.local/lib/python3.12/site-packages/airflow/example_dags/example_dataset_alias.py
[2025-01-27T10:45:01.104+0000] {processor.py:914} INFO - Processing file /home/airflow/.local/lib/python3.12/site-packages/airflow/example_dags/example_dataset_alias.py for tasks to queue
[2025-01-27T10:45:01.110+0000] {logging_mixin.py:190} INFO - [2025-01-27T10:45:01.109+0000] {dagbag.py:588} INFO - Filling up the DagBag from /home/airflow/.local/lib/python3.12/site-packages/airflow/example_dags/example_dataset_alias.py
[2025-01-27T10:45:10.201+0000] {processor.py:925} INFO - DAG(s) 'dataset_alias_example_alias_producer', 'dataset_s3_bucket_producer', 'dataset_s3_bucket_consumer', 'dataset_alias_example_alias_consumer' retrieved from /home/airflow/.local/lib/python3.12/site-packages/airflow/example_dags/example_dataset_alias.py
[2025-01-27T10:45:10.804+0000] {logging_mixin.py:190} INFO - [2025-01-27T10:45:10.803+0000] {dag.py:3239} INFO - Sync 4 DAGs
[2025-01-27T10:45:11.129+0000] {logging_mixin.py:190} INFO - [2025-01-27T10:45:11.128+0000] {dag.py:4180} INFO - Setting next_dagrun for dataset_alias_example_alias_consumer to None, run_after=None
[2025-01-27T10:45:11.140+0000] {logging_mixin.py:190} INFO - [2025-01-27T10:45:11.139+0000] {dag.py:4180} INFO - Setting next_dagrun for dataset_alias_example_alias_producer to None, run_after=None
[2025-01-27T10:45:11.170+0000] {logging_mixin.py:190} INFO - [2025-01-27T10:45:11.170+0000] {dag.py:4180} INFO - Setting next_dagrun for dataset_s3_bucket_consumer to None, run_after=None
[2025-01-27T10:45:11.176+0000] {logging_mixin.py:190} INFO - [2025-01-27T10:45:11.175+0000] {dag.py:4180} INFO - Setting next_dagrun for dataset_s3_bucket_producer to None, run_after=None
[2025-01-27T10:45:11.314+0000] {processor.py:208} INFO - Processing /home/airflow/.local/lib/python3.12/site-packages/airflow/example_dags/example_dataset_alias.py took 10.195 seconds
[2025-01-27T10:46:24.816+0000] {processor.py:186} INFO - Started process (PID=259) to work on /home/airflow/.local/lib/python3.12/site-packages/airflow/example_dags/example_dataset_alias.py
[2025-01-27T10:46:24.830+0000] {processor.py:914} INFO - Processing file /home/airflow/.local/lib/python3.12/site-packages/airflow/example_dags/example_dataset_alias.py for tasks to queue
[2025-01-27T10:46:24.848+0000] {logging_mixin.py:190} INFO - [2025-01-27T10:46:24.848+0000] {dagbag.py:588} INFO - Filling up the DagBag from /home/airflow/.local/lib/python3.12/site-packages/airflow/example_dags/example_dataset_alias.py
[2025-01-27T10:46:28.992+0000] {processor.py:925} INFO - DAG(s) 'dataset_alias_example_alias_consumer', 'dataset_s3_bucket_producer', 'dataset_s3_bucket_consumer', 'dataset_alias_example_alias_producer' retrieved from /home/airflow/.local/lib/python3.12/site-packages/airflow/example_dags/example_dataset_alias.py
[2025-01-27T10:46:29.073+0000] {logging_mixin.py:190} INFO - [2025-01-27T10:46:29.065+0000] {dag.py:3239} INFO - Sync 4 DAGs
[2025-01-27T10:46:29.174+0000] {logging_mixin.py:190} INFO - [2025-01-27T10:46:29.173+0000] {dag.py:4180} INFO - Setting next_dagrun for dataset_alias_example_alias_consumer to None, run_after=None
[2025-01-27T10:46:29.207+0000] {logging_mixin.py:190} INFO - [2025-01-27T10:46:29.195+0000] {dag.py:4180} INFO - Setting next_dagrun for dataset_alias_example_alias_producer to None, run_after=None
[2025-01-27T10:46:29.216+0000] {logging_mixin.py:190} INFO - [2025-01-27T10:46:29.215+0000] {dag.py:4180} INFO - Setting next_dagrun for dataset_s3_bucket_consumer to None, run_after=None
[2025-01-27T10:46:29.231+0000] {logging_mixin.py:190} INFO - [2025-01-27T10:46:29.230+0000] {dag.py:4180} INFO - Setting next_dagrun for dataset_s3_bucket_producer to None, run_after=None
[2025-01-27T10:46:29.402+0000] {processor.py:208} INFO - Processing /home/airflow/.local/lib/python3.12/site-packages/airflow/example_dags/example_dataset_alias.py took 4.632 seconds
[2025-01-27T10:47:01.863+0000] {processor.py:186} INFO - Started process (PID=333) to work on /home/airflow/.local/lib/python3.12/site-packages/airflow/example_dags/example_dataset_alias.py
[2025-01-27T10:47:01.875+0000] {processor.py:914} INFO - Processing file /home/airflow/.local/lib/python3.12/site-packages/airflow/example_dags/example_dataset_alias.py for tasks to queue
[2025-01-27T10:47:01.884+0000] {logging_mixin.py:190} INFO - [2025-01-27T10:47:01.884+0000] {dagbag.py:588} INFO - Filling up the DagBag from /home/airflow/.local/lib/python3.12/site-packages/airflow/example_dags/example_dataset_alias.py
[2025-01-27T10:47:30.080+0000] {processor.py:925} INFO - DAG(s) 'dataset_alias_example_alias_producer', 'dataset_s3_bucket_producer', 'dataset_alias_example_alias_consumer', 'dataset_s3_bucket_consumer' retrieved from /home/airflow/.local/lib/python3.12/site-packages/airflow/example_dags/example_dataset_alias.py
[2025-01-27T10:47:30.283+0000] {logging_mixin.py:190} INFO - [2025-01-27T10:47:30.282+0000] {dag.py:3239} INFO - Sync 4 DAGs
[2025-01-27T10:47:30.546+0000] {logging_mixin.py:190} INFO - [2025-01-27T10:47:30.543+0000] {dag.py:4180} INFO - Setting next_dagrun for dataset_alias_example_alias_consumer to None, run_after=None
[2025-01-27T10:47:30.602+0000] {logging_mixin.py:190} INFO - [2025-01-27T10:47:30.601+0000] {dag.py:4180} INFO - Setting next_dagrun for dataset_alias_example_alias_producer to None, run_after=None
[2025-01-27T10:47:30.638+0000] {logging_mixin.py:190} INFO - [2025-01-27T10:47:30.638+0000] {dag.py:4180} INFO - Setting next_dagrun for dataset_s3_bucket_consumer to None, run_after=None
[2025-01-27T10:47:30.662+0000] {logging_mixin.py:190} INFO - [2025-01-27T10:47:30.662+0000] {dag.py:4180} INFO - Setting next_dagrun for dataset_s3_bucket_producer to None, run_after=None
[2025-01-27T10:47:31.571+0000] {processor.py:208} INFO - Processing /home/airflow/.local/lib/python3.12/site-packages/airflow/example_dags/example_dataset_alias.py took 29.658 seconds
[2025-01-27T10:55:04.679+0000] {processor.py:186} INFO - Started process (PID=113) to work on /home/airflow/.local/lib/python3.12/site-packages/airflow/example_dags/example_dataset_alias.py
[2025-01-27T10:55:04.682+0000] {processor.py:914} INFO - Processing file /home/airflow/.local/lib/python3.12/site-packages/airflow/example_dags/example_dataset_alias.py for tasks to queue
[2025-01-27T10:55:04.688+0000] {logging_mixin.py:190} INFO - [2025-01-27T10:55:04.688+0000] {dagbag.py:588} INFO - Filling up the DagBag from /home/airflow/.local/lib/python3.12/site-packages/airflow/example_dags/example_dataset_alias.py
[2025-01-27T10:55:08.292+0000] {processor.py:925} INFO - DAG(s) 'dataset_s3_bucket_consumer', 'dataset_alias_example_alias_consumer', 'dataset_s3_bucket_producer', 'dataset_alias_example_alias_producer' retrieved from /home/airflow/.local/lib/python3.12/site-packages/airflow/example_dags/example_dataset_alias.py
[2025-01-27T10:55:08.656+0000] {logging_mixin.py:190} INFO - [2025-01-27T10:55:08.655+0000] {dag.py:3239} INFO - Sync 4 DAGs
[2025-01-27T10:55:08.844+0000] {logging_mixin.py:190} INFO - [2025-01-27T10:55:08.844+0000] {dag.py:4180} INFO - Setting next_dagrun for dataset_alias_example_alias_consumer to None, run_after=None
[2025-01-27T10:55:08.880+0000] {logging_mixin.py:190} INFO - [2025-01-27T10:55:08.874+0000] {dag.py:4180} INFO - Setting next_dagrun for dataset_alias_example_alias_producer to None, run_after=None
[2025-01-27T10:55:08.894+0000] {logging_mixin.py:190} INFO - [2025-01-27T10:55:08.894+0000] {dag.py:4180} INFO - Setting next_dagrun for dataset_s3_bucket_consumer to None, run_after=None
[2025-01-27T10:55:08.900+0000] {logging_mixin.py:190} INFO - [2025-01-27T10:55:08.899+0000] {dag.py:4180} INFO - Setting next_dagrun for dataset_s3_bucket_producer to None, run_after=None
[2025-01-27T10:55:09.045+0000] {processor.py:208} INFO - Processing /home/airflow/.local/lib/python3.12/site-packages/airflow/example_dags/example_dataset_alias.py took 4.381 seconds
[2025-01-27T10:56:32.446+0000] {processor.py:186} INFO - Started process (PID=185) to work on /home/airflow/.local/lib/python3.12/site-packages/airflow/example_dags/example_dataset_alias.py
[2025-01-27T10:56:32.449+0000] {processor.py:914} INFO - Processing file /home/airflow/.local/lib/python3.12/site-packages/airflow/example_dags/example_dataset_alias.py for tasks to queue
[2025-01-27T10:56:32.457+0000] {logging_mixin.py:190} INFO - [2025-01-27T10:56:32.454+0000] {dagbag.py:588} INFO - Filling up the DagBag from /home/airflow/.local/lib/python3.12/site-packages/airflow/example_dags/example_dataset_alias.py
[2025-01-27T10:56:35.453+0000] {processor.py:925} INFO - DAG(s) 'dataset_alias_example_alias_producer', 'dataset_alias_example_alias_consumer', 'dataset_s3_bucket_producer', 'dataset_s3_bucket_consumer' retrieved from /home/airflow/.local/lib/python3.12/site-packages/airflow/example_dags/example_dataset_alias.py
[2025-01-27T10:56:35.624+0000] {logging_mixin.py:190} INFO - [2025-01-27T10:56:35.619+0000] {dag.py:3239} INFO - Sync 4 DAGs
[2025-01-27T10:56:35.750+0000] {logging_mixin.py:190} INFO - [2025-01-27T10:56:35.750+0000] {dag.py:4180} INFO - Setting next_dagrun for dataset_alias_example_alias_consumer to None, run_after=None
[2025-01-27T10:56:35.770+0000] {logging_mixin.py:190} INFO - [2025-01-27T10:56:35.769+0000] {dag.py:4180} INFO - Setting next_dagrun for dataset_alias_example_alias_producer to None, run_after=None
[2025-01-27T10:56:35.774+0000] {logging_mixin.py:190} INFO - [2025-01-27T10:56:35.773+0000] {dag.py:4180} INFO - Setting next_dagrun for dataset_s3_bucket_consumer to None, run_after=None
[2025-01-27T10:56:35.777+0000] {logging_mixin.py:190} INFO - [2025-01-27T10:56:35.776+0000] {dag.py:4180} INFO - Setting next_dagrun for dataset_s3_bucket_producer to None, run_after=None
[2025-01-27T10:56:35.858+0000] {processor.py:208} INFO - Processing /home/airflow/.local/lib/python3.12/site-packages/airflow/example_dags/example_dataset_alias.py took 3.395 seconds
[2025-01-27T10:57:25.342+0000] {processor.py:186} INFO - Started process (PID=255) to work on /home/airflow/.local/lib/python3.12/site-packages/airflow/example_dags/example_dataset_alias.py
[2025-01-27T10:57:25.352+0000] {processor.py:914} INFO - Processing file /home/airflow/.local/lib/python3.12/site-packages/airflow/example_dags/example_dataset_alias.py for tasks to queue
[2025-01-27T10:57:25.397+0000] {logging_mixin.py:190} INFO - [2025-01-27T10:57:25.379+0000] {dagbag.py:588} INFO - Filling up the DagBag from /home/airflow/.local/lib/python3.12/site-packages/airflow/example_dags/example_dataset_alias.py
[2025-01-27T10:57:31.941+0000] {processor.py:925} INFO - DAG(s) 'dataset_s3_bucket_producer', 'dataset_alias_example_alias_producer', 'dataset_alias_example_alias_consumer', 'dataset_s3_bucket_consumer' retrieved from /home/airflow/.local/lib/python3.12/site-packages/airflow/example_dags/example_dataset_alias.py
[2025-01-27T10:57:32.035+0000] {logging_mixin.py:190} INFO - [2025-01-27T10:57:32.033+0000] {dag.py:3239} INFO - Sync 4 DAGs
[2025-01-27T10:57:32.117+0000] {logging_mixin.py:190} INFO - [2025-01-27T10:57:32.117+0000] {dag.py:4180} INFO - Setting next_dagrun for dataset_alias_example_alias_consumer to None, run_after=None
[2025-01-27T10:57:32.127+0000] {logging_mixin.py:190} INFO - [2025-01-27T10:57:32.127+0000] {dag.py:4180} INFO - Setting next_dagrun for dataset_alias_example_alias_producer to None, run_after=None
[2025-01-27T10:57:32.131+0000] {logging_mixin.py:190} INFO - [2025-01-27T10:57:32.131+0000] {dag.py:4180} INFO - Setting next_dagrun for dataset_s3_bucket_consumer to None, run_after=None
[2025-01-27T10:57:32.136+0000] {logging_mixin.py:190} INFO - [2025-01-27T10:57:32.135+0000] {dag.py:4180} INFO - Setting next_dagrun for dataset_s3_bucket_producer to None, run_after=None
[2025-01-27T10:57:32.224+0000] {processor.py:208} INFO - Processing /home/airflow/.local/lib/python3.12/site-packages/airflow/example_dags/example_dataset_alias.py took 6.923 seconds
[2025-01-27T10:58:02.492+0000] {processor.py:186} INFO - Started process (PID=326) to work on /home/airflow/.local/lib/python3.12/site-packages/airflow/example_dags/example_dataset_alias.py
[2025-01-27T10:58:02.493+0000] {processor.py:914} INFO - Processing file /home/airflow/.local/lib/python3.12/site-packages/airflow/example_dags/example_dataset_alias.py for tasks to queue
[2025-01-27T10:58:02.498+0000] {logging_mixin.py:190} INFO - [2025-01-27T10:58:02.497+0000] {dagbag.py:588} INFO - Filling up the DagBag from /home/airflow/.local/lib/python3.12/site-packages/airflow/example_dags/example_dataset_alias.py
[2025-01-27T10:58:04.013+0000] {processor.py:925} INFO - DAG(s) 'dataset_alias_example_alias_consumer', 'dataset_s3_bucket_consumer', 'dataset_alias_example_alias_producer', 'dataset_s3_bucket_producer' retrieved from /home/airflow/.local/lib/python3.12/site-packages/airflow/example_dags/example_dataset_alias.py
[2025-01-27T10:58:04.068+0000] {logging_mixin.py:190} INFO - [2025-01-27T10:58:04.067+0000] {dag.py:3239} INFO - Sync 4 DAGs
[2025-01-27T10:58:04.137+0000] {logging_mixin.py:190} INFO - [2025-01-27T10:58:04.137+0000] {dag.py:4180} INFO - Setting next_dagrun for dataset_alias_example_alias_consumer to None, run_after=None
[2025-01-27T10:58:04.144+0000] {logging_mixin.py:190} INFO - [2025-01-27T10:58:04.143+0000] {dag.py:4180} INFO - Setting next_dagrun for dataset_alias_example_alias_producer to None, run_after=None
[2025-01-27T10:58:04.154+0000] {logging_mixin.py:190} INFO - [2025-01-27T10:58:04.154+0000] {dag.py:4180} INFO - Setting next_dagrun for dataset_s3_bucket_consumer to None, run_after=None
[2025-01-27T10:58:04.158+0000] {logging_mixin.py:190} INFO - [2025-01-27T10:58:04.157+0000] {dag.py:4180} INFO - Setting next_dagrun for dataset_s3_bucket_producer to None, run_after=None
[2025-01-27T10:58:04.211+0000] {processor.py:208} INFO - Processing /home/airflow/.local/lib/python3.12/site-packages/airflow/example_dags/example_dataset_alias.py took 1.669 seconds
[2025-01-27T10:59:11.173+0000] {processor.py:186} INFO - Started process (PID=413) to work on /home/airflow/.local/lib/python3.12/site-packages/airflow/example_dags/example_dataset_alias.py
[2025-01-27T10:59:11.178+0000] {processor.py:914} INFO - Processing file /home/airflow/.local/lib/python3.12/site-packages/airflow/example_dags/example_dataset_alias.py for tasks to queue
[2025-01-27T10:59:11.183+0000] {logging_mixin.py:190} INFO - [2025-01-27T10:59:11.182+0000] {dagbag.py:588} INFO - Filling up the DagBag from /home/airflow/.local/lib/python3.12/site-packages/airflow/example_dags/example_dataset_alias.py
[2025-01-27T10:59:13.446+0000] {processor.py:925} INFO - DAG(s) 'dataset_s3_bucket_producer', 'dataset_alias_example_alias_consumer', 'dataset_s3_bucket_consumer', 'dataset_alias_example_alias_producer' retrieved from /home/airflow/.local/lib/python3.12/site-packages/airflow/example_dags/example_dataset_alias.py
[2025-01-27T10:59:13.514+0000] {logging_mixin.py:190} INFO - [2025-01-27T10:59:13.513+0000] {dag.py:3239} INFO - Sync 4 DAGs
[2025-01-27T10:59:13.575+0000] {logging_mixin.py:190} INFO - [2025-01-27T10:59:13.572+0000] {dag.py:4180} INFO - Setting next_dagrun for dataset_alias_example_alias_consumer to None, run_after=None
[2025-01-27T10:59:13.582+0000] {logging_mixin.py:190} INFO - [2025-01-27T10:59:13.581+0000] {dag.py:4180} INFO - Setting next_dagrun for dataset_alias_example_alias_producer to None, run_after=None
[2025-01-27T10:59:13.592+0000] {logging_mixin.py:190} INFO - [2025-01-27T10:59:13.591+0000] {dag.py:4180} INFO - Setting next_dagrun for dataset_s3_bucket_consumer to None, run_after=None
[2025-01-27T10:59:13.597+0000] {logging_mixin.py:190} INFO - [2025-01-27T10:59:13.596+0000] {dag.py:4180} INFO - Setting next_dagrun for dataset_s3_bucket_producer to None, run_after=None
[2025-01-27T10:59:13.648+0000] {processor.py:208} INFO - Processing /home/airflow/.local/lib/python3.12/site-packages/airflow/example_dags/example_dataset_alias.py took 2.488 seconds
[2025-01-27T10:59:46.836+0000] {processor.py:186} INFO - Started process (PID=488) to work on /home/airflow/.local/lib/python3.12/site-packages/airflow/example_dags/example_dataset_alias.py
[2025-01-27T10:59:46.837+0000] {processor.py:914} INFO - Processing file /home/airflow/.local/lib/python3.12/site-packages/airflow/example_dags/example_dataset_alias.py for tasks to queue
[2025-01-27T10:59:46.842+0000] {logging_mixin.py:190} INFO - [2025-01-27T10:59:46.841+0000] {dagbag.py:588} INFO - Filling up the DagBag from /home/airflow/.local/lib/python3.12/site-packages/airflow/example_dags/example_dataset_alias.py
[2025-01-27T10:59:48.210+0000] {processor.py:925} INFO - DAG(s) 'dataset_s3_bucket_consumer', 'dataset_s3_bucket_producer', 'dataset_alias_example_alias_consumer', 'dataset_alias_example_alias_producer' retrieved from /home/airflow/.local/lib/python3.12/site-packages/airflow/example_dags/example_dataset_alias.py
[2025-01-27T10:59:48.252+0000] {logging_mixin.py:190} INFO - [2025-01-27T10:59:48.251+0000] {dag.py:3239} INFO - Sync 4 DAGs
[2025-01-27T10:59:48.302+0000] {logging_mixin.py:190} INFO - [2025-01-27T10:59:48.301+0000] {dag.py:4180} INFO - Setting next_dagrun for dataset_alias_example_alias_consumer to None, run_after=None
[2025-01-27T10:59:48.307+0000] {logging_mixin.py:190} INFO - [2025-01-27T10:59:48.307+0000] {dag.py:4180} INFO - Setting next_dagrun for dataset_alias_example_alias_producer to None, run_after=None
[2025-01-27T10:59:48.311+0000] {logging_mixin.py:190} INFO - [2025-01-27T10:59:48.311+0000] {dag.py:4180} INFO - Setting next_dagrun for dataset_s3_bucket_consumer to None, run_after=None
[2025-01-27T10:59:48.314+0000] {logging_mixin.py:190} INFO - [2025-01-27T10:59:48.314+0000] {dag.py:4180} INFO - Setting next_dagrun for dataset_s3_bucket_producer to None, run_after=None
[2025-01-27T10:59:48.359+0000] {processor.py:208} INFO - Processing /home/airflow/.local/lib/python3.12/site-packages/airflow/example_dags/example_dataset_alias.py took 1.537 seconds
[2025-01-27T11:00:19.704+0000] {processor.py:186} INFO - Started process (PID=558) to work on /home/airflow/.local/lib/python3.12/site-packages/airflow/example_dags/example_dataset_alias.py
[2025-01-27T11:00:19.706+0000] {processor.py:914} INFO - Processing file /home/airflow/.local/lib/python3.12/site-packages/airflow/example_dags/example_dataset_alias.py for tasks to queue
[2025-01-27T11:00:19.711+0000] {logging_mixin.py:190} INFO - [2025-01-27T11:00:19.711+0000] {dagbag.py:588} INFO - Filling up the DagBag from /home/airflow/.local/lib/python3.12/site-packages/airflow/example_dags/example_dataset_alias.py
[2025-01-27T11:00:21.460+0000] {processor.py:925} INFO - DAG(s) 'dataset_alias_example_alias_producer', 'dataset_s3_bucket_consumer', 'dataset_s3_bucket_producer', 'dataset_alias_example_alias_consumer' retrieved from /home/airflow/.local/lib/python3.12/site-packages/airflow/example_dags/example_dataset_alias.py
[2025-01-27T11:00:21.516+0000] {logging_mixin.py:190} INFO - [2025-01-27T11:00:21.515+0000] {dag.py:3239} INFO - Sync 4 DAGs
[2025-01-27T11:00:21.564+0000] {logging_mixin.py:190} INFO - [2025-01-27T11:00:21.564+0000] {dag.py:4180} INFO - Setting next_dagrun for dataset_alias_example_alias_consumer to None, run_after=None
[2025-01-27T11:00:21.571+0000] {logging_mixin.py:190} INFO - [2025-01-27T11:00:21.570+0000] {dag.py:4180} INFO - Setting next_dagrun for dataset_alias_example_alias_producer to None, run_after=None
[2025-01-27T11:00:21.575+0000] {logging_mixin.py:190} INFO - [2025-01-27T11:00:21.574+0000] {dag.py:4180} INFO - Setting next_dagrun for dataset_s3_bucket_consumer to None, run_after=None
[2025-01-27T11:00:21.578+0000] {logging_mixin.py:190} INFO - [2025-01-27T11:00:21.577+0000] {dag.py:4180} INFO - Setting next_dagrun for dataset_s3_bucket_producer to None, run_after=None
[2025-01-27T11:00:21.616+0000] {processor.py:208} INFO - Processing /home/airflow/.local/lib/python3.12/site-packages/airflow/example_dags/example_dataset_alias.py took 1.932 seconds
[2025-01-27T11:00:53.748+0000] {processor.py:186} INFO - Started process (PID=617) to work on /home/airflow/.local/lib/python3.12/site-packages/airflow/example_dags/example_dataset_alias.py
[2025-01-27T11:00:53.750+0000] {processor.py:914} INFO - Processing file /home/airflow/.local/lib/python3.12/site-packages/airflow/example_dags/example_dataset_alias.py for tasks to queue
[2025-01-27T11:00:53.756+0000] {logging_mixin.py:190} INFO - [2025-01-27T11:00:53.755+0000] {dagbag.py:588} INFO - Filling up the DagBag from /home/airflow/.local/lib/python3.12/site-packages/airflow/example_dags/example_dataset_alias.py
[2025-01-27T11:00:55.293+0000] {processor.py:925} INFO - DAG(s) 'dataset_alias_example_alias_consumer', 'dataset_s3_bucket_producer', 'dataset_s3_bucket_consumer', 'dataset_alias_example_alias_producer' retrieved from /home/airflow/.local/lib/python3.12/site-packages/airflow/example_dags/example_dataset_alias.py
[2025-01-27T11:00:55.381+0000] {logging_mixin.py:190} INFO - [2025-01-27T11:00:55.379+0000] {dag.py:3239} INFO - Sync 4 DAGs
[2025-01-27T11:00:55.431+0000] {logging_mixin.py:190} INFO - [2025-01-27T11:00:55.431+0000] {dag.py:4180} INFO - Setting next_dagrun for dataset_alias_example_alias_consumer to None, run_after=None
[2025-01-27T11:00:55.439+0000] {logging_mixin.py:190} INFO - [2025-01-27T11:00:55.438+0000] {dag.py:4180} INFO - Setting next_dagrun for dataset_alias_example_alias_producer to None, run_after=None
[2025-01-27T11:00:55.443+0000] {logging_mixin.py:190} INFO - [2025-01-27T11:00:55.442+0000] {dag.py:4180} INFO - Setting next_dagrun for dataset_s3_bucket_consumer to None, run_after=None
[2025-01-27T11:00:55.446+0000] {logging_mixin.py:190} INFO - [2025-01-27T11:00:55.446+0000] {dag.py:4180} INFO - Setting next_dagrun for dataset_s3_bucket_producer to None, run_after=None
[2025-01-27T11:00:55.493+0000] {processor.py:208} INFO - Processing /home/airflow/.local/lib/python3.12/site-packages/airflow/example_dags/example_dataset_alias.py took 1.764 seconds
[2025-01-27T11:01:26.417+0000] {processor.py:186} INFO - Started process (PID=687) to work on /home/airflow/.local/lib/python3.12/site-packages/airflow/example_dags/example_dataset_alias.py
[2025-01-27T11:01:26.418+0000] {processor.py:914} INFO - Processing file /home/airflow/.local/lib/python3.12/site-packages/airflow/example_dags/example_dataset_alias.py for tasks to queue
[2025-01-27T11:01:26.423+0000] {logging_mixin.py:190} INFO - [2025-01-27T11:01:26.422+0000] {dagbag.py:588} INFO - Filling up the DagBag from /home/airflow/.local/lib/python3.12/site-packages/airflow/example_dags/example_dataset_alias.py
[2025-01-27T11:01:28.253+0000] {processor.py:925} INFO - DAG(s) 'dataset_alias_example_alias_consumer', 'dataset_s3_bucket_consumer', 'dataset_alias_example_alias_producer', 'dataset_s3_bucket_producer' retrieved from /home/airflow/.local/lib/python3.12/site-packages/airflow/example_dags/example_dataset_alias.py
[2025-01-27T11:01:28.527+0000] {logging_mixin.py:190} INFO - [2025-01-27T11:01:28.526+0000] {dag.py:3239} INFO - Sync 4 DAGs
[2025-01-27T11:01:28.654+0000] {logging_mixin.py:190} INFO - [2025-01-27T11:01:28.654+0000] {dag.py:4180} INFO - Setting next_dagrun for dataset_alias_example_alias_consumer to None, run_after=None
[2025-01-27T11:01:28.664+0000] {logging_mixin.py:190} INFO - [2025-01-27T11:01:28.663+0000] {dag.py:4180} INFO - Setting next_dagrun for dataset_alias_example_alias_producer to None, run_after=None
[2025-01-27T11:01:28.677+0000] {logging_mixin.py:190} INFO - [2025-01-27T11:01:28.677+0000] {dag.py:4180} INFO - Setting next_dagrun for dataset_s3_bucket_consumer to None, run_after=None
[2025-01-27T11:01:28.681+0000] {logging_mixin.py:190} INFO - [2025-01-27T11:01:28.681+0000] {dag.py:4180} INFO - Setting next_dagrun for dataset_s3_bucket_producer to None, run_after=None
[2025-01-27T11:01:28.767+0000] {processor.py:208} INFO - Processing /home/airflow/.local/lib/python3.12/site-packages/airflow/example_dags/example_dataset_alias.py took 2.362 seconds
[2025-01-27T11:02:00.181+0000] {processor.py:186} INFO - Started process (PID=755) to work on /home/airflow/.local/lib/python3.12/site-packages/airflow/example_dags/example_dataset_alias.py
[2025-01-27T11:02:00.208+0000] {processor.py:914} INFO - Processing file /home/airflow/.local/lib/python3.12/site-packages/airflow/example_dags/example_dataset_alias.py for tasks to queue
[2025-01-27T11:02:00.224+0000] {logging_mixin.py:190} INFO - [2025-01-27T11:02:00.217+0000] {dagbag.py:588} INFO - Filling up the DagBag from /home/airflow/.local/lib/python3.12/site-packages/airflow/example_dags/example_dataset_alias.py
[2025-01-27T11:02:04.442+0000] {processor.py:925} INFO - DAG(s) 'dataset_s3_bucket_consumer', 'dataset_s3_bucket_producer', 'dataset_alias_example_alias_producer', 'dataset_alias_example_alias_consumer' retrieved from /home/airflow/.local/lib/python3.12/site-packages/airflow/example_dags/example_dataset_alias.py
[2025-01-27T11:02:04.605+0000] {logging_mixin.py:190} INFO - [2025-01-27T11:02:04.595+0000] {dag.py:3239} INFO - Sync 4 DAGs
[2025-01-27T11:02:04.726+0000] {logging_mixin.py:190} INFO - [2025-01-27T11:02:04.725+0000] {dag.py:4180} INFO - Setting next_dagrun for dataset_alias_example_alias_consumer to None, run_after=None
[2025-01-27T11:02:04.738+0000] {logging_mixin.py:190} INFO - [2025-01-27T11:02:04.737+0000] {dag.py:4180} INFO - Setting next_dagrun for dataset_alias_example_alias_producer to None, run_after=None
[2025-01-27T11:02:04.742+0000] {logging_mixin.py:190} INFO - [2025-01-27T11:02:04.742+0000] {dag.py:4180} INFO - Setting next_dagrun for dataset_s3_bucket_consumer to None, run_after=None
[2025-01-27T11:02:04.751+0000] {logging_mixin.py:190} INFO - [2025-01-27T11:02:04.751+0000] {dag.py:4180} INFO - Setting next_dagrun for dataset_s3_bucket_producer to None, run_after=None
[2025-01-27T11:02:04.881+0000] {processor.py:208} INFO - Processing /home/airflow/.local/lib/python3.12/site-packages/airflow/example_dags/example_dataset_alias.py took 4.729 seconds
[2025-01-27T11:02:35.115+0000] {processor.py:186} INFO - Started process (PID=823) to work on /home/airflow/.local/lib/python3.12/site-packages/airflow/example_dags/example_dataset_alias.py
[2025-01-27T11:02:35.117+0000] {processor.py:914} INFO - Processing file /home/airflow/.local/lib/python3.12/site-packages/airflow/example_dags/example_dataset_alias.py for tasks to queue
[2025-01-27T11:02:35.122+0000] {logging_mixin.py:190} INFO - [2025-01-27T11:02:35.121+0000] {dagbag.py:588} INFO - Filling up the DagBag from /home/airflow/.local/lib/python3.12/site-packages/airflow/example_dags/example_dataset_alias.py
[2025-01-27T11:02:36.603+0000] {processor.py:925} INFO - DAG(s) 'dataset_s3_bucket_consumer', 'dataset_alias_example_alias_producer', 'dataset_alias_example_alias_consumer', 'dataset_s3_bucket_producer' retrieved from /home/airflow/.local/lib/python3.12/site-packages/airflow/example_dags/example_dataset_alias.py
[2025-01-27T11:02:36.657+0000] {logging_mixin.py:190} INFO - [2025-01-27T11:02:36.656+0000] {dag.py:3239} INFO - Sync 4 DAGs
[2025-01-27T11:02:36.717+0000] {logging_mixin.py:190} INFO - [2025-01-27T11:02:36.716+0000] {dag.py:4180} INFO - Setting next_dagrun for dataset_alias_example_alias_consumer to None, run_after=None
[2025-01-27T11:02:36.722+0000] {logging_mixin.py:190} INFO - [2025-01-27T11:02:36.722+0000] {dag.py:4180} INFO - Setting next_dagrun for dataset_alias_example_alias_producer to None, run_after=None
[2025-01-27T11:02:36.726+0000] {logging_mixin.py:190} INFO - [2025-01-27T11:02:36.726+0000] {dag.py:4180} INFO - Setting next_dagrun for dataset_s3_bucket_consumer to None, run_after=None
[2025-01-27T11:02:36.729+0000] {logging_mixin.py:190} INFO - [2025-01-27T11:02:36.729+0000] {dag.py:4180} INFO - Setting next_dagrun for dataset_s3_bucket_producer to None, run_after=None
[2025-01-27T11:02:36.774+0000] {processor.py:208} INFO - Processing /home/airflow/.local/lib/python3.12/site-packages/airflow/example_dags/example_dataset_alias.py took 1.585 seconds
[2025-01-27T11:03:07.749+0000] {processor.py:186} INFO - Started process (PID=894) to work on /home/airflow/.local/lib/python3.12/site-packages/airflow/example_dags/example_dataset_alias.py
[2025-01-27T11:03:07.752+0000] {processor.py:914} INFO - Processing file /home/airflow/.local/lib/python3.12/site-packages/airflow/example_dags/example_dataset_alias.py for tasks to queue
[2025-01-27T11:03:07.770+0000] {logging_mixin.py:190} INFO - [2025-01-27T11:03:07.769+0000] {dagbag.py:588} INFO - Filling up the DagBag from /home/airflow/.local/lib/python3.12/site-packages/airflow/example_dags/example_dataset_alias.py
[2025-01-27T11:03:08.753+0000] {processor.py:925} INFO - DAG(s) 'dataset_alias_example_alias_producer', 'dataset_alias_example_alias_consumer', 'dataset_s3_bucket_consumer', 'dataset_s3_bucket_producer' retrieved from /home/airflow/.local/lib/python3.12/site-packages/airflow/example_dags/example_dataset_alias.py
[2025-01-27T11:03:08.800+0000] {logging_mixin.py:190} INFO - [2025-01-27T11:03:08.799+0000] {dag.py:3239} INFO - Sync 4 DAGs
[2025-01-27T11:03:08.862+0000] {logging_mixin.py:190} INFO - [2025-01-27T11:03:08.861+0000] {dag.py:4180} INFO - Setting next_dagrun for dataset_alias_example_alias_consumer to None, run_after=None
[2025-01-27T11:03:08.880+0000] {logging_mixin.py:190} INFO - [2025-01-27T11:03:08.879+0000] {dag.py:4180} INFO - Setting next_dagrun for dataset_alias_example_alias_producer to None, run_after=None
[2025-01-27T11:03:08.890+0000] {logging_mixin.py:190} INFO - [2025-01-27T11:03:08.889+0000] {dag.py:4180} INFO - Setting next_dagrun for dataset_s3_bucket_consumer to None, run_after=None
[2025-01-27T11:03:08.900+0000] {logging_mixin.py:190} INFO - [2025-01-27T11:03:08.900+0000] {dag.py:4180} INFO - Setting next_dagrun for dataset_s3_bucket_producer to None, run_after=None
[2025-01-27T11:03:09.035+0000] {processor.py:208} INFO - Processing /home/airflow/.local/lib/python3.12/site-packages/airflow/example_dags/example_dataset_alias.py took 1.317 seconds
[2025-01-27T11:03:40.498+0000] {processor.py:186} INFO - Started process (PID=962) to work on /home/airflow/.local/lib/python3.12/site-packages/airflow/example_dags/example_dataset_alias.py
[2025-01-27T11:03:40.500+0000] {processor.py:914} INFO - Processing file /home/airflow/.local/lib/python3.12/site-packages/airflow/example_dags/example_dataset_alias.py for tasks to queue
[2025-01-27T11:03:40.504+0000] {logging_mixin.py:190} INFO - [2025-01-27T11:03:40.503+0000] {dagbag.py:588} INFO - Filling up the DagBag from /home/airflow/.local/lib/python3.12/site-packages/airflow/example_dags/example_dataset_alias.py
[2025-01-27T11:03:42.968+0000] {processor.py:925} INFO - DAG(s) 'dataset_alias_example_alias_producer', 'dataset_s3_bucket_producer', 'dataset_s3_bucket_consumer', 'dataset_alias_example_alias_consumer' retrieved from /home/airflow/.local/lib/python3.12/site-packages/airflow/example_dags/example_dataset_alias.py
[2025-01-27T11:03:43.073+0000] {logging_mixin.py:190} INFO - [2025-01-27T11:03:43.071+0000] {dag.py:3239} INFO - Sync 4 DAGs
[2025-01-27T11:03:43.308+0000] {logging_mixin.py:190} INFO - [2025-01-27T11:03:43.308+0000] {dag.py:4180} INFO - Setting next_dagrun for dataset_alias_example_alias_consumer to None, run_after=None
[2025-01-27T11:03:43.360+0000] {logging_mixin.py:190} INFO - [2025-01-27T11:03:43.360+0000] {dag.py:4180} INFO - Setting next_dagrun for dataset_alias_example_alias_producer to None, run_after=None
[2025-01-27T11:03:43.381+0000] {logging_mixin.py:190} INFO - [2025-01-27T11:03:43.381+0000] {dag.py:4180} INFO - Setting next_dagrun for dataset_s3_bucket_consumer to None, run_after=None
[2025-01-27T11:03:43.398+0000] {logging_mixin.py:190} INFO - [2025-01-27T11:03:43.398+0000] {dag.py:4180} INFO - Setting next_dagrun for dataset_s3_bucket_producer to None, run_after=None
[2025-01-27T11:03:43.480+0000] {processor.py:208} INFO - Processing /home/airflow/.local/lib/python3.12/site-packages/airflow/example_dags/example_dataset_alias.py took 2.992 seconds
[2025-01-27T11:04:15.209+0000] {processor.py:186} INFO - Started process (PID=1026) to work on /home/airflow/.local/lib/python3.12/site-packages/airflow/example_dags/example_dataset_alias.py
[2025-01-27T11:04:15.213+0000] {processor.py:914} INFO - Processing file /home/airflow/.local/lib/python3.12/site-packages/airflow/example_dags/example_dataset_alias.py for tasks to queue
[2025-01-27T11:04:15.235+0000] {logging_mixin.py:190} INFO - [2025-01-27T11:04:15.234+0000] {dagbag.py:588} INFO - Filling up the DagBag from /home/airflow/.local/lib/python3.12/site-packages/airflow/example_dags/example_dataset_alias.py
[2025-01-27T11:04:40.972+0000] {processor.py:925} INFO - DAG(s) 'dataset_s3_bucket_producer', 'dataset_alias_example_alias_producer', 'dataset_alias_example_alias_consumer', 'dataset_s3_bucket_consumer' retrieved from /home/airflow/.local/lib/python3.12/site-packages/airflow/example_dags/example_dataset_alias.py
[2025-01-27T11:04:41.022+0000] {logging_mixin.py:190} INFO - [2025-01-27T11:04:41.022+0000] {dag.py:3239} INFO - Sync 4 DAGs
[2025-01-27T11:04:41.064+0000] {logging_mixin.py:190} INFO - [2025-01-27T11:04:41.064+0000] {dag.py:4180} INFO - Setting next_dagrun for dataset_alias_example_alias_consumer to None, run_after=None
[2025-01-27T11:04:41.071+0000] {logging_mixin.py:190} INFO - [2025-01-27T11:04:41.071+0000] {dag.py:4180} INFO - Setting next_dagrun for dataset_alias_example_alias_producer to None, run_after=None
[2025-01-27T11:04:41.074+0000] {logging_mixin.py:190} INFO - [2025-01-27T11:04:41.074+0000] {dag.py:4180} INFO - Setting next_dagrun for dataset_s3_bucket_consumer to None, run_after=None
[2025-01-27T11:04:41.077+0000] {logging_mixin.py:190} INFO - [2025-01-27T11:04:41.077+0000] {dag.py:4180} INFO - Setting next_dagrun for dataset_s3_bucket_producer to None, run_after=None
[2025-01-27T11:04:41.113+0000] {processor.py:208} INFO - Processing /home/airflow/.local/lib/python3.12/site-packages/airflow/example_dags/example_dataset_alias.py took 25.921 seconds
[2025-01-27T11:14:55.575+0000] {processor.py:186} INFO - Started process (PID=1131) to work on /home/airflow/.local/lib/python3.12/site-packages/airflow/example_dags/example_dataset_alias.py
[2025-01-27T11:14:55.580+0000] {processor.py:914} INFO - Processing file /home/airflow/.local/lib/python3.12/site-packages/airflow/example_dags/example_dataset_alias.py for tasks to queue
[2025-01-27T11:14:55.583+0000] {logging_mixin.py:190} INFO - [2025-01-27T11:14:55.582+0000] {dagbag.py:588} INFO - Filling up the DagBag from /home/airflow/.local/lib/python3.12/site-packages/airflow/example_dags/example_dataset_alias.py
[2025-01-27T11:14:58.438+0000] {processor.py:925} INFO - DAG(s) 'dataset_alias_example_alias_producer', 'dataset_s3_bucket_producer', 'dataset_alias_example_alias_consumer', 'dataset_s3_bucket_consumer' retrieved from /home/airflow/.local/lib/python3.12/site-packages/airflow/example_dags/example_dataset_alias.py
[2025-01-27T11:14:58.514+0000] {logging_mixin.py:190} INFO - [2025-01-27T11:14:58.513+0000] {dag.py:3239} INFO - Sync 4 DAGs
[2025-01-27T11:14:58.578+0000] {logging_mixin.py:190} INFO - [2025-01-27T11:14:58.578+0000] {dag.py:4180} INFO - Setting next_dagrun for dataset_alias_example_alias_consumer to None, run_after=None
[2025-01-27T11:14:58.587+0000] {logging_mixin.py:190} INFO - [2025-01-27T11:14:58.587+0000] {dag.py:4180} INFO - Setting next_dagrun for dataset_alias_example_alias_producer to None, run_after=None
[2025-01-27T11:14:58.607+0000] {logging_mixin.py:190} INFO - [2025-01-27T11:14:58.607+0000] {dag.py:4180} INFO - Setting next_dagrun for dataset_s3_bucket_consumer to None, run_after=None
[2025-01-27T11:14:58.611+0000] {logging_mixin.py:190} INFO - [2025-01-27T11:14:58.610+0000] {dag.py:4180} INFO - Setting next_dagrun for dataset_s3_bucket_producer to None, run_after=None
[2025-01-27T11:14:58.667+0000] {processor.py:208} INFO - Processing /home/airflow/.local/lib/python3.12/site-packages/airflow/example_dags/example_dataset_alias.py took 3.108 seconds
[2025-01-27T11:15:28.841+0000] {processor.py:186} INFO - Started process (PID=1197) to work on /home/airflow/.local/lib/python3.12/site-packages/airflow/example_dags/example_dataset_alias.py
[2025-01-27T11:15:28.850+0000] {processor.py:914} INFO - Processing file /home/airflow/.local/lib/python3.12/site-packages/airflow/example_dags/example_dataset_alias.py for tasks to queue
[2025-01-27T11:15:28.853+0000] {logging_mixin.py:190} INFO - [2025-01-27T11:15:28.852+0000] {dagbag.py:588} INFO - Filling up the DagBag from /home/airflow/.local/lib/python3.12/site-packages/airflow/example_dags/example_dataset_alias.py
[2025-01-27T11:15:30.764+0000] {processor.py:925} INFO - DAG(s) 'dataset_alias_example_alias_consumer', 'dataset_alias_example_alias_producer', 'dataset_s3_bucket_producer', 'dataset_s3_bucket_consumer' retrieved from /home/airflow/.local/lib/python3.12/site-packages/airflow/example_dags/example_dataset_alias.py
[2025-01-27T11:15:30.806+0000] {logging_mixin.py:190} INFO - [2025-01-27T11:15:30.805+0000] {dag.py:3239} INFO - Sync 4 DAGs
[2025-01-27T11:15:30.849+0000] {logging_mixin.py:190} INFO - [2025-01-27T11:15:30.849+0000] {dag.py:4180} INFO - Setting next_dagrun for dataset_alias_example_alias_consumer to None, run_after=None
[2025-01-27T11:15:30.854+0000] {logging_mixin.py:190} INFO - [2025-01-27T11:15:30.853+0000] {dag.py:4180} INFO - Setting next_dagrun for dataset_alias_example_alias_producer to None, run_after=None
[2025-01-27T11:15:30.856+0000] {logging_mixin.py:190} INFO - [2025-01-27T11:15:30.856+0000] {dag.py:4180} INFO - Setting next_dagrun for dataset_s3_bucket_consumer to None, run_after=None
[2025-01-27T11:15:30.860+0000] {logging_mixin.py:190} INFO - [2025-01-27T11:15:30.859+0000] {dag.py:4180} INFO - Setting next_dagrun for dataset_s3_bucket_producer to None, run_after=None
[2025-01-27T11:15:30.903+0000] {processor.py:208} INFO - Processing /home/airflow/.local/lib/python3.12/site-packages/airflow/example_dags/example_dataset_alias.py took 2.083 seconds
[2025-01-27T11:16:05.603+0000] {processor.py:186} INFO - Started process (PID=1266) to work on /home/airflow/.local/lib/python3.12/site-packages/airflow/example_dags/example_dataset_alias.py
[2025-01-27T11:16:05.614+0000] {processor.py:914} INFO - Processing file /home/airflow/.local/lib/python3.12/site-packages/airflow/example_dags/example_dataset_alias.py for tasks to queue
[2025-01-27T11:16:05.625+0000] {logging_mixin.py:190} INFO - [2025-01-27T11:16:05.624+0000] {dagbag.py:588} INFO - Filling up the DagBag from /home/airflow/.local/lib/python3.12/site-packages/airflow/example_dags/example_dataset_alias.py
[2025-01-27T11:16:10.407+0000] {processor.py:925} INFO - DAG(s) 'dataset_s3_bucket_producer', 'dataset_alias_example_alias_consumer', 'dataset_s3_bucket_consumer', 'dataset_alias_example_alias_producer' retrieved from /home/airflow/.local/lib/python3.12/site-packages/airflow/example_dags/example_dataset_alias.py
[2025-01-27T11:16:10.583+0000] {logging_mixin.py:190} INFO - [2025-01-27T11:16:10.580+0000] {dag.py:3239} INFO - Sync 4 DAGs
[2025-01-27T11:16:10.721+0000] {logging_mixin.py:190} INFO - [2025-01-27T11:16:10.720+0000] {dag.py:4180} INFO - Setting next_dagrun for dataset_alias_example_alias_consumer to None, run_after=None
[2025-01-27T11:16:10.729+0000] {logging_mixin.py:190} INFO - [2025-01-27T11:16:10.728+0000] {dag.py:4180} INFO - Setting next_dagrun for dataset_alias_example_alias_producer to None, run_after=None
[2025-01-27T11:16:10.742+0000] {logging_mixin.py:190} INFO - [2025-01-27T11:16:10.739+0000] {dag.py:4180} INFO - Setting next_dagrun for dataset_s3_bucket_consumer to None, run_after=None
[2025-01-27T11:16:10.747+0000] {logging_mixin.py:190} INFO - [2025-01-27T11:16:10.747+0000] {dag.py:4180} INFO - Setting next_dagrun for dataset_s3_bucket_producer to None, run_after=None
[2025-01-27T11:16:10.925+0000] {processor.py:208} INFO - Processing /home/airflow/.local/lib/python3.12/site-packages/airflow/example_dags/example_dataset_alias.py took 5.438 seconds
[2025-01-27T11:18:23.936+0000] {processor.py:186} INFO - Started process (PID=1333) to work on /home/airflow/.local/lib/python3.12/site-packages/airflow/example_dags/example_dataset_alias.py
[2025-01-27T11:18:23.938+0000] {processor.py:914} INFO - Processing file /home/airflow/.local/lib/python3.12/site-packages/airflow/example_dags/example_dataset_alias.py for tasks to queue
[2025-01-27T11:18:23.941+0000] {logging_mixin.py:190} INFO - [2025-01-27T11:18:23.941+0000] {dagbag.py:588} INFO - Filling up the DagBag from /home/airflow/.local/lib/python3.12/site-packages/airflow/example_dags/example_dataset_alias.py
[2025-01-27T11:18:37.919+0000] {processor.py:925} INFO - DAG(s) 'dataset_alias_example_alias_consumer', 'dataset_s3_bucket_consumer', 'dataset_s3_bucket_producer', 'dataset_alias_example_alias_producer' retrieved from /home/airflow/.local/lib/python3.12/site-packages/airflow/example_dags/example_dataset_alias.py
[2025-01-27T11:18:38.096+0000] {logging_mixin.py:190} INFO - [2025-01-27T11:18:38.093+0000] {dag.py:3239} INFO - Sync 4 DAGs
[2025-01-27T11:18:38.247+0000] {logging_mixin.py:190} INFO - [2025-01-27T11:18:38.246+0000] {dag.py:4180} INFO - Setting next_dagrun for dataset_alias_example_alias_consumer to None, run_after=None
[2025-01-27T11:18:38.268+0000] {logging_mixin.py:190} INFO - [2025-01-27T11:18:38.266+0000] {dag.py:4180} INFO - Setting next_dagrun for dataset_alias_example_alias_producer to None, run_after=None
[2025-01-27T11:18:38.273+0000] {logging_mixin.py:190} INFO - [2025-01-27T11:18:38.273+0000] {dag.py:4180} INFO - Setting next_dagrun for dataset_s3_bucket_consumer to None, run_after=None
[2025-01-27T11:18:38.292+0000] {logging_mixin.py:190} INFO - [2025-01-27T11:18:38.291+0000] {dag.py:4180} INFO - Setting next_dagrun for dataset_s3_bucket_producer to None, run_after=None
[2025-01-27T11:18:38.607+0000] {processor.py:208} INFO - Processing /home/airflow/.local/lib/python3.12/site-packages/airflow/example_dags/example_dataset_alias.py took 14.620 seconds
[2025-01-27T11:19:21.506+0000] {processor.py:186} INFO - Started process (PID=1404) to work on /home/airflow/.local/lib/python3.12/site-packages/airflow/example_dags/example_dataset_alias.py
[2025-01-27T11:19:21.513+0000] {processor.py:914} INFO - Processing file /home/airflow/.local/lib/python3.12/site-packages/airflow/example_dags/example_dataset_alias.py for tasks to queue
[2025-01-27T11:19:21.548+0000] {logging_mixin.py:190} INFO - [2025-01-27T11:19:21.519+0000] {dagbag.py:588} INFO - Filling up the DagBag from /home/airflow/.local/lib/python3.12/site-packages/airflow/example_dags/example_dataset_alias.py
[2025-01-27T11:19:24.912+0000] {processor.py:925} INFO - DAG(s) 'dataset_alias_example_alias_consumer', 'dataset_s3_bucket_producer', 'dataset_s3_bucket_consumer', 'dataset_alias_example_alias_producer' retrieved from /home/airflow/.local/lib/python3.12/site-packages/airflow/example_dags/example_dataset_alias.py
[2025-01-27T11:19:24.984+0000] {logging_mixin.py:190} INFO - [2025-01-27T11:19:24.984+0000] {dag.py:3239} INFO - Sync 4 DAGs
[2025-01-27T11:19:25.035+0000] {logging_mixin.py:190} INFO - [2025-01-27T11:19:25.035+0000] {dag.py:4180} INFO - Setting next_dagrun for dataset_alias_example_alias_consumer to None, run_after=None
[2025-01-27T11:19:25.040+0000] {logging_mixin.py:190} INFO - [2025-01-27T11:19:25.039+0000] {dag.py:4180} INFO - Setting next_dagrun for dataset_alias_example_alias_producer to None, run_after=None
[2025-01-27T11:19:25.047+0000] {logging_mixin.py:190} INFO - [2025-01-27T11:19:25.047+0000] {dag.py:4180} INFO - Setting next_dagrun for dataset_s3_bucket_consumer to None, run_after=None
[2025-01-27T11:19:25.050+0000] {logging_mixin.py:190} INFO - [2025-01-27T11:19:25.049+0000] {dag.py:4180} INFO - Setting next_dagrun for dataset_s3_bucket_producer to None, run_after=None
[2025-01-27T11:19:25.102+0000] {processor.py:208} INFO - Processing /home/airflow/.local/lib/python3.12/site-packages/airflow/example_dags/example_dataset_alias.py took 3.626 seconds
[2025-01-27T11:19:55.333+0000] {processor.py:186} INFO - Started process (PID=1473) to work on /home/airflow/.local/lib/python3.12/site-packages/airflow/example_dags/example_dataset_alias.py
[2025-01-27T11:19:55.335+0000] {processor.py:914} INFO - Processing file /home/airflow/.local/lib/python3.12/site-packages/airflow/example_dags/example_dataset_alias.py for tasks to queue
[2025-01-27T11:19:55.339+0000] {logging_mixin.py:190} INFO - [2025-01-27T11:19:55.339+0000] {dagbag.py:588} INFO - Filling up the DagBag from /home/airflow/.local/lib/python3.12/site-packages/airflow/example_dags/example_dataset_alias.py
[2025-01-27T11:19:56.980+0000] {processor.py:925} INFO - DAG(s) 'dataset_alias_example_alias_consumer', 'dataset_alias_example_alias_producer', 'dataset_s3_bucket_producer', 'dataset_s3_bucket_consumer' retrieved from /home/airflow/.local/lib/python3.12/site-packages/airflow/example_dags/example_dataset_alias.py
[2025-01-27T11:19:57.025+0000] {logging_mixin.py:190} INFO - [2025-01-27T11:19:57.025+0000] {dag.py:3239} INFO - Sync 4 DAGs
[2025-01-27T11:19:57.077+0000] {logging_mixin.py:190} INFO - [2025-01-27T11:19:57.076+0000] {dag.py:4180} INFO - Setting next_dagrun for dataset_alias_example_alias_consumer to None, run_after=None
[2025-01-27T11:19:57.086+0000] {logging_mixin.py:190} INFO - [2025-01-27T11:19:57.085+0000] {dag.py:4180} INFO - Setting next_dagrun for dataset_alias_example_alias_producer to None, run_after=None
[2025-01-27T11:19:57.089+0000] {logging_mixin.py:190} INFO - [2025-01-27T11:19:57.088+0000] {dag.py:4180} INFO - Setting next_dagrun for dataset_s3_bucket_consumer to None, run_after=None
[2025-01-27T11:19:57.091+0000] {logging_mixin.py:190} INFO - [2025-01-27T11:19:57.091+0000] {dag.py:4180} INFO - Setting next_dagrun for dataset_s3_bucket_producer to None, run_after=None
[2025-01-27T11:19:57.139+0000] {processor.py:208} INFO - Processing /home/airflow/.local/lib/python3.12/site-packages/airflow/example_dags/example_dataset_alias.py took 1.823 seconds
[2025-01-27T11:37:11.284+0000] {processor.py:186} INFO - Started process (PID=173) to work on /home/airflow/.local/lib/python3.12/site-packages/airflow/example_dags/example_dataset_alias.py
[2025-01-27T11:37:11.313+0000] {processor.py:914} INFO - Processing file /home/airflow/.local/lib/python3.12/site-packages/airflow/example_dags/example_dataset_alias.py for tasks to queue
[2025-01-27T11:37:11.356+0000] {logging_mixin.py:190} INFO - [2025-01-27T11:37:11.355+0000] {dagbag.py:588} INFO - Filling up the DagBag from /home/airflow/.local/lib/python3.12/site-packages/airflow/example_dags/example_dataset_alias.py
[2025-01-27T11:37:53.294+0000] {logging_mixin.py:190} INFO - [2025-01-27T11:37:53.292+0000] {timeout.py:68} ERROR - Process timed out, PID: 173
[2025-01-27T11:37:53.295+0000] {logging_mixin.py:190} WARNING - Exception ignored in: <function WeakKeyDictionary.__init__.<locals>.remove at 0x7f259a131080>
[2025-01-27T11:37:53.297+0000] {logging_mixin.py:190} WARNING - Traceback (most recent call last):
[2025-01-27T11:37:53.298+0000] {logging_mixin.py:190} WARNING -   File "/usr/local/lib/python3.12/weakref.py", line 369, in remove
[2025-01-27T11:37:53.299+0000] {logging_mixin.py:190} WARNING -     def remove(k, selfref=ref(self)):
[2025-01-27T11:37:53.300+0000] {logging_mixin.py:190} WARNING -   File "/home/airflow/.local/lib/python3.12/site-packages/airflow/utils/timeout.py", line 69, in handle_timeout
[2025-01-27T11:37:53.302+0000] {logging_mixin.py:190} WARNING -     raise AirflowTaskTimeout(self.error_message)
[2025-01-27T11:37:53.303+0000] {logging_mixin.py:190} WARNING - airflow.exceptions.AirflowTaskTimeout: DagBag import timeout for /home/airflow/.local/lib/python3.12/site-packages/airflow/example_dags/example_dataset_alias.py after 30.0s.
Please take a look at these docs to improve your DAG import time:
* https://airflow.apache.org/docs/apache-airflow/2.10.4/best-practices.html#top-level-python-code
* https://airflow.apache.org/docs/apache-airflow/2.10.4/best-practices.html#reducing-dag-complexity, PID: 173
[2025-01-27T11:37:53.833+0000] {processor.py:925} INFO - DAG(s) 'dataset_alias_example_alias_producer', 'dataset_s3_bucket_producer', 'dataset_s3_bucket_consumer', 'dataset_alias_example_alias_consumer' retrieved from /home/airflow/.local/lib/python3.12/site-packages/airflow/example_dags/example_dataset_alias.py
[2025-01-27T11:37:54.004+0000] {logging_mixin.py:190} INFO - [2025-01-27T11:37:54.002+0000] {dag.py:3239} INFO - Sync 4 DAGs
[2025-01-27T11:37:54.274+0000] {logging_mixin.py:190} INFO - [2025-01-27T11:37:54.273+0000] {dag.py:4180} INFO - Setting next_dagrun for dataset_alias_example_alias_consumer to None, run_after=None
[2025-01-27T11:37:54.295+0000] {logging_mixin.py:190} INFO - [2025-01-27T11:37:54.294+0000] {dag.py:4180} INFO - Setting next_dagrun for dataset_alias_example_alias_producer to None, run_after=None
[2025-01-27T11:37:54.306+0000] {logging_mixin.py:190} INFO - [2025-01-27T11:37:54.306+0000] {dag.py:4180} INFO - Setting next_dagrun for dataset_s3_bucket_consumer to None, run_after=None
[2025-01-27T11:37:54.313+0000] {logging_mixin.py:190} INFO - [2025-01-27T11:37:54.313+0000] {dag.py:4180} INFO - Setting next_dagrun for dataset_s3_bucket_producer to None, run_after=None
[2025-01-27T11:37:54.424+0000] {processor.py:208} INFO - Processing /home/airflow/.local/lib/python3.12/site-packages/airflow/example_dags/example_dataset_alias.py took 43.251 seconds
[2025-01-27T11:38:24.870+0000] {processor.py:186} INFO - Started process (PID=262) to work on /home/airflow/.local/lib/python3.12/site-packages/airflow/example_dags/example_dataset_alias.py
[2025-01-27T11:38:24.874+0000] {processor.py:914} INFO - Processing file /home/airflow/.local/lib/python3.12/site-packages/airflow/example_dags/example_dataset_alias.py for tasks to queue
[2025-01-27T11:38:24.881+0000] {logging_mixin.py:190} INFO - [2025-01-27T11:38:24.880+0000] {dagbag.py:588} INFO - Filling up the DagBag from /home/airflow/.local/lib/python3.12/site-packages/airflow/example_dags/example_dataset_alias.py
[2025-01-27T11:38:26.888+0000] {processor.py:925} INFO - DAG(s) 'dataset_alias_example_alias_producer', 'dataset_s3_bucket_consumer', 'dataset_alias_example_alias_consumer', 'dataset_s3_bucket_producer' retrieved from /home/airflow/.local/lib/python3.12/site-packages/airflow/example_dags/example_dataset_alias.py
[2025-01-27T11:38:26.944+0000] {logging_mixin.py:190} INFO - [2025-01-27T11:38:26.942+0000] {dag.py:3239} INFO - Sync 4 DAGs
[2025-01-27T11:38:27.012+0000] {logging_mixin.py:190} INFO - [2025-01-27T11:38:27.011+0000] {dag.py:4180} INFO - Setting next_dagrun for dataset_alias_example_alias_consumer to None, run_after=None
[2025-01-27T11:38:27.019+0000] {logging_mixin.py:190} INFO - [2025-01-27T11:38:27.018+0000] {dag.py:4180} INFO - Setting next_dagrun for dataset_alias_example_alias_producer to None, run_after=None
[2025-01-27T11:38:27.023+0000] {logging_mixin.py:190} INFO - [2025-01-27T11:38:27.022+0000] {dag.py:4180} INFO - Setting next_dagrun for dataset_s3_bucket_consumer to None, run_after=None
[2025-01-27T11:38:27.028+0000] {logging_mixin.py:190} INFO - [2025-01-27T11:38:27.027+0000] {dag.py:4180} INFO - Setting next_dagrun for dataset_s3_bucket_producer to None, run_after=None
[2025-01-27T11:38:27.108+0000] {processor.py:208} INFO - Processing /home/airflow/.local/lib/python3.12/site-packages/airflow/example_dags/example_dataset_alias.py took 2.262 seconds
[2025-01-27T11:38:57.336+0000] {processor.py:186} INFO - Started process (PID=328) to work on /home/airflow/.local/lib/python3.12/site-packages/airflow/example_dags/example_dataset_alias.py
[2025-01-27T11:38:57.339+0000] {processor.py:914} INFO - Processing file /home/airflow/.local/lib/python3.12/site-packages/airflow/example_dags/example_dataset_alias.py for tasks to queue
[2025-01-27T11:38:57.343+0000] {logging_mixin.py:190} INFO - [2025-01-27T11:38:57.343+0000] {dagbag.py:588} INFO - Filling up the DagBag from /home/airflow/.local/lib/python3.12/site-packages/airflow/example_dags/example_dataset_alias.py
[2025-01-27T11:38:59.027+0000] {processor.py:925} INFO - DAG(s) 'dataset_alias_example_alias_consumer', 'dataset_alias_example_alias_producer', 'dataset_s3_bucket_consumer', 'dataset_s3_bucket_producer' retrieved from /home/airflow/.local/lib/python3.12/site-packages/airflow/example_dags/example_dataset_alias.py
[2025-01-27T11:38:59.078+0000] {logging_mixin.py:190} INFO - [2025-01-27T11:38:59.078+0000] {dag.py:3239} INFO - Sync 4 DAGs
[2025-01-27T11:38:59.132+0000] {logging_mixin.py:190} INFO - [2025-01-27T11:38:59.131+0000] {dag.py:4180} INFO - Setting next_dagrun for dataset_alias_example_alias_consumer to None, run_after=None
[2025-01-27T11:38:59.136+0000] {logging_mixin.py:190} INFO - [2025-01-27T11:38:59.136+0000] {dag.py:4180} INFO - Setting next_dagrun for dataset_alias_example_alias_producer to None, run_after=None
[2025-01-27T11:38:59.139+0000] {logging_mixin.py:190} INFO - [2025-01-27T11:38:59.139+0000] {dag.py:4180} INFO - Setting next_dagrun for dataset_s3_bucket_consumer to None, run_after=None
[2025-01-27T11:38:59.142+0000] {logging_mixin.py:190} INFO - [2025-01-27T11:38:59.141+0000] {dag.py:4180} INFO - Setting next_dagrun for dataset_s3_bucket_producer to None, run_after=None
[2025-01-27T11:38:59.180+0000] {processor.py:208} INFO - Processing /home/airflow/.local/lib/python3.12/site-packages/airflow/example_dags/example_dataset_alias.py took 1.867 seconds
[2025-01-27T11:39:29.779+0000] {processor.py:186} INFO - Started process (PID=407) to work on /home/airflow/.local/lib/python3.12/site-packages/airflow/example_dags/example_dataset_alias.py
[2025-01-27T11:39:29.780+0000] {processor.py:914} INFO - Processing file /home/airflow/.local/lib/python3.12/site-packages/airflow/example_dags/example_dataset_alias.py for tasks to queue
[2025-01-27T11:39:29.784+0000] {logging_mixin.py:190} INFO - [2025-01-27T11:39:29.784+0000] {dagbag.py:588} INFO - Filling up the DagBag from /home/airflow/.local/lib/python3.12/site-packages/airflow/example_dags/example_dataset_alias.py
[2025-01-27T11:39:30.911+0000] {processor.py:925} INFO - DAG(s) 'dataset_alias_example_alias_consumer', 'dataset_alias_example_alias_producer', 'dataset_s3_bucket_producer', 'dataset_s3_bucket_consumer' retrieved from /home/airflow/.local/lib/python3.12/site-packages/airflow/example_dags/example_dataset_alias.py
[2025-01-27T11:39:30.943+0000] {logging_mixin.py:190} INFO - [2025-01-27T11:39:30.942+0000] {dag.py:3239} INFO - Sync 4 DAGs
[2025-01-27T11:39:30.975+0000] {logging_mixin.py:190} INFO - [2025-01-27T11:39:30.975+0000] {dag.py:4180} INFO - Setting next_dagrun for dataset_alias_example_alias_consumer to None, run_after=None
[2025-01-27T11:39:30.980+0000] {logging_mixin.py:190} INFO - [2025-01-27T11:39:30.980+0000] {dag.py:4180} INFO - Setting next_dagrun for dataset_alias_example_alias_producer to None, run_after=None
[2025-01-27T11:39:30.984+0000] {logging_mixin.py:190} INFO - [2025-01-27T11:39:30.983+0000] {dag.py:4180} INFO - Setting next_dagrun for dataset_s3_bucket_consumer to None, run_after=None
[2025-01-27T11:39:30.988+0000] {logging_mixin.py:190} INFO - [2025-01-27T11:39:30.987+0000] {dag.py:4180} INFO - Setting next_dagrun for dataset_s3_bucket_producer to None, run_after=None
[2025-01-27T11:39:31.024+0000] {processor.py:208} INFO - Processing /home/airflow/.local/lib/python3.12/site-packages/airflow/example_dags/example_dataset_alias.py took 1.256 seconds
[2025-01-27T11:40:01.547+0000] {processor.py:186} INFO - Started process (PID=473) to work on /home/airflow/.local/lib/python3.12/site-packages/airflow/example_dags/example_dataset_alias.py
[2025-01-27T11:40:01.549+0000] {processor.py:914} INFO - Processing file /home/airflow/.local/lib/python3.12/site-packages/airflow/example_dags/example_dataset_alias.py for tasks to queue
[2025-01-27T11:40:01.554+0000] {logging_mixin.py:190} INFO - [2025-01-27T11:40:01.554+0000] {dagbag.py:588} INFO - Filling up the DagBag from /home/airflow/.local/lib/python3.12/site-packages/airflow/example_dags/example_dataset_alias.py
[2025-01-27T11:40:02.534+0000] {processor.py:925} INFO - DAG(s) 'dataset_alias_example_alias_producer', 'dataset_s3_bucket_producer', 'dataset_s3_bucket_consumer', 'dataset_alias_example_alias_consumer' retrieved from /home/airflow/.local/lib/python3.12/site-packages/airflow/example_dags/example_dataset_alias.py
[2025-01-27T11:40:02.566+0000] {logging_mixin.py:190} INFO - [2025-01-27T11:40:02.565+0000] {dag.py:3239} INFO - Sync 4 DAGs
[2025-01-27T11:40:02.598+0000] {logging_mixin.py:190} INFO - [2025-01-27T11:40:02.598+0000] {dag.py:4180} INFO - Setting next_dagrun for dataset_alias_example_alias_consumer to None, run_after=None
[2025-01-27T11:40:02.602+0000] {logging_mixin.py:190} INFO - [2025-01-27T11:40:02.602+0000] {dag.py:4180} INFO - Setting next_dagrun for dataset_alias_example_alias_producer to None, run_after=None
[2025-01-27T11:40:02.607+0000] {logging_mixin.py:190} INFO - [2025-01-27T11:40:02.607+0000] {dag.py:4180} INFO - Setting next_dagrun for dataset_s3_bucket_consumer to None, run_after=None
[2025-01-27T11:40:02.610+0000] {logging_mixin.py:190} INFO - [2025-01-27T11:40:02.610+0000] {dag.py:4180} INFO - Setting next_dagrun for dataset_s3_bucket_producer to None, run_after=None
[2025-01-27T11:40:02.649+0000] {processor.py:208} INFO - Processing /home/airflow/.local/lib/python3.12/site-packages/airflow/example_dags/example_dataset_alias.py took 1.111 seconds
[2025-01-27T11:40:33.337+0000] {processor.py:186} INFO - Started process (PID=538) to work on /home/airflow/.local/lib/python3.12/site-packages/airflow/example_dags/example_dataset_alias.py
[2025-01-27T11:40:33.339+0000] {processor.py:914} INFO - Processing file /home/airflow/.local/lib/python3.12/site-packages/airflow/example_dags/example_dataset_alias.py for tasks to queue
[2025-01-27T11:40:33.343+0000] {logging_mixin.py:190} INFO - [2025-01-27T11:40:33.343+0000] {dagbag.py:588} INFO - Filling up the DagBag from /home/airflow/.local/lib/python3.12/site-packages/airflow/example_dags/example_dataset_alias.py
[2025-01-27T11:40:35.070+0000] {processor.py:925} INFO - DAG(s) 'dataset_s3_bucket_consumer', 'dataset_s3_bucket_producer', 'dataset_alias_example_alias_consumer', 'dataset_alias_example_alias_producer' retrieved from /home/airflow/.local/lib/python3.12/site-packages/airflow/example_dags/example_dataset_alias.py
[2025-01-27T11:40:35.141+0000] {logging_mixin.py:190} INFO - [2025-01-27T11:40:35.140+0000] {dag.py:3239} INFO - Sync 4 DAGs
[2025-01-27T11:40:35.203+0000] {logging_mixin.py:190} INFO - [2025-01-27T11:40:35.203+0000] {dag.py:4180} INFO - Setting next_dagrun for dataset_alias_example_alias_consumer to None, run_after=None
[2025-01-27T11:40:35.208+0000] {logging_mixin.py:190} INFO - [2025-01-27T11:40:35.207+0000] {dag.py:4180} INFO - Setting next_dagrun for dataset_alias_example_alias_producer to None, run_after=None
[2025-01-27T11:40:35.211+0000] {logging_mixin.py:190} INFO - [2025-01-27T11:40:35.211+0000] {dag.py:4180} INFO - Setting next_dagrun for dataset_s3_bucket_consumer to None, run_after=None
[2025-01-27T11:40:35.214+0000] {logging_mixin.py:190} INFO - [2025-01-27T11:40:35.214+0000] {dag.py:4180} INFO - Setting next_dagrun for dataset_s3_bucket_producer to None, run_after=None
[2025-01-27T11:40:35.254+0000] {processor.py:208} INFO - Processing /home/airflow/.local/lib/python3.12/site-packages/airflow/example_dags/example_dataset_alias.py took 1.930 seconds
[2025-01-27T11:41:05.631+0000] {processor.py:186} INFO - Started process (PID=602) to work on /home/airflow/.local/lib/python3.12/site-packages/airflow/example_dags/example_dataset_alias.py
[2025-01-27T11:41:05.632+0000] {processor.py:914} INFO - Processing file /home/airflow/.local/lib/python3.12/site-packages/airflow/example_dags/example_dataset_alias.py for tasks to queue
[2025-01-27T11:41:05.638+0000] {logging_mixin.py:190} INFO - [2025-01-27T11:41:05.637+0000] {dagbag.py:588} INFO - Filling up the DagBag from /home/airflow/.local/lib/python3.12/site-packages/airflow/example_dags/example_dataset_alias.py
[2025-01-27T11:41:07.062+0000] {processor.py:925} INFO - DAG(s) 'dataset_alias_example_alias_consumer', 'dataset_alias_example_alias_producer', 'dataset_s3_bucket_producer', 'dataset_s3_bucket_consumer' retrieved from /home/airflow/.local/lib/python3.12/site-packages/airflow/example_dags/example_dataset_alias.py
[2025-01-27T11:41:07.125+0000] {logging_mixin.py:190} INFO - [2025-01-27T11:41:07.122+0000] {dag.py:3239} INFO - Sync 4 DAGs
[2025-01-27T11:41:07.186+0000] {logging_mixin.py:190} INFO - [2025-01-27T11:41:07.185+0000] {dag.py:4180} INFO - Setting next_dagrun for dataset_alias_example_alias_consumer to None, run_after=None
[2025-01-27T11:41:07.193+0000] {logging_mixin.py:190} INFO - [2025-01-27T11:41:07.192+0000] {dag.py:4180} INFO - Setting next_dagrun for dataset_alias_example_alias_producer to None, run_after=None
[2025-01-27T11:41:07.198+0000] {logging_mixin.py:190} INFO - [2025-01-27T11:41:07.197+0000] {dag.py:4180} INFO - Setting next_dagrun for dataset_s3_bucket_consumer to None, run_after=None
[2025-01-27T11:41:07.201+0000] {logging_mixin.py:190} INFO - [2025-01-27T11:41:07.201+0000] {dag.py:4180} INFO - Setting next_dagrun for dataset_s3_bucket_producer to None, run_after=None
[2025-01-27T11:41:07.245+0000] {processor.py:208} INFO - Processing /home/airflow/.local/lib/python3.12/site-packages/airflow/example_dags/example_dataset_alias.py took 1.626 seconds
[2025-01-27T11:41:38.082+0000] {processor.py:186} INFO - Started process (PID=666) to work on /home/airflow/.local/lib/python3.12/site-packages/airflow/example_dags/example_dataset_alias.py
[2025-01-27T11:41:38.084+0000] {processor.py:914} INFO - Processing file /home/airflow/.local/lib/python3.12/site-packages/airflow/example_dags/example_dataset_alias.py for tasks to queue
[2025-01-27T11:41:38.093+0000] {logging_mixin.py:190} INFO - [2025-01-27T11:41:38.093+0000] {dagbag.py:588} INFO - Filling up the DagBag from /home/airflow/.local/lib/python3.12/site-packages/airflow/example_dags/example_dataset_alias.py
[2025-01-27T11:41:39.231+0000] {processor.py:925} INFO - DAG(s) 'dataset_s3_bucket_producer', 'dataset_alias_example_alias_producer', 'dataset_s3_bucket_consumer', 'dataset_alias_example_alias_consumer' retrieved from /home/airflow/.local/lib/python3.12/site-packages/airflow/example_dags/example_dataset_alias.py
[2025-01-27T11:41:39.264+0000] {logging_mixin.py:190} INFO - [2025-01-27T11:41:39.263+0000] {dag.py:3239} INFO - Sync 4 DAGs
[2025-01-27T11:41:39.294+0000] {logging_mixin.py:190} INFO - [2025-01-27T11:41:39.294+0000] {dag.py:4180} INFO - Setting next_dagrun for dataset_alias_example_alias_consumer to None, run_after=None
[2025-01-27T11:41:39.299+0000] {logging_mixin.py:190} INFO - [2025-01-27T11:41:39.298+0000] {dag.py:4180} INFO - Setting next_dagrun for dataset_alias_example_alias_producer to None, run_after=None
[2025-01-27T11:41:39.302+0000] {logging_mixin.py:190} INFO - [2025-01-27T11:41:39.301+0000] {dag.py:4180} INFO - Setting next_dagrun for dataset_s3_bucket_consumer to None, run_after=None
[2025-01-27T11:41:39.304+0000] {logging_mixin.py:190} INFO - [2025-01-27T11:41:39.304+0000] {dag.py:4180} INFO - Setting next_dagrun for dataset_s3_bucket_producer to None, run_after=None
[2025-01-27T11:41:39.339+0000] {processor.py:208} INFO - Processing /home/airflow/.local/lib/python3.12/site-packages/airflow/example_dags/example_dataset_alias.py took 1.269 seconds
[2025-01-27T11:42:10.135+0000] {processor.py:186} INFO - Started process (PID=730) to work on /home/airflow/.local/lib/python3.12/site-packages/airflow/example_dags/example_dataset_alias.py
[2025-01-27T11:42:10.137+0000] {processor.py:914} INFO - Processing file /home/airflow/.local/lib/python3.12/site-packages/airflow/example_dags/example_dataset_alias.py for tasks to queue
[2025-01-27T11:42:10.140+0000] {logging_mixin.py:190} INFO - [2025-01-27T11:42:10.140+0000] {dagbag.py:588} INFO - Filling up the DagBag from /home/airflow/.local/lib/python3.12/site-packages/airflow/example_dags/example_dataset_alias.py
[2025-01-27T11:42:11.020+0000] {processor.py:925} INFO - DAG(s) 'dataset_alias_example_alias_consumer', 'dataset_s3_bucket_consumer', 'dataset_s3_bucket_producer', 'dataset_alias_example_alias_producer' retrieved from /home/airflow/.local/lib/python3.12/site-packages/airflow/example_dags/example_dataset_alias.py
[2025-01-27T11:42:11.055+0000] {logging_mixin.py:190} INFO - [2025-01-27T11:42:11.055+0000] {dag.py:3239} INFO - Sync 4 DAGs
[2025-01-27T11:42:11.088+0000] {logging_mixin.py:190} INFO - [2025-01-27T11:42:11.088+0000] {dag.py:4180} INFO - Setting next_dagrun for dataset_alias_example_alias_consumer to None, run_after=None
[2025-01-27T11:42:11.093+0000] {logging_mixin.py:190} INFO - [2025-01-27T11:42:11.093+0000] {dag.py:4180} INFO - Setting next_dagrun for dataset_alias_example_alias_producer to None, run_after=None
[2025-01-27T11:42:11.096+0000] {logging_mixin.py:190} INFO - [2025-01-27T11:42:11.096+0000] {dag.py:4180} INFO - Setting next_dagrun for dataset_s3_bucket_consumer to None, run_after=None
[2025-01-27T11:42:11.099+0000] {logging_mixin.py:190} INFO - [2025-01-27T11:42:11.099+0000] {dag.py:4180} INFO - Setting next_dagrun for dataset_s3_bucket_producer to None, run_after=None
[2025-01-27T11:42:11.139+0000] {processor.py:208} INFO - Processing /home/airflow/.local/lib/python3.12/site-packages/airflow/example_dags/example_dataset_alias.py took 1.015 seconds
[2025-01-27T11:42:41.253+0000] {processor.py:186} INFO - Started process (PID=795) to work on /home/airflow/.local/lib/python3.12/site-packages/airflow/example_dags/example_dataset_alias.py
[2025-01-27T11:42:41.255+0000] {processor.py:914} INFO - Processing file /home/airflow/.local/lib/python3.12/site-packages/airflow/example_dags/example_dataset_alias.py for tasks to queue
[2025-01-27T11:42:41.260+0000] {logging_mixin.py:190} INFO - [2025-01-27T11:42:41.259+0000] {dagbag.py:588} INFO - Filling up the DagBag from /home/airflow/.local/lib/python3.12/site-packages/airflow/example_dags/example_dataset_alias.py
[2025-01-27T11:42:42.250+0000] {processor.py:925} INFO - DAG(s) 'dataset_s3_bucket_consumer', 'dataset_alias_example_alias_consumer', 'dataset_s3_bucket_producer', 'dataset_alias_example_alias_producer' retrieved from /home/airflow/.local/lib/python3.12/site-packages/airflow/example_dags/example_dataset_alias.py
[2025-01-27T11:42:42.284+0000] {logging_mixin.py:190} INFO - [2025-01-27T11:42:42.283+0000] {dag.py:3239} INFO - Sync 4 DAGs
[2025-01-27T11:42:42.316+0000] {logging_mixin.py:190} INFO - [2025-01-27T11:42:42.316+0000] {dag.py:4180} INFO - Setting next_dagrun for dataset_alias_example_alias_consumer to None, run_after=None
[2025-01-27T11:42:42.321+0000] {logging_mixin.py:190} INFO - [2025-01-27T11:42:42.321+0000] {dag.py:4180} INFO - Setting next_dagrun for dataset_alias_example_alias_producer to None, run_after=None
[2025-01-27T11:42:42.324+0000] {logging_mixin.py:190} INFO - [2025-01-27T11:42:42.323+0000] {dag.py:4180} INFO - Setting next_dagrun for dataset_s3_bucket_consumer to None, run_after=None
[2025-01-27T11:42:42.326+0000] {logging_mixin.py:190} INFO - [2025-01-27T11:42:42.326+0000] {dag.py:4180} INFO - Setting next_dagrun for dataset_s3_bucket_producer to None, run_after=None
[2025-01-27T11:42:42.357+0000] {processor.py:208} INFO - Processing /home/airflow/.local/lib/python3.12/site-packages/airflow/example_dags/example_dataset_alias.py took 1.117 seconds
[2025-01-27T11:43:13.197+0000] {processor.py:186} INFO - Started process (PID=861) to work on /home/airflow/.local/lib/python3.12/site-packages/airflow/example_dags/example_dataset_alias.py
[2025-01-27T11:43:13.199+0000] {processor.py:914} INFO - Processing file /home/airflow/.local/lib/python3.12/site-packages/airflow/example_dags/example_dataset_alias.py for tasks to queue
[2025-01-27T11:43:13.204+0000] {logging_mixin.py:190} INFO - [2025-01-27T11:43:13.203+0000] {dagbag.py:588} INFO - Filling up the DagBag from /home/airflow/.local/lib/python3.12/site-packages/airflow/example_dags/example_dataset_alias.py
[2025-01-27T11:43:14.090+0000] {processor.py:925} INFO - DAG(s) 'dataset_s3_bucket_producer', 'dataset_s3_bucket_consumer', 'dataset_alias_example_alias_producer', 'dataset_alias_example_alias_consumer' retrieved from /home/airflow/.local/lib/python3.12/site-packages/airflow/example_dags/example_dataset_alias.py
[2025-01-27T11:43:14.123+0000] {logging_mixin.py:190} INFO - [2025-01-27T11:43:14.122+0000] {dag.py:3239} INFO - Sync 4 DAGs
[2025-01-27T11:43:14.153+0000] {logging_mixin.py:190} INFO - [2025-01-27T11:43:14.152+0000] {dag.py:4180} INFO - Setting next_dagrun for dataset_alias_example_alias_consumer to None, run_after=None
[2025-01-27T11:43:14.160+0000] {logging_mixin.py:190} INFO - [2025-01-27T11:43:14.160+0000] {dag.py:4180} INFO - Setting next_dagrun for dataset_alias_example_alias_producer to None, run_after=None
[2025-01-27T11:43:14.164+0000] {logging_mixin.py:190} INFO - [2025-01-27T11:43:14.164+0000] {dag.py:4180} INFO - Setting next_dagrun for dataset_s3_bucket_consumer to None, run_after=None
[2025-01-27T11:43:14.167+0000] {logging_mixin.py:190} INFO - [2025-01-27T11:43:14.167+0000] {dag.py:4180} INFO - Setting next_dagrun for dataset_s3_bucket_producer to None, run_after=None
[2025-01-27T11:43:14.242+0000] {processor.py:208} INFO - Processing /home/airflow/.local/lib/python3.12/site-packages/airflow/example_dags/example_dataset_alias.py took 1.060 seconds
[2025-01-27T11:43:51.655+0000] {processor.py:186} INFO - Started process (PID=925) to work on /home/airflow/.local/lib/python3.12/site-packages/airflow/example_dags/example_dataset_alias.py
[2025-01-27T11:43:51.661+0000] {processor.py:914} INFO - Processing file /home/airflow/.local/lib/python3.12/site-packages/airflow/example_dags/example_dataset_alias.py for tasks to queue
[2025-01-27T11:43:51.673+0000] {logging_mixin.py:190} INFO - [2025-01-27T11:43:51.666+0000] {dagbag.py:588} INFO - Filling up the DagBag from /home/airflow/.local/lib/python3.12/site-packages/airflow/example_dags/example_dataset_alias.py
[2025-01-27T11:43:53.222+0000] {processor.py:925} INFO - DAG(s) 'dataset_alias_example_alias_producer', 'dataset_s3_bucket_consumer', 'dataset_s3_bucket_producer', 'dataset_alias_example_alias_consumer' retrieved from /home/airflow/.local/lib/python3.12/site-packages/airflow/example_dags/example_dataset_alias.py
[2025-01-27T11:43:53.297+0000] {logging_mixin.py:190} INFO - [2025-01-27T11:43:53.296+0000] {dag.py:3239} INFO - Sync 4 DAGs
[2025-01-27T11:43:53.346+0000] {logging_mixin.py:190} INFO - [2025-01-27T11:43:53.346+0000] {dag.py:4180} INFO - Setting next_dagrun for dataset_alias_example_alias_consumer to None, run_after=None
[2025-01-27T11:43:53.355+0000] {logging_mixin.py:190} INFO - [2025-01-27T11:43:53.355+0000] {dag.py:4180} INFO - Setting next_dagrun for dataset_alias_example_alias_producer to None, run_after=None
[2025-01-27T11:43:53.362+0000] {logging_mixin.py:190} INFO - [2025-01-27T11:43:53.362+0000] {dag.py:4180} INFO - Setting next_dagrun for dataset_s3_bucket_consumer to None, run_after=None
[2025-01-27T11:43:53.366+0000] {logging_mixin.py:190} INFO - [2025-01-27T11:43:53.365+0000] {dag.py:4180} INFO - Setting next_dagrun for dataset_s3_bucket_producer to None, run_after=None
[2025-01-27T11:43:53.405+0000] {processor.py:208} INFO - Processing /home/airflow/.local/lib/python3.12/site-packages/airflow/example_dags/example_dataset_alias.py took 1.776 seconds
[2025-01-27T11:44:23.651+0000] {processor.py:186} INFO - Started process (PID=991) to work on /home/airflow/.local/lib/python3.12/site-packages/airflow/example_dags/example_dataset_alias.py
[2025-01-27T11:44:23.653+0000] {processor.py:914} INFO - Processing file /home/airflow/.local/lib/python3.12/site-packages/airflow/example_dags/example_dataset_alias.py for tasks to queue
[2025-01-27T11:44:23.663+0000] {logging_mixin.py:190} INFO - [2025-01-27T11:44:23.662+0000] {dagbag.py:588} INFO - Filling up the DagBag from /home/airflow/.local/lib/python3.12/site-packages/airflow/example_dags/example_dataset_alias.py
[2025-01-27T11:44:25.442+0000] {processor.py:925} INFO - DAG(s) 'dataset_alias_example_alias_producer', 'dataset_s3_bucket_consumer', 'dataset_alias_example_alias_consumer', 'dataset_s3_bucket_producer' retrieved from /home/airflow/.local/lib/python3.12/site-packages/airflow/example_dags/example_dataset_alias.py
[2025-01-27T11:44:25.588+0000] {logging_mixin.py:190} INFO - [2025-01-27T11:44:25.585+0000] {dag.py:3239} INFO - Sync 4 DAGs
[2025-01-27T11:44:25.663+0000] {logging_mixin.py:190} INFO - [2025-01-27T11:44:25.662+0000] {dag.py:4180} INFO - Setting next_dagrun for dataset_alias_example_alias_consumer to None, run_after=None
[2025-01-27T11:44:25.683+0000] {logging_mixin.py:190} INFO - [2025-01-27T11:44:25.683+0000] {dag.py:4180} INFO - Setting next_dagrun for dataset_alias_example_alias_producer to None, run_after=None
[2025-01-27T11:44:25.688+0000] {logging_mixin.py:190} INFO - [2025-01-27T11:44:25.687+0000] {dag.py:4180} INFO - Setting next_dagrun for dataset_s3_bucket_consumer to None, run_after=None
[2025-01-27T11:44:25.696+0000] {logging_mixin.py:190} INFO - [2025-01-27T11:44:25.696+0000] {dag.py:4180} INFO - Setting next_dagrun for dataset_s3_bucket_producer to None, run_after=None
[2025-01-27T11:44:25.788+0000] {processor.py:208} INFO - Processing /home/airflow/.local/lib/python3.12/site-packages/airflow/example_dags/example_dataset_alias.py took 2.155 seconds
[2025-01-27T11:44:56.098+0000] {processor.py:186} INFO - Started process (PID=1059) to work on /home/airflow/.local/lib/python3.12/site-packages/airflow/example_dags/example_dataset_alias.py
[2025-01-27T11:44:56.099+0000] {processor.py:914} INFO - Processing file /home/airflow/.local/lib/python3.12/site-packages/airflow/example_dags/example_dataset_alias.py for tasks to queue
[2025-01-27T11:44:56.105+0000] {logging_mixin.py:190} INFO - [2025-01-27T11:44:56.104+0000] {dagbag.py:588} INFO - Filling up the DagBag from /home/airflow/.local/lib/python3.12/site-packages/airflow/example_dags/example_dataset_alias.py
[2025-01-27T11:44:57.371+0000] {processor.py:925} INFO - DAG(s) 'dataset_alias_example_alias_producer', 'dataset_alias_example_alias_consumer', 'dataset_s3_bucket_producer', 'dataset_s3_bucket_consumer' retrieved from /home/airflow/.local/lib/python3.12/site-packages/airflow/example_dags/example_dataset_alias.py
[2025-01-27T11:44:57.416+0000] {logging_mixin.py:190} INFO - [2025-01-27T11:44:57.415+0000] {dag.py:3239} INFO - Sync 4 DAGs
[2025-01-27T11:44:57.457+0000] {logging_mixin.py:190} INFO - [2025-01-27T11:44:57.457+0000] {dag.py:4180} INFO - Setting next_dagrun for dataset_alias_example_alias_consumer to None, run_after=None
[2025-01-27T11:44:57.463+0000] {logging_mixin.py:190} INFO - [2025-01-27T11:44:57.463+0000] {dag.py:4180} INFO - Setting next_dagrun for dataset_alias_example_alias_producer to None, run_after=None
[2025-01-27T11:44:57.467+0000] {logging_mixin.py:190} INFO - [2025-01-27T11:44:57.467+0000] {dag.py:4180} INFO - Setting next_dagrun for dataset_s3_bucket_consumer to None, run_after=None
[2025-01-27T11:44:57.471+0000] {logging_mixin.py:190} INFO - [2025-01-27T11:44:57.470+0000] {dag.py:4180} INFO - Setting next_dagrun for dataset_s3_bucket_producer to None, run_after=None
[2025-01-27T11:44:57.517+0000] {processor.py:208} INFO - Processing /home/airflow/.local/lib/python3.12/site-packages/airflow/example_dags/example_dataset_alias.py took 1.432 seconds
[2025-01-27T11:45:27.952+0000] {processor.py:186} INFO - Started process (PID=1124) to work on /home/airflow/.local/lib/python3.12/site-packages/airflow/example_dags/example_dataset_alias.py
[2025-01-27T11:45:27.954+0000] {processor.py:914} INFO - Processing file /home/airflow/.local/lib/python3.12/site-packages/airflow/example_dags/example_dataset_alias.py for tasks to queue
[2025-01-27T11:45:27.959+0000] {logging_mixin.py:190} INFO - [2025-01-27T11:45:27.958+0000] {dagbag.py:588} INFO - Filling up the DagBag from /home/airflow/.local/lib/python3.12/site-packages/airflow/example_dags/example_dataset_alias.py
[2025-01-27T11:45:29.436+0000] {processor.py:925} INFO - DAG(s) 'dataset_s3_bucket_producer', 'dataset_alias_example_alias_producer', 'dataset_alias_example_alias_consumer', 'dataset_s3_bucket_consumer' retrieved from /home/airflow/.local/lib/python3.12/site-packages/airflow/example_dags/example_dataset_alias.py
[2025-01-27T11:45:29.477+0000] {logging_mixin.py:190} INFO - [2025-01-27T11:45:29.476+0000] {dag.py:3239} INFO - Sync 4 DAGs
[2025-01-27T11:45:29.530+0000] {logging_mixin.py:190} INFO - [2025-01-27T11:45:29.530+0000] {dag.py:4180} INFO - Setting next_dagrun for dataset_alias_example_alias_consumer to None, run_after=None
[2025-01-27T11:45:29.536+0000] {logging_mixin.py:190} INFO - [2025-01-27T11:45:29.536+0000] {dag.py:4180} INFO - Setting next_dagrun for dataset_alias_example_alias_producer to None, run_after=None
[2025-01-27T11:45:29.540+0000] {logging_mixin.py:190} INFO - [2025-01-27T11:45:29.540+0000] {dag.py:4180} INFO - Setting next_dagrun for dataset_s3_bucket_consumer to None, run_after=None
[2025-01-27T11:45:29.543+0000] {logging_mixin.py:190} INFO - [2025-01-27T11:45:29.543+0000] {dag.py:4180} INFO - Setting next_dagrun for dataset_s3_bucket_producer to None, run_after=None
[2025-01-27T11:45:29.580+0000] {processor.py:208} INFO - Processing /home/airflow/.local/lib/python3.12/site-packages/airflow/example_dags/example_dataset_alias.py took 1.645 seconds
[2025-01-27T11:45:59.883+0000] {processor.py:186} INFO - Started process (PID=1191) to work on /home/airflow/.local/lib/python3.12/site-packages/airflow/example_dags/example_dataset_alias.py
[2025-01-27T11:45:59.884+0000] {processor.py:914} INFO - Processing file /home/airflow/.local/lib/python3.12/site-packages/airflow/example_dags/example_dataset_alias.py for tasks to queue
[2025-01-27T11:45:59.888+0000] {logging_mixin.py:190} INFO - [2025-01-27T11:45:59.887+0000] {dagbag.py:588} INFO - Filling up the DagBag from /home/airflow/.local/lib/python3.12/site-packages/airflow/example_dags/example_dataset_alias.py
[2025-01-27T11:46:00.846+0000] {processor.py:925} INFO - DAG(s) 'dataset_alias_example_alias_consumer', 'dataset_s3_bucket_consumer', 'dataset_s3_bucket_producer', 'dataset_alias_example_alias_producer' retrieved from /home/airflow/.local/lib/python3.12/site-packages/airflow/example_dags/example_dataset_alias.py
[2025-01-27T11:46:00.883+0000] {logging_mixin.py:190} INFO - [2025-01-27T11:46:00.882+0000] {dag.py:3239} INFO - Sync 4 DAGs
[2025-01-27T11:46:00.918+0000] {logging_mixin.py:190} INFO - [2025-01-27T11:46:00.917+0000] {dag.py:4180} INFO - Setting next_dagrun for dataset_alias_example_alias_consumer to None, run_after=None
[2025-01-27T11:46:00.922+0000] {logging_mixin.py:190} INFO - [2025-01-27T11:46:00.921+0000] {dag.py:4180} INFO - Setting next_dagrun for dataset_alias_example_alias_producer to None, run_after=None
[2025-01-27T11:46:00.924+0000] {logging_mixin.py:190} INFO - [2025-01-27T11:46:00.924+0000] {dag.py:4180} INFO - Setting next_dagrun for dataset_s3_bucket_consumer to None, run_after=None
[2025-01-27T11:46:00.927+0000] {logging_mixin.py:190} INFO - [2025-01-27T11:46:00.927+0000] {dag.py:4180} INFO - Setting next_dagrun for dataset_s3_bucket_producer to None, run_after=None
[2025-01-27T11:46:00.962+0000] {processor.py:208} INFO - Processing /home/airflow/.local/lib/python3.12/site-packages/airflow/example_dags/example_dataset_alias.py took 1.088 seconds
[2025-01-27T11:46:31.724+0000] {processor.py:186} INFO - Started process (PID=1265) to work on /home/airflow/.local/lib/python3.12/site-packages/airflow/example_dags/example_dataset_alias.py
[2025-01-27T11:46:31.726+0000] {processor.py:914} INFO - Processing file /home/airflow/.local/lib/python3.12/site-packages/airflow/example_dags/example_dataset_alias.py for tasks to queue
[2025-01-27T11:46:31.730+0000] {logging_mixin.py:190} INFO - [2025-01-27T11:46:31.729+0000] {dagbag.py:588} INFO - Filling up the DagBag from /home/airflow/.local/lib/python3.12/site-packages/airflow/example_dags/example_dataset_alias.py
[2025-01-27T11:46:32.651+0000] {processor.py:925} INFO - DAG(s) 'dataset_alias_example_alias_producer', 'dataset_alias_example_alias_consumer', 'dataset_s3_bucket_producer', 'dataset_s3_bucket_consumer' retrieved from /home/airflow/.local/lib/python3.12/site-packages/airflow/example_dags/example_dataset_alias.py
[2025-01-27T11:46:32.684+0000] {logging_mixin.py:190} INFO - [2025-01-27T11:46:32.684+0000] {dag.py:3239} INFO - Sync 4 DAGs
[2025-01-27T11:46:32.717+0000] {logging_mixin.py:190} INFO - [2025-01-27T11:46:32.716+0000] {dag.py:4180} INFO - Setting next_dagrun for dataset_alias_example_alias_consumer to None, run_after=None
[2025-01-27T11:46:32.721+0000] {logging_mixin.py:190} INFO - [2025-01-27T11:46:32.721+0000] {dag.py:4180} INFO - Setting next_dagrun for dataset_alias_example_alias_producer to None, run_after=None
[2025-01-27T11:46:32.724+0000] {logging_mixin.py:190} INFO - [2025-01-27T11:46:32.723+0000] {dag.py:4180} INFO - Setting next_dagrun for dataset_s3_bucket_consumer to None, run_after=None
[2025-01-27T11:46:32.726+0000] {logging_mixin.py:190} INFO - [2025-01-27T11:46:32.726+0000] {dag.py:4180} INFO - Setting next_dagrun for dataset_s3_bucket_producer to None, run_after=None
[2025-01-27T11:46:32.758+0000] {processor.py:208} INFO - Processing /home/airflow/.local/lib/python3.12/site-packages/airflow/example_dags/example_dataset_alias.py took 1.047 seconds
[2025-01-27T11:47:03.304+0000] {processor.py:186} INFO - Started process (PID=1329) to work on /home/airflow/.local/lib/python3.12/site-packages/airflow/example_dags/example_dataset_alias.py
[2025-01-27T11:47:03.305+0000] {processor.py:914} INFO - Processing file /home/airflow/.local/lib/python3.12/site-packages/airflow/example_dags/example_dataset_alias.py for tasks to queue
[2025-01-27T11:47:03.310+0000] {logging_mixin.py:190} INFO - [2025-01-27T11:47:03.310+0000] {dagbag.py:588} INFO - Filling up the DagBag from /home/airflow/.local/lib/python3.12/site-packages/airflow/example_dags/example_dataset_alias.py
[2025-01-27T11:47:04.357+0000] {processor.py:925} INFO - DAG(s) 'dataset_alias_example_alias_producer', 'dataset_alias_example_alias_consumer', 'dataset_s3_bucket_consumer', 'dataset_s3_bucket_producer' retrieved from /home/airflow/.local/lib/python3.12/site-packages/airflow/example_dags/example_dataset_alias.py
[2025-01-27T11:47:04.402+0000] {logging_mixin.py:190} INFO - [2025-01-27T11:47:04.401+0000] {dag.py:3239} INFO - Sync 4 DAGs
[2025-01-27T11:47:04.450+0000] {logging_mixin.py:190} INFO - [2025-01-27T11:47:04.450+0000] {dag.py:4180} INFO - Setting next_dagrun for dataset_alias_example_alias_consumer to None, run_after=None
[2025-01-27T11:47:04.455+0000] {logging_mixin.py:190} INFO - [2025-01-27T11:47:04.454+0000] {dag.py:4180} INFO - Setting next_dagrun for dataset_alias_example_alias_producer to None, run_after=None
[2025-01-27T11:47:04.458+0000] {logging_mixin.py:190} INFO - [2025-01-27T11:47:04.458+0000] {dag.py:4180} INFO - Setting next_dagrun for dataset_s3_bucket_consumer to None, run_after=None
[2025-01-27T11:47:04.462+0000] {logging_mixin.py:190} INFO - [2025-01-27T11:47:04.461+0000] {dag.py:4180} INFO - Setting next_dagrun for dataset_s3_bucket_producer to None, run_after=None
[2025-01-27T11:47:04.514+0000] {processor.py:208} INFO - Processing /home/airflow/.local/lib/python3.12/site-packages/airflow/example_dags/example_dataset_alias.py took 1.221 seconds
[2025-01-27T11:47:35.045+0000] {processor.py:186} INFO - Started process (PID=1394) to work on /home/airflow/.local/lib/python3.12/site-packages/airflow/example_dags/example_dataset_alias.py
[2025-01-27T11:47:35.047+0000] {processor.py:914} INFO - Processing file /home/airflow/.local/lib/python3.12/site-packages/airflow/example_dags/example_dataset_alias.py for tasks to queue
[2025-01-27T11:47:35.050+0000] {logging_mixin.py:190} INFO - [2025-01-27T11:47:35.050+0000] {dagbag.py:588} INFO - Filling up the DagBag from /home/airflow/.local/lib/python3.12/site-packages/airflow/example_dags/example_dataset_alias.py
[2025-01-27T11:47:36.266+0000] {processor.py:925} INFO - DAG(s) 'dataset_alias_example_alias_producer', 'dataset_s3_bucket_producer', 'dataset_s3_bucket_consumer', 'dataset_alias_example_alias_consumer' retrieved from /home/airflow/.local/lib/python3.12/site-packages/airflow/example_dags/example_dataset_alias.py
[2025-01-27T11:47:36.312+0000] {logging_mixin.py:190} INFO - [2025-01-27T11:47:36.312+0000] {dag.py:3239} INFO - Sync 4 DAGs
[2025-01-27T11:47:36.351+0000] {logging_mixin.py:190} INFO - [2025-01-27T11:47:36.351+0000] {dag.py:4180} INFO - Setting next_dagrun for dataset_alias_example_alias_consumer to None, run_after=None
[2025-01-27T11:47:36.357+0000] {logging_mixin.py:190} INFO - [2025-01-27T11:47:36.357+0000] {dag.py:4180} INFO - Setting next_dagrun for dataset_alias_example_alias_producer to None, run_after=None
[2025-01-27T11:47:36.360+0000] {logging_mixin.py:190} INFO - [2025-01-27T11:47:36.360+0000] {dag.py:4180} INFO - Setting next_dagrun for dataset_s3_bucket_consumer to None, run_after=None
[2025-01-27T11:47:36.362+0000] {logging_mixin.py:190} INFO - [2025-01-27T11:47:36.362+0000] {dag.py:4180} INFO - Setting next_dagrun for dataset_s3_bucket_producer to None, run_after=None
[2025-01-27T11:47:36.401+0000] {processor.py:208} INFO - Processing /home/airflow/.local/lib/python3.12/site-packages/airflow/example_dags/example_dataset_alias.py took 1.366 seconds
[2025-01-27T11:48:06.652+0000] {processor.py:186} INFO - Started process (PID=1459) to work on /home/airflow/.local/lib/python3.12/site-packages/airflow/example_dags/example_dataset_alias.py
[2025-01-27T11:48:06.654+0000] {processor.py:914} INFO - Processing file /home/airflow/.local/lib/python3.12/site-packages/airflow/example_dags/example_dataset_alias.py for tasks to queue
[2025-01-27T11:48:06.658+0000] {logging_mixin.py:190} INFO - [2025-01-27T11:48:06.658+0000] {dagbag.py:588} INFO - Filling up the DagBag from /home/airflow/.local/lib/python3.12/site-packages/airflow/example_dags/example_dataset_alias.py
[2025-01-27T11:48:07.533+0000] {processor.py:925} INFO - DAG(s) 'dataset_alias_example_alias_consumer', 'dataset_alias_example_alias_producer', 'dataset_s3_bucket_consumer', 'dataset_s3_bucket_producer' retrieved from /home/airflow/.local/lib/python3.12/site-packages/airflow/example_dags/example_dataset_alias.py
[2025-01-27T11:48:07.566+0000] {logging_mixin.py:190} INFO - [2025-01-27T11:48:07.566+0000] {dag.py:3239} INFO - Sync 4 DAGs
[2025-01-27T11:48:07.604+0000] {logging_mixin.py:190} INFO - [2025-01-27T11:48:07.604+0000] {dag.py:4180} INFO - Setting next_dagrun for dataset_alias_example_alias_consumer to None, run_after=None
[2025-01-27T11:48:07.609+0000] {logging_mixin.py:190} INFO - [2025-01-27T11:48:07.609+0000] {dag.py:4180} INFO - Setting next_dagrun for dataset_alias_example_alias_producer to None, run_after=None
[2025-01-27T11:48:07.612+0000] {logging_mixin.py:190} INFO - [2025-01-27T11:48:07.612+0000] {dag.py:4180} INFO - Setting next_dagrun for dataset_s3_bucket_consumer to None, run_after=None
[2025-01-27T11:48:07.616+0000] {logging_mixin.py:190} INFO - [2025-01-27T11:48:07.615+0000] {dag.py:4180} INFO - Setting next_dagrun for dataset_s3_bucket_producer to None, run_after=None
[2025-01-27T11:48:07.652+0000] {processor.py:208} INFO - Processing /home/airflow/.local/lib/python3.12/site-packages/airflow/example_dags/example_dataset_alias.py took 1.012 seconds
[2025-01-27T11:48:37.928+0000] {processor.py:186} INFO - Started process (PID=1523) to work on /home/airflow/.local/lib/python3.12/site-packages/airflow/example_dags/example_dataset_alias.py
[2025-01-27T11:48:37.929+0000] {processor.py:914} INFO - Processing file /home/airflow/.local/lib/python3.12/site-packages/airflow/example_dags/example_dataset_alias.py for tasks to queue
[2025-01-27T11:48:37.934+0000] {logging_mixin.py:190} INFO - [2025-01-27T11:48:37.933+0000] {dagbag.py:588} INFO - Filling up the DagBag from /home/airflow/.local/lib/python3.12/site-packages/airflow/example_dags/example_dataset_alias.py
[2025-01-27T11:48:39.417+0000] {processor.py:925} INFO - DAG(s) 'dataset_alias_example_alias_consumer', 'dataset_s3_bucket_consumer', 'dataset_s3_bucket_producer', 'dataset_alias_example_alias_producer' retrieved from /home/airflow/.local/lib/python3.12/site-packages/airflow/example_dags/example_dataset_alias.py
[2025-01-27T11:48:39.450+0000] {logging_mixin.py:190} INFO - [2025-01-27T11:48:39.449+0000] {dag.py:3239} INFO - Sync 4 DAGs
[2025-01-27T11:48:39.493+0000] {logging_mixin.py:190} INFO - [2025-01-27T11:48:39.492+0000] {dag.py:4180} INFO - Setting next_dagrun for dataset_alias_example_alias_consumer to None, run_after=None
[2025-01-27T11:48:39.499+0000] {logging_mixin.py:190} INFO - [2025-01-27T11:48:39.498+0000] {dag.py:4180} INFO - Setting next_dagrun for dataset_alias_example_alias_producer to None, run_after=None
[2025-01-27T11:48:39.502+0000] {logging_mixin.py:190} INFO - [2025-01-27T11:48:39.502+0000] {dag.py:4180} INFO - Setting next_dagrun for dataset_s3_bucket_consumer to None, run_after=None
[2025-01-27T11:48:39.505+0000] {logging_mixin.py:190} INFO - [2025-01-27T11:48:39.504+0000] {dag.py:4180} INFO - Setting next_dagrun for dataset_s3_bucket_producer to None, run_after=None
[2025-01-27T11:48:39.548+0000] {processor.py:208} INFO - Processing /home/airflow/.local/lib/python3.12/site-packages/airflow/example_dags/example_dataset_alias.py took 1.541 seconds
[2025-01-27T11:49:09.939+0000] {processor.py:186} INFO - Started process (PID=1587) to work on /home/airflow/.local/lib/python3.12/site-packages/airflow/example_dags/example_dataset_alias.py
[2025-01-27T11:49:09.940+0000] {processor.py:914} INFO - Processing file /home/airflow/.local/lib/python3.12/site-packages/airflow/example_dags/example_dataset_alias.py for tasks to queue
[2025-01-27T11:49:09.944+0000] {logging_mixin.py:190} INFO - [2025-01-27T11:49:09.944+0000] {dagbag.py:588} INFO - Filling up the DagBag from /home/airflow/.local/lib/python3.12/site-packages/airflow/example_dags/example_dataset_alias.py
[2025-01-27T11:49:11.033+0000] {processor.py:925} INFO - DAG(s) 'dataset_s3_bucket_consumer', 'dataset_alias_example_alias_producer', 'dataset_alias_example_alias_consumer', 'dataset_s3_bucket_producer' retrieved from /home/airflow/.local/lib/python3.12/site-packages/airflow/example_dags/example_dataset_alias.py
[2025-01-27T11:49:11.074+0000] {logging_mixin.py:190} INFO - [2025-01-27T11:49:11.073+0000] {dag.py:3239} INFO - Sync 4 DAGs
[2025-01-27T11:49:11.156+0000] {logging_mixin.py:190} INFO - [2025-01-27T11:49:11.155+0000] {dag.py:4180} INFO - Setting next_dagrun for dataset_alias_example_alias_consumer to None, run_after=None
[2025-01-27T11:49:11.163+0000] {logging_mixin.py:190} INFO - [2025-01-27T11:49:11.162+0000] {dag.py:4180} INFO - Setting next_dagrun for dataset_alias_example_alias_producer to None, run_after=None
[2025-01-27T11:49:11.177+0000] {logging_mixin.py:190} INFO - [2025-01-27T11:49:11.177+0000] {dag.py:4180} INFO - Setting next_dagrun for dataset_s3_bucket_consumer to None, run_after=None
[2025-01-27T11:49:11.186+0000] {logging_mixin.py:190} INFO - [2025-01-27T11:49:11.186+0000] {dag.py:4180} INFO - Setting next_dagrun for dataset_s3_bucket_producer to None, run_after=None
[2025-01-27T11:49:11.228+0000] {processor.py:208} INFO - Processing /home/airflow/.local/lib/python3.12/site-packages/airflow/example_dags/example_dataset_alias.py took 1.299 seconds
[2025-01-27T11:49:41.587+0000] {processor.py:186} INFO - Started process (PID=1652) to work on /home/airflow/.local/lib/python3.12/site-packages/airflow/example_dags/example_dataset_alias.py
[2025-01-27T11:49:41.589+0000] {processor.py:914} INFO - Processing file /home/airflow/.local/lib/python3.12/site-packages/airflow/example_dags/example_dataset_alias.py for tasks to queue
[2025-01-27T11:49:41.594+0000] {logging_mixin.py:190} INFO - [2025-01-27T11:49:41.593+0000] {dagbag.py:588} INFO - Filling up the DagBag from /home/airflow/.local/lib/python3.12/site-packages/airflow/example_dags/example_dataset_alias.py
[2025-01-27T11:49:42.507+0000] {processor.py:925} INFO - DAG(s) 'dataset_s3_bucket_consumer', 'dataset_alias_example_alias_consumer', 'dataset_s3_bucket_producer', 'dataset_alias_example_alias_producer' retrieved from /home/airflow/.local/lib/python3.12/site-packages/airflow/example_dags/example_dataset_alias.py
[2025-01-27T11:49:42.547+0000] {logging_mixin.py:190} INFO - [2025-01-27T11:49:42.546+0000] {dag.py:3239} INFO - Sync 4 DAGs
[2025-01-27T11:49:42.602+0000] {logging_mixin.py:190} INFO - [2025-01-27T11:49:42.602+0000] {dag.py:4180} INFO - Setting next_dagrun for dataset_alias_example_alias_consumer to None, run_after=None
[2025-01-27T11:49:42.612+0000] {logging_mixin.py:190} INFO - [2025-01-27T11:49:42.611+0000] {dag.py:4180} INFO - Setting next_dagrun for dataset_alias_example_alias_producer to None, run_after=None
[2025-01-27T11:49:42.619+0000] {logging_mixin.py:190} INFO - [2025-01-27T11:49:42.618+0000] {dag.py:4180} INFO - Setting next_dagrun for dataset_s3_bucket_consumer to None, run_after=None
[2025-01-27T11:49:42.622+0000] {logging_mixin.py:190} INFO - [2025-01-27T11:49:42.621+0000] {dag.py:4180} INFO - Setting next_dagrun for dataset_s3_bucket_producer to None, run_after=None
[2025-01-27T11:49:42.670+0000] {processor.py:208} INFO - Processing /home/airflow/.local/lib/python3.12/site-packages/airflow/example_dags/example_dataset_alias.py took 1.093 seconds
[2025-01-27T11:50:13.204+0000] {processor.py:186} INFO - Started process (PID=1718) to work on /home/airflow/.local/lib/python3.12/site-packages/airflow/example_dags/example_dataset_alias.py
[2025-01-27T11:50:13.206+0000] {processor.py:914} INFO - Processing file /home/airflow/.local/lib/python3.12/site-packages/airflow/example_dags/example_dataset_alias.py for tasks to queue
[2025-01-27T11:50:13.210+0000] {logging_mixin.py:190} INFO - [2025-01-27T11:50:13.210+0000] {dagbag.py:588} INFO - Filling up the DagBag from /home/airflow/.local/lib/python3.12/site-packages/airflow/example_dags/example_dataset_alias.py
[2025-01-27T11:50:14.611+0000] {processor.py:925} INFO - DAG(s) 'dataset_s3_bucket_producer', 'dataset_alias_example_alias_consumer', 'dataset_s3_bucket_consumer', 'dataset_alias_example_alias_producer' retrieved from /home/airflow/.local/lib/python3.12/site-packages/airflow/example_dags/example_dataset_alias.py
[2025-01-27T11:50:14.651+0000] {logging_mixin.py:190} INFO - [2025-01-27T11:50:14.650+0000] {dag.py:3239} INFO - Sync 4 DAGs
[2025-01-27T11:50:14.685+0000] {logging_mixin.py:190} INFO - [2025-01-27T11:50:14.685+0000] {dag.py:4180} INFO - Setting next_dagrun for dataset_alias_example_alias_consumer to None, run_after=None
[2025-01-27T11:50:14.689+0000] {logging_mixin.py:190} INFO - [2025-01-27T11:50:14.689+0000] {dag.py:4180} INFO - Setting next_dagrun for dataset_alias_example_alias_producer to None, run_after=None
[2025-01-27T11:50:14.694+0000] {logging_mixin.py:190} INFO - [2025-01-27T11:50:14.693+0000] {dag.py:4180} INFO - Setting next_dagrun for dataset_s3_bucket_consumer to None, run_after=None
[2025-01-27T11:50:14.697+0000] {logging_mixin.py:190} INFO - [2025-01-27T11:50:14.697+0000] {dag.py:4180} INFO - Setting next_dagrun for dataset_s3_bucket_producer to None, run_after=None
[2025-01-27T11:50:14.730+0000] {processor.py:208} INFO - Processing /home/airflow/.local/lib/python3.12/site-packages/airflow/example_dags/example_dataset_alias.py took 1.538 seconds
