[2025-01-27T10:34:24.110+0000] {processor.py:186} INFO - Started process (PID=222) to work on /home/airflow/.local/lib/python3.12/site-packages/airflow/example_dags/example_branch_python_dop_operator_3.py
[2025-01-27T10:34:24.114+0000] {processor.py:914} INFO - Processing file /home/airflow/.local/lib/python3.12/site-packages/airflow/example_dags/example_branch_python_dop_operator_3.py for tasks to queue
[2025-01-27T10:34:24.122+0000] {logging_mixin.py:190} INFO - [2025-01-27T10:34:24.121+0000] {dagbag.py:588} INFO - Filling up the DagBag from /home/airflow/.local/lib/python3.12/site-packages/airflow/example_dags/example_branch_python_dop_operator_3.py
[2025-01-27T10:34:24.165+0000] {processor.py:925} INFO - DAG(s) 'example_branch_dop_operator_v3' retrieved from /home/airflow/.local/lib/python3.12/site-packages/airflow/example_dags/example_branch_python_dop_operator_3.py
[2025-01-27T10:34:24.289+0000] {logging_mixin.py:190} INFO - [2025-01-27T10:34:24.288+0000] {dag.py:3239} INFO - Sync 1 DAGs
[2025-01-27T10:34:24.601+0000] {logging_mixin.py:190} INFO - [2025-01-27T10:34:24.601+0000] {dag.py:4180} INFO - Setting next_dagrun for example_branch_dop_operator_v3 to 2025-01-27 10:33:00+00:00, run_after=2025-01-27 10:34:00+00:00
[2025-01-27T10:34:24.787+0000] {processor.py:208} INFO - Processing /home/airflow/.local/lib/python3.12/site-packages/airflow/example_dags/example_branch_python_dop_operator_3.py took 0.701 seconds
[2025-01-27T10:45:28.997+0000] {processor.py:186} INFO - Started process (PID=206) to work on /home/airflow/.local/lib/python3.12/site-packages/airflow/example_dags/example_branch_python_dop_operator_3.py
[2025-01-27T10:45:29.018+0000] {processor.py:914} INFO - Processing file /home/airflow/.local/lib/python3.12/site-packages/airflow/example_dags/example_branch_python_dop_operator_3.py for tasks to queue
[2025-01-27T10:45:29.124+0000] {logging_mixin.py:190} INFO - [2025-01-27T10:45:29.121+0000] {dagbag.py:588} INFO - Filling up the DagBag from /home/airflow/.local/lib/python3.12/site-packages/airflow/example_dags/example_branch_python_dop_operator_3.py
[2025-01-27T10:45:30.245+0000] {processor.py:925} INFO - DAG(s) 'example_branch_dop_operator_v3' retrieved from /home/airflow/.local/lib/python3.12/site-packages/airflow/example_dags/example_branch_python_dop_operator_3.py
[2025-01-27T10:45:31.046+0000] {logging_mixin.py:190} INFO - [2025-01-27T10:45:31.045+0000] {dag.py:3239} INFO - Sync 1 DAGs
[2025-01-27T10:45:31.852+0000] {logging_mixin.py:190} INFO - [2025-01-27T10:45:31.851+0000] {dag.py:4180} INFO - Setting next_dagrun for example_branch_dop_operator_v3 to 2025-01-27 10:44:00+00:00, run_after=2025-01-27 10:45:00+00:00
[2025-01-27T10:45:32.041+0000] {processor.py:208} INFO - Processing /home/airflow/.local/lib/python3.12/site-packages/airflow/example_dags/example_branch_python_dop_operator_3.py took 3.120 seconds
[2025-01-27T10:46:34.861+0000] {processor.py:186} INFO - Started process (PID=279) to work on /home/airflow/.local/lib/python3.12/site-packages/airflow/example_dags/example_branch_python_dop_operator_3.py
[2025-01-27T10:46:34.865+0000] {processor.py:914} INFO - Processing file /home/airflow/.local/lib/python3.12/site-packages/airflow/example_dags/example_branch_python_dop_operator_3.py for tasks to queue
[2025-01-27T10:46:34.890+0000] {logging_mixin.py:190} INFO - [2025-01-27T10:46:34.889+0000] {dagbag.py:588} INFO - Filling up the DagBag from /home/airflow/.local/lib/python3.12/site-packages/airflow/example_dags/example_branch_python_dop_operator_3.py
[2025-01-27T10:46:34.942+0000] {processor.py:925} INFO - DAG(s) 'example_branch_dop_operator_v3' retrieved from /home/airflow/.local/lib/python3.12/site-packages/airflow/example_dags/example_branch_python_dop_operator_3.py
[2025-01-27T10:46:35.031+0000] {logging_mixin.py:190} INFO - [2025-01-27T10:46:35.030+0000] {dag.py:3239} INFO - Sync 1 DAGs
[2025-01-27T10:46:35.407+0000] {logging_mixin.py:190} INFO - [2025-01-27T10:46:35.407+0000] {dag.py:4180} INFO - Setting next_dagrun for example_branch_dop_operator_v3 to 2025-01-27 10:45:00+00:00, run_after=2025-01-27 10:46:00+00:00
[2025-01-27T10:46:35.563+0000] {processor.py:208} INFO - Processing /home/airflow/.local/lib/python3.12/site-packages/airflow/example_dags/example_branch_python_dop_operator_3.py took 0.714 seconds
[2025-01-27T10:47:57.214+0000] {processor.py:186} INFO - Started process (PID=368) to work on /home/airflow/.local/lib/python3.12/site-packages/airflow/example_dags/example_branch_python_dop_operator_3.py
[2025-01-27T10:47:57.252+0000] {processor.py:914} INFO - Processing file /home/airflow/.local/lib/python3.12/site-packages/airflow/example_dags/example_branch_python_dop_operator_3.py for tasks to queue
[2025-01-27T10:47:57.269+0000] {logging_mixin.py:190} INFO - [2025-01-27T10:47:57.268+0000] {dagbag.py:588} INFO - Filling up the DagBag from /home/airflow/.local/lib/python3.12/site-packages/airflow/example_dags/example_branch_python_dop_operator_3.py
[2025-01-27T10:47:57.361+0000] {processor.py:925} INFO - DAG(s) 'example_branch_dop_operator_v3' retrieved from /home/airflow/.local/lib/python3.12/site-packages/airflow/example_dags/example_branch_python_dop_operator_3.py
[2025-01-27T10:47:57.721+0000] {logging_mixin.py:190} INFO - [2025-01-27T10:47:57.720+0000] {dag.py:3239} INFO - Sync 1 DAGs
[2025-01-27T10:47:58.171+0000] {logging_mixin.py:190} INFO - [2025-01-27T10:47:58.168+0000] {dag.py:4180} INFO - Setting next_dagrun for example_branch_dop_operator_v3 to 2025-01-27 10:46:00+00:00, run_after=2025-01-27 10:47:00+00:00
[2025-01-27T10:47:58.403+0000] {processor.py:208} INFO - Processing /home/airflow/.local/lib/python3.12/site-packages/airflow/example_dags/example_branch_python_dop_operator_3.py took 1.220 seconds
[2025-01-27T10:55:12.537+0000] {processor.py:186} INFO - Started process (PID=136) to work on /home/airflow/.local/lib/python3.12/site-packages/airflow/example_dags/example_branch_python_dop_operator_3.py
[2025-01-27T10:55:12.545+0000] {processor.py:914} INFO - Processing file /home/airflow/.local/lib/python3.12/site-packages/airflow/example_dags/example_branch_python_dop_operator_3.py for tasks to queue
[2025-01-27T10:55:12.562+0000] {logging_mixin.py:190} INFO - [2025-01-27T10:55:12.551+0000] {dagbag.py:588} INFO - Filling up the DagBag from /home/airflow/.local/lib/python3.12/site-packages/airflow/example_dags/example_branch_python_dop_operator_3.py
[2025-01-27T10:55:12.619+0000] {processor.py:925} INFO - DAG(s) 'example_branch_dop_operator_v3' retrieved from /home/airflow/.local/lib/python3.12/site-packages/airflow/example_dags/example_branch_python_dop_operator_3.py
[2025-01-27T10:55:12.866+0000] {logging_mixin.py:190} INFO - [2025-01-27T10:55:12.866+0000] {dag.py:3239} INFO - Sync 1 DAGs
[2025-01-27T10:55:13.635+0000] {logging_mixin.py:190} INFO - [2025-01-27T10:55:13.634+0000] {dag.py:4180} INFO - Setting next_dagrun for example_branch_dop_operator_v3 to 2025-01-27 10:54:00+00:00, run_after=2025-01-27 10:55:00+00:00
[2025-01-27T10:55:13.734+0000] {processor.py:208} INFO - Processing /home/airflow/.local/lib/python3.12/site-packages/airflow/example_dags/example_branch_python_dop_operator_3.py took 1.212 seconds
[2025-01-27T10:56:39.386+0000] {processor.py:186} INFO - Started process (PID=208) to work on /home/airflow/.local/lib/python3.12/site-packages/airflow/example_dags/example_branch_python_dop_operator_3.py
[2025-01-27T10:56:39.388+0000] {processor.py:914} INFO - Processing file /home/airflow/.local/lib/python3.12/site-packages/airflow/example_dags/example_branch_python_dop_operator_3.py for tasks to queue
[2025-01-27T10:56:39.415+0000] {logging_mixin.py:190} INFO - [2025-01-27T10:56:39.414+0000] {dagbag.py:588} INFO - Filling up the DagBag from /home/airflow/.local/lib/python3.12/site-packages/airflow/example_dags/example_branch_python_dop_operator_3.py
[2025-01-27T10:56:39.519+0000] {processor.py:925} INFO - DAG(s) 'example_branch_dop_operator_v3' retrieved from /home/airflow/.local/lib/python3.12/site-packages/airflow/example_dags/example_branch_python_dop_operator_3.py
[2025-01-27T10:56:39.655+0000] {logging_mixin.py:190} INFO - [2025-01-27T10:56:39.654+0000] {dag.py:3239} INFO - Sync 1 DAGs
[2025-01-27T10:56:39.832+0000] {logging_mixin.py:190} INFO - [2025-01-27T10:56:39.832+0000] {dag.py:4180} INFO - Setting next_dagrun for example_branch_dop_operator_v3 to 2025-01-27 10:55:00+00:00, run_after=2025-01-27 10:56:00+00:00
[2025-01-27T10:56:40.093+0000] {processor.py:208} INFO - Processing /home/airflow/.local/lib/python3.12/site-packages/airflow/example_dags/example_branch_python_dop_operator_3.py took 0.736 seconds
[2025-01-27T10:57:48.808+0000] {processor.py:186} INFO - Started process (PID=292) to work on /home/airflow/.local/lib/python3.12/site-packages/airflow/example_dags/example_branch_python_dop_operator_3.py
[2025-01-27T10:57:48.820+0000] {processor.py:914} INFO - Processing file /home/airflow/.local/lib/python3.12/site-packages/airflow/example_dags/example_branch_python_dop_operator_3.py for tasks to queue
[2025-01-27T10:57:48.841+0000] {logging_mixin.py:190} INFO - [2025-01-27T10:57:48.830+0000] {dagbag.py:588} INFO - Filling up the DagBag from /home/airflow/.local/lib/python3.12/site-packages/airflow/example_dags/example_branch_python_dop_operator_3.py
[2025-01-27T10:57:48.884+0000] {processor.py:925} INFO - DAG(s) 'example_branch_dop_operator_v3' retrieved from /home/airflow/.local/lib/python3.12/site-packages/airflow/example_dags/example_branch_python_dop_operator_3.py
[2025-01-27T10:57:48.972+0000] {logging_mixin.py:190} INFO - [2025-01-27T10:57:48.972+0000] {dag.py:3239} INFO - Sync 1 DAGs
[2025-01-27T10:57:49.104+0000] {logging_mixin.py:190} INFO - [2025-01-27T10:57:49.103+0000] {dag.py:4180} INFO - Setting next_dagrun for example_branch_dop_operator_v3 to 2025-01-27 10:56:00+00:00, run_after=2025-01-27 10:57:00+00:00
[2025-01-27T10:57:49.302+0000] {processor.py:208} INFO - Processing /home/airflow/.local/lib/python3.12/site-packages/airflow/example_dags/example_branch_python_dop_operator_3.py took 0.531 seconds
[2025-01-27T10:58:51.149+0000] {processor.py:186} INFO - Started process (PID=376) to work on /home/airflow/.local/lib/python3.12/site-packages/airflow/example_dags/example_branch_python_dop_operator_3.py
[2025-01-27T10:58:51.157+0000] {processor.py:914} INFO - Processing file /home/airflow/.local/lib/python3.12/site-packages/airflow/example_dags/example_branch_python_dop_operator_3.py for tasks to queue
[2025-01-27T10:58:51.290+0000] {logging_mixin.py:190} INFO - [2025-01-27T10:58:51.289+0000] {dagbag.py:588} INFO - Filling up the DagBag from /home/airflow/.local/lib/python3.12/site-packages/airflow/example_dags/example_branch_python_dop_operator_3.py
[2025-01-27T10:58:51.637+0000] {processor.py:925} INFO - DAG(s) 'example_branch_dop_operator_v3' retrieved from /home/airflow/.local/lib/python3.12/site-packages/airflow/example_dags/example_branch_python_dop_operator_3.py
[2025-01-27T10:58:52.349+0000] {logging_mixin.py:190} INFO - [2025-01-27T10:58:52.348+0000] {dag.py:3239} INFO - Sync 1 DAGs
[2025-01-27T10:58:52.586+0000] {logging_mixin.py:190} INFO - [2025-01-27T10:58:52.586+0000] {dag.py:4180} INFO - Setting next_dagrun for example_branch_dop_operator_v3 to 2025-01-27 10:57:00+00:00, run_after=2025-01-27 10:58:00+00:00
[2025-01-27T10:58:52.698+0000] {processor.py:208} INFO - Processing /home/airflow/.local/lib/python3.12/site-packages/airflow/example_dags/example_branch_python_dop_operator_3.py took 1.680 seconds
[2025-01-27T10:59:22.897+0000] {processor.py:186} INFO - Started process (PID=441) to work on /home/airflow/.local/lib/python3.12/site-packages/airflow/example_dags/example_branch_python_dop_operator_3.py
[2025-01-27T10:59:22.899+0000] {processor.py:914} INFO - Processing file /home/airflow/.local/lib/python3.12/site-packages/airflow/example_dags/example_branch_python_dop_operator_3.py for tasks to queue
[2025-01-27T10:59:22.903+0000] {logging_mixin.py:190} INFO - [2025-01-27T10:59:22.902+0000] {dagbag.py:588} INFO - Filling up the DagBag from /home/airflow/.local/lib/python3.12/site-packages/airflow/example_dags/example_branch_python_dop_operator_3.py
[2025-01-27T10:59:22.921+0000] {processor.py:925} INFO - DAG(s) 'example_branch_dop_operator_v3' retrieved from /home/airflow/.local/lib/python3.12/site-packages/airflow/example_dags/example_branch_python_dop_operator_3.py
[2025-01-27T10:59:22.960+0000] {logging_mixin.py:190} INFO - [2025-01-27T10:59:22.960+0000] {dag.py:3239} INFO - Sync 1 DAGs
[2025-01-27T10:59:23.011+0000] {logging_mixin.py:190} INFO - [2025-01-27T10:59:23.011+0000] {dag.py:4180} INFO - Setting next_dagrun for example_branch_dop_operator_v3 to 2025-01-27 10:58:00+00:00, run_after=2025-01-27 10:59:00+00:00
[2025-01-27T10:59:23.050+0000] {processor.py:208} INFO - Processing /home/airflow/.local/lib/python3.12/site-packages/airflow/example_dags/example_branch_python_dop_operator_3.py took 0.170 seconds
[2025-01-27T10:59:53.686+0000] {processor.py:186} INFO - Started process (PID=505) to work on /home/airflow/.local/lib/python3.12/site-packages/airflow/example_dags/example_branch_python_dop_operator_3.py
[2025-01-27T10:59:53.688+0000] {processor.py:914} INFO - Processing file /home/airflow/.local/lib/python3.12/site-packages/airflow/example_dags/example_branch_python_dop_operator_3.py for tasks to queue
[2025-01-27T10:59:53.693+0000] {logging_mixin.py:190} INFO - [2025-01-27T10:59:53.692+0000] {dagbag.py:588} INFO - Filling up the DagBag from /home/airflow/.local/lib/python3.12/site-packages/airflow/example_dags/example_branch_python_dop_operator_3.py
[2025-01-27T10:59:53.713+0000] {processor.py:925} INFO - DAG(s) 'example_branch_dop_operator_v3' retrieved from /home/airflow/.local/lib/python3.12/site-packages/airflow/example_dags/example_branch_python_dop_operator_3.py
[2025-01-27T10:59:53.751+0000] {logging_mixin.py:190} INFO - [2025-01-27T10:59:53.751+0000] {dag.py:3239} INFO - Sync 1 DAGs
[2025-01-27T10:59:53.809+0000] {logging_mixin.py:190} INFO - [2025-01-27T10:59:53.809+0000] {dag.py:4180} INFO - Setting next_dagrun for example_branch_dop_operator_v3 to 2025-01-27 10:58:00+00:00, run_after=2025-01-27 10:59:00+00:00
[2025-01-27T10:59:53.849+0000] {processor.py:208} INFO - Processing /home/airflow/.local/lib/python3.12/site-packages/airflow/example_dags/example_branch_python_dop_operator_3.py took 0.174 seconds
[2025-01-27T11:00:24.073+0000] {processor.py:186} INFO - Started process (PID=569) to work on /home/airflow/.local/lib/python3.12/site-packages/airflow/example_dags/example_branch_python_dop_operator_3.py
[2025-01-27T11:00:24.076+0000] {processor.py:914} INFO - Processing file /home/airflow/.local/lib/python3.12/site-packages/airflow/example_dags/example_branch_python_dop_operator_3.py for tasks to queue
[2025-01-27T11:00:24.083+0000] {logging_mixin.py:190} INFO - [2025-01-27T11:00:24.082+0000] {dagbag.py:588} INFO - Filling up the DagBag from /home/airflow/.local/lib/python3.12/site-packages/airflow/example_dags/example_branch_python_dop_operator_3.py
[2025-01-27T11:00:24.109+0000] {processor.py:925} INFO - DAG(s) 'example_branch_dop_operator_v3' retrieved from /home/airflow/.local/lib/python3.12/site-packages/airflow/example_dags/example_branch_python_dop_operator_3.py
[2025-01-27T11:00:24.145+0000] {logging_mixin.py:190} INFO - [2025-01-27T11:00:24.145+0000] {dag.py:3239} INFO - Sync 1 DAGs
[2025-01-27T11:00:24.183+0000] {logging_mixin.py:190} INFO - [2025-01-27T11:00:24.183+0000] {dag.py:4180} INFO - Setting next_dagrun for example_branch_dop_operator_v3 to 2025-01-27 10:59:00+00:00, run_after=2025-01-27 11:00:00+00:00
[2025-01-27T11:00:24.218+0000] {processor.py:208} INFO - Processing /home/airflow/.local/lib/python3.12/site-packages/airflow/example_dags/example_branch_python_dop_operator_3.py took 0.161 seconds
[2025-01-27T11:00:57.307+0000] {processor.py:186} INFO - Started process (PID=633) to work on /home/airflow/.local/lib/python3.12/site-packages/airflow/example_dags/example_branch_python_dop_operator_3.py
[2025-01-27T11:00:57.309+0000] {processor.py:914} INFO - Processing file /home/airflow/.local/lib/python3.12/site-packages/airflow/example_dags/example_branch_python_dop_operator_3.py for tasks to queue
[2025-01-27T11:00:57.316+0000] {logging_mixin.py:190} INFO - [2025-01-27T11:00:57.314+0000] {dagbag.py:588} INFO - Filling up the DagBag from /home/airflow/.local/lib/python3.12/site-packages/airflow/example_dags/example_branch_python_dop_operator_3.py
[2025-01-27T11:00:57.395+0000] {processor.py:925} INFO - DAG(s) 'example_branch_dop_operator_v3' retrieved from /home/airflow/.local/lib/python3.12/site-packages/airflow/example_dags/example_branch_python_dop_operator_3.py
[2025-01-27T11:00:57.551+0000] {logging_mixin.py:190} INFO - [2025-01-27T11:00:57.551+0000] {dag.py:3239} INFO - Sync 1 DAGs
[2025-01-27T11:00:57.733+0000] {logging_mixin.py:190} INFO - [2025-01-27T11:00:57.732+0000] {dag.py:4180} INFO - Setting next_dagrun for example_branch_dop_operator_v3 to 2025-01-27 10:59:00+00:00, run_after=2025-01-27 11:00:00+00:00
[2025-01-27T11:00:57.814+0000] {processor.py:208} INFO - Processing /home/airflow/.local/lib/python3.12/site-packages/airflow/example_dags/example_branch_python_dop_operator_3.py took 0.526 seconds
[2025-01-27T11:01:32.672+0000] {processor.py:186} INFO - Started process (PID=698) to work on /home/airflow/.local/lib/python3.12/site-packages/airflow/example_dags/example_branch_python_dop_operator_3.py
[2025-01-27T11:01:32.674+0000] {processor.py:914} INFO - Processing file /home/airflow/.local/lib/python3.12/site-packages/airflow/example_dags/example_branch_python_dop_operator_3.py for tasks to queue
[2025-01-27T11:01:32.689+0000] {logging_mixin.py:190} INFO - [2025-01-27T11:01:32.687+0000] {dagbag.py:588} INFO - Filling up the DagBag from /home/airflow/.local/lib/python3.12/site-packages/airflow/example_dags/example_branch_python_dop_operator_3.py
[2025-01-27T11:01:32.717+0000] {processor.py:925} INFO - DAG(s) 'example_branch_dop_operator_v3' retrieved from /home/airflow/.local/lib/python3.12/site-packages/airflow/example_dags/example_branch_python_dop_operator_3.py
[2025-01-27T11:01:33.131+0000] {logging_mixin.py:190} INFO - [2025-01-27T11:01:33.129+0000] {dag.py:3239} INFO - Sync 1 DAGs
[2025-01-27T11:01:33.567+0000] {logging_mixin.py:190} INFO - [2025-01-27T11:01:33.566+0000] {dag.py:4180} INFO - Setting next_dagrun for example_branch_dop_operator_v3 to 2025-01-27 11:00:00+00:00, run_after=2025-01-27 11:01:00+00:00
[2025-01-27T11:01:34.098+0000] {processor.py:208} INFO - Processing /home/airflow/.local/lib/python3.12/site-packages/airflow/example_dags/example_branch_python_dop_operator_3.py took 1.460 seconds
[2025-01-27T11:02:04.874+0000] {processor.py:186} INFO - Started process (PID=761) to work on /home/airflow/.local/lib/python3.12/site-packages/airflow/example_dags/example_branch_python_dop_operator_3.py
[2025-01-27T11:02:04.878+0000] {processor.py:914} INFO - Processing file /home/airflow/.local/lib/python3.12/site-packages/airflow/example_dags/example_branch_python_dop_operator_3.py for tasks to queue
[2025-01-27T11:02:04.898+0000] {logging_mixin.py:190} INFO - [2025-01-27T11:02:04.897+0000] {dagbag.py:588} INFO - Filling up the DagBag from /home/airflow/.local/lib/python3.12/site-packages/airflow/example_dags/example_branch_python_dop_operator_3.py
[2025-01-27T11:02:04.932+0000] {processor.py:925} INFO - DAG(s) 'example_branch_dop_operator_v3' retrieved from /home/airflow/.local/lib/python3.12/site-packages/airflow/example_dags/example_branch_python_dop_operator_3.py
[2025-01-27T11:02:04.968+0000] {logging_mixin.py:190} INFO - [2025-01-27T11:02:04.968+0000] {dag.py:3239} INFO - Sync 1 DAGs
[2025-01-27T11:02:05.021+0000] {logging_mixin.py:190} INFO - [2025-01-27T11:02:05.021+0000] {dag.py:4180} INFO - Setting next_dagrun for example_branch_dop_operator_v3 to 2025-01-27 11:01:00+00:00, run_after=2025-01-27 11:02:00+00:00
[2025-01-27T11:02:05.074+0000] {processor.py:208} INFO - Processing /home/airflow/.local/lib/python3.12/site-packages/airflow/example_dags/example_branch_python_dop_operator_3.py took 0.233 seconds
[2025-01-27T11:02:35.552+0000] {processor.py:186} INFO - Started process (PID=825) to work on /home/airflow/.local/lib/python3.12/site-packages/airflow/example_dags/example_branch_python_dop_operator_3.py
[2025-01-27T11:02:35.554+0000] {processor.py:914} INFO - Processing file /home/airflow/.local/lib/python3.12/site-packages/airflow/example_dags/example_branch_python_dop_operator_3.py for tasks to queue
[2025-01-27T11:02:35.557+0000] {logging_mixin.py:190} INFO - [2025-01-27T11:02:35.557+0000] {dagbag.py:588} INFO - Filling up the DagBag from /home/airflow/.local/lib/python3.12/site-packages/airflow/example_dags/example_branch_python_dop_operator_3.py
[2025-01-27T11:02:35.578+0000] {processor.py:925} INFO - DAG(s) 'example_branch_dop_operator_v3' retrieved from /home/airflow/.local/lib/python3.12/site-packages/airflow/example_dags/example_branch_python_dop_operator_3.py
[2025-01-27T11:02:35.613+0000] {logging_mixin.py:190} INFO - [2025-01-27T11:02:35.612+0000] {dag.py:3239} INFO - Sync 1 DAGs
[2025-01-27T11:02:35.667+0000] {logging_mixin.py:190} INFO - [2025-01-27T11:02:35.667+0000] {dag.py:4180} INFO - Setting next_dagrun for example_branch_dop_operator_v3 to 2025-01-27 11:01:00+00:00, run_after=2025-01-27 11:02:00+00:00
[2025-01-27T11:02:35.705+0000] {processor.py:208} INFO - Processing /home/airflow/.local/lib/python3.12/site-packages/airflow/example_dags/example_branch_python_dop_operator_3.py took 0.164 seconds
[2025-01-27T11:03:06.332+0000] {processor.py:186} INFO - Started process (PID=893) to work on /home/airflow/.local/lib/python3.12/site-packages/airflow/example_dags/example_branch_python_dop_operator_3.py
[2025-01-27T11:03:06.337+0000] {processor.py:914} INFO - Processing file /home/airflow/.local/lib/python3.12/site-packages/airflow/example_dags/example_branch_python_dop_operator_3.py for tasks to queue
[2025-01-27T11:03:06.346+0000] {logging_mixin.py:190} INFO - [2025-01-27T11:03:06.346+0000] {dagbag.py:588} INFO - Filling up the DagBag from /home/airflow/.local/lib/python3.12/site-packages/airflow/example_dags/example_branch_python_dop_operator_3.py
[2025-01-27T11:03:06.380+0000] {processor.py:925} INFO - DAG(s) 'example_branch_dop_operator_v3' retrieved from /home/airflow/.local/lib/python3.12/site-packages/airflow/example_dags/example_branch_python_dop_operator_3.py
[2025-01-27T11:03:06.436+0000] {logging_mixin.py:190} INFO - [2025-01-27T11:03:06.435+0000] {dag.py:3239} INFO - Sync 1 DAGs
[2025-01-27T11:03:06.504+0000] {logging_mixin.py:190} INFO - [2025-01-27T11:03:06.504+0000] {dag.py:4180} INFO - Setting next_dagrun for example_branch_dop_operator_v3 to 2025-01-27 11:02:00+00:00, run_after=2025-01-27 11:03:00+00:00
[2025-01-27T11:03:06.562+0000] {processor.py:208} INFO - Processing /home/airflow/.local/lib/python3.12/site-packages/airflow/example_dags/example_branch_python_dop_operator_3.py took 0.252 seconds
[2025-01-27T11:03:37.294+0000] {processor.py:186} INFO - Started process (PID=957) to work on /home/airflow/.local/lib/python3.12/site-packages/airflow/example_dags/example_branch_python_dop_operator_3.py
[2025-01-27T11:03:37.296+0000] {processor.py:914} INFO - Processing file /home/airflow/.local/lib/python3.12/site-packages/airflow/example_dags/example_branch_python_dop_operator_3.py for tasks to queue
[2025-01-27T11:03:37.307+0000] {logging_mixin.py:190} INFO - [2025-01-27T11:03:37.306+0000] {dagbag.py:588} INFO - Filling up the DagBag from /home/airflow/.local/lib/python3.12/site-packages/airflow/example_dags/example_branch_python_dop_operator_3.py
[2025-01-27T11:03:37.338+0000] {processor.py:925} INFO - DAG(s) 'example_branch_dop_operator_v3' retrieved from /home/airflow/.local/lib/python3.12/site-packages/airflow/example_dags/example_branch_python_dop_operator_3.py
[2025-01-27T11:03:37.382+0000] {logging_mixin.py:190} INFO - [2025-01-27T11:03:37.382+0000] {dag.py:3239} INFO - Sync 1 DAGs
[2025-01-27T11:03:37.434+0000] {logging_mixin.py:190} INFO - [2025-01-27T11:03:37.434+0000] {dag.py:4180} INFO - Setting next_dagrun for example_branch_dop_operator_v3 to 2025-01-27 11:02:00+00:00, run_after=2025-01-27 11:03:00+00:00
[2025-01-27T11:03:37.475+0000] {processor.py:208} INFO - Processing /home/airflow/.local/lib/python3.12/site-packages/airflow/example_dags/example_branch_python_dop_operator_3.py took 0.201 seconds
[2025-01-27T11:04:08.602+0000] {processor.py:186} INFO - Started process (PID=1021) to work on /home/airflow/.local/lib/python3.12/site-packages/airflow/example_dags/example_branch_python_dop_operator_3.py
[2025-01-27T11:04:08.622+0000] {processor.py:914} INFO - Processing file /home/airflow/.local/lib/python3.12/site-packages/airflow/example_dags/example_branch_python_dop_operator_3.py for tasks to queue
[2025-01-27T11:04:08.632+0000] {logging_mixin.py:190} INFO - [2025-01-27T11:04:08.632+0000] {dagbag.py:588} INFO - Filling up the DagBag from /home/airflow/.local/lib/python3.12/site-packages/airflow/example_dags/example_branch_python_dop_operator_3.py
[2025-01-27T11:04:08.723+0000] {processor.py:925} INFO - DAG(s) 'example_branch_dop_operator_v3' retrieved from /home/airflow/.local/lib/python3.12/site-packages/airflow/example_dags/example_branch_python_dop_operator_3.py
[2025-01-27T11:04:09.516+0000] {logging_mixin.py:190} INFO - [2025-01-27T11:04:09.515+0000] {dag.py:3239} INFO - Sync 1 DAGs
[2025-01-27T11:04:09.676+0000] {logging_mixin.py:190} INFO - [2025-01-27T11:04:09.676+0000] {dag.py:4180} INFO - Setting next_dagrun for example_branch_dop_operator_v3 to 2025-01-27 11:03:00+00:00, run_after=2025-01-27 11:04:00+00:00
[2025-01-27T11:04:09.764+0000] {processor.py:208} INFO - Processing /home/airflow/.local/lib/python3.12/site-packages/airflow/example_dags/example_branch_python_dop_operator_3.py took 1.192 seconds
[2025-01-27T11:10:09.720+0000] {processor.py:186} INFO - Started process (PID=1092) to work on /home/airflow/.local/lib/python3.12/site-packages/airflow/example_dags/example_branch_python_dop_operator_3.py
[2025-01-27T11:10:09.726+0000] {processor.py:914} INFO - Processing file /home/airflow/.local/lib/python3.12/site-packages/airflow/example_dags/example_branch_python_dop_operator_3.py for tasks to queue
[2025-01-27T11:10:09.744+0000] {logging_mixin.py:190} INFO - [2025-01-27T11:10:09.741+0000] {dagbag.py:588} INFO - Filling up the DagBag from /home/airflow/.local/lib/python3.12/site-packages/airflow/example_dags/example_branch_python_dop_operator_3.py
[2025-01-27T11:10:09.784+0000] {processor.py:925} INFO - DAG(s) 'example_branch_dop_operator_v3' retrieved from /home/airflow/.local/lib/python3.12/site-packages/airflow/example_dags/example_branch_python_dop_operator_3.py
[2025-01-27T11:10:10.095+0000] {logging_mixin.py:190} INFO - [2025-01-27T11:10:10.095+0000] {dag.py:3239} INFO - Sync 1 DAGs
[2025-01-27T11:10:10.253+0000] {logging_mixin.py:190} INFO - [2025-01-27T11:10:10.249+0000] {dag.py:4180} INFO - Setting next_dagrun for example_branch_dop_operator_v3 to 2025-01-27 11:09:00+00:00, run_after=2025-01-27 11:10:00+00:00
[2025-01-27T11:10:10.344+0000] {processor.py:208} INFO - Processing /home/airflow/.local/lib/python3.12/site-packages/airflow/example_dags/example_branch_python_dop_operator_3.py took 0.763 seconds
[2025-01-27T11:15:05.375+0000] {processor.py:186} INFO - Started process (PID=1158) to work on /home/airflow/.local/lib/python3.12/site-packages/airflow/example_dags/example_branch_python_dop_operator_3.py
[2025-01-27T11:15:05.377+0000] {processor.py:914} INFO - Processing file /home/airflow/.local/lib/python3.12/site-packages/airflow/example_dags/example_branch_python_dop_operator_3.py for tasks to queue
[2025-01-27T11:15:05.379+0000] {logging_mixin.py:190} INFO - [2025-01-27T11:15:05.378+0000] {dagbag.py:588} INFO - Filling up the DagBag from /home/airflow/.local/lib/python3.12/site-packages/airflow/example_dags/example_branch_python_dop_operator_3.py
[2025-01-27T11:15:05.402+0000] {processor.py:925} INFO - DAG(s) 'example_branch_dop_operator_v3' retrieved from /home/airflow/.local/lib/python3.12/site-packages/airflow/example_dags/example_branch_python_dop_operator_3.py
[2025-01-27T11:15:05.469+0000] {logging_mixin.py:190} INFO - [2025-01-27T11:15:05.466+0000] {dag.py:3239} INFO - Sync 1 DAGs
[2025-01-27T11:15:05.531+0000] {logging_mixin.py:190} INFO - [2025-01-27T11:15:05.531+0000] {dag.py:4180} INFO - Setting next_dagrun for example_branch_dop_operator_v3 to 2025-01-27 11:14:00+00:00, run_after=2025-01-27 11:15:00+00:00
[2025-01-27T11:15:05.578+0000] {processor.py:208} INFO - Processing /home/airflow/.local/lib/python3.12/site-packages/airflow/example_dags/example_branch_python_dop_operator_3.py took 0.215 seconds
[2025-01-27T11:15:36.402+0000] {processor.py:186} INFO - Started process (PID=1222) to work on /home/airflow/.local/lib/python3.12/site-packages/airflow/example_dags/example_branch_python_dop_operator_3.py
[2025-01-27T11:15:36.404+0000] {processor.py:914} INFO - Processing file /home/airflow/.local/lib/python3.12/site-packages/airflow/example_dags/example_branch_python_dop_operator_3.py for tasks to queue
[2025-01-27T11:15:36.406+0000] {logging_mixin.py:190} INFO - [2025-01-27T11:15:36.405+0000] {dagbag.py:588} INFO - Filling up the DagBag from /home/airflow/.local/lib/python3.12/site-packages/airflow/example_dags/example_branch_python_dop_operator_3.py
[2025-01-27T11:15:36.435+0000] {processor.py:925} INFO - DAG(s) 'example_branch_dop_operator_v3' retrieved from /home/airflow/.local/lib/python3.12/site-packages/airflow/example_dags/example_branch_python_dop_operator_3.py
[2025-01-27T11:15:36.492+0000] {logging_mixin.py:190} INFO - [2025-01-27T11:15:36.492+0000] {dag.py:3239} INFO - Sync 1 DAGs
[2025-01-27T11:15:36.540+0000] {logging_mixin.py:190} INFO - [2025-01-27T11:15:36.540+0000] {dag.py:4180} INFO - Setting next_dagrun for example_branch_dop_operator_v3 to 2025-01-27 11:14:00+00:00, run_after=2025-01-27 11:15:00+00:00
[2025-01-27T11:15:36.571+0000] {processor.py:208} INFO - Processing /home/airflow/.local/lib/python3.12/site-packages/airflow/example_dags/example_branch_python_dop_operator_3.py took 0.182 seconds
[2025-01-27T11:16:14.606+0000] {processor.py:186} INFO - Started process (PID=1291) to work on /home/airflow/.local/lib/python3.12/site-packages/airflow/example_dags/example_branch_python_dop_operator_3.py
[2025-01-27T11:16:14.620+0000] {processor.py:914} INFO - Processing file /home/airflow/.local/lib/python3.12/site-packages/airflow/example_dags/example_branch_python_dop_operator_3.py for tasks to queue
[2025-01-27T11:16:14.658+0000] {logging_mixin.py:190} INFO - [2025-01-27T11:16:14.646+0000] {dagbag.py:588} INFO - Filling up the DagBag from /home/airflow/.local/lib/python3.12/site-packages/airflow/example_dags/example_branch_python_dop_operator_3.py
[2025-01-27T11:16:14.863+0000] {processor.py:925} INFO - DAG(s) 'example_branch_dop_operator_v3' retrieved from /home/airflow/.local/lib/python3.12/site-packages/airflow/example_dags/example_branch_python_dop_operator_3.py
[2025-01-27T11:16:15.301+0000] {logging_mixin.py:190} INFO - [2025-01-27T11:16:15.300+0000] {dag.py:3239} INFO - Sync 1 DAGs
[2025-01-27T11:16:15.873+0000] {logging_mixin.py:190} INFO - [2025-01-27T11:16:15.873+0000] {dag.py:4180} INFO - Setting next_dagrun for example_branch_dop_operator_v3 to 2025-01-27 11:15:00+00:00, run_after=2025-01-27 11:16:00+00:00
[2025-01-27T11:16:16.142+0000] {processor.py:208} INFO - Processing /home/airflow/.local/lib/python3.12/site-packages/airflow/example_dags/example_branch_python_dop_operator_3.py took 1.587 seconds
[2025-01-27T11:18:44.125+0000] {processor.py:186} INFO - Started process (PID=1356) to work on /home/airflow/.local/lib/python3.12/site-packages/airflow/example_dags/example_branch_python_dop_operator_3.py
[2025-01-27T11:18:44.127+0000] {processor.py:914} INFO - Processing file /home/airflow/.local/lib/python3.12/site-packages/airflow/example_dags/example_branch_python_dop_operator_3.py for tasks to queue
[2025-01-27T11:18:44.145+0000] {logging_mixin.py:190} INFO - [2025-01-27T11:18:44.144+0000] {dagbag.py:588} INFO - Filling up the DagBag from /home/airflow/.local/lib/python3.12/site-packages/airflow/example_dags/example_branch_python_dop_operator_3.py
[2025-01-27T11:18:44.213+0000] {processor.py:925} INFO - DAG(s) 'example_branch_dop_operator_v3' retrieved from /home/airflow/.local/lib/python3.12/site-packages/airflow/example_dags/example_branch_python_dop_operator_3.py
[2025-01-27T11:18:44.276+0000] {logging_mixin.py:190} INFO - [2025-01-27T11:18:44.276+0000] {dag.py:3239} INFO - Sync 1 DAGs
[2025-01-27T11:18:44.391+0000] {logging_mixin.py:190} INFO - [2025-01-27T11:18:44.388+0000] {dag.py:4180} INFO - Setting next_dagrun for example_branch_dop_operator_v3 to 2025-01-27 11:17:00+00:00, run_after=2025-01-27 11:18:00+00:00
[2025-01-27T11:18:44.474+0000] {processor.py:208} INFO - Processing /home/airflow/.local/lib/python3.12/site-packages/airflow/example_dags/example_branch_python_dop_operator_3.py took 0.383 seconds
[2025-01-27T11:19:26.964+0000] {processor.py:186} INFO - Started process (PID=1424) to work on /home/airflow/.local/lib/python3.12/site-packages/airflow/example_dags/example_branch_python_dop_operator_3.py
[2025-01-27T11:19:26.966+0000] {processor.py:914} INFO - Processing file /home/airflow/.local/lib/python3.12/site-packages/airflow/example_dags/example_branch_python_dop_operator_3.py for tasks to queue
[2025-01-27T11:19:26.968+0000] {logging_mixin.py:190} INFO - [2025-01-27T11:19:26.967+0000] {dagbag.py:588} INFO - Filling up the DagBag from /home/airflow/.local/lib/python3.12/site-packages/airflow/example_dags/example_branch_python_dop_operator_3.py
[2025-01-27T11:19:26.988+0000] {processor.py:925} INFO - DAG(s) 'example_branch_dop_operator_v3' retrieved from /home/airflow/.local/lib/python3.12/site-packages/airflow/example_dags/example_branch_python_dop_operator_3.py
[2025-01-27T11:19:27.034+0000] {logging_mixin.py:190} INFO - [2025-01-27T11:19:27.033+0000] {dag.py:3239} INFO - Sync 1 DAGs
[2025-01-27T11:19:27.102+0000] {logging_mixin.py:190} INFO - [2025-01-27T11:19:27.102+0000] {dag.py:4180} INFO - Setting next_dagrun for example_branch_dop_operator_v3 to 2025-01-27 11:18:00+00:00, run_after=2025-01-27 11:19:00+00:00
[2025-01-27T11:19:27.157+0000] {processor.py:208} INFO - Processing /home/airflow/.local/lib/python3.12/site-packages/airflow/example_dags/example_branch_python_dop_operator_3.py took 0.207 seconds
[2025-01-27T11:19:58.572+0000] {processor.py:186} INFO - Started process (PID=1488) to work on /home/airflow/.local/lib/python3.12/site-packages/airflow/example_dags/example_branch_python_dop_operator_3.py
[2025-01-27T11:19:58.574+0000] {processor.py:914} INFO - Processing file /home/airflow/.local/lib/python3.12/site-packages/airflow/example_dags/example_branch_python_dop_operator_3.py for tasks to queue
[2025-01-27T11:19:58.577+0000] {logging_mixin.py:190} INFO - [2025-01-27T11:19:58.576+0000] {dagbag.py:588} INFO - Filling up the DagBag from /home/airflow/.local/lib/python3.12/site-packages/airflow/example_dags/example_branch_python_dop_operator_3.py
[2025-01-27T11:19:58.613+0000] {processor.py:925} INFO - DAG(s) 'example_branch_dop_operator_v3' retrieved from /home/airflow/.local/lib/python3.12/site-packages/airflow/example_dags/example_branch_python_dop_operator_3.py
[2025-01-27T11:19:58.670+0000] {logging_mixin.py:190} INFO - [2025-01-27T11:19:58.669+0000] {dag.py:3239} INFO - Sync 1 DAGs
[2025-01-27T11:19:58.744+0000] {logging_mixin.py:190} INFO - [2025-01-27T11:19:58.744+0000] {dag.py:4180} INFO - Setting next_dagrun for example_branch_dop_operator_v3 to 2025-01-27 11:18:00+00:00, run_after=2025-01-27 11:19:00+00:00
[2025-01-27T11:19:58.795+0000] {processor.py:208} INFO - Processing /home/airflow/.local/lib/python3.12/site-packages/airflow/example_dags/example_branch_python_dop_operator_3.py took 0.243 seconds
[2025-01-27T11:37:47.541+0000] {processor.py:186} INFO - Started process (PID=195) to work on /home/airflow/.local/lib/python3.12/site-packages/airflow/example_dags/example_branch_python_dop_operator_3.py
[2025-01-27T11:37:47.589+0000] {processor.py:914} INFO - Processing file /home/airflow/.local/lib/python3.12/site-packages/airflow/example_dags/example_branch_python_dop_operator_3.py for tasks to queue
[2025-01-27T11:37:47.777+0000] {logging_mixin.py:190} INFO - [2025-01-27T11:37:47.776+0000] {dagbag.py:588} INFO - Filling up the DagBag from /home/airflow/.local/lib/python3.12/site-packages/airflow/example_dags/example_branch_python_dop_operator_3.py
[2025-01-27T11:37:47.987+0000] {processor.py:925} INFO - DAG(s) 'example_branch_dop_operator_v3' retrieved from /home/airflow/.local/lib/python3.12/site-packages/airflow/example_dags/example_branch_python_dop_operator_3.py
[2025-01-27T11:37:48.415+0000] {logging_mixin.py:190} INFO - [2025-01-27T11:37:48.415+0000] {dag.py:3239} INFO - Sync 1 DAGs
[2025-01-27T11:37:48.670+0000] {logging_mixin.py:190} INFO - [2025-01-27T11:37:48.660+0000] {dag.py:4180} INFO - Setting next_dagrun for example_branch_dop_operator_v3 to 2025-01-27 11:36:00+00:00, run_after=2025-01-27 11:37:00+00:00
[2025-01-27T11:37:48.830+0000] {processor.py:208} INFO - Processing /home/airflow/.local/lib/python3.12/site-packages/airflow/example_dags/example_branch_python_dop_operator_3.py took 1.401 seconds
[2025-01-27T11:38:19.053+0000] {processor.py:186} INFO - Started process (PID=258) to work on /home/airflow/.local/lib/python3.12/site-packages/airflow/example_dags/example_branch_python_dop_operator_3.py
[2025-01-27T11:38:19.055+0000] {processor.py:914} INFO - Processing file /home/airflow/.local/lib/python3.12/site-packages/airflow/example_dags/example_branch_python_dop_operator_3.py for tasks to queue
[2025-01-27T11:38:19.060+0000] {logging_mixin.py:190} INFO - [2025-01-27T11:38:19.059+0000] {dagbag.py:588} INFO - Filling up the DagBag from /home/airflow/.local/lib/python3.12/site-packages/airflow/example_dags/example_branch_python_dop_operator_3.py
[2025-01-27T11:38:19.090+0000] {processor.py:925} INFO - DAG(s) 'example_branch_dop_operator_v3' retrieved from /home/airflow/.local/lib/python3.12/site-packages/airflow/example_dags/example_branch_python_dop_operator_3.py
[2025-01-27T11:38:19.141+0000] {logging_mixin.py:190} INFO - [2025-01-27T11:38:19.140+0000] {dag.py:3239} INFO - Sync 1 DAGs
[2025-01-27T11:38:19.203+0000] {logging_mixin.py:190} INFO - [2025-01-27T11:38:19.203+0000] {dag.py:4180} INFO - Setting next_dagrun for example_branch_dop_operator_v3 to 2025-01-27 11:37:00+00:00, run_after=2025-01-27 11:38:00+00:00
[2025-01-27T11:38:19.236+0000] {processor.py:208} INFO - Processing /home/airflow/.local/lib/python3.12/site-packages/airflow/example_dags/example_branch_python_dop_operator_3.py took 0.193 seconds
[2025-01-27T11:38:53.776+0000] {processor.py:186} INFO - Started process (PID=323) to work on /home/airflow/.local/lib/python3.12/site-packages/airflow/example_dags/example_branch_python_dop_operator_3.py
[2025-01-27T11:38:53.778+0000] {processor.py:914} INFO - Processing file /home/airflow/.local/lib/python3.12/site-packages/airflow/example_dags/example_branch_python_dop_operator_3.py for tasks to queue
[2025-01-27T11:38:53.784+0000] {logging_mixin.py:190} INFO - [2025-01-27T11:38:53.783+0000] {dagbag.py:588} INFO - Filling up the DagBag from /home/airflow/.local/lib/python3.12/site-packages/airflow/example_dags/example_branch_python_dop_operator_3.py
[2025-01-27T11:38:53.803+0000] {processor.py:925} INFO - DAG(s) 'example_branch_dop_operator_v3' retrieved from /home/airflow/.local/lib/python3.12/site-packages/airflow/example_dags/example_branch_python_dop_operator_3.py
[2025-01-27T11:38:53.864+0000] {logging_mixin.py:190} INFO - [2025-01-27T11:38:53.863+0000] {dag.py:3239} INFO - Sync 1 DAGs
[2025-01-27T11:38:53.926+0000] {logging_mixin.py:190} INFO - [2025-01-27T11:38:53.925+0000] {dag.py:4180} INFO - Setting next_dagrun for example_branch_dop_operator_v3 to 2025-01-27 11:37:00+00:00, run_after=2025-01-27 11:38:00+00:00
[2025-01-27T11:38:53.962+0000] {processor.py:208} INFO - Processing /home/airflow/.local/lib/python3.12/site-packages/airflow/example_dags/example_branch_python_dop_operator_3.py took 0.200 seconds
[2025-01-27T11:39:25.081+0000] {processor.py:186} INFO - Started process (PID=388) to work on /home/airflow/.local/lib/python3.12/site-packages/airflow/example_dags/example_branch_python_dop_operator_3.py
[2025-01-27T11:39:25.085+0000] {processor.py:914} INFO - Processing file /home/airflow/.local/lib/python3.12/site-packages/airflow/example_dags/example_branch_python_dop_operator_3.py for tasks to queue
[2025-01-27T11:39:25.090+0000] {logging_mixin.py:190} INFO - [2025-01-27T11:39:25.089+0000] {dagbag.py:588} INFO - Filling up the DagBag from /home/airflow/.local/lib/python3.12/site-packages/airflow/example_dags/example_branch_python_dop_operator_3.py
[2025-01-27T11:39:25.126+0000] {processor.py:925} INFO - DAG(s) 'example_branch_dop_operator_v3' retrieved from /home/airflow/.local/lib/python3.12/site-packages/airflow/example_dags/example_branch_python_dop_operator_3.py
[2025-01-27T11:39:25.186+0000] {logging_mixin.py:190} INFO - [2025-01-27T11:39:25.185+0000] {dag.py:3239} INFO - Sync 1 DAGs
[2025-01-27T11:39:25.276+0000] {logging_mixin.py:190} INFO - [2025-01-27T11:39:25.276+0000] {dag.py:4180} INFO - Setting next_dagrun for example_branch_dop_operator_v3 to 2025-01-27 11:38:00+00:00, run_after=2025-01-27 11:39:00+00:00
[2025-01-27T11:39:25.318+0000] {processor.py:208} INFO - Processing /home/airflow/.local/lib/python3.12/site-packages/airflow/example_dags/example_branch_python_dop_operator_3.py took 0.255 seconds
[2025-01-27T11:39:57.639+0000] {processor.py:186} INFO - Started process (PID=452) to work on /home/airflow/.local/lib/python3.12/site-packages/airflow/example_dags/example_branch_python_dop_operator_3.py
[2025-01-27T11:39:57.642+0000] {processor.py:914} INFO - Processing file /home/airflow/.local/lib/python3.12/site-packages/airflow/example_dags/example_branch_python_dop_operator_3.py for tasks to queue
[2025-01-27T11:39:57.647+0000] {logging_mixin.py:190} INFO - [2025-01-27T11:39:57.646+0000] {dagbag.py:588} INFO - Filling up the DagBag from /home/airflow/.local/lib/python3.12/site-packages/airflow/example_dags/example_branch_python_dop_operator_3.py
[2025-01-27T11:39:57.700+0000] {processor.py:925} INFO - DAG(s) 'example_branch_dop_operator_v3' retrieved from /home/airflow/.local/lib/python3.12/site-packages/airflow/example_dags/example_branch_python_dop_operator_3.py
[2025-01-27T11:39:57.767+0000] {logging_mixin.py:190} INFO - [2025-01-27T11:39:57.766+0000] {dag.py:3239} INFO - Sync 1 DAGs
[2025-01-27T11:39:57.875+0000] {logging_mixin.py:190} INFO - [2025-01-27T11:39:57.875+0000] {dag.py:4180} INFO - Setting next_dagrun for example_branch_dop_operator_v3 to 2025-01-27 11:38:00+00:00, run_after=2025-01-27 11:39:00+00:00
[2025-01-27T11:39:58.006+0000] {processor.py:208} INFO - Processing /home/airflow/.local/lib/python3.12/site-packages/airflow/example_dags/example_branch_python_dop_operator_3.py took 0.385 seconds
[2025-01-27T11:40:28.407+0000] {processor.py:186} INFO - Started process (PID=517) to work on /home/airflow/.local/lib/python3.12/site-packages/airflow/example_dags/example_branch_python_dop_operator_3.py
[2025-01-27T11:40:28.409+0000] {processor.py:914} INFO - Processing file /home/airflow/.local/lib/python3.12/site-packages/airflow/example_dags/example_branch_python_dop_operator_3.py for tasks to queue
[2025-01-27T11:40:28.413+0000] {logging_mixin.py:190} INFO - [2025-01-27T11:40:28.413+0000] {dagbag.py:588} INFO - Filling up the DagBag from /home/airflow/.local/lib/python3.12/site-packages/airflow/example_dags/example_branch_python_dop_operator_3.py
[2025-01-27T11:40:28.432+0000] {processor.py:925} INFO - DAG(s) 'example_branch_dop_operator_v3' retrieved from /home/airflow/.local/lib/python3.12/site-packages/airflow/example_dags/example_branch_python_dop_operator_3.py
[2025-01-27T11:40:28.473+0000] {logging_mixin.py:190} INFO - [2025-01-27T11:40:28.472+0000] {dag.py:3239} INFO - Sync 1 DAGs
[2025-01-27T11:40:28.533+0000] {logging_mixin.py:190} INFO - [2025-01-27T11:40:28.533+0000] {dag.py:4180} INFO - Setting next_dagrun for example_branch_dop_operator_v3 to 2025-01-27 11:39:00+00:00, run_after=2025-01-27 11:40:00+00:00
[2025-01-27T11:40:28.574+0000] {processor.py:208} INFO - Processing /home/airflow/.local/lib/python3.12/site-packages/airflow/example_dags/example_branch_python_dop_operator_3.py took 0.182 seconds
[2025-01-27T11:40:59.296+0000] {processor.py:186} INFO - Started process (PID=582) to work on /home/airflow/.local/lib/python3.12/site-packages/airflow/example_dags/example_branch_python_dop_operator_3.py
[2025-01-27T11:40:59.309+0000] {processor.py:914} INFO - Processing file /home/airflow/.local/lib/python3.12/site-packages/airflow/example_dags/example_branch_python_dop_operator_3.py for tasks to queue
[2025-01-27T11:40:59.317+0000] {logging_mixin.py:190} INFO - [2025-01-27T11:40:59.316+0000] {dagbag.py:588} INFO - Filling up the DagBag from /home/airflow/.local/lib/python3.12/site-packages/airflow/example_dags/example_branch_python_dop_operator_3.py
[2025-01-27T11:40:59.358+0000] {processor.py:925} INFO - DAG(s) 'example_branch_dop_operator_v3' retrieved from /home/airflow/.local/lib/python3.12/site-packages/airflow/example_dags/example_branch_python_dop_operator_3.py
[2025-01-27T11:40:59.397+0000] {logging_mixin.py:190} INFO - [2025-01-27T11:40:59.396+0000] {dag.py:3239} INFO - Sync 1 DAGs
[2025-01-27T11:40:59.450+0000] {logging_mixin.py:190} INFO - [2025-01-27T11:40:59.449+0000] {dag.py:4180} INFO - Setting next_dagrun for example_branch_dop_operator_v3 to 2025-01-27 11:39:00+00:00, run_after=2025-01-27 11:40:00+00:00
[2025-01-27T11:40:59.484+0000] {processor.py:208} INFO - Processing /home/airflow/.local/lib/python3.12/site-packages/airflow/example_dags/example_branch_python_dop_operator_3.py took 0.202 seconds
[2025-01-27T11:41:29.909+0000] {processor.py:186} INFO - Started process (PID=652) to work on /home/airflow/.local/lib/python3.12/site-packages/airflow/example_dags/example_branch_python_dop_operator_3.py
[2025-01-27T11:41:29.911+0000] {processor.py:914} INFO - Processing file /home/airflow/.local/lib/python3.12/site-packages/airflow/example_dags/example_branch_python_dop_operator_3.py for tasks to queue
[2025-01-27T11:41:29.916+0000] {logging_mixin.py:190} INFO - [2025-01-27T11:41:29.916+0000] {dagbag.py:588} INFO - Filling up the DagBag from /home/airflow/.local/lib/python3.12/site-packages/airflow/example_dags/example_branch_python_dop_operator_3.py
[2025-01-27T11:41:29.955+0000] {processor.py:925} INFO - DAG(s) 'example_branch_dop_operator_v3' retrieved from /home/airflow/.local/lib/python3.12/site-packages/airflow/example_dags/example_branch_python_dop_operator_3.py
[2025-01-27T11:41:30.032+0000] {logging_mixin.py:190} INFO - [2025-01-27T11:41:30.031+0000] {dag.py:3239} INFO - Sync 1 DAGs
[2025-01-27T11:41:30.086+0000] {logging_mixin.py:190} INFO - [2025-01-27T11:41:30.085+0000] {dag.py:4180} INFO - Setting next_dagrun for example_branch_dop_operator_v3 to 2025-01-27 11:40:00+00:00, run_after=2025-01-27 11:41:00+00:00
[2025-01-27T11:41:30.138+0000] {processor.py:208} INFO - Processing /home/airflow/.local/lib/python3.12/site-packages/airflow/example_dags/example_branch_python_dop_operator_3.py took 0.244 seconds
[2025-01-27T11:42:00.744+0000] {processor.py:186} INFO - Started process (PID=716) to work on /home/airflow/.local/lib/python3.12/site-packages/airflow/example_dags/example_branch_python_dop_operator_3.py
[2025-01-27T11:42:00.746+0000] {processor.py:914} INFO - Processing file /home/airflow/.local/lib/python3.12/site-packages/airflow/example_dags/example_branch_python_dop_operator_3.py for tasks to queue
[2025-01-27T11:42:00.750+0000] {logging_mixin.py:190} INFO - [2025-01-27T11:42:00.749+0000] {dagbag.py:588} INFO - Filling up the DagBag from /home/airflow/.local/lib/python3.12/site-packages/airflow/example_dags/example_branch_python_dop_operator_3.py
[2025-01-27T11:42:00.767+0000] {processor.py:925} INFO - DAG(s) 'example_branch_dop_operator_v3' retrieved from /home/airflow/.local/lib/python3.12/site-packages/airflow/example_dags/example_branch_python_dop_operator_3.py
[2025-01-27T11:42:00.801+0000] {logging_mixin.py:190} INFO - [2025-01-27T11:42:00.801+0000] {dag.py:3239} INFO - Sync 1 DAGs
[2025-01-27T11:42:00.853+0000] {logging_mixin.py:190} INFO - [2025-01-27T11:42:00.852+0000] {dag.py:4180} INFO - Setting next_dagrun for example_branch_dop_operator_v3 to 2025-01-27 11:41:00+00:00, run_after=2025-01-27 11:42:00+00:00
[2025-01-27T11:42:00.890+0000] {processor.py:208} INFO - Processing /home/airflow/.local/lib/python3.12/site-packages/airflow/example_dags/example_branch_python_dop_operator_3.py took 0.158 seconds
[2025-01-27T11:42:31.527+0000] {processor.py:186} INFO - Started process (PID=781) to work on /home/airflow/.local/lib/python3.12/site-packages/airflow/example_dags/example_branch_python_dop_operator_3.py
[2025-01-27T11:42:31.529+0000] {processor.py:914} INFO - Processing file /home/airflow/.local/lib/python3.12/site-packages/airflow/example_dags/example_branch_python_dop_operator_3.py for tasks to queue
[2025-01-27T11:42:31.532+0000] {logging_mixin.py:190} INFO - [2025-01-27T11:42:31.532+0000] {dagbag.py:588} INFO - Filling up the DagBag from /home/airflow/.local/lib/python3.12/site-packages/airflow/example_dags/example_branch_python_dop_operator_3.py
[2025-01-27T11:42:31.549+0000] {processor.py:925} INFO - DAG(s) 'example_branch_dop_operator_v3' retrieved from /home/airflow/.local/lib/python3.12/site-packages/airflow/example_dags/example_branch_python_dop_operator_3.py
[2025-01-27T11:42:31.587+0000] {logging_mixin.py:190} INFO - [2025-01-27T11:42:31.587+0000] {dag.py:3239} INFO - Sync 1 DAGs
[2025-01-27T11:42:31.636+0000] {logging_mixin.py:190} INFO - [2025-01-27T11:42:31.636+0000] {dag.py:4180} INFO - Setting next_dagrun for example_branch_dop_operator_v3 to 2025-01-27 11:41:00+00:00, run_after=2025-01-27 11:42:00+00:00
[2025-01-27T11:42:31.665+0000] {processor.py:208} INFO - Processing /home/airflow/.local/lib/python3.12/site-packages/airflow/example_dags/example_branch_python_dop_operator_3.py took 0.147 seconds
[2025-01-27T11:43:05.753+0000] {processor.py:186} INFO - Started process (PID=846) to work on /home/airflow/.local/lib/python3.12/site-packages/airflow/example_dags/example_branch_python_dop_operator_3.py
[2025-01-27T11:43:05.755+0000] {processor.py:914} INFO - Processing file /home/airflow/.local/lib/python3.12/site-packages/airflow/example_dags/example_branch_python_dop_operator_3.py for tasks to queue
[2025-01-27T11:43:05.760+0000] {logging_mixin.py:190} INFO - [2025-01-27T11:43:05.759+0000] {dagbag.py:588} INFO - Filling up the DagBag from /home/airflow/.local/lib/python3.12/site-packages/airflow/example_dags/example_branch_python_dop_operator_3.py
[2025-01-27T11:43:05.778+0000] {processor.py:925} INFO - DAG(s) 'example_branch_dop_operator_v3' retrieved from /home/airflow/.local/lib/python3.12/site-packages/airflow/example_dags/example_branch_python_dop_operator_3.py
[2025-01-27T11:43:05.813+0000] {logging_mixin.py:190} INFO - [2025-01-27T11:43:05.813+0000] {dag.py:3239} INFO - Sync 1 DAGs
[2025-01-27T11:43:05.864+0000] {logging_mixin.py:190} INFO - [2025-01-27T11:43:05.864+0000] {dag.py:4180} INFO - Setting next_dagrun for example_branch_dop_operator_v3 to 2025-01-27 11:42:00+00:00, run_after=2025-01-27 11:43:00+00:00
[2025-01-27T11:43:05.897+0000] {processor.py:208} INFO - Processing /home/airflow/.local/lib/python3.12/site-packages/airflow/example_dags/example_branch_python_dop_operator_3.py took 0.157 seconds
[2025-01-27T11:43:47.787+0000] {processor.py:186} INFO - Started process (PID=913) to work on /home/airflow/.local/lib/python3.12/site-packages/airflow/example_dags/example_branch_python_dop_operator_3.py
[2025-01-27T11:43:47.798+0000] {processor.py:914} INFO - Processing file /home/airflow/.local/lib/python3.12/site-packages/airflow/example_dags/example_branch_python_dop_operator_3.py for tasks to queue
[2025-01-27T11:43:47.818+0000] {logging_mixin.py:190} INFO - [2025-01-27T11:43:47.817+0000] {dagbag.py:588} INFO - Filling up the DagBag from /home/airflow/.local/lib/python3.12/site-packages/airflow/example_dags/example_branch_python_dop_operator_3.py
[2025-01-27T11:43:47.854+0000] {processor.py:925} INFO - DAG(s) 'example_branch_dop_operator_v3' retrieved from /home/airflow/.local/lib/python3.12/site-packages/airflow/example_dags/example_branch_python_dop_operator_3.py
[2025-01-27T11:43:47.923+0000] {logging_mixin.py:190} INFO - [2025-01-27T11:43:47.922+0000] {dag.py:3239} INFO - Sync 1 DAGs
[2025-01-27T11:43:48.108+0000] {logging_mixin.py:190} INFO - [2025-01-27T11:43:48.107+0000] {dag.py:4180} INFO - Setting next_dagrun for example_branch_dop_operator_v3 to 2025-01-27 11:42:00+00:00, run_after=2025-01-27 11:43:00+00:00
[2025-01-27T11:43:48.320+0000] {processor.py:208} INFO - Processing /home/airflow/.local/lib/python3.12/site-packages/airflow/example_dags/example_branch_python_dop_operator_3.py took 0.551 seconds
[2025-01-27T11:44:20.560+0000] {processor.py:186} INFO - Started process (PID=977) to work on /home/airflow/.local/lib/python3.12/site-packages/airflow/example_dags/example_branch_python_dop_operator_3.py
[2025-01-27T11:44:20.562+0000] {processor.py:914} INFO - Processing file /home/airflow/.local/lib/python3.12/site-packages/airflow/example_dags/example_branch_python_dop_operator_3.py for tasks to queue
[2025-01-27T11:44:20.568+0000] {logging_mixin.py:190} INFO - [2025-01-27T11:44:20.567+0000] {dagbag.py:588} INFO - Filling up the DagBag from /home/airflow/.local/lib/python3.12/site-packages/airflow/example_dags/example_branch_python_dop_operator_3.py
[2025-01-27T11:44:20.661+0000] {processor.py:925} INFO - DAG(s) 'example_branch_dop_operator_v3' retrieved from /home/airflow/.local/lib/python3.12/site-packages/airflow/example_dags/example_branch_python_dop_operator_3.py
[2025-01-27T11:44:20.750+0000] {logging_mixin.py:190} INFO - [2025-01-27T11:44:20.750+0000] {dag.py:3239} INFO - Sync 1 DAGs
[2025-01-27T11:44:20.818+0000] {logging_mixin.py:190} INFO - [2025-01-27T11:44:20.818+0000] {dag.py:4180} INFO - Setting next_dagrun for example_branch_dop_operator_v3 to 2025-01-27 11:43:00+00:00, run_after=2025-01-27 11:44:00+00:00
[2025-01-27T11:44:20.905+0000] {processor.py:208} INFO - Processing /home/airflow/.local/lib/python3.12/site-packages/airflow/example_dags/example_branch_python_dop_operator_3.py took 0.397 seconds
[2025-01-27T11:44:51.171+0000] {processor.py:186} INFO - Started process (PID=1041) to work on /home/airflow/.local/lib/python3.12/site-packages/airflow/example_dags/example_branch_python_dop_operator_3.py
[2025-01-27T11:44:51.173+0000] {processor.py:914} INFO - Processing file /home/airflow/.local/lib/python3.12/site-packages/airflow/example_dags/example_branch_python_dop_operator_3.py for tasks to queue
[2025-01-27T11:44:51.178+0000] {logging_mixin.py:190} INFO - [2025-01-27T11:44:51.177+0000] {dagbag.py:588} INFO - Filling up the DagBag from /home/airflow/.local/lib/python3.12/site-packages/airflow/example_dags/example_branch_python_dop_operator_3.py
[2025-01-27T11:44:51.196+0000] {processor.py:925} INFO - DAG(s) 'example_branch_dop_operator_v3' retrieved from /home/airflow/.local/lib/python3.12/site-packages/airflow/example_dags/example_branch_python_dop_operator_3.py
[2025-01-27T11:44:51.232+0000] {logging_mixin.py:190} INFO - [2025-01-27T11:44:51.232+0000] {dag.py:3239} INFO - Sync 1 DAGs
[2025-01-27T11:44:51.307+0000] {logging_mixin.py:190} INFO - [2025-01-27T11:44:51.307+0000] {dag.py:4180} INFO - Setting next_dagrun for example_branch_dop_operator_v3 to 2025-01-27 11:43:00+00:00, run_after=2025-01-27 11:44:00+00:00
[2025-01-27T11:44:51.345+0000] {processor.py:208} INFO - Processing /home/airflow/.local/lib/python3.12/site-packages/airflow/example_dags/example_branch_python_dop_operator_3.py took 0.185 seconds
[2025-01-27T11:45:21.988+0000] {processor.py:186} INFO - Started process (PID=1106) to work on /home/airflow/.local/lib/python3.12/site-packages/airflow/example_dags/example_branch_python_dop_operator_3.py
[2025-01-27T11:45:21.990+0000] {processor.py:914} INFO - Processing file /home/airflow/.local/lib/python3.12/site-packages/airflow/example_dags/example_branch_python_dop_operator_3.py for tasks to queue
[2025-01-27T11:45:21.994+0000] {logging_mixin.py:190} INFO - [2025-01-27T11:45:21.993+0000] {dagbag.py:588} INFO - Filling up the DagBag from /home/airflow/.local/lib/python3.12/site-packages/airflow/example_dags/example_branch_python_dop_operator_3.py
[2025-01-27T11:45:22.010+0000] {processor.py:925} INFO - DAG(s) 'example_branch_dop_operator_v3' retrieved from /home/airflow/.local/lib/python3.12/site-packages/airflow/example_dags/example_branch_python_dop_operator_3.py
[2025-01-27T11:45:22.042+0000] {logging_mixin.py:190} INFO - [2025-01-27T11:45:22.041+0000] {dag.py:3239} INFO - Sync 1 DAGs
[2025-01-27T11:45:22.103+0000] {logging_mixin.py:190} INFO - [2025-01-27T11:45:22.103+0000] {dag.py:4180} INFO - Setting next_dagrun for example_branch_dop_operator_v3 to 2025-01-27 11:44:00+00:00, run_after=2025-01-27 11:45:00+00:00
[2025-01-27T11:45:22.134+0000] {processor.py:208} INFO - Processing /home/airflow/.local/lib/python3.12/site-packages/airflow/example_dags/example_branch_python_dop_operator_3.py took 0.157 seconds
[2025-01-27T11:45:53.032+0000] {processor.py:186} INFO - Started process (PID=1170) to work on /home/airflow/.local/lib/python3.12/site-packages/airflow/example_dags/example_branch_python_dop_operator_3.py
[2025-01-27T11:45:53.034+0000] {processor.py:914} INFO - Processing file /home/airflow/.local/lib/python3.12/site-packages/airflow/example_dags/example_branch_python_dop_operator_3.py for tasks to queue
[2025-01-27T11:45:53.038+0000] {logging_mixin.py:190} INFO - [2025-01-27T11:45:53.038+0000] {dagbag.py:588} INFO - Filling up the DagBag from /home/airflow/.local/lib/python3.12/site-packages/airflow/example_dags/example_branch_python_dop_operator_3.py
[2025-01-27T11:45:53.057+0000] {processor.py:925} INFO - DAG(s) 'example_branch_dop_operator_v3' retrieved from /home/airflow/.local/lib/python3.12/site-packages/airflow/example_dags/example_branch_python_dop_operator_3.py
[2025-01-27T11:45:53.094+0000] {logging_mixin.py:190} INFO - [2025-01-27T11:45:53.094+0000] {dag.py:3239} INFO - Sync 1 DAGs
[2025-01-27T11:45:53.141+0000] {logging_mixin.py:190} INFO - [2025-01-27T11:45:53.140+0000] {dag.py:4180} INFO - Setting next_dagrun for example_branch_dop_operator_v3 to 2025-01-27 11:44:00+00:00, run_after=2025-01-27 11:45:00+00:00
[2025-01-27T11:45:53.172+0000] {processor.py:208} INFO - Processing /home/airflow/.local/lib/python3.12/site-packages/airflow/example_dags/example_branch_python_dop_operator_3.py took 0.152 seconds
[2025-01-27T11:46:23.361+0000] {processor.py:186} INFO - Started process (PID=1233) to work on /home/airflow/.local/lib/python3.12/site-packages/airflow/example_dags/example_branch_python_dop_operator_3.py
[2025-01-27T11:46:23.363+0000] {processor.py:914} INFO - Processing file /home/airflow/.local/lib/python3.12/site-packages/airflow/example_dags/example_branch_python_dop_operator_3.py for tasks to queue
[2025-01-27T11:46:23.367+0000] {logging_mixin.py:190} INFO - [2025-01-27T11:46:23.367+0000] {dagbag.py:588} INFO - Filling up the DagBag from /home/airflow/.local/lib/python3.12/site-packages/airflow/example_dags/example_branch_python_dop_operator_3.py
[2025-01-27T11:46:23.383+0000] {processor.py:925} INFO - DAG(s) 'example_branch_dop_operator_v3' retrieved from /home/airflow/.local/lib/python3.12/site-packages/airflow/example_dags/example_branch_python_dop_operator_3.py
[2025-01-27T11:46:23.419+0000] {logging_mixin.py:190} INFO - [2025-01-27T11:46:23.419+0000] {dag.py:3239} INFO - Sync 1 DAGs
[2025-01-27T11:46:23.460+0000] {logging_mixin.py:190} INFO - [2025-01-27T11:46:23.460+0000] {dag.py:4180} INFO - Setting next_dagrun for example_branch_dop_operator_v3 to 2025-01-27 11:45:00+00:00, run_after=2025-01-27 11:46:00+00:00
[2025-01-27T11:46:23.488+0000] {processor.py:208} INFO - Processing /home/airflow/.local/lib/python3.12/site-packages/airflow/example_dags/example_branch_python_dop_operator_3.py took 0.139 seconds
[2025-01-27T11:46:53.698+0000] {processor.py:186} INFO - Started process (PID=1297) to work on /home/airflow/.local/lib/python3.12/site-packages/airflow/example_dags/example_branch_python_dop_operator_3.py
[2025-01-27T11:46:53.699+0000] {processor.py:914} INFO - Processing file /home/airflow/.local/lib/python3.12/site-packages/airflow/example_dags/example_branch_python_dop_operator_3.py for tasks to queue
[2025-01-27T11:46:53.704+0000] {logging_mixin.py:190} INFO - [2025-01-27T11:46:53.703+0000] {dagbag.py:588} INFO - Filling up the DagBag from /home/airflow/.local/lib/python3.12/site-packages/airflow/example_dags/example_branch_python_dop_operator_3.py
[2025-01-27T11:46:53.722+0000] {processor.py:925} INFO - DAG(s) 'example_branch_dop_operator_v3' retrieved from /home/airflow/.local/lib/python3.12/site-packages/airflow/example_dags/example_branch_python_dop_operator_3.py
[2025-01-27T11:46:53.754+0000] {logging_mixin.py:190} INFO - [2025-01-27T11:46:53.754+0000] {dag.py:3239} INFO - Sync 1 DAGs
[2025-01-27T11:46:53.819+0000] {logging_mixin.py:190} INFO - [2025-01-27T11:46:53.818+0000] {dag.py:4180} INFO - Setting next_dagrun for example_branch_dop_operator_v3 to 2025-01-27 11:45:00+00:00, run_after=2025-01-27 11:46:00+00:00
[2025-01-27T11:46:53.849+0000] {processor.py:208} INFO - Processing /home/airflow/.local/lib/python3.12/site-packages/airflow/example_dags/example_branch_python_dop_operator_3.py took 0.160 seconds
[2025-01-27T11:47:24.256+0000] {processor.py:186} INFO - Started process (PID=1361) to work on /home/airflow/.local/lib/python3.12/site-packages/airflow/example_dags/example_branch_python_dop_operator_3.py
[2025-01-27T11:47:24.258+0000] {processor.py:914} INFO - Processing file /home/airflow/.local/lib/python3.12/site-packages/airflow/example_dags/example_branch_python_dop_operator_3.py for tasks to queue
[2025-01-27T11:47:24.264+0000] {logging_mixin.py:190} INFO - [2025-01-27T11:47:24.263+0000] {dagbag.py:588} INFO - Filling up the DagBag from /home/airflow/.local/lib/python3.12/site-packages/airflow/example_dags/example_branch_python_dop_operator_3.py
[2025-01-27T11:47:24.310+0000] {processor.py:925} INFO - DAG(s) 'example_branch_dop_operator_v3' retrieved from /home/airflow/.local/lib/python3.12/site-packages/airflow/example_dags/example_branch_python_dop_operator_3.py
[2025-01-27T11:47:24.387+0000] {logging_mixin.py:190} INFO - [2025-01-27T11:47:24.383+0000] {dag.py:3239} INFO - Sync 1 DAGs
[2025-01-27T11:47:24.514+0000] {logging_mixin.py:190} INFO - [2025-01-27T11:47:24.514+0000] {dag.py:4180} INFO - Setting next_dagrun for example_branch_dop_operator_v3 to 2025-01-27 11:46:00+00:00, run_after=2025-01-27 11:47:00+00:00
[2025-01-27T11:47:24.587+0000] {processor.py:208} INFO - Processing /home/airflow/.local/lib/python3.12/site-packages/airflow/example_dags/example_branch_python_dop_operator_3.py took 0.350 seconds
[2025-01-27T11:47:55.184+0000] {processor.py:186} INFO - Started process (PID=1425) to work on /home/airflow/.local/lib/python3.12/site-packages/airflow/example_dags/example_branch_python_dop_operator_3.py
[2025-01-27T11:47:55.189+0000] {processor.py:914} INFO - Processing file /home/airflow/.local/lib/python3.12/site-packages/airflow/example_dags/example_branch_python_dop_operator_3.py for tasks to queue
[2025-01-27T11:47:55.198+0000] {logging_mixin.py:190} INFO - [2025-01-27T11:47:55.197+0000] {dagbag.py:588} INFO - Filling up the DagBag from /home/airflow/.local/lib/python3.12/site-packages/airflow/example_dags/example_branch_python_dop_operator_3.py
[2025-01-27T11:47:55.225+0000] {processor.py:925} INFO - DAG(s) 'example_branch_dop_operator_v3' retrieved from /home/airflow/.local/lib/python3.12/site-packages/airflow/example_dags/example_branch_python_dop_operator_3.py
[2025-01-27T11:47:55.265+0000] {logging_mixin.py:190} INFO - [2025-01-27T11:47:55.264+0000] {dag.py:3239} INFO - Sync 1 DAGs
[2025-01-27T11:47:55.323+0000] {logging_mixin.py:190} INFO - [2025-01-27T11:47:55.322+0000] {dag.py:4180} INFO - Setting next_dagrun for example_branch_dop_operator_v3 to 2025-01-27 11:46:00+00:00, run_after=2025-01-27 11:47:00+00:00
[2025-01-27T11:47:55.364+0000] {processor.py:208} INFO - Processing /home/airflow/.local/lib/python3.12/site-packages/airflow/example_dags/example_branch_python_dop_operator_3.py took 0.198 seconds
[2025-01-27T11:48:27.165+0000] {processor.py:186} INFO - Started process (PID=1489) to work on /home/airflow/.local/lib/python3.12/site-packages/airflow/example_dags/example_branch_python_dop_operator_3.py
[2025-01-27T11:48:27.167+0000] {processor.py:914} INFO - Processing file /home/airflow/.local/lib/python3.12/site-packages/airflow/example_dags/example_branch_python_dop_operator_3.py for tasks to queue
[2025-01-27T11:48:27.171+0000] {logging_mixin.py:190} INFO - [2025-01-27T11:48:27.170+0000] {dagbag.py:588} INFO - Filling up the DagBag from /home/airflow/.local/lib/python3.12/site-packages/airflow/example_dags/example_branch_python_dop_operator_3.py
[2025-01-27T11:48:27.189+0000] {processor.py:925} INFO - DAG(s) 'example_branch_dop_operator_v3' retrieved from /home/airflow/.local/lib/python3.12/site-packages/airflow/example_dags/example_branch_python_dop_operator_3.py
[2025-01-27T11:48:27.223+0000] {logging_mixin.py:190} INFO - [2025-01-27T11:48:27.223+0000] {dag.py:3239} INFO - Sync 1 DAGs
[2025-01-27T11:48:27.273+0000] {logging_mixin.py:190} INFO - [2025-01-27T11:48:27.273+0000] {dag.py:4180} INFO - Setting next_dagrun for example_branch_dop_operator_v3 to 2025-01-27 11:47:00+00:00, run_after=2025-01-27 11:48:00+00:00
[2025-01-27T11:48:27.306+0000] {processor.py:208} INFO - Processing /home/airflow/.local/lib/python3.12/site-packages/airflow/example_dags/example_branch_python_dop_operator_3.py took 0.151 seconds
[2025-01-27T11:48:58.009+0000] {processor.py:186} INFO - Started process (PID=1554) to work on /home/airflow/.local/lib/python3.12/site-packages/airflow/example_dags/example_branch_python_dop_operator_3.py
[2025-01-27T11:48:58.012+0000] {processor.py:914} INFO - Processing file /home/airflow/.local/lib/python3.12/site-packages/airflow/example_dags/example_branch_python_dop_operator_3.py for tasks to queue
[2025-01-27T11:48:58.024+0000] {logging_mixin.py:190} INFO - [2025-01-27T11:48:58.020+0000] {dagbag.py:588} INFO - Filling up the DagBag from /home/airflow/.local/lib/python3.12/site-packages/airflow/example_dags/example_branch_python_dop_operator_3.py
[2025-01-27T11:48:58.083+0000] {processor.py:925} INFO - DAG(s) 'example_branch_dop_operator_v3' retrieved from /home/airflow/.local/lib/python3.12/site-packages/airflow/example_dags/example_branch_python_dop_operator_3.py
[2025-01-27T11:48:58.127+0000] {logging_mixin.py:190} INFO - [2025-01-27T11:48:58.126+0000] {dag.py:3239} INFO - Sync 1 DAGs
[2025-01-27T11:48:58.275+0000] {logging_mixin.py:190} INFO - [2025-01-27T11:48:58.274+0000] {dag.py:4180} INFO - Setting next_dagrun for example_branch_dop_operator_v3 to 2025-01-27 11:47:00+00:00, run_after=2025-01-27 11:48:00+00:00
[2025-01-27T11:48:58.373+0000] {processor.py:208} INFO - Processing /home/airflow/.local/lib/python3.12/site-packages/airflow/example_dags/example_branch_python_dop_operator_3.py took 0.396 seconds
[2025-01-27T11:49:28.986+0000] {processor.py:186} INFO - Started process (PID=1617) to work on /home/airflow/.local/lib/python3.12/site-packages/airflow/example_dags/example_branch_python_dop_operator_3.py
[2025-01-27T11:49:28.988+0000] {processor.py:914} INFO - Processing file /home/airflow/.local/lib/python3.12/site-packages/airflow/example_dags/example_branch_python_dop_operator_3.py for tasks to queue
[2025-01-27T11:49:28.999+0000] {logging_mixin.py:190} INFO - [2025-01-27T11:49:28.994+0000] {dagbag.py:588} INFO - Filling up the DagBag from /home/airflow/.local/lib/python3.12/site-packages/airflow/example_dags/example_branch_python_dop_operator_3.py
[2025-01-27T11:49:29.024+0000] {processor.py:925} INFO - DAG(s) 'example_branch_dop_operator_v3' retrieved from /home/airflow/.local/lib/python3.12/site-packages/airflow/example_dags/example_branch_python_dop_operator_3.py
[2025-01-27T11:49:29.062+0000] {logging_mixin.py:190} INFO - [2025-01-27T11:49:29.062+0000] {dag.py:3239} INFO - Sync 1 DAGs
[2025-01-27T11:49:29.103+0000] {logging_mixin.py:190} INFO - [2025-01-27T11:49:29.103+0000] {dag.py:4180} INFO - Setting next_dagrun for example_branch_dop_operator_v3 to 2025-01-27 11:48:00+00:00, run_after=2025-01-27 11:49:00+00:00
[2025-01-27T11:49:29.133+0000] {processor.py:208} INFO - Processing /home/airflow/.local/lib/python3.12/site-packages/airflow/example_dags/example_branch_python_dop_operator_3.py took 0.164 seconds
[2025-01-27T11:49:59.539+0000] {processor.py:186} INFO - Started process (PID=1682) to work on /home/airflow/.local/lib/python3.12/site-packages/airflow/example_dags/example_branch_python_dop_operator_3.py
[2025-01-27T11:49:59.541+0000] {processor.py:914} INFO - Processing file /home/airflow/.local/lib/python3.12/site-packages/airflow/example_dags/example_branch_python_dop_operator_3.py for tasks to queue
[2025-01-27T11:49:59.545+0000] {logging_mixin.py:190} INFO - [2025-01-27T11:49:59.545+0000] {dagbag.py:588} INFO - Filling up the DagBag from /home/airflow/.local/lib/python3.12/site-packages/airflow/example_dags/example_branch_python_dop_operator_3.py
[2025-01-27T11:49:59.561+0000] {processor.py:925} INFO - DAG(s) 'example_branch_dop_operator_v3' retrieved from /home/airflow/.local/lib/python3.12/site-packages/airflow/example_dags/example_branch_python_dop_operator_3.py
[2025-01-27T11:49:59.593+0000] {logging_mixin.py:190} INFO - [2025-01-27T11:49:59.593+0000] {dag.py:3239} INFO - Sync 1 DAGs
[2025-01-27T11:49:59.637+0000] {logging_mixin.py:190} INFO - [2025-01-27T11:49:59.637+0000] {dag.py:4180} INFO - Setting next_dagrun for example_branch_dop_operator_v3 to 2025-01-27 11:48:00+00:00, run_after=2025-01-27 11:49:00+00:00
[2025-01-27T11:49:59.669+0000] {processor.py:208} INFO - Processing /home/airflow/.local/lib/python3.12/site-packages/airflow/example_dags/example_branch_python_dop_operator_3.py took 0.142 seconds
[2025-01-27T11:50:30.146+0000] {processor.py:186} INFO - Started process (PID=1746) to work on /home/airflow/.local/lib/python3.12/site-packages/airflow/example_dags/example_branch_python_dop_operator_3.py
[2025-01-27T11:50:30.148+0000] {processor.py:914} INFO - Processing file /home/airflow/.local/lib/python3.12/site-packages/airflow/example_dags/example_branch_python_dop_operator_3.py for tasks to queue
[2025-01-27T11:50:30.152+0000] {logging_mixin.py:190} INFO - [2025-01-27T11:50:30.151+0000] {dagbag.py:588} INFO - Filling up the DagBag from /home/airflow/.local/lib/python3.12/site-packages/airflow/example_dags/example_branch_python_dop_operator_3.py
[2025-01-27T11:50:30.173+0000] {processor.py:925} INFO - DAG(s) 'example_branch_dop_operator_v3' retrieved from /home/airflow/.local/lib/python3.12/site-packages/airflow/example_dags/example_branch_python_dop_operator_3.py
[2025-01-27T11:50:30.208+0000] {logging_mixin.py:190} INFO - [2025-01-27T11:50:30.208+0000] {dag.py:3239} INFO - Sync 1 DAGs
[2025-01-27T11:50:30.250+0000] {logging_mixin.py:190} INFO - [2025-01-27T11:50:30.249+0000] {dag.py:4180} INFO - Setting next_dagrun for example_branch_dop_operator_v3 to 2025-01-27 11:49:00+00:00, run_after=2025-01-27 11:50:00+00:00
[2025-01-27T11:50:30.285+0000] {processor.py:208} INFO - Processing /home/airflow/.local/lib/python3.12/site-packages/airflow/example_dags/example_branch_python_dop_operator_3.py took 0.148 seconds
