[2025-01-27T10:33:23.278+0000] {processor.py:186} INFO - Started process (PID=151) to work on /home/airflow/.local/lib/python3.12/site-packages/airflow/example_dags/example_external_task_marker_dag.py
[2025-01-27T10:33:23.322+0000] {processor.py:914} INFO - Processing file /home/airflow/.local/lib/python3.12/site-packages/airflow/example_dags/example_external_task_marker_dag.py for tasks to queue
[2025-01-27T10:33:23.410+0000] {logging_mixin.py:190} INFO - [2025-01-27T10:33:23.406+0000] {dagbag.py:588} INFO - Filling up the DagBag from /home/airflow/.local/lib/python3.12/site-packages/airflow/example_dags/example_external_task_marker_dag.py
[2025-01-27T10:33:23.445+0000] {processor.py:925} INFO - DAG(s) 'example_external_task_marker_parent', 'example_external_task_marker_child' retrieved from /home/airflow/.local/lib/python3.12/site-packages/airflow/example_dags/example_external_task_marker_dag.py
[2025-01-27T10:33:23.691+0000] {logging_mixin.py:190} INFO - [2025-01-27T10:33:23.690+0000] {dag.py:3239} INFO - Sync 2 DAGs
[2025-01-27T10:33:23.977+0000] {logging_mixin.py:190} INFO - [2025-01-27T10:33:23.977+0000] {dag.py:4180} INFO - Setting next_dagrun for example_external_task_marker_child to None, run_after=None
[2025-01-27T10:33:24.016+0000] {logging_mixin.py:190} INFO - [2025-01-27T10:33:24.015+0000] {dag.py:4180} INFO - Setting next_dagrun for example_external_task_marker_parent to None, run_after=None
[2025-01-27T10:33:24.142+0000] {processor.py:208} INFO - Processing /home/airflow/.local/lib/python3.12/site-packages/airflow/example_dags/example_external_task_marker_dag.py took 0.926 seconds
[2025-01-27T10:34:42.813+0000] {processor.py:186} INFO - Started process (PID=236) to work on /home/airflow/.local/lib/python3.12/site-packages/airflow/example_dags/example_external_task_marker_dag.py
[2025-01-27T10:34:42.840+0000] {processor.py:914} INFO - Processing file /home/airflow/.local/lib/python3.12/site-packages/airflow/example_dags/example_external_task_marker_dag.py for tasks to queue
[2025-01-27T10:34:42.873+0000] {logging_mixin.py:190} INFO - [2025-01-27T10:34:42.859+0000] {dagbag.py:588} INFO - Filling up the DagBag from /home/airflow/.local/lib/python3.12/site-packages/airflow/example_dags/example_external_task_marker_dag.py
[2025-01-27T10:34:42.908+0000] {processor.py:925} INFO - DAG(s) 'example_external_task_marker_child', 'example_external_task_marker_parent' retrieved from /home/airflow/.local/lib/python3.12/site-packages/airflow/example_dags/example_external_task_marker_dag.py
[2025-01-27T10:34:43.029+0000] {logging_mixin.py:190} INFO - [2025-01-27T10:34:43.029+0000] {dag.py:3239} INFO - Sync 2 DAGs
[2025-01-27T10:34:43.102+0000] {logging_mixin.py:190} INFO - [2025-01-27T10:34:43.101+0000] {dag.py:4180} INFO - Setting next_dagrun for example_external_task_marker_child to None, run_after=None
[2025-01-27T10:34:43.118+0000] {logging_mixin.py:190} INFO - [2025-01-27T10:34:43.117+0000] {dag.py:4180} INFO - Setting next_dagrun for example_external_task_marker_parent to None, run_after=None
[2025-01-27T10:34:43.204+0000] {processor.py:208} INFO - Processing /home/airflow/.local/lib/python3.12/site-packages/airflow/example_dags/example_external_task_marker_dag.py took 0.404 seconds
[2025-01-27T10:44:42.581+0000] {processor.py:186} INFO - Started process (PID=151) to work on /home/airflow/.local/lib/python3.12/site-packages/airflow/example_dags/example_external_task_marker_dag.py
[2025-01-27T10:44:42.588+0000] {processor.py:914} INFO - Processing file /home/airflow/.local/lib/python3.12/site-packages/airflow/example_dags/example_external_task_marker_dag.py for tasks to queue
[2025-01-27T10:44:42.648+0000] {logging_mixin.py:190} INFO - [2025-01-27T10:44:42.647+0000] {dagbag.py:588} INFO - Filling up the DagBag from /home/airflow/.local/lib/python3.12/site-packages/airflow/example_dags/example_external_task_marker_dag.py
[2025-01-27T10:44:42.793+0000] {processor.py:925} INFO - DAG(s) 'example_external_task_marker_parent', 'example_external_task_marker_child' retrieved from /home/airflow/.local/lib/python3.12/site-packages/airflow/example_dags/example_external_task_marker_dag.py
[2025-01-27T10:44:43.044+0000] {logging_mixin.py:190} INFO - [2025-01-27T10:44:42.999+0000] {dag.py:3239} INFO - Sync 2 DAGs
[2025-01-27T10:44:43.378+0000] {logging_mixin.py:190} INFO - [2025-01-27T10:44:43.378+0000] {dag.py:4180} INFO - Setting next_dagrun for example_external_task_marker_child to None, run_after=None
[2025-01-27T10:44:43.412+0000] {logging_mixin.py:190} INFO - [2025-01-27T10:44:43.412+0000] {dag.py:4180} INFO - Setting next_dagrun for example_external_task_marker_parent to None, run_after=None
[2025-01-27T10:44:43.671+0000] {processor.py:208} INFO - Processing /home/airflow/.local/lib/python3.12/site-packages/airflow/example_dags/example_external_task_marker_dag.py took 1.185 seconds
[2025-01-27T10:45:57.189+0000] {processor.py:186} INFO - Started process (PID=226) to work on /home/airflow/.local/lib/python3.12/site-packages/airflow/example_dags/example_external_task_marker_dag.py
[2025-01-27T10:45:57.200+0000] {processor.py:914} INFO - Processing file /home/airflow/.local/lib/python3.12/site-packages/airflow/example_dags/example_external_task_marker_dag.py for tasks to queue
[2025-01-27T10:45:57.221+0000] {logging_mixin.py:190} INFO - [2025-01-27T10:45:57.220+0000] {dagbag.py:588} INFO - Filling up the DagBag from /home/airflow/.local/lib/python3.12/site-packages/airflow/example_dags/example_external_task_marker_dag.py
[2025-01-27T10:45:57.309+0000] {processor.py:925} INFO - DAG(s) 'example_external_task_marker_child', 'example_external_task_marker_parent' retrieved from /home/airflow/.local/lib/python3.12/site-packages/airflow/example_dags/example_external_task_marker_dag.py
[2025-01-27T10:45:57.457+0000] {logging_mixin.py:190} INFO - [2025-01-27T10:45:57.456+0000] {dag.py:3239} INFO - Sync 2 DAGs
[2025-01-27T10:45:57.534+0000] {logging_mixin.py:190} INFO - [2025-01-27T10:45:57.534+0000] {dag.py:4180} INFO - Setting next_dagrun for example_external_task_marker_child to None, run_after=None
[2025-01-27T10:45:57.566+0000] {logging_mixin.py:190} INFO - [2025-01-27T10:45:57.565+0000] {dag.py:4180} INFO - Setting next_dagrun for example_external_task_marker_parent to None, run_after=None
[2025-01-27T10:45:57.664+0000] {processor.py:208} INFO - Processing /home/airflow/.local/lib/python3.12/site-packages/airflow/example_dags/example_external_task_marker_dag.py took 0.537 seconds
[2025-01-27T10:46:30.171+0000] {processor.py:186} INFO - Started process (PID=268) to work on /home/airflow/.local/lib/python3.12/site-packages/airflow/example_dags/example_external_task_marker_dag.py
[2025-01-27T10:46:30.181+0000] {processor.py:914} INFO - Processing file /home/airflow/.local/lib/python3.12/site-packages/airflow/example_dags/example_external_task_marker_dag.py for tasks to queue
[2025-01-27T10:46:30.196+0000] {logging_mixin.py:190} INFO - [2025-01-27T10:46:30.191+0000] {dagbag.py:588} INFO - Filling up the DagBag from /home/airflow/.local/lib/python3.12/site-packages/airflow/example_dags/example_external_task_marker_dag.py
[2025-01-27T10:46:30.254+0000] {processor.py:925} INFO - DAG(s) 'example_external_task_marker_child', 'example_external_task_marker_parent' retrieved from /home/airflow/.local/lib/python3.12/site-packages/airflow/example_dags/example_external_task_marker_dag.py
[2025-01-27T10:46:30.401+0000] {logging_mixin.py:190} INFO - [2025-01-27T10:46:30.400+0000] {dag.py:3239} INFO - Sync 2 DAGs
[2025-01-27T10:46:30.596+0000] {logging_mixin.py:190} INFO - [2025-01-27T10:46:30.596+0000] {dag.py:4180} INFO - Setting next_dagrun for example_external_task_marker_child to None, run_after=None
[2025-01-27T10:46:30.661+0000] {logging_mixin.py:190} INFO - [2025-01-27T10:46:30.660+0000] {dag.py:4180} INFO - Setting next_dagrun for example_external_task_marker_parent to None, run_after=None
[2025-01-27T10:46:30.876+0000] {processor.py:208} INFO - Processing /home/airflow/.local/lib/python3.12/site-packages/airflow/example_dags/example_external_task_marker_dag.py took 0.737 seconds
[2025-01-27T10:47:01.716+0000] {processor.py:186} INFO - Started process (PID=332) to work on /home/airflow/.local/lib/python3.12/site-packages/airflow/example_dags/example_external_task_marker_dag.py
[2025-01-27T10:47:01.724+0000] {processor.py:914} INFO - Processing file /home/airflow/.local/lib/python3.12/site-packages/airflow/example_dags/example_external_task_marker_dag.py for tasks to queue
[2025-01-27T10:47:01.731+0000] {logging_mixin.py:190} INFO - [2025-01-27T10:47:01.730+0000] {dagbag.py:588} INFO - Filling up the DagBag from /home/airflow/.local/lib/python3.12/site-packages/airflow/example_dags/example_external_task_marker_dag.py
[2025-01-27T10:47:01.760+0000] {processor.py:925} INFO - DAG(s) 'example_external_task_marker_child', 'example_external_task_marker_parent' retrieved from /home/airflow/.local/lib/python3.12/site-packages/airflow/example_dags/example_external_task_marker_dag.py
[2025-01-27T10:47:01.874+0000] {logging_mixin.py:190} INFO - [2025-01-27T10:47:01.874+0000] {dag.py:3239} INFO - Sync 2 DAGs
[2025-01-27T10:47:01.946+0000] {logging_mixin.py:190} INFO - [2025-01-27T10:47:01.945+0000] {dag.py:4180} INFO - Setting next_dagrun for example_external_task_marker_child to None, run_after=None
[2025-01-27T10:47:01.975+0000] {logging_mixin.py:190} INFO - [2025-01-27T10:47:01.974+0000] {dag.py:4180} INFO - Setting next_dagrun for example_external_task_marker_parent to None, run_after=None
[2025-01-27T10:47:02.293+0000] {processor.py:208} INFO - Processing /home/airflow/.local/lib/python3.12/site-packages/airflow/example_dags/example_external_task_marker_dag.py took 0.522 seconds
[2025-01-27T10:54:42.373+0000] {processor.py:186} INFO - Started process (PID=85) to work on /home/airflow/.local/lib/python3.12/site-packages/airflow/example_dags/example_external_task_marker_dag.py
[2025-01-27T10:54:42.376+0000] {processor.py:914} INFO - Processing file /home/airflow/.local/lib/python3.12/site-packages/airflow/example_dags/example_external_task_marker_dag.py for tasks to queue
[2025-01-27T10:54:42.381+0000] {logging_mixin.py:190} INFO - [2025-01-27T10:54:42.380+0000] {dagbag.py:588} INFO - Filling up the DagBag from /home/airflow/.local/lib/python3.12/site-packages/airflow/example_dags/example_external_task_marker_dag.py
[2025-01-27T10:54:42.403+0000] {processor.py:925} INFO - DAG(s) 'example_external_task_marker_child', 'example_external_task_marker_parent' retrieved from /home/airflow/.local/lib/python3.12/site-packages/airflow/example_dags/example_external_task_marker_dag.py
[2025-01-27T10:54:42.495+0000] {logging_mixin.py:190} INFO - [2025-01-27T10:54:42.495+0000] {dag.py:3239} INFO - Sync 2 DAGs
[2025-01-27T10:54:42.550+0000] {logging_mixin.py:190} INFO - [2025-01-27T10:54:42.549+0000] {dag.py:4180} INFO - Setting next_dagrun for example_external_task_marker_child to None, run_after=None
[2025-01-27T10:54:42.574+0000] {logging_mixin.py:190} INFO - [2025-01-27T10:54:42.573+0000] {dag.py:4180} INFO - Setting next_dagrun for example_external_task_marker_parent to None, run_after=None
[2025-01-27T10:54:42.655+0000] {processor.py:208} INFO - Processing /home/airflow/.local/lib/python3.12/site-packages/airflow/example_dags/example_external_task_marker_dag.py took 0.297 seconds
[2025-01-27T10:55:20.068+0000] {processor.py:186} INFO - Started process (PID=149) to work on /home/airflow/.local/lib/python3.12/site-packages/airflow/example_dags/example_external_task_marker_dag.py
[2025-01-27T10:55:20.071+0000] {processor.py:914} INFO - Processing file /home/airflow/.local/lib/python3.12/site-packages/airflow/example_dags/example_external_task_marker_dag.py for tasks to queue
[2025-01-27T10:55:20.111+0000] {logging_mixin.py:190} INFO - [2025-01-27T10:55:20.111+0000] {dagbag.py:588} INFO - Filling up the DagBag from /home/airflow/.local/lib/python3.12/site-packages/airflow/example_dags/example_external_task_marker_dag.py
[2025-01-27T10:55:20.163+0000] {processor.py:925} INFO - DAG(s) 'example_external_task_marker_parent', 'example_external_task_marker_child' retrieved from /home/airflow/.local/lib/python3.12/site-packages/airflow/example_dags/example_external_task_marker_dag.py
[2025-01-27T10:55:20.430+0000] {logging_mixin.py:190} INFO - [2025-01-27T10:55:20.429+0000] {dag.py:3239} INFO - Sync 2 DAGs
[2025-01-27T10:55:20.571+0000] {logging_mixin.py:190} INFO - [2025-01-27T10:55:20.571+0000] {dag.py:4180} INFO - Setting next_dagrun for example_external_task_marker_child to None, run_after=None
[2025-01-27T10:55:20.645+0000] {logging_mixin.py:190} INFO - [2025-01-27T10:55:20.644+0000] {dag.py:4180} INFO - Setting next_dagrun for example_external_task_marker_parent to None, run_after=None
[2025-01-27T10:55:20.837+0000] {processor.py:208} INFO - Processing /home/airflow/.local/lib/python3.12/site-packages/airflow/example_dags/example_external_task_marker_dag.py took 0.815 seconds
[2025-01-27T10:56:15.265+0000] {processor.py:186} INFO - Started process (PID=163) to work on /home/airflow/.local/lib/python3.12/site-packages/airflow/example_dags/example_external_task_marker_dag.py
[2025-01-27T10:56:15.297+0000] {processor.py:914} INFO - Processing file /home/airflow/.local/lib/python3.12/site-packages/airflow/example_dags/example_external_task_marker_dag.py for tasks to queue
[2025-01-27T10:56:15.310+0000] {logging_mixin.py:190} INFO - [2025-01-27T10:56:15.304+0000] {dagbag.py:588} INFO - Filling up the DagBag from /home/airflow/.local/lib/python3.12/site-packages/airflow/example_dags/example_external_task_marker_dag.py
[2025-01-27T10:56:15.356+0000] {processor.py:925} INFO - DAG(s) 'example_external_task_marker_child', 'example_external_task_marker_parent' retrieved from /home/airflow/.local/lib/python3.12/site-packages/airflow/example_dags/example_external_task_marker_dag.py
[2025-01-27T10:56:15.475+0000] {logging_mixin.py:190} INFO - [2025-01-27T10:56:15.475+0000] {dag.py:3239} INFO - Sync 2 DAGs
[2025-01-27T10:56:15.553+0000] {logging_mixin.py:190} INFO - [2025-01-27T10:56:15.553+0000] {dag.py:4180} INFO - Setting next_dagrun for example_external_task_marker_child to None, run_after=None
[2025-01-27T10:56:15.565+0000] {logging_mixin.py:190} INFO - [2025-01-27T10:56:15.564+0000] {dag.py:4180} INFO - Setting next_dagrun for example_external_task_marker_parent to None, run_after=None
[2025-01-27T10:56:15.701+0000] {processor.py:208} INFO - Processing /home/airflow/.local/lib/python3.12/site-packages/airflow/example_dags/example_external_task_marker_dag.py took 0.485 seconds
[2025-01-27T10:56:52.103+0000] {processor.py:186} INFO - Started process (PID=228) to work on /home/airflow/.local/lib/python3.12/site-packages/airflow/example_dags/example_external_task_marker_dag.py
[2025-01-27T10:56:52.115+0000] {processor.py:914} INFO - Processing file /home/airflow/.local/lib/python3.12/site-packages/airflow/example_dags/example_external_task_marker_dag.py for tasks to queue
[2025-01-27T10:56:52.136+0000] {logging_mixin.py:190} INFO - [2025-01-27T10:56:52.123+0000] {dagbag.py:588} INFO - Filling up the DagBag from /home/airflow/.local/lib/python3.12/site-packages/airflow/example_dags/example_external_task_marker_dag.py
[2025-01-27T10:56:52.198+0000] {processor.py:925} INFO - DAG(s) 'example_external_task_marker_parent', 'example_external_task_marker_child' retrieved from /home/airflow/.local/lib/python3.12/site-packages/airflow/example_dags/example_external_task_marker_dag.py
[2025-01-27T10:56:52.459+0000] {logging_mixin.py:190} INFO - [2025-01-27T10:56:52.459+0000] {dag.py:3239} INFO - Sync 2 DAGs
[2025-01-27T10:56:52.545+0000] {logging_mixin.py:190} INFO - [2025-01-27T10:56:52.545+0000] {dag.py:4180} INFO - Setting next_dagrun for example_external_task_marker_child to None, run_after=None
[2025-01-27T10:56:52.562+0000] {logging_mixin.py:190} INFO - [2025-01-27T10:56:52.562+0000] {dag.py:4180} INFO - Setting next_dagrun for example_external_task_marker_parent to None, run_after=None
[2025-01-27T10:56:52.627+0000] {processor.py:208} INFO - Processing /home/airflow/.local/lib/python3.12/site-packages/airflow/example_dags/example_external_task_marker_dag.py took 0.543 seconds
[2025-01-27T10:57:36.931+0000] {processor.py:186} INFO - Started process (PID=270) to work on /home/airflow/.local/lib/python3.12/site-packages/airflow/example_dags/example_external_task_marker_dag.py
[2025-01-27T10:57:36.934+0000] {processor.py:914} INFO - Processing file /home/airflow/.local/lib/python3.12/site-packages/airflow/example_dags/example_external_task_marker_dag.py for tasks to queue
[2025-01-27T10:57:36.949+0000] {logging_mixin.py:190} INFO - [2025-01-27T10:57:36.948+0000] {dagbag.py:588} INFO - Filling up the DagBag from /home/airflow/.local/lib/python3.12/site-packages/airflow/example_dags/example_external_task_marker_dag.py
[2025-01-27T10:57:37.006+0000] {processor.py:925} INFO - DAG(s) 'example_external_task_marker_child', 'example_external_task_marker_parent' retrieved from /home/airflow/.local/lib/python3.12/site-packages/airflow/example_dags/example_external_task_marker_dag.py
[2025-01-27T10:57:37.171+0000] {logging_mixin.py:190} INFO - [2025-01-27T10:57:37.170+0000] {dag.py:3239} INFO - Sync 2 DAGs
[2025-01-27T10:57:37.465+0000] {logging_mixin.py:190} INFO - [2025-01-27T10:57:37.464+0000] {dag.py:4180} INFO - Setting next_dagrun for example_external_task_marker_child to None, run_after=None
[2025-01-27T10:57:37.496+0000] {logging_mixin.py:190} INFO - [2025-01-27T10:57:37.495+0000] {dag.py:4180} INFO - Setting next_dagrun for example_external_task_marker_parent to None, run_after=None
[2025-01-27T10:57:37.619+0000] {processor.py:208} INFO - Processing /home/airflow/.local/lib/python3.12/site-packages/airflow/example_dags/example_external_task_marker_dag.py took 0.718 seconds
[2025-01-27T10:58:08.180+0000] {processor.py:186} INFO - Started process (PID=334) to work on /home/airflow/.local/lib/python3.12/site-packages/airflow/example_dags/example_external_task_marker_dag.py
[2025-01-27T10:58:08.182+0000] {processor.py:914} INFO - Processing file /home/airflow/.local/lib/python3.12/site-packages/airflow/example_dags/example_external_task_marker_dag.py for tasks to queue
[2025-01-27T10:58:08.187+0000] {logging_mixin.py:190} INFO - [2025-01-27T10:58:08.187+0000] {dagbag.py:588} INFO - Filling up the DagBag from /home/airflow/.local/lib/python3.12/site-packages/airflow/example_dags/example_external_task_marker_dag.py
[2025-01-27T10:58:08.230+0000] {processor.py:925} INFO - DAG(s) 'example_external_task_marker_parent', 'example_external_task_marker_child' retrieved from /home/airflow/.local/lib/python3.12/site-packages/airflow/example_dags/example_external_task_marker_dag.py
[2025-01-27T10:58:08.336+0000] {logging_mixin.py:190} INFO - [2025-01-27T10:58:08.335+0000] {dag.py:3239} INFO - Sync 2 DAGs
[2025-01-27T10:58:08.402+0000] {logging_mixin.py:190} INFO - [2025-01-27T10:58:08.399+0000] {dag.py:4180} INFO - Setting next_dagrun for example_external_task_marker_child to None, run_after=None
[2025-01-27T10:58:08.427+0000] {logging_mixin.py:190} INFO - [2025-01-27T10:58:08.426+0000] {dag.py:4180} INFO - Setting next_dagrun for example_external_task_marker_parent to None, run_after=None
[2025-01-27T10:58:08.499+0000] {processor.py:208} INFO - Processing /home/airflow/.local/lib/python3.12/site-packages/airflow/example_dags/example_external_task_marker_dag.py took 0.332 seconds
[2025-01-27T10:58:59.660+0000] {processor.py:186} INFO - Started process (PID=390) to work on /home/airflow/.local/lib/python3.12/site-packages/airflow/example_dags/example_external_task_marker_dag.py
[2025-01-27T10:58:59.674+0000] {processor.py:914} INFO - Processing file /home/airflow/.local/lib/python3.12/site-packages/airflow/example_dags/example_external_task_marker_dag.py for tasks to queue
[2025-01-27T10:58:59.690+0000] {logging_mixin.py:190} INFO - [2025-01-27T10:58:59.689+0000] {dagbag.py:588} INFO - Filling up the DagBag from /home/airflow/.local/lib/python3.12/site-packages/airflow/example_dags/example_external_task_marker_dag.py
[2025-01-27T10:58:59.783+0000] {processor.py:925} INFO - DAG(s) 'example_external_task_marker_child', 'example_external_task_marker_parent' retrieved from /home/airflow/.local/lib/python3.12/site-packages/airflow/example_dags/example_external_task_marker_dag.py
[2025-01-27T10:59:00.129+0000] {logging_mixin.py:190} INFO - [2025-01-27T10:59:00.129+0000] {dag.py:3239} INFO - Sync 2 DAGs
[2025-01-27T10:59:00.291+0000] {logging_mixin.py:190} INFO - [2025-01-27T10:59:00.290+0000] {dag.py:4180} INFO - Setting next_dagrun for example_external_task_marker_child to None, run_after=None
[2025-01-27T10:59:00.306+0000] {logging_mixin.py:190} INFO - [2025-01-27T10:59:00.306+0000] {dag.py:4180} INFO - Setting next_dagrun for example_external_task_marker_parent to None, run_after=None
[2025-01-27T10:59:00.475+0000] {processor.py:208} INFO - Processing /home/airflow/.local/lib/python3.12/site-packages/airflow/example_dags/example_external_task_marker_dag.py took 0.832 seconds
[2025-01-27T10:59:31.328+0000] {processor.py:186} INFO - Started process (PID=455) to work on /home/airflow/.local/lib/python3.12/site-packages/airflow/example_dags/example_external_task_marker_dag.py
[2025-01-27T10:59:31.330+0000] {processor.py:914} INFO - Processing file /home/airflow/.local/lib/python3.12/site-packages/airflow/example_dags/example_external_task_marker_dag.py for tasks to queue
[2025-01-27T10:59:31.335+0000] {logging_mixin.py:190} INFO - [2025-01-27T10:59:31.334+0000] {dagbag.py:588} INFO - Filling up the DagBag from /home/airflow/.local/lib/python3.12/site-packages/airflow/example_dags/example_external_task_marker_dag.py
[2025-01-27T10:59:31.354+0000] {processor.py:925} INFO - DAG(s) 'example_external_task_marker_child', 'example_external_task_marker_parent' retrieved from /home/airflow/.local/lib/python3.12/site-packages/airflow/example_dags/example_external_task_marker_dag.py
[2025-01-27T10:59:31.428+0000] {logging_mixin.py:190} INFO - [2025-01-27T10:59:31.427+0000] {dag.py:3239} INFO - Sync 2 DAGs
[2025-01-27T10:59:31.540+0000] {logging_mixin.py:190} INFO - [2025-01-27T10:59:31.539+0000] {dag.py:4180} INFO - Setting next_dagrun for example_external_task_marker_child to None, run_after=None
[2025-01-27T10:59:31.563+0000] {logging_mixin.py:190} INFO - [2025-01-27T10:59:31.562+0000] {dag.py:4180} INFO - Setting next_dagrun for example_external_task_marker_parent to None, run_after=None
[2025-01-27T10:59:31.663+0000] {processor.py:208} INFO - Processing /home/airflow/.local/lib/python3.12/site-packages/airflow/example_dags/example_external_task_marker_dag.py took 0.348 seconds
[2025-01-27T11:00:02.245+0000] {processor.py:186} INFO - Started process (PID=518) to work on /home/airflow/.local/lib/python3.12/site-packages/airflow/example_dags/example_external_task_marker_dag.py
[2025-01-27T11:00:02.248+0000] {processor.py:914} INFO - Processing file /home/airflow/.local/lib/python3.12/site-packages/airflow/example_dags/example_external_task_marker_dag.py for tasks to queue
[2025-01-27T11:00:02.261+0000] {logging_mixin.py:190} INFO - [2025-01-27T11:00:02.260+0000] {dagbag.py:588} INFO - Filling up the DagBag from /home/airflow/.local/lib/python3.12/site-packages/airflow/example_dags/example_external_task_marker_dag.py
[2025-01-27T11:00:02.295+0000] {processor.py:925} INFO - DAG(s) 'example_external_task_marker_parent', 'example_external_task_marker_child' retrieved from /home/airflow/.local/lib/python3.12/site-packages/airflow/example_dags/example_external_task_marker_dag.py
[2025-01-27T11:00:02.400+0000] {logging_mixin.py:190} INFO - [2025-01-27T11:00:02.400+0000] {dag.py:3239} INFO - Sync 2 DAGs
[2025-01-27T11:00:02.442+0000] {logging_mixin.py:190} INFO - [2025-01-27T11:00:02.442+0000] {dag.py:4180} INFO - Setting next_dagrun for example_external_task_marker_child to None, run_after=None
[2025-01-27T11:00:02.452+0000] {logging_mixin.py:190} INFO - [2025-01-27T11:00:02.451+0000] {dag.py:4180} INFO - Setting next_dagrun for example_external_task_marker_parent to None, run_after=None
[2025-01-27T11:00:02.482+0000] {processor.py:208} INFO - Processing /home/airflow/.local/lib/python3.12/site-packages/airflow/example_dags/example_external_task_marker_dag.py took 0.270 seconds
[2025-01-27T11:00:32.581+0000] {processor.py:186} INFO - Started process (PID=582) to work on /home/airflow/.local/lib/python3.12/site-packages/airflow/example_dags/example_external_task_marker_dag.py
[2025-01-27T11:00:32.587+0000] {processor.py:914} INFO - Processing file /home/airflow/.local/lib/python3.12/site-packages/airflow/example_dags/example_external_task_marker_dag.py for tasks to queue
[2025-01-27T11:00:32.594+0000] {logging_mixin.py:190} INFO - [2025-01-27T11:00:32.594+0000] {dagbag.py:588} INFO - Filling up the DagBag from /home/airflow/.local/lib/python3.12/site-packages/airflow/example_dags/example_external_task_marker_dag.py
[2025-01-27T11:00:32.627+0000] {processor.py:925} INFO - DAG(s) 'example_external_task_marker_child', 'example_external_task_marker_parent' retrieved from /home/airflow/.local/lib/python3.12/site-packages/airflow/example_dags/example_external_task_marker_dag.py
[2025-01-27T11:00:32.709+0000] {logging_mixin.py:190} INFO - [2025-01-27T11:00:32.708+0000] {dag.py:3239} INFO - Sync 2 DAGs
[2025-01-27T11:00:32.746+0000] {logging_mixin.py:190} INFO - [2025-01-27T11:00:32.746+0000] {dag.py:4180} INFO - Setting next_dagrun for example_external_task_marker_child to None, run_after=None
[2025-01-27T11:00:32.756+0000] {logging_mixin.py:190} INFO - [2025-01-27T11:00:32.755+0000] {dag.py:4180} INFO - Setting next_dagrun for example_external_task_marker_parent to None, run_after=None
[2025-01-27T11:00:32.816+0000] {processor.py:208} INFO - Processing /home/airflow/.local/lib/python3.12/site-packages/airflow/example_dags/example_external_task_marker_dag.py took 0.249 seconds
[2025-01-27T11:01:03.467+0000] {processor.py:186} INFO - Started process (PID=646) to work on /home/airflow/.local/lib/python3.12/site-packages/airflow/example_dags/example_external_task_marker_dag.py
[2025-01-27T11:01:03.470+0000] {processor.py:914} INFO - Processing file /home/airflow/.local/lib/python3.12/site-packages/airflow/example_dags/example_external_task_marker_dag.py for tasks to queue
[2025-01-27T11:01:03.476+0000] {logging_mixin.py:190} INFO - [2025-01-27T11:01:03.475+0000] {dagbag.py:588} INFO - Filling up the DagBag from /home/airflow/.local/lib/python3.12/site-packages/airflow/example_dags/example_external_task_marker_dag.py
[2025-01-27T11:01:03.492+0000] {processor.py:925} INFO - DAG(s) 'example_external_task_marker_child', 'example_external_task_marker_parent' retrieved from /home/airflow/.local/lib/python3.12/site-packages/airflow/example_dags/example_external_task_marker_dag.py
[2025-01-27T11:01:03.532+0000] {logging_mixin.py:190} INFO - [2025-01-27T11:01:03.532+0000] {dag.py:3239} INFO - Sync 2 DAGs
[2025-01-27T11:01:03.561+0000] {logging_mixin.py:190} INFO - [2025-01-27T11:01:03.560+0000] {dag.py:4180} INFO - Setting next_dagrun for example_external_task_marker_child to None, run_after=None
[2025-01-27T11:01:03.567+0000] {logging_mixin.py:190} INFO - [2025-01-27T11:01:03.566+0000] {dag.py:4180} INFO - Setting next_dagrun for example_external_task_marker_parent to None, run_after=None
[2025-01-27T11:01:03.595+0000] {processor.py:208} INFO - Processing /home/airflow/.local/lib/python3.12/site-packages/airflow/example_dags/example_external_task_marker_dag.py took 0.151 seconds
[2025-01-27T11:01:36.694+0000] {processor.py:186} INFO - Started process (PID=709) to work on /home/airflow/.local/lib/python3.12/site-packages/airflow/example_dags/example_external_task_marker_dag.py
[2025-01-27T11:01:36.697+0000] {processor.py:914} INFO - Processing file /home/airflow/.local/lib/python3.12/site-packages/airflow/example_dags/example_external_task_marker_dag.py for tasks to queue
[2025-01-27T11:01:36.708+0000] {logging_mixin.py:190} INFO - [2025-01-27T11:01:36.707+0000] {dagbag.py:588} INFO - Filling up the DagBag from /home/airflow/.local/lib/python3.12/site-packages/airflow/example_dags/example_external_task_marker_dag.py
[2025-01-27T11:01:36.736+0000] {processor.py:925} INFO - DAG(s) 'example_external_task_marker_child', 'example_external_task_marker_parent' retrieved from /home/airflow/.local/lib/python3.12/site-packages/airflow/example_dags/example_external_task_marker_dag.py
[2025-01-27T11:01:36.806+0000] {logging_mixin.py:190} INFO - [2025-01-27T11:01:36.805+0000] {dag.py:3239} INFO - Sync 2 DAGs
[2025-01-27T11:01:36.852+0000] {logging_mixin.py:190} INFO - [2025-01-27T11:01:36.851+0000] {dag.py:4180} INFO - Setting next_dagrun for example_external_task_marker_child to None, run_after=None
[2025-01-27T11:01:36.864+0000] {logging_mixin.py:190} INFO - [2025-01-27T11:01:36.863+0000] {dag.py:4180} INFO - Setting next_dagrun for example_external_task_marker_parent to None, run_after=None
[2025-01-27T11:01:36.926+0000] {processor.py:208} INFO - Processing /home/airflow/.local/lib/python3.12/site-packages/airflow/example_dags/example_external_task_marker_dag.py took 0.245 seconds
[2025-01-27T11:02:07.714+0000] {processor.py:186} INFO - Started process (PID=773) to work on /home/airflow/.local/lib/python3.12/site-packages/airflow/example_dags/example_external_task_marker_dag.py
[2025-01-27T11:02:07.717+0000] {processor.py:914} INFO - Processing file /home/airflow/.local/lib/python3.12/site-packages/airflow/example_dags/example_external_task_marker_dag.py for tasks to queue
[2025-01-27T11:02:07.723+0000] {logging_mixin.py:190} INFO - [2025-01-27T11:02:07.722+0000] {dagbag.py:588} INFO - Filling up the DagBag from /home/airflow/.local/lib/python3.12/site-packages/airflow/example_dags/example_external_task_marker_dag.py
[2025-01-27T11:02:07.758+0000] {processor.py:925} INFO - DAG(s) 'example_external_task_marker_parent', 'example_external_task_marker_child' retrieved from /home/airflow/.local/lib/python3.12/site-packages/airflow/example_dags/example_external_task_marker_dag.py
[2025-01-27T11:02:07.823+0000] {logging_mixin.py:190} INFO - [2025-01-27T11:02:07.823+0000] {dag.py:3239} INFO - Sync 2 DAGs
[2025-01-27T11:02:07.881+0000] {logging_mixin.py:190} INFO - [2025-01-27T11:02:07.881+0000] {dag.py:4180} INFO - Setting next_dagrun for example_external_task_marker_child to None, run_after=None
[2025-01-27T11:02:07.899+0000] {logging_mixin.py:190} INFO - [2025-01-27T11:02:07.899+0000] {dag.py:4180} INFO - Setting next_dagrun for example_external_task_marker_parent to None, run_after=None
[2025-01-27T11:02:07.966+0000] {processor.py:208} INFO - Processing /home/airflow/.local/lib/python3.12/site-packages/airflow/example_dags/example_external_task_marker_dag.py took 0.269 seconds
[2025-01-27T11:02:38.660+0000] {processor.py:186} INFO - Started process (PID=835) to work on /home/airflow/.local/lib/python3.12/site-packages/airflow/example_dags/example_external_task_marker_dag.py
[2025-01-27T11:02:38.662+0000] {processor.py:914} INFO - Processing file /home/airflow/.local/lib/python3.12/site-packages/airflow/example_dags/example_external_task_marker_dag.py for tasks to queue
[2025-01-27T11:02:38.667+0000] {logging_mixin.py:190} INFO - [2025-01-27T11:02:38.667+0000] {dagbag.py:588} INFO - Filling up the DagBag from /home/airflow/.local/lib/python3.12/site-packages/airflow/example_dags/example_external_task_marker_dag.py
[2025-01-27T11:02:38.695+0000] {processor.py:925} INFO - DAG(s) 'example_external_task_marker_child', 'example_external_task_marker_parent' retrieved from /home/airflow/.local/lib/python3.12/site-packages/airflow/example_dags/example_external_task_marker_dag.py
[2025-01-27T11:02:38.796+0000] {logging_mixin.py:190} INFO - [2025-01-27T11:02:38.791+0000] {dag.py:3239} INFO - Sync 2 DAGs
[2025-01-27T11:02:38.858+0000] {logging_mixin.py:190} INFO - [2025-01-27T11:02:38.857+0000] {dag.py:4180} INFO - Setting next_dagrun for example_external_task_marker_child to None, run_after=None
[2025-01-27T11:02:38.878+0000] {logging_mixin.py:190} INFO - [2025-01-27T11:02:38.878+0000] {dag.py:4180} INFO - Setting next_dagrun for example_external_task_marker_parent to None, run_after=None
[2025-01-27T11:02:38.997+0000] {processor.py:208} INFO - Processing /home/airflow/.local/lib/python3.12/site-packages/airflow/example_dags/example_external_task_marker_dag.py took 0.352 seconds
[2025-01-27T11:03:09.330+0000] {processor.py:186} INFO - Started process (PID=898) to work on /home/airflow/.local/lib/python3.12/site-packages/airflow/example_dags/example_external_task_marker_dag.py
[2025-01-27T11:03:09.332+0000] {processor.py:914} INFO - Processing file /home/airflow/.local/lib/python3.12/site-packages/airflow/example_dags/example_external_task_marker_dag.py for tasks to queue
[2025-01-27T11:03:09.337+0000] {logging_mixin.py:190} INFO - [2025-01-27T11:03:09.336+0000] {dagbag.py:588} INFO - Filling up the DagBag from /home/airflow/.local/lib/python3.12/site-packages/airflow/example_dags/example_external_task_marker_dag.py
[2025-01-27T11:03:09.350+0000] {processor.py:925} INFO - DAG(s) 'example_external_task_marker_parent', 'example_external_task_marker_child' retrieved from /home/airflow/.local/lib/python3.12/site-packages/airflow/example_dags/example_external_task_marker_dag.py
[2025-01-27T11:03:09.391+0000] {logging_mixin.py:190} INFO - [2025-01-27T11:03:09.390+0000] {dag.py:3239} INFO - Sync 2 DAGs
[2025-01-27T11:03:09.413+0000] {logging_mixin.py:190} INFO - [2025-01-27T11:03:09.413+0000] {dag.py:4180} INFO - Setting next_dagrun for example_external_task_marker_child to None, run_after=None
[2025-01-27T11:03:09.423+0000] {logging_mixin.py:190} INFO - [2025-01-27T11:03:09.423+0000] {dag.py:4180} INFO - Setting next_dagrun for example_external_task_marker_parent to None, run_after=None
[2025-01-27T11:03:09.468+0000] {processor.py:208} INFO - Processing /home/airflow/.local/lib/python3.12/site-packages/airflow/example_dags/example_external_task_marker_dag.py took 0.148 seconds
[2025-01-27T11:03:40.256+0000] {processor.py:186} INFO - Started process (PID=961) to work on /home/airflow/.local/lib/python3.12/site-packages/airflow/example_dags/example_external_task_marker_dag.py
[2025-01-27T11:03:40.258+0000] {processor.py:914} INFO - Processing file /home/airflow/.local/lib/python3.12/site-packages/airflow/example_dags/example_external_task_marker_dag.py for tasks to queue
[2025-01-27T11:03:40.263+0000] {logging_mixin.py:190} INFO - [2025-01-27T11:03:40.263+0000] {dagbag.py:588} INFO - Filling up the DagBag from /home/airflow/.local/lib/python3.12/site-packages/airflow/example_dags/example_external_task_marker_dag.py
[2025-01-27T11:03:40.281+0000] {processor.py:925} INFO - DAG(s) 'example_external_task_marker_parent', 'example_external_task_marker_child' retrieved from /home/airflow/.local/lib/python3.12/site-packages/airflow/example_dags/example_external_task_marker_dag.py
[2025-01-27T11:03:40.335+0000] {logging_mixin.py:190} INFO - [2025-01-27T11:03:40.333+0000] {dag.py:3239} INFO - Sync 2 DAGs
[2025-01-27T11:03:40.365+0000] {logging_mixin.py:190} INFO - [2025-01-27T11:03:40.364+0000] {dag.py:4180} INFO - Setting next_dagrun for example_external_task_marker_child to None, run_after=None
[2025-01-27T11:03:40.381+0000] {logging_mixin.py:190} INFO - [2025-01-27T11:03:40.380+0000] {dag.py:4180} INFO - Setting next_dagrun for example_external_task_marker_parent to None, run_after=None
[2025-01-27T11:03:40.426+0000] {processor.py:208} INFO - Processing /home/airflow/.local/lib/python3.12/site-packages/airflow/example_dags/example_external_task_marker_dag.py took 0.180 seconds
[2025-01-27T11:04:15.099+0000] {processor.py:186} INFO - Started process (PID=1025) to work on /home/airflow/.local/lib/python3.12/site-packages/airflow/example_dags/example_external_task_marker_dag.py
[2025-01-27T11:04:15.114+0000] {processor.py:914} INFO - Processing file /home/airflow/.local/lib/python3.12/site-packages/airflow/example_dags/example_external_task_marker_dag.py for tasks to queue
[2025-01-27T11:04:15.134+0000] {logging_mixin.py:190} INFO - [2025-01-27T11:04:15.131+0000] {dagbag.py:588} INFO - Filling up the DagBag from /home/airflow/.local/lib/python3.12/site-packages/airflow/example_dags/example_external_task_marker_dag.py
[2025-01-27T11:04:15.202+0000] {processor.py:925} INFO - DAG(s) 'example_external_task_marker_child', 'example_external_task_marker_parent' retrieved from /home/airflow/.local/lib/python3.12/site-packages/airflow/example_dags/example_external_task_marker_dag.py
[2025-01-27T11:04:16.668+0000] {logging_mixin.py:190} INFO - [2025-01-27T11:04:16.668+0000] {dag.py:3239} INFO - Sync 2 DAGs
[2025-01-27T11:04:19.365+0000] {logging_mixin.py:190} INFO - [2025-01-27T11:04:19.364+0000] {dag.py:4180} INFO - Setting next_dagrun for example_external_task_marker_child to None, run_after=None
[2025-01-27T11:04:19.443+0000] {logging_mixin.py:190} INFO - [2025-01-27T11:04:19.431+0000] {dag.py:4180} INFO - Setting next_dagrun for example_external_task_marker_parent to None, run_after=None
[2025-01-27T11:04:19.662+0000] {processor.py:208} INFO - Processing /home/airflow/.local/lib/python3.12/site-packages/airflow/example_dags/example_external_task_marker_dag.py took 4.629 seconds
[2025-01-27T11:10:14.029+0000] {processor.py:186} INFO - Started process (PID=1099) to work on /home/airflow/.local/lib/python3.12/site-packages/airflow/example_dags/example_external_task_marker_dag.py
[2025-01-27T11:10:14.039+0000] {processor.py:914} INFO - Processing file /home/airflow/.local/lib/python3.12/site-packages/airflow/example_dags/example_external_task_marker_dag.py for tasks to queue
[2025-01-27T11:10:14.045+0000] {logging_mixin.py:190} INFO - [2025-01-27T11:10:14.044+0000] {dagbag.py:588} INFO - Filling up the DagBag from /home/airflow/.local/lib/python3.12/site-packages/airflow/example_dags/example_external_task_marker_dag.py
[2025-01-27T11:10:14.125+0000] {processor.py:925} INFO - DAG(s) 'example_external_task_marker_parent', 'example_external_task_marker_child' retrieved from /home/airflow/.local/lib/python3.12/site-packages/airflow/example_dags/example_external_task_marker_dag.py
[2025-01-27T11:10:14.347+0000] {logging_mixin.py:190} INFO - [2025-01-27T11:10:14.347+0000] {dag.py:3239} INFO - Sync 2 DAGs
[2025-01-27T11:10:14.472+0000] {logging_mixin.py:190} INFO - [2025-01-27T11:10:14.471+0000] {dag.py:4180} INFO - Setting next_dagrun for example_external_task_marker_child to None, run_after=None
[2025-01-27T11:10:14.493+0000] {logging_mixin.py:190} INFO - [2025-01-27T11:10:14.492+0000] {dag.py:4180} INFO - Setting next_dagrun for example_external_task_marker_parent to None, run_after=None
[2025-01-27T11:10:14.571+0000] {processor.py:208} INFO - Processing /home/airflow/.local/lib/python3.12/site-packages/airflow/example_dags/example_external_task_marker_dag.py took 0.565 seconds
[2025-01-27T11:15:01.089+0000] {processor.py:186} INFO - Started process (PID=1143) to work on /home/airflow/.local/lib/python3.12/site-packages/airflow/example_dags/example_external_task_marker_dag.py
[2025-01-27T11:15:01.092+0000] {processor.py:914} INFO - Processing file /home/airflow/.local/lib/python3.12/site-packages/airflow/example_dags/example_external_task_marker_dag.py for tasks to queue
[2025-01-27T11:15:01.097+0000] {logging_mixin.py:190} INFO - [2025-01-27T11:15:01.096+0000] {dagbag.py:588} INFO - Filling up the DagBag from /home/airflow/.local/lib/python3.12/site-packages/airflow/example_dags/example_external_task_marker_dag.py
[2025-01-27T11:15:01.126+0000] {processor.py:925} INFO - DAG(s) 'example_external_task_marker_parent', 'example_external_task_marker_child' retrieved from /home/airflow/.local/lib/python3.12/site-packages/airflow/example_dags/example_external_task_marker_dag.py
[2025-01-27T11:15:01.218+0000] {logging_mixin.py:190} INFO - [2025-01-27T11:15:01.217+0000] {dag.py:3239} INFO - Sync 2 DAGs
[2025-01-27T11:15:01.289+0000] {logging_mixin.py:190} INFO - [2025-01-27T11:15:01.288+0000] {dag.py:4180} INFO - Setting next_dagrun for example_external_task_marker_child to None, run_after=None
[2025-01-27T11:15:01.310+0000] {logging_mixin.py:190} INFO - [2025-01-27T11:15:01.309+0000] {dag.py:4180} INFO - Setting next_dagrun for example_external_task_marker_parent to None, run_after=None
[2025-01-27T11:15:01.393+0000] {processor.py:208} INFO - Processing /home/airflow/.local/lib/python3.12/site-packages/airflow/example_dags/example_external_task_marker_dag.py took 0.326 seconds
[2025-01-27T11:15:31.509+0000] {processor.py:186} INFO - Started process (PID=1207) to work on /home/airflow/.local/lib/python3.12/site-packages/airflow/example_dags/example_external_task_marker_dag.py
[2025-01-27T11:15:31.512+0000] {processor.py:914} INFO - Processing file /home/airflow/.local/lib/python3.12/site-packages/airflow/example_dags/example_external_task_marker_dag.py for tasks to queue
[2025-01-27T11:15:31.515+0000] {logging_mixin.py:190} INFO - [2025-01-27T11:15:31.514+0000] {dagbag.py:588} INFO - Filling up the DagBag from /home/airflow/.local/lib/python3.12/site-packages/airflow/example_dags/example_external_task_marker_dag.py
[2025-01-27T11:15:31.527+0000] {processor.py:925} INFO - DAG(s) 'example_external_task_marker_parent', 'example_external_task_marker_child' retrieved from /home/airflow/.local/lib/python3.12/site-packages/airflow/example_dags/example_external_task_marker_dag.py
[2025-01-27T11:15:31.560+0000] {logging_mixin.py:190} INFO - [2025-01-27T11:15:31.559+0000] {dag.py:3239} INFO - Sync 2 DAGs
[2025-01-27T11:15:31.584+0000] {logging_mixin.py:190} INFO - [2025-01-27T11:15:31.583+0000] {dag.py:4180} INFO - Setting next_dagrun for example_external_task_marker_child to None, run_after=None
[2025-01-27T11:15:31.589+0000] {logging_mixin.py:190} INFO - [2025-01-27T11:15:31.589+0000] {dag.py:4180} INFO - Setting next_dagrun for example_external_task_marker_parent to None, run_after=None
[2025-01-27T11:15:31.615+0000] {processor.py:208} INFO - Processing /home/airflow/.local/lib/python3.12/site-packages/airflow/example_dags/example_external_task_marker_dag.py took 0.118 seconds
[2025-01-27T11:16:08.243+0000] {processor.py:186} INFO - Started process (PID=1271) to work on /home/airflow/.local/lib/python3.12/site-packages/airflow/example_dags/example_external_task_marker_dag.py
[2025-01-27T11:16:08.266+0000] {processor.py:914} INFO - Processing file /home/airflow/.local/lib/python3.12/site-packages/airflow/example_dags/example_external_task_marker_dag.py for tasks to queue
[2025-01-27T11:16:08.293+0000] {logging_mixin.py:190} INFO - [2025-01-27T11:16:08.289+0000] {dagbag.py:588} INFO - Filling up the DagBag from /home/airflow/.local/lib/python3.12/site-packages/airflow/example_dags/example_external_task_marker_dag.py
[2025-01-27T11:16:08.433+0000] {processor.py:925} INFO - DAG(s) 'example_external_task_marker_child', 'example_external_task_marker_parent' retrieved from /home/airflow/.local/lib/python3.12/site-packages/airflow/example_dags/example_external_task_marker_dag.py
[2025-01-27T11:16:08.643+0000] {logging_mixin.py:190} INFO - [2025-01-27T11:16:08.641+0000] {dag.py:3239} INFO - Sync 2 DAGs
[2025-01-27T11:16:08.722+0000] {logging_mixin.py:190} INFO - [2025-01-27T11:16:08.722+0000] {dag.py:4180} INFO - Setting next_dagrun for example_external_task_marker_child to None, run_after=None
[2025-01-27T11:16:08.736+0000] {logging_mixin.py:190} INFO - [2025-01-27T11:16:08.735+0000] {dag.py:4180} INFO - Setting next_dagrun for example_external_task_marker_parent to None, run_after=None
[2025-01-27T11:16:08.826+0000] {processor.py:208} INFO - Processing /home/airflow/.local/lib/python3.12/site-packages/airflow/example_dags/example_external_task_marker_dag.py took 0.631 seconds
[2025-01-27T11:18:06.506+0000] {processor.py:186} INFO - Started process (PID=1301) to work on /home/airflow/.local/lib/python3.12/site-packages/airflow/example_dags/example_external_task_marker_dag.py
[2025-01-27T11:18:06.542+0000] {processor.py:914} INFO - Processing file /home/airflow/.local/lib/python3.12/site-packages/airflow/example_dags/example_external_task_marker_dag.py for tasks to queue
[2025-01-27T11:18:06.561+0000] {logging_mixin.py:190} INFO - [2025-01-27T11:18:06.560+0000] {dagbag.py:588} INFO - Filling up the DagBag from /home/airflow/.local/lib/python3.12/site-packages/airflow/example_dags/example_external_task_marker_dag.py
[2025-01-27T11:18:06.620+0000] {processor.py:925} INFO - DAG(s) 'example_external_task_marker_parent', 'example_external_task_marker_child' retrieved from /home/airflow/.local/lib/python3.12/site-packages/airflow/example_dags/example_external_task_marker_dag.py
[2025-01-27T11:18:08.246+0000] {logging_mixin.py:190} INFO - [2025-01-27T11:18:08.246+0000] {dag.py:3239} INFO - Sync 2 DAGs
[2025-01-27T11:18:08.488+0000] {logging_mixin.py:190} INFO - [2025-01-27T11:18:08.487+0000] {dag.py:4180} INFO - Setting next_dagrun for example_external_task_marker_child to None, run_after=None
[2025-01-27T11:18:08.529+0000] {logging_mixin.py:190} INFO - [2025-01-27T11:18:08.528+0000] {dag.py:4180} INFO - Setting next_dagrun for example_external_task_marker_parent to None, run_after=None
[2025-01-27T11:18:08.645+0000] {processor.py:208} INFO - Processing /home/airflow/.local/lib/python3.12/site-packages/airflow/example_dags/example_external_task_marker_dag.py took 3.252 seconds
[2025-01-27T11:18:50.711+0000] {processor.py:186} INFO - Started process (PID=1369) to work on /home/airflow/.local/lib/python3.12/site-packages/airflow/example_dags/example_external_task_marker_dag.py
[2025-01-27T11:18:50.736+0000] {processor.py:914} INFO - Processing file /home/airflow/.local/lib/python3.12/site-packages/airflow/example_dags/example_external_task_marker_dag.py for tasks to queue
[2025-01-27T11:18:50.744+0000] {logging_mixin.py:190} INFO - [2025-01-27T11:18:50.743+0000] {dagbag.py:588} INFO - Filling up the DagBag from /home/airflow/.local/lib/python3.12/site-packages/airflow/example_dags/example_external_task_marker_dag.py
[2025-01-27T11:18:50.829+0000] {processor.py:925} INFO - DAG(s) 'example_external_task_marker_child', 'example_external_task_marker_parent' retrieved from /home/airflow/.local/lib/python3.12/site-packages/airflow/example_dags/example_external_task_marker_dag.py
[2025-01-27T11:18:51.018+0000] {logging_mixin.py:190} INFO - [2025-01-27T11:18:51.017+0000] {dag.py:3239} INFO - Sync 2 DAGs
[2025-01-27T11:18:51.107+0000] {logging_mixin.py:190} INFO - [2025-01-27T11:18:51.107+0000] {dag.py:4180} INFO - Setting next_dagrun for example_external_task_marker_child to None, run_after=None
[2025-01-27T11:18:51.139+0000] {logging_mixin.py:190} INFO - [2025-01-27T11:18:51.139+0000] {dag.py:4180} INFO - Setting next_dagrun for example_external_task_marker_parent to None, run_after=None
[2025-01-27T11:18:51.313+0000] {processor.py:208} INFO - Processing /home/airflow/.local/lib/python3.12/site-packages/airflow/example_dags/example_external_task_marker_dag.py took 0.641 seconds
[2025-01-27T11:19:26.689+0000] {processor.py:186} INFO - Started process (PID=1422) to work on /home/airflow/.local/lib/python3.12/site-packages/airflow/example_dags/example_external_task_marker_dag.py
[2025-01-27T11:19:26.690+0000] {processor.py:914} INFO - Processing file /home/airflow/.local/lib/python3.12/site-packages/airflow/example_dags/example_external_task_marker_dag.py for tasks to queue
[2025-01-27T11:19:26.693+0000] {logging_mixin.py:190} INFO - [2025-01-27T11:19:26.692+0000] {dagbag.py:588} INFO - Filling up the DagBag from /home/airflow/.local/lib/python3.12/site-packages/airflow/example_dags/example_external_task_marker_dag.py
[2025-01-27T11:19:26.716+0000] {processor.py:925} INFO - DAG(s) 'example_external_task_marker_parent', 'example_external_task_marker_child' retrieved from /home/airflow/.local/lib/python3.12/site-packages/airflow/example_dags/example_external_task_marker_dag.py
[2025-01-27T11:19:26.770+0000] {logging_mixin.py:190} INFO - [2025-01-27T11:19:26.769+0000] {dag.py:3239} INFO - Sync 2 DAGs
[2025-01-27T11:19:26.813+0000] {logging_mixin.py:190} INFO - [2025-01-27T11:19:26.812+0000] {dag.py:4180} INFO - Setting next_dagrun for example_external_task_marker_child to None, run_after=None
[2025-01-27T11:19:26.820+0000] {logging_mixin.py:190} INFO - [2025-01-27T11:19:26.820+0000] {dag.py:4180} INFO - Setting next_dagrun for example_external_task_marker_parent to None, run_after=None
[2025-01-27T11:19:26.876+0000] {processor.py:208} INFO - Processing /home/airflow/.local/lib/python3.12/site-packages/airflow/example_dags/example_external_task_marker_dag.py took 0.203 seconds
[2025-01-27T11:19:58.008+0000] {processor.py:186} INFO - Started process (PID=1485) to work on /home/airflow/.local/lib/python3.12/site-packages/airflow/example_dags/example_external_task_marker_dag.py
[2025-01-27T11:19:58.009+0000] {processor.py:914} INFO - Processing file /home/airflow/.local/lib/python3.12/site-packages/airflow/example_dags/example_external_task_marker_dag.py for tasks to queue
[2025-01-27T11:19:58.011+0000] {logging_mixin.py:190} INFO - [2025-01-27T11:19:58.011+0000] {dagbag.py:588} INFO - Filling up the DagBag from /home/airflow/.local/lib/python3.12/site-packages/airflow/example_dags/example_external_task_marker_dag.py
[2025-01-27T11:19:58.027+0000] {processor.py:925} INFO - DAG(s) 'example_external_task_marker_child', 'example_external_task_marker_parent' retrieved from /home/airflow/.local/lib/python3.12/site-packages/airflow/example_dags/example_external_task_marker_dag.py
[2025-01-27T11:19:58.078+0000] {logging_mixin.py:190} INFO - [2025-01-27T11:19:58.077+0000] {dag.py:3239} INFO - Sync 2 DAGs
[2025-01-27T11:19:58.112+0000] {logging_mixin.py:190} INFO - [2025-01-27T11:19:58.112+0000] {dag.py:4180} INFO - Setting next_dagrun for example_external_task_marker_child to None, run_after=None
[2025-01-27T11:19:58.118+0000] {logging_mixin.py:190} INFO - [2025-01-27T11:19:58.118+0000] {dag.py:4180} INFO - Setting next_dagrun for example_external_task_marker_parent to None, run_after=None
[2025-01-27T11:19:58.156+0000] {processor.py:208} INFO - Processing /home/airflow/.local/lib/python3.12/site-packages/airflow/example_dags/example_external_task_marker_dag.py took 0.159 seconds
[2025-01-27T11:36:28.894+0000] {processor.py:186} INFO - Started process (PID=140) to work on /home/airflow/.local/lib/python3.12/site-packages/airflow/example_dags/example_external_task_marker_dag.py
[2025-01-27T11:36:28.930+0000] {processor.py:914} INFO - Processing file /home/airflow/.local/lib/python3.12/site-packages/airflow/example_dags/example_external_task_marker_dag.py for tasks to queue
[2025-01-27T11:36:29.086+0000] {logging_mixin.py:190} INFO - [2025-01-27T11:36:29.061+0000] {dagbag.py:588} INFO - Filling up the DagBag from /home/airflow/.local/lib/python3.12/site-packages/airflow/example_dags/example_external_task_marker_dag.py
[2025-01-27T11:36:29.153+0000] {processor.py:925} INFO - DAG(s) 'example_external_task_marker_parent', 'example_external_task_marker_child' retrieved from /home/airflow/.local/lib/python3.12/site-packages/airflow/example_dags/example_external_task_marker_dag.py
[2025-01-27T11:36:29.421+0000] {logging_mixin.py:190} INFO - [2025-01-27T11:36:29.420+0000] {dag.py:3239} INFO - Sync 2 DAGs
[2025-01-27T11:36:29.529+0000] {logging_mixin.py:190} INFO - [2025-01-27T11:36:29.529+0000] {dag.py:4180} INFO - Setting next_dagrun for example_external_task_marker_child to None, run_after=None
[2025-01-27T11:36:29.606+0000] {logging_mixin.py:190} INFO - [2025-01-27T11:36:29.606+0000] {dag.py:4180} INFO - Setting next_dagrun for example_external_task_marker_parent to None, run_after=None
[2025-01-27T11:36:30.228+0000] {processor.py:208} INFO - Processing /home/airflow/.local/lib/python3.12/site-packages/airflow/example_dags/example_external_task_marker_dag.py took 1.373 seconds
[2025-01-27T11:37:58.845+0000] {processor.py:186} INFO - Started process (PID=215) to work on /home/airflow/.local/lib/python3.12/site-packages/airflow/example_dags/example_external_task_marker_dag.py
[2025-01-27T11:37:58.849+0000] {processor.py:914} INFO - Processing file /home/airflow/.local/lib/python3.12/site-packages/airflow/example_dags/example_external_task_marker_dag.py for tasks to queue
[2025-01-27T11:37:58.859+0000] {logging_mixin.py:190} INFO - [2025-01-27T11:37:58.858+0000] {dagbag.py:588} INFO - Filling up the DagBag from /home/airflow/.local/lib/python3.12/site-packages/airflow/example_dags/example_external_task_marker_dag.py
[2025-01-27T11:37:58.890+0000] {processor.py:925} INFO - DAG(s) 'example_external_task_marker_parent', 'example_external_task_marker_child' retrieved from /home/airflow/.local/lib/python3.12/site-packages/airflow/example_dags/example_external_task_marker_dag.py
[2025-01-27T11:37:58.955+0000] {logging_mixin.py:190} INFO - [2025-01-27T11:37:58.954+0000] {dag.py:3239} INFO - Sync 2 DAGs
[2025-01-27T11:37:59.023+0000] {logging_mixin.py:190} INFO - [2025-01-27T11:37:59.022+0000] {dag.py:4180} INFO - Setting next_dagrun for example_external_task_marker_child to None, run_after=None
[2025-01-27T11:37:59.045+0000] {logging_mixin.py:190} INFO - [2025-01-27T11:37:59.044+0000] {dag.py:4180} INFO - Setting next_dagrun for example_external_task_marker_parent to None, run_after=None
[2025-01-27T11:37:59.149+0000] {processor.py:208} INFO - Processing /home/airflow/.local/lib/python3.12/site-packages/airflow/example_dags/example_external_task_marker_dag.py took 0.321 seconds
[2025-01-27T11:38:29.261+0000] {processor.py:186} INFO - Started process (PID=279) to work on /home/airflow/.local/lib/python3.12/site-packages/airflow/example_dags/example_external_task_marker_dag.py
[2025-01-27T11:38:29.264+0000] {processor.py:914} INFO - Processing file /home/airflow/.local/lib/python3.12/site-packages/airflow/example_dags/example_external_task_marker_dag.py for tasks to queue
[2025-01-27T11:38:29.269+0000] {logging_mixin.py:190} INFO - [2025-01-27T11:38:29.268+0000] {dagbag.py:588} INFO - Filling up the DagBag from /home/airflow/.local/lib/python3.12/site-packages/airflow/example_dags/example_external_task_marker_dag.py
[2025-01-27T11:38:29.286+0000] {processor.py:925} INFO - DAG(s) 'example_external_task_marker_child', 'example_external_task_marker_parent' retrieved from /home/airflow/.local/lib/python3.12/site-packages/airflow/example_dags/example_external_task_marker_dag.py
[2025-01-27T11:38:29.330+0000] {logging_mixin.py:190} INFO - [2025-01-27T11:38:29.330+0000] {dag.py:3239} INFO - Sync 2 DAGs
[2025-01-27T11:38:29.367+0000] {logging_mixin.py:190} INFO - [2025-01-27T11:38:29.367+0000] {dag.py:4180} INFO - Setting next_dagrun for example_external_task_marker_child to None, run_after=None
[2025-01-27T11:38:29.374+0000] {logging_mixin.py:190} INFO - [2025-01-27T11:38:29.374+0000] {dag.py:4180} INFO - Setting next_dagrun for example_external_task_marker_parent to None, run_after=None
[2025-01-27T11:38:29.408+0000] {processor.py:208} INFO - Processing /home/airflow/.local/lib/python3.12/site-packages/airflow/example_dags/example_external_task_marker_dag.py took 0.159 seconds
[2025-01-27T11:38:59.537+0000] {processor.py:186} INFO - Started process (PID=344) to work on /home/airflow/.local/lib/python3.12/site-packages/airflow/example_dags/example_external_task_marker_dag.py
[2025-01-27T11:38:59.539+0000] {processor.py:914} INFO - Processing file /home/airflow/.local/lib/python3.12/site-packages/airflow/example_dags/example_external_task_marker_dag.py for tasks to queue
[2025-01-27T11:38:59.543+0000] {logging_mixin.py:190} INFO - [2025-01-27T11:38:59.543+0000] {dagbag.py:588} INFO - Filling up the DagBag from /home/airflow/.local/lib/python3.12/site-packages/airflow/example_dags/example_external_task_marker_dag.py
[2025-01-27T11:38:59.561+0000] {processor.py:925} INFO - DAG(s) 'example_external_task_marker_child', 'example_external_task_marker_parent' retrieved from /home/airflow/.local/lib/python3.12/site-packages/airflow/example_dags/example_external_task_marker_dag.py
[2025-01-27T11:38:59.603+0000] {logging_mixin.py:190} INFO - [2025-01-27T11:38:59.603+0000] {dag.py:3239} INFO - Sync 2 DAGs
[2025-01-27T11:38:59.633+0000] {logging_mixin.py:190} INFO - [2025-01-27T11:38:59.632+0000] {dag.py:4180} INFO - Setting next_dagrun for example_external_task_marker_child to None, run_after=None
[2025-01-27T11:38:59.639+0000] {logging_mixin.py:190} INFO - [2025-01-27T11:38:59.639+0000] {dag.py:4180} INFO - Setting next_dagrun for example_external_task_marker_parent to None, run_after=None
[2025-01-27T11:38:59.672+0000] {processor.py:208} INFO - Processing /home/airflow/.local/lib/python3.12/site-packages/airflow/example_dags/example_external_task_marker_dag.py took 0.146 seconds
[2025-01-27T11:39:30.749+0000] {processor.py:186} INFO - Started process (PID=408) to work on /home/airflow/.local/lib/python3.12/site-packages/airflow/example_dags/example_external_task_marker_dag.py
[2025-01-27T11:39:30.750+0000] {processor.py:914} INFO - Processing file /home/airflow/.local/lib/python3.12/site-packages/airflow/example_dags/example_external_task_marker_dag.py for tasks to queue
[2025-01-27T11:39:30.755+0000] {logging_mixin.py:190} INFO - [2025-01-27T11:39:30.755+0000] {dagbag.py:588} INFO - Filling up the DagBag from /home/airflow/.local/lib/python3.12/site-packages/airflow/example_dags/example_external_task_marker_dag.py
[2025-01-27T11:39:30.772+0000] {processor.py:925} INFO - DAG(s) 'example_external_task_marker_child', 'example_external_task_marker_parent' retrieved from /home/airflow/.local/lib/python3.12/site-packages/airflow/example_dags/example_external_task_marker_dag.py
[2025-01-27T11:39:30.812+0000] {logging_mixin.py:190} INFO - [2025-01-27T11:39:30.811+0000] {dag.py:3239} INFO - Sync 2 DAGs
[2025-01-27T11:39:30.836+0000] {logging_mixin.py:190} INFO - [2025-01-27T11:39:30.835+0000] {dag.py:4180} INFO - Setting next_dagrun for example_external_task_marker_child to None, run_after=None
[2025-01-27T11:39:30.843+0000] {logging_mixin.py:190} INFO - [2025-01-27T11:39:30.843+0000] {dag.py:4180} INFO - Setting next_dagrun for example_external_task_marker_parent to None, run_after=None
[2025-01-27T11:39:30.871+0000] {processor.py:208} INFO - Processing /home/airflow/.local/lib/python3.12/site-packages/airflow/example_dags/example_external_task_marker_dag.py took 0.131 seconds
[2025-01-27T11:40:01.545+0000] {processor.py:186} INFO - Started process (PID=472) to work on /home/airflow/.local/lib/python3.12/site-packages/airflow/example_dags/example_external_task_marker_dag.py
[2025-01-27T11:40:01.546+0000] {processor.py:914} INFO - Processing file /home/airflow/.local/lib/python3.12/site-packages/airflow/example_dags/example_external_task_marker_dag.py for tasks to queue
[2025-01-27T11:40:01.551+0000] {logging_mixin.py:190} INFO - [2025-01-27T11:40:01.550+0000] {dagbag.py:588} INFO - Filling up the DagBag from /home/airflow/.local/lib/python3.12/site-packages/airflow/example_dags/example_external_task_marker_dag.py
[2025-01-27T11:40:01.570+0000] {processor.py:925} INFO - DAG(s) 'example_external_task_marker_parent', 'example_external_task_marker_child' retrieved from /home/airflow/.local/lib/python3.12/site-packages/airflow/example_dags/example_external_task_marker_dag.py
[2025-01-27T11:40:01.618+0000] {logging_mixin.py:190} INFO - [2025-01-27T11:40:01.617+0000] {dag.py:3239} INFO - Sync 2 DAGs
[2025-01-27T11:40:01.660+0000] {logging_mixin.py:190} INFO - [2025-01-27T11:40:01.660+0000] {dag.py:4180} INFO - Setting next_dagrun for example_external_task_marker_child to None, run_after=None
[2025-01-27T11:40:01.673+0000] {logging_mixin.py:190} INFO - [2025-01-27T11:40:01.673+0000] {dag.py:4180} INFO - Setting next_dagrun for example_external_task_marker_parent to None, run_after=None
[2025-01-27T11:40:01.705+0000] {processor.py:208} INFO - Processing /home/airflow/.local/lib/python3.12/site-packages/airflow/example_dags/example_external_task_marker_dag.py took 0.170 seconds
[2025-01-27T11:40:32.321+0000] {processor.py:186} INFO - Started process (PID=537) to work on /home/airflow/.local/lib/python3.12/site-packages/airflow/example_dags/example_external_task_marker_dag.py
[2025-01-27T11:40:32.323+0000] {processor.py:914} INFO - Processing file /home/airflow/.local/lib/python3.12/site-packages/airflow/example_dags/example_external_task_marker_dag.py for tasks to queue
[2025-01-27T11:40:32.328+0000] {logging_mixin.py:190} INFO - [2025-01-27T11:40:32.327+0000] {dagbag.py:588} INFO - Filling up the DagBag from /home/airflow/.local/lib/python3.12/site-packages/airflow/example_dags/example_external_task_marker_dag.py
[2025-01-27T11:40:32.346+0000] {processor.py:925} INFO - DAG(s) 'example_external_task_marker_parent', 'example_external_task_marker_child' retrieved from /home/airflow/.local/lib/python3.12/site-packages/airflow/example_dags/example_external_task_marker_dag.py
[2025-01-27T11:40:32.386+0000] {logging_mixin.py:190} INFO - [2025-01-27T11:40:32.386+0000] {dag.py:3239} INFO - Sync 2 DAGs
[2025-01-27T11:40:32.424+0000] {logging_mixin.py:190} INFO - [2025-01-27T11:40:32.423+0000] {dag.py:4180} INFO - Setting next_dagrun for example_external_task_marker_child to None, run_after=None
[2025-01-27T11:40:32.430+0000] {logging_mixin.py:190} INFO - [2025-01-27T11:40:32.430+0000] {dag.py:4180} INFO - Setting next_dagrun for example_external_task_marker_parent to None, run_after=None
[2025-01-27T11:40:32.467+0000] {processor.py:208} INFO - Processing /home/airflow/.local/lib/python3.12/site-packages/airflow/example_dags/example_external_task_marker_dag.py took 0.160 seconds
[2025-01-27T11:41:02.578+0000] {processor.py:186} INFO - Started process (PID=601) to work on /home/airflow/.local/lib/python3.12/site-packages/airflow/example_dags/example_external_task_marker_dag.py
[2025-01-27T11:41:02.579+0000] {processor.py:914} INFO - Processing file /home/airflow/.local/lib/python3.12/site-packages/airflow/example_dags/example_external_task_marker_dag.py for tasks to queue
[2025-01-27T11:41:02.583+0000] {logging_mixin.py:190} INFO - [2025-01-27T11:41:02.583+0000] {dagbag.py:588} INFO - Filling up the DagBag from /home/airflow/.local/lib/python3.12/site-packages/airflow/example_dags/example_external_task_marker_dag.py
[2025-01-27T11:41:02.596+0000] {processor.py:925} INFO - DAG(s) 'example_external_task_marker_parent', 'example_external_task_marker_child' retrieved from /home/airflow/.local/lib/python3.12/site-packages/airflow/example_dags/example_external_task_marker_dag.py
[2025-01-27T11:41:02.637+0000] {logging_mixin.py:190} INFO - [2025-01-27T11:41:02.636+0000] {dag.py:3239} INFO - Sync 2 DAGs
[2025-01-27T11:41:02.657+0000] {logging_mixin.py:190} INFO - [2025-01-27T11:41:02.657+0000] {dag.py:4180} INFO - Setting next_dagrun for example_external_task_marker_child to None, run_after=None
[2025-01-27T11:41:02.663+0000] {logging_mixin.py:190} INFO - [2025-01-27T11:41:02.663+0000] {dag.py:4180} INFO - Setting next_dagrun for example_external_task_marker_parent to None, run_after=None
[2025-01-27T11:41:02.689+0000] {processor.py:208} INFO - Processing /home/airflow/.local/lib/python3.12/site-packages/airflow/example_dags/example_external_task_marker_dag.py took 0.120 seconds
[2025-01-27T11:41:32.871+0000] {processor.py:186} INFO - Started process (PID=665) to work on /home/airflow/.local/lib/python3.12/site-packages/airflow/example_dags/example_external_task_marker_dag.py
[2025-01-27T11:41:32.873+0000] {processor.py:914} INFO - Processing file /home/airflow/.local/lib/python3.12/site-packages/airflow/example_dags/example_external_task_marker_dag.py for tasks to queue
[2025-01-27T11:41:32.876+0000] {logging_mixin.py:190} INFO - [2025-01-27T11:41:32.876+0000] {dagbag.py:588} INFO - Filling up the DagBag from /home/airflow/.local/lib/python3.12/site-packages/airflow/example_dags/example_external_task_marker_dag.py
[2025-01-27T11:41:32.889+0000] {processor.py:925} INFO - DAG(s) 'example_external_task_marker_parent', 'example_external_task_marker_child' retrieved from /home/airflow/.local/lib/python3.12/site-packages/airflow/example_dags/example_external_task_marker_dag.py
[2025-01-27T11:41:32.923+0000] {logging_mixin.py:190} INFO - [2025-01-27T11:41:32.922+0000] {dag.py:3239} INFO - Sync 2 DAGs
[2025-01-27T11:41:32.944+0000] {logging_mixin.py:190} INFO - [2025-01-27T11:41:32.944+0000] {dag.py:4180} INFO - Setting next_dagrun for example_external_task_marker_child to None, run_after=None
[2025-01-27T11:41:32.950+0000] {logging_mixin.py:190} INFO - [2025-01-27T11:41:32.950+0000] {dag.py:4180} INFO - Setting next_dagrun for example_external_task_marker_parent to None, run_after=None
[2025-01-27T11:41:32.975+0000] {processor.py:208} INFO - Processing /home/airflow/.local/lib/python3.12/site-packages/airflow/example_dags/example_external_task_marker_dag.py took 0.113 seconds
[2025-01-27T11:42:03.946+0000] {processor.py:186} INFO - Started process (PID=729) to work on /home/airflow/.local/lib/python3.12/site-packages/airflow/example_dags/example_external_task_marker_dag.py
[2025-01-27T11:42:03.948+0000] {processor.py:914} INFO - Processing file /home/airflow/.local/lib/python3.12/site-packages/airflow/example_dags/example_external_task_marker_dag.py for tasks to queue
[2025-01-27T11:42:03.952+0000] {logging_mixin.py:190} INFO - [2025-01-27T11:42:03.952+0000] {dagbag.py:588} INFO - Filling up the DagBag from /home/airflow/.local/lib/python3.12/site-packages/airflow/example_dags/example_external_task_marker_dag.py
[2025-01-27T11:42:03.968+0000] {processor.py:925} INFO - DAG(s) 'example_external_task_marker_child', 'example_external_task_marker_parent' retrieved from /home/airflow/.local/lib/python3.12/site-packages/airflow/example_dags/example_external_task_marker_dag.py
[2025-01-27T11:42:04.003+0000] {logging_mixin.py:190} INFO - [2025-01-27T11:42:04.003+0000] {dag.py:3239} INFO - Sync 2 DAGs
[2025-01-27T11:42:04.038+0000] {logging_mixin.py:190} INFO - [2025-01-27T11:42:04.038+0000] {dag.py:4180} INFO - Setting next_dagrun for example_external_task_marker_child to None, run_after=None
[2025-01-27T11:42:04.048+0000] {logging_mixin.py:190} INFO - [2025-01-27T11:42:04.047+0000] {dag.py:4180} INFO - Setting next_dagrun for example_external_task_marker_parent to None, run_after=None
[2025-01-27T11:42:04.121+0000] {processor.py:208} INFO - Processing /home/airflow/.local/lib/python3.12/site-packages/airflow/example_dags/example_external_task_marker_dag.py took 0.185 seconds
[2025-01-27T11:42:34.899+0000] {processor.py:186} INFO - Started process (PID=794) to work on /home/airflow/.local/lib/python3.12/site-packages/airflow/example_dags/example_external_task_marker_dag.py
[2025-01-27T11:42:34.901+0000] {processor.py:914} INFO - Processing file /home/airflow/.local/lib/python3.12/site-packages/airflow/example_dags/example_external_task_marker_dag.py for tasks to queue
[2025-01-27T11:42:34.905+0000] {logging_mixin.py:190} INFO - [2025-01-27T11:42:34.905+0000] {dagbag.py:588} INFO - Filling up the DagBag from /home/airflow/.local/lib/python3.12/site-packages/airflow/example_dags/example_external_task_marker_dag.py
[2025-01-27T11:42:34.922+0000] {processor.py:925} INFO - DAG(s) 'example_external_task_marker_parent', 'example_external_task_marker_child' retrieved from /home/airflow/.local/lib/python3.12/site-packages/airflow/example_dags/example_external_task_marker_dag.py
[2025-01-27T11:42:34.963+0000] {logging_mixin.py:190} INFO - [2025-01-27T11:42:34.962+0000] {dag.py:3239} INFO - Sync 2 DAGs
[2025-01-27T11:42:34.988+0000] {logging_mixin.py:190} INFO - [2025-01-27T11:42:34.987+0000] {dag.py:4180} INFO - Setting next_dagrun for example_external_task_marker_child to None, run_after=None
[2025-01-27T11:42:34.993+0000] {logging_mixin.py:190} INFO - [2025-01-27T11:42:34.993+0000] {dag.py:4180} INFO - Setting next_dagrun for example_external_task_marker_parent to None, run_after=None
[2025-01-27T11:42:35.017+0000] {processor.py:208} INFO - Processing /home/airflow/.local/lib/python3.12/site-packages/airflow/example_dags/example_external_task_marker_dag.py took 0.128 seconds
[2025-01-27T11:43:06.980+0000] {processor.py:186} INFO - Started process (PID=859) to work on /home/airflow/.local/lib/python3.12/site-packages/airflow/example_dags/example_external_task_marker_dag.py
[2025-01-27T11:43:06.982+0000] {processor.py:914} INFO - Processing file /home/airflow/.local/lib/python3.12/site-packages/airflow/example_dags/example_external_task_marker_dag.py for tasks to queue
[2025-01-27T11:43:06.986+0000] {logging_mixin.py:190} INFO - [2025-01-27T11:43:06.985+0000] {dagbag.py:588} INFO - Filling up the DagBag from /home/airflow/.local/lib/python3.12/site-packages/airflow/example_dags/example_external_task_marker_dag.py
[2025-01-27T11:43:07.025+0000] {processor.py:925} INFO - DAG(s) 'example_external_task_marker_child', 'example_external_task_marker_parent' retrieved from /home/airflow/.local/lib/python3.12/site-packages/airflow/example_dags/example_external_task_marker_dag.py
[2025-01-27T11:43:07.110+0000] {logging_mixin.py:190} INFO - [2025-01-27T11:43:07.110+0000] {dag.py:3239} INFO - Sync 2 DAGs
[2025-01-27T11:43:07.168+0000] {logging_mixin.py:190} INFO - [2025-01-27T11:43:07.168+0000] {dag.py:4180} INFO - Setting next_dagrun for example_external_task_marker_child to None, run_after=None
[2025-01-27T11:43:07.174+0000] {logging_mixin.py:190} INFO - [2025-01-27T11:43:07.173+0000] {dag.py:4180} INFO - Setting next_dagrun for example_external_task_marker_parent to None, run_after=None
[2025-01-27T11:43:07.200+0000] {processor.py:208} INFO - Processing /home/airflow/.local/lib/python3.12/site-packages/airflow/example_dags/example_external_task_marker_dag.py took 0.232 seconds
[2025-01-27T11:43:41.456+0000] {processor.py:186} INFO - Started process (PID=894) to work on /home/airflow/.local/lib/python3.12/site-packages/airflow/example_dags/example_external_task_marker_dag.py
[2025-01-27T11:43:41.458+0000] {processor.py:914} INFO - Processing file /home/airflow/.local/lib/python3.12/site-packages/airflow/example_dags/example_external_task_marker_dag.py for tasks to queue
[2025-01-27T11:43:41.466+0000] {logging_mixin.py:190} INFO - [2025-01-27T11:43:41.465+0000] {dagbag.py:588} INFO - Filling up the DagBag from /home/airflow/.local/lib/python3.12/site-packages/airflow/example_dags/example_external_task_marker_dag.py
[2025-01-27T11:43:41.504+0000] {processor.py:925} INFO - DAG(s) 'example_external_task_marker_parent', 'example_external_task_marker_child' retrieved from /home/airflow/.local/lib/python3.12/site-packages/airflow/example_dags/example_external_task_marker_dag.py
[2025-01-27T11:43:41.584+0000] {logging_mixin.py:190} INFO - [2025-01-27T11:43:41.583+0000] {dag.py:3239} INFO - Sync 2 DAGs
[2025-01-27T11:43:41.655+0000] {logging_mixin.py:190} INFO - [2025-01-27T11:43:41.655+0000] {dag.py:4180} INFO - Setting next_dagrun for example_external_task_marker_child to None, run_after=None
[2025-01-27T11:43:41.677+0000] {logging_mixin.py:190} INFO - [2025-01-27T11:43:41.676+0000] {dag.py:4180} INFO - Setting next_dagrun for example_external_task_marker_parent to None, run_after=None
[2025-01-27T11:43:41.744+0000] {processor.py:208} INFO - Processing /home/airflow/.local/lib/python3.12/site-packages/airflow/example_dags/example_external_task_marker_dag.py took 0.308 seconds
[2025-01-27T11:44:12.365+0000] {processor.py:186} INFO - Started process (PID=958) to work on /home/airflow/.local/lib/python3.12/site-packages/airflow/example_dags/example_external_task_marker_dag.py
[2025-01-27T11:44:12.366+0000] {processor.py:914} INFO - Processing file /home/airflow/.local/lib/python3.12/site-packages/airflow/example_dags/example_external_task_marker_dag.py for tasks to queue
[2025-01-27T11:44:12.372+0000] {logging_mixin.py:190} INFO - [2025-01-27T11:44:12.371+0000] {dagbag.py:588} INFO - Filling up the DagBag from /home/airflow/.local/lib/python3.12/site-packages/airflow/example_dags/example_external_task_marker_dag.py
[2025-01-27T11:44:12.386+0000] {processor.py:925} INFO - DAG(s) 'example_external_task_marker_parent', 'example_external_task_marker_child' retrieved from /home/airflow/.local/lib/python3.12/site-packages/airflow/example_dags/example_external_task_marker_dag.py
[2025-01-27T11:44:12.424+0000] {logging_mixin.py:190} INFO - [2025-01-27T11:44:12.423+0000] {dag.py:3239} INFO - Sync 2 DAGs
[2025-01-27T11:44:12.449+0000] {logging_mixin.py:190} INFO - [2025-01-27T11:44:12.448+0000] {dag.py:4180} INFO - Setting next_dagrun for example_external_task_marker_child to None, run_after=None
[2025-01-27T11:44:12.456+0000] {logging_mixin.py:190} INFO - [2025-01-27T11:44:12.455+0000] {dag.py:4180} INFO - Setting next_dagrun for example_external_task_marker_parent to None, run_after=None
[2025-01-27T11:44:12.492+0000] {processor.py:208} INFO - Processing /home/airflow/.local/lib/python3.12/site-packages/airflow/example_dags/example_external_task_marker_dag.py took 0.137 seconds
[2025-01-27T11:44:43.319+0000] {processor.py:186} INFO - Started process (PID=1022) to work on /home/airflow/.local/lib/python3.12/site-packages/airflow/example_dags/example_external_task_marker_dag.py
[2025-01-27T11:44:43.320+0000] {processor.py:914} INFO - Processing file /home/airflow/.local/lib/python3.12/site-packages/airflow/example_dags/example_external_task_marker_dag.py for tasks to queue
[2025-01-27T11:44:43.325+0000] {logging_mixin.py:190} INFO - [2025-01-27T11:44:43.324+0000] {dagbag.py:588} INFO - Filling up the DagBag from /home/airflow/.local/lib/python3.12/site-packages/airflow/example_dags/example_external_task_marker_dag.py
[2025-01-27T11:44:43.339+0000] {processor.py:925} INFO - DAG(s) 'example_external_task_marker_parent', 'example_external_task_marker_child' retrieved from /home/airflow/.local/lib/python3.12/site-packages/airflow/example_dags/example_external_task_marker_dag.py
[2025-01-27T11:44:43.395+0000] {logging_mixin.py:190} INFO - [2025-01-27T11:44:43.395+0000] {dag.py:3239} INFO - Sync 2 DAGs
[2025-01-27T11:44:43.437+0000] {logging_mixin.py:190} INFO - [2025-01-27T11:44:43.436+0000] {dag.py:4180} INFO - Setting next_dagrun for example_external_task_marker_child to None, run_after=None
[2025-01-27T11:44:43.445+0000] {logging_mixin.py:190} INFO - [2025-01-27T11:44:43.445+0000] {dag.py:4180} INFO - Setting next_dagrun for example_external_task_marker_parent to None, run_after=None
[2025-01-27T11:44:43.478+0000] {processor.py:208} INFO - Processing /home/airflow/.local/lib/python3.12/site-packages/airflow/example_dags/example_external_task_marker_dag.py took 0.170 seconds
[2025-01-27T11:45:14.686+0000] {processor.py:186} INFO - Started process (PID=1086) to work on /home/airflow/.local/lib/python3.12/site-packages/airflow/example_dags/example_external_task_marker_dag.py
[2025-01-27T11:45:14.688+0000] {processor.py:914} INFO - Processing file /home/airflow/.local/lib/python3.12/site-packages/airflow/example_dags/example_external_task_marker_dag.py for tasks to queue
[2025-01-27T11:45:14.693+0000] {logging_mixin.py:190} INFO - [2025-01-27T11:45:14.692+0000] {dagbag.py:588} INFO - Filling up the DagBag from /home/airflow/.local/lib/python3.12/site-packages/airflow/example_dags/example_external_task_marker_dag.py
[2025-01-27T11:45:14.704+0000] {processor.py:925} INFO - DAG(s) 'example_external_task_marker_parent', 'example_external_task_marker_child' retrieved from /home/airflow/.local/lib/python3.12/site-packages/airflow/example_dags/example_external_task_marker_dag.py
[2025-01-27T11:45:14.740+0000] {logging_mixin.py:190} INFO - [2025-01-27T11:45:14.740+0000] {dag.py:3239} INFO - Sync 2 DAGs
[2025-01-27T11:45:14.762+0000] {logging_mixin.py:190} INFO - [2025-01-27T11:45:14.762+0000] {dag.py:4180} INFO - Setting next_dagrun for example_external_task_marker_child to None, run_after=None
[2025-01-27T11:45:14.768+0000] {logging_mixin.py:190} INFO - [2025-01-27T11:45:14.767+0000] {dag.py:4180} INFO - Setting next_dagrun for example_external_task_marker_parent to None, run_after=None
[2025-01-27T11:45:14.794+0000] {processor.py:208} INFO - Processing /home/airflow/.local/lib/python3.12/site-packages/airflow/example_dags/example_external_task_marker_dag.py took 0.117 seconds
[2025-01-27T11:45:45.478+0000] {processor.py:186} INFO - Started process (PID=1150) to work on /home/airflow/.local/lib/python3.12/site-packages/airflow/example_dags/example_external_task_marker_dag.py
[2025-01-27T11:45:45.480+0000] {processor.py:914} INFO - Processing file /home/airflow/.local/lib/python3.12/site-packages/airflow/example_dags/example_external_task_marker_dag.py for tasks to queue
[2025-01-27T11:45:45.483+0000] {logging_mixin.py:190} INFO - [2025-01-27T11:45:45.483+0000] {dagbag.py:588} INFO - Filling up the DagBag from /home/airflow/.local/lib/python3.12/site-packages/airflow/example_dags/example_external_task_marker_dag.py
[2025-01-27T11:45:45.495+0000] {processor.py:925} INFO - DAG(s) 'example_external_task_marker_child', 'example_external_task_marker_parent' retrieved from /home/airflow/.local/lib/python3.12/site-packages/airflow/example_dags/example_external_task_marker_dag.py
[2025-01-27T11:45:45.532+0000] {logging_mixin.py:190} INFO - [2025-01-27T11:45:45.531+0000] {dag.py:3239} INFO - Sync 2 DAGs
[2025-01-27T11:45:45.552+0000] {logging_mixin.py:190} INFO - [2025-01-27T11:45:45.552+0000] {dag.py:4180} INFO - Setting next_dagrun for example_external_task_marker_child to None, run_after=None
[2025-01-27T11:45:45.558+0000] {logging_mixin.py:190} INFO - [2025-01-27T11:45:45.558+0000] {dag.py:4180} INFO - Setting next_dagrun for example_external_task_marker_parent to None, run_after=None
[2025-01-27T11:45:45.591+0000] {processor.py:208} INFO - Processing /home/airflow/.local/lib/python3.12/site-packages/airflow/example_dags/example_external_task_marker_dag.py took 0.123 seconds
[2025-01-27T11:46:15.785+0000] {processor.py:186} INFO - Started process (PID=1214) to work on /home/airflow/.local/lib/python3.12/site-packages/airflow/example_dags/example_external_task_marker_dag.py
[2025-01-27T11:46:15.786+0000] {processor.py:914} INFO - Processing file /home/airflow/.local/lib/python3.12/site-packages/airflow/example_dags/example_external_task_marker_dag.py for tasks to queue
[2025-01-27T11:46:15.790+0000] {logging_mixin.py:190} INFO - [2025-01-27T11:46:15.790+0000] {dagbag.py:588} INFO - Filling up the DagBag from /home/airflow/.local/lib/python3.12/site-packages/airflow/example_dags/example_external_task_marker_dag.py
[2025-01-27T11:46:15.802+0000] {processor.py:925} INFO - DAG(s) 'example_external_task_marker_child', 'example_external_task_marker_parent' retrieved from /home/airflow/.local/lib/python3.12/site-packages/airflow/example_dags/example_external_task_marker_dag.py
[2025-01-27T11:46:15.841+0000] {logging_mixin.py:190} INFO - [2025-01-27T11:46:15.841+0000] {dag.py:3239} INFO - Sync 2 DAGs
[2025-01-27T11:46:15.865+0000] {logging_mixin.py:190} INFO - [2025-01-27T11:46:15.865+0000] {dag.py:4180} INFO - Setting next_dagrun for example_external_task_marker_child to None, run_after=None
[2025-01-27T11:46:15.872+0000] {logging_mixin.py:190} INFO - [2025-01-27T11:46:15.872+0000] {dag.py:4180} INFO - Setting next_dagrun for example_external_task_marker_parent to None, run_after=None
[2025-01-27T11:46:15.897+0000] {processor.py:208} INFO - Processing /home/airflow/.local/lib/python3.12/site-packages/airflow/example_dags/example_external_task_marker_dag.py took 0.122 seconds
[2025-01-27T11:46:46.652+0000] {processor.py:186} INFO - Started process (PID=1278) to work on /home/airflow/.local/lib/python3.12/site-packages/airflow/example_dags/example_external_task_marker_dag.py
[2025-01-27T11:46:46.654+0000] {processor.py:914} INFO - Processing file /home/airflow/.local/lib/python3.12/site-packages/airflow/example_dags/example_external_task_marker_dag.py for tasks to queue
[2025-01-27T11:46:46.661+0000] {logging_mixin.py:190} INFO - [2025-01-27T11:46:46.660+0000] {dagbag.py:588} INFO - Filling up the DagBag from /home/airflow/.local/lib/python3.12/site-packages/airflow/example_dags/example_external_task_marker_dag.py
[2025-01-27T11:46:46.682+0000] {processor.py:925} INFO - DAG(s) 'example_external_task_marker_child', 'example_external_task_marker_parent' retrieved from /home/airflow/.local/lib/python3.12/site-packages/airflow/example_dags/example_external_task_marker_dag.py
[2025-01-27T11:46:46.746+0000] {logging_mixin.py:190} INFO - [2025-01-27T11:46:46.746+0000] {dag.py:3239} INFO - Sync 2 DAGs
[2025-01-27T11:46:46.776+0000] {logging_mixin.py:190} INFO - [2025-01-27T11:46:46.776+0000] {dag.py:4180} INFO - Setting next_dagrun for example_external_task_marker_child to None, run_after=None
[2025-01-27T11:46:46.787+0000] {logging_mixin.py:190} INFO - [2025-01-27T11:46:46.786+0000] {dag.py:4180} INFO - Setting next_dagrun for example_external_task_marker_parent to None, run_after=None
[2025-01-27T11:46:46.826+0000] {processor.py:208} INFO - Processing /home/airflow/.local/lib/python3.12/site-packages/airflow/example_dags/example_external_task_marker_dag.py took 0.185 seconds
[2025-01-27T11:47:17.306+0000] {processor.py:186} INFO - Started process (PID=1342) to work on /home/airflow/.local/lib/python3.12/site-packages/airflow/example_dags/example_external_task_marker_dag.py
[2025-01-27T11:47:17.308+0000] {processor.py:914} INFO - Processing file /home/airflow/.local/lib/python3.12/site-packages/airflow/example_dags/example_external_task_marker_dag.py for tasks to queue
[2025-01-27T11:47:17.313+0000] {logging_mixin.py:190} INFO - [2025-01-27T11:47:17.312+0000] {dagbag.py:588} INFO - Filling up the DagBag from /home/airflow/.local/lib/python3.12/site-packages/airflow/example_dags/example_external_task_marker_dag.py
[2025-01-27T11:47:17.334+0000] {processor.py:925} INFO - DAG(s) 'example_external_task_marker_child', 'example_external_task_marker_parent' retrieved from /home/airflow/.local/lib/python3.12/site-packages/airflow/example_dags/example_external_task_marker_dag.py
[2025-01-27T11:47:17.425+0000] {logging_mixin.py:190} INFO - [2025-01-27T11:47:17.425+0000] {dag.py:3239} INFO - Sync 2 DAGs
[2025-01-27T11:47:17.465+0000] {logging_mixin.py:190} INFO - [2025-01-27T11:47:17.465+0000] {dag.py:4180} INFO - Setting next_dagrun for example_external_task_marker_child to None, run_after=None
[2025-01-27T11:47:17.475+0000] {logging_mixin.py:190} INFO - [2025-01-27T11:47:17.474+0000] {dag.py:4180} INFO - Setting next_dagrun for example_external_task_marker_parent to None, run_after=None
[2025-01-27T11:47:17.513+0000] {processor.py:208} INFO - Processing /home/airflow/.local/lib/python3.12/site-packages/airflow/example_dags/example_external_task_marker_dag.py took 0.222 seconds
[2025-01-27T11:47:48.450+0000] {processor.py:186} INFO - Started process (PID=1405) to work on /home/airflow/.local/lib/python3.12/site-packages/airflow/example_dags/example_external_task_marker_dag.py
[2025-01-27T11:47:48.452+0000] {processor.py:914} INFO - Processing file /home/airflow/.local/lib/python3.12/site-packages/airflow/example_dags/example_external_task_marker_dag.py for tasks to queue
[2025-01-27T11:47:48.456+0000] {logging_mixin.py:190} INFO - [2025-01-27T11:47:48.456+0000] {dagbag.py:588} INFO - Filling up the DagBag from /home/airflow/.local/lib/python3.12/site-packages/airflow/example_dags/example_external_task_marker_dag.py
[2025-01-27T11:47:48.469+0000] {processor.py:925} INFO - DAG(s) 'example_external_task_marker_child', 'example_external_task_marker_parent' retrieved from /home/airflow/.local/lib/python3.12/site-packages/airflow/example_dags/example_external_task_marker_dag.py
[2025-01-27T11:47:48.506+0000] {logging_mixin.py:190} INFO - [2025-01-27T11:47:48.505+0000] {dag.py:3239} INFO - Sync 2 DAGs
[2025-01-27T11:47:48.533+0000] {logging_mixin.py:190} INFO - [2025-01-27T11:47:48.533+0000] {dag.py:4180} INFO - Setting next_dagrun for example_external_task_marker_child to None, run_after=None
[2025-01-27T11:47:48.539+0000] {logging_mixin.py:190} INFO - [2025-01-27T11:47:48.539+0000] {dag.py:4180} INFO - Setting next_dagrun for example_external_task_marker_parent to None, run_after=None
[2025-01-27T11:47:48.568+0000] {processor.py:208} INFO - Processing /home/airflow/.local/lib/python3.12/site-packages/airflow/example_dags/example_external_task_marker_dag.py took 0.130 seconds
[2025-01-27T11:48:18.943+0000] {processor.py:186} INFO - Started process (PID=1469) to work on /home/airflow/.local/lib/python3.12/site-packages/airflow/example_dags/example_external_task_marker_dag.py
[2025-01-27T11:48:18.945+0000] {processor.py:914} INFO - Processing file /home/airflow/.local/lib/python3.12/site-packages/airflow/example_dags/example_external_task_marker_dag.py for tasks to queue
[2025-01-27T11:48:18.957+0000] {logging_mixin.py:190} INFO - [2025-01-27T11:48:18.956+0000] {dagbag.py:588} INFO - Filling up the DagBag from /home/airflow/.local/lib/python3.12/site-packages/airflow/example_dags/example_external_task_marker_dag.py
[2025-01-27T11:48:18.995+0000] {processor.py:925} INFO - DAG(s) 'example_external_task_marker_child', 'example_external_task_marker_parent' retrieved from /home/airflow/.local/lib/python3.12/site-packages/airflow/example_dags/example_external_task_marker_dag.py
[2025-01-27T11:48:19.041+0000] {logging_mixin.py:190} INFO - [2025-01-27T11:48:19.040+0000] {dag.py:3239} INFO - Sync 2 DAGs
[2025-01-27T11:48:19.064+0000] {logging_mixin.py:190} INFO - [2025-01-27T11:48:19.064+0000] {dag.py:4180} INFO - Setting next_dagrun for example_external_task_marker_child to None, run_after=None
[2025-01-27T11:48:19.072+0000] {logging_mixin.py:190} INFO - [2025-01-27T11:48:19.071+0000] {dag.py:4180} INFO - Setting next_dagrun for example_external_task_marker_parent to None, run_after=None
[2025-01-27T11:48:19.100+0000] {processor.py:208} INFO - Processing /home/airflow/.local/lib/python3.12/site-packages/airflow/example_dags/example_external_task_marker_dag.py took 0.177 seconds
[2025-01-27T11:48:49.217+0000] {processor.py:186} INFO - Started process (PID=1533) to work on /home/airflow/.local/lib/python3.12/site-packages/airflow/example_dags/example_external_task_marker_dag.py
[2025-01-27T11:48:49.219+0000] {processor.py:914} INFO - Processing file /home/airflow/.local/lib/python3.12/site-packages/airflow/example_dags/example_external_task_marker_dag.py for tasks to queue
[2025-01-27T11:48:49.223+0000] {logging_mixin.py:190} INFO - [2025-01-27T11:48:49.222+0000] {dagbag.py:588} INFO - Filling up the DagBag from /home/airflow/.local/lib/python3.12/site-packages/airflow/example_dags/example_external_task_marker_dag.py
[2025-01-27T11:48:49.240+0000] {processor.py:925} INFO - DAG(s) 'example_external_task_marker_child', 'example_external_task_marker_parent' retrieved from /home/airflow/.local/lib/python3.12/site-packages/airflow/example_dags/example_external_task_marker_dag.py
[2025-01-27T11:48:49.282+0000] {logging_mixin.py:190} INFO - [2025-01-27T11:48:49.282+0000] {dag.py:3239} INFO - Sync 2 DAGs
[2025-01-27T11:48:49.305+0000] {logging_mixin.py:190} INFO - [2025-01-27T11:48:49.305+0000] {dag.py:4180} INFO - Setting next_dagrun for example_external_task_marker_child to None, run_after=None
[2025-01-27T11:48:49.313+0000] {logging_mixin.py:190} INFO - [2025-01-27T11:48:49.312+0000] {dag.py:4180} INFO - Setting next_dagrun for example_external_task_marker_parent to None, run_after=None
[2025-01-27T11:48:49.341+0000] {processor.py:208} INFO - Processing /home/airflow/.local/lib/python3.12/site-packages/airflow/example_dags/example_external_task_marker_dag.py took 0.135 seconds
[2025-01-27T11:49:20.031+0000] {processor.py:186} INFO - Started process (PID=1597) to work on /home/airflow/.local/lib/python3.12/site-packages/airflow/example_dags/example_external_task_marker_dag.py
[2025-01-27T11:49:20.033+0000] {processor.py:914} INFO - Processing file /home/airflow/.local/lib/python3.12/site-packages/airflow/example_dags/example_external_task_marker_dag.py for tasks to queue
[2025-01-27T11:49:20.037+0000] {logging_mixin.py:190} INFO - [2025-01-27T11:49:20.037+0000] {dagbag.py:588} INFO - Filling up the DagBag from /home/airflow/.local/lib/python3.12/site-packages/airflow/example_dags/example_external_task_marker_dag.py
[2025-01-27T11:49:20.050+0000] {processor.py:925} INFO - DAG(s) 'example_external_task_marker_parent', 'example_external_task_marker_child' retrieved from /home/airflow/.local/lib/python3.12/site-packages/airflow/example_dags/example_external_task_marker_dag.py
[2025-01-27T11:49:20.094+0000] {logging_mixin.py:190} INFO - [2025-01-27T11:49:20.093+0000] {dag.py:3239} INFO - Sync 2 DAGs
[2025-01-27T11:49:20.118+0000] {logging_mixin.py:190} INFO - [2025-01-27T11:49:20.117+0000] {dag.py:4180} INFO - Setting next_dagrun for example_external_task_marker_child to None, run_after=None
[2025-01-27T11:49:20.124+0000] {logging_mixin.py:190} INFO - [2025-01-27T11:49:20.124+0000] {dag.py:4180} INFO - Setting next_dagrun for example_external_task_marker_parent to None, run_after=None
[2025-01-27T11:49:20.184+0000] {processor.py:208} INFO - Processing /home/airflow/.local/lib/python3.12/site-packages/airflow/example_dags/example_external_task_marker_dag.py took 0.161 seconds
[2025-01-27T11:49:50.681+0000] {processor.py:186} INFO - Started process (PID=1662) to work on /home/airflow/.local/lib/python3.12/site-packages/airflow/example_dags/example_external_task_marker_dag.py
[2025-01-27T11:49:50.683+0000] {processor.py:914} INFO - Processing file /home/airflow/.local/lib/python3.12/site-packages/airflow/example_dags/example_external_task_marker_dag.py for tasks to queue
[2025-01-27T11:49:50.688+0000] {logging_mixin.py:190} INFO - [2025-01-27T11:49:50.687+0000] {dagbag.py:588} INFO - Filling up the DagBag from /home/airflow/.local/lib/python3.12/site-packages/airflow/example_dags/example_external_task_marker_dag.py
[2025-01-27T11:49:50.702+0000] {processor.py:925} INFO - DAG(s) 'example_external_task_marker_child', 'example_external_task_marker_parent' retrieved from /home/airflow/.local/lib/python3.12/site-packages/airflow/example_dags/example_external_task_marker_dag.py
[2025-01-27T11:49:50.742+0000] {logging_mixin.py:190} INFO - [2025-01-27T11:49:50.742+0000] {dag.py:3239} INFO - Sync 2 DAGs
[2025-01-27T11:49:50.775+0000] {logging_mixin.py:190} INFO - [2025-01-27T11:49:50.775+0000] {dag.py:4180} INFO - Setting next_dagrun for example_external_task_marker_child to None, run_after=None
[2025-01-27T11:49:50.783+0000] {logging_mixin.py:190} INFO - [2025-01-27T11:49:50.782+0000] {dag.py:4180} INFO - Setting next_dagrun for example_external_task_marker_parent to None, run_after=None
[2025-01-27T11:49:50.819+0000] {processor.py:208} INFO - Processing /home/airflow/.local/lib/python3.12/site-packages/airflow/example_dags/example_external_task_marker_dag.py took 0.152 seconds
[2025-01-27T11:50:21.505+0000] {processor.py:186} INFO - Started process (PID=1726) to work on /home/airflow/.local/lib/python3.12/site-packages/airflow/example_dags/example_external_task_marker_dag.py
[2025-01-27T11:50:21.507+0000] {processor.py:914} INFO - Processing file /home/airflow/.local/lib/python3.12/site-packages/airflow/example_dags/example_external_task_marker_dag.py for tasks to queue
[2025-01-27T11:50:21.513+0000] {logging_mixin.py:190} INFO - [2025-01-27T11:50:21.512+0000] {dagbag.py:588} INFO - Filling up the DagBag from /home/airflow/.local/lib/python3.12/site-packages/airflow/example_dags/example_external_task_marker_dag.py
[2025-01-27T11:50:21.532+0000] {processor.py:925} INFO - DAG(s) 'example_external_task_marker_parent', 'example_external_task_marker_child' retrieved from /home/airflow/.local/lib/python3.12/site-packages/airflow/example_dags/example_external_task_marker_dag.py
[2025-01-27T11:50:21.631+0000] {logging_mixin.py:190} INFO - [2025-01-27T11:50:21.629+0000] {dag.py:3239} INFO - Sync 2 DAGs
[2025-01-27T11:50:21.700+0000] {logging_mixin.py:190} INFO - [2025-01-27T11:50:21.700+0000] {dag.py:4180} INFO - Setting next_dagrun for example_external_task_marker_child to None, run_after=None
[2025-01-27T11:50:21.723+0000] {logging_mixin.py:190} INFO - [2025-01-27T11:50:21.722+0000] {dag.py:4180} INFO - Setting next_dagrun for example_external_task_marker_parent to None, run_after=None
[2025-01-27T11:50:21.816+0000] {processor.py:208} INFO - Processing /home/airflow/.local/lib/python3.12/site-packages/airflow/example_dags/example_external_task_marker_dag.py took 0.325 seconds
