[2025-01-27T10:33:51.850+0000] {processor.py:186} INFO - Started process (PID=176) to work on /home/airflow/.local/lib/python3.12/site-packages/airflow/example_dags/example_bash_operator.py
[2025-01-27T10:33:51.851+0000] {processor.py:914} INFO - Processing file /home/airflow/.local/lib/python3.12/site-packages/airflow/example_dags/example_bash_operator.py for tasks to queue
[2025-01-27T10:33:51.856+0000] {logging_mixin.py:190} INFO - [2025-01-27T10:33:51.856+0000] {dagbag.py:588} INFO - Filling up the DagBag from /home/airflow/.local/lib/python3.12/site-packages/airflow/example_dags/example_bash_operator.py
[2025-01-27T10:33:51.957+0000] {processor.py:925} INFO - DAG(s) 'example_bash_operator' retrieved from /home/airflow/.local/lib/python3.12/site-packages/airflow/example_dags/example_bash_operator.py
[2025-01-27T10:33:52.108+0000] {logging_mixin.py:190} INFO - [2025-01-27T10:33:52.107+0000] {dag.py:3239} INFO - Sync 1 DAGs
[2025-01-27T10:33:52.185+0000] {logging_mixin.py:190} INFO - [2025-01-27T10:33:52.184+0000] {dag.py:4180} INFO - Setting next_dagrun for example_bash_operator to 2025-01-26 00:00:00+00:00, run_after=2025-01-27 00:00:00+00:00
[2025-01-27T10:33:52.259+0000] {processor.py:208} INFO - Processing /home/airflow/.local/lib/python3.12/site-packages/airflow/example_dags/example_bash_operator.py took 0.425 seconds
[2025-01-27T10:44:54.184+0000] {processor.py:186} INFO - Started process (PID=161) to work on /home/airflow/.local/lib/python3.12/site-packages/airflow/example_dags/example_bash_operator.py
[2025-01-27T10:44:54.187+0000] {processor.py:914} INFO - Processing file /home/airflow/.local/lib/python3.12/site-packages/airflow/example_dags/example_bash_operator.py for tasks to queue
[2025-01-27T10:44:54.192+0000] {logging_mixin.py:190} INFO - [2025-01-27T10:44:54.191+0000] {dagbag.py:588} INFO - Filling up the DagBag from /home/airflow/.local/lib/python3.12/site-packages/airflow/example_dags/example_bash_operator.py
[2025-01-27T10:44:54.238+0000] {processor.py:925} INFO - DAG(s) 'example_bash_operator' retrieved from /home/airflow/.local/lib/python3.12/site-packages/airflow/example_dags/example_bash_operator.py
[2025-01-27T10:44:54.349+0000] {logging_mixin.py:190} INFO - [2025-01-27T10:44:54.348+0000] {dag.py:3239} INFO - Sync 1 DAGs
[2025-01-27T10:44:54.422+0000] {logging_mixin.py:190} INFO - [2025-01-27T10:44:54.422+0000] {dag.py:4180} INFO - Setting next_dagrun for example_bash_operator to 2025-01-26 00:00:00+00:00, run_after=2025-01-27 00:00:00+00:00
[2025-01-27T10:44:54.467+0000] {processor.py:208} INFO - Processing /home/airflow/.local/lib/python3.12/site-packages/airflow/example_dags/example_bash_operator.py took 0.296 seconds
[2025-01-27T10:46:07.510+0000] {processor.py:186} INFO - Started process (PID=230) to work on /home/airflow/.local/lib/python3.12/site-packages/airflow/example_dags/example_bash_operator.py
[2025-01-27T10:46:07.515+0000] {processor.py:914} INFO - Processing file /home/airflow/.local/lib/python3.12/site-packages/airflow/example_dags/example_bash_operator.py for tasks to queue
[2025-01-27T10:46:07.538+0000] {logging_mixin.py:190} INFO - [2025-01-27T10:46:07.530+0000] {dagbag.py:588} INFO - Filling up the DagBag from /home/airflow/.local/lib/python3.12/site-packages/airflow/example_dags/example_bash_operator.py
[2025-01-27T10:46:07.603+0000] {processor.py:925} INFO - DAG(s) 'example_bash_operator' retrieved from /home/airflow/.local/lib/python3.12/site-packages/airflow/example_dags/example_bash_operator.py
[2025-01-27T10:46:07.810+0000] {logging_mixin.py:190} INFO - [2025-01-27T10:46:07.808+0000] {dag.py:3239} INFO - Sync 1 DAGs
[2025-01-27T10:46:07.988+0000] {logging_mixin.py:190} INFO - [2025-01-27T10:46:07.987+0000] {dag.py:4180} INFO - Setting next_dagrun for example_bash_operator to 2025-01-26 00:00:00+00:00, run_after=2025-01-27 00:00:00+00:00
[2025-01-27T10:46:08.129+0000] {processor.py:208} INFO - Processing /home/airflow/.local/lib/python3.12/site-packages/airflow/example_dags/example_bash_operator.py took 0.702 seconds
[2025-01-27T10:46:47.520+0000] {processor.py:186} INFO - Started process (PID=299) to work on /home/airflow/.local/lib/python3.12/site-packages/airflow/example_dags/example_bash_operator.py
[2025-01-27T10:46:47.524+0000] {processor.py:914} INFO - Processing file /home/airflow/.local/lib/python3.12/site-packages/airflow/example_dags/example_bash_operator.py for tasks to queue
[2025-01-27T10:46:47.533+0000] {logging_mixin.py:190} INFO - [2025-01-27T10:46:47.532+0000] {dagbag.py:588} INFO - Filling up the DagBag from /home/airflow/.local/lib/python3.12/site-packages/airflow/example_dags/example_bash_operator.py
[2025-01-27T10:46:47.588+0000] {processor.py:925} INFO - DAG(s) 'example_bash_operator' retrieved from /home/airflow/.local/lib/python3.12/site-packages/airflow/example_dags/example_bash_operator.py
[2025-01-27T10:46:47.795+0000] {logging_mixin.py:190} INFO - [2025-01-27T10:46:47.794+0000] {dag.py:3239} INFO - Sync 1 DAGs
[2025-01-27T10:46:47.944+0000] {logging_mixin.py:190} INFO - [2025-01-27T10:46:47.943+0000] {dag.py:4180} INFO - Setting next_dagrun for example_bash_operator to 2025-01-26 00:00:00+00:00, run_after=2025-01-27 00:00:00+00:00
[2025-01-27T10:46:48.060+0000] {processor.py:208} INFO - Processing /home/airflow/.local/lib/python3.12/site-packages/airflow/example_dags/example_bash_operator.py took 0.560 seconds
[2025-01-27T10:47:51.388+0000] {processor.py:186} INFO - Started process (PID=363) to work on /home/airflow/.local/lib/python3.12/site-packages/airflow/example_dags/example_bash_operator.py
[2025-01-27T10:47:51.408+0000] {processor.py:914} INFO - Processing file /home/airflow/.local/lib/python3.12/site-packages/airflow/example_dags/example_bash_operator.py for tasks to queue
[2025-01-27T10:47:51.430+0000] {logging_mixin.py:190} INFO - [2025-01-27T10:47:51.425+0000] {dagbag.py:588} INFO - Filling up the DagBag from /home/airflow/.local/lib/python3.12/site-packages/airflow/example_dags/example_bash_operator.py
[2025-01-27T10:47:51.570+0000] {processor.py:925} INFO - DAG(s) 'example_bash_operator' retrieved from /home/airflow/.local/lib/python3.12/site-packages/airflow/example_dags/example_bash_operator.py
[2025-01-27T10:47:51.793+0000] {logging_mixin.py:190} INFO - [2025-01-27T10:47:51.793+0000] {dag.py:3239} INFO - Sync 1 DAGs
[2025-01-27T10:47:51.896+0000] {logging_mixin.py:190} INFO - [2025-01-27T10:47:51.896+0000] {dag.py:4180} INFO - Setting next_dagrun for example_bash_operator to 2025-01-26 00:00:00+00:00, run_after=2025-01-27 00:00:00+00:00
[2025-01-27T10:47:52.069+0000] {processor.py:208} INFO - Processing /home/airflow/.local/lib/python3.12/site-packages/airflow/example_dags/example_bash_operator.py took 0.697 seconds
[2025-01-27T10:54:47.653+0000] {processor.py:186} INFO - Started process (PID=89) to work on /home/airflow/.local/lib/python3.12/site-packages/airflow/example_dags/example_bash_operator.py
[2025-01-27T10:54:47.662+0000] {processor.py:914} INFO - Processing file /home/airflow/.local/lib/python3.12/site-packages/airflow/example_dags/example_bash_operator.py for tasks to queue
[2025-01-27T10:54:47.709+0000] {logging_mixin.py:190} INFO - [2025-01-27T10:54:47.707+0000] {dagbag.py:588} INFO - Filling up the DagBag from /home/airflow/.local/lib/python3.12/site-packages/airflow/example_dags/example_bash_operator.py
[2025-01-27T10:54:47.943+0000] {processor.py:925} INFO - DAG(s) 'example_bash_operator' retrieved from /home/airflow/.local/lib/python3.12/site-packages/airflow/example_dags/example_bash_operator.py
[2025-01-27T10:54:48.293+0000] {logging_mixin.py:190} INFO - [2025-01-27T10:54:48.290+0000] {dag.py:3239} INFO - Sync 1 DAGs
[2025-01-27T10:54:48.359+0000] {logging_mixin.py:190} INFO - [2025-01-27T10:54:48.359+0000] {dag.py:4180} INFO - Setting next_dagrun for example_bash_operator to 2025-01-26 00:00:00+00:00, run_after=2025-01-27 00:00:00+00:00
[2025-01-27T10:54:48.452+0000] {processor.py:208} INFO - Processing /home/airflow/.local/lib/python3.12/site-packages/airflow/example_dags/example_bash_operator.py took 0.888 seconds
[2025-01-27T10:56:07.244+0000] {processor.py:186} INFO - Started process (PID=153) to work on /home/airflow/.local/lib/python3.12/site-packages/airflow/example_dags/example_bash_operator.py
[2025-01-27T10:56:07.255+0000] {processor.py:914} INFO - Processing file /home/airflow/.local/lib/python3.12/site-packages/airflow/example_dags/example_bash_operator.py for tasks to queue
[2025-01-27T10:56:07.277+0000] {logging_mixin.py:190} INFO - [2025-01-27T10:56:07.267+0000] {dagbag.py:588} INFO - Filling up the DagBag from /home/airflow/.local/lib/python3.12/site-packages/airflow/example_dags/example_bash_operator.py
[2025-01-27T10:56:07.461+0000] {processor.py:925} INFO - DAG(s) 'example_bash_operator' retrieved from /home/airflow/.local/lib/python3.12/site-packages/airflow/example_dags/example_bash_operator.py
[2025-01-27T10:56:07.830+0000] {logging_mixin.py:190} INFO - [2025-01-27T10:56:07.829+0000] {dag.py:3239} INFO - Sync 1 DAGs
[2025-01-27T10:56:08.689+0000] {logging_mixin.py:190} INFO - [2025-01-27T10:56:08.689+0000] {dag.py:4180} INFO - Setting next_dagrun for example_bash_operator to 2025-01-26 00:00:00+00:00, run_after=2025-01-27 00:00:00+00:00
[2025-01-27T10:56:08.994+0000] {processor.py:208} INFO - Processing /home/airflow/.local/lib/python3.12/site-packages/airflow/example_dags/example_bash_operator.py took 1.798 seconds
[2025-01-27T10:56:49.792+0000] {processor.py:186} INFO - Started process (PID=223) to work on /home/airflow/.local/lib/python3.12/site-packages/airflow/example_dags/example_bash_operator.py
[2025-01-27T10:56:49.795+0000] {processor.py:914} INFO - Processing file /home/airflow/.local/lib/python3.12/site-packages/airflow/example_dags/example_bash_operator.py for tasks to queue
[2025-01-27T10:56:49.802+0000] {logging_mixin.py:190} INFO - [2025-01-27T10:56:49.801+0000] {dagbag.py:588} INFO - Filling up the DagBag from /home/airflow/.local/lib/python3.12/site-packages/airflow/example_dags/example_bash_operator.py
[2025-01-27T10:56:49.857+0000] {processor.py:925} INFO - DAG(s) 'example_bash_operator' retrieved from /home/airflow/.local/lib/python3.12/site-packages/airflow/example_dags/example_bash_operator.py
[2025-01-27T10:56:50.095+0000] {logging_mixin.py:190} INFO - [2025-01-27T10:56:50.094+0000] {dag.py:3239} INFO - Sync 1 DAGs
[2025-01-27T10:56:50.364+0000] {logging_mixin.py:190} INFO - [2025-01-27T10:56:50.363+0000] {dag.py:4180} INFO - Setting next_dagrun for example_bash_operator to 2025-01-26 00:00:00+00:00, run_after=2025-01-27 00:00:00+00:00
[2025-01-27T10:56:50.615+0000] {processor.py:208} INFO - Processing /home/airflow/.local/lib/python3.12/site-packages/airflow/example_dags/example_bash_operator.py took 0.837 seconds
[2025-01-27T10:57:41.275+0000] {processor.py:186} INFO - Started process (PID=274) to work on /home/airflow/.local/lib/python3.12/site-packages/airflow/example_dags/example_bash_operator.py
[2025-01-27T10:57:41.282+0000] {processor.py:914} INFO - Processing file /home/airflow/.local/lib/python3.12/site-packages/airflow/example_dags/example_bash_operator.py for tasks to queue
[2025-01-27T10:57:41.300+0000] {logging_mixin.py:190} INFO - [2025-01-27T10:57:41.298+0000] {dagbag.py:588} INFO - Filling up the DagBag from /home/airflow/.local/lib/python3.12/site-packages/airflow/example_dags/example_bash_operator.py
[2025-01-27T10:57:41.387+0000] {processor.py:925} INFO - DAG(s) 'example_bash_operator' retrieved from /home/airflow/.local/lib/python3.12/site-packages/airflow/example_dags/example_bash_operator.py
[2025-01-27T10:57:41.533+0000] {logging_mixin.py:190} INFO - [2025-01-27T10:57:41.532+0000] {dag.py:3239} INFO - Sync 1 DAGs
[2025-01-27T10:57:41.626+0000] {logging_mixin.py:190} INFO - [2025-01-27T10:57:41.625+0000] {dag.py:4180} INFO - Setting next_dagrun for example_bash_operator to 2025-01-26 00:00:00+00:00, run_after=2025-01-27 00:00:00+00:00
[2025-01-27T10:57:41.789+0000] {processor.py:208} INFO - Processing /home/airflow/.local/lib/python3.12/site-packages/airflow/example_dags/example_bash_operator.py took 0.538 seconds
[2025-01-27T10:58:17.105+0000] {processor.py:186} INFO - Started process (PID=338) to work on /home/airflow/.local/lib/python3.12/site-packages/airflow/example_dags/example_bash_operator.py
[2025-01-27T10:58:17.109+0000] {processor.py:914} INFO - Processing file /home/airflow/.local/lib/python3.12/site-packages/airflow/example_dags/example_bash_operator.py for tasks to queue
[2025-01-27T10:58:17.130+0000] {logging_mixin.py:190} INFO - [2025-01-27T10:58:17.122+0000] {dagbag.py:588} INFO - Filling up the DagBag from /home/airflow/.local/lib/python3.12/site-packages/airflow/example_dags/example_bash_operator.py
[2025-01-27T10:58:17.222+0000] {processor.py:925} INFO - DAG(s) 'example_bash_operator' retrieved from /home/airflow/.local/lib/python3.12/site-packages/airflow/example_dags/example_bash_operator.py
[2025-01-27T10:58:17.338+0000] {logging_mixin.py:190} INFO - [2025-01-27T10:58:17.337+0000] {dag.py:3239} INFO - Sync 1 DAGs
[2025-01-27T10:58:17.419+0000] {logging_mixin.py:190} INFO - [2025-01-27T10:58:17.418+0000] {dag.py:4180} INFO - Setting next_dagrun for example_bash_operator to 2025-01-26 00:00:00+00:00, run_after=2025-01-27 00:00:00+00:00
[2025-01-27T10:58:17.481+0000] {processor.py:208} INFO - Processing /home/airflow/.local/lib/python3.12/site-packages/airflow/example_dags/example_bash_operator.py took 0.404 seconds
[2025-01-27T10:59:08.243+0000] {processor.py:186} INFO - Started process (PID=401) to work on /home/airflow/.local/lib/python3.12/site-packages/airflow/example_dags/example_bash_operator.py
[2025-01-27T10:59:08.246+0000] {processor.py:914} INFO - Processing file /home/airflow/.local/lib/python3.12/site-packages/airflow/example_dags/example_bash_operator.py for tasks to queue
[2025-01-27T10:59:08.251+0000] {logging_mixin.py:190} INFO - [2025-01-27T10:59:08.251+0000] {dagbag.py:588} INFO - Filling up the DagBag from /home/airflow/.local/lib/python3.12/site-packages/airflow/example_dags/example_bash_operator.py
[2025-01-27T10:59:08.301+0000] {processor.py:925} INFO - DAG(s) 'example_bash_operator' retrieved from /home/airflow/.local/lib/python3.12/site-packages/airflow/example_dags/example_bash_operator.py
[2025-01-27T10:59:08.412+0000] {logging_mixin.py:190} INFO - [2025-01-27T10:59:08.412+0000] {dag.py:3239} INFO - Sync 1 DAGs
[2025-01-27T10:59:08.498+0000] {logging_mixin.py:190} INFO - [2025-01-27T10:59:08.498+0000] {dag.py:4180} INFO - Setting next_dagrun for example_bash_operator to 2025-01-26 00:00:00+00:00, run_after=2025-01-27 00:00:00+00:00
[2025-01-27T10:59:08.588+0000] {processor.py:208} INFO - Processing /home/airflow/.local/lib/python3.12/site-packages/airflow/example_dags/example_bash_operator.py took 0.360 seconds
[2025-01-27T10:59:42.515+0000] {processor.py:186} INFO - Started process (PID=465) to work on /home/airflow/.local/lib/python3.12/site-packages/airflow/example_dags/example_bash_operator.py
[2025-01-27T10:59:42.530+0000] {processor.py:914} INFO - Processing file /home/airflow/.local/lib/python3.12/site-packages/airflow/example_dags/example_bash_operator.py for tasks to queue
[2025-01-27T10:59:42.536+0000] {logging_mixin.py:190} INFO - [2025-01-27T10:59:42.535+0000] {dagbag.py:588} INFO - Filling up the DagBag from /home/airflow/.local/lib/python3.12/site-packages/airflow/example_dags/example_bash_operator.py
[2025-01-27T10:59:42.605+0000] {processor.py:925} INFO - DAG(s) 'example_bash_operator' retrieved from /home/airflow/.local/lib/python3.12/site-packages/airflow/example_dags/example_bash_operator.py
[2025-01-27T10:59:42.703+0000] {logging_mixin.py:190} INFO - [2025-01-27T10:59:42.702+0000] {dag.py:3239} INFO - Sync 1 DAGs
[2025-01-27T10:59:42.776+0000] {logging_mixin.py:190} INFO - [2025-01-27T10:59:42.776+0000] {dag.py:4180} INFO - Setting next_dagrun for example_bash_operator to 2025-01-26 00:00:00+00:00, run_after=2025-01-27 00:00:00+00:00
[2025-01-27T10:59:42.839+0000] {processor.py:208} INFO - Processing /home/airflow/.local/lib/python3.12/site-packages/airflow/example_dags/example_bash_operator.py took 0.357 seconds
[2025-01-27T11:00:13.215+0000] {processor.py:186} INFO - Started process (PID=528) to work on /home/airflow/.local/lib/python3.12/site-packages/airflow/example_dags/example_bash_operator.py
[2025-01-27T11:00:13.217+0000] {processor.py:914} INFO - Processing file /home/airflow/.local/lib/python3.12/site-packages/airflow/example_dags/example_bash_operator.py for tasks to queue
[2025-01-27T11:00:13.222+0000] {logging_mixin.py:190} INFO - [2025-01-27T11:00:13.221+0000] {dagbag.py:588} INFO - Filling up the DagBag from /home/airflow/.local/lib/python3.12/site-packages/airflow/example_dags/example_bash_operator.py
[2025-01-27T11:00:13.264+0000] {processor.py:925} INFO - DAG(s) 'example_bash_operator' retrieved from /home/airflow/.local/lib/python3.12/site-packages/airflow/example_dags/example_bash_operator.py
[2025-01-27T11:00:13.361+0000] {logging_mixin.py:190} INFO - [2025-01-27T11:00:13.361+0000] {dag.py:3239} INFO - Sync 1 DAGs
[2025-01-27T11:00:13.437+0000] {logging_mixin.py:190} INFO - [2025-01-27T11:00:13.437+0000] {dag.py:4180} INFO - Setting next_dagrun for example_bash_operator to 2025-01-26 00:00:00+00:00, run_after=2025-01-27 00:00:00+00:00
[2025-01-27T11:00:13.475+0000] {processor.py:208} INFO - Processing /home/airflow/.local/lib/python3.12/site-packages/airflow/example_dags/example_bash_operator.py took 0.278 seconds
[2025-01-27T11:00:43.554+0000] {processor.py:186} INFO - Started process (PID=591) to work on /home/airflow/.local/lib/python3.12/site-packages/airflow/example_dags/example_bash_operator.py
[2025-01-27T11:00:43.556+0000] {processor.py:914} INFO - Processing file /home/airflow/.local/lib/python3.12/site-packages/airflow/example_dags/example_bash_operator.py for tasks to queue
[2025-01-27T11:00:43.561+0000] {logging_mixin.py:190} INFO - [2025-01-27T11:00:43.561+0000] {dagbag.py:588} INFO - Filling up the DagBag from /home/airflow/.local/lib/python3.12/site-packages/airflow/example_dags/example_bash_operator.py
[2025-01-27T11:00:43.593+0000] {processor.py:925} INFO - DAG(s) 'example_bash_operator' retrieved from /home/airflow/.local/lib/python3.12/site-packages/airflow/example_dags/example_bash_operator.py
[2025-01-27T11:00:43.654+0000] {logging_mixin.py:190} INFO - [2025-01-27T11:00:43.654+0000] {dag.py:3239} INFO - Sync 1 DAGs
[2025-01-27T11:00:43.707+0000] {logging_mixin.py:190} INFO - [2025-01-27T11:00:43.707+0000] {dag.py:4180} INFO - Setting next_dagrun for example_bash_operator to 2025-01-26 00:00:00+00:00, run_after=2025-01-27 00:00:00+00:00
[2025-01-27T11:00:43.744+0000] {processor.py:208} INFO - Processing /home/airflow/.local/lib/python3.12/site-packages/airflow/example_dags/example_bash_operator.py took 0.202 seconds
[2025-01-27T11:01:13.949+0000] {processor.py:186} INFO - Started process (PID=656) to work on /home/airflow/.local/lib/python3.12/site-packages/airflow/example_dags/example_bash_operator.py
[2025-01-27T11:01:13.951+0000] {processor.py:914} INFO - Processing file /home/airflow/.local/lib/python3.12/site-packages/airflow/example_dags/example_bash_operator.py for tasks to queue
[2025-01-27T11:01:13.958+0000] {logging_mixin.py:190} INFO - [2025-01-27T11:01:13.957+0000] {dagbag.py:588} INFO - Filling up the DagBag from /home/airflow/.local/lib/python3.12/site-packages/airflow/example_dags/example_bash_operator.py
[2025-01-27T11:01:13.998+0000] {processor.py:925} INFO - DAG(s) 'example_bash_operator' retrieved from /home/airflow/.local/lib/python3.12/site-packages/airflow/example_dags/example_bash_operator.py
[2025-01-27T11:01:14.167+0000] {logging_mixin.py:190} INFO - [2025-01-27T11:01:14.167+0000] {dag.py:3239} INFO - Sync 1 DAGs
[2025-01-27T11:01:14.278+0000] {logging_mixin.py:190} INFO - [2025-01-27T11:01:14.278+0000] {dag.py:4180} INFO - Setting next_dagrun for example_bash_operator to 2025-01-26 00:00:00+00:00, run_after=2025-01-27 00:00:00+00:00
[2025-01-27T11:01:14.307+0000] {processor.py:208} INFO - Processing /home/airflow/.local/lib/python3.12/site-packages/airflow/example_dags/example_bash_operator.py took 0.377 seconds
[2025-01-27T11:01:44.731+0000] {processor.py:186} INFO - Started process (PID=720) to work on /home/airflow/.local/lib/python3.12/site-packages/airflow/example_dags/example_bash_operator.py
[2025-01-27T11:01:44.733+0000] {processor.py:914} INFO - Processing file /home/airflow/.local/lib/python3.12/site-packages/airflow/example_dags/example_bash_operator.py for tasks to queue
[2025-01-27T11:01:44.739+0000] {logging_mixin.py:190} INFO - [2025-01-27T11:01:44.739+0000] {dagbag.py:588} INFO - Filling up the DagBag from /home/airflow/.local/lib/python3.12/site-packages/airflow/example_dags/example_bash_operator.py
[2025-01-27T11:01:44.772+0000] {processor.py:925} INFO - DAG(s) 'example_bash_operator' retrieved from /home/airflow/.local/lib/python3.12/site-packages/airflow/example_dags/example_bash_operator.py
[2025-01-27T11:01:44.895+0000] {logging_mixin.py:190} INFO - [2025-01-27T11:01:44.895+0000] {dag.py:3239} INFO - Sync 1 DAGs
[2025-01-27T11:01:44.997+0000] {logging_mixin.py:190} INFO - [2025-01-27T11:01:44.997+0000] {dag.py:4180} INFO - Setting next_dagrun for example_bash_operator to 2025-01-26 00:00:00+00:00, run_after=2025-01-27 00:00:00+00:00
[2025-01-27T11:01:45.038+0000] {processor.py:208} INFO - Processing /home/airflow/.local/lib/python3.12/site-packages/airflow/example_dags/example_bash_operator.py took 0.316 seconds
[2025-01-27T11:02:15.389+0000] {processor.py:186} INFO - Started process (PID=784) to work on /home/airflow/.local/lib/python3.12/site-packages/airflow/example_dags/example_bash_operator.py
[2025-01-27T11:02:15.392+0000] {processor.py:914} INFO - Processing file /home/airflow/.local/lib/python3.12/site-packages/airflow/example_dags/example_bash_operator.py for tasks to queue
[2025-01-27T11:02:15.398+0000] {logging_mixin.py:190} INFO - [2025-01-27T11:02:15.398+0000] {dagbag.py:588} INFO - Filling up the DagBag from /home/airflow/.local/lib/python3.12/site-packages/airflow/example_dags/example_bash_operator.py
[2025-01-27T11:02:15.430+0000] {processor.py:925} INFO - DAG(s) 'example_bash_operator' retrieved from /home/airflow/.local/lib/python3.12/site-packages/airflow/example_dags/example_bash_operator.py
[2025-01-27T11:02:15.493+0000] {logging_mixin.py:190} INFO - [2025-01-27T11:02:15.492+0000] {dag.py:3239} INFO - Sync 1 DAGs
[2025-01-27T11:02:15.543+0000] {logging_mixin.py:190} INFO - [2025-01-27T11:02:15.543+0000] {dag.py:4180} INFO - Setting next_dagrun for example_bash_operator to 2025-01-26 00:00:00+00:00, run_after=2025-01-27 00:00:00+00:00
[2025-01-27T11:02:15.577+0000] {processor.py:208} INFO - Processing /home/airflow/.local/lib/python3.12/site-packages/airflow/example_dags/example_bash_operator.py took 0.202 seconds
[2025-01-27T11:02:45.862+0000] {processor.py:186} INFO - Started process (PID=847) to work on /home/airflow/.local/lib/python3.12/site-packages/airflow/example_dags/example_bash_operator.py
[2025-01-27T11:02:45.867+0000] {processor.py:914} INFO - Processing file /home/airflow/.local/lib/python3.12/site-packages/airflow/example_dags/example_bash_operator.py for tasks to queue
[2025-01-27T11:02:45.873+0000] {logging_mixin.py:190} INFO - [2025-01-27T11:02:45.871+0000] {dagbag.py:588} INFO - Filling up the DagBag from /home/airflow/.local/lib/python3.12/site-packages/airflow/example_dags/example_bash_operator.py
[2025-01-27T11:02:45.926+0000] {processor.py:925} INFO - DAG(s) 'example_bash_operator' retrieved from /home/airflow/.local/lib/python3.12/site-packages/airflow/example_dags/example_bash_operator.py
[2025-01-27T11:02:46.027+0000] {logging_mixin.py:190} INFO - [2025-01-27T11:02:46.026+0000] {dag.py:3239} INFO - Sync 1 DAGs
[2025-01-27T11:02:46.088+0000] {logging_mixin.py:190} INFO - [2025-01-27T11:02:46.088+0000] {dag.py:4180} INFO - Setting next_dagrun for example_bash_operator to 2025-01-26 00:00:00+00:00, run_after=2025-01-27 00:00:00+00:00
[2025-01-27T11:02:46.155+0000] {processor.py:208} INFO - Processing /home/airflow/.local/lib/python3.12/site-packages/airflow/example_dags/example_bash_operator.py took 0.316 seconds
[2025-01-27T11:03:17.176+0000] {processor.py:186} INFO - Started process (PID=911) to work on /home/airflow/.local/lib/python3.12/site-packages/airflow/example_dags/example_bash_operator.py
[2025-01-27T11:03:17.178+0000] {processor.py:914} INFO - Processing file /home/airflow/.local/lib/python3.12/site-packages/airflow/example_dags/example_bash_operator.py for tasks to queue
[2025-01-27T11:03:17.183+0000] {logging_mixin.py:190} INFO - [2025-01-27T11:03:17.182+0000] {dagbag.py:588} INFO - Filling up the DagBag from /home/airflow/.local/lib/python3.12/site-packages/airflow/example_dags/example_bash_operator.py
[2025-01-27T11:03:17.202+0000] {processor.py:925} INFO - DAG(s) 'example_bash_operator' retrieved from /home/airflow/.local/lib/python3.12/site-packages/airflow/example_dags/example_bash_operator.py
[2025-01-27T11:03:17.250+0000] {logging_mixin.py:190} INFO - [2025-01-27T11:03:17.250+0000] {dag.py:3239} INFO - Sync 1 DAGs
[2025-01-27T11:03:17.284+0000] {logging_mixin.py:190} INFO - [2025-01-27T11:03:17.283+0000] {dag.py:4180} INFO - Setting next_dagrun for example_bash_operator to 2025-01-26 00:00:00+00:00, run_after=2025-01-27 00:00:00+00:00
[2025-01-27T11:03:17.313+0000] {processor.py:208} INFO - Processing /home/airflow/.local/lib/python3.12/site-packages/airflow/example_dags/example_bash_operator.py took 0.145 seconds
[2025-01-27T11:03:47.403+0000] {processor.py:186} INFO - Started process (PID=975) to work on /home/airflow/.local/lib/python3.12/site-packages/airflow/example_dags/example_bash_operator.py
[2025-01-27T11:03:47.404+0000] {processor.py:914} INFO - Processing file /home/airflow/.local/lib/python3.12/site-packages/airflow/example_dags/example_bash_operator.py for tasks to queue
[2025-01-27T11:03:47.409+0000] {logging_mixin.py:190} INFO - [2025-01-27T11:03:47.408+0000] {dagbag.py:588} INFO - Filling up the DagBag from /home/airflow/.local/lib/python3.12/site-packages/airflow/example_dags/example_bash_operator.py
[2025-01-27T11:03:47.434+0000] {processor.py:925} INFO - DAG(s) 'example_bash_operator' retrieved from /home/airflow/.local/lib/python3.12/site-packages/airflow/example_dags/example_bash_operator.py
[2025-01-27T11:03:47.487+0000] {logging_mixin.py:190} INFO - [2025-01-27T11:03:47.487+0000] {dag.py:3239} INFO - Sync 1 DAGs
[2025-01-27T11:03:47.529+0000] {logging_mixin.py:190} INFO - [2025-01-27T11:03:47.529+0000] {dag.py:4180} INFO - Setting next_dagrun for example_bash_operator to 2025-01-26 00:00:00+00:00, run_after=2025-01-27 00:00:00+00:00
[2025-01-27T11:03:47.573+0000] {processor.py:208} INFO - Processing /home/airflow/.local/lib/python3.12/site-packages/airflow/example_dags/example_bash_operator.py took 0.179 seconds
[2025-01-27T11:04:45.012+0000] {processor.py:186} INFO - Started process (PID=1043) to work on /home/airflow/.local/lib/python3.12/site-packages/airflow/example_dags/example_bash_operator.py
[2025-01-27T11:04:45.014+0000] {processor.py:914} INFO - Processing file /home/airflow/.local/lib/python3.12/site-packages/airflow/example_dags/example_bash_operator.py for tasks to queue
[2025-01-27T11:04:45.047+0000] {logging_mixin.py:190} INFO - [2025-01-27T11:04:45.046+0000] {dagbag.py:588} INFO - Filling up the DagBag from /home/airflow/.local/lib/python3.12/site-packages/airflow/example_dags/example_bash_operator.py
[2025-01-27T11:04:45.189+0000] {processor.py:925} INFO - DAG(s) 'example_bash_operator' retrieved from /home/airflow/.local/lib/python3.12/site-packages/airflow/example_dags/example_bash_operator.py
[2025-01-27T11:04:45.419+0000] {logging_mixin.py:190} INFO - [2025-01-27T11:04:45.419+0000] {dag.py:3239} INFO - Sync 1 DAGs
[2025-01-27T11:04:45.545+0000] {logging_mixin.py:190} INFO - [2025-01-27T11:04:45.544+0000] {dag.py:4180} INFO - Setting next_dagrun for example_bash_operator to 2025-01-26 00:00:00+00:00, run_after=2025-01-27 00:00:00+00:00
[2025-01-27T11:04:45.651+0000] {processor.py:208} INFO - Processing /home/airflow/.local/lib/python3.12/site-packages/airflow/example_dags/example_bash_operator.py took 0.673 seconds
[2025-01-27T11:14:40.077+0000] {processor.py:186} INFO - Started process (PID=1103) to work on /home/airflow/.local/lib/python3.12/site-packages/airflow/example_dags/example_bash_operator.py
[2025-01-27T11:14:40.196+0000] {processor.py:914} INFO - Processing file /home/airflow/.local/lib/python3.12/site-packages/airflow/example_dags/example_bash_operator.py for tasks to queue
[2025-01-27T11:14:40.249+0000] {logging_mixin.py:190} INFO - [2025-01-27T11:14:40.248+0000] {dagbag.py:588} INFO - Filling up the DagBag from /home/airflow/.local/lib/python3.12/site-packages/airflow/example_dags/example_bash_operator.py
[2025-01-27T11:14:40.441+0000] {processor.py:925} INFO - DAG(s) 'example_bash_operator' retrieved from /home/airflow/.local/lib/python3.12/site-packages/airflow/example_dags/example_bash_operator.py
[2025-01-27T11:14:41.245+0000] {logging_mixin.py:190} INFO - [2025-01-27T11:14:41.244+0000] {dag.py:3239} INFO - Sync 1 DAGs
[2025-01-27T11:14:42.112+0000] {logging_mixin.py:190} INFO - [2025-01-27T11:14:42.111+0000] {dag.py:4180} INFO - Setting next_dagrun for example_bash_operator to 2025-01-26 00:00:00+00:00, run_after=2025-01-27 00:00:00+00:00
[2025-01-27T11:14:42.373+0000] {processor.py:208} INFO - Processing /home/airflow/.local/lib/python3.12/site-packages/airflow/example_dags/example_bash_operator.py took 2.866 seconds
[2025-01-27T11:15:12.532+0000] {processor.py:186} INFO - Started process (PID=1171) to work on /home/airflow/.local/lib/python3.12/site-packages/airflow/example_dags/example_bash_operator.py
[2025-01-27T11:15:12.539+0000] {processor.py:914} INFO - Processing file /home/airflow/.local/lib/python3.12/site-packages/airflow/example_dags/example_bash_operator.py for tasks to queue
[2025-01-27T11:15:12.551+0000] {logging_mixin.py:190} INFO - [2025-01-27T11:15:12.550+0000] {dagbag.py:588} INFO - Filling up the DagBag from /home/airflow/.local/lib/python3.12/site-packages/airflow/example_dags/example_bash_operator.py
[2025-01-27T11:15:12.578+0000] {processor.py:925} INFO - DAG(s) 'example_bash_operator' retrieved from /home/airflow/.local/lib/python3.12/site-packages/airflow/example_dags/example_bash_operator.py
[2025-01-27T11:15:12.640+0000] {logging_mixin.py:190} INFO - [2025-01-27T11:15:12.639+0000] {dag.py:3239} INFO - Sync 1 DAGs
[2025-01-27T11:15:12.702+0000] {logging_mixin.py:190} INFO - [2025-01-27T11:15:12.702+0000] {dag.py:4180} INFO - Setting next_dagrun for example_bash_operator to 2025-01-26 00:00:00+00:00, run_after=2025-01-27 00:00:00+00:00
[2025-01-27T11:15:12.767+0000] {processor.py:208} INFO - Processing /home/airflow/.local/lib/python3.12/site-packages/airflow/example_dags/example_bash_operator.py took 0.275 seconds
[2025-01-27T11:15:42.980+0000] {processor.py:186} INFO - Started process (PID=1235) to work on /home/airflow/.local/lib/python3.12/site-packages/airflow/example_dags/example_bash_operator.py
[2025-01-27T11:15:42.983+0000] {processor.py:914} INFO - Processing file /home/airflow/.local/lib/python3.12/site-packages/airflow/example_dags/example_bash_operator.py for tasks to queue
[2025-01-27T11:15:42.988+0000] {logging_mixin.py:190} INFO - [2025-01-27T11:15:42.988+0000] {dagbag.py:588} INFO - Filling up the DagBag from /home/airflow/.local/lib/python3.12/site-packages/airflow/example_dags/example_bash_operator.py
[2025-01-27T11:15:43.011+0000] {processor.py:925} INFO - DAG(s) 'example_bash_operator' retrieved from /home/airflow/.local/lib/python3.12/site-packages/airflow/example_dags/example_bash_operator.py
[2025-01-27T11:15:43.055+0000] {logging_mixin.py:190} INFO - [2025-01-27T11:15:43.054+0000] {dag.py:3239} INFO - Sync 1 DAGs
[2025-01-27T11:15:43.093+0000] {logging_mixin.py:190} INFO - [2025-01-27T11:15:43.093+0000] {dag.py:4180} INFO - Setting next_dagrun for example_bash_operator to 2025-01-26 00:00:00+00:00, run_after=2025-01-27 00:00:00+00:00
[2025-01-27T11:15:43.131+0000] {processor.py:208} INFO - Processing /home/airflow/.local/lib/python3.12/site-packages/airflow/example_dags/example_bash_operator.py took 0.163 seconds
[2025-01-27T11:16:17.442+0000] {processor.py:186} INFO - Started process (PID=1297) to work on /home/airflow/.local/lib/python3.12/site-packages/airflow/example_dags/example_bash_operator.py
[2025-01-27T11:16:17.446+0000] {processor.py:914} INFO - Processing file /home/airflow/.local/lib/python3.12/site-packages/airflow/example_dags/example_bash_operator.py for tasks to queue
[2025-01-27T11:16:17.450+0000] {logging_mixin.py:190} INFO - [2025-01-27T11:16:17.449+0000] {dagbag.py:588} INFO - Filling up the DagBag from /home/airflow/.local/lib/python3.12/site-packages/airflow/example_dags/example_bash_operator.py
[2025-01-27T11:16:17.542+0000] {processor.py:925} INFO - DAG(s) 'example_bash_operator' retrieved from /home/airflow/.local/lib/python3.12/site-packages/airflow/example_dags/example_bash_operator.py
[2025-01-27T11:16:17.672+0000] {logging_mixin.py:190} INFO - [2025-01-27T11:16:17.671+0000] {dag.py:3239} INFO - Sync 1 DAGs
[2025-01-27T11:16:17.807+0000] {logging_mixin.py:190} INFO - [2025-01-27T11:16:17.806+0000] {dag.py:4180} INFO - Setting next_dagrun for example_bash_operator to 2025-01-26 00:00:00+00:00, run_after=2025-01-27 00:00:00+00:00
[2025-01-27T11:16:17.878+0000] {processor.py:208} INFO - Processing /home/airflow/.local/lib/python3.12/site-packages/airflow/example_dags/example_bash_operator.py took 0.458 seconds
[2025-01-27T11:18:11.149+0000] {processor.py:186} INFO - Started process (PID=1310) to work on /home/airflow/.local/lib/python3.12/site-packages/airflow/example_dags/example_bash_operator.py
[2025-01-27T11:18:11.158+0000] {processor.py:914} INFO - Processing file /home/airflow/.local/lib/python3.12/site-packages/airflow/example_dags/example_bash_operator.py for tasks to queue
[2025-01-27T11:18:11.164+0000] {logging_mixin.py:190} INFO - [2025-01-27T11:18:11.164+0000] {dagbag.py:588} INFO - Filling up the DagBag from /home/airflow/.local/lib/python3.12/site-packages/airflow/example_dags/example_bash_operator.py
[2025-01-27T11:18:11.334+0000] {processor.py:925} INFO - DAG(s) 'example_bash_operator' retrieved from /home/airflow/.local/lib/python3.12/site-packages/airflow/example_dags/example_bash_operator.py
[2025-01-27T11:18:11.742+0000] {logging_mixin.py:190} INFO - [2025-01-27T11:18:11.741+0000] {dag.py:3239} INFO - Sync 1 DAGs
[2025-01-27T11:18:11.910+0000] {logging_mixin.py:190} INFO - [2025-01-27T11:18:11.909+0000] {dag.py:4180} INFO - Setting next_dagrun for example_bash_operator to 2025-01-26 00:00:00+00:00, run_after=2025-01-27 00:00:00+00:00
[2025-01-27T11:18:12.006+0000] {processor.py:208} INFO - Processing /home/airflow/.local/lib/python3.12/site-packages/airflow/example_dags/example_bash_operator.py took 0.920 seconds
[2025-01-27T11:19:02.072+0000] {processor.py:186} INFO - Started process (PID=1373) to work on /home/airflow/.local/lib/python3.12/site-packages/airflow/example_dags/example_bash_operator.py
[2025-01-27T11:19:02.081+0000] {processor.py:914} INFO - Processing file /home/airflow/.local/lib/python3.12/site-packages/airflow/example_dags/example_bash_operator.py for tasks to queue
[2025-01-27T11:19:02.090+0000] {logging_mixin.py:190} INFO - [2025-01-27T11:19:02.089+0000] {dagbag.py:588} INFO - Filling up the DagBag from /home/airflow/.local/lib/python3.12/site-packages/airflow/example_dags/example_bash_operator.py
[2025-01-27T11:19:02.195+0000] {processor.py:925} INFO - DAG(s) 'example_bash_operator' retrieved from /home/airflow/.local/lib/python3.12/site-packages/airflow/example_dags/example_bash_operator.py
[2025-01-27T11:19:06.093+0000] {logging_mixin.py:190} INFO - [2025-01-27T11:19:06.092+0000] {dag.py:3239} INFO - Sync 1 DAGs
[2025-01-27T11:19:06.880+0000] {logging_mixin.py:190} INFO - [2025-01-27T11:19:06.878+0000] {dag.py:4180} INFO - Setting next_dagrun for example_bash_operator to 2025-01-26 00:00:00+00:00, run_after=2025-01-27 00:00:00+00:00
[2025-01-27T11:19:07.271+0000] {processor.py:208} INFO - Processing /home/airflow/.local/lib/python3.12/site-packages/airflow/example_dags/example_bash_operator.py took 5.162 seconds
[2025-01-27T11:19:37.422+0000] {processor.py:186} INFO - Started process (PID=1438) to work on /home/airflow/.local/lib/python3.12/site-packages/airflow/example_dags/example_bash_operator.py
[2025-01-27T11:19:37.424+0000] {processor.py:914} INFO - Processing file /home/airflow/.local/lib/python3.12/site-packages/airflow/example_dags/example_bash_operator.py for tasks to queue
[2025-01-27T11:19:37.430+0000] {logging_mixin.py:190} INFO - [2025-01-27T11:19:37.427+0000] {dagbag.py:588} INFO - Filling up the DagBag from /home/airflow/.local/lib/python3.12/site-packages/airflow/example_dags/example_bash_operator.py
[2025-01-27T11:19:37.499+0000] {processor.py:925} INFO - DAG(s) 'example_bash_operator' retrieved from /home/airflow/.local/lib/python3.12/site-packages/airflow/example_dags/example_bash_operator.py
[2025-01-27T11:19:37.602+0000] {logging_mixin.py:190} INFO - [2025-01-27T11:19:37.602+0000] {dag.py:3239} INFO - Sync 1 DAGs
[2025-01-27T11:19:37.667+0000] {logging_mixin.py:190} INFO - [2025-01-27T11:19:37.666+0000] {dag.py:4180} INFO - Setting next_dagrun for example_bash_operator to 2025-01-26 00:00:00+00:00, run_after=2025-01-27 00:00:00+00:00
[2025-01-27T11:19:37.710+0000] {processor.py:208} INFO - Processing /home/airflow/.local/lib/python3.12/site-packages/airflow/example_dags/example_bash_operator.py took 0.317 seconds
[2025-01-27T11:20:08.309+0000] {processor.py:186} INFO - Started process (PID=1502) to work on /home/airflow/.local/lib/python3.12/site-packages/airflow/example_dags/example_bash_operator.py
[2025-01-27T11:20:08.310+0000] {processor.py:914} INFO - Processing file /home/airflow/.local/lib/python3.12/site-packages/airflow/example_dags/example_bash_operator.py for tasks to queue
[2025-01-27T11:20:08.313+0000] {logging_mixin.py:190} INFO - [2025-01-27T11:20:08.312+0000] {dagbag.py:588} INFO - Filling up the DagBag from /home/airflow/.local/lib/python3.12/site-packages/airflow/example_dags/example_bash_operator.py
[2025-01-27T11:20:08.346+0000] {processor.py:925} INFO - DAG(s) 'example_bash_operator' retrieved from /home/airflow/.local/lib/python3.12/site-packages/airflow/example_dags/example_bash_operator.py
[2025-01-27T11:20:08.409+0000] {logging_mixin.py:190} INFO - [2025-01-27T11:20:08.408+0000] {dag.py:3239} INFO - Sync 1 DAGs
[2025-01-27T11:20:08.452+0000] {logging_mixin.py:190} INFO - [2025-01-27T11:20:08.452+0000] {dag.py:4180} INFO - Setting next_dagrun for example_bash_operator to 2025-01-26 00:00:00+00:00, run_after=2025-01-27 00:00:00+00:00
[2025-01-27T11:20:08.492+0000] {processor.py:208} INFO - Processing /home/airflow/.local/lib/python3.12/site-packages/airflow/example_dags/example_bash_operator.py took 0.198 seconds
[2025-01-27T11:36:46.563+0000] {processor.py:186} INFO - Started process (PID=144) to work on /home/airflow/.local/lib/python3.12/site-packages/airflow/example_dags/example_bash_operator.py
[2025-01-27T11:36:46.566+0000] {processor.py:914} INFO - Processing file /home/airflow/.local/lib/python3.12/site-packages/airflow/example_dags/example_bash_operator.py for tasks to queue
[2025-01-27T11:36:46.573+0000] {logging_mixin.py:190} INFO - [2025-01-27T11:36:46.573+0000] {dagbag.py:588} INFO - Filling up the DagBag from /home/airflow/.local/lib/python3.12/site-packages/airflow/example_dags/example_bash_operator.py
[2025-01-27T11:36:46.676+0000] {processor.py:925} INFO - DAG(s) 'example_bash_operator' retrieved from /home/airflow/.local/lib/python3.12/site-packages/airflow/example_dags/example_bash_operator.py
[2025-01-27T11:36:46.835+0000] {logging_mixin.py:190} INFO - [2025-01-27T11:36:46.835+0000] {dag.py:3239} INFO - Sync 1 DAGs
[2025-01-27T11:36:46.935+0000] {logging_mixin.py:190} INFO - [2025-01-27T11:36:46.934+0000] {dag.py:4180} INFO - Setting next_dagrun for example_bash_operator to 2025-01-26 00:00:00+00:00, run_after=2025-01-27 00:00:00+00:00
[2025-01-27T11:36:47.022+0000] {processor.py:208} INFO - Processing /home/airflow/.local/lib/python3.12/site-packages/airflow/example_dags/example_bash_operator.py took 0.503 seconds
[2025-01-27T11:38:04.317+0000] {processor.py:186} INFO - Started process (PID=219) to work on /home/airflow/.local/lib/python3.12/site-packages/airflow/example_dags/example_bash_operator.py
[2025-01-27T11:38:04.319+0000] {processor.py:914} INFO - Processing file /home/airflow/.local/lib/python3.12/site-packages/airflow/example_dags/example_bash_operator.py for tasks to queue
[2025-01-27T11:38:04.330+0000] {logging_mixin.py:190} INFO - [2025-01-27T11:38:04.327+0000] {dagbag.py:588} INFO - Filling up the DagBag from /home/airflow/.local/lib/python3.12/site-packages/airflow/example_dags/example_bash_operator.py
[2025-01-27T11:38:04.388+0000] {processor.py:925} INFO - DAG(s) 'example_bash_operator' retrieved from /home/airflow/.local/lib/python3.12/site-packages/airflow/example_dags/example_bash_operator.py
[2025-01-27T11:38:04.488+0000] {logging_mixin.py:190} INFO - [2025-01-27T11:38:04.487+0000] {dag.py:3239} INFO - Sync 1 DAGs
[2025-01-27T11:38:04.552+0000] {logging_mixin.py:190} INFO - [2025-01-27T11:38:04.552+0000] {dag.py:4180} INFO - Setting next_dagrun for example_bash_operator to 2025-01-26 00:00:00+00:00, run_after=2025-01-27 00:00:00+00:00
[2025-01-27T11:38:05.142+0000] {processor.py:208} INFO - Processing /home/airflow/.local/lib/python3.12/site-packages/airflow/example_dags/example_bash_operator.py took 0.846 seconds
[2025-01-27T11:38:42.221+0000] {processor.py:186} INFO - Started process (PID=284) to work on /home/airflow/.local/lib/python3.12/site-packages/airflow/example_dags/example_bash_operator.py
[2025-01-27T11:38:42.224+0000] {processor.py:914} INFO - Processing file /home/airflow/.local/lib/python3.12/site-packages/airflow/example_dags/example_bash_operator.py for tasks to queue
[2025-01-27T11:38:42.252+0000] {logging_mixin.py:190} INFO - [2025-01-27T11:38:42.249+0000] {dagbag.py:588} INFO - Filling up the DagBag from /home/airflow/.local/lib/python3.12/site-packages/airflow/example_dags/example_bash_operator.py
[2025-01-27T11:38:42.347+0000] {processor.py:925} INFO - DAG(s) 'example_bash_operator' retrieved from /home/airflow/.local/lib/python3.12/site-packages/airflow/example_dags/example_bash_operator.py
[2025-01-27T11:38:42.458+0000] {logging_mixin.py:190} INFO - [2025-01-27T11:38:42.455+0000] {dag.py:3239} INFO - Sync 1 DAGs
[2025-01-27T11:38:42.715+0000] {logging_mixin.py:190} INFO - [2025-01-27T11:38:42.715+0000] {dag.py:4180} INFO - Setting next_dagrun for example_bash_operator to 2025-01-26 00:00:00+00:00, run_after=2025-01-27 00:00:00+00:00
[2025-01-27T11:38:42.820+0000] {processor.py:208} INFO - Processing /home/airflow/.local/lib/python3.12/site-packages/airflow/example_dags/example_bash_operator.py took 0.619 seconds
[2025-01-27T11:39:15.880+0000] {processor.py:186} INFO - Started process (PID=350) to work on /home/airflow/.local/lib/python3.12/site-packages/airflow/example_dags/example_bash_operator.py
[2025-01-27T11:39:15.883+0000] {processor.py:914} INFO - Processing file /home/airflow/.local/lib/python3.12/site-packages/airflow/example_dags/example_bash_operator.py for tasks to queue
[2025-01-27T11:39:15.894+0000] {logging_mixin.py:190} INFO - [2025-01-27T11:39:15.891+0000] {dagbag.py:588} INFO - Filling up the DagBag from /home/airflow/.local/lib/python3.12/site-packages/airflow/example_dags/example_bash_operator.py
[2025-01-27T11:39:15.947+0000] {processor.py:925} INFO - DAG(s) 'example_bash_operator' retrieved from /home/airflow/.local/lib/python3.12/site-packages/airflow/example_dags/example_bash_operator.py
[2025-01-27T11:39:16.035+0000] {logging_mixin.py:190} INFO - [2025-01-27T11:39:16.034+0000] {dag.py:3239} INFO - Sync 1 DAGs
[2025-01-27T11:39:16.111+0000] {logging_mixin.py:190} INFO - [2025-01-27T11:39:16.110+0000] {dag.py:4180} INFO - Setting next_dagrun for example_bash_operator to 2025-01-26 00:00:00+00:00, run_after=2025-01-27 00:00:00+00:00
[2025-01-27T11:39:16.172+0000] {processor.py:208} INFO - Processing /home/airflow/.local/lib/python3.12/site-packages/airflow/example_dags/example_bash_operator.py took 0.337 seconds
[2025-01-27T11:39:46.382+0000] {processor.py:186} INFO - Started process (PID=412) to work on /home/airflow/.local/lib/python3.12/site-packages/airflow/example_dags/example_bash_operator.py
[2025-01-27T11:39:46.384+0000] {processor.py:914} INFO - Processing file /home/airflow/.local/lib/python3.12/site-packages/airflow/example_dags/example_bash_operator.py for tasks to queue
[2025-01-27T11:39:46.389+0000] {logging_mixin.py:190} INFO - [2025-01-27T11:39:46.388+0000] {dagbag.py:588} INFO - Filling up the DagBag from /home/airflow/.local/lib/python3.12/site-packages/airflow/example_dags/example_bash_operator.py
[2025-01-27T11:39:46.416+0000] {processor.py:925} INFO - DAG(s) 'example_bash_operator' retrieved from /home/airflow/.local/lib/python3.12/site-packages/airflow/example_dags/example_bash_operator.py
[2025-01-27T11:39:46.462+0000] {logging_mixin.py:190} INFO - [2025-01-27T11:39:46.462+0000] {dag.py:3239} INFO - Sync 1 DAGs
[2025-01-27T11:39:46.503+0000] {logging_mixin.py:190} INFO - [2025-01-27T11:39:46.502+0000] {dag.py:4180} INFO - Setting next_dagrun for example_bash_operator to 2025-01-26 00:00:00+00:00, run_after=2025-01-27 00:00:00+00:00
[2025-01-27T11:39:46.536+0000] {processor.py:208} INFO - Processing /home/airflow/.local/lib/python3.12/site-packages/airflow/example_dags/example_bash_operator.py took 0.167 seconds
[2025-01-27T11:40:17.027+0000] {processor.py:186} INFO - Started process (PID=476) to work on /home/airflow/.local/lib/python3.12/site-packages/airflow/example_dags/example_bash_operator.py
[2025-01-27T11:40:17.028+0000] {processor.py:914} INFO - Processing file /home/airflow/.local/lib/python3.12/site-packages/airflow/example_dags/example_bash_operator.py for tasks to queue
[2025-01-27T11:40:17.033+0000] {logging_mixin.py:190} INFO - [2025-01-27T11:40:17.033+0000] {dagbag.py:588} INFO - Filling up the DagBag from /home/airflow/.local/lib/python3.12/site-packages/airflow/example_dags/example_bash_operator.py
[2025-01-27T11:40:17.063+0000] {processor.py:925} INFO - DAG(s) 'example_bash_operator' retrieved from /home/airflow/.local/lib/python3.12/site-packages/airflow/example_dags/example_bash_operator.py
[2025-01-27T11:40:17.110+0000] {logging_mixin.py:190} INFO - [2025-01-27T11:40:17.110+0000] {dag.py:3239} INFO - Sync 1 DAGs
[2025-01-27T11:40:17.150+0000] {logging_mixin.py:190} INFO - [2025-01-27T11:40:17.150+0000] {dag.py:4180} INFO - Setting next_dagrun for example_bash_operator to 2025-01-26 00:00:00+00:00, run_after=2025-01-27 00:00:00+00:00
[2025-01-27T11:40:17.202+0000] {processor.py:208} INFO - Processing /home/airflow/.local/lib/python3.12/site-packages/airflow/example_dags/example_bash_operator.py took 0.188 seconds
[2025-01-27T11:40:47.856+0000] {processor.py:186} INFO - Started process (PID=541) to work on /home/airflow/.local/lib/python3.12/site-packages/airflow/example_dags/example_bash_operator.py
[2025-01-27T11:40:47.858+0000] {processor.py:914} INFO - Processing file /home/airflow/.local/lib/python3.12/site-packages/airflow/example_dags/example_bash_operator.py for tasks to queue
[2025-01-27T11:40:47.868+0000] {logging_mixin.py:190} INFO - [2025-01-27T11:40:47.867+0000] {dagbag.py:588} INFO - Filling up the DagBag from /home/airflow/.local/lib/python3.12/site-packages/airflow/example_dags/example_bash_operator.py
[2025-01-27T11:40:47.906+0000] {processor.py:925} INFO - DAG(s) 'example_bash_operator' retrieved from /home/airflow/.local/lib/python3.12/site-packages/airflow/example_dags/example_bash_operator.py
[2025-01-27T11:40:47.983+0000] {logging_mixin.py:190} INFO - [2025-01-27T11:40:47.983+0000] {dag.py:3239} INFO - Sync 1 DAGs
[2025-01-27T11:40:48.041+0000] {logging_mixin.py:190} INFO - [2025-01-27T11:40:48.040+0000] {dag.py:4180} INFO - Setting next_dagrun for example_bash_operator to 2025-01-26 00:00:00+00:00, run_after=2025-01-27 00:00:00+00:00
[2025-01-27T11:40:48.090+0000] {processor.py:208} INFO - Processing /home/airflow/.local/lib/python3.12/site-packages/airflow/example_dags/example_bash_operator.py took 0.249 seconds
[2025-01-27T11:41:18.256+0000] {processor.py:186} INFO - Started process (PID=604) to work on /home/airflow/.local/lib/python3.12/site-packages/airflow/example_dags/example_bash_operator.py
[2025-01-27T11:41:18.258+0000] {processor.py:914} INFO - Processing file /home/airflow/.local/lib/python3.12/site-packages/airflow/example_dags/example_bash_operator.py for tasks to queue
[2025-01-27T11:41:18.265+0000] {logging_mixin.py:190} INFO - [2025-01-27T11:41:18.264+0000] {dagbag.py:588} INFO - Filling up the DagBag from /home/airflow/.local/lib/python3.12/site-packages/airflow/example_dags/example_bash_operator.py
[2025-01-27T11:41:18.295+0000] {processor.py:925} INFO - DAG(s) 'example_bash_operator' retrieved from /home/airflow/.local/lib/python3.12/site-packages/airflow/example_dags/example_bash_operator.py
[2025-01-27T11:41:18.343+0000] {logging_mixin.py:190} INFO - [2025-01-27T11:41:18.342+0000] {dag.py:3239} INFO - Sync 1 DAGs
[2025-01-27T11:41:18.377+0000] {logging_mixin.py:190} INFO - [2025-01-27T11:41:18.377+0000] {dag.py:4180} INFO - Setting next_dagrun for example_bash_operator to 2025-01-26 00:00:00+00:00, run_after=2025-01-27 00:00:00+00:00
[2025-01-27T11:41:18.405+0000] {processor.py:208} INFO - Processing /home/airflow/.local/lib/python3.12/site-packages/airflow/example_dags/example_bash_operator.py took 0.161 seconds
[2025-01-27T11:41:48.496+0000] {processor.py:186} INFO - Started process (PID=668) to work on /home/airflow/.local/lib/python3.12/site-packages/airflow/example_dags/example_bash_operator.py
[2025-01-27T11:41:48.498+0000] {processor.py:914} INFO - Processing file /home/airflow/.local/lib/python3.12/site-packages/airflow/example_dags/example_bash_operator.py for tasks to queue
[2025-01-27T11:41:48.502+0000] {logging_mixin.py:190} INFO - [2025-01-27T11:41:48.501+0000] {dagbag.py:588} INFO - Filling up the DagBag from /home/airflow/.local/lib/python3.12/site-packages/airflow/example_dags/example_bash_operator.py
[2025-01-27T11:41:48.522+0000] {processor.py:925} INFO - DAG(s) 'example_bash_operator' retrieved from /home/airflow/.local/lib/python3.12/site-packages/airflow/example_dags/example_bash_operator.py
[2025-01-27T11:41:48.561+0000] {logging_mixin.py:190} INFO - [2025-01-27T11:41:48.561+0000] {dag.py:3239} INFO - Sync 1 DAGs
[2025-01-27T11:41:48.599+0000] {logging_mixin.py:190} INFO - [2025-01-27T11:41:48.598+0000] {dag.py:4180} INFO - Setting next_dagrun for example_bash_operator to 2025-01-26 00:00:00+00:00, run_after=2025-01-27 00:00:00+00:00
[2025-01-27T11:41:48.626+0000] {processor.py:208} INFO - Processing /home/airflow/.local/lib/python3.12/site-packages/airflow/example_dags/example_bash_operator.py took 0.139 seconds
[2025-01-27T11:42:19.693+0000] {processor.py:186} INFO - Started process (PID=732) to work on /home/airflow/.local/lib/python3.12/site-packages/airflow/example_dags/example_bash_operator.py
[2025-01-27T11:42:19.695+0000] {processor.py:914} INFO - Processing file /home/airflow/.local/lib/python3.12/site-packages/airflow/example_dags/example_bash_operator.py for tasks to queue
[2025-01-27T11:42:19.701+0000] {logging_mixin.py:190} INFO - [2025-01-27T11:42:19.700+0000] {dagbag.py:588} INFO - Filling up the DagBag from /home/airflow/.local/lib/python3.12/site-packages/airflow/example_dags/example_bash_operator.py
[2025-01-27T11:42:19.760+0000] {processor.py:925} INFO - DAG(s) 'example_bash_operator' retrieved from /home/airflow/.local/lib/python3.12/site-packages/airflow/example_dags/example_bash_operator.py
[2025-01-27T11:42:19.885+0000] {logging_mixin.py:190} INFO - [2025-01-27T11:42:19.885+0000] {dag.py:3239} INFO - Sync 1 DAGs
[2025-01-27T11:42:19.967+0000] {logging_mixin.py:190} INFO - [2025-01-27T11:42:19.966+0000] {dag.py:4180} INFO - Setting next_dagrun for example_bash_operator to 2025-01-26 00:00:00+00:00, run_after=2025-01-27 00:00:00+00:00
[2025-01-27T11:42:20.012+0000] {processor.py:208} INFO - Processing /home/airflow/.local/lib/python3.12/site-packages/airflow/example_dags/example_bash_operator.py took 0.341 seconds
[2025-01-27T11:42:50.581+0000] {processor.py:186} INFO - Started process (PID=797) to work on /home/airflow/.local/lib/python3.12/site-packages/airflow/example_dags/example_bash_operator.py
[2025-01-27T11:42:50.583+0000] {processor.py:914} INFO - Processing file /home/airflow/.local/lib/python3.12/site-packages/airflow/example_dags/example_bash_operator.py for tasks to queue
[2025-01-27T11:42:50.588+0000] {logging_mixin.py:190} INFO - [2025-01-27T11:42:50.588+0000] {dagbag.py:588} INFO - Filling up the DagBag from /home/airflow/.local/lib/python3.12/site-packages/airflow/example_dags/example_bash_operator.py
[2025-01-27T11:42:50.641+0000] {processor.py:925} INFO - DAG(s) 'example_bash_operator' retrieved from /home/airflow/.local/lib/python3.12/site-packages/airflow/example_dags/example_bash_operator.py
[2025-01-27T11:42:50.741+0000] {logging_mixin.py:190} INFO - [2025-01-27T11:42:50.740+0000] {dag.py:3239} INFO - Sync 1 DAGs
[2025-01-27T11:42:50.844+0000] {logging_mixin.py:190} INFO - [2025-01-27T11:42:50.843+0000] {dag.py:4180} INFO - Setting next_dagrun for example_bash_operator to 2025-01-26 00:00:00+00:00, run_after=2025-01-27 00:00:00+00:00
[2025-01-27T11:42:50.881+0000] {processor.py:208} INFO - Processing /home/airflow/.local/lib/python3.12/site-packages/airflow/example_dags/example_bash_operator.py took 0.323 seconds
[2025-01-27T11:43:21.313+0000] {processor.py:186} INFO - Started process (PID=862) to work on /home/airflow/.local/lib/python3.12/site-packages/airflow/example_dags/example_bash_operator.py
[2025-01-27T11:43:21.315+0000] {processor.py:914} INFO - Processing file /home/airflow/.local/lib/python3.12/site-packages/airflow/example_dags/example_bash_operator.py for tasks to queue
[2025-01-27T11:43:21.319+0000] {logging_mixin.py:190} INFO - [2025-01-27T11:43:21.319+0000] {dagbag.py:588} INFO - Filling up the DagBag from /home/airflow/.local/lib/python3.12/site-packages/airflow/example_dags/example_bash_operator.py
[2025-01-27T11:43:21.341+0000] {processor.py:925} INFO - DAG(s) 'example_bash_operator' retrieved from /home/airflow/.local/lib/python3.12/site-packages/airflow/example_dags/example_bash_operator.py
[2025-01-27T11:43:21.388+0000] {logging_mixin.py:190} INFO - [2025-01-27T11:43:21.387+0000] {dag.py:3239} INFO - Sync 1 DAGs
[2025-01-27T11:43:21.431+0000] {logging_mixin.py:190} INFO - [2025-01-27T11:43:21.430+0000] {dag.py:4180} INFO - Setting next_dagrun for example_bash_operator to 2025-01-26 00:00:00+00:00, run_after=2025-01-27 00:00:00+00:00
[2025-01-27T11:43:21.461+0000] {processor.py:208} INFO - Processing /home/airflow/.local/lib/python3.12/site-packages/airflow/example_dags/example_bash_operator.py took 0.157 seconds
[2025-01-27T11:43:52.347+0000] {processor.py:186} INFO - Started process (PID=926) to work on /home/airflow/.local/lib/python3.12/site-packages/airflow/example_dags/example_bash_operator.py
[2025-01-27T11:43:52.349+0000] {processor.py:914} INFO - Processing file /home/airflow/.local/lib/python3.12/site-packages/airflow/example_dags/example_bash_operator.py for tasks to queue
[2025-01-27T11:43:52.354+0000] {logging_mixin.py:190} INFO - [2025-01-27T11:43:52.353+0000] {dagbag.py:588} INFO - Filling up the DagBag from /home/airflow/.local/lib/python3.12/site-packages/airflow/example_dags/example_bash_operator.py
[2025-01-27T11:43:52.403+0000] {processor.py:925} INFO - DAG(s) 'example_bash_operator' retrieved from /home/airflow/.local/lib/python3.12/site-packages/airflow/example_dags/example_bash_operator.py
[2025-01-27T11:43:52.463+0000] {logging_mixin.py:190} INFO - [2025-01-27T11:43:52.463+0000] {dag.py:3239} INFO - Sync 1 DAGs
[2025-01-27T11:43:52.527+0000] {logging_mixin.py:190} INFO - [2025-01-27T11:43:52.526+0000] {dag.py:4180} INFO - Setting next_dagrun for example_bash_operator to 2025-01-26 00:00:00+00:00, run_after=2025-01-27 00:00:00+00:00
[2025-01-27T11:43:52.562+0000] {processor.py:208} INFO - Processing /home/airflow/.local/lib/python3.12/site-packages/airflow/example_dags/example_bash_operator.py took 0.231 seconds
[2025-01-27T11:44:23.364+0000] {processor.py:186} INFO - Started process (PID=989) to work on /home/airflow/.local/lib/python3.12/site-packages/airflow/example_dags/example_bash_operator.py
[2025-01-27T11:44:23.366+0000] {processor.py:914} INFO - Processing file /home/airflow/.local/lib/python3.12/site-packages/airflow/example_dags/example_bash_operator.py for tasks to queue
[2025-01-27T11:44:23.373+0000] {logging_mixin.py:190} INFO - [2025-01-27T11:44:23.372+0000] {dagbag.py:588} INFO - Filling up the DagBag from /home/airflow/.local/lib/python3.12/site-packages/airflow/example_dags/example_bash_operator.py
[2025-01-27T11:44:23.447+0000] {processor.py:925} INFO - DAG(s) 'example_bash_operator' retrieved from /home/airflow/.local/lib/python3.12/site-packages/airflow/example_dags/example_bash_operator.py
[2025-01-27T11:44:23.580+0000] {logging_mixin.py:190} INFO - [2025-01-27T11:44:23.577+0000] {dag.py:3239} INFO - Sync 1 DAGs
[2025-01-27T11:44:23.710+0000] {logging_mixin.py:190} INFO - [2025-01-27T11:44:23.709+0000] {dag.py:4180} INFO - Setting next_dagrun for example_bash_operator to 2025-01-26 00:00:00+00:00, run_after=2025-01-27 00:00:00+00:00
[2025-01-27T11:44:23.762+0000] {processor.py:208} INFO - Processing /home/airflow/.local/lib/python3.12/site-packages/airflow/example_dags/example_bash_operator.py took 0.424 seconds
[2025-01-27T11:44:54.324+0000] {processor.py:186} INFO - Started process (PID=1053) to work on /home/airflow/.local/lib/python3.12/site-packages/airflow/example_dags/example_bash_operator.py
[2025-01-27T11:44:54.326+0000] {processor.py:914} INFO - Processing file /home/airflow/.local/lib/python3.12/site-packages/airflow/example_dags/example_bash_operator.py for tasks to queue
[2025-01-27T11:44:54.330+0000] {logging_mixin.py:190} INFO - [2025-01-27T11:44:54.329+0000] {dagbag.py:588} INFO - Filling up the DagBag from /home/airflow/.local/lib/python3.12/site-packages/airflow/example_dags/example_bash_operator.py
[2025-01-27T11:44:54.352+0000] {processor.py:925} INFO - DAG(s) 'example_bash_operator' retrieved from /home/airflow/.local/lib/python3.12/site-packages/airflow/example_dags/example_bash_operator.py
[2025-01-27T11:44:54.396+0000] {logging_mixin.py:190} INFO - [2025-01-27T11:44:54.396+0000] {dag.py:3239} INFO - Sync 1 DAGs
[2025-01-27T11:44:54.448+0000] {logging_mixin.py:190} INFO - [2025-01-27T11:44:54.447+0000] {dag.py:4180} INFO - Setting next_dagrun for example_bash_operator to 2025-01-26 00:00:00+00:00, run_after=2025-01-27 00:00:00+00:00
[2025-01-27T11:44:54.499+0000] {processor.py:208} INFO - Processing /home/airflow/.local/lib/python3.12/site-packages/airflow/example_dags/example_bash_operator.py took 0.184 seconds
[2025-01-27T11:45:25.175+0000] {processor.py:186} INFO - Started process (PID=1118) to work on /home/airflow/.local/lib/python3.12/site-packages/airflow/example_dags/example_bash_operator.py
[2025-01-27T11:45:25.177+0000] {processor.py:914} INFO - Processing file /home/airflow/.local/lib/python3.12/site-packages/airflow/example_dags/example_bash_operator.py for tasks to queue
[2025-01-27T11:45:25.182+0000] {logging_mixin.py:190} INFO - [2025-01-27T11:45:25.181+0000] {dagbag.py:588} INFO - Filling up the DagBag from /home/airflow/.local/lib/python3.12/site-packages/airflow/example_dags/example_bash_operator.py
[2025-01-27T11:45:25.216+0000] {processor.py:925} INFO - DAG(s) 'example_bash_operator' retrieved from /home/airflow/.local/lib/python3.12/site-packages/airflow/example_dags/example_bash_operator.py
[2025-01-27T11:45:25.318+0000] {logging_mixin.py:190} INFO - [2025-01-27T11:45:25.318+0000] {dag.py:3239} INFO - Sync 1 DAGs
[2025-01-27T11:45:25.388+0000] {logging_mixin.py:190} INFO - [2025-01-27T11:45:25.387+0000] {dag.py:4180} INFO - Setting next_dagrun for example_bash_operator to 2025-01-26 00:00:00+00:00, run_after=2025-01-27 00:00:00+00:00
[2025-01-27T11:45:25.459+0000] {processor.py:208} INFO - Processing /home/airflow/.local/lib/python3.12/site-packages/airflow/example_dags/example_bash_operator.py took 0.297 seconds
[2025-01-27T11:45:55.767+0000] {processor.py:186} INFO - Started process (PID=1182) to work on /home/airflow/.local/lib/python3.12/site-packages/airflow/example_dags/example_bash_operator.py
[2025-01-27T11:45:55.769+0000] {processor.py:914} INFO - Processing file /home/airflow/.local/lib/python3.12/site-packages/airflow/example_dags/example_bash_operator.py for tasks to queue
[2025-01-27T11:45:55.773+0000] {logging_mixin.py:190} INFO - [2025-01-27T11:45:55.773+0000] {dagbag.py:588} INFO - Filling up the DagBag from /home/airflow/.local/lib/python3.12/site-packages/airflow/example_dags/example_bash_operator.py
[2025-01-27T11:45:55.808+0000] {processor.py:925} INFO - DAG(s) 'example_bash_operator' retrieved from /home/airflow/.local/lib/python3.12/site-packages/airflow/example_dags/example_bash_operator.py
[2025-01-27T11:45:55.870+0000] {logging_mixin.py:190} INFO - [2025-01-27T11:45:55.869+0000] {dag.py:3239} INFO - Sync 1 DAGs
[2025-01-27T11:45:55.936+0000] {logging_mixin.py:190} INFO - [2025-01-27T11:45:55.935+0000] {dag.py:4180} INFO - Setting next_dagrun for example_bash_operator to 2025-01-26 00:00:00+00:00, run_after=2025-01-27 00:00:00+00:00
[2025-01-27T11:45:56.007+0000] {processor.py:208} INFO - Processing /home/airflow/.local/lib/python3.12/site-packages/airflow/example_dags/example_bash_operator.py took 0.250 seconds
[2025-01-27T11:46:26.281+0000] {processor.py:186} INFO - Started process (PID=1245) to work on /home/airflow/.local/lib/python3.12/site-packages/airflow/example_dags/example_bash_operator.py
[2025-01-27T11:46:26.283+0000] {processor.py:914} INFO - Processing file /home/airflow/.local/lib/python3.12/site-packages/airflow/example_dags/example_bash_operator.py for tasks to queue
[2025-01-27T11:46:26.289+0000] {logging_mixin.py:190} INFO - [2025-01-27T11:46:26.288+0000] {dagbag.py:588} INFO - Filling up the DagBag from /home/airflow/.local/lib/python3.12/site-packages/airflow/example_dags/example_bash_operator.py
[2025-01-27T11:46:26.313+0000] {processor.py:925} INFO - DAG(s) 'example_bash_operator' retrieved from /home/airflow/.local/lib/python3.12/site-packages/airflow/example_dags/example_bash_operator.py
[2025-01-27T11:46:26.366+0000] {logging_mixin.py:190} INFO - [2025-01-27T11:46:26.366+0000] {dag.py:3239} INFO - Sync 1 DAGs
[2025-01-27T11:46:26.401+0000] {logging_mixin.py:190} INFO - [2025-01-27T11:46:26.401+0000] {dag.py:4180} INFO - Setting next_dagrun for example_bash_operator to 2025-01-26 00:00:00+00:00, run_after=2025-01-27 00:00:00+00:00
[2025-01-27T11:46:26.431+0000] {processor.py:208} INFO - Processing /home/airflow/.local/lib/python3.12/site-packages/airflow/example_dags/example_bash_operator.py took 0.162 seconds
[2025-01-27T11:46:57.281+0000] {processor.py:186} INFO - Started process (PID=1306) to work on /home/airflow/.local/lib/python3.12/site-packages/airflow/example_dags/example_bash_operator.py
[2025-01-27T11:46:57.283+0000] {processor.py:914} INFO - Processing file /home/airflow/.local/lib/python3.12/site-packages/airflow/example_dags/example_bash_operator.py for tasks to queue
[2025-01-27T11:46:57.287+0000] {logging_mixin.py:190} INFO - [2025-01-27T11:46:57.287+0000] {dagbag.py:588} INFO - Filling up the DagBag from /home/airflow/.local/lib/python3.12/site-packages/airflow/example_dags/example_bash_operator.py
[2025-01-27T11:46:57.312+0000] {processor.py:925} INFO - DAG(s) 'example_bash_operator' retrieved from /home/airflow/.local/lib/python3.12/site-packages/airflow/example_dags/example_bash_operator.py
[2025-01-27T11:46:57.364+0000] {logging_mixin.py:190} INFO - [2025-01-27T11:46:57.363+0000] {dag.py:3239} INFO - Sync 1 DAGs
[2025-01-27T11:46:57.409+0000] {logging_mixin.py:190} INFO - [2025-01-27T11:46:57.408+0000] {dag.py:4180} INFO - Setting next_dagrun for example_bash_operator to 2025-01-26 00:00:00+00:00, run_after=2025-01-27 00:00:00+00:00
[2025-01-27T11:46:57.436+0000] {processor.py:208} INFO - Processing /home/airflow/.local/lib/python3.12/site-packages/airflow/example_dags/example_bash_operator.py took 0.166 seconds
[2025-01-27T11:47:27.744+0000] {processor.py:186} INFO - Started process (PID=1368) to work on /home/airflow/.local/lib/python3.12/site-packages/airflow/example_dags/example_bash_operator.py
[2025-01-27T11:47:27.746+0000] {processor.py:914} INFO - Processing file /home/airflow/.local/lib/python3.12/site-packages/airflow/example_dags/example_bash_operator.py for tasks to queue
[2025-01-27T11:47:27.751+0000] {logging_mixin.py:190} INFO - [2025-01-27T11:47:27.750+0000] {dagbag.py:588} INFO - Filling up the DagBag from /home/airflow/.local/lib/python3.12/site-packages/airflow/example_dags/example_bash_operator.py
[2025-01-27T11:47:27.805+0000] {processor.py:925} INFO - DAG(s) 'example_bash_operator' retrieved from /home/airflow/.local/lib/python3.12/site-packages/airflow/example_dags/example_bash_operator.py
[2025-01-27T11:47:27.861+0000] {logging_mixin.py:190} INFO - [2025-01-27T11:47:27.861+0000] {dag.py:3239} INFO - Sync 1 DAGs
[2025-01-27T11:47:27.915+0000] {logging_mixin.py:190} INFO - [2025-01-27T11:47:27.915+0000] {dag.py:4180} INFO - Setting next_dagrun for example_bash_operator to 2025-01-26 00:00:00+00:00, run_after=2025-01-27 00:00:00+00:00
[2025-01-27T11:47:27.949+0000] {processor.py:208} INFO - Processing /home/airflow/.local/lib/python3.12/site-packages/airflow/example_dags/example_bash_operator.py took 0.219 seconds
[2025-01-27T11:47:58.506+0000] {processor.py:186} INFO - Started process (PID=1432) to work on /home/airflow/.local/lib/python3.12/site-packages/airflow/example_dags/example_bash_operator.py
[2025-01-27T11:47:58.509+0000] {processor.py:914} INFO - Processing file /home/airflow/.local/lib/python3.12/site-packages/airflow/example_dags/example_bash_operator.py for tasks to queue
[2025-01-27T11:47:58.515+0000] {logging_mixin.py:190} INFO - [2025-01-27T11:47:58.514+0000] {dagbag.py:588} INFO - Filling up the DagBag from /home/airflow/.local/lib/python3.12/site-packages/airflow/example_dags/example_bash_operator.py
[2025-01-27T11:47:58.566+0000] {processor.py:925} INFO - DAG(s) 'example_bash_operator' retrieved from /home/airflow/.local/lib/python3.12/site-packages/airflow/example_dags/example_bash_operator.py
[2025-01-27T11:47:58.643+0000] {logging_mixin.py:190} INFO - [2025-01-27T11:47:58.642+0000] {dag.py:3239} INFO - Sync 1 DAGs
[2025-01-27T11:47:58.731+0000] {logging_mixin.py:190} INFO - [2025-01-27T11:47:58.730+0000] {dag.py:4180} INFO - Setting next_dagrun for example_bash_operator to 2025-01-26 00:00:00+00:00, run_after=2025-01-27 00:00:00+00:00
[2025-01-27T11:47:58.819+0000] {processor.py:208} INFO - Processing /home/airflow/.local/lib/python3.12/site-packages/airflow/example_dags/example_bash_operator.py took 0.324 seconds
[2025-01-27T11:48:29.162+0000] {processor.py:186} INFO - Started process (PID=1496) to work on /home/airflow/.local/lib/python3.12/site-packages/airflow/example_dags/example_bash_operator.py
[2025-01-27T11:48:29.164+0000] {processor.py:914} INFO - Processing file /home/airflow/.local/lib/python3.12/site-packages/airflow/example_dags/example_bash_operator.py for tasks to queue
[2025-01-27T11:48:29.167+0000] {logging_mixin.py:190} INFO - [2025-01-27T11:48:29.167+0000] {dagbag.py:588} INFO - Filling up the DagBag from /home/airflow/.local/lib/python3.12/site-packages/airflow/example_dags/example_bash_operator.py
[2025-01-27T11:48:29.192+0000] {processor.py:925} INFO - DAG(s) 'example_bash_operator' retrieved from /home/airflow/.local/lib/python3.12/site-packages/airflow/example_dags/example_bash_operator.py
[2025-01-27T11:48:29.233+0000] {logging_mixin.py:190} INFO - [2025-01-27T11:48:29.232+0000] {dag.py:3239} INFO - Sync 1 DAGs
[2025-01-27T11:48:29.266+0000] {logging_mixin.py:190} INFO - [2025-01-27T11:48:29.266+0000] {dag.py:4180} INFO - Setting next_dagrun for example_bash_operator to 2025-01-26 00:00:00+00:00, run_after=2025-01-27 00:00:00+00:00
[2025-01-27T11:48:29.295+0000] {processor.py:208} INFO - Processing /home/airflow/.local/lib/python3.12/site-packages/airflow/example_dags/example_bash_operator.py took 0.141 seconds
[2025-01-27T11:48:59.620+0000] {processor.py:186} INFO - Started process (PID=1558) to work on /home/airflow/.local/lib/python3.12/site-packages/airflow/example_dags/example_bash_operator.py
[2025-01-27T11:48:59.622+0000] {processor.py:914} INFO - Processing file /home/airflow/.local/lib/python3.12/site-packages/airflow/example_dags/example_bash_operator.py for tasks to queue
[2025-01-27T11:48:59.627+0000] {logging_mixin.py:190} INFO - [2025-01-27T11:48:59.626+0000] {dagbag.py:588} INFO - Filling up the DagBag from /home/airflow/.local/lib/python3.12/site-packages/airflow/example_dags/example_bash_operator.py
[2025-01-27T11:48:59.664+0000] {processor.py:925} INFO - DAG(s) 'example_bash_operator' retrieved from /home/airflow/.local/lib/python3.12/site-packages/airflow/example_dags/example_bash_operator.py
[2025-01-27T11:48:59.717+0000] {logging_mixin.py:190} INFO - [2025-01-27T11:48:59.717+0000] {dag.py:3239} INFO - Sync 1 DAGs
[2025-01-27T11:48:59.756+0000] {logging_mixin.py:190} INFO - [2025-01-27T11:48:59.756+0000] {dag.py:4180} INFO - Setting next_dagrun for example_bash_operator to 2025-01-26 00:00:00+00:00, run_after=2025-01-27 00:00:00+00:00
[2025-01-27T11:48:59.787+0000] {processor.py:208} INFO - Processing /home/airflow/.local/lib/python3.12/site-packages/airflow/example_dags/example_bash_operator.py took 0.179 seconds
[2025-01-27T11:49:30.056+0000] {processor.py:186} INFO - Started process (PID=1620) to work on /home/airflow/.local/lib/python3.12/site-packages/airflow/example_dags/example_bash_operator.py
[2025-01-27T11:49:30.057+0000] {processor.py:914} INFO - Processing file /home/airflow/.local/lib/python3.12/site-packages/airflow/example_dags/example_bash_operator.py for tasks to queue
[2025-01-27T11:49:30.061+0000] {logging_mixin.py:190} INFO - [2025-01-27T11:49:30.061+0000] {dagbag.py:588} INFO - Filling up the DagBag from /home/airflow/.local/lib/python3.12/site-packages/airflow/example_dags/example_bash_operator.py
[2025-01-27T11:49:30.084+0000] {processor.py:925} INFO - DAG(s) 'example_bash_operator' retrieved from /home/airflow/.local/lib/python3.12/site-packages/airflow/example_dags/example_bash_operator.py
[2025-01-27T11:49:30.130+0000] {logging_mixin.py:190} INFO - [2025-01-27T11:49:30.130+0000] {dag.py:3239} INFO - Sync 1 DAGs
[2025-01-27T11:49:30.170+0000] {logging_mixin.py:190} INFO - [2025-01-27T11:49:30.170+0000] {dag.py:4180} INFO - Setting next_dagrun for example_bash_operator to 2025-01-26 00:00:00+00:00, run_after=2025-01-27 00:00:00+00:00
[2025-01-27T11:49:30.201+0000] {processor.py:208} INFO - Processing /home/airflow/.local/lib/python3.12/site-packages/airflow/example_dags/example_bash_operator.py took 0.157 seconds
[2025-01-27T11:50:00.733+0000] {processor.py:186} INFO - Started process (PID=1685) to work on /home/airflow/.local/lib/python3.12/site-packages/airflow/example_dags/example_bash_operator.py
[2025-01-27T11:50:00.735+0000] {processor.py:914} INFO - Processing file /home/airflow/.local/lib/python3.12/site-packages/airflow/example_dags/example_bash_operator.py for tasks to queue
[2025-01-27T11:50:00.739+0000] {logging_mixin.py:190} INFO - [2025-01-27T11:50:00.739+0000] {dagbag.py:588} INFO - Filling up the DagBag from /home/airflow/.local/lib/python3.12/site-packages/airflow/example_dags/example_bash_operator.py
[2025-01-27T11:50:00.762+0000] {processor.py:925} INFO - DAG(s) 'example_bash_operator' retrieved from /home/airflow/.local/lib/python3.12/site-packages/airflow/example_dags/example_bash_operator.py
[2025-01-27T11:50:00.810+0000] {logging_mixin.py:190} INFO - [2025-01-27T11:50:00.809+0000] {dag.py:3239} INFO - Sync 1 DAGs
[2025-01-27T11:50:00.849+0000] {logging_mixin.py:190} INFO - [2025-01-27T11:50:00.849+0000] {dag.py:4180} INFO - Setting next_dagrun for example_bash_operator to 2025-01-26 00:00:00+00:00, run_after=2025-01-27 00:00:00+00:00
[2025-01-27T11:50:00.878+0000] {processor.py:208} INFO - Processing /home/airflow/.local/lib/python3.12/site-packages/airflow/example_dags/example_bash_operator.py took 0.156 seconds
[2025-01-27T11:50:31.353+0000] {processor.py:186} INFO - Started process (PID=1748) to work on /home/airflow/.local/lib/python3.12/site-packages/airflow/example_dags/example_bash_operator.py
[2025-01-27T11:50:31.355+0000] {processor.py:914} INFO - Processing file /home/airflow/.local/lib/python3.12/site-packages/airflow/example_dags/example_bash_operator.py for tasks to queue
[2025-01-27T11:50:31.359+0000] {logging_mixin.py:190} INFO - [2025-01-27T11:50:31.358+0000] {dagbag.py:588} INFO - Filling up the DagBag from /home/airflow/.local/lib/python3.12/site-packages/airflow/example_dags/example_bash_operator.py
[2025-01-27T11:50:31.381+0000] {processor.py:925} INFO - DAG(s) 'example_bash_operator' retrieved from /home/airflow/.local/lib/python3.12/site-packages/airflow/example_dags/example_bash_operator.py
[2025-01-27T11:50:31.428+0000] {logging_mixin.py:190} INFO - [2025-01-27T11:50:31.428+0000] {dag.py:3239} INFO - Sync 1 DAGs
[2025-01-27T11:50:31.471+0000] {logging_mixin.py:190} INFO - [2025-01-27T11:50:31.470+0000] {dag.py:4180} INFO - Setting next_dagrun for example_bash_operator to 2025-01-26 00:00:00+00:00, run_after=2025-01-27 00:00:00+00:00
[2025-01-27T11:50:31.508+0000] {processor.py:208} INFO - Processing /home/airflow/.local/lib/python3.12/site-packages/airflow/example_dags/example_bash_operator.py took 0.169 seconds
