[2025-01-27T10:34:19.834+0000] {processor.py:186} INFO - Started process (PID=216) to work on /home/airflow/.local/lib/python3.12/site-packages/airflow/example_dags/example_latest_only_with_trigger.py
[2025-01-27T10:34:19.858+0000] {processor.py:914} INFO - Processing file /home/airflow/.local/lib/python3.12/site-packages/airflow/example_dags/example_latest_only_with_trigger.py for tasks to queue
[2025-01-27T10:34:19.889+0000] {logging_mixin.py:190} INFO - [2025-01-27T10:34:19.888+0000] {dagbag.py:588} INFO - Filling up the DagBag from /home/airflow/.local/lib/python3.12/site-packages/airflow/example_dags/example_latest_only_with_trigger.py
[2025-01-27T10:34:19.945+0000] {processor.py:925} INFO - DAG(s) 'latest_only_with_trigger' retrieved from /home/airflow/.local/lib/python3.12/site-packages/airflow/example_dags/example_latest_only_with_trigger.py
[2025-01-27T10:34:20.529+0000] {logging_mixin.py:190} INFO - [2025-01-27T10:34:20.528+0000] {dag.py:3239} INFO - Sync 1 DAGs
[2025-01-27T10:34:20.750+0000] {logging_mixin.py:190} INFO - [2025-01-27T10:34:20.750+0000] {dag.py:4180} INFO - Setting next_dagrun for latest_only_with_trigger to 2025-01-27 04:00:00+00:00, run_after=2025-01-27 08:00:00+00:00
[2025-01-27T10:34:20.898+0000] {processor.py:208} INFO - Processing /home/airflow/.local/lib/python3.12/site-packages/airflow/example_dags/example_latest_only_with_trigger.py took 1.109 seconds
[2025-01-27T10:45:22.999+0000] {processor.py:186} INFO - Started process (PID=200) to work on /home/airflow/.local/lib/python3.12/site-packages/airflow/example_dags/example_latest_only_with_trigger.py
[2025-01-27T10:45:23.025+0000] {processor.py:914} INFO - Processing file /home/airflow/.local/lib/python3.12/site-packages/airflow/example_dags/example_latest_only_with_trigger.py for tasks to queue
[2025-01-27T10:45:23.135+0000] {logging_mixin.py:190} INFO - [2025-01-27T10:45:23.134+0000] {dagbag.py:588} INFO - Filling up the DagBag from /home/airflow/.local/lib/python3.12/site-packages/airflow/example_dags/example_latest_only_with_trigger.py
[2025-01-27T10:45:23.261+0000] {processor.py:925} INFO - DAG(s) 'latest_only_with_trigger' retrieved from /home/airflow/.local/lib/python3.12/site-packages/airflow/example_dags/example_latest_only_with_trigger.py
[2025-01-27T10:45:23.481+0000] {logging_mixin.py:190} INFO - [2025-01-27T10:45:23.477+0000] {dag.py:3239} INFO - Sync 1 DAGs
[2025-01-27T10:45:24.252+0000] {logging_mixin.py:190} INFO - [2025-01-27T10:45:24.252+0000] {dag.py:4180} INFO - Setting next_dagrun for latest_only_with_trigger to 2025-01-27 04:00:00+00:00, run_after=2025-01-27 08:00:00+00:00
[2025-01-27T10:45:24.582+0000] {processor.py:208} INFO - Processing /home/airflow/.local/lib/python3.12/site-packages/airflow/example_dags/example_latest_only_with_trigger.py took 1.717 seconds
[2025-01-27T10:46:31.791+0000] {processor.py:186} INFO - Started process (PID=273) to work on /home/airflow/.local/lib/python3.12/site-packages/airflow/example_dags/example_latest_only_with_trigger.py
[2025-01-27T10:46:31.805+0000] {processor.py:914} INFO - Processing file /home/airflow/.local/lib/python3.12/site-packages/airflow/example_dags/example_latest_only_with_trigger.py for tasks to queue
[2025-01-27T10:46:31.812+0000] {logging_mixin.py:190} INFO - [2025-01-27T10:46:31.811+0000] {dagbag.py:588} INFO - Filling up the DagBag from /home/airflow/.local/lib/python3.12/site-packages/airflow/example_dags/example_latest_only_with_trigger.py
[2025-01-27T10:46:31.857+0000] {processor.py:925} INFO - DAG(s) 'latest_only_with_trigger' retrieved from /home/airflow/.local/lib/python3.12/site-packages/airflow/example_dags/example_latest_only_with_trigger.py
[2025-01-27T10:46:31.997+0000] {logging_mixin.py:190} INFO - [2025-01-27T10:46:31.997+0000] {dag.py:3239} INFO - Sync 1 DAGs
[2025-01-27T10:46:32.216+0000] {logging_mixin.py:190} INFO - [2025-01-27T10:46:32.216+0000] {dag.py:4180} INFO - Setting next_dagrun for latest_only_with_trigger to 2025-01-27 04:00:00+00:00, run_after=2025-01-27 08:00:00+00:00
[2025-01-27T10:46:32.305+0000] {processor.py:208} INFO - Processing /home/airflow/.local/lib/python3.12/site-packages/airflow/example_dags/example_latest_only_with_trigger.py took 0.447 seconds
[2025-01-27T10:47:16.282+0000] {processor.py:186} INFO - Started process (PID=342) to work on /home/airflow/.local/lib/python3.12/site-packages/airflow/example_dags/example_latest_only_with_trigger.py
[2025-01-27T10:47:16.295+0000] {processor.py:914} INFO - Processing file /home/airflow/.local/lib/python3.12/site-packages/airflow/example_dags/example_latest_only_with_trigger.py for tasks to queue
[2025-01-27T10:47:16.338+0000] {logging_mixin.py:190} INFO - [2025-01-27T10:47:16.337+0000] {dagbag.py:588} INFO - Filling up the DagBag from /home/airflow/.local/lib/python3.12/site-packages/airflow/example_dags/example_latest_only_with_trigger.py
[2025-01-27T10:47:16.479+0000] {processor.py:925} INFO - DAG(s) 'latest_only_with_trigger' retrieved from /home/airflow/.local/lib/python3.12/site-packages/airflow/example_dags/example_latest_only_with_trigger.py
[2025-01-27T10:47:16.845+0000] {logging_mixin.py:190} INFO - [2025-01-27T10:47:16.842+0000] {dag.py:3239} INFO - Sync 1 DAGs
[2025-01-27T10:47:17.468+0000] {logging_mixin.py:190} INFO - [2025-01-27T10:47:17.467+0000] {dag.py:4180} INFO - Setting next_dagrun for latest_only_with_trigger to 2025-01-27 04:00:00+00:00, run_after=2025-01-27 08:00:00+00:00
[2025-01-27T10:47:17.585+0000] {processor.py:208} INFO - Processing /home/airflow/.local/lib/python3.12/site-packages/airflow/example_dags/example_latest_only_with_trigger.py took 1.389 seconds
[2025-01-27T10:55:10.631+0000] {processor.py:186} INFO - Started process (PID=130) to work on /home/airflow/.local/lib/python3.12/site-packages/airflow/example_dags/example_latest_only_with_trigger.py
[2025-01-27T10:55:10.633+0000] {processor.py:914} INFO - Processing file /home/airflow/.local/lib/python3.12/site-packages/airflow/example_dags/example_latest_only_with_trigger.py for tasks to queue
[2025-01-27T10:55:10.639+0000] {logging_mixin.py:190} INFO - [2025-01-27T10:55:10.638+0000] {dagbag.py:588} INFO - Filling up the DagBag from /home/airflow/.local/lib/python3.12/site-packages/airflow/example_dags/example_latest_only_with_trigger.py
[2025-01-27T10:55:10.657+0000] {processor.py:925} INFO - DAG(s) 'latest_only_with_trigger' retrieved from /home/airflow/.local/lib/python3.12/site-packages/airflow/example_dags/example_latest_only_with_trigger.py
[2025-01-27T10:55:10.716+0000] {logging_mixin.py:190} INFO - [2025-01-27T10:55:10.716+0000] {dag.py:3239} INFO - Sync 1 DAGs
[2025-01-27T10:55:10.852+0000] {logging_mixin.py:190} INFO - [2025-01-27T10:55:10.852+0000] {dag.py:4180} INFO - Setting next_dagrun for latest_only_with_trigger to 2025-01-27 04:00:00+00:00, run_after=2025-01-27 08:00:00+00:00
[2025-01-27T10:55:10.958+0000] {processor.py:208} INFO - Processing /home/airflow/.local/lib/python3.12/site-packages/airflow/example_dags/example_latest_only_with_trigger.py took 0.341 seconds
[2025-01-27T10:56:36.880+0000] {processor.py:186} INFO - Started process (PID=196) to work on /home/airflow/.local/lib/python3.12/site-packages/airflow/example_dags/example_latest_only_with_trigger.py
[2025-01-27T10:56:36.883+0000] {processor.py:914} INFO - Processing file /home/airflow/.local/lib/python3.12/site-packages/airflow/example_dags/example_latest_only_with_trigger.py for tasks to queue
[2025-01-27T10:56:36.888+0000] {logging_mixin.py:190} INFO - [2025-01-27T10:56:36.888+0000] {dagbag.py:588} INFO - Filling up the DagBag from /home/airflow/.local/lib/python3.12/site-packages/airflow/example_dags/example_latest_only_with_trigger.py
[2025-01-27T10:56:36.904+0000] {processor.py:925} INFO - DAG(s) 'latest_only_with_trigger' retrieved from /home/airflow/.local/lib/python3.12/site-packages/airflow/example_dags/example_latest_only_with_trigger.py
[2025-01-27T10:56:36.975+0000] {logging_mixin.py:190} INFO - [2025-01-27T10:56:36.975+0000] {dag.py:3239} INFO - Sync 1 DAGs
[2025-01-27T10:56:37.051+0000] {logging_mixin.py:190} INFO - [2025-01-27T10:56:37.050+0000] {dag.py:4180} INFO - Setting next_dagrun for latest_only_with_trigger to 2025-01-27 04:00:00+00:00, run_after=2025-01-27 08:00:00+00:00
[2025-01-27T10:56:37.254+0000] {processor.py:208} INFO - Processing /home/airflow/.local/lib/python3.12/site-packages/airflow/example_dags/example_latest_only_with_trigger.py took 0.392 seconds
[2025-01-27T10:57:34.440+0000] {processor.py:186} INFO - Started process (PID=266) to work on /home/airflow/.local/lib/python3.12/site-packages/airflow/example_dags/example_latest_only_with_trigger.py
[2025-01-27T10:57:34.443+0000] {processor.py:914} INFO - Processing file /home/airflow/.local/lib/python3.12/site-packages/airflow/example_dags/example_latest_only_with_trigger.py for tasks to queue
[2025-01-27T10:57:34.457+0000] {logging_mixin.py:190} INFO - [2025-01-27T10:57:34.447+0000] {dagbag.py:588} INFO - Filling up the DagBag from /home/airflow/.local/lib/python3.12/site-packages/airflow/example_dags/example_latest_only_with_trigger.py
[2025-01-27T10:57:34.596+0000] {processor.py:925} INFO - DAG(s) 'latest_only_with_trigger' retrieved from /home/airflow/.local/lib/python3.12/site-packages/airflow/example_dags/example_latest_only_with_trigger.py
[2025-01-27T10:57:34.896+0000] {logging_mixin.py:190} INFO - [2025-01-27T10:57:34.895+0000] {dag.py:3239} INFO - Sync 1 DAGs
[2025-01-27T10:57:35.093+0000] {logging_mixin.py:190} INFO - [2025-01-27T10:57:35.093+0000] {dag.py:4180} INFO - Setting next_dagrun for latest_only_with_trigger to 2025-01-27 04:00:00+00:00, run_after=2025-01-27 08:00:00+00:00
[2025-01-27T10:57:35.413+0000] {processor.py:208} INFO - Processing /home/airflow/.local/lib/python3.12/site-packages/airflow/example_dags/example_latest_only_with_trigger.py took 1.000 seconds
[2025-01-27T10:58:05.924+0000] {processor.py:186} INFO - Started process (PID=330) to work on /home/airflow/.local/lib/python3.12/site-packages/airflow/example_dags/example_latest_only_with_trigger.py
[2025-01-27T10:58:05.937+0000] {processor.py:914} INFO - Processing file /home/airflow/.local/lib/python3.12/site-packages/airflow/example_dags/example_latest_only_with_trigger.py for tasks to queue
[2025-01-27T10:58:05.942+0000] {logging_mixin.py:190} INFO - [2025-01-27T10:58:05.942+0000] {dagbag.py:588} INFO - Filling up the DagBag from /home/airflow/.local/lib/python3.12/site-packages/airflow/example_dags/example_latest_only_with_trigger.py
[2025-01-27T10:58:05.978+0000] {processor.py:925} INFO - DAG(s) 'latest_only_with_trigger' retrieved from /home/airflow/.local/lib/python3.12/site-packages/airflow/example_dags/example_latest_only_with_trigger.py
[2025-01-27T10:58:06.048+0000] {logging_mixin.py:190} INFO - [2025-01-27T10:58:06.047+0000] {dag.py:3239} INFO - Sync 1 DAGs
[2025-01-27T10:58:06.189+0000] {logging_mixin.py:190} INFO - [2025-01-27T10:58:06.189+0000] {dag.py:4180} INFO - Setting next_dagrun for latest_only_with_trigger to 2025-01-27 04:00:00+00:00, run_after=2025-01-27 08:00:00+00:00
[2025-01-27T10:58:06.310+0000] {processor.py:208} INFO - Processing /home/airflow/.local/lib/python3.12/site-packages/airflow/example_dags/example_latest_only_with_trigger.py took 0.406 seconds
[2025-01-27T10:59:13.639+0000] {processor.py:186} INFO - Started process (PID=419) to work on /home/airflow/.local/lib/python3.12/site-packages/airflow/example_dags/example_latest_only_with_trigger.py
[2025-01-27T10:59:13.642+0000] {processor.py:914} INFO - Processing file /home/airflow/.local/lib/python3.12/site-packages/airflow/example_dags/example_latest_only_with_trigger.py for tasks to queue
[2025-01-27T10:59:13.647+0000] {logging_mixin.py:190} INFO - [2025-01-27T10:59:13.646+0000] {dagbag.py:588} INFO - Filling up the DagBag from /home/airflow/.local/lib/python3.12/site-packages/airflow/example_dags/example_latest_only_with_trigger.py
[2025-01-27T10:59:13.666+0000] {processor.py:925} INFO - DAG(s) 'latest_only_with_trigger' retrieved from /home/airflow/.local/lib/python3.12/site-packages/airflow/example_dags/example_latest_only_with_trigger.py
[2025-01-27T10:59:13.715+0000] {logging_mixin.py:190} INFO - [2025-01-27T10:59:13.714+0000] {dag.py:3239} INFO - Sync 1 DAGs
[2025-01-27T10:59:13.771+0000] {logging_mixin.py:190} INFO - [2025-01-27T10:59:13.771+0000] {dag.py:4180} INFO - Setting next_dagrun for latest_only_with_trigger to 2025-01-27 04:00:00+00:00, run_after=2025-01-27 08:00:00+00:00
[2025-01-27T10:59:13.814+0000] {processor.py:208} INFO - Processing /home/airflow/.local/lib/python3.12/site-packages/airflow/example_dags/example_latest_only_with_trigger.py took 0.188 seconds
[2025-01-27T10:59:47.179+0000] {processor.py:186} INFO - Started process (PID=490) to work on /home/airflow/.local/lib/python3.12/site-packages/airflow/example_dags/example_latest_only_with_trigger.py
[2025-01-27T10:59:47.182+0000] {processor.py:914} INFO - Processing file /home/airflow/.local/lib/python3.12/site-packages/airflow/example_dags/example_latest_only_with_trigger.py for tasks to queue
[2025-01-27T10:59:47.186+0000] {logging_mixin.py:190} INFO - [2025-01-27T10:59:47.186+0000] {dagbag.py:588} INFO - Filling up the DagBag from /home/airflow/.local/lib/python3.12/site-packages/airflow/example_dags/example_latest_only_with_trigger.py
[2025-01-27T10:59:47.200+0000] {processor.py:925} INFO - DAG(s) 'latest_only_with_trigger' retrieved from /home/airflow/.local/lib/python3.12/site-packages/airflow/example_dags/example_latest_only_with_trigger.py
[2025-01-27T10:59:47.241+0000] {logging_mixin.py:190} INFO - [2025-01-27T10:59:47.240+0000] {dag.py:3239} INFO - Sync 1 DAGs
[2025-01-27T10:59:47.285+0000] {logging_mixin.py:190} INFO - [2025-01-27T10:59:47.285+0000] {dag.py:4180} INFO - Setting next_dagrun for latest_only_with_trigger to 2025-01-27 04:00:00+00:00, run_after=2025-01-27 08:00:00+00:00
[2025-01-27T10:59:47.326+0000] {processor.py:208} INFO - Processing /home/airflow/.local/lib/python3.12/site-packages/airflow/example_dags/example_latest_only_with_trigger.py took 0.157 seconds
[2025-01-27T11:00:18.686+0000] {processor.py:186} INFO - Started process (PID=553) to work on /home/airflow/.local/lib/python3.12/site-packages/airflow/example_dags/example_latest_only_with_trigger.py
[2025-01-27T11:00:18.692+0000] {processor.py:914} INFO - Processing file /home/airflow/.local/lib/python3.12/site-packages/airflow/example_dags/example_latest_only_with_trigger.py for tasks to queue
[2025-01-27T11:00:18.701+0000] {logging_mixin.py:190} INFO - [2025-01-27T11:00:18.701+0000] {dagbag.py:588} INFO - Filling up the DagBag from /home/airflow/.local/lib/python3.12/site-packages/airflow/example_dags/example_latest_only_with_trigger.py
[2025-01-27T11:00:18.733+0000] {processor.py:925} INFO - DAG(s) 'latest_only_with_trigger' retrieved from /home/airflow/.local/lib/python3.12/site-packages/airflow/example_dags/example_latest_only_with_trigger.py
[2025-01-27T11:00:18.817+0000] {logging_mixin.py:190} INFO - [2025-01-27T11:00:18.816+0000] {dag.py:3239} INFO - Sync 1 DAGs
[2025-01-27T11:00:18.919+0000] {logging_mixin.py:190} INFO - [2025-01-27T11:00:18.919+0000] {dag.py:4180} INFO - Setting next_dagrun for latest_only_with_trigger to 2025-01-27 04:00:00+00:00, run_after=2025-01-27 08:00:00+00:00
[2025-01-27T11:00:18.963+0000] {processor.py:208} INFO - Processing /home/airflow/.local/lib/python3.12/site-packages/airflow/example_dags/example_latest_only_with_trigger.py took 0.292 seconds
[2025-01-27T11:00:55.805+0000] {processor.py:186} INFO - Started process (PID=626) to work on /home/airflow/.local/lib/python3.12/site-packages/airflow/example_dags/example_latest_only_with_trigger.py
[2025-01-27T11:00:55.807+0000] {processor.py:914} INFO - Processing file /home/airflow/.local/lib/python3.12/site-packages/airflow/example_dags/example_latest_only_with_trigger.py for tasks to queue
[2025-01-27T11:00:55.813+0000] {logging_mixin.py:190} INFO - [2025-01-27T11:00:55.812+0000] {dagbag.py:588} INFO - Filling up the DagBag from /home/airflow/.local/lib/python3.12/site-packages/airflow/example_dags/example_latest_only_with_trigger.py
[2025-01-27T11:00:55.827+0000] {processor.py:925} INFO - DAG(s) 'latest_only_with_trigger' retrieved from /home/airflow/.local/lib/python3.12/site-packages/airflow/example_dags/example_latest_only_with_trigger.py
[2025-01-27T11:00:55.874+0000] {logging_mixin.py:190} INFO - [2025-01-27T11:00:55.873+0000] {dag.py:3239} INFO - Sync 1 DAGs
[2025-01-27T11:00:55.931+0000] {logging_mixin.py:190} INFO - [2025-01-27T11:00:55.930+0000] {dag.py:4180} INFO - Setting next_dagrun for latest_only_with_trigger to 2025-01-27 04:00:00+00:00, run_after=2025-01-27 08:00:00+00:00
[2025-01-27T11:00:55.965+0000] {processor.py:208} INFO - Processing /home/airflow/.local/lib/python3.12/site-packages/airflow/example_dags/example_latest_only_with_trigger.py took 0.173 seconds
[2025-01-27T11:01:27.083+0000] {processor.py:186} INFO - Started process (PID=691) to work on /home/airflow/.local/lib/python3.12/site-packages/airflow/example_dags/example_latest_only_with_trigger.py
[2025-01-27T11:01:27.085+0000] {processor.py:914} INFO - Processing file /home/airflow/.local/lib/python3.12/site-packages/airflow/example_dags/example_latest_only_with_trigger.py for tasks to queue
[2025-01-27T11:01:27.114+0000] {logging_mixin.py:190} INFO - [2025-01-27T11:01:27.113+0000] {dagbag.py:588} INFO - Filling up the DagBag from /home/airflow/.local/lib/python3.12/site-packages/airflow/example_dags/example_latest_only_with_trigger.py
[2025-01-27T11:01:27.176+0000] {processor.py:925} INFO - DAG(s) 'latest_only_with_trigger' retrieved from /home/airflow/.local/lib/python3.12/site-packages/airflow/example_dags/example_latest_only_with_trigger.py
[2025-01-27T11:01:27.286+0000] {logging_mixin.py:190} INFO - [2025-01-27T11:01:27.286+0000] {dag.py:3239} INFO - Sync 1 DAGs
[2025-01-27T11:01:27.428+0000] {logging_mixin.py:190} INFO - [2025-01-27T11:01:27.427+0000] {dag.py:4180} INFO - Setting next_dagrun for latest_only_with_trigger to 2025-01-27 04:00:00+00:00, run_after=2025-01-27 08:00:00+00:00
[2025-01-27T11:01:28.080+0000] {processor.py:208} INFO - Processing /home/airflow/.local/lib/python3.12/site-packages/airflow/example_dags/example_latest_only_with_trigger.py took 1.011 seconds
[2025-01-27T11:01:58.553+0000] {processor.py:186} INFO - Started process (PID=754) to work on /home/airflow/.local/lib/python3.12/site-packages/airflow/example_dags/example_latest_only_with_trigger.py
[2025-01-27T11:01:58.560+0000] {processor.py:914} INFO - Processing file /home/airflow/.local/lib/python3.12/site-packages/airflow/example_dags/example_latest_only_with_trigger.py for tasks to queue
[2025-01-27T11:01:58.574+0000] {logging_mixin.py:190} INFO - [2025-01-27T11:01:58.569+0000] {dagbag.py:588} INFO - Filling up the DagBag from /home/airflow/.local/lib/python3.12/site-packages/airflow/example_dags/example_latest_only_with_trigger.py
[2025-01-27T11:01:58.658+0000] {processor.py:925} INFO - DAG(s) 'latest_only_with_trigger' retrieved from /home/airflow/.local/lib/python3.12/site-packages/airflow/example_dags/example_latest_only_with_trigger.py
[2025-01-27T11:01:58.747+0000] {logging_mixin.py:190} INFO - [2025-01-27T11:01:58.747+0000] {dag.py:3239} INFO - Sync 1 DAGs
[2025-01-27T11:01:58.832+0000] {logging_mixin.py:190} INFO - [2025-01-27T11:01:58.831+0000] {dag.py:4180} INFO - Setting next_dagrun for latest_only_with_trigger to 2025-01-27 04:00:00+00:00, run_after=2025-01-27 08:00:00+00:00
[2025-01-27T11:01:58.897+0000] {processor.py:208} INFO - Processing /home/airflow/.local/lib/python3.12/site-packages/airflow/example_dags/example_latest_only_with_trigger.py took 0.379 seconds
[2025-01-27T11:02:29.154+0000] {processor.py:186} INFO - Started process (PID=818) to work on /home/airflow/.local/lib/python3.12/site-packages/airflow/example_dags/example_latest_only_with_trigger.py
[2025-01-27T11:02:29.159+0000] {processor.py:914} INFO - Processing file /home/airflow/.local/lib/python3.12/site-packages/airflow/example_dags/example_latest_only_with_trigger.py for tasks to queue
[2025-01-27T11:02:29.168+0000] {logging_mixin.py:190} INFO - [2025-01-27T11:02:29.168+0000] {dagbag.py:588} INFO - Filling up the DagBag from /home/airflow/.local/lib/python3.12/site-packages/airflow/example_dags/example_latest_only_with_trigger.py
[2025-01-27T11:02:29.191+0000] {processor.py:925} INFO - DAG(s) 'latest_only_with_trigger' retrieved from /home/airflow/.local/lib/python3.12/site-packages/airflow/example_dags/example_latest_only_with_trigger.py
[2025-01-27T11:02:29.240+0000] {logging_mixin.py:190} INFO - [2025-01-27T11:02:29.239+0000] {dag.py:3239} INFO - Sync 1 DAGs
[2025-01-27T11:02:29.308+0000] {logging_mixin.py:190} INFO - [2025-01-27T11:02:29.308+0000] {dag.py:4180} INFO - Setting next_dagrun for latest_only_with_trigger to 2025-01-27 04:00:00+00:00, run_after=2025-01-27 08:00:00+00:00
[2025-01-27T11:02:29.371+0000] {processor.py:208} INFO - Processing /home/airflow/.local/lib/python3.12/site-packages/airflow/example_dags/example_latest_only_with_trigger.py took 0.244 seconds
[2025-01-27T11:02:59.441+0000] {processor.py:186} INFO - Started process (PID=881) to work on /home/airflow/.local/lib/python3.12/site-packages/airflow/example_dags/example_latest_only_with_trigger.py
[2025-01-27T11:02:59.443+0000] {processor.py:914} INFO - Processing file /home/airflow/.local/lib/python3.12/site-packages/airflow/example_dags/example_latest_only_with_trigger.py for tasks to queue
[2025-01-27T11:02:59.448+0000] {logging_mixin.py:190} INFO - [2025-01-27T11:02:59.447+0000] {dagbag.py:588} INFO - Filling up the DagBag from /home/airflow/.local/lib/python3.12/site-packages/airflow/example_dags/example_latest_only_with_trigger.py
[2025-01-27T11:02:59.462+0000] {processor.py:925} INFO - DAG(s) 'latest_only_with_trigger' retrieved from /home/airflow/.local/lib/python3.12/site-packages/airflow/example_dags/example_latest_only_with_trigger.py
[2025-01-27T11:02:59.499+0000] {logging_mixin.py:190} INFO - [2025-01-27T11:02:59.499+0000] {dag.py:3239} INFO - Sync 1 DAGs
[2025-01-27T11:02:59.555+0000] {logging_mixin.py:190} INFO - [2025-01-27T11:02:59.554+0000] {dag.py:4180} INFO - Setting next_dagrun for latest_only_with_trigger to 2025-01-27 04:00:00+00:00, run_after=2025-01-27 08:00:00+00:00
[2025-01-27T11:02:59.590+0000] {processor.py:208} INFO - Processing /home/airflow/.local/lib/python3.12/site-packages/airflow/example_dags/example_latest_only_with_trigger.py took 0.160 seconds
[2025-01-27T11:03:31.665+0000] {processor.py:186} INFO - Started process (PID=945) to work on /home/airflow/.local/lib/python3.12/site-packages/airflow/example_dags/example_latest_only_with_trigger.py
[2025-01-27T11:03:31.668+0000] {processor.py:914} INFO - Processing file /home/airflow/.local/lib/python3.12/site-packages/airflow/example_dags/example_latest_only_with_trigger.py for tasks to queue
[2025-01-27T11:03:31.677+0000] {logging_mixin.py:190} INFO - [2025-01-27T11:03:31.676+0000] {dagbag.py:588} INFO - Filling up the DagBag from /home/airflow/.local/lib/python3.12/site-packages/airflow/example_dags/example_latest_only_with_trigger.py
[2025-01-27T11:03:31.693+0000] {processor.py:925} INFO - DAG(s) 'latest_only_with_trigger' retrieved from /home/airflow/.local/lib/python3.12/site-packages/airflow/example_dags/example_latest_only_with_trigger.py
[2025-01-27T11:03:31.742+0000] {logging_mixin.py:190} INFO - [2025-01-27T11:03:31.742+0000] {dag.py:3239} INFO - Sync 1 DAGs
[2025-01-27T11:03:31.802+0000] {logging_mixin.py:190} INFO - [2025-01-27T11:03:31.802+0000] {dag.py:4180} INFO - Setting next_dagrun for latest_only_with_trigger to 2025-01-27 04:00:00+00:00, run_after=2025-01-27 08:00:00+00:00
[2025-01-27T11:03:31.840+0000] {processor.py:208} INFO - Processing /home/airflow/.local/lib/python3.12/site-packages/airflow/example_dags/example_latest_only_with_trigger.py took 0.188 seconds
[2025-01-27T11:04:05.973+0000] {processor.py:186} INFO - Started process (PID=1009) to work on /home/airflow/.local/lib/python3.12/site-packages/airflow/example_dags/example_latest_only_with_trigger.py
[2025-01-27T11:04:05.981+0000] {processor.py:914} INFO - Processing file /home/airflow/.local/lib/python3.12/site-packages/airflow/example_dags/example_latest_only_with_trigger.py for tasks to queue
[2025-01-27T11:04:06.004+0000] {logging_mixin.py:190} INFO - [2025-01-27T11:04:06.003+0000] {dagbag.py:588} INFO - Filling up the DagBag from /home/airflow/.local/lib/python3.12/site-packages/airflow/example_dags/example_latest_only_with_trigger.py
[2025-01-27T11:04:06.026+0000] {processor.py:925} INFO - DAG(s) 'latest_only_with_trigger' retrieved from /home/airflow/.local/lib/python3.12/site-packages/airflow/example_dags/example_latest_only_with_trigger.py
[2025-01-27T11:04:06.137+0000] {logging_mixin.py:190} INFO - [2025-01-27T11:04:06.136+0000] {dag.py:3239} INFO - Sync 1 DAGs
[2025-01-27T11:04:06.325+0000] {logging_mixin.py:190} INFO - [2025-01-27T11:04:06.325+0000] {dag.py:4180} INFO - Setting next_dagrun for latest_only_with_trigger to 2025-01-27 04:00:00+00:00, run_after=2025-01-27 08:00:00+00:00
[2025-01-27T11:04:06.471+0000] {processor.py:208} INFO - Processing /home/airflow/.local/lib/python3.12/site-packages/airflow/example_dags/example_latest_only_with_trigger.py took 0.518 seconds
[2025-01-27T11:10:05.852+0000] {processor.py:186} INFO - Started process (PID=1086) to work on /home/airflow/.local/lib/python3.12/site-packages/airflow/example_dags/example_latest_only_with_trigger.py
[2025-01-27T11:10:05.872+0000] {processor.py:914} INFO - Processing file /home/airflow/.local/lib/python3.12/site-packages/airflow/example_dags/example_latest_only_with_trigger.py for tasks to queue
[2025-01-27T11:10:05.970+0000] {logging_mixin.py:190} INFO - [2025-01-27T11:10:05.903+0000] {dagbag.py:588} INFO - Filling up the DagBag from /home/airflow/.local/lib/python3.12/site-packages/airflow/example_dags/example_latest_only_with_trigger.py
[2025-01-27T11:10:06.252+0000] {processor.py:925} INFO - DAG(s) 'latest_only_with_trigger' retrieved from /home/airflow/.local/lib/python3.12/site-packages/airflow/example_dags/example_latest_only_with_trigger.py
[2025-01-27T11:10:07.326+0000] {logging_mixin.py:190} INFO - [2025-01-27T11:10:07.326+0000] {dag.py:3239} INFO - Sync 1 DAGs
[2025-01-27T11:10:07.546+0000] {logging_mixin.py:190} INFO - [2025-01-27T11:10:07.543+0000] {dag.py:4180} INFO - Setting next_dagrun for latest_only_with_trigger to 2025-01-27 04:00:00+00:00, run_after=2025-01-27 08:00:00+00:00
[2025-01-27T11:10:07.683+0000] {processor.py:208} INFO - Processing /home/airflow/.local/lib/python3.12/site-packages/airflow/example_dags/example_latest_only_with_trigger.py took 1.980 seconds
[2025-01-27T11:15:03.982+0000] {processor.py:186} INFO - Started process (PID=1152) to work on /home/airflow/.local/lib/python3.12/site-packages/airflow/example_dags/example_latest_only_with_trigger.py
[2025-01-27T11:15:03.997+0000] {processor.py:914} INFO - Processing file /home/airflow/.local/lib/python3.12/site-packages/airflow/example_dags/example_latest_only_with_trigger.py for tasks to queue
[2025-01-27T11:15:04.000+0000] {logging_mixin.py:190} INFO - [2025-01-27T11:15:04.000+0000] {dagbag.py:588} INFO - Filling up the DagBag from /home/airflow/.local/lib/python3.12/site-packages/airflow/example_dags/example_latest_only_with_trigger.py
[2025-01-27T11:15:04.013+0000] {processor.py:925} INFO - DAG(s) 'latest_only_with_trigger' retrieved from /home/airflow/.local/lib/python3.12/site-packages/airflow/example_dags/example_latest_only_with_trigger.py
[2025-01-27T11:15:04.053+0000] {logging_mixin.py:190} INFO - [2025-01-27T11:15:04.053+0000] {dag.py:3239} INFO - Sync 1 DAGs
[2025-01-27T11:15:04.098+0000] {logging_mixin.py:190} INFO - [2025-01-27T11:15:04.098+0000] {dag.py:4180} INFO - Setting next_dagrun for latest_only_with_trigger to 2025-01-27 04:00:00+00:00, run_after=2025-01-27 08:00:00+00:00
[2025-01-27T11:15:04.184+0000] {processor.py:208} INFO - Processing /home/airflow/.local/lib/python3.12/site-packages/airflow/example_dags/example_latest_only_with_trigger.py took 0.215 seconds
[2025-01-27T11:15:34.515+0000] {processor.py:186} INFO - Started process (PID=1216) to work on /home/airflow/.local/lib/python3.12/site-packages/airflow/example_dags/example_latest_only_with_trigger.py
[2025-01-27T11:15:34.517+0000] {processor.py:914} INFO - Processing file /home/airflow/.local/lib/python3.12/site-packages/airflow/example_dags/example_latest_only_with_trigger.py for tasks to queue
[2025-01-27T11:15:34.518+0000] {logging_mixin.py:190} INFO - [2025-01-27T11:15:34.518+0000] {dagbag.py:588} INFO - Filling up the DagBag from /home/airflow/.local/lib/python3.12/site-packages/airflow/example_dags/example_latest_only_with_trigger.py
[2025-01-27T11:15:34.531+0000] {processor.py:925} INFO - DAG(s) 'latest_only_with_trigger' retrieved from /home/airflow/.local/lib/python3.12/site-packages/airflow/example_dags/example_latest_only_with_trigger.py
[2025-01-27T11:15:34.559+0000] {logging_mixin.py:190} INFO - [2025-01-27T11:15:34.558+0000] {dag.py:3239} INFO - Sync 1 DAGs
[2025-01-27T11:15:34.590+0000] {logging_mixin.py:190} INFO - [2025-01-27T11:15:34.590+0000] {dag.py:4180} INFO - Setting next_dagrun for latest_only_with_trigger to 2025-01-27 04:00:00+00:00, run_after=2025-01-27 08:00:00+00:00
[2025-01-27T11:15:34.625+0000] {processor.py:208} INFO - Processing /home/airflow/.local/lib/python3.12/site-packages/airflow/example_dags/example_latest_only_with_trigger.py took 0.119 seconds
[2025-01-27T11:16:12.228+0000] {processor.py:186} INFO - Started process (PID=1280) to work on /home/airflow/.local/lib/python3.12/site-packages/airflow/example_dags/example_latest_only_with_trigger.py
[2025-01-27T11:16:12.247+0000] {processor.py:914} INFO - Processing file /home/airflow/.local/lib/python3.12/site-packages/airflow/example_dags/example_latest_only_with_trigger.py for tasks to queue
[2025-01-27T11:16:12.257+0000] {logging_mixin.py:190} INFO - [2025-01-27T11:16:12.256+0000] {dagbag.py:588} INFO - Filling up the DagBag from /home/airflow/.local/lib/python3.12/site-packages/airflow/example_dags/example_latest_only_with_trigger.py
[2025-01-27T11:16:12.348+0000] {processor.py:925} INFO - DAG(s) 'latest_only_with_trigger' retrieved from /home/airflow/.local/lib/python3.12/site-packages/airflow/example_dags/example_latest_only_with_trigger.py
[2025-01-27T11:16:12.566+0000] {logging_mixin.py:190} INFO - [2025-01-27T11:16:12.565+0000] {dag.py:3239} INFO - Sync 1 DAGs
[2025-01-27T11:16:12.785+0000] {logging_mixin.py:190} INFO - [2025-01-27T11:16:12.784+0000] {dag.py:4180} INFO - Setting next_dagrun for latest_only_with_trigger to 2025-01-27 04:00:00+00:00, run_after=2025-01-27 08:00:00+00:00
[2025-01-27T11:16:12.841+0000] {processor.py:208} INFO - Processing /home/airflow/.local/lib/python3.12/site-packages/airflow/example_dags/example_latest_only_with_trigger.py took 0.678 seconds
[2025-01-27T11:18:40.842+0000] {processor.py:186} INFO - Started process (PID=1350) to work on /home/airflow/.local/lib/python3.12/site-packages/airflow/example_dags/example_latest_only_with_trigger.py
[2025-01-27T11:18:40.846+0000] {processor.py:914} INFO - Processing file /home/airflow/.local/lib/python3.12/site-packages/airflow/example_dags/example_latest_only_with_trigger.py for tasks to queue
[2025-01-27T11:18:40.857+0000] {logging_mixin.py:190} INFO - [2025-01-27T11:18:40.856+0000] {dagbag.py:588} INFO - Filling up the DagBag from /home/airflow/.local/lib/python3.12/site-packages/airflow/example_dags/example_latest_only_with_trigger.py
[2025-01-27T11:18:40.897+0000] {processor.py:925} INFO - DAG(s) 'latest_only_with_trigger' retrieved from /home/airflow/.local/lib/python3.12/site-packages/airflow/example_dags/example_latest_only_with_trigger.py
[2025-01-27T11:18:40.994+0000] {logging_mixin.py:190} INFO - [2025-01-27T11:18:40.993+0000] {dag.py:3239} INFO - Sync 1 DAGs
[2025-01-27T11:18:41.064+0000] {logging_mixin.py:190} INFO - [2025-01-27T11:18:41.063+0000] {dag.py:4180} INFO - Setting next_dagrun for latest_only_with_trigger to 2025-01-27 04:00:00+00:00, run_after=2025-01-27 08:00:00+00:00
[2025-01-27T11:18:41.658+0000] {processor.py:208} INFO - Processing /home/airflow/.local/lib/python3.12/site-packages/airflow/example_dags/example_latest_only_with_trigger.py took 0.839 seconds
[2025-01-27T11:19:25.286+0000] {processor.py:186} INFO - Started process (PID=1415) to work on /home/airflow/.local/lib/python3.12/site-packages/airflow/example_dags/example_latest_only_with_trigger.py
[2025-01-27T11:19:25.288+0000] {processor.py:914} INFO - Processing file /home/airflow/.local/lib/python3.12/site-packages/airflow/example_dags/example_latest_only_with_trigger.py for tasks to queue
[2025-01-27T11:19:25.293+0000] {logging_mixin.py:190} INFO - [2025-01-27T11:19:25.292+0000] {dagbag.py:588} INFO - Filling up the DagBag from /home/airflow/.local/lib/python3.12/site-packages/airflow/example_dags/example_latest_only_with_trigger.py
[2025-01-27T11:19:25.312+0000] {processor.py:925} INFO - DAG(s) 'latest_only_with_trigger' retrieved from /home/airflow/.local/lib/python3.12/site-packages/airflow/example_dags/example_latest_only_with_trigger.py
[2025-01-27T11:19:25.359+0000] {logging_mixin.py:190} INFO - [2025-01-27T11:19:25.358+0000] {dag.py:3239} INFO - Sync 1 DAGs
[2025-01-27T11:19:25.433+0000] {logging_mixin.py:190} INFO - [2025-01-27T11:19:25.432+0000] {dag.py:4180} INFO - Setting next_dagrun for latest_only_with_trigger to 2025-01-27 04:00:00+00:00, run_after=2025-01-27 08:00:00+00:00
[2025-01-27T11:19:25.500+0000] {processor.py:208} INFO - Processing /home/airflow/.local/lib/python3.12/site-packages/airflow/example_dags/example_latest_only_with_trigger.py took 0.228 seconds
[2025-01-27T11:19:56.759+0000] {processor.py:186} INFO - Started process (PID=1479) to work on /home/airflow/.local/lib/python3.12/site-packages/airflow/example_dags/example_latest_only_with_trigger.py
[2025-01-27T11:19:56.761+0000] {processor.py:914} INFO - Processing file /home/airflow/.local/lib/python3.12/site-packages/airflow/example_dags/example_latest_only_with_trigger.py for tasks to queue
[2025-01-27T11:19:56.768+0000] {logging_mixin.py:190} INFO - [2025-01-27T11:19:56.764+0000] {dagbag.py:588} INFO - Filling up the DagBag from /home/airflow/.local/lib/python3.12/site-packages/airflow/example_dags/example_latest_only_with_trigger.py
[2025-01-27T11:19:56.789+0000] {processor.py:925} INFO - DAG(s) 'latest_only_with_trigger' retrieved from /home/airflow/.local/lib/python3.12/site-packages/airflow/example_dags/example_latest_only_with_trigger.py
[2025-01-27T11:19:56.843+0000] {logging_mixin.py:190} INFO - [2025-01-27T11:19:56.843+0000] {dag.py:3239} INFO - Sync 1 DAGs
[2025-01-27T11:19:56.894+0000] {logging_mixin.py:190} INFO - [2025-01-27T11:19:56.894+0000] {dag.py:4180} INFO - Setting next_dagrun for latest_only_with_trigger to 2025-01-27 04:00:00+00:00, run_after=2025-01-27 08:00:00+00:00
[2025-01-27T11:19:56.928+0000] {processor.py:208} INFO - Processing /home/airflow/.local/lib/python3.12/site-packages/airflow/example_dags/example_latest_only_with_trigger.py took 0.185 seconds
[2025-01-27T11:37:35.254+0000] {processor.py:186} INFO - Started process (PID=189) to work on /home/airflow/.local/lib/python3.12/site-packages/airflow/example_dags/example_latest_only_with_trigger.py
[2025-01-27T11:37:35.268+0000] {processor.py:914} INFO - Processing file /home/airflow/.local/lib/python3.12/site-packages/airflow/example_dags/example_latest_only_with_trigger.py for tasks to queue
[2025-01-27T11:37:35.298+0000] {logging_mixin.py:190} INFO - [2025-01-27T11:37:35.296+0000] {dagbag.py:588} INFO - Filling up the DagBag from /home/airflow/.local/lib/python3.12/site-packages/airflow/example_dags/example_latest_only_with_trigger.py
[2025-01-27T11:37:35.386+0000] {processor.py:925} INFO - DAG(s) 'latest_only_with_trigger' retrieved from /home/airflow/.local/lib/python3.12/site-packages/airflow/example_dags/example_latest_only_with_trigger.py
[2025-01-27T11:37:35.744+0000] {logging_mixin.py:190} INFO - [2025-01-27T11:37:35.714+0000] {dag.py:3239} INFO - Sync 1 DAGs
[2025-01-27T11:37:36.524+0000] {logging_mixin.py:190} INFO - [2025-01-27T11:37:36.523+0000] {dag.py:4180} INFO - Setting next_dagrun for latest_only_with_trigger to 2025-01-27 04:00:00+00:00, run_after=2025-01-27 08:00:00+00:00
[2025-01-27T11:37:36.789+0000] {processor.py:208} INFO - Processing /home/airflow/.local/lib/python3.12/site-packages/airflow/example_dags/example_latest_only_with_trigger.py took 1.686 seconds
[2025-01-27T11:38:13.163+0000] {processor.py:186} INFO - Started process (PID=252) to work on /home/airflow/.local/lib/python3.12/site-packages/airflow/example_dags/example_latest_only_with_trigger.py
[2025-01-27T11:38:13.166+0000] {processor.py:914} INFO - Processing file /home/airflow/.local/lib/python3.12/site-packages/airflow/example_dags/example_latest_only_with_trigger.py for tasks to queue
[2025-01-27T11:38:13.171+0000] {logging_mixin.py:190} INFO - [2025-01-27T11:38:13.171+0000] {dagbag.py:588} INFO - Filling up the DagBag from /home/airflow/.local/lib/python3.12/site-packages/airflow/example_dags/example_latest_only_with_trigger.py
[2025-01-27T11:38:13.191+0000] {processor.py:925} INFO - DAG(s) 'latest_only_with_trigger' retrieved from /home/airflow/.local/lib/python3.12/site-packages/airflow/example_dags/example_latest_only_with_trigger.py
[2025-01-27T11:38:13.283+0000] {logging_mixin.py:190} INFO - [2025-01-27T11:38:13.282+0000] {dag.py:3239} INFO - Sync 1 DAGs
[2025-01-27T11:38:13.348+0000] {logging_mixin.py:190} INFO - [2025-01-27T11:38:13.347+0000] {dag.py:4180} INFO - Setting next_dagrun for latest_only_with_trigger to 2025-01-27 04:00:00+00:00, run_after=2025-01-27 08:00:00+00:00
[2025-01-27T11:38:13.387+0000] {processor.py:208} INFO - Processing /home/airflow/.local/lib/python3.12/site-packages/airflow/example_dags/example_latest_only_with_trigger.py took 0.245 seconds
[2025-01-27T11:38:52.605+0000] {processor.py:186} INFO - Started process (PID=317) to work on /home/airflow/.local/lib/python3.12/site-packages/airflow/example_dags/example_latest_only_with_trigger.py
[2025-01-27T11:38:52.607+0000] {processor.py:914} INFO - Processing file /home/airflow/.local/lib/python3.12/site-packages/airflow/example_dags/example_latest_only_with_trigger.py for tasks to queue
[2025-01-27T11:38:52.623+0000] {logging_mixin.py:190} INFO - [2025-01-27T11:38:52.622+0000] {dagbag.py:588} INFO - Filling up the DagBag from /home/airflow/.local/lib/python3.12/site-packages/airflow/example_dags/example_latest_only_with_trigger.py
[2025-01-27T11:38:52.646+0000] {processor.py:925} INFO - DAG(s) 'latest_only_with_trigger' retrieved from /home/airflow/.local/lib/python3.12/site-packages/airflow/example_dags/example_latest_only_with_trigger.py
[2025-01-27T11:38:52.691+0000] {logging_mixin.py:190} INFO - [2025-01-27T11:38:52.691+0000] {dag.py:3239} INFO - Sync 1 DAGs
[2025-01-27T11:38:52.779+0000] {logging_mixin.py:190} INFO - [2025-01-27T11:38:52.779+0000] {dag.py:4180} INFO - Setting next_dagrun for latest_only_with_trigger to 2025-01-27 04:00:00+00:00, run_after=2025-01-27 08:00:00+00:00
[2025-01-27T11:38:52.824+0000] {processor.py:208} INFO - Processing /home/airflow/.local/lib/python3.12/site-packages/airflow/example_dags/example_latest_only_with_trigger.py took 0.230 seconds
[2025-01-27T11:39:24.436+0000] {processor.py:186} INFO - Started process (PID=382) to work on /home/airflow/.local/lib/python3.12/site-packages/airflow/example_dags/example_latest_only_with_trigger.py
[2025-01-27T11:39:24.438+0000] {processor.py:914} INFO - Processing file /home/airflow/.local/lib/python3.12/site-packages/airflow/example_dags/example_latest_only_with_trigger.py for tasks to queue
[2025-01-27T11:39:24.442+0000] {logging_mixin.py:190} INFO - [2025-01-27T11:39:24.442+0000] {dagbag.py:588} INFO - Filling up the DagBag from /home/airflow/.local/lib/python3.12/site-packages/airflow/example_dags/example_latest_only_with_trigger.py
[2025-01-27T11:39:24.457+0000] {processor.py:925} INFO - DAG(s) 'latest_only_with_trigger' retrieved from /home/airflow/.local/lib/python3.12/site-packages/airflow/example_dags/example_latest_only_with_trigger.py
[2025-01-27T11:39:24.491+0000] {logging_mixin.py:190} INFO - [2025-01-27T11:39:24.490+0000] {dag.py:3239} INFO - Sync 1 DAGs
[2025-01-27T11:39:24.529+0000] {logging_mixin.py:190} INFO - [2025-01-27T11:39:24.528+0000] {dag.py:4180} INFO - Setting next_dagrun for latest_only_with_trigger to 2025-01-27 04:00:00+00:00, run_after=2025-01-27 08:00:00+00:00
[2025-01-27T11:39:24.570+0000] {processor.py:208} INFO - Processing /home/airflow/.local/lib/python3.12/site-packages/airflow/example_dags/example_latest_only_with_trigger.py took 0.154 seconds
[2025-01-27T11:39:56.484+0000] {processor.py:186} INFO - Started process (PID=446) to work on /home/airflow/.local/lib/python3.12/site-packages/airflow/example_dags/example_latest_only_with_trigger.py
[2025-01-27T11:39:56.487+0000] {processor.py:914} INFO - Processing file /home/airflow/.local/lib/python3.12/site-packages/airflow/example_dags/example_latest_only_with_trigger.py for tasks to queue
[2025-01-27T11:39:56.493+0000] {logging_mixin.py:190} INFO - [2025-01-27T11:39:56.493+0000] {dagbag.py:588} INFO - Filling up the DagBag from /home/airflow/.local/lib/python3.12/site-packages/airflow/example_dags/example_latest_only_with_trigger.py
[2025-01-27T11:39:56.511+0000] {processor.py:925} INFO - DAG(s) 'latest_only_with_trigger' retrieved from /home/airflow/.local/lib/python3.12/site-packages/airflow/example_dags/example_latest_only_with_trigger.py
[2025-01-27T11:39:56.565+0000] {logging_mixin.py:190} INFO - [2025-01-27T11:39:56.565+0000] {dag.py:3239} INFO - Sync 1 DAGs
[2025-01-27T11:39:56.627+0000] {logging_mixin.py:190} INFO - [2025-01-27T11:39:56.627+0000] {dag.py:4180} INFO - Setting next_dagrun for latest_only_with_trigger to 2025-01-27 04:00:00+00:00, run_after=2025-01-27 08:00:00+00:00
[2025-01-27T11:39:56.666+0000] {processor.py:208} INFO - Processing /home/airflow/.local/lib/python3.12/site-packages/airflow/example_dags/example_latest_only_with_trigger.py took 0.196 seconds
[2025-01-27T11:40:27.456+0000] {processor.py:186} INFO - Started process (PID=511) to work on /home/airflow/.local/lib/python3.12/site-packages/airflow/example_dags/example_latest_only_with_trigger.py
[2025-01-27T11:40:27.457+0000] {processor.py:914} INFO - Processing file /home/airflow/.local/lib/python3.12/site-packages/airflow/example_dags/example_latest_only_with_trigger.py for tasks to queue
[2025-01-27T11:40:27.462+0000] {logging_mixin.py:190} INFO - [2025-01-27T11:40:27.461+0000] {dagbag.py:588} INFO - Filling up the DagBag from /home/airflow/.local/lib/python3.12/site-packages/airflow/example_dags/example_latest_only_with_trigger.py
[2025-01-27T11:40:27.474+0000] {processor.py:925} INFO - DAG(s) 'latest_only_with_trigger' retrieved from /home/airflow/.local/lib/python3.12/site-packages/airflow/example_dags/example_latest_only_with_trigger.py
[2025-01-27T11:40:27.525+0000] {logging_mixin.py:190} INFO - [2025-01-27T11:40:27.524+0000] {dag.py:3239} INFO - Sync 1 DAGs
[2025-01-27T11:40:27.576+0000] {logging_mixin.py:190} INFO - [2025-01-27T11:40:27.576+0000] {dag.py:4180} INFO - Setting next_dagrun for latest_only_with_trigger to 2025-01-27 04:00:00+00:00, run_after=2025-01-27 08:00:00+00:00
[2025-01-27T11:40:27.615+0000] {processor.py:208} INFO - Processing /home/airflow/.local/lib/python3.12/site-packages/airflow/example_dags/example_latest_only_with_trigger.py took 0.170 seconds
[2025-01-27T11:40:58.470+0000] {processor.py:186} INFO - Started process (PID=576) to work on /home/airflow/.local/lib/python3.12/site-packages/airflow/example_dags/example_latest_only_with_trigger.py
[2025-01-27T11:40:58.472+0000] {processor.py:914} INFO - Processing file /home/airflow/.local/lib/python3.12/site-packages/airflow/example_dags/example_latest_only_with_trigger.py for tasks to queue
[2025-01-27T11:40:58.477+0000] {logging_mixin.py:190} INFO - [2025-01-27T11:40:58.476+0000] {dagbag.py:588} INFO - Filling up the DagBag from /home/airflow/.local/lib/python3.12/site-packages/airflow/example_dags/example_latest_only_with_trigger.py
[2025-01-27T11:40:58.492+0000] {processor.py:925} INFO - DAG(s) 'latest_only_with_trigger' retrieved from /home/airflow/.local/lib/python3.12/site-packages/airflow/example_dags/example_latest_only_with_trigger.py
[2025-01-27T11:40:58.535+0000] {logging_mixin.py:190} INFO - [2025-01-27T11:40:58.535+0000] {dag.py:3239} INFO - Sync 1 DAGs
[2025-01-27T11:40:58.583+0000] {logging_mixin.py:190} INFO - [2025-01-27T11:40:58.582+0000] {dag.py:4180} INFO - Setting next_dagrun for latest_only_with_trigger to 2025-01-27 04:00:00+00:00, run_after=2025-01-27 08:00:00+00:00
[2025-01-27T11:40:58.614+0000] {processor.py:208} INFO - Processing /home/airflow/.local/lib/python3.12/site-packages/airflow/example_dags/example_latest_only_with_trigger.py took 0.155 seconds
[2025-01-27T11:41:29.132+0000] {processor.py:186} INFO - Started process (PID=640) to work on /home/airflow/.local/lib/python3.12/site-packages/airflow/example_dags/example_latest_only_with_trigger.py
[2025-01-27T11:41:29.134+0000] {processor.py:914} INFO - Processing file /home/airflow/.local/lib/python3.12/site-packages/airflow/example_dags/example_latest_only_with_trigger.py for tasks to queue
[2025-01-27T11:41:29.139+0000] {logging_mixin.py:190} INFO - [2025-01-27T11:41:29.138+0000] {dagbag.py:588} INFO - Filling up the DagBag from /home/airflow/.local/lib/python3.12/site-packages/airflow/example_dags/example_latest_only_with_trigger.py
[2025-01-27T11:41:29.159+0000] {processor.py:925} INFO - DAG(s) 'latest_only_with_trigger' retrieved from /home/airflow/.local/lib/python3.12/site-packages/airflow/example_dags/example_latest_only_with_trigger.py
[2025-01-27T11:41:29.203+0000] {logging_mixin.py:190} INFO - [2025-01-27T11:41:29.203+0000] {dag.py:3239} INFO - Sync 1 DAGs
[2025-01-27T11:41:29.256+0000] {logging_mixin.py:190} INFO - [2025-01-27T11:41:29.256+0000] {dag.py:4180} INFO - Setting next_dagrun for latest_only_with_trigger to 2025-01-27 04:00:00+00:00, run_after=2025-01-27 08:00:00+00:00
[2025-01-27T11:41:29.292+0000] {processor.py:208} INFO - Processing /home/airflow/.local/lib/python3.12/site-packages/airflow/example_dags/example_latest_only_with_trigger.py took 0.174 seconds
[2025-01-27T11:41:59.928+0000] {processor.py:186} INFO - Started process (PID=710) to work on /home/airflow/.local/lib/python3.12/site-packages/airflow/example_dags/example_latest_only_with_trigger.py
[2025-01-27T11:41:59.930+0000] {processor.py:914} INFO - Processing file /home/airflow/.local/lib/python3.12/site-packages/airflow/example_dags/example_latest_only_with_trigger.py for tasks to queue
[2025-01-27T11:41:59.934+0000] {logging_mixin.py:190} INFO - [2025-01-27T11:41:59.933+0000] {dagbag.py:588} INFO - Filling up the DagBag from /home/airflow/.local/lib/python3.12/site-packages/airflow/example_dags/example_latest_only_with_trigger.py
[2025-01-27T11:41:59.951+0000] {processor.py:925} INFO - DAG(s) 'latest_only_with_trigger' retrieved from /home/airflow/.local/lib/python3.12/site-packages/airflow/example_dags/example_latest_only_with_trigger.py
[2025-01-27T11:42:00.048+0000] {logging_mixin.py:190} INFO - [2025-01-27T11:42:00.047+0000] {dag.py:3239} INFO - Sync 1 DAGs
[2025-01-27T11:42:00.097+0000] {logging_mixin.py:190} INFO - [2025-01-27T11:42:00.096+0000] {dag.py:4180} INFO - Setting next_dagrun for latest_only_with_trigger to 2025-01-27 04:00:00+00:00, run_after=2025-01-27 08:00:00+00:00
[2025-01-27T11:42:00.152+0000] {processor.py:208} INFO - Processing /home/airflow/.local/lib/python3.12/site-packages/airflow/example_dags/example_latest_only_with_trigger.py took 0.233 seconds
[2025-01-27T11:42:30.363+0000] {processor.py:186} INFO - Started process (PID=774) to work on /home/airflow/.local/lib/python3.12/site-packages/airflow/example_dags/example_latest_only_with_trigger.py
[2025-01-27T11:42:30.364+0000] {processor.py:914} INFO - Processing file /home/airflow/.local/lib/python3.12/site-packages/airflow/example_dags/example_latest_only_with_trigger.py for tasks to queue
[2025-01-27T11:42:30.368+0000] {logging_mixin.py:190} INFO - [2025-01-27T11:42:30.367+0000] {dagbag.py:588} INFO - Filling up the DagBag from /home/airflow/.local/lib/python3.12/site-packages/airflow/example_dags/example_latest_only_with_trigger.py
[2025-01-27T11:42:30.379+0000] {processor.py:925} INFO - DAG(s) 'latest_only_with_trigger' retrieved from /home/airflow/.local/lib/python3.12/site-packages/airflow/example_dags/example_latest_only_with_trigger.py
[2025-01-27T11:42:30.409+0000] {logging_mixin.py:190} INFO - [2025-01-27T11:42:30.409+0000] {dag.py:3239} INFO - Sync 1 DAGs
[2025-01-27T11:42:30.442+0000] {logging_mixin.py:190} INFO - [2025-01-27T11:42:30.441+0000] {dag.py:4180} INFO - Setting next_dagrun for latest_only_with_trigger to 2025-01-27 04:00:00+00:00, run_after=2025-01-27 08:00:00+00:00
[2025-01-27T11:42:30.471+0000] {processor.py:208} INFO - Processing /home/airflow/.local/lib/python3.12/site-packages/airflow/example_dags/example_latest_only_with_trigger.py took 0.117 seconds
[2025-01-27T11:43:03.827+0000] {processor.py:186} INFO - Started process (PID=839) to work on /home/airflow/.local/lib/python3.12/site-packages/airflow/example_dags/example_latest_only_with_trigger.py
[2025-01-27T11:43:03.830+0000] {processor.py:914} INFO - Processing file /home/airflow/.local/lib/python3.12/site-packages/airflow/example_dags/example_latest_only_with_trigger.py for tasks to queue
[2025-01-27T11:43:03.835+0000] {logging_mixin.py:190} INFO - [2025-01-27T11:43:03.834+0000] {dagbag.py:588} INFO - Filling up the DagBag from /home/airflow/.local/lib/python3.12/site-packages/airflow/example_dags/example_latest_only_with_trigger.py
[2025-01-27T11:43:03.855+0000] {processor.py:925} INFO - DAG(s) 'latest_only_with_trigger' retrieved from /home/airflow/.local/lib/python3.12/site-packages/airflow/example_dags/example_latest_only_with_trigger.py
[2025-01-27T11:43:03.906+0000] {logging_mixin.py:190} INFO - [2025-01-27T11:43:03.905+0000] {dag.py:3239} INFO - Sync 1 DAGs
[2025-01-27T11:43:03.952+0000] {logging_mixin.py:190} INFO - [2025-01-27T11:43:03.951+0000] {dag.py:4180} INFO - Setting next_dagrun for latest_only_with_trigger to 2025-01-27 04:00:00+00:00, run_after=2025-01-27 08:00:00+00:00
[2025-01-27T11:43:03.995+0000] {processor.py:208} INFO - Processing /home/airflow/.local/lib/python3.12/site-packages/airflow/example_dags/example_latest_only_with_trigger.py took 0.180 seconds
[2025-01-27T11:43:46.170+0000] {processor.py:186} INFO - Started process (PID=907) to work on /home/airflow/.local/lib/python3.12/site-packages/airflow/example_dags/example_latest_only_with_trigger.py
[2025-01-27T11:43:46.173+0000] {processor.py:914} INFO - Processing file /home/airflow/.local/lib/python3.12/site-packages/airflow/example_dags/example_latest_only_with_trigger.py for tasks to queue
[2025-01-27T11:43:46.182+0000] {logging_mixin.py:190} INFO - [2025-01-27T11:43:46.181+0000] {dagbag.py:588} INFO - Filling up the DagBag from /home/airflow/.local/lib/python3.12/site-packages/airflow/example_dags/example_latest_only_with_trigger.py
[2025-01-27T11:43:46.213+0000] {processor.py:925} INFO - DAG(s) 'latest_only_with_trigger' retrieved from /home/airflow/.local/lib/python3.12/site-packages/airflow/example_dags/example_latest_only_with_trigger.py
[2025-01-27T11:43:46.294+0000] {logging_mixin.py:190} INFO - [2025-01-27T11:43:46.294+0000] {dag.py:3239} INFO - Sync 1 DAGs
[2025-01-27T11:43:46.381+0000] {logging_mixin.py:190} INFO - [2025-01-27T11:43:46.377+0000] {dag.py:4180} INFO - Setting next_dagrun for latest_only_with_trigger to 2025-01-27 04:00:00+00:00, run_after=2025-01-27 08:00:00+00:00
[2025-01-27T11:43:46.440+0000] {processor.py:208} INFO - Processing /home/airflow/.local/lib/python3.12/site-packages/airflow/example_dags/example_latest_only_with_trigger.py took 0.285 seconds
[2025-01-27T11:44:18.834+0000] {processor.py:186} INFO - Started process (PID=971) to work on /home/airflow/.local/lib/python3.12/site-packages/airflow/example_dags/example_latest_only_with_trigger.py
[2025-01-27T11:44:18.844+0000] {processor.py:914} INFO - Processing file /home/airflow/.local/lib/python3.12/site-packages/airflow/example_dags/example_latest_only_with_trigger.py for tasks to queue
[2025-01-27T11:44:18.856+0000] {logging_mixin.py:190} INFO - [2025-01-27T11:44:18.855+0000] {dagbag.py:588} INFO - Filling up the DagBag from /home/airflow/.local/lib/python3.12/site-packages/airflow/example_dags/example_latest_only_with_trigger.py
[2025-01-27T11:44:18.886+0000] {processor.py:925} INFO - DAG(s) 'latest_only_with_trigger' retrieved from /home/airflow/.local/lib/python3.12/site-packages/airflow/example_dags/example_latest_only_with_trigger.py
[2025-01-27T11:44:19.025+0000] {logging_mixin.py:190} INFO - [2025-01-27T11:44:19.025+0000] {dag.py:3239} INFO - Sync 1 DAGs
[2025-01-27T11:44:19.240+0000] {logging_mixin.py:190} INFO - [2025-01-27T11:44:19.240+0000] {dag.py:4180} INFO - Setting next_dagrun for latest_only_with_trigger to 2025-01-27 04:00:00+00:00, run_after=2025-01-27 08:00:00+00:00
[2025-01-27T11:44:19.326+0000] {processor.py:208} INFO - Processing /home/airflow/.local/lib/python3.12/site-packages/airflow/example_dags/example_latest_only_with_trigger.py took 0.540 seconds
[2025-01-27T11:44:49.615+0000] {processor.py:186} INFO - Started process (PID=1035) to work on /home/airflow/.local/lib/python3.12/site-packages/airflow/example_dags/example_latest_only_with_trigger.py
[2025-01-27T11:44:49.616+0000] {processor.py:914} INFO - Processing file /home/airflow/.local/lib/python3.12/site-packages/airflow/example_dags/example_latest_only_with_trigger.py for tasks to queue
[2025-01-27T11:44:49.621+0000] {logging_mixin.py:190} INFO - [2025-01-27T11:44:49.620+0000] {dagbag.py:588} INFO - Filling up the DagBag from /home/airflow/.local/lib/python3.12/site-packages/airflow/example_dags/example_latest_only_with_trigger.py
[2025-01-27T11:44:49.632+0000] {processor.py:925} INFO - DAG(s) 'latest_only_with_trigger' retrieved from /home/airflow/.local/lib/python3.12/site-packages/airflow/example_dags/example_latest_only_with_trigger.py
[2025-01-27T11:44:49.667+0000] {logging_mixin.py:190} INFO - [2025-01-27T11:44:49.667+0000] {dag.py:3239} INFO - Sync 1 DAGs
[2025-01-27T11:44:49.705+0000] {logging_mixin.py:190} INFO - [2025-01-27T11:44:49.704+0000] {dag.py:4180} INFO - Setting next_dagrun for latest_only_with_trigger to 2025-01-27 04:00:00+00:00, run_after=2025-01-27 08:00:00+00:00
[2025-01-27T11:44:49.736+0000] {processor.py:208} INFO - Processing /home/airflow/.local/lib/python3.12/site-packages/airflow/example_dags/example_latest_only_with_trigger.py took 0.131 seconds
[2025-01-27T11:45:19.926+0000] {processor.py:186} INFO - Started process (PID=1099) to work on /home/airflow/.local/lib/python3.12/site-packages/airflow/example_dags/example_latest_only_with_trigger.py
[2025-01-27T11:45:19.927+0000] {processor.py:914} INFO - Processing file /home/airflow/.local/lib/python3.12/site-packages/airflow/example_dags/example_latest_only_with_trigger.py for tasks to queue
[2025-01-27T11:45:19.931+0000] {logging_mixin.py:190} INFO - [2025-01-27T11:45:19.931+0000] {dagbag.py:588} INFO - Filling up the DagBag from /home/airflow/.local/lib/python3.12/site-packages/airflow/example_dags/example_latest_only_with_trigger.py
[2025-01-27T11:45:19.943+0000] {processor.py:925} INFO - DAG(s) 'latest_only_with_trigger' retrieved from /home/airflow/.local/lib/python3.12/site-packages/airflow/example_dags/example_latest_only_with_trigger.py
[2025-01-27T11:45:19.975+0000] {logging_mixin.py:190} INFO - [2025-01-27T11:45:19.975+0000] {dag.py:3239} INFO - Sync 1 DAGs
[2025-01-27T11:45:20.016+0000] {logging_mixin.py:190} INFO - [2025-01-27T11:45:20.016+0000] {dag.py:4180} INFO - Setting next_dagrun for latest_only_with_trigger to 2025-01-27 04:00:00+00:00, run_after=2025-01-27 08:00:00+00:00
[2025-01-27T11:45:20.044+0000] {processor.py:208} INFO - Processing /home/airflow/.local/lib/python3.12/site-packages/airflow/example_dags/example_latest_only_with_trigger.py took 0.128 seconds
[2025-01-27T11:45:50.175+0000] {processor.py:186} INFO - Started process (PID=1163) to work on /home/airflow/.local/lib/python3.12/site-packages/airflow/example_dags/example_latest_only_with_trigger.py
[2025-01-27T11:45:50.177+0000] {processor.py:914} INFO - Processing file /home/airflow/.local/lib/python3.12/site-packages/airflow/example_dags/example_latest_only_with_trigger.py for tasks to queue
[2025-01-27T11:45:50.181+0000] {logging_mixin.py:190} INFO - [2025-01-27T11:45:50.180+0000] {dagbag.py:588} INFO - Filling up the DagBag from /home/airflow/.local/lib/python3.12/site-packages/airflow/example_dags/example_latest_only_with_trigger.py
[2025-01-27T11:45:50.194+0000] {processor.py:925} INFO - DAG(s) 'latest_only_with_trigger' retrieved from /home/airflow/.local/lib/python3.12/site-packages/airflow/example_dags/example_latest_only_with_trigger.py
[2025-01-27T11:45:50.228+0000] {logging_mixin.py:190} INFO - [2025-01-27T11:45:50.228+0000] {dag.py:3239} INFO - Sync 1 DAGs
[2025-01-27T11:45:50.269+0000] {logging_mixin.py:190} INFO - [2025-01-27T11:45:50.269+0000] {dag.py:4180} INFO - Setting next_dagrun for latest_only_with_trigger to 2025-01-27 04:00:00+00:00, run_after=2025-01-27 08:00:00+00:00
[2025-01-27T11:45:50.301+0000] {processor.py:208} INFO - Processing /home/airflow/.local/lib/python3.12/site-packages/airflow/example_dags/example_latest_only_with_trigger.py took 0.145 seconds
[2025-01-27T11:46:20.813+0000] {processor.py:186} INFO - Started process (PID=1227) to work on /home/airflow/.local/lib/python3.12/site-packages/airflow/example_dags/example_latest_only_with_trigger.py
[2025-01-27T11:46:20.815+0000] {processor.py:914} INFO - Processing file /home/airflow/.local/lib/python3.12/site-packages/airflow/example_dags/example_latest_only_with_trigger.py for tasks to queue
[2025-01-27T11:46:20.819+0000] {logging_mixin.py:190} INFO - [2025-01-27T11:46:20.819+0000] {dagbag.py:588} INFO - Filling up the DagBag from /home/airflow/.local/lib/python3.12/site-packages/airflow/example_dags/example_latest_only_with_trigger.py
[2025-01-27T11:46:20.832+0000] {processor.py:925} INFO - DAG(s) 'latest_only_with_trigger' retrieved from /home/airflow/.local/lib/python3.12/site-packages/airflow/example_dags/example_latest_only_with_trigger.py
[2025-01-27T11:46:20.865+0000] {logging_mixin.py:190} INFO - [2025-01-27T11:46:20.864+0000] {dag.py:3239} INFO - Sync 1 DAGs
[2025-01-27T11:46:20.906+0000] {logging_mixin.py:190} INFO - [2025-01-27T11:46:20.905+0000] {dag.py:4180} INFO - Setting next_dagrun for latest_only_with_trigger to 2025-01-27 04:00:00+00:00, run_after=2025-01-27 08:00:00+00:00
[2025-01-27T11:46:20.934+0000] {processor.py:208} INFO - Processing /home/airflow/.local/lib/python3.12/site-packages/airflow/example_dags/example_latest_only_with_trigger.py took 0.135 seconds
[2025-01-27T11:46:51.167+0000] {processor.py:186} INFO - Started process (PID=1291) to work on /home/airflow/.local/lib/python3.12/site-packages/airflow/example_dags/example_latest_only_with_trigger.py
[2025-01-27T11:46:51.169+0000] {processor.py:914} INFO - Processing file /home/airflow/.local/lib/python3.12/site-packages/airflow/example_dags/example_latest_only_with_trigger.py for tasks to queue
[2025-01-27T11:46:51.173+0000] {logging_mixin.py:190} INFO - [2025-01-27T11:46:51.172+0000] {dagbag.py:588} INFO - Filling up the DagBag from /home/airflow/.local/lib/python3.12/site-packages/airflow/example_dags/example_latest_only_with_trigger.py
[2025-01-27T11:46:51.187+0000] {processor.py:925} INFO - DAG(s) 'latest_only_with_trigger' retrieved from /home/airflow/.local/lib/python3.12/site-packages/airflow/example_dags/example_latest_only_with_trigger.py
[2025-01-27T11:46:51.222+0000] {logging_mixin.py:190} INFO - [2025-01-27T11:46:51.221+0000] {dag.py:3239} INFO - Sync 1 DAGs
[2025-01-27T11:46:51.278+0000] {logging_mixin.py:190} INFO - [2025-01-27T11:46:51.277+0000] {dag.py:4180} INFO - Setting next_dagrun for latest_only_with_trigger to 2025-01-27 04:00:00+00:00, run_after=2025-01-27 08:00:00+00:00
[2025-01-27T11:46:51.324+0000] {processor.py:208} INFO - Processing /home/airflow/.local/lib/python3.12/site-packages/airflow/example_dags/example_latest_only_with_trigger.py took 0.167 seconds
[2025-01-27T11:47:22.549+0000] {processor.py:186} INFO - Started process (PID=1355) to work on /home/airflow/.local/lib/python3.12/site-packages/airflow/example_dags/example_latest_only_with_trigger.py
[2025-01-27T11:47:22.552+0000] {processor.py:914} INFO - Processing file /home/airflow/.local/lib/python3.12/site-packages/airflow/example_dags/example_latest_only_with_trigger.py for tasks to queue
[2025-01-27T11:47:22.567+0000] {logging_mixin.py:190} INFO - [2025-01-27T11:47:22.566+0000] {dagbag.py:588} INFO - Filling up the DagBag from /home/airflow/.local/lib/python3.12/site-packages/airflow/example_dags/example_latest_only_with_trigger.py
[2025-01-27T11:47:22.606+0000] {processor.py:925} INFO - DAG(s) 'latest_only_with_trigger' retrieved from /home/airflow/.local/lib/python3.12/site-packages/airflow/example_dags/example_latest_only_with_trigger.py
[2025-01-27T11:47:22.761+0000] {logging_mixin.py:190} INFO - [2025-01-27T11:47:22.757+0000] {dag.py:3239} INFO - Sync 1 DAGs
[2025-01-27T11:47:22.906+0000] {logging_mixin.py:190} INFO - [2025-01-27T11:47:22.906+0000] {dag.py:4180} INFO - Setting next_dagrun for latest_only_with_trigger to 2025-01-27 04:00:00+00:00, run_after=2025-01-27 08:00:00+00:00
[2025-01-27T11:47:22.957+0000] {processor.py:208} INFO - Processing /home/airflow/.local/lib/python3.12/site-packages/airflow/example_dags/example_latest_only_with_trigger.py took 0.428 seconds
[2025-01-27T11:47:53.667+0000] {processor.py:186} INFO - Started process (PID=1418) to work on /home/airflow/.local/lib/python3.12/site-packages/airflow/example_dags/example_latest_only_with_trigger.py
[2025-01-27T11:47:53.669+0000] {processor.py:914} INFO - Processing file /home/airflow/.local/lib/python3.12/site-packages/airflow/example_dags/example_latest_only_with_trigger.py for tasks to queue
[2025-01-27T11:47:53.673+0000] {logging_mixin.py:190} INFO - [2025-01-27T11:47:53.673+0000] {dagbag.py:588} INFO - Filling up the DagBag from /home/airflow/.local/lib/python3.12/site-packages/airflow/example_dags/example_latest_only_with_trigger.py
[2025-01-27T11:47:53.687+0000] {processor.py:925} INFO - DAG(s) 'latest_only_with_trigger' retrieved from /home/airflow/.local/lib/python3.12/site-packages/airflow/example_dags/example_latest_only_with_trigger.py
[2025-01-27T11:47:53.728+0000] {logging_mixin.py:190} INFO - [2025-01-27T11:47:53.727+0000] {dag.py:3239} INFO - Sync 1 DAGs
[2025-01-27T11:47:53.766+0000] {logging_mixin.py:190} INFO - [2025-01-27T11:47:53.766+0000] {dag.py:4180} INFO - Setting next_dagrun for latest_only_with_trigger to 2025-01-27 04:00:00+00:00, run_after=2025-01-27 08:00:00+00:00
[2025-01-27T11:47:53.797+0000] {processor.py:208} INFO - Processing /home/airflow/.local/lib/python3.12/site-packages/airflow/example_dags/example_latest_only_with_trigger.py took 0.140 seconds
[2025-01-27T11:48:24.527+0000] {processor.py:186} INFO - Started process (PID=1482) to work on /home/airflow/.local/lib/python3.12/site-packages/airflow/example_dags/example_latest_only_with_trigger.py
[2025-01-27T11:48:24.529+0000] {processor.py:914} INFO - Processing file /home/airflow/.local/lib/python3.12/site-packages/airflow/example_dags/example_latest_only_with_trigger.py for tasks to queue
[2025-01-27T11:48:24.533+0000] {logging_mixin.py:190} INFO - [2025-01-27T11:48:24.532+0000] {dagbag.py:588} INFO - Filling up the DagBag from /home/airflow/.local/lib/python3.12/site-packages/airflow/example_dags/example_latest_only_with_trigger.py
[2025-01-27T11:48:24.549+0000] {processor.py:925} INFO - DAG(s) 'latest_only_with_trigger' retrieved from /home/airflow/.local/lib/python3.12/site-packages/airflow/example_dags/example_latest_only_with_trigger.py
[2025-01-27T11:48:24.595+0000] {logging_mixin.py:190} INFO - [2025-01-27T11:48:24.595+0000] {dag.py:3239} INFO - Sync 1 DAGs
[2025-01-27T11:48:24.639+0000] {logging_mixin.py:190} INFO - [2025-01-27T11:48:24.638+0000] {dag.py:4180} INFO - Setting next_dagrun for latest_only_with_trigger to 2025-01-27 04:00:00+00:00, run_after=2025-01-27 08:00:00+00:00
[2025-01-27T11:48:24.669+0000] {processor.py:208} INFO - Processing /home/airflow/.local/lib/python3.12/site-packages/airflow/example_dags/example_latest_only_with_trigger.py took 0.157 seconds
[2025-01-27T11:48:54.754+0000] {processor.py:186} INFO - Started process (PID=1546) to work on /home/airflow/.local/lib/python3.12/site-packages/airflow/example_dags/example_latest_only_with_trigger.py
[2025-01-27T11:48:54.756+0000] {processor.py:914} INFO - Processing file /home/airflow/.local/lib/python3.12/site-packages/airflow/example_dags/example_latest_only_with_trigger.py for tasks to queue
[2025-01-27T11:48:54.760+0000] {logging_mixin.py:190} INFO - [2025-01-27T11:48:54.759+0000] {dagbag.py:588} INFO - Filling up the DagBag from /home/airflow/.local/lib/python3.12/site-packages/airflow/example_dags/example_latest_only_with_trigger.py
[2025-01-27T11:48:54.772+0000] {processor.py:925} INFO - DAG(s) 'latest_only_with_trigger' retrieved from /home/airflow/.local/lib/python3.12/site-packages/airflow/example_dags/example_latest_only_with_trigger.py
[2025-01-27T11:48:54.807+0000] {logging_mixin.py:190} INFO - [2025-01-27T11:48:54.807+0000] {dag.py:3239} INFO - Sync 1 DAGs
[2025-01-27T11:48:54.847+0000] {logging_mixin.py:190} INFO - [2025-01-27T11:48:54.847+0000] {dag.py:4180} INFO - Setting next_dagrun for latest_only_with_trigger to 2025-01-27 04:00:00+00:00, run_after=2025-01-27 08:00:00+00:00
[2025-01-27T11:48:54.879+0000] {processor.py:208} INFO - Processing /home/airflow/.local/lib/python3.12/site-packages/airflow/example_dags/example_latest_only_with_trigger.py took 0.138 seconds
[2025-01-27T11:49:25.449+0000] {processor.py:186} INFO - Started process (PID=1610) to work on /home/airflow/.local/lib/python3.12/site-packages/airflow/example_dags/example_latest_only_with_trigger.py
[2025-01-27T11:49:25.451+0000] {processor.py:914} INFO - Processing file /home/airflow/.local/lib/python3.12/site-packages/airflow/example_dags/example_latest_only_with_trigger.py for tasks to queue
[2025-01-27T11:49:25.456+0000] {logging_mixin.py:190} INFO - [2025-01-27T11:49:25.455+0000] {dagbag.py:588} INFO - Filling up the DagBag from /home/airflow/.local/lib/python3.12/site-packages/airflow/example_dags/example_latest_only_with_trigger.py
[2025-01-27T11:49:25.468+0000] {processor.py:925} INFO - DAG(s) 'latest_only_with_trigger' retrieved from /home/airflow/.local/lib/python3.12/site-packages/airflow/example_dags/example_latest_only_with_trigger.py
[2025-01-27T11:49:25.509+0000] {logging_mixin.py:190} INFO - [2025-01-27T11:49:25.508+0000] {dag.py:3239} INFO - Sync 1 DAGs
[2025-01-27T11:49:25.547+0000] {logging_mixin.py:190} INFO - [2025-01-27T11:49:25.547+0000] {dag.py:4180} INFO - Setting next_dagrun for latest_only_with_trigger to 2025-01-27 04:00:00+00:00, run_after=2025-01-27 08:00:00+00:00
[2025-01-27T11:49:25.580+0000] {processor.py:208} INFO - Processing /home/airflow/.local/lib/python3.12/site-packages/airflow/example_dags/example_latest_only_with_trigger.py took 0.139 seconds
[2025-01-27T11:49:55.999+0000] {processor.py:186} INFO - Started process (PID=1675) to work on /home/airflow/.local/lib/python3.12/site-packages/airflow/example_dags/example_latest_only_with_trigger.py
[2025-01-27T11:49:56.001+0000] {processor.py:914} INFO - Processing file /home/airflow/.local/lib/python3.12/site-packages/airflow/example_dags/example_latest_only_with_trigger.py for tasks to queue
[2025-01-27T11:49:56.007+0000] {logging_mixin.py:190} INFO - [2025-01-27T11:49:56.007+0000] {dagbag.py:588} INFO - Filling up the DagBag from /home/airflow/.local/lib/python3.12/site-packages/airflow/example_dags/example_latest_only_with_trigger.py
[2025-01-27T11:49:56.024+0000] {processor.py:925} INFO - DAG(s) 'latest_only_with_trigger' retrieved from /home/airflow/.local/lib/python3.12/site-packages/airflow/example_dags/example_latest_only_with_trigger.py
[2025-01-27T11:49:56.068+0000] {logging_mixin.py:190} INFO - [2025-01-27T11:49:56.067+0000] {dag.py:3239} INFO - Sync 1 DAGs
[2025-01-27T11:49:56.114+0000] {logging_mixin.py:190} INFO - [2025-01-27T11:49:56.114+0000] {dag.py:4180} INFO - Setting next_dagrun for latest_only_with_trigger to 2025-01-27 04:00:00+00:00, run_after=2025-01-27 08:00:00+00:00
[2025-01-27T11:49:56.167+0000] {processor.py:208} INFO - Processing /home/airflow/.local/lib/python3.12/site-packages/airflow/example_dags/example_latest_only_with_trigger.py took 0.179 seconds
[2025-01-27T11:50:26.981+0000] {processor.py:186} INFO - Started process (PID=1738) to work on /home/airflow/.local/lib/python3.12/site-packages/airflow/example_dags/example_latest_only_with_trigger.py
[2025-01-27T11:50:26.992+0000] {processor.py:914} INFO - Processing file /home/airflow/.local/lib/python3.12/site-packages/airflow/example_dags/example_latest_only_with_trigger.py for tasks to queue
[2025-01-27T11:50:27.000+0000] {logging_mixin.py:190} INFO - [2025-01-27T11:50:26.999+0000] {dagbag.py:588} INFO - Filling up the DagBag from /home/airflow/.local/lib/python3.12/site-packages/airflow/example_dags/example_latest_only_with_trigger.py
[2025-01-27T11:50:27.047+0000] {processor.py:925} INFO - DAG(s) 'latest_only_with_trigger' retrieved from /home/airflow/.local/lib/python3.12/site-packages/airflow/example_dags/example_latest_only_with_trigger.py
[2025-01-27T11:50:27.087+0000] {logging_mixin.py:190} INFO - [2025-01-27T11:50:27.086+0000] {dag.py:3239} INFO - Sync 1 DAGs
[2025-01-27T11:50:27.144+0000] {logging_mixin.py:190} INFO - [2025-01-27T11:50:27.143+0000] {dag.py:4180} INFO - Setting next_dagrun for latest_only_with_trigger to 2025-01-27 04:00:00+00:00, run_after=2025-01-27 08:00:00+00:00
[2025-01-27T11:50:27.202+0000] {processor.py:208} INFO - Processing /home/airflow/.local/lib/python3.12/site-packages/airflow/example_dags/example_latest_only_with_trigger.py took 0.252 seconds
