[2025-01-27T10:33:59.005+0000] {processor.py:186} INFO - Started process (PID=190) to work on /home/airflow/.local/lib/python3.12/site-packages/airflow/example_dags/example_python_operator.py
[2025-01-27T10:33:59.014+0000] {processor.py:914} INFO - Processing file /home/airflow/.local/lib/python3.12/site-packages/airflow/example_dags/example_python_operator.py for tasks to queue
[2025-01-27T10:33:59.019+0000] {logging_mixin.py:190} INFO - [2025-01-27T10:33:59.019+0000] {dagbag.py:588} INFO - Filling up the DagBag from /home/airflow/.local/lib/python3.12/site-packages/airflow/example_dags/example_python_operator.py
[2025-01-27T10:33:59.110+0000] {processor.py:925} INFO - DAG(s) 'example_python_operator' retrieved from /home/airflow/.local/lib/python3.12/site-packages/airflow/example_dags/example_python_operator.py
[2025-01-27T10:34:00.648+0000] {logging_mixin.py:190} INFO - [2025-01-27T10:34:00.647+0000] {dag.py:3239} INFO - Sync 1 DAGs
[2025-01-27T10:34:00.917+0000] {logging_mixin.py:190} INFO - [2025-01-27T10:34:00.917+0000] {dag.py:4180} INFO - Setting next_dagrun for example_python_operator to None, run_after=None
[2025-01-27T10:34:01.076+0000] {processor.py:208} INFO - Processing /home/airflow/.local/lib/python3.12/site-packages/airflow/example_dags/example_python_operator.py took 2.090 seconds
[2025-01-27T10:44:58.455+0000] {processor.py:186} INFO - Started process (PID=175) to work on /home/airflow/.local/lib/python3.12/site-packages/airflow/example_dags/example_python_operator.py
[2025-01-27T10:44:58.463+0000] {processor.py:914} INFO - Processing file /home/airflow/.local/lib/python3.12/site-packages/airflow/example_dags/example_python_operator.py for tasks to queue
[2025-01-27T10:44:58.490+0000] {logging_mixin.py:190} INFO - [2025-01-27T10:44:58.489+0000] {dagbag.py:588} INFO - Filling up the DagBag from /home/airflow/.local/lib/python3.12/site-packages/airflow/example_dags/example_python_operator.py
[2025-01-27T10:44:58.577+0000] {processor.py:925} INFO - DAG(s) 'example_python_operator' retrieved from /home/airflow/.local/lib/python3.12/site-packages/airflow/example_dags/example_python_operator.py
[2025-01-27T10:44:58.995+0000] {logging_mixin.py:190} INFO - [2025-01-27T10:44:58.994+0000] {dag.py:3239} INFO - Sync 1 DAGs
[2025-01-27T10:44:59.026+0000] {logging_mixin.py:190} INFO - [2025-01-27T10:44:59.025+0000] {dag.py:4180} INFO - Setting next_dagrun for example_python_operator to None, run_after=None
[2025-01-27T10:44:59.071+0000] {processor.py:208} INFO - Processing /home/airflow/.local/lib/python3.12/site-packages/airflow/example_dags/example_python_operator.py took 0.650 seconds
[2025-01-27T10:46:16.288+0000] {processor.py:186} INFO - Started process (PID=244) to work on /home/airflow/.local/lib/python3.12/site-packages/airflow/example_dags/example_python_operator.py
[2025-01-27T10:46:16.317+0000] {processor.py:914} INFO - Processing file /home/airflow/.local/lib/python3.12/site-packages/airflow/example_dags/example_python_operator.py for tasks to queue
[2025-01-27T10:46:16.455+0000] {logging_mixin.py:190} INFO - [2025-01-27T10:46:16.454+0000] {dagbag.py:588} INFO - Filling up the DagBag from /home/airflow/.local/lib/python3.12/site-packages/airflow/example_dags/example_python_operator.py
[2025-01-27T10:46:17.189+0000] {processor.py:925} INFO - DAG(s) 'example_python_operator' retrieved from /home/airflow/.local/lib/python3.12/site-packages/airflow/example_dags/example_python_operator.py
[2025-01-27T10:46:17.720+0000] {logging_mixin.py:190} INFO - [2025-01-27T10:46:17.720+0000] {dag.py:3239} INFO - Sync 1 DAGs
[2025-01-27T10:46:17.834+0000] {logging_mixin.py:190} INFO - [2025-01-27T10:46:17.833+0000] {dag.py:4180} INFO - Setting next_dagrun for example_python_operator to None, run_after=None
[2025-01-27T10:46:18.046+0000] {processor.py:208} INFO - Processing /home/airflow/.local/lib/python3.12/site-packages/airflow/example_dags/example_python_operator.py took 1.897 seconds
[2025-01-27T10:46:57.070+0000] {processor.py:186} INFO - Started process (PID=319) to work on /home/airflow/.local/lib/python3.12/site-packages/airflow/example_dags/example_python_operator.py
[2025-01-27T10:46:57.074+0000] {processor.py:914} INFO - Processing file /home/airflow/.local/lib/python3.12/site-packages/airflow/example_dags/example_python_operator.py for tasks to queue
[2025-01-27T10:46:57.086+0000] {logging_mixin.py:190} INFO - [2025-01-27T10:46:57.085+0000] {dagbag.py:588} INFO - Filling up the DagBag from /home/airflow/.local/lib/python3.12/site-packages/airflow/example_dags/example_python_operator.py
[2025-01-27T10:46:57.135+0000] {processor.py:925} INFO - DAG(s) 'example_python_operator' retrieved from /home/airflow/.local/lib/python3.12/site-packages/airflow/example_dags/example_python_operator.py
[2025-01-27T10:46:57.205+0000] {logging_mixin.py:190} INFO - [2025-01-27T10:46:57.204+0000] {dag.py:3239} INFO - Sync 1 DAGs
[2025-01-27T10:46:57.328+0000] {logging_mixin.py:190} INFO - [2025-01-27T10:46:57.324+0000] {dag.py:4180} INFO - Setting next_dagrun for example_python_operator to None, run_after=None
[2025-01-27T10:46:57.394+0000] {processor.py:208} INFO - Processing /home/airflow/.local/lib/python3.12/site-packages/airflow/example_dags/example_python_operator.py took 0.356 seconds
[2025-01-27T10:55:00.984+0000] {processor.py:186} INFO - Started process (PID=104) to work on /home/airflow/.local/lib/python3.12/site-packages/airflow/example_dags/example_python_operator.py
[2025-01-27T10:55:00.998+0000] {processor.py:914} INFO - Processing file /home/airflow/.local/lib/python3.12/site-packages/airflow/example_dags/example_python_operator.py for tasks to queue
[2025-01-27T10:55:01.014+0000] {logging_mixin.py:190} INFO - [2025-01-27T10:55:01.013+0000] {dagbag.py:588} INFO - Filling up the DagBag from /home/airflow/.local/lib/python3.12/site-packages/airflow/example_dags/example_python_operator.py
[2025-01-27T10:55:01.105+0000] {processor.py:925} INFO - DAG(s) 'example_python_operator' retrieved from /home/airflow/.local/lib/python3.12/site-packages/airflow/example_dags/example_python_operator.py
[2025-01-27T10:55:01.842+0000] {logging_mixin.py:190} INFO - [2025-01-27T10:55:01.842+0000] {dag.py:3239} INFO - Sync 1 DAGs
[2025-01-27T10:55:01.950+0000] {logging_mixin.py:190} INFO - [2025-01-27T10:55:01.949+0000] {dag.py:4180} INFO - Setting next_dagrun for example_python_operator to None, run_after=None
[2025-01-27T10:55:02.061+0000] {processor.py:208} INFO - Processing /home/airflow/.local/lib/python3.12/site-packages/airflow/example_dags/example_python_operator.py took 1.064 seconds
[2025-01-27T10:56:29.778+0000] {processor.py:186} INFO - Started process (PID=176) to work on /home/airflow/.local/lib/python3.12/site-packages/airflow/example_dags/example_python_operator.py
[2025-01-27T10:56:29.792+0000] {processor.py:914} INFO - Processing file /home/airflow/.local/lib/python3.12/site-packages/airflow/example_dags/example_python_operator.py for tasks to queue
[2025-01-27T10:56:29.831+0000] {logging_mixin.py:190} INFO - [2025-01-27T10:56:29.830+0000] {dagbag.py:588} INFO - Filling up the DagBag from /home/airflow/.local/lib/python3.12/site-packages/airflow/example_dags/example_python_operator.py
[2025-01-27T10:56:29.967+0000] {processor.py:925} INFO - DAG(s) 'example_python_operator' retrieved from /home/airflow/.local/lib/python3.12/site-packages/airflow/example_dags/example_python_operator.py
[2025-01-27T10:56:30.330+0000] {logging_mixin.py:190} INFO - [2025-01-27T10:56:30.330+0000] {dag.py:3239} INFO - Sync 1 DAGs
[2025-01-27T10:56:30.435+0000] {logging_mixin.py:190} INFO - [2025-01-27T10:56:30.435+0000] {dag.py:4180} INFO - Setting next_dagrun for example_python_operator to None, run_after=None
[2025-01-27T10:56:30.579+0000] {processor.py:208} INFO - Processing /home/airflow/.local/lib/python3.12/site-packages/airflow/example_dags/example_python_operator.py took 0.871 seconds
[2025-01-27T10:57:03.587+0000] {processor.py:186} INFO - Started process (PID=240) to work on /home/airflow/.local/lib/python3.12/site-packages/airflow/example_dags/example_python_operator.py
[2025-01-27T10:57:03.592+0000] {processor.py:914} INFO - Processing file /home/airflow/.local/lib/python3.12/site-packages/airflow/example_dags/example_python_operator.py for tasks to queue
[2025-01-27T10:57:03.628+0000] {logging_mixin.py:190} INFO - [2025-01-27T10:57:03.624+0000] {dagbag.py:588} INFO - Filling up the DagBag from /home/airflow/.local/lib/python3.12/site-packages/airflow/example_dags/example_python_operator.py
[2025-01-27T10:57:03.777+0000] {processor.py:925} INFO - DAG(s) 'example_python_operator' retrieved from /home/airflow/.local/lib/python3.12/site-packages/airflow/example_dags/example_python_operator.py
[2025-01-27T10:57:04.071+0000] {logging_mixin.py:190} INFO - [2025-01-27T10:57:04.071+0000] {dag.py:3239} INFO - Sync 1 DAGs
[2025-01-27T10:57:04.197+0000] {logging_mixin.py:190} INFO - [2025-01-27T10:57:04.196+0000] {dag.py:4180} INFO - Setting next_dagrun for example_python_operator to None, run_after=None
[2025-01-27T10:57:04.311+0000] {processor.py:208} INFO - Processing /home/airflow/.local/lib/python3.12/site-packages/airflow/example_dags/example_python_operator.py took 0.770 seconds
[2025-01-27T10:57:46.687+0000] {processor.py:186} INFO - Started process (PID=287) to work on /home/airflow/.local/lib/python3.12/site-packages/airflow/example_dags/example_python_operator.py
[2025-01-27T10:57:46.720+0000] {processor.py:914} INFO - Processing file /home/airflow/.local/lib/python3.12/site-packages/airflow/example_dags/example_python_operator.py for tasks to queue
[2025-01-27T10:57:46.775+0000] {logging_mixin.py:190} INFO - [2025-01-27T10:57:46.773+0000] {dagbag.py:588} INFO - Filling up the DagBag from /home/airflow/.local/lib/python3.12/site-packages/airflow/example_dags/example_python_operator.py
[2025-01-27T10:57:46.942+0000] {processor.py:925} INFO - DAG(s) 'example_python_operator' retrieved from /home/airflow/.local/lib/python3.12/site-packages/airflow/example_dags/example_python_operator.py
[2025-01-27T10:57:47.051+0000] {logging_mixin.py:190} INFO - [2025-01-27T10:57:47.051+0000] {dag.py:3239} INFO - Sync 1 DAGs
[2025-01-27T10:57:47.117+0000] {logging_mixin.py:190} INFO - [2025-01-27T10:57:47.116+0000] {dag.py:4180} INFO - Setting next_dagrun for example_python_operator to None, run_after=None
[2025-01-27T10:57:47.200+0000] {processor.py:208} INFO - Processing /home/airflow/.local/lib/python3.12/site-packages/airflow/example_dags/example_python_operator.py took 0.585 seconds
[2025-01-27T10:58:29.190+0000] {processor.py:186} INFO - Started process (PID=351) to work on /home/airflow/.local/lib/python3.12/site-packages/airflow/example_dags/example_python_operator.py
[2025-01-27T10:58:29.202+0000] {processor.py:914} INFO - Processing file /home/airflow/.local/lib/python3.12/site-packages/airflow/example_dags/example_python_operator.py for tasks to queue
[2025-01-27T10:58:29.312+0000] {logging_mixin.py:190} INFO - [2025-01-27T10:58:29.288+0000] {dagbag.py:588} INFO - Filling up the DagBag from /home/airflow/.local/lib/python3.12/site-packages/airflow/example_dags/example_python_operator.py
[2025-01-27T10:58:29.768+0000] {processor.py:925} INFO - DAG(s) 'example_python_operator' retrieved from /home/airflow/.local/lib/python3.12/site-packages/airflow/example_dags/example_python_operator.py
[2025-01-27T10:58:31.345+0000] {logging_mixin.py:190} INFO - [2025-01-27T10:58:31.343+0000] {dag.py:3239} INFO - Sync 1 DAGs
[2025-01-27T10:58:31.749+0000] {logging_mixin.py:190} INFO - [2025-01-27T10:58:31.749+0000] {dag.py:4180} INFO - Setting next_dagrun for example_python_operator to None, run_after=None
[2025-01-27T10:58:32.026+0000] {processor.py:208} INFO - Processing /home/airflow/.local/lib/python3.12/site-packages/airflow/example_dags/example_python_operator.py took 3.287 seconds
[2025-01-27T10:59:14.269+0000] {processor.py:186} INFO - Started process (PID=422) to work on /home/airflow/.local/lib/python3.12/site-packages/airflow/example_dags/example_python_operator.py
[2025-01-27T10:59:14.271+0000] {processor.py:914} INFO - Processing file /home/airflow/.local/lib/python3.12/site-packages/airflow/example_dags/example_python_operator.py for tasks to queue
[2025-01-27T10:59:14.278+0000] {logging_mixin.py:190} INFO - [2025-01-27T10:59:14.278+0000] {dagbag.py:588} INFO - Filling up the DagBag from /home/airflow/.local/lib/python3.12/site-packages/airflow/example_dags/example_python_operator.py
[2025-01-27T10:59:14.318+0000] {processor.py:925} INFO - DAG(s) 'example_python_operator' retrieved from /home/airflow/.local/lib/python3.12/site-packages/airflow/example_dags/example_python_operator.py
[2025-01-27T10:59:14.403+0000] {logging_mixin.py:190} INFO - [2025-01-27T10:59:14.402+0000] {dag.py:3239} INFO - Sync 1 DAGs
[2025-01-27T10:59:14.494+0000] {logging_mixin.py:190} INFO - [2025-01-27T10:59:14.494+0000] {dag.py:4180} INFO - Setting next_dagrun for example_python_operator to None, run_after=None
[2025-01-27T10:59:14.619+0000] {processor.py:208} INFO - Processing /home/airflow/.local/lib/python3.12/site-packages/airflow/example_dags/example_python_operator.py took 0.376 seconds
[2025-01-27T10:59:45.953+0000] {processor.py:186} INFO - Started process (PID=482) to work on /home/airflow/.local/lib/python3.12/site-packages/airflow/example_dags/example_python_operator.py
[2025-01-27T10:59:45.955+0000] {processor.py:914} INFO - Processing file /home/airflow/.local/lib/python3.12/site-packages/airflow/example_dags/example_python_operator.py for tasks to queue
[2025-01-27T10:59:45.960+0000] {logging_mixin.py:190} INFO - [2025-01-27T10:59:45.959+0000] {dagbag.py:588} INFO - Filling up the DagBag from /home/airflow/.local/lib/python3.12/site-packages/airflow/example_dags/example_python_operator.py
[2025-01-27T10:59:45.985+0000] {processor.py:925} INFO - DAG(s) 'example_python_operator' retrieved from /home/airflow/.local/lib/python3.12/site-packages/airflow/example_dags/example_python_operator.py
[2025-01-27T10:59:46.025+0000] {logging_mixin.py:190} INFO - [2025-01-27T10:59:46.024+0000] {dag.py:3239} INFO - Sync 1 DAGs
[2025-01-27T10:59:46.057+0000] {logging_mixin.py:190} INFO - [2025-01-27T10:59:46.056+0000] {dag.py:4180} INFO - Setting next_dagrun for example_python_operator to None, run_after=None
[2025-01-27T10:59:46.092+0000] {processor.py:208} INFO - Processing /home/airflow/.local/lib/python3.12/site-packages/airflow/example_dags/example_python_operator.py took 0.151 seconds
[2025-01-27T11:00:16.887+0000] {processor.py:186} INFO - Started process (PID=543) to work on /home/airflow/.local/lib/python3.12/site-packages/airflow/example_dags/example_python_operator.py
[2025-01-27T11:00:16.890+0000] {processor.py:914} INFO - Processing file /home/airflow/.local/lib/python3.12/site-packages/airflow/example_dags/example_python_operator.py for tasks to queue
[2025-01-27T11:00:16.895+0000] {logging_mixin.py:190} INFO - [2025-01-27T11:00:16.895+0000] {dagbag.py:588} INFO - Filling up the DagBag from /home/airflow/.local/lib/python3.12/site-packages/airflow/example_dags/example_python_operator.py
[2025-01-27T11:00:16.923+0000] {processor.py:925} INFO - DAG(s) 'example_python_operator' retrieved from /home/airflow/.local/lib/python3.12/site-packages/airflow/example_dags/example_python_operator.py
[2025-01-27T11:00:16.973+0000] {logging_mixin.py:190} INFO - [2025-01-27T11:00:16.973+0000] {dag.py:3239} INFO - Sync 1 DAGs
[2025-01-27T11:00:17.001+0000] {logging_mixin.py:190} INFO - [2025-01-27T11:00:17.001+0000] {dag.py:4180} INFO - Setting next_dagrun for example_python_operator to None, run_after=None
[2025-01-27T11:00:17.042+0000] {processor.py:208} INFO - Processing /home/airflow/.local/lib/python3.12/site-packages/airflow/example_dags/example_python_operator.py took 0.182 seconds
[2025-01-27T11:00:50.406+0000] {processor.py:186} INFO - Started process (PID=606) to work on /home/airflow/.local/lib/python3.12/site-packages/airflow/example_dags/example_python_operator.py
[2025-01-27T11:00:50.408+0000] {processor.py:914} INFO - Processing file /home/airflow/.local/lib/python3.12/site-packages/airflow/example_dags/example_python_operator.py for tasks to queue
[2025-01-27T11:00:50.421+0000] {logging_mixin.py:190} INFO - [2025-01-27T11:00:50.421+0000] {dagbag.py:588} INFO - Filling up the DagBag from /home/airflow/.local/lib/python3.12/site-packages/airflow/example_dags/example_python_operator.py
[2025-01-27T11:00:50.481+0000] {processor.py:925} INFO - DAG(s) 'example_python_operator' retrieved from /home/airflow/.local/lib/python3.12/site-packages/airflow/example_dags/example_python_operator.py
[2025-01-27T11:00:50.630+0000] {logging_mixin.py:190} INFO - [2025-01-27T11:00:50.630+0000] {dag.py:3239} INFO - Sync 1 DAGs
[2025-01-27T11:00:50.737+0000] {logging_mixin.py:190} INFO - [2025-01-27T11:00:50.737+0000] {dag.py:4180} INFO - Setting next_dagrun for example_python_operator to None, run_after=None
[2025-01-27T11:00:50.853+0000] {processor.py:208} INFO - Processing /home/airflow/.local/lib/python3.12/site-packages/airflow/example_dags/example_python_operator.py took 0.468 seconds
[2025-01-27T11:01:21.430+0000] {processor.py:186} INFO - Started process (PID=671) to work on /home/airflow/.local/lib/python3.12/site-packages/airflow/example_dags/example_python_operator.py
[2025-01-27T11:01:21.433+0000] {processor.py:914} INFO - Processing file /home/airflow/.local/lib/python3.12/site-packages/airflow/example_dags/example_python_operator.py for tasks to queue
[2025-01-27T11:01:21.442+0000] {logging_mixin.py:190} INFO - [2025-01-27T11:01:21.441+0000] {dagbag.py:588} INFO - Filling up the DagBag from /home/airflow/.local/lib/python3.12/site-packages/airflow/example_dags/example_python_operator.py
[2025-01-27T11:01:21.470+0000] {processor.py:925} INFO - DAG(s) 'example_python_operator' retrieved from /home/airflow/.local/lib/python3.12/site-packages/airflow/example_dags/example_python_operator.py
[2025-01-27T11:01:21.510+0000] {logging_mixin.py:190} INFO - [2025-01-27T11:01:21.510+0000] {dag.py:3239} INFO - Sync 1 DAGs
[2025-01-27T11:01:21.532+0000] {logging_mixin.py:190} INFO - [2025-01-27T11:01:21.532+0000] {dag.py:4180} INFO - Setting next_dagrun for example_python_operator to None, run_after=None
[2025-01-27T11:01:21.564+0000] {processor.py:208} INFO - Processing /home/airflow/.local/lib/python3.12/site-packages/airflow/example_dags/example_python_operator.py took 0.143 seconds
[2025-01-27T11:01:52.423+0000] {processor.py:186} INFO - Started process (PID=735) to work on /home/airflow/.local/lib/python3.12/site-packages/airflow/example_dags/example_python_operator.py
[2025-01-27T11:01:52.429+0000] {processor.py:914} INFO - Processing file /home/airflow/.local/lib/python3.12/site-packages/airflow/example_dags/example_python_operator.py for tasks to queue
[2025-01-27T11:01:52.439+0000] {logging_mixin.py:190} INFO - [2025-01-27T11:01:52.438+0000] {dagbag.py:588} INFO - Filling up the DagBag from /home/airflow/.local/lib/python3.12/site-packages/airflow/example_dags/example_python_operator.py
[2025-01-27T11:01:52.508+0000] {processor.py:925} INFO - DAG(s) 'example_python_operator' retrieved from /home/airflow/.local/lib/python3.12/site-packages/airflow/example_dags/example_python_operator.py
[2025-01-27T11:01:52.571+0000] {logging_mixin.py:190} INFO - [2025-01-27T11:01:52.570+0000] {dag.py:3239} INFO - Sync 1 DAGs
[2025-01-27T11:01:52.630+0000] {logging_mixin.py:190} INFO - [2025-01-27T11:01:52.629+0000] {dag.py:4180} INFO - Setting next_dagrun for example_python_operator to None, run_after=None
[2025-01-27T11:01:52.686+0000] {processor.py:208} INFO - Processing /home/airflow/.local/lib/python3.12/site-packages/airflow/example_dags/example_python_operator.py took 0.282 seconds
[2025-01-27T11:02:23.518+0000] {processor.py:186} INFO - Started process (PID=799) to work on /home/airflow/.local/lib/python3.12/site-packages/airflow/example_dags/example_python_operator.py
[2025-01-27T11:02:23.522+0000] {processor.py:914} INFO - Processing file /home/airflow/.local/lib/python3.12/site-packages/airflow/example_dags/example_python_operator.py for tasks to queue
[2025-01-27T11:02:23.528+0000] {logging_mixin.py:190} INFO - [2025-01-27T11:02:23.527+0000] {dagbag.py:588} INFO - Filling up the DagBag from /home/airflow/.local/lib/python3.12/site-packages/airflow/example_dags/example_python_operator.py
[2025-01-27T11:02:23.559+0000] {processor.py:925} INFO - DAG(s) 'example_python_operator' retrieved from /home/airflow/.local/lib/python3.12/site-packages/airflow/example_dags/example_python_operator.py
[2025-01-27T11:02:23.604+0000] {logging_mixin.py:190} INFO - [2025-01-27T11:02:23.604+0000] {dag.py:3239} INFO - Sync 1 DAGs
[2025-01-27T11:02:23.630+0000] {logging_mixin.py:190} INFO - [2025-01-27T11:02:23.630+0000] {dag.py:4180} INFO - Setting next_dagrun for example_python_operator to None, run_after=None
[2025-01-27T11:02:23.666+0000] {processor.py:208} INFO - Processing /home/airflow/.local/lib/python3.12/site-packages/airflow/example_dags/example_python_operator.py took 0.161 seconds
[2025-01-27T11:02:53.959+0000] {processor.py:186} INFO - Started process (PID=862) to work on /home/airflow/.local/lib/python3.12/site-packages/airflow/example_dags/example_python_operator.py
[2025-01-27T11:02:53.961+0000] {processor.py:914} INFO - Processing file /home/airflow/.local/lib/python3.12/site-packages/airflow/example_dags/example_python_operator.py for tasks to queue
[2025-01-27T11:02:53.966+0000] {logging_mixin.py:190} INFO - [2025-01-27T11:02:53.966+0000] {dagbag.py:588} INFO - Filling up the DagBag from /home/airflow/.local/lib/python3.12/site-packages/airflow/example_dags/example_python_operator.py
[2025-01-27T11:02:53.991+0000] {processor.py:925} INFO - DAG(s) 'example_python_operator' retrieved from /home/airflow/.local/lib/python3.12/site-packages/airflow/example_dags/example_python_operator.py
[2025-01-27T11:02:54.040+0000] {logging_mixin.py:190} INFO - [2025-01-27T11:02:54.040+0000] {dag.py:3239} INFO - Sync 1 DAGs
[2025-01-27T11:02:54.063+0000] {logging_mixin.py:190} INFO - [2025-01-27T11:02:54.062+0000] {dag.py:4180} INFO - Setting next_dagrun for example_python_operator to None, run_after=None
[2025-01-27T11:02:54.102+0000] {processor.py:208} INFO - Processing /home/airflow/.local/lib/python3.12/site-packages/airflow/example_dags/example_python_operator.py took 0.155 seconds
[2025-01-27T11:03:25.044+0000] {processor.py:186} INFO - Started process (PID=925) to work on /home/airflow/.local/lib/python3.12/site-packages/airflow/example_dags/example_python_operator.py
[2025-01-27T11:03:25.046+0000] {processor.py:914} INFO - Processing file /home/airflow/.local/lib/python3.12/site-packages/airflow/example_dags/example_python_operator.py for tasks to queue
[2025-01-27T11:03:25.060+0000] {logging_mixin.py:190} INFO - [2025-01-27T11:03:25.059+0000] {dagbag.py:588} INFO - Filling up the DagBag from /home/airflow/.local/lib/python3.12/site-packages/airflow/example_dags/example_python_operator.py
[2025-01-27T11:03:25.106+0000] {processor.py:925} INFO - DAG(s) 'example_python_operator' retrieved from /home/airflow/.local/lib/python3.12/site-packages/airflow/example_dags/example_python_operator.py
[2025-01-27T11:03:25.171+0000] {logging_mixin.py:190} INFO - [2025-01-27T11:03:25.168+0000] {dag.py:3239} INFO - Sync 1 DAGs
[2025-01-27T11:03:25.216+0000] {logging_mixin.py:190} INFO - [2025-01-27T11:03:25.216+0000] {dag.py:4180} INFO - Setting next_dagrun for example_python_operator to None, run_after=None
[2025-01-27T11:03:25.304+0000] {processor.py:208} INFO - Processing /home/airflow/.local/lib/python3.12/site-packages/airflow/example_dags/example_python_operator.py took 0.287 seconds
[2025-01-27T11:03:55.911+0000] {processor.py:186} INFO - Started process (PID=988) to work on /home/airflow/.local/lib/python3.12/site-packages/airflow/example_dags/example_python_operator.py
[2025-01-27T11:03:55.914+0000] {processor.py:914} INFO - Processing file /home/airflow/.local/lib/python3.12/site-packages/airflow/example_dags/example_python_operator.py for tasks to queue
[2025-01-27T11:03:55.936+0000] {logging_mixin.py:190} INFO - [2025-01-27T11:03:55.935+0000] {dagbag.py:588} INFO - Filling up the DagBag from /home/airflow/.local/lib/python3.12/site-packages/airflow/example_dags/example_python_operator.py
[2025-01-27T11:03:55.983+0000] {processor.py:925} INFO - DAG(s) 'example_python_operator' retrieved from /home/airflow/.local/lib/python3.12/site-packages/airflow/example_dags/example_python_operator.py
[2025-01-27T11:03:56.051+0000] {logging_mixin.py:190} INFO - [2025-01-27T11:03:56.050+0000] {dag.py:3239} INFO - Sync 1 DAGs
[2025-01-27T11:03:56.098+0000] {logging_mixin.py:190} INFO - [2025-01-27T11:03:56.098+0000] {dag.py:4180} INFO - Setting next_dagrun for example_python_operator to None, run_after=None
[2025-01-27T11:03:56.164+0000] {processor.py:208} INFO - Processing /home/airflow/.local/lib/python3.12/site-packages/airflow/example_dags/example_python_operator.py took 0.284 seconds
[2025-01-27T11:04:58.005+0000] {processor.py:186} INFO - Started process (PID=1057) to work on /home/airflow/.local/lib/python3.12/site-packages/airflow/example_dags/example_python_operator.py
[2025-01-27T11:04:58.008+0000] {processor.py:914} INFO - Processing file /home/airflow/.local/lib/python3.12/site-packages/airflow/example_dags/example_python_operator.py for tasks to queue
[2025-01-27T11:04:58.019+0000] {logging_mixin.py:190} INFO - [2025-01-27T11:04:58.018+0000] {dagbag.py:588} INFO - Filling up the DagBag from /home/airflow/.local/lib/python3.12/site-packages/airflow/example_dags/example_python_operator.py
[2025-01-27T11:04:58.224+0000] {processor.py:925} INFO - DAG(s) 'example_python_operator' retrieved from /home/airflow/.local/lib/python3.12/site-packages/airflow/example_dags/example_python_operator.py
[2025-01-27T11:04:58.441+0000] {logging_mixin.py:190} INFO - [2025-01-27T11:04:58.441+0000] {dag.py:3239} INFO - Sync 1 DAGs
[2025-01-27T11:04:58.533+0000] {logging_mixin.py:190} INFO - [2025-01-27T11:04:58.533+0000] {dag.py:4180} INFO - Setting next_dagrun for example_python_operator to None, run_after=None
[2025-01-27T11:04:58.638+0000] {processor.py:208} INFO - Processing /home/airflow/.local/lib/python3.12/site-packages/airflow/example_dags/example_python_operator.py took 0.649 seconds
[2025-01-27T11:14:53.167+0000] {processor.py:186} INFO - Started process (PID=1122) to work on /home/airflow/.local/lib/python3.12/site-packages/airflow/example_dags/example_python_operator.py
[2025-01-27T11:14:53.172+0000] {processor.py:914} INFO - Processing file /home/airflow/.local/lib/python3.12/site-packages/airflow/example_dags/example_python_operator.py for tasks to queue
[2025-01-27T11:14:53.178+0000] {logging_mixin.py:190} INFO - [2025-01-27T11:14:53.176+0000] {dagbag.py:588} INFO - Filling up the DagBag from /home/airflow/.local/lib/python3.12/site-packages/airflow/example_dags/example_python_operator.py
[2025-01-27T11:14:53.251+0000] {processor.py:925} INFO - DAG(s) 'example_python_operator' retrieved from /home/airflow/.local/lib/python3.12/site-packages/airflow/example_dags/example_python_operator.py
[2025-01-27T11:14:53.326+0000] {logging_mixin.py:190} INFO - [2025-01-27T11:14:53.326+0000] {dag.py:3239} INFO - Sync 1 DAGs
[2025-01-27T11:14:53.383+0000] {logging_mixin.py:190} INFO - [2025-01-27T11:14:53.382+0000] {dag.py:4180} INFO - Setting next_dagrun for example_python_operator to None, run_after=None
[2025-01-27T11:14:53.472+0000] {processor.py:208} INFO - Processing /home/airflow/.local/lib/python3.12/site-packages/airflow/example_dags/example_python_operator.py took 0.325 seconds
[2025-01-27T11:15:23.718+0000] {processor.py:186} INFO - Started process (PID=1186) to work on /home/airflow/.local/lib/python3.12/site-packages/airflow/example_dags/example_python_operator.py
[2025-01-27T11:15:23.720+0000] {processor.py:914} INFO - Processing file /home/airflow/.local/lib/python3.12/site-packages/airflow/example_dags/example_python_operator.py for tasks to queue
[2025-01-27T11:15:23.722+0000] {logging_mixin.py:190} INFO - [2025-01-27T11:15:23.721+0000] {dagbag.py:588} INFO - Filling up the DagBag from /home/airflow/.local/lib/python3.12/site-packages/airflow/example_dags/example_python_operator.py
[2025-01-27T11:15:23.751+0000] {processor.py:925} INFO - DAG(s) 'example_python_operator' retrieved from /home/airflow/.local/lib/python3.12/site-packages/airflow/example_dags/example_python_operator.py
[2025-01-27T11:15:23.801+0000] {logging_mixin.py:190} INFO - [2025-01-27T11:15:23.800+0000] {dag.py:3239} INFO - Sync 1 DAGs
[2025-01-27T11:15:23.841+0000] {logging_mixin.py:190} INFO - [2025-01-27T11:15:23.841+0000] {dag.py:4180} INFO - Setting next_dagrun for example_python_operator to None, run_after=None
[2025-01-27T11:15:23.886+0000] {processor.py:208} INFO - Processing /home/airflow/.local/lib/python3.12/site-packages/airflow/example_dags/example_python_operator.py took 0.182 seconds
[2025-01-27T11:15:56.074+0000] {processor.py:186} INFO - Started process (PID=1250) to work on /home/airflow/.local/lib/python3.12/site-packages/airflow/example_dags/example_python_operator.py
[2025-01-27T11:15:56.075+0000] {processor.py:914} INFO - Processing file /home/airflow/.local/lib/python3.12/site-packages/airflow/example_dags/example_python_operator.py for tasks to queue
[2025-01-27T11:15:56.078+0000] {logging_mixin.py:190} INFO - [2025-01-27T11:15:56.077+0000] {dagbag.py:588} INFO - Filling up the DagBag from /home/airflow/.local/lib/python3.12/site-packages/airflow/example_dags/example_python_operator.py
[2025-01-27T11:15:56.108+0000] {processor.py:925} INFO - DAG(s) 'example_python_operator' retrieved from /home/airflow/.local/lib/python3.12/site-packages/airflow/example_dags/example_python_operator.py
[2025-01-27T11:15:56.161+0000] {logging_mixin.py:190} INFO - [2025-01-27T11:15:56.160+0000] {dag.py:3239} INFO - Sync 1 DAGs
[2025-01-27T11:15:56.193+0000] {logging_mixin.py:190} INFO - [2025-01-27T11:15:56.193+0000] {dag.py:4180} INFO - Setting next_dagrun for example_python_operator to None, run_after=None
[2025-01-27T11:15:56.235+0000] {processor.py:208} INFO - Processing /home/airflow/.local/lib/python3.12/site-packages/airflow/example_dags/example_python_operator.py took 0.173 seconds
[2025-01-27T11:18:20.636+0000] {processor.py:186} INFO - Started process (PID=1324) to work on /home/airflow/.local/lib/python3.12/site-packages/airflow/example_dags/example_python_operator.py
[2025-01-27T11:18:20.659+0000] {processor.py:914} INFO - Processing file /home/airflow/.local/lib/python3.12/site-packages/airflow/example_dags/example_python_operator.py for tasks to queue
[2025-01-27T11:18:20.670+0000] {logging_mixin.py:190} INFO - [2025-01-27T11:18:20.669+0000] {dagbag.py:588} INFO - Filling up the DagBag from /home/airflow/.local/lib/python3.12/site-packages/airflow/example_dags/example_python_operator.py
[2025-01-27T11:18:20.817+0000] {processor.py:925} INFO - DAG(s) 'example_python_operator' retrieved from /home/airflow/.local/lib/python3.12/site-packages/airflow/example_dags/example_python_operator.py
[2025-01-27T11:18:20.948+0000] {logging_mixin.py:190} INFO - [2025-01-27T11:18:20.948+0000] {dag.py:3239} INFO - Sync 1 DAGs
[2025-01-27T11:18:21.045+0000] {logging_mixin.py:190} INFO - [2025-01-27T11:18:21.044+0000] {dag.py:4180} INFO - Setting next_dagrun for example_python_operator to None, run_after=None
[2025-01-27T11:18:21.127+0000] {processor.py:208} INFO - Processing /home/airflow/.local/lib/python3.12/site-packages/airflow/example_dags/example_python_operator.py took 0.564 seconds
[2025-01-27T11:19:16.620+0000] {processor.py:186} INFO - Started process (PID=1395) to work on /home/airflow/.local/lib/python3.12/site-packages/airflow/example_dags/example_python_operator.py
[2025-01-27T11:19:16.624+0000] {processor.py:914} INFO - Processing file /home/airflow/.local/lib/python3.12/site-packages/airflow/example_dags/example_python_operator.py for tasks to queue
[2025-01-27T11:19:16.627+0000] {logging_mixin.py:190} INFO - [2025-01-27T11:19:16.627+0000] {dagbag.py:588} INFO - Filling up the DagBag from /home/airflow/.local/lib/python3.12/site-packages/airflow/example_dags/example_python_operator.py
[2025-01-27T11:19:16.664+0000] {processor.py:925} INFO - DAG(s) 'example_python_operator' retrieved from /home/airflow/.local/lib/python3.12/site-packages/airflow/example_dags/example_python_operator.py
[2025-01-27T11:19:16.765+0000] {logging_mixin.py:190} INFO - [2025-01-27T11:19:16.764+0000] {dag.py:3239} INFO - Sync 1 DAGs
[2025-01-27T11:19:16.810+0000] {logging_mixin.py:190} INFO - [2025-01-27T11:19:16.810+0000] {dag.py:4180} INFO - Setting next_dagrun for example_python_operator to None, run_after=None
[2025-01-27T11:19:16.894+0000] {processor.py:208} INFO - Processing /home/airflow/.local/lib/python3.12/site-packages/airflow/example_dags/example_python_operator.py took 0.290 seconds
[2025-01-27T11:19:48.550+0000] {processor.py:186} INFO - Started process (PID=1458) to work on /home/airflow/.local/lib/python3.12/site-packages/airflow/example_dags/example_python_operator.py
[2025-01-27T11:19:48.552+0000] {processor.py:914} INFO - Processing file /home/airflow/.local/lib/python3.12/site-packages/airflow/example_dags/example_python_operator.py for tasks to queue
[2025-01-27T11:19:48.582+0000] {logging_mixin.py:190} INFO - [2025-01-27T11:19:48.581+0000] {dagbag.py:588} INFO - Filling up the DagBag from /home/airflow/.local/lib/python3.12/site-packages/airflow/example_dags/example_python_operator.py
[2025-01-27T11:19:48.723+0000] {processor.py:925} INFO - DAG(s) 'example_python_operator' retrieved from /home/airflow/.local/lib/python3.12/site-packages/airflow/example_dags/example_python_operator.py
[2025-01-27T11:19:48.901+0000] {logging_mixin.py:190} INFO - [2025-01-27T11:19:48.900+0000] {dag.py:3239} INFO - Sync 1 DAGs
[2025-01-27T11:19:49.009+0000] {logging_mixin.py:190} INFO - [2025-01-27T11:19:49.008+0000] {dag.py:4180} INFO - Setting next_dagrun for example_python_operator to None, run_after=None
[2025-01-27T11:19:49.198+0000] {processor.py:208} INFO - Processing /home/airflow/.local/lib/python3.12/site-packages/airflow/example_dags/example_python_operator.py took 0.698 seconds
[2025-01-27T11:20:19.754+0000] {processor.py:186} INFO - Started process (PID=1521) to work on /home/airflow/.local/lib/python3.12/site-packages/airflow/example_dags/example_python_operator.py
[2025-01-27T11:20:19.756+0000] {processor.py:914} INFO - Processing file /home/airflow/.local/lib/python3.12/site-packages/airflow/example_dags/example_python_operator.py for tasks to queue
[2025-01-27T11:20:19.759+0000] {logging_mixin.py:190} INFO - [2025-01-27T11:20:19.758+0000] {dagbag.py:588} INFO - Filling up the DagBag from /home/airflow/.local/lib/python3.12/site-packages/airflow/example_dags/example_python_operator.py
[2025-01-27T11:20:19.804+0000] {processor.py:925} INFO - DAG(s) 'example_python_operator' retrieved from /home/airflow/.local/lib/python3.12/site-packages/airflow/example_dags/example_python_operator.py
[2025-01-27T11:20:19.865+0000] {logging_mixin.py:190} INFO - [2025-01-27T11:20:19.865+0000] {dag.py:3239} INFO - Sync 1 DAGs
[2025-01-27T11:20:19.914+0000] {logging_mixin.py:190} INFO - [2025-01-27T11:20:19.913+0000] {dag.py:4180} INFO - Setting next_dagrun for example_python_operator to None, run_after=None
[2025-01-27T11:20:19.988+0000] {processor.py:208} INFO - Processing /home/airflow/.local/lib/python3.12/site-packages/airflow/example_dags/example_python_operator.py took 0.255 seconds
[2025-01-27T11:36:55.132+0000] {processor.py:186} INFO - Started process (PID=158) to work on /home/airflow/.local/lib/python3.12/site-packages/airflow/example_dags/example_python_operator.py
[2025-01-27T11:36:55.140+0000] {processor.py:914} INFO - Processing file /home/airflow/.local/lib/python3.12/site-packages/airflow/example_dags/example_python_operator.py for tasks to queue
[2025-01-27T11:36:55.166+0000] {logging_mixin.py:190} INFO - [2025-01-27T11:36:55.165+0000] {dagbag.py:588} INFO - Filling up the DagBag from /home/airflow/.local/lib/python3.12/site-packages/airflow/example_dags/example_python_operator.py
[2025-01-27T11:36:56.049+0000] {processor.py:925} INFO - DAG(s) 'example_python_operator' retrieved from /home/airflow/.local/lib/python3.12/site-packages/airflow/example_dags/example_python_operator.py
[2025-01-27T11:36:58.280+0000] {logging_mixin.py:190} INFO - [2025-01-27T11:36:58.279+0000] {dag.py:3239} INFO - Sync 1 DAGs
[2025-01-27T11:36:58.410+0000] {logging_mixin.py:190} INFO - [2025-01-27T11:36:58.409+0000] {dag.py:4180} INFO - Setting next_dagrun for example_python_operator to None, run_after=None
[2025-01-27T11:36:58.606+0000] {processor.py:208} INFO - Processing /home/airflow/.local/lib/python3.12/site-packages/airflow/example_dags/example_python_operator.py took 3.499 seconds
[2025-01-27T11:38:09.640+0000] {processor.py:186} INFO - Started process (PID=233) to work on /home/airflow/.local/lib/python3.12/site-packages/airflow/example_dags/example_python_operator.py
[2025-01-27T11:38:09.642+0000] {processor.py:914} INFO - Processing file /home/airflow/.local/lib/python3.12/site-packages/airflow/example_dags/example_python_operator.py for tasks to queue
[2025-01-27T11:38:09.649+0000] {logging_mixin.py:190} INFO - [2025-01-27T11:38:09.648+0000] {dagbag.py:588} INFO - Filling up the DagBag from /home/airflow/.local/lib/python3.12/site-packages/airflow/example_dags/example_python_operator.py
[2025-01-27T11:38:09.678+0000] {processor.py:925} INFO - DAG(s) 'example_python_operator' retrieved from /home/airflow/.local/lib/python3.12/site-packages/airflow/example_dags/example_python_operator.py
[2025-01-27T11:38:09.735+0000] {logging_mixin.py:190} INFO - [2025-01-27T11:38:09.734+0000] {dag.py:3239} INFO - Sync 1 DAGs
[2025-01-27T11:38:09.771+0000] {logging_mixin.py:190} INFO - [2025-01-27T11:38:09.770+0000] {dag.py:4180} INFO - Setting next_dagrun for example_python_operator to None, run_after=None
[2025-01-27T11:38:09.811+0000] {processor.py:208} INFO - Processing /home/airflow/.local/lib/python3.12/site-packages/airflow/example_dags/example_python_operator.py took 0.189 seconds
[2025-01-27T11:38:48.373+0000] {processor.py:186} INFO - Started process (PID=298) to work on /home/airflow/.local/lib/python3.12/site-packages/airflow/example_dags/example_python_operator.py
[2025-01-27T11:38:48.376+0000] {processor.py:914} INFO - Processing file /home/airflow/.local/lib/python3.12/site-packages/airflow/example_dags/example_python_operator.py for tasks to queue
[2025-01-27T11:38:48.382+0000] {logging_mixin.py:190} INFO - [2025-01-27T11:38:48.382+0000] {dagbag.py:588} INFO - Filling up the DagBag from /home/airflow/.local/lib/python3.12/site-packages/airflow/example_dags/example_python_operator.py
[2025-01-27T11:38:48.422+0000] {processor.py:925} INFO - DAG(s) 'example_python_operator' retrieved from /home/airflow/.local/lib/python3.12/site-packages/airflow/example_dags/example_python_operator.py
[2025-01-27T11:38:48.517+0000] {logging_mixin.py:190} INFO - [2025-01-27T11:38:48.516+0000] {dag.py:3239} INFO - Sync 1 DAGs
[2025-01-27T11:38:48.558+0000] {logging_mixin.py:190} INFO - [2025-01-27T11:38:48.558+0000] {dag.py:4180} INFO - Setting next_dagrun for example_python_operator to None, run_after=None
[2025-01-27T11:38:48.659+0000] {processor.py:208} INFO - Processing /home/airflow/.local/lib/python3.12/site-packages/airflow/example_dags/example_python_operator.py took 0.301 seconds
[2025-01-27T11:39:19.949+0000] {processor.py:186} INFO - Started process (PID=363) to work on /home/airflow/.local/lib/python3.12/site-packages/airflow/example_dags/example_python_operator.py
[2025-01-27T11:39:19.952+0000] {processor.py:914} INFO - Processing file /home/airflow/.local/lib/python3.12/site-packages/airflow/example_dags/example_python_operator.py for tasks to queue
[2025-01-27T11:39:19.958+0000] {logging_mixin.py:190} INFO - [2025-01-27T11:39:19.957+0000] {dagbag.py:588} INFO - Filling up the DagBag from /home/airflow/.local/lib/python3.12/site-packages/airflow/example_dags/example_python_operator.py
[2025-01-27T11:39:19.990+0000] {processor.py:925} INFO - DAG(s) 'example_python_operator' retrieved from /home/airflow/.local/lib/python3.12/site-packages/airflow/example_dags/example_python_operator.py
[2025-01-27T11:39:20.132+0000] {logging_mixin.py:190} INFO - [2025-01-27T11:39:20.132+0000] {dag.py:3239} INFO - Sync 1 DAGs
[2025-01-27T11:39:20.239+0000] {logging_mixin.py:190} INFO - [2025-01-27T11:39:20.239+0000] {dag.py:4180} INFO - Setting next_dagrun for example_python_operator to None, run_after=None
[2025-01-27T11:39:20.319+0000] {processor.py:208} INFO - Processing /home/airflow/.local/lib/python3.12/site-packages/airflow/example_dags/example_python_operator.py took 0.422 seconds
[2025-01-27T11:39:50.479+0000] {processor.py:186} INFO - Started process (PID=426) to work on /home/airflow/.local/lib/python3.12/site-packages/airflow/example_dags/example_python_operator.py
[2025-01-27T11:39:50.484+0000] {processor.py:914} INFO - Processing file /home/airflow/.local/lib/python3.12/site-packages/airflow/example_dags/example_python_operator.py for tasks to queue
[2025-01-27T11:39:50.490+0000] {logging_mixin.py:190} INFO - [2025-01-27T11:39:50.489+0000] {dagbag.py:588} INFO - Filling up the DagBag from /home/airflow/.local/lib/python3.12/site-packages/airflow/example_dags/example_python_operator.py
[2025-01-27T11:39:50.521+0000] {processor.py:925} INFO - DAG(s) 'example_python_operator' retrieved from /home/airflow/.local/lib/python3.12/site-packages/airflow/example_dags/example_python_operator.py
[2025-01-27T11:39:50.568+0000] {logging_mixin.py:190} INFO - [2025-01-27T11:39:50.568+0000] {dag.py:3239} INFO - Sync 1 DAGs
[2025-01-27T11:39:50.601+0000] {logging_mixin.py:190} INFO - [2025-01-27T11:39:50.600+0000] {dag.py:4180} INFO - Setting next_dagrun for example_python_operator to None, run_after=None
[2025-01-27T11:39:50.648+0000] {processor.py:208} INFO - Processing /home/airflow/.local/lib/python3.12/site-packages/airflow/example_dags/example_python_operator.py took 0.192 seconds
[2025-01-27T11:40:21.419+0000] {processor.py:186} INFO - Started process (PID=491) to work on /home/airflow/.local/lib/python3.12/site-packages/airflow/example_dags/example_python_operator.py
[2025-01-27T11:40:21.421+0000] {processor.py:914} INFO - Processing file /home/airflow/.local/lib/python3.12/site-packages/airflow/example_dags/example_python_operator.py for tasks to queue
[2025-01-27T11:40:21.425+0000] {logging_mixin.py:190} INFO - [2025-01-27T11:40:21.425+0000] {dagbag.py:588} INFO - Filling up the DagBag from /home/airflow/.local/lib/python3.12/site-packages/airflow/example_dags/example_python_operator.py
[2025-01-27T11:40:21.445+0000] {processor.py:925} INFO - DAG(s) 'example_python_operator' retrieved from /home/airflow/.local/lib/python3.12/site-packages/airflow/example_dags/example_python_operator.py
[2025-01-27T11:40:21.484+0000] {logging_mixin.py:190} INFO - [2025-01-27T11:40:21.484+0000] {dag.py:3239} INFO - Sync 1 DAGs
[2025-01-27T11:40:21.506+0000] {logging_mixin.py:190} INFO - [2025-01-27T11:40:21.505+0000] {dag.py:4180} INFO - Setting next_dagrun for example_python_operator to None, run_after=None
[2025-01-27T11:40:21.537+0000] {processor.py:208} INFO - Processing /home/airflow/.local/lib/python3.12/site-packages/airflow/example_dags/example_python_operator.py took 0.130 seconds
[2025-01-27T11:40:52.892+0000] {processor.py:186} INFO - Started process (PID=556) to work on /home/airflow/.local/lib/python3.12/site-packages/airflow/example_dags/example_python_operator.py
[2025-01-27T11:40:52.893+0000] {processor.py:914} INFO - Processing file /home/airflow/.local/lib/python3.12/site-packages/airflow/example_dags/example_python_operator.py for tasks to queue
[2025-01-27T11:40:52.898+0000] {logging_mixin.py:190} INFO - [2025-01-27T11:40:52.897+0000] {dagbag.py:588} INFO - Filling up the DagBag from /home/airflow/.local/lib/python3.12/site-packages/airflow/example_dags/example_python_operator.py
[2025-01-27T11:40:52.921+0000] {processor.py:925} INFO - DAG(s) 'example_python_operator' retrieved from /home/airflow/.local/lib/python3.12/site-packages/airflow/example_dags/example_python_operator.py
[2025-01-27T11:40:52.964+0000] {logging_mixin.py:190} INFO - [2025-01-27T11:40:52.963+0000] {dag.py:3239} INFO - Sync 1 DAGs
[2025-01-27T11:40:52.994+0000] {logging_mixin.py:190} INFO - [2025-01-27T11:40:52.993+0000] {dag.py:4180} INFO - Setting next_dagrun for example_python_operator to None, run_after=None
[2025-01-27T11:40:53.025+0000] {processor.py:208} INFO - Processing /home/airflow/.local/lib/python3.12/site-packages/airflow/example_dags/example_python_operator.py took 0.144 seconds
[2025-01-27T11:41:24.772+0000] {processor.py:186} INFO - Started process (PID=620) to work on /home/airflow/.local/lib/python3.12/site-packages/airflow/example_dags/example_python_operator.py
[2025-01-27T11:41:24.774+0000] {processor.py:914} INFO - Processing file /home/airflow/.local/lib/python3.12/site-packages/airflow/example_dags/example_python_operator.py for tasks to queue
[2025-01-27T11:41:24.779+0000] {logging_mixin.py:190} INFO - [2025-01-27T11:41:24.778+0000] {dagbag.py:588} INFO - Filling up the DagBag from /home/airflow/.local/lib/python3.12/site-packages/airflow/example_dags/example_python_operator.py
[2025-01-27T11:41:24.799+0000] {processor.py:925} INFO - DAG(s) 'example_python_operator' retrieved from /home/airflow/.local/lib/python3.12/site-packages/airflow/example_dags/example_python_operator.py
[2025-01-27T11:41:24.849+0000] {logging_mixin.py:190} INFO - [2025-01-27T11:41:24.848+0000] {dag.py:3239} INFO - Sync 1 DAGs
[2025-01-27T11:41:24.881+0000] {logging_mixin.py:190} INFO - [2025-01-27T11:41:24.881+0000] {dag.py:4180} INFO - Setting next_dagrun for example_python_operator to None, run_after=None
[2025-01-27T11:41:24.922+0000] {processor.py:208} INFO - Processing /home/airflow/.local/lib/python3.12/site-packages/airflow/example_dags/example_python_operator.py took 0.162 seconds
[2025-01-27T11:41:56.044+0000] {processor.py:186} INFO - Started process (PID=684) to work on /home/airflow/.local/lib/python3.12/site-packages/airflow/example_dags/example_python_operator.py
[2025-01-27T11:41:56.046+0000] {processor.py:914} INFO - Processing file /home/airflow/.local/lib/python3.12/site-packages/airflow/example_dags/example_python_operator.py for tasks to queue
[2025-01-27T11:41:56.050+0000] {logging_mixin.py:190} INFO - [2025-01-27T11:41:56.049+0000] {dagbag.py:588} INFO - Filling up the DagBag from /home/airflow/.local/lib/python3.12/site-packages/airflow/example_dags/example_python_operator.py
[2025-01-27T11:41:56.074+0000] {processor.py:925} INFO - DAG(s) 'example_python_operator' retrieved from /home/airflow/.local/lib/python3.12/site-packages/airflow/example_dags/example_python_operator.py
[2025-01-27T11:41:56.118+0000] {logging_mixin.py:190} INFO - [2025-01-27T11:41:56.117+0000] {dag.py:3239} INFO - Sync 1 DAGs
[2025-01-27T11:41:56.153+0000] {logging_mixin.py:190} INFO - [2025-01-27T11:41:56.153+0000] {dag.py:4180} INFO - Setting next_dagrun for example_python_operator to None, run_after=None
[2025-01-27T11:41:56.186+0000] {processor.py:208} INFO - Processing /home/airflow/.local/lib/python3.12/site-packages/airflow/example_dags/example_python_operator.py took 0.154 seconds
[2025-01-27T11:42:27.504+0000] {processor.py:186} INFO - Started process (PID=748) to work on /home/airflow/.local/lib/python3.12/site-packages/airflow/example_dags/example_python_operator.py
[2025-01-27T11:42:27.506+0000] {processor.py:914} INFO - Processing file /home/airflow/.local/lib/python3.12/site-packages/airflow/example_dags/example_python_operator.py for tasks to queue
[2025-01-27T11:42:27.509+0000] {logging_mixin.py:190} INFO - [2025-01-27T11:42:27.509+0000] {dagbag.py:588} INFO - Filling up the DagBag from /home/airflow/.local/lib/python3.12/site-packages/airflow/example_dags/example_python_operator.py
[2025-01-27T11:42:27.530+0000] {processor.py:925} INFO - DAG(s) 'example_python_operator' retrieved from /home/airflow/.local/lib/python3.12/site-packages/airflow/example_dags/example_python_operator.py
[2025-01-27T11:42:27.572+0000] {logging_mixin.py:190} INFO - [2025-01-27T11:42:27.572+0000] {dag.py:3239} INFO - Sync 1 DAGs
[2025-01-27T11:42:27.598+0000] {logging_mixin.py:190} INFO - [2025-01-27T11:42:27.597+0000] {dag.py:4180} INFO - Setting next_dagrun for example_python_operator to None, run_after=None
[2025-01-27T11:42:27.625+0000] {processor.py:208} INFO - Processing /home/airflow/.local/lib/python3.12/site-packages/airflow/example_dags/example_python_operator.py took 0.131 seconds
[2025-01-27T11:42:59.619+0000] {processor.py:186} INFO - Started process (PID=813) to work on /home/airflow/.local/lib/python3.12/site-packages/airflow/example_dags/example_python_operator.py
[2025-01-27T11:42:59.623+0000] {processor.py:914} INFO - Processing file /home/airflow/.local/lib/python3.12/site-packages/airflow/example_dags/example_python_operator.py for tasks to queue
[2025-01-27T11:42:59.629+0000] {logging_mixin.py:190} INFO - [2025-01-27T11:42:59.628+0000] {dagbag.py:588} INFO - Filling up the DagBag from /home/airflow/.local/lib/python3.12/site-packages/airflow/example_dags/example_python_operator.py
[2025-01-27T11:42:59.662+0000] {processor.py:925} INFO - DAG(s) 'example_python_operator' retrieved from /home/airflow/.local/lib/python3.12/site-packages/airflow/example_dags/example_python_operator.py
[2025-01-27T11:42:59.717+0000] {logging_mixin.py:190} INFO - [2025-01-27T11:42:59.716+0000] {dag.py:3239} INFO - Sync 1 DAGs
[2025-01-27T11:42:59.759+0000] {logging_mixin.py:190} INFO - [2025-01-27T11:42:59.758+0000] {dag.py:4180} INFO - Setting next_dagrun for example_python_operator to None, run_after=None
[2025-01-27T11:42:59.825+0000] {processor.py:208} INFO - Processing /home/airflow/.local/lib/python3.12/site-packages/airflow/example_dags/example_python_operator.py took 0.220 seconds
[2025-01-27T11:43:30.896+0000] {processor.py:186} INFO - Started process (PID=883) to work on /home/airflow/.local/lib/python3.12/site-packages/airflow/example_dags/example_python_operator.py
[2025-01-27T11:43:30.914+0000] {processor.py:914} INFO - Processing file /home/airflow/.local/lib/python3.12/site-packages/airflow/example_dags/example_python_operator.py for tasks to queue
[2025-01-27T11:43:30.921+0000] {logging_mixin.py:190} INFO - [2025-01-27T11:43:30.920+0000] {dagbag.py:588} INFO - Filling up the DagBag from /home/airflow/.local/lib/python3.12/site-packages/airflow/example_dags/example_python_operator.py
[2025-01-27T11:43:31.008+0000] {processor.py:925} INFO - DAG(s) 'example_python_operator' retrieved from /home/airflow/.local/lib/python3.12/site-packages/airflow/example_dags/example_python_operator.py
[2025-01-27T11:43:31.122+0000] {logging_mixin.py:190} INFO - [2025-01-27T11:43:31.121+0000] {dag.py:3239} INFO - Sync 1 DAGs
[2025-01-27T11:43:31.215+0000] {logging_mixin.py:190} INFO - [2025-01-27T11:43:31.208+0000] {dag.py:4180} INFO - Setting next_dagrun for example_python_operator to None, run_after=None
[2025-01-27T11:43:31.302+0000] {processor.py:208} INFO - Processing /home/airflow/.local/lib/python3.12/site-packages/airflow/example_dags/example_python_operator.py took 0.440 seconds
[2025-01-27T11:44:01.446+0000] {processor.py:186} INFO - Started process (PID=946) to work on /home/airflow/.local/lib/python3.12/site-packages/airflow/example_dags/example_python_operator.py
[2025-01-27T11:44:01.447+0000] {processor.py:914} INFO - Processing file /home/airflow/.local/lib/python3.12/site-packages/airflow/example_dags/example_python_operator.py for tasks to queue
[2025-01-27T11:44:01.451+0000] {logging_mixin.py:190} INFO - [2025-01-27T11:44:01.451+0000] {dagbag.py:588} INFO - Filling up the DagBag from /home/airflow/.local/lib/python3.12/site-packages/airflow/example_dags/example_python_operator.py
[2025-01-27T11:44:01.471+0000] {processor.py:925} INFO - DAG(s) 'example_python_operator' retrieved from /home/airflow/.local/lib/python3.12/site-packages/airflow/example_dags/example_python_operator.py
[2025-01-27T11:44:01.509+0000] {logging_mixin.py:190} INFO - [2025-01-27T11:44:01.509+0000] {dag.py:3239} INFO - Sync 1 DAGs
[2025-01-27T11:44:01.533+0000] {logging_mixin.py:190} INFO - [2025-01-27T11:44:01.533+0000] {dag.py:4180} INFO - Setting next_dagrun for example_python_operator to None, run_after=None
[2025-01-27T11:44:01.564+0000] {processor.py:208} INFO - Processing /home/airflow/.local/lib/python3.12/site-packages/airflow/example_dags/example_python_operator.py took 0.127 seconds
[2025-01-27T11:44:32.288+0000] {processor.py:186} INFO - Started process (PID=1010) to work on /home/airflow/.local/lib/python3.12/site-packages/airflow/example_dags/example_python_operator.py
[2025-01-27T11:44:32.290+0000] {processor.py:914} INFO - Processing file /home/airflow/.local/lib/python3.12/site-packages/airflow/example_dags/example_python_operator.py for tasks to queue
[2025-01-27T11:44:32.294+0000] {logging_mixin.py:190} INFO - [2025-01-27T11:44:32.294+0000] {dagbag.py:588} INFO - Filling up the DagBag from /home/airflow/.local/lib/python3.12/site-packages/airflow/example_dags/example_python_operator.py
[2025-01-27T11:44:32.316+0000] {processor.py:925} INFO - DAG(s) 'example_python_operator' retrieved from /home/airflow/.local/lib/python3.12/site-packages/airflow/example_dags/example_python_operator.py
[2025-01-27T11:44:32.350+0000] {logging_mixin.py:190} INFO - [2025-01-27T11:44:32.349+0000] {dag.py:3239} INFO - Sync 1 DAGs
[2025-01-27T11:44:32.370+0000] {logging_mixin.py:190} INFO - [2025-01-27T11:44:32.369+0000] {dag.py:4180} INFO - Setting next_dagrun for example_python_operator to None, run_after=None
[2025-01-27T11:44:32.402+0000] {processor.py:208} INFO - Processing /home/airflow/.local/lib/python3.12/site-packages/airflow/example_dags/example_python_operator.py took 0.126 seconds
[2025-01-27T11:45:02.458+0000] {processor.py:186} INFO - Started process (PID=1075) to work on /home/airflow/.local/lib/python3.12/site-packages/airflow/example_dags/example_python_operator.py
[2025-01-27T11:45:02.459+0000] {processor.py:914} INFO - Processing file /home/airflow/.local/lib/python3.12/site-packages/airflow/example_dags/example_python_operator.py for tasks to queue
[2025-01-27T11:45:02.464+0000] {logging_mixin.py:190} INFO - [2025-01-27T11:45:02.464+0000] {dagbag.py:588} INFO - Filling up the DagBag from /home/airflow/.local/lib/python3.12/site-packages/airflow/example_dags/example_python_operator.py
[2025-01-27T11:45:02.489+0000] {processor.py:925} INFO - DAG(s) 'example_python_operator' retrieved from /home/airflow/.local/lib/python3.12/site-packages/airflow/example_dags/example_python_operator.py
[2025-01-27T11:45:02.528+0000] {logging_mixin.py:190} INFO - [2025-01-27T11:45:02.527+0000] {dag.py:3239} INFO - Sync 1 DAGs
[2025-01-27T11:45:02.553+0000] {logging_mixin.py:190} INFO - [2025-01-27T11:45:02.553+0000] {dag.py:4180} INFO - Setting next_dagrun for example_python_operator to None, run_after=None
[2025-01-27T11:45:02.581+0000] {processor.py:208} INFO - Processing /home/airflow/.local/lib/python3.12/site-packages/airflow/example_dags/example_python_operator.py took 0.132 seconds
[2025-01-27T11:45:33.072+0000] {processor.py:186} INFO - Started process (PID=1138) to work on /home/airflow/.local/lib/python3.12/site-packages/airflow/example_dags/example_python_operator.py
[2025-01-27T11:45:33.075+0000] {processor.py:914} INFO - Processing file /home/airflow/.local/lib/python3.12/site-packages/airflow/example_dags/example_python_operator.py for tasks to queue
[2025-01-27T11:45:33.080+0000] {logging_mixin.py:190} INFO - [2025-01-27T11:45:33.079+0000] {dagbag.py:588} INFO - Filling up the DagBag from /home/airflow/.local/lib/python3.12/site-packages/airflow/example_dags/example_python_operator.py
[2025-01-27T11:45:33.110+0000] {processor.py:925} INFO - DAG(s) 'example_python_operator' retrieved from /home/airflow/.local/lib/python3.12/site-packages/airflow/example_dags/example_python_operator.py
[2025-01-27T11:45:33.159+0000] {logging_mixin.py:190} INFO - [2025-01-27T11:45:33.158+0000] {dag.py:3239} INFO - Sync 1 DAGs
[2025-01-27T11:45:33.199+0000] {logging_mixin.py:190} INFO - [2025-01-27T11:45:33.198+0000] {dag.py:4180} INFO - Setting next_dagrun for example_python_operator to None, run_after=None
[2025-01-27T11:45:33.241+0000] {processor.py:208} INFO - Processing /home/airflow/.local/lib/python3.12/site-packages/airflow/example_dags/example_python_operator.py took 0.186 seconds
[2025-01-27T11:46:03.326+0000] {processor.py:186} INFO - Started process (PID=1202) to work on /home/airflow/.local/lib/python3.12/site-packages/airflow/example_dags/example_python_operator.py
[2025-01-27T11:46:03.328+0000] {processor.py:914} INFO - Processing file /home/airflow/.local/lib/python3.12/site-packages/airflow/example_dags/example_python_operator.py for tasks to queue
[2025-01-27T11:46:03.331+0000] {logging_mixin.py:190} INFO - [2025-01-27T11:46:03.331+0000] {dagbag.py:588} INFO - Filling up the DagBag from /home/airflow/.local/lib/python3.12/site-packages/airflow/example_dags/example_python_operator.py
[2025-01-27T11:46:03.349+0000] {processor.py:925} INFO - DAG(s) 'example_python_operator' retrieved from /home/airflow/.local/lib/python3.12/site-packages/airflow/example_dags/example_python_operator.py
[2025-01-27T11:46:03.382+0000] {logging_mixin.py:190} INFO - [2025-01-27T11:46:03.382+0000] {dag.py:3239} INFO - Sync 1 DAGs
[2025-01-27T11:46:03.402+0000] {logging_mixin.py:190} INFO - [2025-01-27T11:46:03.402+0000] {dag.py:4180} INFO - Setting next_dagrun for example_python_operator to None, run_after=None
[2025-01-27T11:46:03.429+0000] {processor.py:208} INFO - Processing /home/airflow/.local/lib/python3.12/site-packages/airflow/example_dags/example_python_operator.py took 0.112 seconds
[2025-01-27T11:46:33.782+0000] {processor.py:186} INFO - Started process (PID=1266) to work on /home/airflow/.local/lib/python3.12/site-packages/airflow/example_dags/example_python_operator.py
[2025-01-27T11:46:33.783+0000] {processor.py:914} INFO - Processing file /home/airflow/.local/lib/python3.12/site-packages/airflow/example_dags/example_python_operator.py for tasks to queue
[2025-01-27T11:46:33.788+0000] {logging_mixin.py:190} INFO - [2025-01-27T11:46:33.787+0000] {dagbag.py:588} INFO - Filling up the DagBag from /home/airflow/.local/lib/python3.12/site-packages/airflow/example_dags/example_python_operator.py
[2025-01-27T11:46:33.808+0000] {processor.py:925} INFO - DAG(s) 'example_python_operator' retrieved from /home/airflow/.local/lib/python3.12/site-packages/airflow/example_dags/example_python_operator.py
[2025-01-27T11:46:33.839+0000] {logging_mixin.py:190} INFO - [2025-01-27T11:46:33.839+0000] {dag.py:3239} INFO - Sync 1 DAGs
[2025-01-27T11:46:33.861+0000] {logging_mixin.py:190} INFO - [2025-01-27T11:46:33.860+0000] {dag.py:4180} INFO - Setting next_dagrun for example_python_operator to None, run_after=None
[2025-01-27T11:46:33.888+0000] {processor.py:208} INFO - Processing /home/airflow/.local/lib/python3.12/site-packages/airflow/example_dags/example_python_operator.py took 0.114 seconds
[2025-01-27T11:47:04.313+0000] {processor.py:186} INFO - Started process (PID=1330) to work on /home/airflow/.local/lib/python3.12/site-packages/airflow/example_dags/example_python_operator.py
[2025-01-27T11:47:04.315+0000] {processor.py:914} INFO - Processing file /home/airflow/.local/lib/python3.12/site-packages/airflow/example_dags/example_python_operator.py for tasks to queue
[2025-01-27T11:47:04.320+0000] {logging_mixin.py:190} INFO - [2025-01-27T11:47:04.319+0000] {dagbag.py:588} INFO - Filling up the DagBag from /home/airflow/.local/lib/python3.12/site-packages/airflow/example_dags/example_python_operator.py
[2025-01-27T11:47:04.349+0000] {processor.py:925} INFO - DAG(s) 'example_python_operator' retrieved from /home/airflow/.local/lib/python3.12/site-packages/airflow/example_dags/example_python_operator.py
[2025-01-27T11:47:04.396+0000] {logging_mixin.py:190} INFO - [2025-01-27T11:47:04.396+0000] {dag.py:3239} INFO - Sync 1 DAGs
[2025-01-27T11:47:04.422+0000] {logging_mixin.py:190} INFO - [2025-01-27T11:47:04.422+0000] {dag.py:4180} INFO - Setting next_dagrun for example_python_operator to None, run_after=None
[2025-01-27T11:47:04.460+0000] {processor.py:208} INFO - Processing /home/airflow/.local/lib/python3.12/site-packages/airflow/example_dags/example_python_operator.py took 0.159 seconds
[2025-01-27T11:47:35.036+0000] {processor.py:186} INFO - Started process (PID=1393) to work on /home/airflow/.local/lib/python3.12/site-packages/airflow/example_dags/example_python_operator.py
[2025-01-27T11:47:35.038+0000] {processor.py:914} INFO - Processing file /home/airflow/.local/lib/python3.12/site-packages/airflow/example_dags/example_python_operator.py for tasks to queue
[2025-01-27T11:47:35.042+0000] {logging_mixin.py:190} INFO - [2025-01-27T11:47:35.042+0000] {dagbag.py:588} INFO - Filling up the DagBag from /home/airflow/.local/lib/python3.12/site-packages/airflow/example_dags/example_python_operator.py
[2025-01-27T11:47:35.075+0000] {processor.py:925} INFO - DAG(s) 'example_python_operator' retrieved from /home/airflow/.local/lib/python3.12/site-packages/airflow/example_dags/example_python_operator.py
[2025-01-27T11:47:35.121+0000] {logging_mixin.py:190} INFO - [2025-01-27T11:47:35.120+0000] {dag.py:3239} INFO - Sync 1 DAGs
[2025-01-27T11:47:35.149+0000] {logging_mixin.py:190} INFO - [2025-01-27T11:47:35.149+0000] {dag.py:4180} INFO - Setting next_dagrun for example_python_operator to None, run_after=None
[2025-01-27T11:47:35.190+0000] {processor.py:208} INFO - Processing /home/airflow/.local/lib/python3.12/site-packages/airflow/example_dags/example_python_operator.py took 0.172 seconds
[2025-01-27T11:48:05.620+0000] {processor.py:186} INFO - Started process (PID=1457) to work on /home/airflow/.local/lib/python3.12/site-packages/airflow/example_dags/example_python_operator.py
[2025-01-27T11:48:05.622+0000] {processor.py:914} INFO - Processing file /home/airflow/.local/lib/python3.12/site-packages/airflow/example_dags/example_python_operator.py for tasks to queue
[2025-01-27T11:48:05.626+0000] {logging_mixin.py:190} INFO - [2025-01-27T11:48:05.626+0000] {dagbag.py:588} INFO - Filling up the DagBag from /home/airflow/.local/lib/python3.12/site-packages/airflow/example_dags/example_python_operator.py
[2025-01-27T11:48:05.644+0000] {processor.py:925} INFO - DAG(s) 'example_python_operator' retrieved from /home/airflow/.local/lib/python3.12/site-packages/airflow/example_dags/example_python_operator.py
[2025-01-27T11:48:05.679+0000] {logging_mixin.py:190} INFO - [2025-01-27T11:48:05.679+0000] {dag.py:3239} INFO - Sync 1 DAGs
[2025-01-27T11:48:05.704+0000] {logging_mixin.py:190} INFO - [2025-01-27T11:48:05.704+0000] {dag.py:4180} INFO - Setting next_dagrun for example_python_operator to None, run_after=None
[2025-01-27T11:48:05.737+0000] {processor.py:208} INFO - Processing /home/airflow/.local/lib/python3.12/site-packages/airflow/example_dags/example_python_operator.py took 0.129 seconds
[2025-01-27T11:48:36.700+0000] {processor.py:186} INFO - Started process (PID=1521) to work on /home/airflow/.local/lib/python3.12/site-packages/airflow/example_dags/example_python_operator.py
[2025-01-27T11:48:36.703+0000] {processor.py:914} INFO - Processing file /home/airflow/.local/lib/python3.12/site-packages/airflow/example_dags/example_python_operator.py for tasks to queue
[2025-01-27T11:48:36.707+0000] {logging_mixin.py:190} INFO - [2025-01-27T11:48:36.706+0000] {dagbag.py:588} INFO - Filling up the DagBag from /home/airflow/.local/lib/python3.12/site-packages/airflow/example_dags/example_python_operator.py
[2025-01-27T11:48:36.733+0000] {processor.py:925} INFO - DAG(s) 'example_python_operator' retrieved from /home/airflow/.local/lib/python3.12/site-packages/airflow/example_dags/example_python_operator.py
[2025-01-27T11:48:36.777+0000] {logging_mixin.py:190} INFO - [2025-01-27T11:48:36.777+0000] {dag.py:3239} INFO - Sync 1 DAGs
[2025-01-27T11:48:36.802+0000] {logging_mixin.py:190} INFO - [2025-01-27T11:48:36.801+0000] {dag.py:4180} INFO - Setting next_dagrun for example_python_operator to None, run_after=None
[2025-01-27T11:48:36.845+0000] {processor.py:208} INFO - Processing /home/airflow/.local/lib/python3.12/site-packages/airflow/example_dags/example_python_operator.py took 0.156 seconds
[2025-01-27T11:49:07.772+0000] {processor.py:186} INFO - Started process (PID=1585) to work on /home/airflow/.local/lib/python3.12/site-packages/airflow/example_dags/example_python_operator.py
[2025-01-27T11:49:07.774+0000] {processor.py:914} INFO - Processing file /home/airflow/.local/lib/python3.12/site-packages/airflow/example_dags/example_python_operator.py for tasks to queue
[2025-01-27T11:49:07.780+0000] {logging_mixin.py:190} INFO - [2025-01-27T11:49:07.779+0000] {dagbag.py:588} INFO - Filling up the DagBag from /home/airflow/.local/lib/python3.12/site-packages/airflow/example_dags/example_python_operator.py
[2025-01-27T11:49:07.806+0000] {processor.py:925} INFO - DAG(s) 'example_python_operator' retrieved from /home/airflow/.local/lib/python3.12/site-packages/airflow/example_dags/example_python_operator.py
[2025-01-27T11:49:07.850+0000] {logging_mixin.py:190} INFO - [2025-01-27T11:49:07.850+0000] {dag.py:3239} INFO - Sync 1 DAGs
[2025-01-27T11:49:07.881+0000] {logging_mixin.py:190} INFO - [2025-01-27T11:49:07.881+0000] {dag.py:4180} INFO - Setting next_dagrun for example_python_operator to None, run_after=None
[2025-01-27T11:49:07.921+0000] {processor.py:208} INFO - Processing /home/airflow/.local/lib/python3.12/site-packages/airflow/example_dags/example_python_operator.py took 0.160 seconds
[2025-01-27T11:49:38.243+0000] {processor.py:186} INFO - Started process (PID=1650) to work on /home/airflow/.local/lib/python3.12/site-packages/airflow/example_dags/example_python_operator.py
[2025-01-27T11:49:38.245+0000] {processor.py:914} INFO - Processing file /home/airflow/.local/lib/python3.12/site-packages/airflow/example_dags/example_python_operator.py for tasks to queue
[2025-01-27T11:49:38.249+0000] {logging_mixin.py:190} INFO - [2025-01-27T11:49:38.248+0000] {dagbag.py:588} INFO - Filling up the DagBag from /home/airflow/.local/lib/python3.12/site-packages/airflow/example_dags/example_python_operator.py
[2025-01-27T11:49:38.278+0000] {processor.py:925} INFO - DAG(s) 'example_python_operator' retrieved from /home/airflow/.local/lib/python3.12/site-packages/airflow/example_dags/example_python_operator.py
[2025-01-27T11:49:38.343+0000] {logging_mixin.py:190} INFO - [2025-01-27T11:49:38.343+0000] {dag.py:3239} INFO - Sync 1 DAGs
[2025-01-27T11:49:38.384+0000] {logging_mixin.py:190} INFO - [2025-01-27T11:49:38.383+0000] {dag.py:4180} INFO - Setting next_dagrun for example_python_operator to None, run_after=None
[2025-01-27T11:49:38.429+0000] {processor.py:208} INFO - Processing /home/airflow/.local/lib/python3.12/site-packages/airflow/example_dags/example_python_operator.py took 0.199 seconds
[2025-01-27T11:50:08.587+0000] {processor.py:186} INFO - Started process (PID=1714) to work on /home/airflow/.local/lib/python3.12/site-packages/airflow/example_dags/example_python_operator.py
[2025-01-27T11:50:08.589+0000] {processor.py:914} INFO - Processing file /home/airflow/.local/lib/python3.12/site-packages/airflow/example_dags/example_python_operator.py for tasks to queue
[2025-01-27T11:50:08.593+0000] {logging_mixin.py:190} INFO - [2025-01-27T11:50:08.593+0000] {dagbag.py:588} INFO - Filling up the DagBag from /home/airflow/.local/lib/python3.12/site-packages/airflow/example_dags/example_python_operator.py
[2025-01-27T11:50:08.615+0000] {processor.py:925} INFO - DAG(s) 'example_python_operator' retrieved from /home/airflow/.local/lib/python3.12/site-packages/airflow/example_dags/example_python_operator.py
[2025-01-27T11:50:08.651+0000] {logging_mixin.py:190} INFO - [2025-01-27T11:50:08.650+0000] {dag.py:3239} INFO - Sync 1 DAGs
[2025-01-27T11:50:08.686+0000] {logging_mixin.py:190} INFO - [2025-01-27T11:50:08.686+0000] {dag.py:4180} INFO - Setting next_dagrun for example_python_operator to None, run_after=None
[2025-01-27T11:50:08.737+0000] {processor.py:208} INFO - Processing /home/airflow/.local/lib/python3.12/site-packages/airflow/example_dags/example_python_operator.py took 0.160 seconds
