[2025-01-27T10:34:02.685+0000] {processor.py:186} INFO - Started process (PID=197) to work on /home/airflow/.local/lib/python3.12/site-packages/airflow/example_dags/example_display_name.py
[2025-01-27T10:34:02.687+0000] {processor.py:914} INFO - Processing file /home/airflow/.local/lib/python3.12/site-packages/airflow/example_dags/example_display_name.py for tasks to queue
[2025-01-27T10:34:02.692+0000] {logging_mixin.py:190} INFO - [2025-01-27T10:34:02.691+0000] {dagbag.py:588} INFO - Filling up the DagBag from /home/airflow/.local/lib/python3.12/site-packages/airflow/example_dags/example_display_name.py
[2025-01-27T10:34:02.723+0000] {processor.py:925} INFO - DAG(s) 'example_display_name' retrieved from /home/airflow/.local/lib/python3.12/site-packages/airflow/example_dags/example_display_name.py
[2025-01-27T10:34:02.913+0000] {logging_mixin.py:190} INFO - [2025-01-27T10:34:02.912+0000] {dag.py:3239} INFO - Sync 1 DAGs
[2025-01-27T10:34:03.103+0000] {logging_mixin.py:190} INFO - [2025-01-27T10:34:03.103+0000] {dag.py:4180} INFO - Setting next_dagrun for example_display_name to None, run_after=None
[2025-01-27T10:34:03.211+0000] {processor.py:208} INFO - Processing /home/airflow/.local/lib/python3.12/site-packages/airflow/example_dags/example_display_name.py took 0.543 seconds
[2025-01-27T10:45:00.654+0000] {processor.py:186} INFO - Started process (PID=182) to work on /home/airflow/.local/lib/python3.12/site-packages/airflow/example_dags/example_display_name.py
[2025-01-27T10:45:00.658+0000] {processor.py:914} INFO - Processing file /home/airflow/.local/lib/python3.12/site-packages/airflow/example_dags/example_display_name.py for tasks to queue
[2025-01-27T10:45:00.670+0000] {logging_mixin.py:190} INFO - [2025-01-27T10:45:00.669+0000] {dagbag.py:588} INFO - Filling up the DagBag from /home/airflow/.local/lib/python3.12/site-packages/airflow/example_dags/example_display_name.py
[2025-01-27T10:45:00.691+0000] {processor.py:925} INFO - DAG(s) 'example_display_name' retrieved from /home/airflow/.local/lib/python3.12/site-packages/airflow/example_dags/example_display_name.py
[2025-01-27T10:45:00.796+0000] {logging_mixin.py:190} INFO - [2025-01-27T10:45:00.796+0000] {dag.py:3239} INFO - Sync 1 DAGs
[2025-01-27T10:45:00.891+0000] {logging_mixin.py:190} INFO - [2025-01-27T10:45:00.891+0000] {dag.py:4180} INFO - Setting next_dagrun for example_display_name to None, run_after=None
[2025-01-27T10:45:00.957+0000] {processor.py:208} INFO - Processing /home/airflow/.local/lib/python3.12/site-packages/airflow/example_dags/example_display_name.py took 0.346 seconds
[2025-01-27T10:46:23.076+0000] {processor.py:186} INFO - Started process (PID=257) to work on /home/airflow/.local/lib/python3.12/site-packages/airflow/example_dags/example_display_name.py
[2025-01-27T10:46:23.102+0000] {processor.py:914} INFO - Processing file /home/airflow/.local/lib/python3.12/site-packages/airflow/example_dags/example_display_name.py for tasks to queue
[2025-01-27T10:46:23.130+0000] {logging_mixin.py:190} INFO - [2025-01-27T10:46:23.129+0000] {dagbag.py:588} INFO - Filling up the DagBag from /home/airflow/.local/lib/python3.12/site-packages/airflow/example_dags/example_display_name.py
[2025-01-27T10:46:23.283+0000] {processor.py:925} INFO - DAG(s) 'example_display_name' retrieved from /home/airflow/.local/lib/python3.12/site-packages/airflow/example_dags/example_display_name.py
[2025-01-27T10:46:23.454+0000] {logging_mixin.py:190} INFO - [2025-01-27T10:46:23.453+0000] {dag.py:3239} INFO - Sync 1 DAGs
[2025-01-27T10:46:23.626+0000] {logging_mixin.py:190} INFO - [2025-01-27T10:46:23.625+0000] {dag.py:4180} INFO - Setting next_dagrun for example_display_name to None, run_after=None
[2025-01-27T10:46:23.792+0000] {processor.py:208} INFO - Processing /home/airflow/.local/lib/python3.12/site-packages/airflow/example_dags/example_display_name.py took 0.807 seconds
[2025-01-27T10:46:59.447+0000] {processor.py:186} INFO - Started process (PID=326) to work on /home/airflow/.local/lib/python3.12/site-packages/airflow/example_dags/example_display_name.py
[2025-01-27T10:46:59.455+0000] {processor.py:914} INFO - Processing file /home/airflow/.local/lib/python3.12/site-packages/airflow/example_dags/example_display_name.py for tasks to queue
[2025-01-27T10:46:59.469+0000] {logging_mixin.py:190} INFO - [2025-01-27T10:46:59.468+0000] {dagbag.py:588} INFO - Filling up the DagBag from /home/airflow/.local/lib/python3.12/site-packages/airflow/example_dags/example_display_name.py
[2025-01-27T10:46:59.545+0000] {processor.py:925} INFO - DAG(s) 'example_display_name' retrieved from /home/airflow/.local/lib/python3.12/site-packages/airflow/example_dags/example_display_name.py
[2025-01-27T10:46:59.694+0000] {logging_mixin.py:190} INFO - [2025-01-27T10:46:59.694+0000] {dag.py:3239} INFO - Sync 1 DAGs
[2025-01-27T10:46:59.775+0000] {logging_mixin.py:190} INFO - [2025-01-27T10:46:59.774+0000] {dag.py:4180} INFO - Setting next_dagrun for example_display_name to None, run_after=None
[2025-01-27T10:46:59.843+0000] {processor.py:208} INFO - Processing /home/airflow/.local/lib/python3.12/site-packages/airflow/example_dags/example_display_name.py took 0.493 seconds
[2025-01-27T10:55:04.322+0000] {processor.py:186} INFO - Started process (PID=111) to work on /home/airflow/.local/lib/python3.12/site-packages/airflow/example_dags/example_display_name.py
[2025-01-27T10:55:04.326+0000] {processor.py:914} INFO - Processing file /home/airflow/.local/lib/python3.12/site-packages/airflow/example_dags/example_display_name.py for tasks to queue
[2025-01-27T10:55:04.344+0000] {logging_mixin.py:190} INFO - [2025-01-27T10:55:04.331+0000] {dagbag.py:588} INFO - Filling up the DagBag from /home/airflow/.local/lib/python3.12/site-packages/airflow/example_dags/example_display_name.py
[2025-01-27T10:55:04.387+0000] {processor.py:925} INFO - DAG(s) 'example_display_name' retrieved from /home/airflow/.local/lib/python3.12/site-packages/airflow/example_dags/example_display_name.py
[2025-01-27T10:55:04.484+0000] {logging_mixin.py:190} INFO - [2025-01-27T10:55:04.483+0000] {dag.py:3239} INFO - Sync 1 DAGs
[2025-01-27T10:55:04.537+0000] {logging_mixin.py:190} INFO - [2025-01-27T10:55:04.536+0000] {dag.py:4180} INFO - Setting next_dagrun for example_display_name to None, run_after=None
[2025-01-27T10:55:04.585+0000] {processor.py:208} INFO - Processing /home/airflow/.local/lib/python3.12/site-packages/airflow/example_dags/example_display_name.py took 0.279 seconds
[2025-01-27T10:56:31.978+0000] {processor.py:186} INFO - Started process (PID=183) to work on /home/airflow/.local/lib/python3.12/site-packages/airflow/example_dags/example_display_name.py
[2025-01-27T10:56:31.981+0000] {processor.py:914} INFO - Processing file /home/airflow/.local/lib/python3.12/site-packages/airflow/example_dags/example_display_name.py for tasks to queue
[2025-01-27T10:56:31.986+0000] {logging_mixin.py:190} INFO - [2025-01-27T10:56:31.986+0000] {dagbag.py:588} INFO - Filling up the DagBag from /home/airflow/.local/lib/python3.12/site-packages/airflow/example_dags/example_display_name.py
[2025-01-27T10:56:32.028+0000] {processor.py:925} INFO - DAG(s) 'example_display_name' retrieved from /home/airflow/.local/lib/python3.12/site-packages/airflow/example_dags/example_display_name.py
[2025-01-27T10:56:32.111+0000] {logging_mixin.py:190} INFO - [2025-01-27T10:56:32.110+0000] {dag.py:3239} INFO - Sync 1 DAGs
[2025-01-27T10:56:32.241+0000] {logging_mixin.py:190} INFO - [2025-01-27T10:56:32.240+0000] {dag.py:4180} INFO - Setting next_dagrun for example_display_name to None, run_after=None
[2025-01-27T10:56:32.306+0000] {processor.py:208} INFO - Processing /home/airflow/.local/lib/python3.12/site-packages/airflow/example_dags/example_display_name.py took 0.349 seconds
[2025-01-27T10:57:24.883+0000] {processor.py:186} INFO - Started process (PID=253) to work on /home/airflow/.local/lib/python3.12/site-packages/airflow/example_dags/example_display_name.py
[2025-01-27T10:57:24.887+0000] {processor.py:914} INFO - Processing file /home/airflow/.local/lib/python3.12/site-packages/airflow/example_dags/example_display_name.py for tasks to queue
[2025-01-27T10:57:24.906+0000] {logging_mixin.py:190} INFO - [2025-01-27T10:57:24.905+0000] {dagbag.py:588} INFO - Filling up the DagBag from /home/airflow/.local/lib/python3.12/site-packages/airflow/example_dags/example_display_name.py
[2025-01-27T10:57:24.945+0000] {processor.py:925} INFO - DAG(s) 'example_display_name' retrieved from /home/airflow/.local/lib/python3.12/site-packages/airflow/example_dags/example_display_name.py
[2025-01-27T10:57:25.023+0000] {logging_mixin.py:190} INFO - [2025-01-27T10:57:25.022+0000] {dag.py:3239} INFO - Sync 1 DAGs
[2025-01-27T10:57:25.080+0000] {logging_mixin.py:190} INFO - [2025-01-27T10:57:25.080+0000] {dag.py:4180} INFO - Setting next_dagrun for example_display_name to None, run_after=None
[2025-01-27T10:57:25.162+0000] {processor.py:208} INFO - Processing /home/airflow/.local/lib/python3.12/site-packages/airflow/example_dags/example_display_name.py took 0.297 seconds
[2025-01-27T10:57:57.523+0000] {processor.py:186} INFO - Started process (PID=317) to work on /home/airflow/.local/lib/python3.12/site-packages/airflow/example_dags/example_display_name.py
[2025-01-27T10:57:57.525+0000] {processor.py:914} INFO - Processing file /home/airflow/.local/lib/python3.12/site-packages/airflow/example_dags/example_display_name.py for tasks to queue
[2025-01-27T10:57:57.530+0000] {logging_mixin.py:190} INFO - [2025-01-27T10:57:57.529+0000] {dagbag.py:588} INFO - Filling up the DagBag from /home/airflow/.local/lib/python3.12/site-packages/airflow/example_dags/example_display_name.py
[2025-01-27T10:57:57.543+0000] {processor.py:925} INFO - DAG(s) 'example_display_name' retrieved from /home/airflow/.local/lib/python3.12/site-packages/airflow/example_dags/example_display_name.py
[2025-01-27T10:57:57.582+0000] {logging_mixin.py:190} INFO - [2025-01-27T10:57:57.582+0000] {dag.py:3239} INFO - Sync 1 DAGs
[2025-01-27T10:57:57.623+0000] {logging_mixin.py:190} INFO - [2025-01-27T10:57:57.622+0000] {dag.py:4180} INFO - Setting next_dagrun for example_display_name to None, run_after=None
[2025-01-27T10:57:57.678+0000] {processor.py:208} INFO - Processing /home/airflow/.local/lib/python3.12/site-packages/airflow/example_dags/example_display_name.py took 0.167 seconds
[2025-01-27T10:58:44.980+0000] {processor.py:186} INFO - Started process (PID=365) to work on /home/airflow/.local/lib/python3.12/site-packages/airflow/example_dags/example_display_name.py
[2025-01-27T10:58:44.983+0000] {processor.py:914} INFO - Processing file /home/airflow/.local/lib/python3.12/site-packages/airflow/example_dags/example_display_name.py for tasks to queue
[2025-01-27T10:58:44.987+0000] {logging_mixin.py:190} INFO - [2025-01-27T10:58:44.987+0000] {dagbag.py:588} INFO - Filling up the DagBag from /home/airflow/.local/lib/python3.12/site-packages/airflow/example_dags/example_display_name.py
[2025-01-27T10:58:45.005+0000] {processor.py:925} INFO - DAG(s) 'example_display_name' retrieved from /home/airflow/.local/lib/python3.12/site-packages/airflow/example_dags/example_display_name.py
[2025-01-27T10:58:45.086+0000] {logging_mixin.py:190} INFO - [2025-01-27T10:58:45.086+0000] {dag.py:3239} INFO - Sync 1 DAGs
[2025-01-27T10:58:45.192+0000] {logging_mixin.py:190} INFO - [2025-01-27T10:58:45.191+0000] {dag.py:4180} INFO - Setting next_dagrun for example_display_name to None, run_after=None
[2025-01-27T10:58:45.308+0000] {processor.py:208} INFO - Processing /home/airflow/.local/lib/python3.12/site-packages/airflow/example_dags/example_display_name.py took 0.342 seconds
[2025-01-27T10:59:16.554+0000] {processor.py:186} INFO - Started process (PID=430) to work on /home/airflow/.local/lib/python3.12/site-packages/airflow/example_dags/example_display_name.py
[2025-01-27T10:59:16.556+0000] {processor.py:914} INFO - Processing file /home/airflow/.local/lib/python3.12/site-packages/airflow/example_dags/example_display_name.py for tasks to queue
[2025-01-27T10:59:16.562+0000] {logging_mixin.py:190} INFO - [2025-01-27T10:59:16.562+0000] {dagbag.py:588} INFO - Filling up the DagBag from /home/airflow/.local/lib/python3.12/site-packages/airflow/example_dags/example_display_name.py
[2025-01-27T10:59:16.581+0000] {processor.py:925} INFO - DAG(s) 'example_display_name' retrieved from /home/airflow/.local/lib/python3.12/site-packages/airflow/example_dags/example_display_name.py
[2025-01-27T10:59:16.657+0000] {logging_mixin.py:190} INFO - [2025-01-27T10:59:16.657+0000] {dag.py:3239} INFO - Sync 1 DAGs
[2025-01-27T10:59:16.751+0000] {logging_mixin.py:190} INFO - [2025-01-27T10:59:16.751+0000] {dag.py:4180} INFO - Setting next_dagrun for example_display_name to None, run_after=None
[2025-01-27T10:59:16.895+0000] {processor.py:208} INFO - Processing /home/airflow/.local/lib/python3.12/site-packages/airflow/example_dags/example_display_name.py took 0.353 seconds
[2025-01-27T10:59:48.139+0000] {processor.py:186} INFO - Started process (PID=493) to work on /home/airflow/.local/lib/python3.12/site-packages/airflow/example_dags/example_display_name.py
[2025-01-27T10:59:48.141+0000] {processor.py:914} INFO - Processing file /home/airflow/.local/lib/python3.12/site-packages/airflow/example_dags/example_display_name.py for tasks to queue
[2025-01-27T10:59:48.145+0000] {logging_mixin.py:190} INFO - [2025-01-27T10:59:48.145+0000] {dagbag.py:588} INFO - Filling up the DagBag from /home/airflow/.local/lib/python3.12/site-packages/airflow/example_dags/example_display_name.py
[2025-01-27T10:59:48.160+0000] {processor.py:925} INFO - DAG(s) 'example_display_name' retrieved from /home/airflow/.local/lib/python3.12/site-packages/airflow/example_dags/example_display_name.py
[2025-01-27T10:59:48.193+0000] {logging_mixin.py:190} INFO - [2025-01-27T10:59:48.192+0000] {dag.py:3239} INFO - Sync 1 DAGs
[2025-01-27T10:59:48.218+0000] {logging_mixin.py:190} INFO - [2025-01-27T10:59:48.218+0000] {dag.py:4180} INFO - Setting next_dagrun for example_display_name to None, run_after=None
[2025-01-27T10:59:48.258+0000] {processor.py:208} INFO - Processing /home/airflow/.local/lib/python3.12/site-packages/airflow/example_dags/example_display_name.py took 0.129 seconds
[2025-01-27T11:00:19.354+0000] {processor.py:186} INFO - Started process (PID=556) to work on /home/airflow/.local/lib/python3.12/site-packages/airflow/example_dags/example_display_name.py
[2025-01-27T11:00:19.358+0000] {processor.py:914} INFO - Processing file /home/airflow/.local/lib/python3.12/site-packages/airflow/example_dags/example_display_name.py for tasks to queue
[2025-01-27T11:00:19.374+0000] {logging_mixin.py:190} INFO - [2025-01-27T11:00:19.374+0000] {dagbag.py:588} INFO - Filling up the DagBag from /home/airflow/.local/lib/python3.12/site-packages/airflow/example_dags/example_display_name.py
[2025-01-27T11:00:19.427+0000] {processor.py:925} INFO - DAG(s) 'example_display_name' retrieved from /home/airflow/.local/lib/python3.12/site-packages/airflow/example_dags/example_display_name.py
[2025-01-27T11:00:19.494+0000] {logging_mixin.py:190} INFO - [2025-01-27T11:00:19.494+0000] {dag.py:3239} INFO - Sync 1 DAGs
[2025-01-27T11:00:19.530+0000] {logging_mixin.py:190} INFO - [2025-01-27T11:00:19.530+0000] {dag.py:4180} INFO - Setting next_dagrun for example_display_name to None, run_after=None
[2025-01-27T11:00:19.574+0000] {processor.py:208} INFO - Processing /home/airflow/.local/lib/python3.12/site-packages/airflow/example_dags/example_display_name.py took 0.243 seconds
[2025-01-27T11:00:53.435+0000] {processor.py:186} INFO - Started process (PID=615) to work on /home/airflow/.local/lib/python3.12/site-packages/airflow/example_dags/example_display_name.py
[2025-01-27T11:00:53.437+0000] {processor.py:914} INFO - Processing file /home/airflow/.local/lib/python3.12/site-packages/airflow/example_dags/example_display_name.py for tasks to queue
[2025-01-27T11:00:53.442+0000] {logging_mixin.py:190} INFO - [2025-01-27T11:00:53.441+0000] {dagbag.py:588} INFO - Filling up the DagBag from /home/airflow/.local/lib/python3.12/site-packages/airflow/example_dags/example_display_name.py
[2025-01-27T11:00:53.457+0000] {processor.py:925} INFO - DAG(s) 'example_display_name' retrieved from /home/airflow/.local/lib/python3.12/site-packages/airflow/example_dags/example_display_name.py
[2025-01-27T11:00:53.491+0000] {logging_mixin.py:190} INFO - [2025-01-27T11:00:53.491+0000] {dag.py:3239} INFO - Sync 1 DAGs
[2025-01-27T11:00:53.518+0000] {logging_mixin.py:190} INFO - [2025-01-27T11:00:53.518+0000] {dag.py:4180} INFO - Setting next_dagrun for example_display_name to None, run_after=None
[2025-01-27T11:00:53.558+0000] {processor.py:208} INFO - Processing /home/airflow/.local/lib/python3.12/site-packages/airflow/example_dags/example_display_name.py took 0.134 seconds
[2025-01-27T11:01:24.077+0000] {processor.py:186} INFO - Started process (PID=680) to work on /home/airflow/.local/lib/python3.12/site-packages/airflow/example_dags/example_display_name.py
[2025-01-27T11:01:24.080+0000] {processor.py:914} INFO - Processing file /home/airflow/.local/lib/python3.12/site-packages/airflow/example_dags/example_display_name.py for tasks to queue
[2025-01-27T11:01:24.084+0000] {logging_mixin.py:190} INFO - [2025-01-27T11:01:24.083+0000] {dagbag.py:588} INFO - Filling up the DagBag from /home/airflow/.local/lib/python3.12/site-packages/airflow/example_dags/example_display_name.py
[2025-01-27T11:01:24.100+0000] {processor.py:925} INFO - DAG(s) 'example_display_name' retrieved from /home/airflow/.local/lib/python3.12/site-packages/airflow/example_dags/example_display_name.py
[2025-01-27T11:01:24.147+0000] {logging_mixin.py:190} INFO - [2025-01-27T11:01:24.146+0000] {dag.py:3239} INFO - Sync 1 DAGs
[2025-01-27T11:01:24.195+0000] {logging_mixin.py:190} INFO - [2025-01-27T11:01:24.195+0000] {dag.py:4180} INFO - Setting next_dagrun for example_display_name to None, run_after=None
[2025-01-27T11:01:24.249+0000] {processor.py:208} INFO - Processing /home/airflow/.local/lib/python3.12/site-packages/airflow/example_dags/example_display_name.py took 0.187 seconds
[2025-01-27T11:01:55.349+0000] {processor.py:186} INFO - Started process (PID=744) to work on /home/airflow/.local/lib/python3.12/site-packages/airflow/example_dags/example_display_name.py
[2025-01-27T11:01:55.353+0000] {processor.py:914} INFO - Processing file /home/airflow/.local/lib/python3.12/site-packages/airflow/example_dags/example_display_name.py for tasks to queue
[2025-01-27T11:01:55.360+0000] {logging_mixin.py:190} INFO - [2025-01-27T11:01:55.359+0000] {dagbag.py:588} INFO - Filling up the DagBag from /home/airflow/.local/lib/python3.12/site-packages/airflow/example_dags/example_display_name.py
[2025-01-27T11:01:55.385+0000] {processor.py:925} INFO - DAG(s) 'example_display_name' retrieved from /home/airflow/.local/lib/python3.12/site-packages/airflow/example_dags/example_display_name.py
[2025-01-27T11:01:55.431+0000] {logging_mixin.py:190} INFO - [2025-01-27T11:01:55.431+0000] {dag.py:3239} INFO - Sync 1 DAGs
[2025-01-27T11:01:55.465+0000] {logging_mixin.py:190} INFO - [2025-01-27T11:01:55.464+0000] {dag.py:4180} INFO - Setting next_dagrun for example_display_name to None, run_after=None
[2025-01-27T11:01:55.503+0000] {processor.py:208} INFO - Processing /home/airflow/.local/lib/python3.12/site-packages/airflow/example_dags/example_display_name.py took 0.169 seconds
[2025-01-27T11:02:25.630+0000] {processor.py:186} INFO - Started process (PID=808) to work on /home/airflow/.local/lib/python3.12/site-packages/airflow/example_dags/example_display_name.py
[2025-01-27T11:02:25.632+0000] {processor.py:914} INFO - Processing file /home/airflow/.local/lib/python3.12/site-packages/airflow/example_dags/example_display_name.py for tasks to queue
[2025-01-27T11:02:25.637+0000] {logging_mixin.py:190} INFO - [2025-01-27T11:02:25.636+0000] {dagbag.py:588} INFO - Filling up the DagBag from /home/airflow/.local/lib/python3.12/site-packages/airflow/example_dags/example_display_name.py
[2025-01-27T11:02:25.651+0000] {processor.py:925} INFO - DAG(s) 'example_display_name' retrieved from /home/airflow/.local/lib/python3.12/site-packages/airflow/example_dags/example_display_name.py
[2025-01-27T11:02:25.697+0000] {logging_mixin.py:190} INFO - [2025-01-27T11:02:25.697+0000] {dag.py:3239} INFO - Sync 1 DAGs
[2025-01-27T11:02:25.733+0000] {logging_mixin.py:190} INFO - [2025-01-27T11:02:25.732+0000] {dag.py:4180} INFO - Setting next_dagrun for example_display_name to None, run_after=None
[2025-01-27T11:02:25.796+0000] {processor.py:208} INFO - Processing /home/airflow/.local/lib/python3.12/site-packages/airflow/example_dags/example_display_name.py took 0.177 seconds
[2025-01-27T11:02:56.332+0000] {processor.py:186} INFO - Started process (PID=871) to work on /home/airflow/.local/lib/python3.12/site-packages/airflow/example_dags/example_display_name.py
[2025-01-27T11:02:56.334+0000] {processor.py:914} INFO - Processing file /home/airflow/.local/lib/python3.12/site-packages/airflow/example_dags/example_display_name.py for tasks to queue
[2025-01-27T11:02:56.337+0000] {logging_mixin.py:190} INFO - [2025-01-27T11:02:56.337+0000] {dagbag.py:588} INFO - Filling up the DagBag from /home/airflow/.local/lib/python3.12/site-packages/airflow/example_dags/example_display_name.py
[2025-01-27T11:02:56.349+0000] {processor.py:925} INFO - DAG(s) 'example_display_name' retrieved from /home/airflow/.local/lib/python3.12/site-packages/airflow/example_dags/example_display_name.py
[2025-01-27T11:02:56.388+0000] {logging_mixin.py:190} INFO - [2025-01-27T11:02:56.388+0000] {dag.py:3239} INFO - Sync 1 DAGs
[2025-01-27T11:02:56.423+0000] {logging_mixin.py:190} INFO - [2025-01-27T11:02:56.423+0000] {dag.py:4180} INFO - Setting next_dagrun for example_display_name to None, run_after=None
[2025-01-27T11:02:56.457+0000] {processor.py:208} INFO - Processing /home/airflow/.local/lib/python3.12/site-packages/airflow/example_dags/example_display_name.py took 0.134 seconds
[2025-01-27T11:03:28.564+0000] {processor.py:186} INFO - Started process (PID=933) to work on /home/airflow/.local/lib/python3.12/site-packages/airflow/example_dags/example_display_name.py
[2025-01-27T11:03:28.567+0000] {processor.py:914} INFO - Processing file /home/airflow/.local/lib/python3.12/site-packages/airflow/example_dags/example_display_name.py for tasks to queue
[2025-01-27T11:03:28.574+0000] {logging_mixin.py:190} INFO - [2025-01-27T11:03:28.573+0000] {dagbag.py:588} INFO - Filling up the DagBag from /home/airflow/.local/lib/python3.12/site-packages/airflow/example_dags/example_display_name.py
[2025-01-27T11:03:28.601+0000] {processor.py:925} INFO - DAG(s) 'example_display_name' retrieved from /home/airflow/.local/lib/python3.12/site-packages/airflow/example_dags/example_display_name.py
[2025-01-27T11:03:28.656+0000] {logging_mixin.py:190} INFO - [2025-01-27T11:03:28.656+0000] {dag.py:3239} INFO - Sync 1 DAGs
[2025-01-27T11:03:28.707+0000] {logging_mixin.py:190} INFO - [2025-01-27T11:03:28.707+0000] {dag.py:4180} INFO - Setting next_dagrun for example_display_name to None, run_after=None
[2025-01-27T11:03:28.809+0000] {processor.py:208} INFO - Processing /home/airflow/.local/lib/python3.12/site-packages/airflow/example_dags/example_display_name.py took 0.269 seconds
[2025-01-27T11:04:02.821+0000] {processor.py:186} INFO - Started process (PID=997) to work on /home/airflow/.local/lib/python3.12/site-packages/airflow/example_dags/example_display_name.py
[2025-01-27T11:04:02.823+0000] {processor.py:914} INFO - Processing file /home/airflow/.local/lib/python3.12/site-packages/airflow/example_dags/example_display_name.py for tasks to queue
[2025-01-27T11:04:02.830+0000] {logging_mixin.py:190} INFO - [2025-01-27T11:04:02.829+0000] {dagbag.py:588} INFO - Filling up the DagBag from /home/airflow/.local/lib/python3.12/site-packages/airflow/example_dags/example_display_name.py
[2025-01-27T11:04:02.931+0000] {processor.py:925} INFO - DAG(s) 'example_display_name' retrieved from /home/airflow/.local/lib/python3.12/site-packages/airflow/example_dags/example_display_name.py
[2025-01-27T11:04:03.047+0000] {logging_mixin.py:190} INFO - [2025-01-27T11:04:03.046+0000] {dag.py:3239} INFO - Sync 1 DAGs
[2025-01-27T11:04:03.089+0000] {logging_mixin.py:190} INFO - [2025-01-27T11:04:03.089+0000] {dag.py:4180} INFO - Setting next_dagrun for example_display_name to None, run_after=None
[2025-01-27T11:04:03.131+0000] {processor.py:208} INFO - Processing /home/airflow/.local/lib/python3.12/site-packages/airflow/example_dags/example_display_name.py took 0.326 seconds
[2025-01-27T11:05:01.021+0000] {processor.py:186} INFO - Started process (PID=1064) to work on /home/airflow/.local/lib/python3.12/site-packages/airflow/example_dags/example_display_name.py
[2025-01-27T11:05:01.032+0000] {processor.py:914} INFO - Processing file /home/airflow/.local/lib/python3.12/site-packages/airflow/example_dags/example_display_name.py for tasks to queue
[2025-01-27T11:05:01.141+0000] {logging_mixin.py:190} INFO - [2025-01-27T11:05:01.141+0000] {dagbag.py:588} INFO - Filling up the DagBag from /home/airflow/.local/lib/python3.12/site-packages/airflow/example_dags/example_display_name.py
[2025-01-27T11:05:01.506+0000] {processor.py:925} INFO - DAG(s) 'example_display_name' retrieved from /home/airflow/.local/lib/python3.12/site-packages/airflow/example_dags/example_display_name.py
[2025-01-27T11:05:01.860+0000] {logging_mixin.py:190} INFO - [2025-01-27T11:05:01.859+0000] {dag.py:3239} INFO - Sync 1 DAGs
[2025-01-27T11:05:02.120+0000] {logging_mixin.py:190} INFO - [2025-01-27T11:05:02.120+0000] {dag.py:4180} INFO - Setting next_dagrun for example_display_name to None, run_after=None
[2025-01-27T11:05:02.468+0000] {processor.py:208} INFO - Processing /home/airflow/.local/lib/python3.12/site-packages/airflow/example_dags/example_display_name.py took 1.542 seconds
[2025-01-27T11:14:55.232+0000] {processor.py:186} INFO - Started process (PID=1129) to work on /home/airflow/.local/lib/python3.12/site-packages/airflow/example_dags/example_display_name.py
[2025-01-27T11:14:55.237+0000] {processor.py:914} INFO - Processing file /home/airflow/.local/lib/python3.12/site-packages/airflow/example_dags/example_display_name.py for tasks to queue
[2025-01-27T11:14:55.243+0000] {logging_mixin.py:190} INFO - [2025-01-27T11:14:55.241+0000] {dagbag.py:588} INFO - Filling up the DagBag from /home/airflow/.local/lib/python3.12/site-packages/airflow/example_dags/example_display_name.py
[2025-01-27T11:14:55.272+0000] {processor.py:925} INFO - DAG(s) 'example_display_name' retrieved from /home/airflow/.local/lib/python3.12/site-packages/airflow/example_dags/example_display_name.py
[2025-01-27T11:14:55.344+0000] {logging_mixin.py:190} INFO - [2025-01-27T11:14:55.342+0000] {dag.py:3239} INFO - Sync 1 DAGs
[2025-01-27T11:14:55.411+0000] {logging_mixin.py:190} INFO - [2025-01-27T11:14:55.410+0000] {dag.py:4180} INFO - Setting next_dagrun for example_display_name to None, run_after=None
[2025-01-27T11:14:55.478+0000] {processor.py:208} INFO - Processing /home/airflow/.local/lib/python3.12/site-packages/airflow/example_dags/example_display_name.py took 0.261 seconds
[2025-01-27T11:15:26.080+0000] {processor.py:186} INFO - Started process (PID=1193) to work on /home/airflow/.local/lib/python3.12/site-packages/airflow/example_dags/example_display_name.py
[2025-01-27T11:15:26.084+0000] {processor.py:914} INFO - Processing file /home/airflow/.local/lib/python3.12/site-packages/airflow/example_dags/example_display_name.py for tasks to queue
[2025-01-27T11:15:26.088+0000] {logging_mixin.py:190} INFO - [2025-01-27T11:15:26.087+0000] {dagbag.py:588} INFO - Filling up the DagBag from /home/airflow/.local/lib/python3.12/site-packages/airflow/example_dags/example_display_name.py
[2025-01-27T11:15:26.108+0000] {processor.py:925} INFO - DAG(s) 'example_display_name' retrieved from /home/airflow/.local/lib/python3.12/site-packages/airflow/example_dags/example_display_name.py
[2025-01-27T11:15:26.148+0000] {logging_mixin.py:190} INFO - [2025-01-27T11:15:26.148+0000] {dag.py:3239} INFO - Sync 1 DAGs
[2025-01-27T11:15:26.184+0000] {logging_mixin.py:190} INFO - [2025-01-27T11:15:26.184+0000] {dag.py:4180} INFO - Setting next_dagrun for example_display_name to None, run_after=None
[2025-01-27T11:15:26.248+0000] {processor.py:208} INFO - Processing /home/airflow/.local/lib/python3.12/site-packages/airflow/example_dags/example_display_name.py took 0.207 seconds
[2025-01-27T11:15:56.941+0000] {processor.py:186} INFO - Started process (PID=1257) to work on /home/airflow/.local/lib/python3.12/site-packages/airflow/example_dags/example_display_name.py
[2025-01-27T11:15:56.943+0000] {processor.py:914} INFO - Processing file /home/airflow/.local/lib/python3.12/site-packages/airflow/example_dags/example_display_name.py for tasks to queue
[2025-01-27T11:15:56.951+0000] {logging_mixin.py:190} INFO - [2025-01-27T11:15:56.948+0000] {dagbag.py:588} INFO - Filling up the DagBag from /home/airflow/.local/lib/python3.12/site-packages/airflow/example_dags/example_display_name.py
[2025-01-27T11:15:56.994+0000] {processor.py:925} INFO - DAG(s) 'example_display_name' retrieved from /home/airflow/.local/lib/python3.12/site-packages/airflow/example_dags/example_display_name.py
[2025-01-27T11:15:57.063+0000] {logging_mixin.py:190} INFO - [2025-01-27T11:15:57.059+0000] {dag.py:3239} INFO - Sync 1 DAGs
[2025-01-27T11:15:57.100+0000] {logging_mixin.py:190} INFO - [2025-01-27T11:15:57.100+0000] {dag.py:4180} INFO - Setting next_dagrun for example_display_name to None, run_after=None
[2025-01-27T11:15:57.147+0000] {processor.py:208} INFO - Processing /home/airflow/.local/lib/python3.12/site-packages/airflow/example_dags/example_display_name.py took 0.225 seconds
[2025-01-27T11:18:23.190+0000] {processor.py:186} INFO - Started process (PID=1331) to work on /home/airflow/.local/lib/python3.12/site-packages/airflow/example_dags/example_display_name.py
[2025-01-27T11:18:23.192+0000] {processor.py:914} INFO - Processing file /home/airflow/.local/lib/python3.12/site-packages/airflow/example_dags/example_display_name.py for tasks to queue
[2025-01-27T11:18:23.200+0000] {logging_mixin.py:190} INFO - [2025-01-27T11:18:23.199+0000] {dagbag.py:588} INFO - Filling up the DagBag from /home/airflow/.local/lib/python3.12/site-packages/airflow/example_dags/example_display_name.py
[2025-01-27T11:18:23.225+0000] {processor.py:925} INFO - DAG(s) 'example_display_name' retrieved from /home/airflow/.local/lib/python3.12/site-packages/airflow/example_dags/example_display_name.py
[2025-01-27T11:18:23.428+0000] {logging_mixin.py:190} INFO - [2025-01-27T11:18:23.427+0000] {dag.py:3239} INFO - Sync 1 DAGs
[2025-01-27T11:18:23.537+0000] {logging_mixin.py:190} INFO - [2025-01-27T11:18:23.536+0000] {dag.py:4180} INFO - Setting next_dagrun for example_display_name to None, run_after=None
[2025-01-27T11:18:23.694+0000] {processor.py:208} INFO - Processing /home/airflow/.local/lib/python3.12/site-packages/airflow/example_dags/example_display_name.py took 0.529 seconds
[2025-01-27T11:19:20.961+0000] {processor.py:186} INFO - Started process (PID=1402) to work on /home/airflow/.local/lib/python3.12/site-packages/airflow/example_dags/example_display_name.py
[2025-01-27T11:19:20.965+0000] {processor.py:914} INFO - Processing file /home/airflow/.local/lib/python3.12/site-packages/airflow/example_dags/example_display_name.py for tasks to queue
[2025-01-27T11:19:20.977+0000] {logging_mixin.py:190} INFO - [2025-01-27T11:19:20.968+0000] {dagbag.py:588} INFO - Filling up the DagBag from /home/airflow/.local/lib/python3.12/site-packages/airflow/example_dags/example_display_name.py
[2025-01-27T11:19:21.003+0000] {processor.py:925} INFO - DAG(s) 'example_display_name' retrieved from /home/airflow/.local/lib/python3.12/site-packages/airflow/example_dags/example_display_name.py
[2025-01-27T11:19:21.096+0000] {logging_mixin.py:190} INFO - [2025-01-27T11:19:21.095+0000] {dag.py:3239} INFO - Sync 1 DAGs
[2025-01-27T11:19:21.156+0000] {logging_mixin.py:190} INFO - [2025-01-27T11:19:21.156+0000] {dag.py:4180} INFO - Setting next_dagrun for example_display_name to None, run_after=None
[2025-01-27T11:19:21.302+0000] {processor.py:208} INFO - Processing /home/airflow/.local/lib/python3.12/site-packages/airflow/example_dags/example_display_name.py took 0.360 seconds
[2025-01-27T11:19:52.694+0000] {processor.py:186} INFO - Started process (PID=1466) to work on /home/airflow/.local/lib/python3.12/site-packages/airflow/example_dags/example_display_name.py
[2025-01-27T11:19:52.697+0000] {processor.py:914} INFO - Processing file /home/airflow/.local/lib/python3.12/site-packages/airflow/example_dags/example_display_name.py for tasks to queue
[2025-01-27T11:19:52.704+0000] {logging_mixin.py:190} INFO - [2025-01-27T11:19:52.703+0000] {dagbag.py:588} INFO - Filling up the DagBag from /home/airflow/.local/lib/python3.12/site-packages/airflow/example_dags/example_display_name.py
[2025-01-27T11:19:52.742+0000] {processor.py:925} INFO - DAG(s) 'example_display_name' retrieved from /home/airflow/.local/lib/python3.12/site-packages/airflow/example_dags/example_display_name.py
[2025-01-27T11:19:52.793+0000] {logging_mixin.py:190} INFO - [2025-01-27T11:19:52.793+0000] {dag.py:3239} INFO - Sync 1 DAGs
[2025-01-27T11:19:52.890+0000] {logging_mixin.py:190} INFO - [2025-01-27T11:19:52.889+0000] {dag.py:4180} INFO - Setting next_dagrun for example_display_name to None, run_after=None
[2025-01-27T11:19:53.041+0000] {processor.py:208} INFO - Processing /home/airflow/.local/lib/python3.12/site-packages/airflow/example_dags/example_display_name.py took 0.378 seconds
[2025-01-27T11:22:02.279+0000] {processor.py:186} INFO - Started process (PID=1528) to work on /home/airflow/.local/lib/python3.12/site-packages/airflow/example_dags/example_display_name.py
[2025-01-27T11:22:02.309+0000] {processor.py:914} INFO - Processing file /home/airflow/.local/lib/python3.12/site-packages/airflow/example_dags/example_display_name.py for tasks to queue
[2025-01-27T11:22:02.318+0000] {logging_mixin.py:190} INFO - [2025-01-27T11:22:02.312+0000] {dagbag.py:588} INFO - Filling up the DagBag from /home/airflow/.local/lib/python3.12/site-packages/airflow/example_dags/example_display_name.py
[2025-01-27T11:22:03.433+0000] {processor.py:925} INFO - DAG(s) 'example_display_name' retrieved from /home/airflow/.local/lib/python3.12/site-packages/airflow/example_dags/example_display_name.py
[2025-01-27T11:22:06.921+0000] {logging_mixin.py:190} INFO - [2025-01-27T11:22:06.920+0000] {dag.py:3239} INFO - Sync 1 DAGs
[2025-01-27T11:22:07.208+0000] {logging_mixin.py:190} INFO - [2025-01-27T11:22:07.208+0000] {dag.py:4180} INFO - Setting next_dagrun for example_display_name to None, run_after=None
[2025-01-27T11:22:07.445+0000] {processor.py:208} INFO - Processing /home/airflow/.local/lib/python3.12/site-packages/airflow/example_dags/example_display_name.py took 5.336 seconds
[2025-01-27T11:37:09.024+0000] {processor.py:186} INFO - Started process (PID=171) to work on /home/airflow/.local/lib/python3.12/site-packages/airflow/example_dags/example_display_name.py
[2025-01-27T11:37:09.030+0000] {processor.py:914} INFO - Processing file /home/airflow/.local/lib/python3.12/site-packages/airflow/example_dags/example_display_name.py for tasks to queue
[2025-01-27T11:37:09.155+0000] {logging_mixin.py:190} INFO - [2025-01-27T11:37:09.150+0000] {dagbag.py:588} INFO - Filling up the DagBag from /home/airflow/.local/lib/python3.12/site-packages/airflow/example_dags/example_display_name.py
[2025-01-27T11:37:09.494+0000] {processor.py:925} INFO - DAG(s) 'example_display_name' retrieved from /home/airflow/.local/lib/python3.12/site-packages/airflow/example_dags/example_display_name.py
[2025-01-27T11:37:09.831+0000] {logging_mixin.py:190} INFO - [2025-01-27T11:37:09.831+0000] {dag.py:3239} INFO - Sync 1 DAGs
[2025-01-27T11:37:10.365+0000] {logging_mixin.py:190} INFO - [2025-01-27T11:37:10.347+0000] {dag.py:4180} INFO - Setting next_dagrun for example_display_name to None, run_after=None
[2025-01-27T11:37:10.787+0000] {processor.py:208} INFO - Processing /home/airflow/.local/lib/python3.12/site-packages/airflow/example_dags/example_display_name.py took 1.831 seconds
[2025-01-27T11:38:10.645+0000] {processor.py:186} INFO - Started process (PID=240) to work on /home/airflow/.local/lib/python3.12/site-packages/airflow/example_dags/example_display_name.py
[2025-01-27T11:38:10.648+0000] {processor.py:914} INFO - Processing file /home/airflow/.local/lib/python3.12/site-packages/airflow/example_dags/example_display_name.py for tasks to queue
[2025-01-27T11:38:10.653+0000] {logging_mixin.py:190} INFO - [2025-01-27T11:38:10.652+0000] {dagbag.py:588} INFO - Filling up the DagBag from /home/airflow/.local/lib/python3.12/site-packages/airflow/example_dags/example_display_name.py
[2025-01-27T11:38:10.673+0000] {processor.py:925} INFO - DAG(s) 'example_display_name' retrieved from /home/airflow/.local/lib/python3.12/site-packages/airflow/example_dags/example_display_name.py
[2025-01-27T11:38:10.738+0000] {logging_mixin.py:190} INFO - [2025-01-27T11:38:10.737+0000] {dag.py:3239} INFO - Sync 1 DAGs
[2025-01-27T11:38:10.779+0000] {logging_mixin.py:190} INFO - [2025-01-27T11:38:10.778+0000] {dag.py:4180} INFO - Setting next_dagrun for example_display_name to None, run_after=None
[2025-01-27T11:38:10.826+0000] {processor.py:208} INFO - Processing /home/airflow/.local/lib/python3.12/site-packages/airflow/example_dags/example_display_name.py took 0.197 seconds
[2025-01-27T11:38:50.194+0000] {processor.py:186} INFO - Started process (PID=305) to work on /home/airflow/.local/lib/python3.12/site-packages/airflow/example_dags/example_display_name.py
[2025-01-27T11:38:50.198+0000] {processor.py:914} INFO - Processing file /home/airflow/.local/lib/python3.12/site-packages/airflow/example_dags/example_display_name.py for tasks to queue
[2025-01-27T11:38:50.205+0000] {logging_mixin.py:190} INFO - [2025-01-27T11:38:50.204+0000] {dagbag.py:588} INFO - Filling up the DagBag from /home/airflow/.local/lib/python3.12/site-packages/airflow/example_dags/example_display_name.py
[2025-01-27T11:38:50.222+0000] {processor.py:925} INFO - DAG(s) 'example_display_name' retrieved from /home/airflow/.local/lib/python3.12/site-packages/airflow/example_dags/example_display_name.py
[2025-01-27T11:38:50.284+0000] {logging_mixin.py:190} INFO - [2025-01-27T11:38:50.283+0000] {dag.py:3239} INFO - Sync 1 DAGs
[2025-01-27T11:38:50.345+0000] {logging_mixin.py:190} INFO - [2025-01-27T11:38:50.343+0000] {dag.py:4180} INFO - Setting next_dagrun for example_display_name to None, run_after=None
[2025-01-27T11:38:50.416+0000] {processor.py:208} INFO - Processing /home/airflow/.local/lib/python3.12/site-packages/airflow/example_dags/example_display_name.py took 0.246 seconds
[2025-01-27T11:39:22.809+0000] {processor.py:186} INFO - Started process (PID=370) to work on /home/airflow/.local/lib/python3.12/site-packages/airflow/example_dags/example_display_name.py
[2025-01-27T11:39:22.811+0000] {processor.py:914} INFO - Processing file /home/airflow/.local/lib/python3.12/site-packages/airflow/example_dags/example_display_name.py for tasks to queue
[2025-01-27T11:39:22.818+0000] {logging_mixin.py:190} INFO - [2025-01-27T11:39:22.817+0000] {dagbag.py:588} INFO - Filling up the DagBag from /home/airflow/.local/lib/python3.12/site-packages/airflow/example_dags/example_display_name.py
[2025-01-27T11:39:22.860+0000] {processor.py:925} INFO - DAG(s) 'example_display_name' retrieved from /home/airflow/.local/lib/python3.12/site-packages/airflow/example_dags/example_display_name.py
[2025-01-27T11:39:22.954+0000] {logging_mixin.py:190} INFO - [2025-01-27T11:39:22.953+0000] {dag.py:3239} INFO - Sync 1 DAGs
[2025-01-27T11:39:22.991+0000] {logging_mixin.py:190} INFO - [2025-01-27T11:39:22.991+0000] {dag.py:4180} INFO - Setting next_dagrun for example_display_name to None, run_after=None
[2025-01-27T11:39:23.080+0000] {processor.py:208} INFO - Processing /home/airflow/.local/lib/python3.12/site-packages/airflow/example_dags/example_display_name.py took 0.288 seconds
[2025-01-27T11:39:54.358+0000] {processor.py:186} INFO - Started process (PID=434) to work on /home/airflow/.local/lib/python3.12/site-packages/airflow/example_dags/example_display_name.py
[2025-01-27T11:39:54.361+0000] {processor.py:914} INFO - Processing file /home/airflow/.local/lib/python3.12/site-packages/airflow/example_dags/example_display_name.py for tasks to queue
[2025-01-27T11:39:54.367+0000] {logging_mixin.py:190} INFO - [2025-01-27T11:39:54.366+0000] {dagbag.py:588} INFO - Filling up the DagBag from /home/airflow/.local/lib/python3.12/site-packages/airflow/example_dags/example_display_name.py
[2025-01-27T11:39:54.385+0000] {processor.py:925} INFO - DAG(s) 'example_display_name' retrieved from /home/airflow/.local/lib/python3.12/site-packages/airflow/example_dags/example_display_name.py
[2025-01-27T11:39:54.435+0000] {logging_mixin.py:190} INFO - [2025-01-27T11:39:54.435+0000] {dag.py:3239} INFO - Sync 1 DAGs
[2025-01-27T11:39:54.493+0000] {logging_mixin.py:190} INFO - [2025-01-27T11:39:54.493+0000] {dag.py:4180} INFO - Setting next_dagrun for example_display_name to None, run_after=None
[2025-01-27T11:39:54.557+0000] {processor.py:208} INFO - Processing /home/airflow/.local/lib/python3.12/site-packages/airflow/example_dags/example_display_name.py took 0.216 seconds
[2025-01-27T11:40:25.164+0000] {processor.py:186} INFO - Started process (PID=499) to work on /home/airflow/.local/lib/python3.12/site-packages/airflow/example_dags/example_display_name.py
[2025-01-27T11:40:25.166+0000] {processor.py:914} INFO - Processing file /home/airflow/.local/lib/python3.12/site-packages/airflow/example_dags/example_display_name.py for tasks to queue
[2025-01-27T11:40:25.174+0000] {logging_mixin.py:190} INFO - [2025-01-27T11:40:25.173+0000] {dagbag.py:588} INFO - Filling up the DagBag from /home/airflow/.local/lib/python3.12/site-packages/airflow/example_dags/example_display_name.py
[2025-01-27T11:40:25.198+0000] {processor.py:925} INFO - DAG(s) 'example_display_name' retrieved from /home/airflow/.local/lib/python3.12/site-packages/airflow/example_dags/example_display_name.py
[2025-01-27T11:40:25.250+0000] {logging_mixin.py:190} INFO - [2025-01-27T11:40:25.249+0000] {dag.py:3239} INFO - Sync 1 DAGs
[2025-01-27T11:40:25.279+0000] {logging_mixin.py:190} INFO - [2025-01-27T11:40:25.278+0000] {dag.py:4180} INFO - Setting next_dagrun for example_display_name to None, run_after=None
[2025-01-27T11:40:25.310+0000] {processor.py:208} INFO - Processing /home/airflow/.local/lib/python3.12/site-packages/airflow/example_dags/example_display_name.py took 0.157 seconds
[2025-01-27T11:40:55.664+0000] {processor.py:186} INFO - Started process (PID=564) to work on /home/airflow/.local/lib/python3.12/site-packages/airflow/example_dags/example_display_name.py
[2025-01-27T11:40:55.666+0000] {processor.py:914} INFO - Processing file /home/airflow/.local/lib/python3.12/site-packages/airflow/example_dags/example_display_name.py for tasks to queue
[2025-01-27T11:40:55.671+0000] {logging_mixin.py:190} INFO - [2025-01-27T11:40:55.671+0000] {dagbag.py:588} INFO - Filling up the DagBag from /home/airflow/.local/lib/python3.12/site-packages/airflow/example_dags/example_display_name.py
[2025-01-27T11:40:55.688+0000] {processor.py:925} INFO - DAG(s) 'example_display_name' retrieved from /home/airflow/.local/lib/python3.12/site-packages/airflow/example_dags/example_display_name.py
[2025-01-27T11:40:55.726+0000] {logging_mixin.py:190} INFO - [2025-01-27T11:40:55.724+0000] {dag.py:3239} INFO - Sync 1 DAGs
[2025-01-27T11:40:55.749+0000] {logging_mixin.py:190} INFO - [2025-01-27T11:40:55.749+0000] {dag.py:4180} INFO - Setting next_dagrun for example_display_name to None, run_after=None
[2025-01-27T11:40:55.778+0000] {processor.py:208} INFO - Processing /home/airflow/.local/lib/python3.12/site-packages/airflow/example_dags/example_display_name.py took 0.128 seconds
[2025-01-27T11:41:26.049+0000] {processor.py:186} INFO - Started process (PID=627) to work on /home/airflow/.local/lib/python3.12/site-packages/airflow/example_dags/example_display_name.py
[2025-01-27T11:41:26.051+0000] {processor.py:914} INFO - Processing file /home/airflow/.local/lib/python3.12/site-packages/airflow/example_dags/example_display_name.py for tasks to queue
[2025-01-27T11:41:26.055+0000] {logging_mixin.py:190} INFO - [2025-01-27T11:41:26.054+0000] {dagbag.py:588} INFO - Filling up the DagBag from /home/airflow/.local/lib/python3.12/site-packages/airflow/example_dags/example_display_name.py
[2025-01-27T11:41:26.068+0000] {processor.py:925} INFO - DAG(s) 'example_display_name' retrieved from /home/airflow/.local/lib/python3.12/site-packages/airflow/example_dags/example_display_name.py
[2025-01-27T11:41:26.113+0000] {logging_mixin.py:190} INFO - [2025-01-27T11:41:26.113+0000] {dag.py:3239} INFO - Sync 1 DAGs
[2025-01-27T11:41:26.168+0000] {logging_mixin.py:190} INFO - [2025-01-27T11:41:26.168+0000] {dag.py:4180} INFO - Setting next_dagrun for example_display_name to None, run_after=None
[2025-01-27T11:41:26.226+0000] {processor.py:208} INFO - Processing /home/airflow/.local/lib/python3.12/site-packages/airflow/example_dags/example_display_name.py took 0.188 seconds
[2025-01-27T11:41:56.802+0000] {processor.py:186} INFO - Started process (PID=691) to work on /home/airflow/.local/lib/python3.12/site-packages/airflow/example_dags/example_display_name.py
[2025-01-27T11:41:56.804+0000] {processor.py:914} INFO - Processing file /home/airflow/.local/lib/python3.12/site-packages/airflow/example_dags/example_display_name.py for tasks to queue
[2025-01-27T11:41:56.810+0000] {logging_mixin.py:190} INFO - [2025-01-27T11:41:56.809+0000] {dagbag.py:588} INFO - Filling up the DagBag from /home/airflow/.local/lib/python3.12/site-packages/airflow/example_dags/example_display_name.py
[2025-01-27T11:41:56.830+0000] {processor.py:925} INFO - DAG(s) 'example_display_name' retrieved from /home/airflow/.local/lib/python3.12/site-packages/airflow/example_dags/example_display_name.py
[2025-01-27T11:41:56.879+0000] {logging_mixin.py:190} INFO - [2025-01-27T11:41:56.878+0000] {dag.py:3239} INFO - Sync 1 DAGs
[2025-01-27T11:41:56.914+0000] {logging_mixin.py:190} INFO - [2025-01-27T11:41:56.914+0000] {dag.py:4180} INFO - Setting next_dagrun for example_display_name to None, run_after=None
[2025-01-27T11:41:56.952+0000] {processor.py:208} INFO - Processing /home/airflow/.local/lib/python3.12/site-packages/airflow/example_dags/example_display_name.py took 0.166 seconds
[2025-01-27T11:42:28.526+0000] {processor.py:186} INFO - Started process (PID=755) to work on /home/airflow/.local/lib/python3.12/site-packages/airflow/example_dags/example_display_name.py
[2025-01-27T11:42:28.528+0000] {processor.py:914} INFO - Processing file /home/airflow/.local/lib/python3.12/site-packages/airflow/example_dags/example_display_name.py for tasks to queue
[2025-01-27T11:42:28.532+0000] {logging_mixin.py:190} INFO - [2025-01-27T11:42:28.532+0000] {dagbag.py:588} INFO - Filling up the DagBag from /home/airflow/.local/lib/python3.12/site-packages/airflow/example_dags/example_display_name.py
[2025-01-27T11:42:28.546+0000] {processor.py:925} INFO - DAG(s) 'example_display_name' retrieved from /home/airflow/.local/lib/python3.12/site-packages/airflow/example_dags/example_display_name.py
[2025-01-27T11:42:28.579+0000] {logging_mixin.py:190} INFO - [2025-01-27T11:42:28.579+0000] {dag.py:3239} INFO - Sync 1 DAGs
[2025-01-27T11:42:28.607+0000] {logging_mixin.py:190} INFO - [2025-01-27T11:42:28.606+0000] {dag.py:4180} INFO - Setting next_dagrun for example_display_name to None, run_after=None
[2025-01-27T11:42:28.635+0000] {processor.py:208} INFO - Processing /home/airflow/.local/lib/python3.12/site-packages/airflow/example_dags/example_display_name.py took 0.119 seconds
[2025-01-27T11:43:01.541+0000] {processor.py:186} INFO - Started process (PID=827) to work on /home/airflow/.local/lib/python3.12/site-packages/airflow/example_dags/example_display_name.py
[2025-01-27T11:43:01.543+0000] {processor.py:914} INFO - Processing file /home/airflow/.local/lib/python3.12/site-packages/airflow/example_dags/example_display_name.py for tasks to queue
[2025-01-27T11:43:01.550+0000] {logging_mixin.py:190} INFO - [2025-01-27T11:43:01.549+0000] {dagbag.py:588} INFO - Filling up the DagBag from /home/airflow/.local/lib/python3.12/site-packages/airflow/example_dags/example_display_name.py
[2025-01-27T11:43:01.588+0000] {processor.py:925} INFO - DAG(s) 'example_display_name' retrieved from /home/airflow/.local/lib/python3.12/site-packages/airflow/example_dags/example_display_name.py
[2025-01-27T11:43:01.678+0000] {logging_mixin.py:190} INFO - [2025-01-27T11:43:01.678+0000] {dag.py:3239} INFO - Sync 1 DAGs
[2025-01-27T11:43:01.727+0000] {logging_mixin.py:190} INFO - [2025-01-27T11:43:01.727+0000] {dag.py:4180} INFO - Setting next_dagrun for example_display_name to None, run_after=None
[2025-01-27T11:43:01.782+0000] {processor.py:208} INFO - Processing /home/airflow/.local/lib/python3.12/site-packages/airflow/example_dags/example_display_name.py took 0.261 seconds
[2025-01-27T11:43:39.521+0000] {processor.py:186} INFO - Started process (PID=891) to work on /home/airflow/.local/lib/python3.12/site-packages/airflow/example_dags/example_display_name.py
[2025-01-27T11:43:39.536+0000] {processor.py:914} INFO - Processing file /home/airflow/.local/lib/python3.12/site-packages/airflow/example_dags/example_display_name.py for tasks to queue
[2025-01-27T11:43:39.558+0000] {logging_mixin.py:190} INFO - [2025-01-27T11:43:39.557+0000] {dagbag.py:588} INFO - Filling up the DagBag from /home/airflow/.local/lib/python3.12/site-packages/airflow/example_dags/example_display_name.py
[2025-01-27T11:43:39.640+0000] {processor.py:925} INFO - DAG(s) 'example_display_name' retrieved from /home/airflow/.local/lib/python3.12/site-packages/airflow/example_dags/example_display_name.py
[2025-01-27T11:43:39.788+0000] {logging_mixin.py:190} INFO - [2025-01-27T11:43:39.788+0000] {dag.py:3239} INFO - Sync 1 DAGs
[2025-01-27T11:43:39.955+0000] {logging_mixin.py:190} INFO - [2025-01-27T11:43:39.954+0000] {dag.py:4180} INFO - Setting next_dagrun for example_display_name to None, run_after=None
[2025-01-27T11:43:40.106+0000] {processor.py:208} INFO - Processing /home/airflow/.local/lib/python3.12/site-packages/airflow/example_dags/example_display_name.py took 0.674 seconds
[2025-01-27T11:44:11.041+0000] {processor.py:186} INFO - Started process (PID=955) to work on /home/airflow/.local/lib/python3.12/site-packages/airflow/example_dags/example_display_name.py
[2025-01-27T11:44:11.043+0000] {processor.py:914} INFO - Processing file /home/airflow/.local/lib/python3.12/site-packages/airflow/example_dags/example_display_name.py for tasks to queue
[2025-01-27T11:44:11.047+0000] {logging_mixin.py:190} INFO - [2025-01-27T11:44:11.046+0000] {dagbag.py:588} INFO - Filling up the DagBag from /home/airflow/.local/lib/python3.12/site-packages/airflow/example_dags/example_display_name.py
[2025-01-27T11:44:11.061+0000] {processor.py:925} INFO - DAG(s) 'example_display_name' retrieved from /home/airflow/.local/lib/python3.12/site-packages/airflow/example_dags/example_display_name.py
[2025-01-27T11:44:11.093+0000] {logging_mixin.py:190} INFO - [2025-01-27T11:44:11.093+0000] {dag.py:3239} INFO - Sync 1 DAGs
[2025-01-27T11:44:11.121+0000] {logging_mixin.py:190} INFO - [2025-01-27T11:44:11.120+0000] {dag.py:4180} INFO - Setting next_dagrun for example_display_name to None, run_after=None
[2025-01-27T11:44:11.157+0000] {processor.py:208} INFO - Processing /home/airflow/.local/lib/python3.12/site-packages/airflow/example_dags/example_display_name.py took 0.130 seconds
[2025-01-27T11:44:42.040+0000] {processor.py:186} INFO - Started process (PID=1019) to work on /home/airflow/.local/lib/python3.12/site-packages/airflow/example_dags/example_display_name.py
[2025-01-27T11:44:42.042+0000] {processor.py:914} INFO - Processing file /home/airflow/.local/lib/python3.12/site-packages/airflow/example_dags/example_display_name.py for tasks to queue
[2025-01-27T11:44:42.046+0000] {logging_mixin.py:190} INFO - [2025-01-27T11:44:42.046+0000] {dagbag.py:588} INFO - Filling up the DagBag from /home/airflow/.local/lib/python3.12/site-packages/airflow/example_dags/example_display_name.py
[2025-01-27T11:44:42.061+0000] {processor.py:925} INFO - DAG(s) 'example_display_name' retrieved from /home/airflow/.local/lib/python3.12/site-packages/airflow/example_dags/example_display_name.py
[2025-01-27T11:44:42.096+0000] {logging_mixin.py:190} INFO - [2025-01-27T11:44:42.095+0000] {dag.py:3239} INFO - Sync 1 DAGs
[2025-01-27T11:44:42.118+0000] {logging_mixin.py:190} INFO - [2025-01-27T11:44:42.117+0000] {dag.py:4180} INFO - Setting next_dagrun for example_display_name to None, run_after=None
[2025-01-27T11:44:42.150+0000] {processor.py:208} INFO - Processing /home/airflow/.local/lib/python3.12/site-packages/airflow/example_dags/example_display_name.py took 0.122 seconds
[2025-01-27T11:45:12.673+0000] {processor.py:186} INFO - Started process (PID=1083) to work on /home/airflow/.local/lib/python3.12/site-packages/airflow/example_dags/example_display_name.py
[2025-01-27T11:45:12.675+0000] {processor.py:914} INFO - Processing file /home/airflow/.local/lib/python3.12/site-packages/airflow/example_dags/example_display_name.py for tasks to queue
[2025-01-27T11:45:12.680+0000] {logging_mixin.py:190} INFO - [2025-01-27T11:45:12.680+0000] {dagbag.py:588} INFO - Filling up the DagBag from /home/airflow/.local/lib/python3.12/site-packages/airflow/example_dags/example_display_name.py
[2025-01-27T11:45:12.696+0000] {processor.py:925} INFO - DAG(s) 'example_display_name' retrieved from /home/airflow/.local/lib/python3.12/site-packages/airflow/example_dags/example_display_name.py
[2025-01-27T11:45:12.730+0000] {logging_mixin.py:190} INFO - [2025-01-27T11:45:12.729+0000] {dag.py:3239} INFO - Sync 1 DAGs
[2025-01-27T11:45:12.766+0000] {logging_mixin.py:190} INFO - [2025-01-27T11:45:12.766+0000] {dag.py:4180} INFO - Setting next_dagrun for example_display_name to None, run_after=None
[2025-01-27T11:45:12.800+0000] {processor.py:208} INFO - Processing /home/airflow/.local/lib/python3.12/site-packages/airflow/example_dags/example_display_name.py took 0.140 seconds
[2025-01-27T11:45:43.102+0000] {processor.py:186} INFO - Started process (PID=1147) to work on /home/airflow/.local/lib/python3.12/site-packages/airflow/example_dags/example_display_name.py
[2025-01-27T11:45:43.104+0000] {processor.py:914} INFO - Processing file /home/airflow/.local/lib/python3.12/site-packages/airflow/example_dags/example_display_name.py for tasks to queue
[2025-01-27T11:45:43.108+0000] {logging_mixin.py:190} INFO - [2025-01-27T11:45:43.107+0000] {dagbag.py:588} INFO - Filling up the DagBag from /home/airflow/.local/lib/python3.12/site-packages/airflow/example_dags/example_display_name.py
[2025-01-27T11:45:43.121+0000] {processor.py:925} INFO - DAG(s) 'example_display_name' retrieved from /home/airflow/.local/lib/python3.12/site-packages/airflow/example_dags/example_display_name.py
[2025-01-27T11:45:43.155+0000] {logging_mixin.py:190} INFO - [2025-01-27T11:45:43.155+0000] {dag.py:3239} INFO - Sync 1 DAGs
[2025-01-27T11:45:43.179+0000] {logging_mixin.py:190} INFO - [2025-01-27T11:45:43.178+0000] {dag.py:4180} INFO - Setting next_dagrun for example_display_name to None, run_after=None
[2025-01-27T11:45:43.210+0000] {processor.py:208} INFO - Processing /home/airflow/.local/lib/python3.12/site-packages/airflow/example_dags/example_display_name.py took 0.117 seconds
[2025-01-27T11:46:13.653+0000] {processor.py:186} INFO - Started process (PID=1211) to work on /home/airflow/.local/lib/python3.12/site-packages/airflow/example_dags/example_display_name.py
[2025-01-27T11:46:13.655+0000] {processor.py:914} INFO - Processing file /home/airflow/.local/lib/python3.12/site-packages/airflow/example_dags/example_display_name.py for tasks to queue
[2025-01-27T11:46:13.660+0000] {logging_mixin.py:190} INFO - [2025-01-27T11:46:13.660+0000] {dagbag.py:588} INFO - Filling up the DagBag from /home/airflow/.local/lib/python3.12/site-packages/airflow/example_dags/example_display_name.py
[2025-01-27T11:46:13.675+0000] {processor.py:925} INFO - DAG(s) 'example_display_name' retrieved from /home/airflow/.local/lib/python3.12/site-packages/airflow/example_dags/example_display_name.py
[2025-01-27T11:46:13.711+0000] {logging_mixin.py:190} INFO - [2025-01-27T11:46:13.710+0000] {dag.py:3239} INFO - Sync 1 DAGs
[2025-01-27T11:46:13.741+0000] {logging_mixin.py:190} INFO - [2025-01-27T11:46:13.741+0000] {dag.py:4180} INFO - Setting next_dagrun for example_display_name to None, run_after=None
[2025-01-27T11:46:13.775+0000] {processor.py:208} INFO - Processing /home/airflow/.local/lib/python3.12/site-packages/airflow/example_dags/example_display_name.py took 0.135 seconds
[2025-01-27T11:46:44.096+0000] {processor.py:186} INFO - Started process (PID=1274) to work on /home/airflow/.local/lib/python3.12/site-packages/airflow/example_dags/example_display_name.py
[2025-01-27T11:46:44.098+0000] {processor.py:914} INFO - Processing file /home/airflow/.local/lib/python3.12/site-packages/airflow/example_dags/example_display_name.py for tasks to queue
[2025-01-27T11:46:44.103+0000] {logging_mixin.py:190} INFO - [2025-01-27T11:46:44.102+0000] {dagbag.py:588} INFO - Filling up the DagBag from /home/airflow/.local/lib/python3.12/site-packages/airflow/example_dags/example_display_name.py
[2025-01-27T11:46:44.119+0000] {processor.py:925} INFO - DAG(s) 'example_display_name' retrieved from /home/airflow/.local/lib/python3.12/site-packages/airflow/example_dags/example_display_name.py
[2025-01-27T11:46:44.155+0000] {logging_mixin.py:190} INFO - [2025-01-27T11:46:44.155+0000] {dag.py:3239} INFO - Sync 1 DAGs
[2025-01-27T11:46:44.183+0000] {logging_mixin.py:190} INFO - [2025-01-27T11:46:44.183+0000] {dag.py:4180} INFO - Setting next_dagrun for example_display_name to None, run_after=None
[2025-01-27T11:46:44.216+0000] {processor.py:208} INFO - Processing /home/airflow/.local/lib/python3.12/site-packages/airflow/example_dags/example_display_name.py took 0.132 seconds
[2025-01-27T11:47:14.376+0000] {processor.py:186} INFO - Started process (PID=1338) to work on /home/airflow/.local/lib/python3.12/site-packages/airflow/example_dags/example_display_name.py
[2025-01-27T11:47:14.378+0000] {processor.py:914} INFO - Processing file /home/airflow/.local/lib/python3.12/site-packages/airflow/example_dags/example_display_name.py for tasks to queue
[2025-01-27T11:47:14.383+0000] {logging_mixin.py:190} INFO - [2025-01-27T11:47:14.382+0000] {dagbag.py:588} INFO - Filling up the DagBag from /home/airflow/.local/lib/python3.12/site-packages/airflow/example_dags/example_display_name.py
[2025-01-27T11:47:14.399+0000] {processor.py:925} INFO - DAG(s) 'example_display_name' retrieved from /home/airflow/.local/lib/python3.12/site-packages/airflow/example_dags/example_display_name.py
[2025-01-27T11:47:14.434+0000] {logging_mixin.py:190} INFO - [2025-01-27T11:47:14.434+0000] {dag.py:3239} INFO - Sync 1 DAGs
[2025-01-27T11:47:14.463+0000] {logging_mixin.py:190} INFO - [2025-01-27T11:47:14.463+0000] {dag.py:4180} INFO - Setting next_dagrun for example_display_name to None, run_after=None
[2025-01-27T11:47:14.497+0000] {processor.py:208} INFO - Processing /home/airflow/.local/lib/python3.12/site-packages/airflow/example_dags/example_display_name.py took 0.133 seconds
[2025-01-27T11:47:44.996+0000] {processor.py:186} INFO - Started process (PID=1402) to work on /home/airflow/.local/lib/python3.12/site-packages/airflow/example_dags/example_display_name.py
[2025-01-27T11:47:44.997+0000] {processor.py:914} INFO - Processing file /home/airflow/.local/lib/python3.12/site-packages/airflow/example_dags/example_display_name.py for tasks to queue
[2025-01-27T11:47:45.002+0000] {logging_mixin.py:190} INFO - [2025-01-27T11:47:45.001+0000] {dagbag.py:588} INFO - Filling up the DagBag from /home/airflow/.local/lib/python3.12/site-packages/airflow/example_dags/example_display_name.py
[2025-01-27T11:47:45.013+0000] {processor.py:925} INFO - DAG(s) 'example_display_name' retrieved from /home/airflow/.local/lib/python3.12/site-packages/airflow/example_dags/example_display_name.py
[2025-01-27T11:47:45.049+0000] {logging_mixin.py:190} INFO - [2025-01-27T11:47:45.048+0000] {dag.py:3239} INFO - Sync 1 DAGs
[2025-01-27T11:47:45.076+0000] {logging_mixin.py:190} INFO - [2025-01-27T11:47:45.075+0000] {dag.py:4180} INFO - Setting next_dagrun for example_display_name to None, run_after=None
[2025-01-27T11:47:45.105+0000] {processor.py:208} INFO - Processing /home/airflow/.local/lib/python3.12/site-packages/airflow/example_dags/example_display_name.py took 0.118 seconds
[2025-01-27T11:48:15.487+0000] {processor.py:186} INFO - Started process (PID=1466) to work on /home/airflow/.local/lib/python3.12/site-packages/airflow/example_dags/example_display_name.py
[2025-01-27T11:48:15.489+0000] {processor.py:914} INFO - Processing file /home/airflow/.local/lib/python3.12/site-packages/airflow/example_dags/example_display_name.py for tasks to queue
[2025-01-27T11:48:15.493+0000] {logging_mixin.py:190} INFO - [2025-01-27T11:48:15.493+0000] {dagbag.py:588} INFO - Filling up the DagBag from /home/airflow/.local/lib/python3.12/site-packages/airflow/example_dags/example_display_name.py
[2025-01-27T11:48:15.512+0000] {processor.py:925} INFO - DAG(s) 'example_display_name' retrieved from /home/airflow/.local/lib/python3.12/site-packages/airflow/example_dags/example_display_name.py
[2025-01-27T11:48:15.545+0000] {logging_mixin.py:190} INFO - [2025-01-27T11:48:15.544+0000] {dag.py:3239} INFO - Sync 1 DAGs
[2025-01-27T11:48:15.568+0000] {logging_mixin.py:190} INFO - [2025-01-27T11:48:15.568+0000] {dag.py:4180} INFO - Setting next_dagrun for example_display_name to None, run_after=None
[2025-01-27T11:48:15.602+0000] {processor.py:208} INFO - Processing /home/airflow/.local/lib/python3.12/site-packages/airflow/example_dags/example_display_name.py took 0.124 seconds
[2025-01-27T11:48:45.800+0000] {processor.py:186} INFO - Started process (PID=1530) to work on /home/airflow/.local/lib/python3.12/site-packages/airflow/example_dags/example_display_name.py
[2025-01-27T11:48:45.802+0000] {processor.py:914} INFO - Processing file /home/airflow/.local/lib/python3.12/site-packages/airflow/example_dags/example_display_name.py for tasks to queue
[2025-01-27T11:48:45.808+0000] {logging_mixin.py:190} INFO - [2025-01-27T11:48:45.807+0000] {dagbag.py:588} INFO - Filling up the DagBag from /home/airflow/.local/lib/python3.12/site-packages/airflow/example_dags/example_display_name.py
[2025-01-27T11:48:45.820+0000] {processor.py:925} INFO - DAG(s) 'example_display_name' retrieved from /home/airflow/.local/lib/python3.12/site-packages/airflow/example_dags/example_display_name.py
[2025-01-27T11:48:45.858+0000] {logging_mixin.py:190} INFO - [2025-01-27T11:48:45.858+0000] {dag.py:3239} INFO - Sync 1 DAGs
[2025-01-27T11:48:45.884+0000] {logging_mixin.py:190} INFO - [2025-01-27T11:48:45.884+0000] {dag.py:4180} INFO - Setting next_dagrun for example_display_name to None, run_after=None
[2025-01-27T11:48:45.918+0000] {processor.py:208} INFO - Processing /home/airflow/.local/lib/python3.12/site-packages/airflow/example_dags/example_display_name.py took 0.128 seconds
[2025-01-27T11:49:16.723+0000] {processor.py:186} INFO - Started process (PID=1594) to work on /home/airflow/.local/lib/python3.12/site-packages/airflow/example_dags/example_display_name.py
[2025-01-27T11:49:16.725+0000] {processor.py:914} INFO - Processing file /home/airflow/.local/lib/python3.12/site-packages/airflow/example_dags/example_display_name.py for tasks to queue
[2025-01-27T11:49:16.729+0000] {logging_mixin.py:190} INFO - [2025-01-27T11:49:16.728+0000] {dagbag.py:588} INFO - Filling up the DagBag from /home/airflow/.local/lib/python3.12/site-packages/airflow/example_dags/example_display_name.py
[2025-01-27T11:49:16.744+0000] {processor.py:925} INFO - DAG(s) 'example_display_name' retrieved from /home/airflow/.local/lib/python3.12/site-packages/airflow/example_dags/example_display_name.py
[2025-01-27T11:49:16.783+0000] {logging_mixin.py:190} INFO - [2025-01-27T11:49:16.783+0000] {dag.py:3239} INFO - Sync 1 DAGs
[2025-01-27T11:49:16.809+0000] {logging_mixin.py:190} INFO - [2025-01-27T11:49:16.809+0000] {dag.py:4180} INFO - Setting next_dagrun for example_display_name to None, run_after=None
[2025-01-27T11:49:16.847+0000] {processor.py:208} INFO - Processing /home/airflow/.local/lib/python3.12/site-packages/airflow/example_dags/example_display_name.py took 0.135 seconds
[2025-01-27T11:49:47.448+0000] {processor.py:186} INFO - Started process (PID=1659) to work on /home/airflow/.local/lib/python3.12/site-packages/airflow/example_dags/example_display_name.py
[2025-01-27T11:49:47.449+0000] {processor.py:914} INFO - Processing file /home/airflow/.local/lib/python3.12/site-packages/airflow/example_dags/example_display_name.py for tasks to queue
[2025-01-27T11:49:47.454+0000] {logging_mixin.py:190} INFO - [2025-01-27T11:49:47.453+0000] {dagbag.py:588} INFO - Filling up the DagBag from /home/airflow/.local/lib/python3.12/site-packages/airflow/example_dags/example_display_name.py
[2025-01-27T11:49:47.471+0000] {processor.py:925} INFO - DAG(s) 'example_display_name' retrieved from /home/airflow/.local/lib/python3.12/site-packages/airflow/example_dags/example_display_name.py
[2025-01-27T11:49:47.511+0000] {logging_mixin.py:190} INFO - [2025-01-27T11:49:47.511+0000] {dag.py:3239} INFO - Sync 1 DAGs
[2025-01-27T11:49:47.542+0000] {logging_mixin.py:190} INFO - [2025-01-27T11:49:47.542+0000] {dag.py:4180} INFO - Setting next_dagrun for example_display_name to None, run_after=None
[2025-01-27T11:49:47.583+0000] {processor.py:208} INFO - Processing /home/airflow/.local/lib/python3.12/site-packages/airflow/example_dags/example_display_name.py took 0.147 seconds
[2025-01-27T11:50:18.443+0000] {processor.py:186} INFO - Started process (PID=1722) to work on /home/airflow/.local/lib/python3.12/site-packages/airflow/example_dags/example_display_name.py
[2025-01-27T11:50:18.711+0000] {processor.py:914} INFO - Processing file /home/airflow/.local/lib/python3.12/site-packages/airflow/example_dags/example_display_name.py for tasks to queue
[2025-01-27T11:50:18.769+0000] {logging_mixin.py:190} INFO - [2025-01-27T11:50:18.768+0000] {dagbag.py:588} INFO - Filling up the DagBag from /home/airflow/.local/lib/python3.12/site-packages/airflow/example_dags/example_display_name.py
[2025-01-27T11:50:18.817+0000] {processor.py:925} INFO - DAG(s) 'example_display_name' retrieved from /home/airflow/.local/lib/python3.12/site-packages/airflow/example_dags/example_display_name.py
[2025-01-27T11:50:18.938+0000] {logging_mixin.py:190} INFO - [2025-01-27T11:50:18.937+0000] {dag.py:3239} INFO - Sync 1 DAGs
[2025-01-27T11:50:19.077+0000] {logging_mixin.py:190} INFO - [2025-01-27T11:50:19.077+0000] {dag.py:4180} INFO - Setting next_dagrun for example_display_name to None, run_after=None
[2025-01-27T11:50:19.265+0000] {processor.py:208} INFO - Processing /home/airflow/.local/lib/python3.12/site-packages/airflow/example_dags/example_display_name.py took 0.854 seconds
