[2025-01-27T10:34:19.817+0000] {processor.py:186} INFO - Started process (PID=215) to work on /home/airflow/.local/lib/python3.12/site-packages/airflow/example_dags/example_complex.py
[2025-01-27T10:34:19.819+0000] {processor.py:914} INFO - Processing file /home/airflow/.local/lib/python3.12/site-packages/airflow/example_dags/example_complex.py for tasks to queue
[2025-01-27T10:34:19.840+0000] {logging_mixin.py:190} INFO - [2025-01-27T10:34:19.838+0000] {dagbag.py:588} INFO - Filling up the DagBag from /home/airflow/.local/lib/python3.12/site-packages/airflow/example_dags/example_complex.py
[2025-01-27T10:34:19.923+0000] {processor.py:925} INFO - DAG(s) 'example_complex' retrieved from /home/airflow/.local/lib/python3.12/site-packages/airflow/example_dags/example_complex.py
[2025-01-27T10:34:20.551+0000] {logging_mixin.py:190} INFO - [2025-01-27T10:34:20.551+0000] {dag.py:3239} INFO - Sync 1 DAGs
[2025-01-27T10:34:20.673+0000] {logging_mixin.py:190} INFO - [2025-01-27T10:34:20.671+0000] {dag.py:4180} INFO - Setting next_dagrun for example_complex to None, run_after=None
[2025-01-27T10:34:20.898+0000] {processor.py:208} INFO - Processing /home/airflow/.local/lib/python3.12/site-packages/airflow/example_dags/example_complex.py took 1.148 seconds
[2025-01-27T10:45:19.194+0000] {processor.py:186} INFO - Started process (PID=199) to work on /home/airflow/.local/lib/python3.12/site-packages/airflow/example_dags/example_complex.py
[2025-01-27T10:45:19.226+0000] {processor.py:914} INFO - Processing file /home/airflow/.local/lib/python3.12/site-packages/airflow/example_dags/example_complex.py for tasks to queue
[2025-01-27T10:45:19.397+0000] {logging_mixin.py:190} INFO - [2025-01-27T10:45:19.377+0000] {dagbag.py:588} INFO - Filling up the DagBag from /home/airflow/.local/lib/python3.12/site-packages/airflow/example_dags/example_complex.py
[2025-01-27T10:45:21.578+0000] {processor.py:925} INFO - DAG(s) 'example_complex' retrieved from /home/airflow/.local/lib/python3.12/site-packages/airflow/example_dags/example_complex.py
[2025-01-27T10:45:22.043+0000] {logging_mixin.py:190} INFO - [2025-01-27T10:45:22.042+0000] {dag.py:3239} INFO - Sync 1 DAGs
[2025-01-27T10:45:22.285+0000] {logging_mixin.py:190} INFO - [2025-01-27T10:45:22.284+0000] {dag.py:4180} INFO - Setting next_dagrun for example_complex to None, run_after=None
[2025-01-27T10:45:22.609+0000] {processor.py:208} INFO - Processing /home/airflow/.local/lib/python3.12/site-packages/airflow/example_dags/example_complex.py took 3.439 seconds
[2025-01-27T10:46:31.774+0000] {processor.py:186} INFO - Started process (PID=272) to work on /home/airflow/.local/lib/python3.12/site-packages/airflow/example_dags/example_complex.py
[2025-01-27T10:46:31.776+0000] {processor.py:914} INFO - Processing file /home/airflow/.local/lib/python3.12/site-packages/airflow/example_dags/example_complex.py for tasks to queue
[2025-01-27T10:46:31.784+0000] {logging_mixin.py:190} INFO - [2025-01-27T10:46:31.783+0000] {dagbag.py:588} INFO - Filling up the DagBag from /home/airflow/.local/lib/python3.12/site-packages/airflow/example_dags/example_complex.py
[2025-01-27T10:46:31.864+0000] {processor.py:925} INFO - DAG(s) 'example_complex' retrieved from /home/airflow/.local/lib/python3.12/site-packages/airflow/example_dags/example_complex.py
[2025-01-27T10:46:32.162+0000] {logging_mixin.py:190} INFO - [2025-01-27T10:46:32.161+0000] {dag.py:3239} INFO - Sync 1 DAGs
[2025-01-27T10:46:32.219+0000] {logging_mixin.py:190} INFO - [2025-01-27T10:46:32.218+0000] {dag.py:4180} INFO - Setting next_dagrun for example_complex to None, run_after=None
[2025-01-27T10:46:32.318+0000] {processor.py:208} INFO - Processing /home/airflow/.local/lib/python3.12/site-packages/airflow/example_dags/example_complex.py took 0.483 seconds
[2025-01-27T10:47:12.099+0000] {processor.py:186} INFO - Started process (PID=341) to work on /home/airflow/.local/lib/python3.12/site-packages/airflow/example_dags/example_complex.py
[2025-01-27T10:47:12.113+0000] {processor.py:914} INFO - Processing file /home/airflow/.local/lib/python3.12/site-packages/airflow/example_dags/example_complex.py for tasks to queue
[2025-01-27T10:47:12.233+0000] {logging_mixin.py:190} INFO - [2025-01-27T10:47:12.232+0000] {dagbag.py:588} INFO - Filling up the DagBag from /home/airflow/.local/lib/python3.12/site-packages/airflow/example_dags/example_complex.py
[2025-01-27T10:47:13.968+0000] {processor.py:925} INFO - DAG(s) 'example_complex' retrieved from /home/airflow/.local/lib/python3.12/site-packages/airflow/example_dags/example_complex.py
[2025-01-27T10:47:15.204+0000] {logging_mixin.py:190} INFO - [2025-01-27T10:47:15.203+0000] {dag.py:3239} INFO - Sync 1 DAGs
[2025-01-27T10:47:15.757+0000] {logging_mixin.py:190} INFO - [2025-01-27T10:47:15.756+0000] {dag.py:4180} INFO - Setting next_dagrun for example_complex to None, run_after=None
[2025-01-27T10:47:16.005+0000] {processor.py:208} INFO - Processing /home/airflow/.local/lib/python3.12/site-packages/airflow/example_dags/example_complex.py took 3.948 seconds
[2025-01-27T10:55:10.441+0000] {processor.py:186} INFO - Started process (PID=129) to work on /home/airflow/.local/lib/python3.12/site-packages/airflow/example_dags/example_complex.py
[2025-01-27T10:55:10.444+0000] {processor.py:914} INFO - Processing file /home/airflow/.local/lib/python3.12/site-packages/airflow/example_dags/example_complex.py for tasks to queue
[2025-01-27T10:55:10.451+0000] {logging_mixin.py:190} INFO - [2025-01-27T10:55:10.448+0000] {dagbag.py:588} INFO - Filling up the DagBag from /home/airflow/.local/lib/python3.12/site-packages/airflow/example_dags/example_complex.py
[2025-01-27T10:55:10.498+0000] {processor.py:925} INFO - DAG(s) 'example_complex' retrieved from /home/airflow/.local/lib/python3.12/site-packages/airflow/example_dags/example_complex.py
[2025-01-27T10:55:10.625+0000] {logging_mixin.py:190} INFO - [2025-01-27T10:55:10.624+0000] {dag.py:3239} INFO - Sync 1 DAGs
[2025-01-27T10:55:10.660+0000] {logging_mixin.py:190} INFO - [2025-01-27T10:55:10.659+0000] {dag.py:4180} INFO - Setting next_dagrun for example_complex to None, run_after=None
[2025-01-27T10:55:10.711+0000] {processor.py:208} INFO - Processing /home/airflow/.local/lib/python3.12/site-packages/airflow/example_dags/example_complex.py took 0.289 seconds
[2025-01-27T10:56:36.428+0000] {processor.py:186} INFO - Started process (PID=195) to work on /home/airflow/.local/lib/python3.12/site-packages/airflow/example_dags/example_complex.py
[2025-01-27T10:56:36.431+0000] {processor.py:914} INFO - Processing file /home/airflow/.local/lib/python3.12/site-packages/airflow/example_dags/example_complex.py for tasks to queue
[2025-01-27T10:56:36.437+0000] {logging_mixin.py:190} INFO - [2025-01-27T10:56:36.436+0000] {dagbag.py:588} INFO - Filling up the DagBag from /home/airflow/.local/lib/python3.12/site-packages/airflow/example_dags/example_complex.py
[2025-01-27T10:56:36.493+0000] {processor.py:925} INFO - DAG(s) 'example_complex' retrieved from /home/airflow/.local/lib/python3.12/site-packages/airflow/example_dags/example_complex.py
[2025-01-27T10:56:36.707+0000] {logging_mixin.py:190} INFO - [2025-01-27T10:56:36.706+0000] {dag.py:3239} INFO - Sync 1 DAGs
[2025-01-27T10:56:36.780+0000] {logging_mixin.py:190} INFO - [2025-01-27T10:56:36.780+0000] {dag.py:4180} INFO - Setting next_dagrun for example_complex to None, run_after=None
[2025-01-27T10:56:36.841+0000] {processor.py:208} INFO - Processing /home/airflow/.local/lib/python3.12/site-packages/airflow/example_dags/example_complex.py took 0.426 seconds
[2025-01-27T10:57:33.403+0000] {processor.py:186} INFO - Started process (PID=265) to work on /home/airflow/.local/lib/python3.12/site-packages/airflow/example_dags/example_complex.py
[2025-01-27T10:57:33.405+0000] {processor.py:914} INFO - Processing file /home/airflow/.local/lib/python3.12/site-packages/airflow/example_dags/example_complex.py for tasks to queue
[2025-01-27T10:57:33.412+0000] {logging_mixin.py:190} INFO - [2025-01-27T10:57:33.411+0000] {dagbag.py:588} INFO - Filling up the DagBag from /home/airflow/.local/lib/python3.12/site-packages/airflow/example_dags/example_complex.py
[2025-01-27T10:57:33.547+0000] {processor.py:925} INFO - DAG(s) 'example_complex' retrieved from /home/airflow/.local/lib/python3.12/site-packages/airflow/example_dags/example_complex.py
[2025-01-27T10:57:33.683+0000] {logging_mixin.py:190} INFO - [2025-01-27T10:57:33.674+0000] {dag.py:3239} INFO - Sync 1 DAGs
[2025-01-27T10:57:33.737+0000] {logging_mixin.py:190} INFO - [2025-01-27T10:57:33.735+0000] {dag.py:4180} INFO - Setting next_dagrun for example_complex to None, run_after=None
[2025-01-27T10:57:33.854+0000] {processor.py:208} INFO - Processing /home/airflow/.local/lib/python3.12/site-packages/airflow/example_dags/example_complex.py took 0.405 seconds
[2025-01-27T10:58:04.346+0000] {processor.py:186} INFO - Started process (PID=329) to work on /home/airflow/.local/lib/python3.12/site-packages/airflow/example_dags/example_complex.py
[2025-01-27T10:58:04.348+0000] {processor.py:914} INFO - Processing file /home/airflow/.local/lib/python3.12/site-packages/airflow/example_dags/example_complex.py for tasks to queue
[2025-01-27T10:58:04.360+0000] {logging_mixin.py:190} INFO - [2025-01-27T10:58:04.359+0000] {dagbag.py:588} INFO - Filling up the DagBag from /home/airflow/.local/lib/python3.12/site-packages/airflow/example_dags/example_complex.py
[2025-01-27T10:58:04.406+0000] {processor.py:925} INFO - DAG(s) 'example_complex' retrieved from /home/airflow/.local/lib/python3.12/site-packages/airflow/example_dags/example_complex.py
[2025-01-27T10:58:04.579+0000] {logging_mixin.py:190} INFO - [2025-01-27T10:58:04.579+0000] {dag.py:3239} INFO - Sync 1 DAGs
[2025-01-27T10:58:04.639+0000] {logging_mixin.py:190} INFO - [2025-01-27T10:58:04.638+0000] {dag.py:4180} INFO - Setting next_dagrun for example_complex to None, run_after=None
[2025-01-27T10:58:04.735+0000] {processor.py:208} INFO - Processing /home/airflow/.local/lib/python3.12/site-packages/airflow/example_dags/example_complex.py took 0.436 seconds
[2025-01-27T10:59:13.257+0000] {processor.py:186} INFO - Started process (PID=418) to work on /home/airflow/.local/lib/python3.12/site-packages/airflow/example_dags/example_complex.py
[2025-01-27T10:59:13.261+0000] {processor.py:914} INFO - Processing file /home/airflow/.local/lib/python3.12/site-packages/airflow/example_dags/example_complex.py for tasks to queue
[2025-01-27T10:59:13.280+0000] {logging_mixin.py:190} INFO - [2025-01-27T10:59:13.279+0000] {dagbag.py:588} INFO - Filling up the DagBag from /home/airflow/.local/lib/python3.12/site-packages/airflow/example_dags/example_complex.py
[2025-01-27T10:59:13.341+0000] {processor.py:925} INFO - DAG(s) 'example_complex' retrieved from /home/airflow/.local/lib/python3.12/site-packages/airflow/example_dags/example_complex.py
[2025-01-27T10:59:13.489+0000] {logging_mixin.py:190} INFO - [2025-01-27T10:59:13.488+0000] {dag.py:3239} INFO - Sync 1 DAGs
[2025-01-27T10:59:13.523+0000] {logging_mixin.py:190} INFO - [2025-01-27T10:59:13.523+0000] {dag.py:4180} INFO - Setting next_dagrun for example_complex to None, run_after=None
[2025-01-27T10:59:13.568+0000] {processor.py:208} INFO - Processing /home/airflow/.local/lib/python3.12/site-packages/airflow/example_dags/example_complex.py took 0.334 seconds
[2025-01-27T10:59:46.960+0000] {processor.py:186} INFO - Started process (PID=489) to work on /home/airflow/.local/lib/python3.12/site-packages/airflow/example_dags/example_complex.py
[2025-01-27T10:59:46.962+0000] {processor.py:914} INFO - Processing file /home/airflow/.local/lib/python3.12/site-packages/airflow/example_dags/example_complex.py for tasks to queue
[2025-01-27T10:59:46.968+0000] {logging_mixin.py:190} INFO - [2025-01-27T10:59:46.967+0000] {dagbag.py:588} INFO - Filling up the DagBag from /home/airflow/.local/lib/python3.12/site-packages/airflow/example_dags/example_complex.py
[2025-01-27T10:59:46.993+0000] {processor.py:925} INFO - DAG(s) 'example_complex' retrieved from /home/airflow/.local/lib/python3.12/site-packages/airflow/example_dags/example_complex.py
[2025-01-27T10:59:47.048+0000] {logging_mixin.py:190} INFO - [2025-01-27T10:59:47.047+0000] {dag.py:3239} INFO - Sync 1 DAGs
[2025-01-27T10:59:47.074+0000] {logging_mixin.py:190} INFO - [2025-01-27T10:59:47.073+0000] {dag.py:4180} INFO - Setting next_dagrun for example_complex to None, run_after=None
[2025-01-27T10:59:47.117+0000] {processor.py:208} INFO - Processing /home/airflow/.local/lib/python3.12/site-packages/airflow/example_dags/example_complex.py took 0.169 seconds
[2025-01-27T11:00:18.642+0000] {processor.py:186} INFO - Started process (PID=552) to work on /home/airflow/.local/lib/python3.12/site-packages/airflow/example_dags/example_complex.py
[2025-01-27T11:00:18.644+0000] {processor.py:914} INFO - Processing file /home/airflow/.local/lib/python3.12/site-packages/airflow/example_dags/example_complex.py for tasks to queue
[2025-01-27T11:00:18.649+0000] {logging_mixin.py:190} INFO - [2025-01-27T11:00:18.648+0000] {dagbag.py:588} INFO - Filling up the DagBag from /home/airflow/.local/lib/python3.12/site-packages/airflow/example_dags/example_complex.py
[2025-01-27T11:00:18.703+0000] {processor.py:925} INFO - DAG(s) 'example_complex' retrieved from /home/airflow/.local/lib/python3.12/site-packages/airflow/example_dags/example_complex.py
[2025-01-27T11:00:18.925+0000] {logging_mixin.py:190} INFO - [2025-01-27T11:00:18.923+0000] {dag.py:3239} INFO - Sync 1 DAGs
[2025-01-27T11:00:18.961+0000] {logging_mixin.py:190} INFO - [2025-01-27T11:00:18.961+0000] {dag.py:4180} INFO - Setting next_dagrun for example_complex to None, run_after=None
[2025-01-27T11:00:19.002+0000] {processor.py:208} INFO - Processing /home/airflow/.local/lib/python3.12/site-packages/airflow/example_dags/example_complex.py took 0.376 seconds
[2025-01-27T11:00:55.637+0000] {processor.py:186} INFO - Started process (PID=625) to work on /home/airflow/.local/lib/python3.12/site-packages/airflow/example_dags/example_complex.py
[2025-01-27T11:00:55.639+0000] {processor.py:914} INFO - Processing file /home/airflow/.local/lib/python3.12/site-packages/airflow/example_dags/example_complex.py for tasks to queue
[2025-01-27T11:00:55.644+0000] {logging_mixin.py:190} INFO - [2025-01-27T11:00:55.643+0000] {dagbag.py:588} INFO - Filling up the DagBag from /home/airflow/.local/lib/python3.12/site-packages/airflow/example_dags/example_complex.py
[2025-01-27T11:00:55.666+0000] {processor.py:925} INFO - DAG(s) 'example_complex' retrieved from /home/airflow/.local/lib/python3.12/site-packages/airflow/example_dags/example_complex.py
[2025-01-27T11:00:55.724+0000] {logging_mixin.py:190} INFO - [2025-01-27T11:00:55.724+0000] {dag.py:3239} INFO - Sync 1 DAGs
[2025-01-27T11:00:55.757+0000] {logging_mixin.py:190} INFO - [2025-01-27T11:00:55.757+0000] {dag.py:4180} INFO - Setting next_dagrun for example_complex to None, run_after=None
[2025-01-27T11:00:55.801+0000] {processor.py:208} INFO - Processing /home/airflow/.local/lib/python3.12/site-packages/airflow/example_dags/example_complex.py took 0.175 seconds
[2025-01-27T11:01:26.855+0000] {processor.py:186} INFO - Started process (PID=690) to work on /home/airflow/.local/lib/python3.12/site-packages/airflow/example_dags/example_complex.py
[2025-01-27T11:01:26.857+0000] {processor.py:914} INFO - Processing file /home/airflow/.local/lib/python3.12/site-packages/airflow/example_dags/example_complex.py for tasks to queue
[2025-01-27T11:01:26.861+0000] {logging_mixin.py:190} INFO - [2025-01-27T11:01:26.861+0000] {dagbag.py:588} INFO - Filling up the DagBag from /home/airflow/.local/lib/python3.12/site-packages/airflow/example_dags/example_complex.py
[2025-01-27T11:01:26.883+0000] {processor.py:925} INFO - DAG(s) 'example_complex' retrieved from /home/airflow/.local/lib/python3.12/site-packages/airflow/example_dags/example_complex.py
[2025-01-27T11:01:26.943+0000] {logging_mixin.py:190} INFO - [2025-01-27T11:01:26.943+0000] {dag.py:3239} INFO - Sync 1 DAGs
[2025-01-27T11:01:26.972+0000] {logging_mixin.py:190} INFO - [2025-01-27T11:01:26.971+0000] {dag.py:4180} INFO - Setting next_dagrun for example_complex to None, run_after=None
[2025-01-27T11:01:27.006+0000] {processor.py:208} INFO - Processing /home/airflow/.local/lib/python3.12/site-packages/airflow/example_dags/example_complex.py took 0.161 seconds
[2025-01-27T11:01:57.525+0000] {processor.py:186} INFO - Started process (PID=753) to work on /home/airflow/.local/lib/python3.12/site-packages/airflow/example_dags/example_complex.py
[2025-01-27T11:01:57.528+0000] {processor.py:914} INFO - Processing file /home/airflow/.local/lib/python3.12/site-packages/airflow/example_dags/example_complex.py for tasks to queue
[2025-01-27T11:01:57.539+0000] {logging_mixin.py:190} INFO - [2025-01-27T11:01:57.538+0000] {dagbag.py:588} INFO - Filling up the DagBag from /home/airflow/.local/lib/python3.12/site-packages/airflow/example_dags/example_complex.py
[2025-01-27T11:01:57.598+0000] {processor.py:925} INFO - DAG(s) 'example_complex' retrieved from /home/airflow/.local/lib/python3.12/site-packages/airflow/example_dags/example_complex.py
[2025-01-27T11:01:57.826+0000] {logging_mixin.py:190} INFO - [2025-01-27T11:01:57.825+0000] {dag.py:3239} INFO - Sync 1 DAGs
[2025-01-27T11:01:58.000+0000] {logging_mixin.py:190} INFO - [2025-01-27T11:01:57.999+0000] {dag.py:4180} INFO - Setting next_dagrun for example_complex to None, run_after=None
[2025-01-27T11:01:58.208+0000] {processor.py:208} INFO - Processing /home/airflow/.local/lib/python3.12/site-packages/airflow/example_dags/example_complex.py took 0.698 seconds
[2025-01-27T11:02:28.863+0000] {processor.py:186} INFO - Started process (PID=817) to work on /home/airflow/.local/lib/python3.12/site-packages/airflow/example_dags/example_complex.py
[2025-01-27T11:02:28.865+0000] {processor.py:914} INFO - Processing file /home/airflow/.local/lib/python3.12/site-packages/airflow/example_dags/example_complex.py for tasks to queue
[2025-01-27T11:02:28.870+0000] {logging_mixin.py:190} INFO - [2025-01-27T11:02:28.869+0000] {dagbag.py:588} INFO - Filling up the DagBag from /home/airflow/.local/lib/python3.12/site-packages/airflow/example_dags/example_complex.py
[2025-01-27T11:02:28.900+0000] {processor.py:925} INFO - DAG(s) 'example_complex' retrieved from /home/airflow/.local/lib/python3.12/site-packages/airflow/example_dags/example_complex.py
[2025-01-27T11:02:28.974+0000] {logging_mixin.py:190} INFO - [2025-01-27T11:02:28.973+0000] {dag.py:3239} INFO - Sync 1 DAGs
[2025-01-27T11:02:29.012+0000] {logging_mixin.py:190} INFO - [2025-01-27T11:02:29.011+0000] {dag.py:4180} INFO - Setting next_dagrun for example_complex to None, run_after=None
[2025-01-27T11:02:29.046+0000] {processor.py:208} INFO - Processing /home/airflow/.local/lib/python3.12/site-packages/airflow/example_dags/example_complex.py took 0.195 seconds
[2025-01-27T11:02:59.283+0000] {processor.py:186} INFO - Started process (PID=880) to work on /home/airflow/.local/lib/python3.12/site-packages/airflow/example_dags/example_complex.py
[2025-01-27T11:02:59.286+0000] {processor.py:914} INFO - Processing file /home/airflow/.local/lib/python3.12/site-packages/airflow/example_dags/example_complex.py for tasks to queue
[2025-01-27T11:02:59.293+0000] {logging_mixin.py:190} INFO - [2025-01-27T11:02:59.292+0000] {dagbag.py:588} INFO - Filling up the DagBag from /home/airflow/.local/lib/python3.12/site-packages/airflow/example_dags/example_complex.py
[2025-01-27T11:02:59.322+0000] {processor.py:925} INFO - DAG(s) 'example_complex' retrieved from /home/airflow/.local/lib/python3.12/site-packages/airflow/example_dags/example_complex.py
[2025-01-27T11:02:59.376+0000] {logging_mixin.py:190} INFO - [2025-01-27T11:02:59.375+0000] {dag.py:3239} INFO - Sync 1 DAGs
[2025-01-27T11:02:59.397+0000] {logging_mixin.py:190} INFO - [2025-01-27T11:02:59.396+0000] {dag.py:4180} INFO - Setting next_dagrun for example_complex to None, run_after=None
[2025-01-27T11:02:59.439+0000] {processor.py:208} INFO - Processing /home/airflow/.local/lib/python3.12/site-packages/airflow/example_dags/example_complex.py took 0.171 seconds
[2025-01-27T11:03:31.115+0000] {processor.py:186} INFO - Started process (PID=944) to work on /home/airflow/.local/lib/python3.12/site-packages/airflow/example_dags/example_complex.py
[2025-01-27T11:03:31.129+0000] {processor.py:914} INFO - Processing file /home/airflow/.local/lib/python3.12/site-packages/airflow/example_dags/example_complex.py for tasks to queue
[2025-01-27T11:03:31.149+0000] {logging_mixin.py:190} INFO - [2025-01-27T11:03:31.148+0000] {dagbag.py:588} INFO - Filling up the DagBag from /home/airflow/.local/lib/python3.12/site-packages/airflow/example_dags/example_complex.py
[2025-01-27T11:03:31.278+0000] {processor.py:925} INFO - DAG(s) 'example_complex' retrieved from /home/airflow/.local/lib/python3.12/site-packages/airflow/example_dags/example_complex.py
[2025-01-27T11:03:31.635+0000] {logging_mixin.py:190} INFO - [2025-01-27T11:03:31.635+0000] {dag.py:3239} INFO - Sync 1 DAGs
[2025-01-27T11:03:31.681+0000] {logging_mixin.py:190} INFO - [2025-01-27T11:03:31.681+0000] {dag.py:4180} INFO - Setting next_dagrun for example_complex to None, run_after=None
[2025-01-27T11:03:31.742+0000] {processor.py:208} INFO - Processing /home/airflow/.local/lib/python3.12/site-packages/airflow/example_dags/example_complex.py took 0.673 seconds
[2025-01-27T11:04:05.396+0000] {processor.py:186} INFO - Started process (PID=1008) to work on /home/airflow/.local/lib/python3.12/site-packages/airflow/example_dags/example_complex.py
[2025-01-27T11:04:05.398+0000] {processor.py:914} INFO - Processing file /home/airflow/.local/lib/python3.12/site-packages/airflow/example_dags/example_complex.py for tasks to queue
[2025-01-27T11:04:05.403+0000] {logging_mixin.py:190} INFO - [2025-01-27T11:04:05.402+0000] {dagbag.py:588} INFO - Filling up the DagBag from /home/airflow/.local/lib/python3.12/site-packages/airflow/example_dags/example_complex.py
[2025-01-27T11:04:05.459+0000] {processor.py:925} INFO - DAG(s) 'example_complex' retrieved from /home/airflow/.local/lib/python3.12/site-packages/airflow/example_dags/example_complex.py
[2025-01-27T11:04:05.802+0000] {logging_mixin.py:190} INFO - [2025-01-27T11:04:05.802+0000] {dag.py:3239} INFO - Sync 1 DAGs
[2025-01-27T11:04:05.882+0000] {logging_mixin.py:190} INFO - [2025-01-27T11:04:05.882+0000] {dag.py:4180} INFO - Setting next_dagrun for example_complex to None, run_after=None
[2025-01-27T11:04:05.977+0000] {processor.py:208} INFO - Processing /home/airflow/.local/lib/python3.12/site-packages/airflow/example_dags/example_complex.py took 0.517 seconds
[2025-01-27T11:10:04.122+0000] {processor.py:186} INFO - Started process (PID=1085) to work on /home/airflow/.local/lib/python3.12/site-packages/airflow/example_dags/example_complex.py
[2025-01-27T11:10:04.137+0000] {processor.py:914} INFO - Processing file /home/airflow/.local/lib/python3.12/site-packages/airflow/example_dags/example_complex.py for tasks to queue
[2025-01-27T11:10:04.158+0000] {logging_mixin.py:190} INFO - [2025-01-27T11:10:04.157+0000] {dagbag.py:588} INFO - Filling up the DagBag from /home/airflow/.local/lib/python3.12/site-packages/airflow/example_dags/example_complex.py
[2025-01-27T11:10:04.378+0000] {processor.py:925} INFO - DAG(s) 'example_complex' retrieved from /home/airflow/.local/lib/python3.12/site-packages/airflow/example_dags/example_complex.py
[2025-01-27T11:10:04.956+0000] {logging_mixin.py:190} INFO - [2025-01-27T11:10:04.955+0000] {dag.py:3239} INFO - Sync 1 DAGs
[2025-01-27T11:10:05.326+0000] {logging_mixin.py:190} INFO - [2025-01-27T11:10:05.325+0000] {dag.py:4180} INFO - Setting next_dagrun for example_complex to None, run_after=None
[2025-01-27T11:10:05.619+0000] {processor.py:208} INFO - Processing /home/airflow/.local/lib/python3.12/site-packages/airflow/example_dags/example_complex.py took 1.577 seconds
[2025-01-27T11:15:03.801+0000] {processor.py:186} INFO - Started process (PID=1151) to work on /home/airflow/.local/lib/python3.12/site-packages/airflow/example_dags/example_complex.py
[2025-01-27T11:15:03.820+0000] {processor.py:914} INFO - Processing file /home/airflow/.local/lib/python3.12/site-packages/airflow/example_dags/example_complex.py for tasks to queue
[2025-01-27T11:15:03.822+0000] {logging_mixin.py:190} INFO - [2025-01-27T11:15:03.822+0000] {dagbag.py:588} INFO - Filling up the DagBag from /home/airflow/.local/lib/python3.12/site-packages/airflow/example_dags/example_complex.py
[2025-01-27T11:15:03.841+0000] {processor.py:925} INFO - DAG(s) 'example_complex' retrieved from /home/airflow/.local/lib/python3.12/site-packages/airflow/example_dags/example_complex.py
[2025-01-27T11:15:03.902+0000] {logging_mixin.py:190} INFO - [2025-01-27T11:15:03.902+0000] {dag.py:3239} INFO - Sync 1 DAGs
[2025-01-27T11:15:03.936+0000] {logging_mixin.py:190} INFO - [2025-01-27T11:15:03.936+0000] {dag.py:4180} INFO - Setting next_dagrun for example_complex to None, run_after=None
[2025-01-27T11:15:04.049+0000] {processor.py:208} INFO - Processing /home/airflow/.local/lib/python3.12/site-packages/airflow/example_dags/example_complex.py took 0.262 seconds
[2025-01-27T11:15:34.211+0000] {processor.py:186} INFO - Started process (PID=1215) to work on /home/airflow/.local/lib/python3.12/site-packages/airflow/example_dags/example_complex.py
[2025-01-27T11:15:34.213+0000] {processor.py:914} INFO - Processing file /home/airflow/.local/lib/python3.12/site-packages/airflow/example_dags/example_complex.py for tasks to queue
[2025-01-27T11:15:34.216+0000] {logging_mixin.py:190} INFO - [2025-01-27T11:15:34.215+0000] {dagbag.py:588} INFO - Filling up the DagBag from /home/airflow/.local/lib/python3.12/site-packages/airflow/example_dags/example_complex.py
[2025-01-27T11:15:34.270+0000] {processor.py:925} INFO - DAG(s) 'example_complex' retrieved from /home/airflow/.local/lib/python3.12/site-packages/airflow/example_dags/example_complex.py
[2025-01-27T11:15:34.407+0000] {logging_mixin.py:190} INFO - [2025-01-27T11:15:34.407+0000] {dag.py:3239} INFO - Sync 1 DAGs
[2025-01-27T11:15:34.443+0000] {logging_mixin.py:190} INFO - [2025-01-27T11:15:34.443+0000] {dag.py:4180} INFO - Setting next_dagrun for example_complex to None, run_after=None
[2025-01-27T11:15:34.485+0000] {processor.py:208} INFO - Processing /home/airflow/.local/lib/python3.12/site-packages/airflow/example_dags/example_complex.py took 0.292 seconds
[2025-01-27T11:16:11.984+0000] {processor.py:186} INFO - Started process (PID=1279) to work on /home/airflow/.local/lib/python3.12/site-packages/airflow/example_dags/example_complex.py
[2025-01-27T11:16:11.989+0000] {processor.py:914} INFO - Processing file /home/airflow/.local/lib/python3.12/site-packages/airflow/example_dags/example_complex.py for tasks to queue
[2025-01-27T11:16:11.992+0000] {logging_mixin.py:190} INFO - [2025-01-27T11:16:11.992+0000] {dagbag.py:588} INFO - Filling up the DagBag from /home/airflow/.local/lib/python3.12/site-packages/airflow/example_dags/example_complex.py
[2025-01-27T11:16:12.046+0000] {processor.py:925} INFO - DAG(s) 'example_complex' retrieved from /home/airflow/.local/lib/python3.12/site-packages/airflow/example_dags/example_complex.py
[2025-01-27T11:16:12.294+0000] {logging_mixin.py:190} INFO - [2025-01-27T11:16:12.294+0000] {dag.py:3239} INFO - Sync 1 DAGs
[2025-01-27T11:16:12.443+0000] {logging_mixin.py:190} INFO - [2025-01-27T11:16:12.442+0000] {dag.py:4180} INFO - Setting next_dagrun for example_complex to None, run_after=None
[2025-01-27T11:16:12.557+0000] {processor.py:208} INFO - Processing /home/airflow/.local/lib/python3.12/site-packages/airflow/example_dags/example_complex.py took 0.594 seconds
[2025-01-27T11:18:40.761+0000] {processor.py:186} INFO - Started process (PID=1349) to work on /home/airflow/.local/lib/python3.12/site-packages/airflow/example_dags/example_complex.py
[2025-01-27T11:18:40.771+0000] {processor.py:914} INFO - Processing file /home/airflow/.local/lib/python3.12/site-packages/airflow/example_dags/example_complex.py for tasks to queue
[2025-01-27T11:18:40.774+0000] {logging_mixin.py:190} INFO - [2025-01-27T11:18:40.773+0000] {dagbag.py:588} INFO - Filling up the DagBag from /home/airflow/.local/lib/python3.12/site-packages/airflow/example_dags/example_complex.py
[2025-01-27T11:18:40.836+0000] {processor.py:925} INFO - DAG(s) 'example_complex' retrieved from /home/airflow/.local/lib/python3.12/site-packages/airflow/example_dags/example_complex.py
[2025-01-27T11:18:41.025+0000] {logging_mixin.py:190} INFO - [2025-01-27T11:18:41.025+0000] {dag.py:3239} INFO - Sync 1 DAGs
[2025-01-27T11:18:41.082+0000] {logging_mixin.py:190} INFO - [2025-01-27T11:18:41.082+0000] {dag.py:4180} INFO - Setting next_dagrun for example_complex to None, run_after=None
[2025-01-27T11:18:41.702+0000] {processor.py:208} INFO - Processing /home/airflow/.local/lib/python3.12/site-packages/airflow/example_dags/example_complex.py took 0.961 seconds
[2025-01-27T11:19:25.230+0000] {processor.py:186} INFO - Started process (PID=1414) to work on /home/airflow/.local/lib/python3.12/site-packages/airflow/example_dags/example_complex.py
[2025-01-27T11:19:25.232+0000] {processor.py:914} INFO - Processing file /home/airflow/.local/lib/python3.12/site-packages/airflow/example_dags/example_complex.py for tasks to queue
[2025-01-27T11:19:25.235+0000] {logging_mixin.py:190} INFO - [2025-01-27T11:19:25.235+0000] {dagbag.py:588} INFO - Filling up the DagBag from /home/airflow/.local/lib/python3.12/site-packages/airflow/example_dags/example_complex.py
[2025-01-27T11:19:25.270+0000] {processor.py:925} INFO - DAG(s) 'example_complex' retrieved from /home/airflow/.local/lib/python3.12/site-packages/airflow/example_dags/example_complex.py
[2025-01-27T11:19:25.344+0000] {logging_mixin.py:190} INFO - [2025-01-27T11:19:25.343+0000] {dag.py:3239} INFO - Sync 1 DAGs
[2025-01-27T11:19:25.381+0000] {logging_mixin.py:190} INFO - [2025-01-27T11:19:25.381+0000] {dag.py:4180} INFO - Setting next_dagrun for example_complex to None, run_after=None
[2025-01-27T11:19:25.447+0000] {processor.py:208} INFO - Processing /home/airflow/.local/lib/python3.12/site-packages/airflow/example_dags/example_complex.py took 0.231 seconds
[2025-01-27T11:19:56.433+0000] {processor.py:186} INFO - Started process (PID=1478) to work on /home/airflow/.local/lib/python3.12/site-packages/airflow/example_dags/example_complex.py
[2025-01-27T11:19:56.439+0000] {processor.py:914} INFO - Processing file /home/airflow/.local/lib/python3.12/site-packages/airflow/example_dags/example_complex.py for tasks to queue
[2025-01-27T11:19:56.442+0000] {logging_mixin.py:190} INFO - [2025-01-27T11:19:56.441+0000] {dagbag.py:588} INFO - Filling up the DagBag from /home/airflow/.local/lib/python3.12/site-packages/airflow/example_dags/example_complex.py
[2025-01-27T11:19:56.479+0000] {processor.py:925} INFO - DAG(s) 'example_complex' retrieved from /home/airflow/.local/lib/python3.12/site-packages/airflow/example_dags/example_complex.py
[2025-01-27T11:19:56.581+0000] {logging_mixin.py:190} INFO - [2025-01-27T11:19:56.581+0000] {dag.py:3239} INFO - Sync 1 DAGs
[2025-01-27T11:19:56.611+0000] {logging_mixin.py:190} INFO - [2025-01-27T11:19:56.611+0000] {dag.py:4180} INFO - Setting next_dagrun for example_complex to None, run_after=None
[2025-01-27T11:19:56.662+0000] {processor.py:208} INFO - Processing /home/airflow/.local/lib/python3.12/site-packages/airflow/example_dags/example_complex.py took 0.252 seconds
[2025-01-27T11:37:33.744+0000] {processor.py:186} INFO - Started process (PID=188) to work on /home/airflow/.local/lib/python3.12/site-packages/airflow/example_dags/example_complex.py
[2025-01-27T11:37:33.766+0000] {processor.py:914} INFO - Processing file /home/airflow/.local/lib/python3.12/site-packages/airflow/example_dags/example_complex.py for tasks to queue
[2025-01-27T11:37:33.799+0000] {logging_mixin.py:190} INFO - [2025-01-27T11:37:33.798+0000] {dagbag.py:588} INFO - Filling up the DagBag from /home/airflow/.local/lib/python3.12/site-packages/airflow/example_dags/example_complex.py
[2025-01-27T11:37:33.904+0000] {processor.py:925} INFO - DAG(s) 'example_complex' retrieved from /home/airflow/.local/lib/python3.12/site-packages/airflow/example_dags/example_complex.py
[2025-01-27T11:37:34.248+0000] {logging_mixin.py:190} INFO - [2025-01-27T11:37:34.247+0000] {dag.py:3239} INFO - Sync 1 DAGs
[2025-01-27T11:37:34.330+0000] {logging_mixin.py:190} INFO - [2025-01-27T11:37:34.330+0000] {dag.py:4180} INFO - Setting next_dagrun for example_complex to None, run_after=None
[2025-01-27T11:37:34.855+0000] {processor.py:208} INFO - Processing /home/airflow/.local/lib/python3.12/site-packages/airflow/example_dags/example_complex.py took 1.154 seconds
[2025-01-27T11:38:12.984+0000] {processor.py:186} INFO - Started process (PID=251) to work on /home/airflow/.local/lib/python3.12/site-packages/airflow/example_dags/example_complex.py
[2025-01-27T11:38:12.989+0000] {processor.py:914} INFO - Processing file /home/airflow/.local/lib/python3.12/site-packages/airflow/example_dags/example_complex.py for tasks to queue
[2025-01-27T11:38:12.998+0000] {logging_mixin.py:190} INFO - [2025-01-27T11:38:12.997+0000] {dagbag.py:588} INFO - Filling up the DagBag from /home/airflow/.local/lib/python3.12/site-packages/airflow/example_dags/example_complex.py
[2025-01-27T11:38:13.063+0000] {processor.py:925} INFO - DAG(s) 'example_complex' retrieved from /home/airflow/.local/lib/python3.12/site-packages/airflow/example_dags/example_complex.py
[2025-01-27T11:38:13.213+0000] {logging_mixin.py:190} INFO - [2025-01-27T11:38:13.212+0000] {dag.py:3239} INFO - Sync 1 DAGs
[2025-01-27T11:38:13.252+0000] {logging_mixin.py:190} INFO - [2025-01-27T11:38:13.252+0000] {dag.py:4180} INFO - Setting next_dagrun for example_complex to None, run_after=None
[2025-01-27T11:38:13.309+0000] {processor.py:208} INFO - Processing /home/airflow/.local/lib/python3.12/site-packages/airflow/example_dags/example_complex.py took 0.348 seconds
[2025-01-27T11:38:52.443+0000] {processor.py:186} INFO - Started process (PID=316) to work on /home/airflow/.local/lib/python3.12/site-packages/airflow/example_dags/example_complex.py
[2025-01-27T11:38:52.448+0000] {processor.py:914} INFO - Processing file /home/airflow/.local/lib/python3.12/site-packages/airflow/example_dags/example_complex.py for tasks to queue
[2025-01-27T11:38:52.454+0000] {logging_mixin.py:190} INFO - [2025-01-27T11:38:52.453+0000] {dagbag.py:588} INFO - Filling up the DagBag from /home/airflow/.local/lib/python3.12/site-packages/airflow/example_dags/example_complex.py
[2025-01-27T11:38:52.511+0000] {processor.py:925} INFO - DAG(s) 'example_complex' retrieved from /home/airflow/.local/lib/python3.12/site-packages/airflow/example_dags/example_complex.py
[2025-01-27T11:38:52.610+0000] {logging_mixin.py:190} INFO - [2025-01-27T11:38:52.609+0000] {dag.py:3239} INFO - Sync 1 DAGs
[2025-01-27T11:38:52.663+0000] {logging_mixin.py:190} INFO - [2025-01-27T11:38:52.662+0000] {dag.py:4180} INFO - Setting next_dagrun for example_complex to None, run_after=None
[2025-01-27T11:38:52.719+0000] {processor.py:208} INFO - Processing /home/airflow/.local/lib/python3.12/site-packages/airflow/example_dags/example_complex.py took 0.315 seconds
[2025-01-27T11:39:24.335+0000] {processor.py:186} INFO - Started process (PID=381) to work on /home/airflow/.local/lib/python3.12/site-packages/airflow/example_dags/example_complex.py
[2025-01-27T11:39:24.337+0000] {processor.py:914} INFO - Processing file /home/airflow/.local/lib/python3.12/site-packages/airflow/example_dags/example_complex.py for tasks to queue
[2025-01-27T11:39:24.341+0000] {logging_mixin.py:190} INFO - [2025-01-27T11:39:24.340+0000] {dagbag.py:588} INFO - Filling up the DagBag from /home/airflow/.local/lib/python3.12/site-packages/airflow/example_dags/example_complex.py
[2025-01-27T11:39:24.366+0000] {processor.py:925} INFO - DAG(s) 'example_complex' retrieved from /home/airflow/.local/lib/python3.12/site-packages/airflow/example_dags/example_complex.py
[2025-01-27T11:39:24.460+0000] {logging_mixin.py:190} INFO - [2025-01-27T11:39:24.460+0000] {dag.py:3239} INFO - Sync 1 DAGs
[2025-01-27T11:39:24.486+0000] {logging_mixin.py:190} INFO - [2025-01-27T11:39:24.485+0000] {dag.py:4180} INFO - Setting next_dagrun for example_complex to None, run_after=None
[2025-01-27T11:39:24.516+0000] {processor.py:208} INFO - Processing /home/airflow/.local/lib/python3.12/site-packages/airflow/example_dags/example_complex.py took 0.192 seconds
[2025-01-27T11:39:56.479+0000] {processor.py:186} INFO - Started process (PID=445) to work on /home/airflow/.local/lib/python3.12/site-packages/airflow/example_dags/example_complex.py
[2025-01-27T11:39:56.481+0000] {processor.py:914} INFO - Processing file /home/airflow/.local/lib/python3.12/site-packages/airflow/example_dags/example_complex.py for tasks to queue
[2025-01-27T11:39:56.486+0000] {logging_mixin.py:190} INFO - [2025-01-27T11:39:56.485+0000] {dagbag.py:588} INFO - Filling up the DagBag from /home/airflow/.local/lib/python3.12/site-packages/airflow/example_dags/example_complex.py
[2025-01-27T11:39:56.520+0000] {processor.py:925} INFO - DAG(s) 'example_complex' retrieved from /home/airflow/.local/lib/python3.12/site-packages/airflow/example_dags/example_complex.py
[2025-01-27T11:39:56.616+0000] {logging_mixin.py:190} INFO - [2025-01-27T11:39:56.615+0000] {dag.py:3239} INFO - Sync 1 DAGs
[2025-01-27T11:39:56.651+0000] {logging_mixin.py:190} INFO - [2025-01-27T11:39:56.650+0000] {dag.py:4180} INFO - Setting next_dagrun for example_complex to None, run_after=None
[2025-01-27T11:39:56.702+0000] {processor.py:208} INFO - Processing /home/airflow/.local/lib/python3.12/site-packages/airflow/example_dags/example_complex.py took 0.240 seconds
[2025-01-27T11:40:27.291+0000] {processor.py:186} INFO - Started process (PID=510) to work on /home/airflow/.local/lib/python3.12/site-packages/airflow/example_dags/example_complex.py
[2025-01-27T11:40:27.292+0000] {processor.py:914} INFO - Processing file /home/airflow/.local/lib/python3.12/site-packages/airflow/example_dags/example_complex.py for tasks to queue
[2025-01-27T11:40:27.296+0000] {logging_mixin.py:190} INFO - [2025-01-27T11:40:27.296+0000] {dagbag.py:588} INFO - Filling up the DagBag from /home/airflow/.local/lib/python3.12/site-packages/airflow/example_dags/example_complex.py
[2025-01-27T11:40:27.320+0000] {processor.py:925} INFO - DAG(s) 'example_complex' retrieved from /home/airflow/.local/lib/python3.12/site-packages/airflow/example_dags/example_complex.py
[2025-01-27T11:40:27.376+0000] {logging_mixin.py:190} INFO - [2025-01-27T11:40:27.376+0000] {dag.py:3239} INFO - Sync 1 DAGs
[2025-01-27T11:40:27.399+0000] {logging_mixin.py:190} INFO - [2025-01-27T11:40:27.399+0000] {dag.py:4180} INFO - Setting next_dagrun for example_complex to None, run_after=None
[2025-01-27T11:40:27.436+0000] {processor.py:208} INFO - Processing /home/airflow/.local/lib/python3.12/site-packages/airflow/example_dags/example_complex.py took 0.158 seconds
[2025-01-27T11:40:58.462+0000] {processor.py:186} INFO - Started process (PID=575) to work on /home/airflow/.local/lib/python3.12/site-packages/airflow/example_dags/example_complex.py
[2025-01-27T11:40:58.463+0000] {processor.py:914} INFO - Processing file /home/airflow/.local/lib/python3.12/site-packages/airflow/example_dags/example_complex.py for tasks to queue
[2025-01-27T11:40:58.468+0000] {logging_mixin.py:190} INFO - [2025-01-27T11:40:58.468+0000] {dagbag.py:588} INFO - Filling up the DagBag from /home/airflow/.local/lib/python3.12/site-packages/airflow/example_dags/example_complex.py
[2025-01-27T11:40:58.498+0000] {processor.py:925} INFO - DAG(s) 'example_complex' retrieved from /home/airflow/.local/lib/python3.12/site-packages/airflow/example_dags/example_complex.py
[2025-01-27T11:40:58.570+0000] {logging_mixin.py:190} INFO - [2025-01-27T11:40:58.570+0000] {dag.py:3239} INFO - Sync 1 DAGs
[2025-01-27T11:40:58.598+0000] {logging_mixin.py:190} INFO - [2025-01-27T11:40:58.598+0000] {dag.py:4180} INFO - Setting next_dagrun for example_complex to None, run_after=None
[2025-01-27T11:40:58.633+0000] {processor.py:208} INFO - Processing /home/airflow/.local/lib/python3.12/site-packages/airflow/example_dags/example_complex.py took 0.182 seconds
[2025-01-27T11:41:29.016+0000] {processor.py:186} INFO - Started process (PID=639) to work on /home/airflow/.local/lib/python3.12/site-packages/airflow/example_dags/example_complex.py
[2025-01-27T11:41:29.018+0000] {processor.py:914} INFO - Processing file /home/airflow/.local/lib/python3.12/site-packages/airflow/example_dags/example_complex.py for tasks to queue
[2025-01-27T11:41:29.024+0000] {logging_mixin.py:190} INFO - [2025-01-27T11:41:29.024+0000] {dagbag.py:588} INFO - Filling up the DagBag from /home/airflow/.local/lib/python3.12/site-packages/airflow/example_dags/example_complex.py
[2025-01-27T11:41:29.055+0000] {processor.py:925} INFO - DAG(s) 'example_complex' retrieved from /home/airflow/.local/lib/python3.12/site-packages/airflow/example_dags/example_complex.py
[2025-01-27T11:41:29.144+0000] {logging_mixin.py:190} INFO - [2025-01-27T11:41:29.144+0000] {dag.py:3239} INFO - Sync 1 DAGs
[2025-01-27T11:41:29.187+0000] {logging_mixin.py:190} INFO - [2025-01-27T11:41:29.187+0000] {dag.py:4180} INFO - Setting next_dagrun for example_complex to None, run_after=None
[2025-01-27T11:41:29.225+0000] {processor.py:208} INFO - Processing /home/airflow/.local/lib/python3.12/site-packages/airflow/example_dags/example_complex.py took 0.229 seconds
[2025-01-27T11:41:59.706+0000] {processor.py:186} INFO - Started process (PID=703) to work on /home/airflow/.local/lib/python3.12/site-packages/airflow/example_dags/example_complex.py
[2025-01-27T11:41:59.708+0000] {processor.py:914} INFO - Processing file /home/airflow/.local/lib/python3.12/site-packages/airflow/example_dags/example_complex.py for tasks to queue
[2025-01-27T11:41:59.715+0000] {logging_mixin.py:190} INFO - [2025-01-27T11:41:59.714+0000] {dagbag.py:588} INFO - Filling up the DagBag from /home/airflow/.local/lib/python3.12/site-packages/airflow/example_dags/example_complex.py
[2025-01-27T11:41:59.760+0000] {processor.py:925} INFO - DAG(s) 'example_complex' retrieved from /home/airflow/.local/lib/python3.12/site-packages/airflow/example_dags/example_complex.py
[2025-01-27T11:41:59.823+0000] {logging_mixin.py:190} INFO - [2025-01-27T11:41:59.822+0000] {dag.py:3239} INFO - Sync 1 DAGs
[2025-01-27T11:41:59.849+0000] {logging_mixin.py:190} INFO - [2025-01-27T11:41:59.849+0000] {dag.py:4180} INFO - Setting next_dagrun for example_complex to None, run_after=None
[2025-01-27T11:41:59.877+0000] {processor.py:208} INFO - Processing /home/airflow/.local/lib/python3.12/site-packages/airflow/example_dags/example_complex.py took 0.184 seconds
[2025-01-27T11:42:30.157+0000] {processor.py:186} INFO - Started process (PID=773) to work on /home/airflow/.local/lib/python3.12/site-packages/airflow/example_dags/example_complex.py
[2025-01-27T11:42:30.158+0000] {processor.py:914} INFO - Processing file /home/airflow/.local/lib/python3.12/site-packages/airflow/example_dags/example_complex.py for tasks to queue
[2025-01-27T11:42:30.163+0000] {logging_mixin.py:190} INFO - [2025-01-27T11:42:30.162+0000] {dagbag.py:588} INFO - Filling up the DagBag from /home/airflow/.local/lib/python3.12/site-packages/airflow/example_dags/example_complex.py
[2025-01-27T11:42:30.185+0000] {processor.py:925} INFO - DAG(s) 'example_complex' retrieved from /home/airflow/.local/lib/python3.12/site-packages/airflow/example_dags/example_complex.py
[2025-01-27T11:42:30.237+0000] {logging_mixin.py:190} INFO - [2025-01-27T11:42:30.237+0000] {dag.py:3239} INFO - Sync 1 DAGs
[2025-01-27T11:42:30.260+0000] {logging_mixin.py:190} INFO - [2025-01-27T11:42:30.259+0000] {dag.py:4180} INFO - Setting next_dagrun for example_complex to None, run_after=None
[2025-01-27T11:42:30.288+0000] {processor.py:208} INFO - Processing /home/airflow/.local/lib/python3.12/site-packages/airflow/example_dags/example_complex.py took 0.141 seconds
[2025-01-27T11:43:03.780+0000] {processor.py:186} INFO - Started process (PID=838) to work on /home/airflow/.local/lib/python3.12/site-packages/airflow/example_dags/example_complex.py
[2025-01-27T11:43:03.783+0000] {processor.py:914} INFO - Processing file /home/airflow/.local/lib/python3.12/site-packages/airflow/example_dags/example_complex.py for tasks to queue
[2025-01-27T11:43:03.788+0000] {logging_mixin.py:190} INFO - [2025-01-27T11:43:03.787+0000] {dagbag.py:588} INFO - Filling up the DagBag from /home/airflow/.local/lib/python3.12/site-packages/airflow/example_dags/example_complex.py
[2025-01-27T11:43:03.823+0000] {processor.py:925} INFO - DAG(s) 'example_complex' retrieved from /home/airflow/.local/lib/python3.12/site-packages/airflow/example_dags/example_complex.py
[2025-01-27T11:43:03.906+0000] {logging_mixin.py:190} INFO - [2025-01-27T11:43:03.906+0000] {dag.py:3239} INFO - Sync 1 DAGs
[2025-01-27T11:43:03.933+0000] {logging_mixin.py:190} INFO - [2025-01-27T11:43:03.933+0000] {dag.py:4180} INFO - Setting next_dagrun for example_complex to None, run_after=None
[2025-01-27T11:43:03.976+0000] {processor.py:208} INFO - Processing /home/airflow/.local/lib/python3.12/site-packages/airflow/example_dags/example_complex.py took 0.210 seconds
[2025-01-27T11:43:45.823+0000] {processor.py:186} INFO - Started process (PID=906) to work on /home/airflow/.local/lib/python3.12/site-packages/airflow/example_dags/example_complex.py
[2025-01-27T11:43:45.826+0000] {processor.py:914} INFO - Processing file /home/airflow/.local/lib/python3.12/site-packages/airflow/example_dags/example_complex.py for tasks to queue
[2025-01-27T11:43:45.833+0000] {logging_mixin.py:190} INFO - [2025-01-27T11:43:45.832+0000] {dagbag.py:588} INFO - Filling up the DagBag from /home/airflow/.local/lib/python3.12/site-packages/airflow/example_dags/example_complex.py
[2025-01-27T11:43:45.889+0000] {processor.py:925} INFO - DAG(s) 'example_complex' retrieved from /home/airflow/.local/lib/python3.12/site-packages/airflow/example_dags/example_complex.py
[2025-01-27T11:43:46.128+0000] {logging_mixin.py:190} INFO - [2025-01-27T11:43:46.128+0000] {dag.py:3239} INFO - Sync 1 DAGs
[2025-01-27T11:43:46.194+0000] {logging_mixin.py:190} INFO - [2025-01-27T11:43:46.192+0000] {dag.py:4180} INFO - Setting next_dagrun for example_complex to None, run_after=None
[2025-01-27T11:43:46.256+0000] {processor.py:208} INFO - Processing /home/airflow/.local/lib/python3.12/site-packages/airflow/example_dags/example_complex.py took 0.448 seconds
[2025-01-27T11:44:17.687+0000] {processor.py:186} INFO - Started process (PID=970) to work on /home/airflow/.local/lib/python3.12/site-packages/airflow/example_dags/example_complex.py
[2025-01-27T11:44:17.697+0000] {processor.py:914} INFO - Processing file /home/airflow/.local/lib/python3.12/site-packages/airflow/example_dags/example_complex.py for tasks to queue
[2025-01-27T11:44:17.721+0000] {logging_mixin.py:190} INFO - [2025-01-27T11:44:17.720+0000] {dagbag.py:588} INFO - Filling up the DagBag from /home/airflow/.local/lib/python3.12/site-packages/airflow/example_dags/example_complex.py
[2025-01-27T11:44:17.822+0000] {processor.py:925} INFO - DAG(s) 'example_complex' retrieved from /home/airflow/.local/lib/python3.12/site-packages/airflow/example_dags/example_complex.py
[2025-01-27T11:44:18.121+0000] {logging_mixin.py:190} INFO - [2025-01-27T11:44:18.120+0000] {dag.py:3239} INFO - Sync 1 DAGs
[2025-01-27T11:44:18.284+0000] {logging_mixin.py:190} INFO - [2025-01-27T11:44:18.283+0000] {dag.py:4180} INFO - Setting next_dagrun for example_complex to None, run_after=None
[2025-01-27T11:44:18.577+0000] {processor.py:208} INFO - Processing /home/airflow/.local/lib/python3.12/site-packages/airflow/example_dags/example_complex.py took 0.933 seconds
[2025-01-27T11:44:49.411+0000] {processor.py:186} INFO - Started process (PID=1033) to work on /home/airflow/.local/lib/python3.12/site-packages/airflow/example_dags/example_complex.py
[2025-01-27T11:44:49.413+0000] {processor.py:914} INFO - Processing file /home/airflow/.local/lib/python3.12/site-packages/airflow/example_dags/example_complex.py for tasks to queue
[2025-01-27T11:44:49.417+0000] {logging_mixin.py:190} INFO - [2025-01-27T11:44:49.416+0000] {dagbag.py:588} INFO - Filling up the DagBag from /home/airflow/.local/lib/python3.12/site-packages/airflow/example_dags/example_complex.py
[2025-01-27T11:44:49.437+0000] {processor.py:925} INFO - DAG(s) 'example_complex' retrieved from /home/airflow/.local/lib/python3.12/site-packages/airflow/example_dags/example_complex.py
[2025-01-27T11:44:49.494+0000] {logging_mixin.py:190} INFO - [2025-01-27T11:44:49.494+0000] {dag.py:3239} INFO - Sync 1 DAGs
[2025-01-27T11:44:49.517+0000] {logging_mixin.py:190} INFO - [2025-01-27T11:44:49.516+0000] {dag.py:4180} INFO - Setting next_dagrun for example_complex to None, run_after=None
[2025-01-27T11:44:49.547+0000] {processor.py:208} INFO - Processing /home/airflow/.local/lib/python3.12/site-packages/airflow/example_dags/example_complex.py took 0.145 seconds
[2025-01-27T11:45:19.725+0000] {processor.py:186} INFO - Started process (PID=1098) to work on /home/airflow/.local/lib/python3.12/site-packages/airflow/example_dags/example_complex.py
[2025-01-27T11:45:19.727+0000] {processor.py:914} INFO - Processing file /home/airflow/.local/lib/python3.12/site-packages/airflow/example_dags/example_complex.py for tasks to queue
[2025-01-27T11:45:19.731+0000] {logging_mixin.py:190} INFO - [2025-01-27T11:45:19.730+0000] {dagbag.py:588} INFO - Filling up the DagBag from /home/airflow/.local/lib/python3.12/site-packages/airflow/example_dags/example_complex.py
[2025-01-27T11:45:19.752+0000] {processor.py:925} INFO - DAG(s) 'example_complex' retrieved from /home/airflow/.local/lib/python3.12/site-packages/airflow/example_dags/example_complex.py
[2025-01-27T11:45:19.800+0000] {logging_mixin.py:190} INFO - [2025-01-27T11:45:19.799+0000] {dag.py:3239} INFO - Sync 1 DAGs
[2025-01-27T11:45:19.825+0000] {logging_mixin.py:190} INFO - [2025-01-27T11:45:19.824+0000] {dag.py:4180} INFO - Setting next_dagrun for example_complex to None, run_after=None
[2025-01-27T11:45:19.853+0000] {processor.py:208} INFO - Processing /home/airflow/.local/lib/python3.12/site-packages/airflow/example_dags/example_complex.py took 0.137 seconds
[2025-01-27T11:45:50.138+0000] {processor.py:186} INFO - Started process (PID=1162) to work on /home/airflow/.local/lib/python3.12/site-packages/airflow/example_dags/example_complex.py
[2025-01-27T11:45:50.142+0000] {processor.py:914} INFO - Processing file /home/airflow/.local/lib/python3.12/site-packages/airflow/example_dags/example_complex.py for tasks to queue
[2025-01-27T11:45:50.150+0000] {logging_mixin.py:190} INFO - [2025-01-27T11:45:50.149+0000] {dagbag.py:588} INFO - Filling up the DagBag from /home/airflow/.local/lib/python3.12/site-packages/airflow/example_dags/example_complex.py
[2025-01-27T11:45:50.183+0000] {processor.py:925} INFO - DAG(s) 'example_complex' retrieved from /home/airflow/.local/lib/python3.12/site-packages/airflow/example_dags/example_complex.py
[2025-01-27T11:45:50.242+0000] {logging_mixin.py:190} INFO - [2025-01-27T11:45:50.242+0000] {dag.py:3239} INFO - Sync 1 DAGs
[2025-01-27T11:45:50.266+0000] {logging_mixin.py:190} INFO - [2025-01-27T11:45:50.265+0000] {dag.py:4180} INFO - Setting next_dagrun for example_complex to None, run_after=None
[2025-01-27T11:45:50.299+0000] {processor.py:208} INFO - Processing /home/airflow/.local/lib/python3.12/site-packages/airflow/example_dags/example_complex.py took 0.185 seconds
[2025-01-27T11:46:20.800+0000] {processor.py:186} INFO - Started process (PID=1226) to work on /home/airflow/.local/lib/python3.12/site-packages/airflow/example_dags/example_complex.py
[2025-01-27T11:46:20.802+0000] {processor.py:914} INFO - Processing file /home/airflow/.local/lib/python3.12/site-packages/airflow/example_dags/example_complex.py for tasks to queue
[2025-01-27T11:46:20.807+0000] {logging_mixin.py:190} INFO - [2025-01-27T11:46:20.806+0000] {dagbag.py:588} INFO - Filling up the DagBag from /home/airflow/.local/lib/python3.12/site-packages/airflow/example_dags/example_complex.py
[2025-01-27T11:46:20.829+0000] {processor.py:925} INFO - DAG(s) 'example_complex' retrieved from /home/airflow/.local/lib/python3.12/site-packages/airflow/example_dags/example_complex.py
[2025-01-27T11:46:20.885+0000] {logging_mixin.py:190} INFO - [2025-01-27T11:46:20.885+0000] {dag.py:3239} INFO - Sync 1 DAGs
[2025-01-27T11:46:20.909+0000] {logging_mixin.py:190} INFO - [2025-01-27T11:46:20.909+0000] {dag.py:4180} INFO - Setting next_dagrun for example_complex to None, run_after=None
[2025-01-27T11:46:20.959+0000] {processor.py:208} INFO - Processing /home/airflow/.local/lib/python3.12/site-packages/airflow/example_dags/example_complex.py took 0.173 seconds
[2025-01-27T11:46:51.163+0000] {processor.py:186} INFO - Started process (PID=1290) to work on /home/airflow/.local/lib/python3.12/site-packages/airflow/example_dags/example_complex.py
[2025-01-27T11:46:51.165+0000] {processor.py:914} INFO - Processing file /home/airflow/.local/lib/python3.12/site-packages/airflow/example_dags/example_complex.py for tasks to queue
[2025-01-27T11:46:51.170+0000] {logging_mixin.py:190} INFO - [2025-01-27T11:46:51.170+0000] {dagbag.py:588} INFO - Filling up the DagBag from /home/airflow/.local/lib/python3.12/site-packages/airflow/example_dags/example_complex.py
[2025-01-27T11:46:51.194+0000] {processor.py:925} INFO - DAG(s) 'example_complex' retrieved from /home/airflow/.local/lib/python3.12/site-packages/airflow/example_dags/example_complex.py
[2025-01-27T11:46:51.263+0000] {logging_mixin.py:190} INFO - [2025-01-27T11:46:51.263+0000] {dag.py:3239} INFO - Sync 1 DAGs
[2025-01-27T11:46:51.300+0000] {logging_mixin.py:190} INFO - [2025-01-27T11:46:51.300+0000] {dag.py:4180} INFO - Setting next_dagrun for example_complex to None, run_after=None
[2025-01-27T11:46:51.356+0000] {processor.py:208} INFO - Processing /home/airflow/.local/lib/python3.12/site-packages/airflow/example_dags/example_complex.py took 0.202 seconds
[2025-01-27T11:47:22.059+0000] {processor.py:186} INFO - Started process (PID=1354) to work on /home/airflow/.local/lib/python3.12/site-packages/airflow/example_dags/example_complex.py
[2025-01-27T11:47:22.061+0000] {processor.py:914} INFO - Processing file /home/airflow/.local/lib/python3.12/site-packages/airflow/example_dags/example_complex.py for tasks to queue
[2025-01-27T11:47:22.070+0000] {logging_mixin.py:190} INFO - [2025-01-27T11:47:22.069+0000] {dagbag.py:588} INFO - Filling up the DagBag from /home/airflow/.local/lib/python3.12/site-packages/airflow/example_dags/example_complex.py
[2025-01-27T11:47:22.129+0000] {processor.py:925} INFO - DAG(s) 'example_complex' retrieved from /home/airflow/.local/lib/python3.12/site-packages/airflow/example_dags/example_complex.py
[2025-01-27T11:47:22.278+0000] {logging_mixin.py:190} INFO - [2025-01-27T11:47:22.277+0000] {dag.py:3239} INFO - Sync 1 DAGs
[2025-01-27T11:47:22.369+0000] {logging_mixin.py:190} INFO - [2025-01-27T11:47:22.368+0000] {dag.py:4180} INFO - Setting next_dagrun for example_complex to None, run_after=None
[2025-01-27T11:47:22.454+0000] {processor.py:208} INFO - Processing /home/airflow/.local/lib/python3.12/site-packages/airflow/example_dags/example_complex.py took 0.416 seconds
[2025-01-27T11:47:52.634+0000] {processor.py:186} INFO - Started process (PID=1417) to work on /home/airflow/.local/lib/python3.12/site-packages/airflow/example_dags/example_complex.py
[2025-01-27T11:47:52.636+0000] {processor.py:914} INFO - Processing file /home/airflow/.local/lib/python3.12/site-packages/airflow/example_dags/example_complex.py for tasks to queue
[2025-01-27T11:47:52.640+0000] {logging_mixin.py:190} INFO - [2025-01-27T11:47:52.640+0000] {dagbag.py:588} INFO - Filling up the DagBag from /home/airflow/.local/lib/python3.12/site-packages/airflow/example_dags/example_complex.py
[2025-01-27T11:47:52.660+0000] {processor.py:925} INFO - DAG(s) 'example_complex' retrieved from /home/airflow/.local/lib/python3.12/site-packages/airflow/example_dags/example_complex.py
[2025-01-27T11:47:52.713+0000] {logging_mixin.py:190} INFO - [2025-01-27T11:47:52.713+0000] {dag.py:3239} INFO - Sync 1 DAGs
[2025-01-27T11:47:52.734+0000] {logging_mixin.py:190} INFO - [2025-01-27T11:47:52.733+0000] {dag.py:4180} INFO - Setting next_dagrun for example_complex to None, run_after=None
[2025-01-27T11:47:52.762+0000] {processor.py:208} INFO - Processing /home/airflow/.local/lib/python3.12/site-packages/airflow/example_dags/example_complex.py took 0.138 seconds
[2025-01-27T11:48:23.507+0000] {processor.py:186} INFO - Started process (PID=1481) to work on /home/airflow/.local/lib/python3.12/site-packages/airflow/example_dags/example_complex.py
[2025-01-27T11:48:23.509+0000] {processor.py:914} INFO - Processing file /home/airflow/.local/lib/python3.12/site-packages/airflow/example_dags/example_complex.py for tasks to queue
[2025-01-27T11:48:23.513+0000] {logging_mixin.py:190} INFO - [2025-01-27T11:48:23.513+0000] {dagbag.py:588} INFO - Filling up the DagBag from /home/airflow/.local/lib/python3.12/site-packages/airflow/example_dags/example_complex.py
[2025-01-27T11:48:23.533+0000] {processor.py:925} INFO - DAG(s) 'example_complex' retrieved from /home/airflow/.local/lib/python3.12/site-packages/airflow/example_dags/example_complex.py
[2025-01-27T11:48:23.587+0000] {logging_mixin.py:190} INFO - [2025-01-27T11:48:23.585+0000] {dag.py:3239} INFO - Sync 1 DAGs
[2025-01-27T11:48:23.607+0000] {logging_mixin.py:190} INFO - [2025-01-27T11:48:23.607+0000] {dag.py:4180} INFO - Setting next_dagrun for example_complex to None, run_after=None
[2025-01-27T11:48:23.636+0000] {processor.py:208} INFO - Processing /home/airflow/.local/lib/python3.12/site-packages/airflow/example_dags/example_complex.py took 0.143 seconds
[2025-01-27T11:48:53.741+0000] {processor.py:186} INFO - Started process (PID=1545) to work on /home/airflow/.local/lib/python3.12/site-packages/airflow/example_dags/example_complex.py
[2025-01-27T11:48:53.743+0000] {processor.py:914} INFO - Processing file /home/airflow/.local/lib/python3.12/site-packages/airflow/example_dags/example_complex.py for tasks to queue
[2025-01-27T11:48:53.746+0000] {logging_mixin.py:190} INFO - [2025-01-27T11:48:53.746+0000] {dagbag.py:588} INFO - Filling up the DagBag from /home/airflow/.local/lib/python3.12/site-packages/airflow/example_dags/example_complex.py
[2025-01-27T11:48:53.764+0000] {processor.py:925} INFO - DAG(s) 'example_complex' retrieved from /home/airflow/.local/lib/python3.12/site-packages/airflow/example_dags/example_complex.py
[2025-01-27T11:48:53.814+0000] {logging_mixin.py:190} INFO - [2025-01-27T11:48:53.813+0000] {dag.py:3239} INFO - Sync 1 DAGs
[2025-01-27T11:48:53.834+0000] {logging_mixin.py:190} INFO - [2025-01-27T11:48:53.834+0000] {dag.py:4180} INFO - Setting next_dagrun for example_complex to None, run_after=None
[2025-01-27T11:48:53.863+0000] {processor.py:208} INFO - Processing /home/airflow/.local/lib/python3.12/site-packages/airflow/example_dags/example_complex.py took 0.131 seconds
[2025-01-27T11:49:24.291+0000] {processor.py:186} INFO - Started process (PID=1609) to work on /home/airflow/.local/lib/python3.12/site-packages/airflow/example_dags/example_complex.py
[2025-01-27T11:49:24.294+0000] {processor.py:914} INFO - Processing file /home/airflow/.local/lib/python3.12/site-packages/airflow/example_dags/example_complex.py for tasks to queue
[2025-01-27T11:49:24.298+0000] {logging_mixin.py:190} INFO - [2025-01-27T11:49:24.297+0000] {dagbag.py:588} INFO - Filling up the DagBag from /home/airflow/.local/lib/python3.12/site-packages/airflow/example_dags/example_complex.py
[2025-01-27T11:49:24.317+0000] {processor.py:925} INFO - DAG(s) 'example_complex' retrieved from /home/airflow/.local/lib/python3.12/site-packages/airflow/example_dags/example_complex.py
[2025-01-27T11:49:24.372+0000] {logging_mixin.py:190} INFO - [2025-01-27T11:49:24.371+0000] {dag.py:3239} INFO - Sync 1 DAGs
[2025-01-27T11:49:24.395+0000] {logging_mixin.py:190} INFO - [2025-01-27T11:49:24.394+0000] {dag.py:4180} INFO - Setting next_dagrun for example_complex to None, run_after=None
[2025-01-27T11:49:24.443+0000] {processor.py:208} INFO - Processing /home/airflow/.local/lib/python3.12/site-packages/airflow/example_dags/example_complex.py took 0.159 seconds
[2025-01-27T11:49:54.858+0000] {processor.py:186} INFO - Started process (PID=1673) to work on /home/airflow/.local/lib/python3.12/site-packages/airflow/example_dags/example_complex.py
[2025-01-27T11:49:54.859+0000] {processor.py:914} INFO - Processing file /home/airflow/.local/lib/python3.12/site-packages/airflow/example_dags/example_complex.py for tasks to queue
[2025-01-27T11:49:54.863+0000] {logging_mixin.py:190} INFO - [2025-01-27T11:49:54.862+0000] {dagbag.py:588} INFO - Filling up the DagBag from /home/airflow/.local/lib/python3.12/site-packages/airflow/example_dags/example_complex.py
[2025-01-27T11:49:54.881+0000] {processor.py:925} INFO - DAG(s) 'example_complex' retrieved from /home/airflow/.local/lib/python3.12/site-packages/airflow/example_dags/example_complex.py
[2025-01-27T11:49:54.931+0000] {logging_mixin.py:190} INFO - [2025-01-27T11:49:54.931+0000] {dag.py:3239} INFO - Sync 1 DAGs
[2025-01-27T11:49:54.951+0000] {logging_mixin.py:190} INFO - [2025-01-27T11:49:54.951+0000] {dag.py:4180} INFO - Setting next_dagrun for example_complex to None, run_after=None
[2025-01-27T11:49:54.978+0000] {processor.py:208} INFO - Processing /home/airflow/.local/lib/python3.12/site-packages/airflow/example_dags/example_complex.py took 0.129 seconds
[2025-01-27T11:50:25.650+0000] {processor.py:186} INFO - Started process (PID=1737) to work on /home/airflow/.local/lib/python3.12/site-packages/airflow/example_dags/example_complex.py
[2025-01-27T11:50:25.653+0000] {processor.py:914} INFO - Processing file /home/airflow/.local/lib/python3.12/site-packages/airflow/example_dags/example_complex.py for tasks to queue
[2025-01-27T11:50:25.658+0000] {logging_mixin.py:190} INFO - [2025-01-27T11:50:25.657+0000] {dagbag.py:588} INFO - Filling up the DagBag from /home/airflow/.local/lib/python3.12/site-packages/airflow/example_dags/example_complex.py
[2025-01-27T11:50:25.688+0000] {processor.py:925} INFO - DAG(s) 'example_complex' retrieved from /home/airflow/.local/lib/python3.12/site-packages/airflow/example_dags/example_complex.py
[2025-01-27T11:50:25.787+0000] {logging_mixin.py:190} INFO - [2025-01-27T11:50:25.787+0000] {dag.py:3239} INFO - Sync 1 DAGs
[2025-01-27T11:50:25.825+0000] {logging_mixin.py:190} INFO - [2025-01-27T11:50:25.825+0000] {dag.py:4180} INFO - Setting next_dagrun for example_complex to None, run_after=None
[2025-01-27T11:50:25.862+0000] {processor.py:208} INFO - Processing /home/airflow/.local/lib/python3.12/site-packages/airflow/example_dags/example_complex.py took 0.224 seconds
