[2025-01-27T10:34:18.675+0000] {processor.py:186} INFO - Started process (PID=213) to work on /home/airflow/.local/lib/python3.12/site-packages/airflow/example_dags/tutorial.py
[2025-01-27T10:34:18.772+0000] {processor.py:914} INFO - Processing file /home/airflow/.local/lib/python3.12/site-packages/airflow/example_dags/tutorial.py for tasks to queue
[2025-01-27T10:34:18.838+0000] {logging_mixin.py:190} INFO - [2025-01-27T10:34:18.837+0000] {dagbag.py:588} INFO - Filling up the DagBag from /home/airflow/.local/lib/python3.12/site-packages/airflow/example_dags/tutorial.py
[2025-01-27T10:34:18.981+0000] {processor.py:925} INFO - DAG(s) 'tutorial' retrieved from /home/airflow/.local/lib/python3.12/site-packages/airflow/example_dags/tutorial.py
[2025-01-27T10:34:19.161+0000] {logging_mixin.py:190} INFO - [2025-01-27T10:34:19.156+0000] {dag.py:3239} INFO - Sync 1 DAGs
[2025-01-27T10:34:19.386+0000] {logging_mixin.py:190} INFO - [2025-01-27T10:34:19.385+0000] {dag.py:4180} INFO - Setting next_dagrun for tutorial to 2025-01-26 00:00:00+00:00, run_after=2025-01-27 00:00:00+00:00
[2025-01-27T10:34:19.543+0000] {processor.py:208} INFO - Processing /home/airflow/.local/lib/python3.12/site-packages/airflow/example_dags/tutorial.py took 0.927 seconds
[2025-01-27T10:45:15.674+0000] {processor.py:186} INFO - Started process (PID=197) to work on /home/airflow/.local/lib/python3.12/site-packages/airflow/example_dags/tutorial.py
[2025-01-27T10:45:15.706+0000] {processor.py:914} INFO - Processing file /home/airflow/.local/lib/python3.12/site-packages/airflow/example_dags/tutorial.py for tasks to queue
[2025-01-27T10:45:15.768+0000] {logging_mixin.py:190} INFO - [2025-01-27T10:45:15.767+0000] {dagbag.py:588} INFO - Filling up the DagBag from /home/airflow/.local/lib/python3.12/site-packages/airflow/example_dags/tutorial.py
[2025-01-27T10:45:16.044+0000] {processor.py:925} INFO - DAG(s) 'tutorial' retrieved from /home/airflow/.local/lib/python3.12/site-packages/airflow/example_dags/tutorial.py
[2025-01-27T10:45:16.958+0000] {logging_mixin.py:190} INFO - [2025-01-27T10:45:16.956+0000] {dag.py:3239} INFO - Sync 1 DAGs
[2025-01-27T10:45:17.967+0000] {logging_mixin.py:190} INFO - [2025-01-27T10:45:17.966+0000] {dag.py:4180} INFO - Setting next_dagrun for tutorial to 2025-01-26 00:00:00+00:00, run_after=2025-01-27 00:00:00+00:00
[2025-01-27T10:45:18.333+0000] {processor.py:208} INFO - Processing /home/airflow/.local/lib/python3.12/site-packages/airflow/example_dags/tutorial.py took 2.966 seconds
[2025-01-27T10:46:31.046+0000] {processor.py:186} INFO - Started process (PID=270) to work on /home/airflow/.local/lib/python3.12/site-packages/airflow/example_dags/tutorial.py
[2025-01-27T10:46:31.049+0000] {processor.py:914} INFO - Processing file /home/airflow/.local/lib/python3.12/site-packages/airflow/example_dags/tutorial.py for tasks to queue
[2025-01-27T10:46:31.054+0000] {logging_mixin.py:190} INFO - [2025-01-27T10:46:31.053+0000] {dagbag.py:588} INFO - Filling up the DagBag from /home/airflow/.local/lib/python3.12/site-packages/airflow/example_dags/tutorial.py
[2025-01-27T10:46:31.097+0000] {processor.py:925} INFO - DAG(s) 'tutorial' retrieved from /home/airflow/.local/lib/python3.12/site-packages/airflow/example_dags/tutorial.py
[2025-01-27T10:46:31.171+0000] {logging_mixin.py:190} INFO - [2025-01-27T10:46:31.170+0000] {dag.py:3239} INFO - Sync 1 DAGs
[2025-01-27T10:46:31.276+0000] {logging_mixin.py:190} INFO - [2025-01-27T10:46:31.275+0000] {dag.py:4180} INFO - Setting next_dagrun for tutorial to 2025-01-26 00:00:00+00:00, run_after=2025-01-27 00:00:00+00:00
[2025-01-27T10:46:31.341+0000] {processor.py:208} INFO - Processing /home/airflow/.local/lib/python3.12/site-packages/airflow/example_dags/tutorial.py took 0.309 seconds
[2025-01-27T10:47:08.500+0000] {processor.py:186} INFO - Started process (PID=339) to work on /home/airflow/.local/lib/python3.12/site-packages/airflow/example_dags/tutorial.py
[2025-01-27T10:47:08.508+0000] {processor.py:914} INFO - Processing file /home/airflow/.local/lib/python3.12/site-packages/airflow/example_dags/tutorial.py for tasks to queue
[2025-01-27T10:47:08.521+0000] {logging_mixin.py:190} INFO - [2025-01-27T10:47:08.520+0000] {dagbag.py:588} INFO - Filling up the DagBag from /home/airflow/.local/lib/python3.12/site-packages/airflow/example_dags/tutorial.py
[2025-01-27T10:47:08.565+0000] {processor.py:925} INFO - DAG(s) 'tutorial' retrieved from /home/airflow/.local/lib/python3.12/site-packages/airflow/example_dags/tutorial.py
[2025-01-27T10:47:08.882+0000] {logging_mixin.py:190} INFO - [2025-01-27T10:47:08.882+0000] {dag.py:3239} INFO - Sync 1 DAGs
[2025-01-27T10:47:09.180+0000] {logging_mixin.py:190} INFO - [2025-01-27T10:47:09.179+0000] {dag.py:4180} INFO - Setting next_dagrun for tutorial to 2025-01-26 00:00:00+00:00, run_after=2025-01-27 00:00:00+00:00
[2025-01-27T10:47:09.347+0000] {processor.py:208} INFO - Processing /home/airflow/.local/lib/python3.12/site-packages/airflow/example_dags/tutorial.py took 0.871 seconds
[2025-01-27T10:55:09.776+0000] {processor.py:186} INFO - Started process (PID=127) to work on /home/airflow/.local/lib/python3.12/site-packages/airflow/example_dags/tutorial.py
[2025-01-27T10:55:09.792+0000] {processor.py:914} INFO - Processing file /home/airflow/.local/lib/python3.12/site-packages/airflow/example_dags/tutorial.py for tasks to queue
[2025-01-27T10:55:09.799+0000] {logging_mixin.py:190} INFO - [2025-01-27T10:55:09.798+0000] {dagbag.py:588} INFO - Filling up the DagBag from /home/airflow/.local/lib/python3.12/site-packages/airflow/example_dags/tutorial.py
[2025-01-27T10:55:09.851+0000] {processor.py:925} INFO - DAG(s) 'tutorial' retrieved from /home/airflow/.local/lib/python3.12/site-packages/airflow/example_dags/tutorial.py
[2025-01-27T10:55:09.927+0000] {logging_mixin.py:190} INFO - [2025-01-27T10:55:09.926+0000] {dag.py:3239} INFO - Sync 1 DAGs
[2025-01-27T10:55:10.057+0000] {logging_mixin.py:190} INFO - [2025-01-27T10:55:10.056+0000] {dag.py:4180} INFO - Setting next_dagrun for tutorial to 2025-01-26 00:00:00+00:00, run_after=2025-01-27 00:00:00+00:00
[2025-01-27T10:55:10.197+0000] {processor.py:208} INFO - Processing /home/airflow/.local/lib/python3.12/site-packages/airflow/example_dags/tutorial.py took 0.537 seconds
[2025-01-27T10:56:36.000+0000] {processor.py:186} INFO - Started process (PID=193) to work on /home/airflow/.local/lib/python3.12/site-packages/airflow/example_dags/tutorial.py
[2025-01-27T10:56:36.003+0000] {processor.py:914} INFO - Processing file /home/airflow/.local/lib/python3.12/site-packages/airflow/example_dags/tutorial.py for tasks to queue
[2025-01-27T10:56:36.008+0000] {logging_mixin.py:190} INFO - [2025-01-27T10:56:36.007+0000] {dagbag.py:588} INFO - Filling up the DagBag from /home/airflow/.local/lib/python3.12/site-packages/airflow/example_dags/tutorial.py
[2025-01-27T10:56:36.041+0000] {processor.py:925} INFO - DAG(s) 'tutorial' retrieved from /home/airflow/.local/lib/python3.12/site-packages/airflow/example_dags/tutorial.py
[2025-01-27T10:56:36.131+0000] {logging_mixin.py:190} INFO - [2025-01-27T10:56:36.130+0000] {dag.py:3239} INFO - Sync 1 DAGs
[2025-01-27T10:56:36.249+0000] {logging_mixin.py:190} INFO - [2025-01-27T10:56:36.248+0000] {dag.py:4180} INFO - Setting next_dagrun for tutorial to 2025-01-26 00:00:00+00:00, run_after=2025-01-27 00:00:00+00:00
[2025-01-27T10:56:36.290+0000] {processor.py:208} INFO - Processing /home/airflow/.local/lib/python3.12/site-packages/airflow/example_dags/tutorial.py took 0.315 seconds
[2025-01-27T10:57:32.554+0000] {processor.py:186} INFO - Started process (PID=263) to work on /home/airflow/.local/lib/python3.12/site-packages/airflow/example_dags/tutorial.py
[2025-01-27T10:57:32.567+0000] {processor.py:914} INFO - Processing file /home/airflow/.local/lib/python3.12/site-packages/airflow/example_dags/tutorial.py for tasks to queue
[2025-01-27T10:57:32.601+0000] {logging_mixin.py:190} INFO - [2025-01-27T10:57:32.601+0000] {dagbag.py:588} INFO - Filling up the DagBag from /home/airflow/.local/lib/python3.12/site-packages/airflow/example_dags/tutorial.py
[2025-01-27T10:57:32.648+0000] {processor.py:925} INFO - DAG(s) 'tutorial' retrieved from /home/airflow/.local/lib/python3.12/site-packages/airflow/example_dags/tutorial.py
[2025-01-27T10:57:32.977+0000] {logging_mixin.py:190} INFO - [2025-01-27T10:57:32.977+0000] {dag.py:3239} INFO - Sync 1 DAGs
[2025-01-27T10:57:33.115+0000] {logging_mixin.py:190} INFO - [2025-01-27T10:57:33.115+0000] {dag.py:4180} INFO - Setting next_dagrun for tutorial to 2025-01-26 00:00:00+00:00, run_after=2025-01-27 00:00:00+00:00
[2025-01-27T10:57:33.281+0000] {processor.py:208} INFO - Processing /home/airflow/.local/lib/python3.12/site-packages/airflow/example_dags/tutorial.py took 0.775 seconds
[2025-01-27T10:58:03.662+0000] {processor.py:186} INFO - Started process (PID=327) to work on /home/airflow/.local/lib/python3.12/site-packages/airflow/example_dags/tutorial.py
[2025-01-27T10:58:03.674+0000] {processor.py:914} INFO - Processing file /home/airflow/.local/lib/python3.12/site-packages/airflow/example_dags/tutorial.py for tasks to queue
[2025-01-27T10:58:03.682+0000] {logging_mixin.py:190} INFO - [2025-01-27T10:58:03.681+0000] {dagbag.py:588} INFO - Filling up the DagBag from /home/airflow/.local/lib/python3.12/site-packages/airflow/example_dags/tutorial.py
[2025-01-27T10:58:03.802+0000] {processor.py:925} INFO - DAG(s) 'tutorial' retrieved from /home/airflow/.local/lib/python3.12/site-packages/airflow/example_dags/tutorial.py
[2025-01-27T10:58:03.876+0000] {logging_mixin.py:190} INFO - [2025-01-27T10:58:03.876+0000] {dag.py:3239} INFO - Sync 1 DAGs
[2025-01-27T10:58:03.960+0000] {logging_mixin.py:190} INFO - [2025-01-27T10:58:03.960+0000] {dag.py:4180} INFO - Setting next_dagrun for tutorial to 2025-01-26 00:00:00+00:00, run_after=2025-01-27 00:00:00+00:00
[2025-01-27T10:58:04.019+0000] {processor.py:208} INFO - Processing /home/airflow/.local/lib/python3.12/site-packages/airflow/example_dags/tutorial.py took 0.383 seconds
[2025-01-27T10:59:12.121+0000] {processor.py:186} INFO - Started process (PID=416) to work on /home/airflow/.local/lib/python3.12/site-packages/airflow/example_dags/tutorial.py
[2025-01-27T10:59:12.125+0000] {processor.py:914} INFO - Processing file /home/airflow/.local/lib/python3.12/site-packages/airflow/example_dags/tutorial.py for tasks to queue
[2025-01-27T10:59:12.131+0000] {logging_mixin.py:190} INFO - [2025-01-27T10:59:12.131+0000] {dagbag.py:588} INFO - Filling up the DagBag from /home/airflow/.local/lib/python3.12/site-packages/airflow/example_dags/tutorial.py
[2025-01-27T10:59:12.151+0000] {processor.py:925} INFO - DAG(s) 'tutorial' retrieved from /home/airflow/.local/lib/python3.12/site-packages/airflow/example_dags/tutorial.py
[2025-01-27T10:59:12.187+0000] {logging_mixin.py:190} INFO - [2025-01-27T10:59:12.187+0000] {dag.py:3239} INFO - Sync 1 DAGs
[2025-01-27T10:59:12.261+0000] {logging_mixin.py:190} INFO - [2025-01-27T10:59:12.260+0000] {dag.py:4180} INFO - Setting next_dagrun for tutorial to 2025-01-26 00:00:00+00:00, run_after=2025-01-27 00:00:00+00:00
[2025-01-27T10:59:12.330+0000] {processor.py:208} INFO - Processing /home/airflow/.local/lib/python3.12/site-packages/airflow/example_dags/tutorial.py took 0.230 seconds
[2025-01-27T10:59:45.654+0000] {processor.py:186} INFO - Started process (PID=479) to work on /home/airflow/.local/lib/python3.12/site-packages/airflow/example_dags/tutorial.py
[2025-01-27T10:59:45.656+0000] {processor.py:914} INFO - Processing file /home/airflow/.local/lib/python3.12/site-packages/airflow/example_dags/tutorial.py for tasks to queue
[2025-01-27T10:59:45.664+0000] {logging_mixin.py:190} INFO - [2025-01-27T10:59:45.663+0000] {dagbag.py:588} INFO - Filling up the DagBag from /home/airflow/.local/lib/python3.12/site-packages/airflow/example_dags/tutorial.py
[2025-01-27T10:59:45.680+0000] {processor.py:925} INFO - DAG(s) 'tutorial' retrieved from /home/airflow/.local/lib/python3.12/site-packages/airflow/example_dags/tutorial.py
[2025-01-27T10:59:45.725+0000] {logging_mixin.py:190} INFO - [2025-01-27T10:59:45.724+0000] {dag.py:3239} INFO - Sync 1 DAGs
[2025-01-27T10:59:45.786+0000] {logging_mixin.py:190} INFO - [2025-01-27T10:59:45.785+0000] {dag.py:4180} INFO - Setting next_dagrun for tutorial to 2025-01-26 00:00:00+00:00, run_after=2025-01-27 00:00:00+00:00
[2025-01-27T10:59:45.821+0000] {processor.py:208} INFO - Processing /home/airflow/.local/lib/python3.12/site-packages/airflow/example_dags/tutorial.py took 0.184 seconds
[2025-01-27T11:00:17.567+0000] {processor.py:186} INFO - Started process (PID=547) to work on /home/airflow/.local/lib/python3.12/site-packages/airflow/example_dags/tutorial.py
[2025-01-27T11:00:17.579+0000] {processor.py:914} INFO - Processing file /home/airflow/.local/lib/python3.12/site-packages/airflow/example_dags/tutorial.py for tasks to queue
[2025-01-27T11:00:17.600+0000] {logging_mixin.py:190} INFO - [2025-01-27T11:00:17.599+0000] {dagbag.py:588} INFO - Filling up the DagBag from /home/airflow/.local/lib/python3.12/site-packages/airflow/example_dags/tutorial.py
[2025-01-27T11:00:17.679+0000] {processor.py:925} INFO - DAG(s) 'tutorial' retrieved from /home/airflow/.local/lib/python3.12/site-packages/airflow/example_dags/tutorial.py
[2025-01-27T11:00:17.755+0000] {logging_mixin.py:190} INFO - [2025-01-27T11:00:17.754+0000] {dag.py:3239} INFO - Sync 1 DAGs
[2025-01-27T11:00:17.852+0000] {logging_mixin.py:190} INFO - [2025-01-27T11:00:17.851+0000] {dag.py:4180} INFO - Setting next_dagrun for tutorial to 2025-01-26 00:00:00+00:00, run_after=2025-01-27 00:00:00+00:00
[2025-01-27T11:00:17.998+0000] {processor.py:208} INFO - Processing /home/airflow/.local/lib/python3.12/site-packages/airflow/example_dags/tutorial.py took 0.493 seconds
[2025-01-27T11:00:55.403+0000] {processor.py:186} INFO - Started process (PID=623) to work on /home/airflow/.local/lib/python3.12/site-packages/airflow/example_dags/tutorial.py
[2025-01-27T11:00:55.405+0000] {processor.py:914} INFO - Processing file /home/airflow/.local/lib/python3.12/site-packages/airflow/example_dags/tutorial.py for tasks to queue
[2025-01-27T11:00:55.409+0000] {logging_mixin.py:190} INFO - [2025-01-27T11:00:55.409+0000] {dagbag.py:588} INFO - Filling up the DagBag from /home/airflow/.local/lib/python3.12/site-packages/airflow/example_dags/tutorial.py
[2025-01-27T11:00:55.425+0000] {processor.py:925} INFO - DAG(s) 'tutorial' retrieved from /home/airflow/.local/lib/python3.12/site-packages/airflow/example_dags/tutorial.py
[2025-01-27T11:00:55.465+0000] {logging_mixin.py:190} INFO - [2025-01-27T11:00:55.465+0000] {dag.py:3239} INFO - Sync 1 DAGs
[2025-01-27T11:00:55.514+0000] {logging_mixin.py:190} INFO - [2025-01-27T11:00:55.514+0000] {dag.py:4180} INFO - Setting next_dagrun for tutorial to 2025-01-26 00:00:00+00:00, run_after=2025-01-27 00:00:00+00:00
[2025-01-27T11:00:55.562+0000] {processor.py:208} INFO - Processing /home/airflow/.local/lib/python3.12/site-packages/airflow/example_dags/tutorial.py took 0.172 seconds
[2025-01-27T11:01:26.421+0000] {processor.py:186} INFO - Started process (PID=688) to work on /home/airflow/.local/lib/python3.12/site-packages/airflow/example_dags/tutorial.py
[2025-01-27T11:01:26.423+0000] {processor.py:914} INFO - Processing file /home/airflow/.local/lib/python3.12/site-packages/airflow/example_dags/tutorial.py for tasks to queue
[2025-01-27T11:01:26.428+0000] {logging_mixin.py:190} INFO - [2025-01-27T11:01:26.427+0000] {dagbag.py:588} INFO - Filling up the DagBag from /home/airflow/.local/lib/python3.12/site-packages/airflow/example_dags/tutorial.py
[2025-01-27T11:01:26.445+0000] {processor.py:925} INFO - DAG(s) 'tutorial' retrieved from /home/airflow/.local/lib/python3.12/site-packages/airflow/example_dags/tutorial.py
[2025-01-27T11:01:26.477+0000] {logging_mixin.py:190} INFO - [2025-01-27T11:01:26.477+0000] {dag.py:3239} INFO - Sync 1 DAGs
[2025-01-27T11:01:26.523+0000] {logging_mixin.py:190} INFO - [2025-01-27T11:01:26.522+0000] {dag.py:4180} INFO - Setting next_dagrun for tutorial to 2025-01-26 00:00:00+00:00, run_after=2025-01-27 00:00:00+00:00
[2025-01-27T11:01:26.561+0000] {processor.py:208} INFO - Processing /home/airflow/.local/lib/python3.12/site-packages/airflow/example_dags/tutorial.py took 0.151 seconds
[2025-01-27T11:01:57.276+0000] {processor.py:186} INFO - Started process (PID=751) to work on /home/airflow/.local/lib/python3.12/site-packages/airflow/example_dags/tutorial.py
[2025-01-27T11:01:57.278+0000] {processor.py:914} INFO - Processing file /home/airflow/.local/lib/python3.12/site-packages/airflow/example_dags/tutorial.py for tasks to queue
[2025-01-27T11:01:57.283+0000] {logging_mixin.py:190} INFO - [2025-01-27T11:01:57.282+0000] {dagbag.py:588} INFO - Filling up the DagBag from /home/airflow/.local/lib/python3.12/site-packages/airflow/example_dags/tutorial.py
[2025-01-27T11:01:57.300+0000] {processor.py:925} INFO - DAG(s) 'tutorial' retrieved from /home/airflow/.local/lib/python3.12/site-packages/airflow/example_dags/tutorial.py
[2025-01-27T11:01:57.339+0000] {logging_mixin.py:190} INFO - [2025-01-27T11:01:57.339+0000] {dag.py:3239} INFO - Sync 1 DAGs
[2025-01-27T11:01:57.385+0000] {logging_mixin.py:190} INFO - [2025-01-27T11:01:57.385+0000] {dag.py:4180} INFO - Setting next_dagrun for tutorial to 2025-01-26 00:00:00+00:00, run_after=2025-01-27 00:00:00+00:00
[2025-01-27T11:01:57.436+0000] {processor.py:208} INFO - Processing /home/airflow/.local/lib/python3.12/site-packages/airflow/example_dags/tutorial.py took 0.175 seconds
[2025-01-27T11:02:27.524+0000] {processor.py:186} INFO - Started process (PID=815) to work on /home/airflow/.local/lib/python3.12/site-packages/airflow/example_dags/tutorial.py
[2025-01-27T11:02:27.527+0000] {processor.py:914} INFO - Processing file /home/airflow/.local/lib/python3.12/site-packages/airflow/example_dags/tutorial.py for tasks to queue
[2025-01-27T11:02:27.533+0000] {logging_mixin.py:190} INFO - [2025-01-27T11:02:27.533+0000] {dagbag.py:588} INFO - Filling up the DagBag from /home/airflow/.local/lib/python3.12/site-packages/airflow/example_dags/tutorial.py
[2025-01-27T11:02:27.560+0000] {processor.py:925} INFO - DAG(s) 'tutorial' retrieved from /home/airflow/.local/lib/python3.12/site-packages/airflow/example_dags/tutorial.py
[2025-01-27T11:02:27.619+0000] {logging_mixin.py:190} INFO - [2025-01-27T11:02:27.618+0000] {dag.py:3239} INFO - Sync 1 DAGs
[2025-01-27T11:02:27.693+0000] {logging_mixin.py:190} INFO - [2025-01-27T11:02:27.691+0000] {dag.py:4180} INFO - Setting next_dagrun for tutorial to 2025-01-26 00:00:00+00:00, run_after=2025-01-27 00:00:00+00:00
[2025-01-27T11:02:27.748+0000] {processor.py:208} INFO - Processing /home/airflow/.local/lib/python3.12/site-packages/airflow/example_dags/tutorial.py took 0.237 seconds
[2025-01-27T11:02:58.191+0000] {processor.py:186} INFO - Started process (PID=878) to work on /home/airflow/.local/lib/python3.12/site-packages/airflow/example_dags/tutorial.py
[2025-01-27T11:02:58.192+0000] {processor.py:914} INFO - Processing file /home/airflow/.local/lib/python3.12/site-packages/airflow/example_dags/tutorial.py for tasks to queue
[2025-01-27T11:02:58.197+0000] {logging_mixin.py:190} INFO - [2025-01-27T11:02:58.196+0000] {dagbag.py:588} INFO - Filling up the DagBag from /home/airflow/.local/lib/python3.12/site-packages/airflow/example_dags/tutorial.py
[2025-01-27T11:02:58.212+0000] {processor.py:925} INFO - DAG(s) 'tutorial' retrieved from /home/airflow/.local/lib/python3.12/site-packages/airflow/example_dags/tutorial.py
[2025-01-27T11:02:58.246+0000] {logging_mixin.py:190} INFO - [2025-01-27T11:02:58.245+0000] {dag.py:3239} INFO - Sync 1 DAGs
[2025-01-27T11:02:58.307+0000] {logging_mixin.py:190} INFO - [2025-01-27T11:02:58.306+0000] {dag.py:4180} INFO - Setting next_dagrun for tutorial to 2025-01-26 00:00:00+00:00, run_after=2025-01-27 00:00:00+00:00
[2025-01-27T11:02:58.354+0000] {processor.py:208} INFO - Processing /home/airflow/.local/lib/python3.12/site-packages/airflow/example_dags/tutorial.py took 0.174 seconds
[2025-01-27T11:03:30.344+0000] {processor.py:186} INFO - Started process (PID=942) to work on /home/airflow/.local/lib/python3.12/site-packages/airflow/example_dags/tutorial.py
[2025-01-27T11:03:30.347+0000] {processor.py:914} INFO - Processing file /home/airflow/.local/lib/python3.12/site-packages/airflow/example_dags/tutorial.py for tasks to queue
[2025-01-27T11:03:30.362+0000] {logging_mixin.py:190} INFO - [2025-01-27T11:03:30.361+0000] {dagbag.py:588} INFO - Filling up the DagBag from /home/airflow/.local/lib/python3.12/site-packages/airflow/example_dags/tutorial.py
[2025-01-27T11:03:30.397+0000] {processor.py:925} INFO - DAG(s) 'tutorial' retrieved from /home/airflow/.local/lib/python3.12/site-packages/airflow/example_dags/tutorial.py
[2025-01-27T11:03:30.510+0000] {logging_mixin.py:190} INFO - [2025-01-27T11:03:30.510+0000] {dag.py:3239} INFO - Sync 1 DAGs
[2025-01-27T11:03:30.710+0000] {logging_mixin.py:190} INFO - [2025-01-27T11:03:30.708+0000] {dag.py:4180} INFO - Setting next_dagrun for tutorial to 2025-01-26 00:00:00+00:00, run_after=2025-01-27 00:00:00+00:00
[2025-01-27T11:03:30.832+0000] {processor.py:208} INFO - Processing /home/airflow/.local/lib/python3.12/site-packages/airflow/example_dags/tutorial.py took 0.513 seconds
[2025-01-27T11:04:05.046+0000] {processor.py:186} INFO - Started process (PID=1006) to work on /home/airflow/.local/lib/python3.12/site-packages/airflow/example_dags/tutorial.py
[2025-01-27T11:04:05.049+0000] {processor.py:914} INFO - Processing file /home/airflow/.local/lib/python3.12/site-packages/airflow/example_dags/tutorial.py for tasks to queue
[2025-01-27T11:04:05.064+0000] {logging_mixin.py:190} INFO - [2025-01-27T11:04:05.063+0000] {dagbag.py:588} INFO - Filling up the DagBag from /home/airflow/.local/lib/python3.12/site-packages/airflow/example_dags/tutorial.py
[2025-01-27T11:04:05.089+0000] {processor.py:925} INFO - DAG(s) 'tutorial' retrieved from /home/airflow/.local/lib/python3.12/site-packages/airflow/example_dags/tutorial.py
[2025-01-27T11:04:05.139+0000] {logging_mixin.py:190} INFO - [2025-01-27T11:04:05.138+0000] {dag.py:3239} INFO - Sync 1 DAGs
[2025-01-27T11:04:05.210+0000] {logging_mixin.py:190} INFO - [2025-01-27T11:04:05.210+0000] {dag.py:4180} INFO - Setting next_dagrun for tutorial to 2025-01-26 00:00:00+00:00, run_after=2025-01-27 00:00:00+00:00
[2025-01-27T11:04:05.254+0000] {processor.py:208} INFO - Processing /home/airflow/.local/lib/python3.12/site-packages/airflow/example_dags/tutorial.py took 0.243 seconds
[2025-01-27T11:10:02.434+0000] {processor.py:186} INFO - Started process (PID=1083) to work on /home/airflow/.local/lib/python3.12/site-packages/airflow/example_dags/tutorial.py
[2025-01-27T11:10:02.452+0000] {processor.py:914} INFO - Processing file /home/airflow/.local/lib/python3.12/site-packages/airflow/example_dags/tutorial.py for tasks to queue
[2025-01-27T11:10:02.461+0000] {logging_mixin.py:190} INFO - [2025-01-27T11:10:02.460+0000] {dagbag.py:588} INFO - Filling up the DagBag from /home/airflow/.local/lib/python3.12/site-packages/airflow/example_dags/tutorial.py
[2025-01-27T11:10:02.569+0000] {processor.py:925} INFO - DAG(s) 'tutorial' retrieved from /home/airflow/.local/lib/python3.12/site-packages/airflow/example_dags/tutorial.py
[2025-01-27T11:10:02.961+0000] {logging_mixin.py:190} INFO - [2025-01-27T11:10:02.960+0000] {dag.py:3239} INFO - Sync 1 DAGs
[2025-01-27T11:10:03.534+0000] {logging_mixin.py:190} INFO - [2025-01-27T11:10:03.516+0000] {dag.py:4180} INFO - Setting next_dagrun for tutorial to 2025-01-26 00:00:00+00:00, run_after=2025-01-27 00:00:00+00:00
[2025-01-27T11:10:03.673+0000] {processor.py:208} INFO - Processing /home/airflow/.local/lib/python3.12/site-packages/airflow/example_dags/tutorial.py took 1.294 seconds
[2025-01-27T11:15:03.425+0000] {processor.py:186} INFO - Started process (PID=1149) to work on /home/airflow/.local/lib/python3.12/site-packages/airflow/example_dags/tutorial.py
[2025-01-27T11:15:03.433+0000] {processor.py:914} INFO - Processing file /home/airflow/.local/lib/python3.12/site-packages/airflow/example_dags/tutorial.py for tasks to queue
[2025-01-27T11:15:03.435+0000] {logging_mixin.py:190} INFO - [2025-01-27T11:15:03.435+0000] {dagbag.py:588} INFO - Filling up the DagBag from /home/airflow/.local/lib/python3.12/site-packages/airflow/example_dags/tutorial.py
[2025-01-27T11:15:03.450+0000] {processor.py:925} INFO - DAG(s) 'tutorial' retrieved from /home/airflow/.local/lib/python3.12/site-packages/airflow/example_dags/tutorial.py
[2025-01-27T11:15:03.540+0000] {logging_mixin.py:190} INFO - [2025-01-27T11:15:03.539+0000] {dag.py:3239} INFO - Sync 1 DAGs
[2025-01-27T11:15:03.576+0000] {logging_mixin.py:190} INFO - [2025-01-27T11:15:03.575+0000] {dag.py:4180} INFO - Setting next_dagrun for tutorial to 2025-01-26 00:00:00+00:00, run_after=2025-01-27 00:00:00+00:00
[2025-01-27T11:15:03.659+0000] {processor.py:208} INFO - Processing /home/airflow/.local/lib/python3.12/site-packages/airflow/example_dags/tutorial.py took 0.262 seconds
[2025-01-27T11:15:33.985+0000] {processor.py:186} INFO - Started process (PID=1213) to work on /home/airflow/.local/lib/python3.12/site-packages/airflow/example_dags/tutorial.py
[2025-01-27T11:15:33.987+0000] {processor.py:914} INFO - Processing file /home/airflow/.local/lib/python3.12/site-packages/airflow/example_dags/tutorial.py for tasks to queue
[2025-01-27T11:15:33.989+0000] {logging_mixin.py:190} INFO - [2025-01-27T11:15:33.988+0000] {dagbag.py:588} INFO - Filling up the DagBag from /home/airflow/.local/lib/python3.12/site-packages/airflow/example_dags/tutorial.py
[2025-01-27T11:15:34.003+0000] {processor.py:925} INFO - DAG(s) 'tutorial' retrieved from /home/airflow/.local/lib/python3.12/site-packages/airflow/example_dags/tutorial.py
[2025-01-27T11:15:34.035+0000] {logging_mixin.py:190} INFO - [2025-01-27T11:15:34.035+0000] {dag.py:3239} INFO - Sync 1 DAGs
[2025-01-27T11:15:34.071+0000] {logging_mixin.py:190} INFO - [2025-01-27T11:15:34.070+0000] {dag.py:4180} INFO - Setting next_dagrun for tutorial to 2025-01-26 00:00:00+00:00, run_after=2025-01-27 00:00:00+00:00
[2025-01-27T11:15:34.099+0000] {processor.py:208} INFO - Processing /home/airflow/.local/lib/python3.12/site-packages/airflow/example_dags/tutorial.py took 0.122 seconds
[2025-01-27T11:16:11.443+0000] {processor.py:186} INFO - Started process (PID=1277) to work on /home/airflow/.local/lib/python3.12/site-packages/airflow/example_dags/tutorial.py
[2025-01-27T11:16:11.446+0000] {processor.py:914} INFO - Processing file /home/airflow/.local/lib/python3.12/site-packages/airflow/example_dags/tutorial.py for tasks to queue
[2025-01-27T11:16:11.453+0000] {logging_mixin.py:190} INFO - [2025-01-27T11:16:11.452+0000] {dagbag.py:588} INFO - Filling up the DagBag from /home/airflow/.local/lib/python3.12/site-packages/airflow/example_dags/tutorial.py
[2025-01-27T11:16:11.479+0000] {processor.py:925} INFO - DAG(s) 'tutorial' retrieved from /home/airflow/.local/lib/python3.12/site-packages/airflow/example_dags/tutorial.py
[2025-01-27T11:16:11.575+0000] {logging_mixin.py:190} INFO - [2025-01-27T11:16:11.574+0000] {dag.py:3239} INFO - Sync 1 DAGs
[2025-01-27T11:16:11.674+0000] {logging_mixin.py:190} INFO - [2025-01-27T11:16:11.674+0000] {dag.py:4180} INFO - Setting next_dagrun for tutorial to 2025-01-26 00:00:00+00:00, run_after=2025-01-27 00:00:00+00:00
[2025-01-27T11:16:11.826+0000] {processor.py:208} INFO - Processing /home/airflow/.local/lib/python3.12/site-packages/airflow/example_dags/tutorial.py took 0.401 seconds
[2025-01-27T11:18:40.010+0000] {processor.py:186} INFO - Started process (PID=1341) to work on /home/airflow/.local/lib/python3.12/site-packages/airflow/example_dags/tutorial.py
[2025-01-27T11:18:40.016+0000] {processor.py:914} INFO - Processing file /home/airflow/.local/lib/python3.12/site-packages/airflow/example_dags/tutorial.py for tasks to queue
[2025-01-27T11:18:40.022+0000] {logging_mixin.py:190} INFO - [2025-01-27T11:18:40.021+0000] {dagbag.py:588} INFO - Filling up the DagBag from /home/airflow/.local/lib/python3.12/site-packages/airflow/example_dags/tutorial.py
[2025-01-27T11:18:40.095+0000] {processor.py:925} INFO - DAG(s) 'tutorial' retrieved from /home/airflow/.local/lib/python3.12/site-packages/airflow/example_dags/tutorial.py
[2025-01-27T11:18:40.209+0000] {logging_mixin.py:190} INFO - [2025-01-27T11:18:40.208+0000] {dag.py:3239} INFO - Sync 1 DAGs
[2025-01-27T11:18:40.319+0000] {logging_mixin.py:190} INFO - [2025-01-27T11:18:40.319+0000] {dag.py:4180} INFO - Setting next_dagrun for tutorial to 2025-01-26 00:00:00+00:00, run_after=2025-01-27 00:00:00+00:00
[2025-01-27T11:18:40.445+0000] {processor.py:208} INFO - Processing /home/airflow/.local/lib/python3.12/site-packages/airflow/example_dags/tutorial.py took 0.459 seconds
[2025-01-27T11:19:24.392+0000] {processor.py:186} INFO - Started process (PID=1412) to work on /home/airflow/.local/lib/python3.12/site-packages/airflow/example_dags/tutorial.py
[2025-01-27T11:19:24.394+0000] {processor.py:914} INFO - Processing file /home/airflow/.local/lib/python3.12/site-packages/airflow/example_dags/tutorial.py for tasks to queue
[2025-01-27T11:19:24.400+0000] {logging_mixin.py:190} INFO - [2025-01-27T11:19:24.399+0000] {dagbag.py:588} INFO - Filling up the DagBag from /home/airflow/.local/lib/python3.12/site-packages/airflow/example_dags/tutorial.py
[2025-01-27T11:19:24.460+0000] {processor.py:925} INFO - DAG(s) 'tutorial' retrieved from /home/airflow/.local/lib/python3.12/site-packages/airflow/example_dags/tutorial.py
[2025-01-27T11:19:24.759+0000] {logging_mixin.py:190} INFO - [2025-01-27T11:19:24.758+0000] {dag.py:3239} INFO - Sync 1 DAGs
[2025-01-27T11:19:24.880+0000] {logging_mixin.py:190} INFO - [2025-01-27T11:19:24.880+0000] {dag.py:4180} INFO - Setting next_dagrun for tutorial to 2025-01-26 00:00:00+00:00, run_after=2025-01-27 00:00:00+00:00
[2025-01-27T11:19:24.932+0000] {processor.py:208} INFO - Processing /home/airflow/.local/lib/python3.12/site-packages/airflow/example_dags/tutorial.py took 0.556 seconds
[2025-01-27T11:19:55.909+0000] {processor.py:186} INFO - Started process (PID=1476) to work on /home/airflow/.local/lib/python3.12/site-packages/airflow/example_dags/tutorial.py
[2025-01-27T11:19:55.913+0000] {processor.py:914} INFO - Processing file /home/airflow/.local/lib/python3.12/site-packages/airflow/example_dags/tutorial.py for tasks to queue
[2025-01-27T11:19:55.919+0000] {logging_mixin.py:190} INFO - [2025-01-27T11:19:55.918+0000] {dagbag.py:588} INFO - Filling up the DagBag from /home/airflow/.local/lib/python3.12/site-packages/airflow/example_dags/tutorial.py
[2025-01-27T11:19:55.955+0000] {processor.py:925} INFO - DAG(s) 'tutorial' retrieved from /home/airflow/.local/lib/python3.12/site-packages/airflow/example_dags/tutorial.py
[2025-01-27T11:19:56.008+0000] {logging_mixin.py:190} INFO - [2025-01-27T11:19:56.008+0000] {dag.py:3239} INFO - Sync 1 DAGs
[2025-01-27T11:19:56.054+0000] {logging_mixin.py:190} INFO - [2025-01-27T11:19:56.053+0000] {dag.py:4180} INFO - Setting next_dagrun for tutorial to 2025-01-26 00:00:00+00:00, run_after=2025-01-27 00:00:00+00:00
[2025-01-27T11:19:56.096+0000] {processor.py:208} INFO - Processing /home/airflow/.local/lib/python3.12/site-packages/airflow/example_dags/tutorial.py took 0.201 seconds
[2025-01-27T11:37:31.373+0000] {processor.py:186} INFO - Started process (PID=186) to work on /home/airflow/.local/lib/python3.12/site-packages/airflow/example_dags/tutorial.py
[2025-01-27T11:37:31.378+0000] {processor.py:914} INFO - Processing file /home/airflow/.local/lib/python3.12/site-packages/airflow/example_dags/tutorial.py for tasks to queue
[2025-01-27T11:37:31.385+0000] {logging_mixin.py:190} INFO - [2025-01-27T11:37:31.384+0000] {dagbag.py:588} INFO - Filling up the DagBag from /home/airflow/.local/lib/python3.12/site-packages/airflow/example_dags/tutorial.py
[2025-01-27T11:37:31.473+0000] {processor.py:925} INFO - DAG(s) 'tutorial' retrieved from /home/airflow/.local/lib/python3.12/site-packages/airflow/example_dags/tutorial.py
[2025-01-27T11:37:31.638+0000] {logging_mixin.py:190} INFO - [2025-01-27T11:37:31.638+0000] {dag.py:3239} INFO - Sync 1 DAGs
[2025-01-27T11:37:31.859+0000] {logging_mixin.py:190} INFO - [2025-01-27T11:37:31.858+0000] {dag.py:4180} INFO - Setting next_dagrun for tutorial to 2025-01-26 00:00:00+00:00, run_after=2025-01-27 00:00:00+00:00
[2025-01-27T11:37:32.061+0000] {processor.py:208} INFO - Processing /home/airflow/.local/lib/python3.12/site-packages/airflow/example_dags/tutorial.py took 0.718 seconds
[2025-01-27T11:38:12.407+0000] {processor.py:186} INFO - Started process (PID=249) to work on /home/airflow/.local/lib/python3.12/site-packages/airflow/example_dags/tutorial.py
[2025-01-27T11:38:12.409+0000] {processor.py:914} INFO - Processing file /home/airflow/.local/lib/python3.12/site-packages/airflow/example_dags/tutorial.py for tasks to queue
[2025-01-27T11:38:12.415+0000] {logging_mixin.py:190} INFO - [2025-01-27T11:38:12.413+0000] {dagbag.py:588} INFO - Filling up the DagBag from /home/airflow/.local/lib/python3.12/site-packages/airflow/example_dags/tutorial.py
[2025-01-27T11:38:12.481+0000] {processor.py:925} INFO - DAG(s) 'tutorial' retrieved from /home/airflow/.local/lib/python3.12/site-packages/airflow/example_dags/tutorial.py
[2025-01-27T11:38:12.584+0000] {logging_mixin.py:190} INFO - [2025-01-27T11:38:12.583+0000] {dag.py:3239} INFO - Sync 1 DAGs
[2025-01-27T11:38:12.675+0000] {logging_mixin.py:190} INFO - [2025-01-27T11:38:12.673+0000] {dag.py:4180} INFO - Setting next_dagrun for tutorial to 2025-01-26 00:00:00+00:00, run_after=2025-01-27 00:00:00+00:00
[2025-01-27T11:38:12.770+0000] {processor.py:208} INFO - Processing /home/airflow/.local/lib/python3.12/site-packages/airflow/example_dags/tutorial.py took 0.378 seconds
[2025-01-27T11:38:52.016+0000] {processor.py:186} INFO - Started process (PID=314) to work on /home/airflow/.local/lib/python3.12/site-packages/airflow/example_dags/tutorial.py
[2025-01-27T11:38:52.018+0000] {processor.py:914} INFO - Processing file /home/airflow/.local/lib/python3.12/site-packages/airflow/example_dags/tutorial.py for tasks to queue
[2025-01-27T11:38:52.023+0000] {logging_mixin.py:190} INFO - [2025-01-27T11:38:52.022+0000] {dagbag.py:588} INFO - Filling up the DagBag from /home/airflow/.local/lib/python3.12/site-packages/airflow/example_dags/tutorial.py
[2025-01-27T11:38:52.045+0000] {processor.py:925} INFO - DAG(s) 'tutorial' retrieved from /home/airflow/.local/lib/python3.12/site-packages/airflow/example_dags/tutorial.py
[2025-01-27T11:38:52.134+0000] {logging_mixin.py:190} INFO - [2025-01-27T11:38:52.133+0000] {dag.py:3239} INFO - Sync 1 DAGs
[2025-01-27T11:38:52.252+0000] {logging_mixin.py:190} INFO - [2025-01-27T11:38:52.252+0000] {dag.py:4180} INFO - Setting next_dagrun for tutorial to 2025-01-26 00:00:00+00:00, run_after=2025-01-27 00:00:00+00:00
[2025-01-27T11:38:52.314+0000] {processor.py:208} INFO - Processing /home/airflow/.local/lib/python3.12/site-packages/airflow/example_dags/tutorial.py took 0.316 seconds
[2025-01-27T11:39:23.962+0000] {processor.py:186} INFO - Started process (PID=379) to work on /home/airflow/.local/lib/python3.12/site-packages/airflow/example_dags/tutorial.py
[2025-01-27T11:39:23.964+0000] {processor.py:914} INFO - Processing file /home/airflow/.local/lib/python3.12/site-packages/airflow/example_dags/tutorial.py for tasks to queue
[2025-01-27T11:39:23.967+0000] {logging_mixin.py:190} INFO - [2025-01-27T11:39:23.967+0000] {dagbag.py:588} INFO - Filling up the DagBag from /home/airflow/.local/lib/python3.12/site-packages/airflow/example_dags/tutorial.py
[2025-01-27T11:39:23.983+0000] {processor.py:925} INFO - DAG(s) 'tutorial' retrieved from /home/airflow/.local/lib/python3.12/site-packages/airflow/example_dags/tutorial.py
[2025-01-27T11:39:24.049+0000] {logging_mixin.py:190} INFO - [2025-01-27T11:39:24.049+0000] {dag.py:3239} INFO - Sync 1 DAGs
[2025-01-27T11:39:24.150+0000] {logging_mixin.py:190} INFO - [2025-01-27T11:39:24.150+0000] {dag.py:4180} INFO - Setting next_dagrun for tutorial to 2025-01-26 00:00:00+00:00, run_after=2025-01-27 00:00:00+00:00
[2025-01-27T11:39:24.240+0000] {processor.py:208} INFO - Processing /home/airflow/.local/lib/python3.12/site-packages/airflow/example_dags/tutorial.py took 0.287 seconds
[2025-01-27T11:39:55.845+0000] {processor.py:186} INFO - Started process (PID=443) to work on /home/airflow/.local/lib/python3.12/site-packages/airflow/example_dags/tutorial.py
[2025-01-27T11:39:55.847+0000] {processor.py:914} INFO - Processing file /home/airflow/.local/lib/python3.12/site-packages/airflow/example_dags/tutorial.py for tasks to queue
[2025-01-27T11:39:55.852+0000] {logging_mixin.py:190} INFO - [2025-01-27T11:39:55.851+0000] {dagbag.py:588} INFO - Filling up the DagBag from /home/airflow/.local/lib/python3.12/site-packages/airflow/example_dags/tutorial.py
[2025-01-27T11:39:55.872+0000] {processor.py:925} INFO - DAG(s) 'tutorial' retrieved from /home/airflow/.local/lib/python3.12/site-packages/airflow/example_dags/tutorial.py
[2025-01-27T11:39:55.928+0000] {logging_mixin.py:190} INFO - [2025-01-27T11:39:55.928+0000] {dag.py:3239} INFO - Sync 1 DAGs
[2025-01-27T11:39:56.021+0000] {logging_mixin.py:190} INFO - [2025-01-27T11:39:56.021+0000] {dag.py:4180} INFO - Setting next_dagrun for tutorial to 2025-01-26 00:00:00+00:00, run_after=2025-01-27 00:00:00+00:00
[2025-01-27T11:39:56.088+0000] {processor.py:208} INFO - Processing /home/airflow/.local/lib/python3.12/site-packages/airflow/example_dags/tutorial.py took 0.256 seconds
[2025-01-27T11:40:27.069+0000] {processor.py:186} INFO - Started process (PID=508) to work on /home/airflow/.local/lib/python3.12/site-packages/airflow/example_dags/tutorial.py
[2025-01-27T11:40:27.071+0000] {processor.py:914} INFO - Processing file /home/airflow/.local/lib/python3.12/site-packages/airflow/example_dags/tutorial.py for tasks to queue
[2025-01-27T11:40:27.076+0000] {logging_mixin.py:190} INFO - [2025-01-27T11:40:27.075+0000] {dagbag.py:588} INFO - Filling up the DagBag from /home/airflow/.local/lib/python3.12/site-packages/airflow/example_dags/tutorial.py
[2025-01-27T11:40:27.089+0000] {processor.py:925} INFO - DAG(s) 'tutorial' retrieved from /home/airflow/.local/lib/python3.12/site-packages/airflow/example_dags/tutorial.py
[2025-01-27T11:40:27.133+0000] {logging_mixin.py:190} INFO - [2025-01-27T11:40:27.132+0000] {dag.py:3239} INFO - Sync 1 DAGs
[2025-01-27T11:40:27.184+0000] {logging_mixin.py:190} INFO - [2025-01-27T11:40:27.183+0000] {dag.py:4180} INFO - Setting next_dagrun for tutorial to 2025-01-26 00:00:00+00:00, run_after=2025-01-27 00:00:00+00:00
[2025-01-27T11:40:27.226+0000] {processor.py:208} INFO - Processing /home/airflow/.local/lib/python3.12/site-packages/airflow/example_dags/tutorial.py took 0.168 seconds
[2025-01-27T11:40:58.021+0000] {processor.py:186} INFO - Started process (PID=573) to work on /home/airflow/.local/lib/python3.12/site-packages/airflow/example_dags/tutorial.py
[2025-01-27T11:40:58.023+0000] {processor.py:914} INFO - Processing file /home/airflow/.local/lib/python3.12/site-packages/airflow/example_dags/tutorial.py for tasks to queue
[2025-01-27T11:40:58.028+0000] {logging_mixin.py:190} INFO - [2025-01-27T11:40:58.027+0000] {dagbag.py:588} INFO - Filling up the DagBag from /home/airflow/.local/lib/python3.12/site-packages/airflow/example_dags/tutorial.py
[2025-01-27T11:40:58.052+0000] {processor.py:925} INFO - DAG(s) 'tutorial' retrieved from /home/airflow/.local/lib/python3.12/site-packages/airflow/example_dags/tutorial.py
[2025-01-27T11:40:58.094+0000] {logging_mixin.py:190} INFO - [2025-01-27T11:40:58.094+0000] {dag.py:3239} INFO - Sync 1 DAGs
[2025-01-27T11:40:58.140+0000] {logging_mixin.py:190} INFO - [2025-01-27T11:40:58.140+0000] {dag.py:4180} INFO - Setting next_dagrun for tutorial to 2025-01-26 00:00:00+00:00, run_after=2025-01-27 00:00:00+00:00
[2025-01-27T11:40:58.178+0000] {processor.py:208} INFO - Processing /home/airflow/.local/lib/python3.12/site-packages/airflow/example_dags/tutorial.py took 0.176 seconds
[2025-01-27T11:41:28.737+0000] {processor.py:186} INFO - Started process (PID=637) to work on /home/airflow/.local/lib/python3.12/site-packages/airflow/example_dags/tutorial.py
[2025-01-27T11:41:28.739+0000] {processor.py:914} INFO - Processing file /home/airflow/.local/lib/python3.12/site-packages/airflow/example_dags/tutorial.py for tasks to queue
[2025-01-27T11:41:28.744+0000] {logging_mixin.py:190} INFO - [2025-01-27T11:41:28.743+0000] {dagbag.py:588} INFO - Filling up the DagBag from /home/airflow/.local/lib/python3.12/site-packages/airflow/example_dags/tutorial.py
[2025-01-27T11:41:28.767+0000] {processor.py:925} INFO - DAG(s) 'tutorial' retrieved from /home/airflow/.local/lib/python3.12/site-packages/airflow/example_dags/tutorial.py
[2025-01-27T11:41:28.842+0000] {logging_mixin.py:190} INFO - [2025-01-27T11:41:28.841+0000] {dag.py:3239} INFO - Sync 1 DAGs
[2025-01-27T11:41:28.895+0000] {logging_mixin.py:190} INFO - [2025-01-27T11:41:28.895+0000] {dag.py:4180} INFO - Setting next_dagrun for tutorial to 2025-01-26 00:00:00+00:00, run_after=2025-01-27 00:00:00+00:00
[2025-01-27T11:41:28.945+0000] {processor.py:208} INFO - Processing /home/airflow/.local/lib/python3.12/site-packages/airflow/example_dags/tutorial.py took 0.226 seconds
[2025-01-27T11:41:59.312+0000] {processor.py:186} INFO - Started process (PID=701) to work on /home/airflow/.local/lib/python3.12/site-packages/airflow/example_dags/tutorial.py
[2025-01-27T11:41:59.313+0000] {processor.py:914} INFO - Processing file /home/airflow/.local/lib/python3.12/site-packages/airflow/example_dags/tutorial.py for tasks to queue
[2025-01-27T11:41:59.317+0000] {logging_mixin.py:190} INFO - [2025-01-27T11:41:59.317+0000] {dagbag.py:588} INFO - Filling up the DagBag from /home/airflow/.local/lib/python3.12/site-packages/airflow/example_dags/tutorial.py
[2025-01-27T11:41:59.330+0000] {processor.py:925} INFO - DAG(s) 'tutorial' retrieved from /home/airflow/.local/lib/python3.12/site-packages/airflow/example_dags/tutorial.py
[2025-01-27T11:41:59.366+0000] {logging_mixin.py:190} INFO - [2025-01-27T11:41:59.366+0000] {dag.py:3239} INFO - Sync 1 DAGs
[2025-01-27T11:41:59.405+0000] {logging_mixin.py:190} INFO - [2025-01-27T11:41:59.405+0000] {dag.py:4180} INFO - Setting next_dagrun for tutorial to 2025-01-26 00:00:00+00:00, run_after=2025-01-27 00:00:00+00:00
[2025-01-27T11:41:59.436+0000] {processor.py:208} INFO - Processing /home/airflow/.local/lib/python3.12/site-packages/airflow/example_dags/tutorial.py took 0.133 seconds
[2025-01-27T11:42:29.664+0000] {processor.py:186} INFO - Started process (PID=764) to work on /home/airflow/.local/lib/python3.12/site-packages/airflow/example_dags/tutorial.py
[2025-01-27T11:42:29.666+0000] {processor.py:914} INFO - Processing file /home/airflow/.local/lib/python3.12/site-packages/airflow/example_dags/tutorial.py for tasks to queue
[2025-01-27T11:42:29.671+0000] {logging_mixin.py:190} INFO - [2025-01-27T11:42:29.670+0000] {dagbag.py:588} INFO - Filling up the DagBag from /home/airflow/.local/lib/python3.12/site-packages/airflow/example_dags/tutorial.py
[2025-01-27T11:42:29.687+0000] {processor.py:925} INFO - DAG(s) 'tutorial' retrieved from /home/airflow/.local/lib/python3.12/site-packages/airflow/example_dags/tutorial.py
[2025-01-27T11:42:29.724+0000] {logging_mixin.py:190} INFO - [2025-01-27T11:42:29.724+0000] {dag.py:3239} INFO - Sync 1 DAGs
[2025-01-27T11:42:29.765+0000] {logging_mixin.py:190} INFO - [2025-01-27T11:42:29.764+0000] {dag.py:4180} INFO - Setting next_dagrun for tutorial to 2025-01-26 00:00:00+00:00, run_after=2025-01-27 00:00:00+00:00
[2025-01-27T11:42:29.803+0000] {processor.py:208} INFO - Processing /home/airflow/.local/lib/python3.12/site-packages/airflow/example_dags/tutorial.py took 0.150 seconds
[2025-01-27T11:43:03.514+0000] {processor.py:186} INFO - Started process (PID=836) to work on /home/airflow/.local/lib/python3.12/site-packages/airflow/example_dags/tutorial.py
[2025-01-27T11:43:03.516+0000] {processor.py:914} INFO - Processing file /home/airflow/.local/lib/python3.12/site-packages/airflow/example_dags/tutorial.py for tasks to queue
[2025-01-27T11:43:03.521+0000] {logging_mixin.py:190} INFO - [2025-01-27T11:43:03.520+0000] {dagbag.py:588} INFO - Filling up the DagBag from /home/airflow/.local/lib/python3.12/site-packages/airflow/example_dags/tutorial.py
[2025-01-27T11:43:03.537+0000] {processor.py:925} INFO - DAG(s) 'tutorial' retrieved from /home/airflow/.local/lib/python3.12/site-packages/airflow/example_dags/tutorial.py
[2025-01-27T11:43:03.580+0000] {logging_mixin.py:190} INFO - [2025-01-27T11:43:03.579+0000] {dag.py:3239} INFO - Sync 1 DAGs
[2025-01-27T11:43:03.649+0000] {logging_mixin.py:190} INFO - [2025-01-27T11:43:03.649+0000] {dag.py:4180} INFO - Setting next_dagrun for tutorial to 2025-01-26 00:00:00+00:00, run_after=2025-01-27 00:00:00+00:00
[2025-01-27T11:43:03.691+0000] {processor.py:208} INFO - Processing /home/airflow/.local/lib/python3.12/site-packages/airflow/example_dags/tutorial.py took 0.191 seconds
[2025-01-27T11:43:45.413+0000] {processor.py:186} INFO - Started process (PID=904) to work on /home/airflow/.local/lib/python3.12/site-packages/airflow/example_dags/tutorial.py
[2025-01-27T11:43:45.416+0000] {processor.py:914} INFO - Processing file /home/airflow/.local/lib/python3.12/site-packages/airflow/example_dags/tutorial.py for tasks to queue
[2025-01-27T11:43:45.425+0000] {logging_mixin.py:190} INFO - [2025-01-27T11:43:45.424+0000] {dagbag.py:588} INFO - Filling up the DagBag from /home/airflow/.local/lib/python3.12/site-packages/airflow/example_dags/tutorial.py
[2025-01-27T11:43:45.453+0000] {processor.py:925} INFO - DAG(s) 'tutorial' retrieved from /home/airflow/.local/lib/python3.12/site-packages/airflow/example_dags/tutorial.py
[2025-01-27T11:43:45.542+0000] {logging_mixin.py:190} INFO - [2025-01-27T11:43:45.540+0000] {dag.py:3239} INFO - Sync 1 DAGs
[2025-01-27T11:43:45.633+0000] {logging_mixin.py:190} INFO - [2025-01-27T11:43:45.632+0000] {dag.py:4180} INFO - Setting next_dagrun for tutorial to 2025-01-26 00:00:00+00:00, run_after=2025-01-27 00:00:00+00:00
[2025-01-27T11:43:45.695+0000] {processor.py:208} INFO - Processing /home/airflow/.local/lib/python3.12/site-packages/airflow/example_dags/tutorial.py took 0.308 seconds
[2025-01-27T11:44:16.481+0000] {processor.py:186} INFO - Started process (PID=968) to work on /home/airflow/.local/lib/python3.12/site-packages/airflow/example_dags/tutorial.py
[2025-01-27T11:44:16.484+0000] {processor.py:914} INFO - Processing file /home/airflow/.local/lib/python3.12/site-packages/airflow/example_dags/tutorial.py for tasks to queue
[2025-01-27T11:44:16.492+0000] {logging_mixin.py:190} INFO - [2025-01-27T11:44:16.491+0000] {dagbag.py:588} INFO - Filling up the DagBag from /home/airflow/.local/lib/python3.12/site-packages/airflow/example_dags/tutorial.py
[2025-01-27T11:44:16.543+0000] {processor.py:925} INFO - DAG(s) 'tutorial' retrieved from /home/airflow/.local/lib/python3.12/site-packages/airflow/example_dags/tutorial.py
[2025-01-27T11:44:16.633+0000] {logging_mixin.py:190} INFO - [2025-01-27T11:44:16.633+0000] {dag.py:3239} INFO - Sync 1 DAGs
[2025-01-27T11:44:16.732+0000] {logging_mixin.py:190} INFO - [2025-01-27T11:44:16.726+0000] {dag.py:4180} INFO - Setting next_dagrun for tutorial to 2025-01-26 00:00:00+00:00, run_after=2025-01-27 00:00:00+00:00
[2025-01-27T11:44:16.808+0000] {processor.py:208} INFO - Processing /home/airflow/.local/lib/python3.12/site-packages/airflow/example_dags/tutorial.py took 0.347 seconds
[2025-01-27T11:44:47.155+0000] {processor.py:186} INFO - Started process (PID=1031) to work on /home/airflow/.local/lib/python3.12/site-packages/airflow/example_dags/tutorial.py
[2025-01-27T11:44:47.157+0000] {processor.py:914} INFO - Processing file /home/airflow/.local/lib/python3.12/site-packages/airflow/example_dags/tutorial.py for tasks to queue
[2025-01-27T11:44:47.161+0000] {logging_mixin.py:190} INFO - [2025-01-27T11:44:47.161+0000] {dagbag.py:588} INFO - Filling up the DagBag from /home/airflow/.local/lib/python3.12/site-packages/airflow/example_dags/tutorial.py
[2025-01-27T11:44:47.177+0000] {processor.py:925} INFO - DAG(s) 'tutorial' retrieved from /home/airflow/.local/lib/python3.12/site-packages/airflow/example_dags/tutorial.py
[2025-01-27T11:44:47.214+0000] {logging_mixin.py:190} INFO - [2025-01-27T11:44:47.214+0000] {dag.py:3239} INFO - Sync 1 DAGs
[2025-01-27T11:44:47.253+0000] {logging_mixin.py:190} INFO - [2025-01-27T11:44:47.253+0000] {dag.py:4180} INFO - Setting next_dagrun for tutorial to 2025-01-26 00:00:00+00:00, run_after=2025-01-27 00:00:00+00:00
[2025-01-27T11:44:47.283+0000] {processor.py:208} INFO - Processing /home/airflow/.local/lib/python3.12/site-packages/airflow/example_dags/tutorial.py took 0.136 seconds
[2025-01-27T11:45:17.496+0000] {processor.py:186} INFO - Started process (PID=1096) to work on /home/airflow/.local/lib/python3.12/site-packages/airflow/example_dags/tutorial.py
[2025-01-27T11:45:17.498+0000] {processor.py:914} INFO - Processing file /home/airflow/.local/lib/python3.12/site-packages/airflow/example_dags/tutorial.py for tasks to queue
[2025-01-27T11:45:17.504+0000] {logging_mixin.py:190} INFO - [2025-01-27T11:45:17.503+0000] {dagbag.py:588} INFO - Filling up the DagBag from /home/airflow/.local/lib/python3.12/site-packages/airflow/example_dags/tutorial.py
[2025-01-27T11:45:17.520+0000] {processor.py:925} INFO - DAG(s) 'tutorial' retrieved from /home/airflow/.local/lib/python3.12/site-packages/airflow/example_dags/tutorial.py
[2025-01-27T11:45:17.559+0000] {logging_mixin.py:190} INFO - [2025-01-27T11:45:17.559+0000] {dag.py:3239} INFO - Sync 1 DAGs
[2025-01-27T11:45:17.597+0000] {logging_mixin.py:190} INFO - [2025-01-27T11:45:17.597+0000] {dag.py:4180} INFO - Setting next_dagrun for tutorial to 2025-01-26 00:00:00+00:00, run_after=2025-01-27 00:00:00+00:00
[2025-01-27T11:45:17.627+0000] {processor.py:208} INFO - Processing /home/airflow/.local/lib/python3.12/site-packages/airflow/example_dags/tutorial.py took 0.144 seconds
[2025-01-27T11:45:47.699+0000] {processor.py:186} INFO - Started process (PID=1159) to work on /home/airflow/.local/lib/python3.12/site-packages/airflow/example_dags/tutorial.py
[2025-01-27T11:45:47.701+0000] {processor.py:914} INFO - Processing file /home/airflow/.local/lib/python3.12/site-packages/airflow/example_dags/tutorial.py for tasks to queue
[2025-01-27T11:45:47.705+0000] {logging_mixin.py:190} INFO - [2025-01-27T11:45:47.704+0000] {dagbag.py:588} INFO - Filling up the DagBag from /home/airflow/.local/lib/python3.12/site-packages/airflow/example_dags/tutorial.py
[2025-01-27T11:45:47.716+0000] {processor.py:925} INFO - DAG(s) 'tutorial' retrieved from /home/airflow/.local/lib/python3.12/site-packages/airflow/example_dags/tutorial.py
[2025-01-27T11:45:47.746+0000] {logging_mixin.py:190} INFO - [2025-01-27T11:45:47.745+0000] {dag.py:3239} INFO - Sync 1 DAGs
[2025-01-27T11:45:47.777+0000] {logging_mixin.py:190} INFO - [2025-01-27T11:45:47.777+0000] {dag.py:4180} INFO - Setting next_dagrun for tutorial to 2025-01-26 00:00:00+00:00, run_after=2025-01-27 00:00:00+00:00
[2025-01-27T11:45:47.806+0000] {processor.py:208} INFO - Processing /home/airflow/.local/lib/python3.12/site-packages/airflow/example_dags/tutorial.py took 0.116 seconds
[2025-01-27T11:46:18.007+0000] {processor.py:186} INFO - Started process (PID=1223) to work on /home/airflow/.local/lib/python3.12/site-packages/airflow/example_dags/tutorial.py
[2025-01-27T11:46:18.009+0000] {processor.py:914} INFO - Processing file /home/airflow/.local/lib/python3.12/site-packages/airflow/example_dags/tutorial.py for tasks to queue
[2025-01-27T11:46:18.014+0000] {logging_mixin.py:190} INFO - [2025-01-27T11:46:18.014+0000] {dagbag.py:588} INFO - Filling up the DagBag from /home/airflow/.local/lib/python3.12/site-packages/airflow/example_dags/tutorial.py
[2025-01-27T11:46:18.027+0000] {processor.py:925} INFO - DAG(s) 'tutorial' retrieved from /home/airflow/.local/lib/python3.12/site-packages/airflow/example_dags/tutorial.py
[2025-01-27T11:46:18.080+0000] {logging_mixin.py:190} INFO - [2025-01-27T11:46:18.079+0000] {dag.py:3239} INFO - Sync 1 DAGs
[2025-01-27T11:46:18.191+0000] {logging_mixin.py:190} INFO - [2025-01-27T11:46:18.191+0000] {dag.py:4180} INFO - Setting next_dagrun for tutorial to 2025-01-26 00:00:00+00:00, run_after=2025-01-27 00:00:00+00:00
[2025-01-27T11:46:18.241+0000] {processor.py:208} INFO - Processing /home/airflow/.local/lib/python3.12/site-packages/airflow/example_dags/tutorial.py took 0.247 seconds
[2025-01-27T11:46:48.518+0000] {processor.py:186} INFO - Started process (PID=1286) to work on /home/airflow/.local/lib/python3.12/site-packages/airflow/example_dags/tutorial.py
[2025-01-27T11:46:48.520+0000] {processor.py:914} INFO - Processing file /home/airflow/.local/lib/python3.12/site-packages/airflow/example_dags/tutorial.py for tasks to queue
[2025-01-27T11:46:48.525+0000] {logging_mixin.py:190} INFO - [2025-01-27T11:46:48.525+0000] {dagbag.py:588} INFO - Filling up the DagBag from /home/airflow/.local/lib/python3.12/site-packages/airflow/example_dags/tutorial.py
[2025-01-27T11:46:48.543+0000] {processor.py:925} INFO - DAG(s) 'tutorial' retrieved from /home/airflow/.local/lib/python3.12/site-packages/airflow/example_dags/tutorial.py
[2025-01-27T11:46:48.589+0000] {logging_mixin.py:190} INFO - [2025-01-27T11:46:48.588+0000] {dag.py:3239} INFO - Sync 1 DAGs
[2025-01-27T11:46:48.635+0000] {logging_mixin.py:190} INFO - [2025-01-27T11:46:48.635+0000] {dag.py:4180} INFO - Setting next_dagrun for tutorial to 2025-01-26 00:00:00+00:00, run_after=2025-01-27 00:00:00+00:00
[2025-01-27T11:46:48.675+0000] {processor.py:208} INFO - Processing /home/airflow/.local/lib/python3.12/site-packages/airflow/example_dags/tutorial.py took 0.171 seconds
[2025-01-27T11:47:19.633+0000] {processor.py:186} INFO - Started process (PID=1350) to work on /home/airflow/.local/lib/python3.12/site-packages/airflow/example_dags/tutorial.py
[2025-01-27T11:47:19.634+0000] {processor.py:914} INFO - Processing file /home/airflow/.local/lib/python3.12/site-packages/airflow/example_dags/tutorial.py for tasks to queue
[2025-01-27T11:47:19.639+0000] {logging_mixin.py:190} INFO - [2025-01-27T11:47:19.639+0000] {dagbag.py:588} INFO - Filling up the DagBag from /home/airflow/.local/lib/python3.12/site-packages/airflow/example_dags/tutorial.py
[2025-01-27T11:47:19.660+0000] {processor.py:925} INFO - DAG(s) 'tutorial' retrieved from /home/airflow/.local/lib/python3.12/site-packages/airflow/example_dags/tutorial.py
[2025-01-27T11:47:19.735+0000] {logging_mixin.py:190} INFO - [2025-01-27T11:47:19.735+0000] {dag.py:3239} INFO - Sync 1 DAGs
[2025-01-27T11:47:19.816+0000] {logging_mixin.py:190} INFO - [2025-01-27T11:47:19.815+0000] {dag.py:4180} INFO - Setting next_dagrun for tutorial to 2025-01-26 00:00:00+00:00, run_after=2025-01-27 00:00:00+00:00
[2025-01-27T11:47:19.855+0000] {processor.py:208} INFO - Processing /home/airflow/.local/lib/python3.12/site-packages/airflow/example_dags/tutorial.py took 0.235 seconds
[2025-01-27T11:47:50.216+0000] {processor.py:186} INFO - Started process (PID=1414) to work on /home/airflow/.local/lib/python3.12/site-packages/airflow/example_dags/tutorial.py
[2025-01-27T11:47:50.218+0000] {processor.py:914} INFO - Processing file /home/airflow/.local/lib/python3.12/site-packages/airflow/example_dags/tutorial.py for tasks to queue
[2025-01-27T11:47:50.221+0000] {logging_mixin.py:190} INFO - [2025-01-27T11:47:50.221+0000] {dagbag.py:588} INFO - Filling up the DagBag from /home/airflow/.local/lib/python3.12/site-packages/airflow/example_dags/tutorial.py
[2025-01-27T11:47:50.233+0000] {processor.py:925} INFO - DAG(s) 'tutorial' retrieved from /home/airflow/.local/lib/python3.12/site-packages/airflow/example_dags/tutorial.py
[2025-01-27T11:47:50.261+0000] {logging_mixin.py:190} INFO - [2025-01-27T11:47:50.261+0000] {dag.py:3239} INFO - Sync 1 DAGs
[2025-01-27T11:47:50.294+0000] {logging_mixin.py:190} INFO - [2025-01-27T11:47:50.294+0000] {dag.py:4180} INFO - Setting next_dagrun for tutorial to 2025-01-26 00:00:00+00:00, run_after=2025-01-27 00:00:00+00:00
[2025-01-27T11:47:50.321+0000] {processor.py:208} INFO - Processing /home/airflow/.local/lib/python3.12/site-packages/airflow/example_dags/tutorial.py took 0.116 seconds
[2025-01-27T11:48:20.917+0000] {processor.py:186} INFO - Started process (PID=1478) to work on /home/airflow/.local/lib/python3.12/site-packages/airflow/example_dags/tutorial.py
[2025-01-27T11:48:20.919+0000] {processor.py:914} INFO - Processing file /home/airflow/.local/lib/python3.12/site-packages/airflow/example_dags/tutorial.py for tasks to queue
[2025-01-27T11:48:20.922+0000] {logging_mixin.py:190} INFO - [2025-01-27T11:48:20.922+0000] {dagbag.py:588} INFO - Filling up the DagBag from /home/airflow/.local/lib/python3.12/site-packages/airflow/example_dags/tutorial.py
[2025-01-27T11:48:20.935+0000] {processor.py:925} INFO - DAG(s) 'tutorial' retrieved from /home/airflow/.local/lib/python3.12/site-packages/airflow/example_dags/tutorial.py
[2025-01-27T11:48:20.969+0000] {logging_mixin.py:190} INFO - [2025-01-27T11:48:20.968+0000] {dag.py:3239} INFO - Sync 1 DAGs
[2025-01-27T11:48:21.010+0000] {logging_mixin.py:190} INFO - [2025-01-27T11:48:21.010+0000] {dag.py:4180} INFO - Setting next_dagrun for tutorial to 2025-01-26 00:00:00+00:00, run_after=2025-01-27 00:00:00+00:00
[2025-01-27T11:48:21.044+0000] {processor.py:208} INFO - Processing /home/airflow/.local/lib/python3.12/site-packages/airflow/example_dags/tutorial.py took 0.135 seconds
[2025-01-27T11:48:51.149+0000] {processor.py:186} INFO - Started process (PID=1541) to work on /home/airflow/.local/lib/python3.12/site-packages/airflow/example_dags/tutorial.py
[2025-01-27T11:48:51.151+0000] {processor.py:914} INFO - Processing file /home/airflow/.local/lib/python3.12/site-packages/airflow/example_dags/tutorial.py for tasks to queue
[2025-01-27T11:48:51.154+0000] {logging_mixin.py:190} INFO - [2025-01-27T11:48:51.154+0000] {dagbag.py:588} INFO - Filling up the DagBag from /home/airflow/.local/lib/python3.12/site-packages/airflow/example_dags/tutorial.py
[2025-01-27T11:48:51.166+0000] {processor.py:925} INFO - DAG(s) 'tutorial' retrieved from /home/airflow/.local/lib/python3.12/site-packages/airflow/example_dags/tutorial.py
[2025-01-27T11:48:51.196+0000] {logging_mixin.py:190} INFO - [2025-01-27T11:48:51.196+0000] {dag.py:3239} INFO - Sync 1 DAGs
[2025-01-27T11:48:51.232+0000] {logging_mixin.py:190} INFO - [2025-01-27T11:48:51.232+0000] {dag.py:4180} INFO - Setting next_dagrun for tutorial to 2025-01-26 00:00:00+00:00, run_after=2025-01-27 00:00:00+00:00
[2025-01-27T11:48:51.262+0000] {processor.py:208} INFO - Processing /home/airflow/.local/lib/python3.12/site-packages/airflow/example_dags/tutorial.py took 0.123 seconds
[2025-01-27T11:49:22.041+0000] {processor.py:186} INFO - Started process (PID=1606) to work on /home/airflow/.local/lib/python3.12/site-packages/airflow/example_dags/tutorial.py
[2025-01-27T11:49:22.043+0000] {processor.py:914} INFO - Processing file /home/airflow/.local/lib/python3.12/site-packages/airflow/example_dags/tutorial.py for tasks to queue
[2025-01-27T11:49:22.049+0000] {logging_mixin.py:190} INFO - [2025-01-27T11:49:22.048+0000] {dagbag.py:588} INFO - Filling up the DagBag from /home/airflow/.local/lib/python3.12/site-packages/airflow/example_dags/tutorial.py
[2025-01-27T11:49:22.065+0000] {processor.py:925} INFO - DAG(s) 'tutorial' retrieved from /home/airflow/.local/lib/python3.12/site-packages/airflow/example_dags/tutorial.py
[2025-01-27T11:49:22.096+0000] {logging_mixin.py:190} INFO - [2025-01-27T11:49:22.096+0000] {dag.py:3239} INFO - Sync 1 DAGs
[2025-01-27T11:49:22.128+0000] {logging_mixin.py:190} INFO - [2025-01-27T11:49:22.128+0000] {dag.py:4180} INFO - Setting next_dagrun for tutorial to 2025-01-26 00:00:00+00:00, run_after=2025-01-27 00:00:00+00:00
[2025-01-27T11:49:22.158+0000] {processor.py:208} INFO - Processing /home/airflow/.local/lib/python3.12/site-packages/airflow/example_dags/tutorial.py took 0.126 seconds
[2025-01-27T11:49:52.593+0000] {processor.py:186} INFO - Started process (PID=1671) to work on /home/airflow/.local/lib/python3.12/site-packages/airflow/example_dags/tutorial.py
[2025-01-27T11:49:52.595+0000] {processor.py:914} INFO - Processing file /home/airflow/.local/lib/python3.12/site-packages/airflow/example_dags/tutorial.py for tasks to queue
[2025-01-27T11:49:52.599+0000] {logging_mixin.py:190} INFO - [2025-01-27T11:49:52.599+0000] {dagbag.py:588} INFO - Filling up the DagBag from /home/airflow/.local/lib/python3.12/site-packages/airflow/example_dags/tutorial.py
[2025-01-27T11:49:52.616+0000] {processor.py:925} INFO - DAG(s) 'tutorial' retrieved from /home/airflow/.local/lib/python3.12/site-packages/airflow/example_dags/tutorial.py
[2025-01-27T11:49:52.651+0000] {logging_mixin.py:190} INFO - [2025-01-27T11:49:52.650+0000] {dag.py:3239} INFO - Sync 1 DAGs
[2025-01-27T11:49:52.690+0000] {logging_mixin.py:190} INFO - [2025-01-27T11:49:52.689+0000] {dag.py:4180} INFO - Setting next_dagrun for tutorial to 2025-01-26 00:00:00+00:00, run_after=2025-01-27 00:00:00+00:00
[2025-01-27T11:49:52.724+0000] {processor.py:208} INFO - Processing /home/airflow/.local/lib/python3.12/site-packages/airflow/example_dags/tutorial.py took 0.139 seconds
[2025-01-27T11:50:24.348+0000] {processor.py:186} INFO - Started process (PID=1735) to work on /home/airflow/.local/lib/python3.12/site-packages/airflow/example_dags/tutorial.py
[2025-01-27T11:50:24.350+0000] {processor.py:914} INFO - Processing file /home/airflow/.local/lib/python3.12/site-packages/airflow/example_dags/tutorial.py for tasks to queue
[2025-01-27T11:50:24.356+0000] {logging_mixin.py:190} INFO - [2025-01-27T11:50:24.355+0000] {dagbag.py:588} INFO - Filling up the DagBag from /home/airflow/.local/lib/python3.12/site-packages/airflow/example_dags/tutorial.py
[2025-01-27T11:50:24.375+0000] {processor.py:925} INFO - DAG(s) 'tutorial' retrieved from /home/airflow/.local/lib/python3.12/site-packages/airflow/example_dags/tutorial.py
[2025-01-27T11:50:24.422+0000] {logging_mixin.py:190} INFO - [2025-01-27T11:50:24.421+0000] {dag.py:3239} INFO - Sync 1 DAGs
[2025-01-27T11:50:24.505+0000] {logging_mixin.py:190} INFO - [2025-01-27T11:50:24.505+0000] {dag.py:4180} INFO - Setting next_dagrun for tutorial to 2025-01-26 00:00:00+00:00, run_after=2025-01-27 00:00:00+00:00
[2025-01-27T11:50:24.545+0000] {processor.py:208} INFO - Processing /home/airflow/.local/lib/python3.12/site-packages/airflow/example_dags/tutorial.py took 0.210 seconds
