[2025-01-27T10:34:01.379+0000] {processor.py:186} INFO - Started process (PID=193) to work on /home/airflow/.local/lib/python3.12/site-packages/airflow/example_dags/tutorial_taskflow_api.py
[2025-01-27T10:34:01.381+0000] {processor.py:914} INFO - Processing file /home/airflow/.local/lib/python3.12/site-packages/airflow/example_dags/tutorial_taskflow_api.py for tasks to queue
[2025-01-27T10:34:01.387+0000] {logging_mixin.py:190} INFO - [2025-01-27T10:34:01.386+0000] {dagbag.py:588} INFO - Filling up the DagBag from /home/airflow/.local/lib/python3.12/site-packages/airflow/example_dags/tutorial_taskflow_api.py
[2025-01-27T10:34:01.411+0000] {processor.py:925} INFO - DAG(s) 'tutorial_taskflow_api' retrieved from /home/airflow/.local/lib/python3.12/site-packages/airflow/example_dags/tutorial_taskflow_api.py
[2025-01-27T10:34:01.525+0000] {logging_mixin.py:190} INFO - [2025-01-27T10:34:01.523+0000] {dag.py:3239} INFO - Sync 1 DAGs
[2025-01-27T10:34:01.717+0000] {logging_mixin.py:190} INFO - [2025-01-27T10:34:01.717+0000] {dag.py:4180} INFO - Setting next_dagrun for tutorial_taskflow_api to None, run_after=None
[2025-01-27T10:34:01.818+0000] {processor.py:208} INFO - Processing /home/airflow/.local/lib/python3.12/site-packages/airflow/example_dags/tutorial_taskflow_api.py took 0.456 seconds
[2025-01-27T10:44:59.478+0000] {processor.py:186} INFO - Started process (PID=178) to work on /home/airflow/.local/lib/python3.12/site-packages/airflow/example_dags/tutorial_taskflow_api.py
[2025-01-27T10:44:59.481+0000] {processor.py:914} INFO - Processing file /home/airflow/.local/lib/python3.12/site-packages/airflow/example_dags/tutorial_taskflow_api.py for tasks to queue
[2025-01-27T10:44:59.492+0000] {logging_mixin.py:190} INFO - [2025-01-27T10:44:59.490+0000] {dagbag.py:588} INFO - Filling up the DagBag from /home/airflow/.local/lib/python3.12/site-packages/airflow/example_dags/tutorial_taskflow_api.py
[2025-01-27T10:44:59.529+0000] {processor.py:925} INFO - DAG(s) 'tutorial_taskflow_api' retrieved from /home/airflow/.local/lib/python3.12/site-packages/airflow/example_dags/tutorial_taskflow_api.py
[2025-01-27T10:44:59.612+0000] {logging_mixin.py:190} INFO - [2025-01-27T10:44:59.611+0000] {dag.py:3239} INFO - Sync 1 DAGs
[2025-01-27T10:44:59.656+0000] {logging_mixin.py:190} INFO - [2025-01-27T10:44:59.655+0000] {dag.py:4180} INFO - Setting next_dagrun for tutorial_taskflow_api to None, run_after=None
[2025-01-27T10:44:59.702+0000] {processor.py:208} INFO - Processing /home/airflow/.local/lib/python3.12/site-packages/airflow/example_dags/tutorial_taskflow_api.py took 0.237 seconds
[2025-01-27T10:46:20.584+0000] {processor.py:186} INFO - Started process (PID=253) to work on /home/airflow/.local/lib/python3.12/site-packages/airflow/example_dags/tutorial_taskflow_api.py
[2025-01-27T10:46:20.605+0000] {processor.py:914} INFO - Processing file /home/airflow/.local/lib/python3.12/site-packages/airflow/example_dags/tutorial_taskflow_api.py for tasks to queue
[2025-01-27T10:46:20.623+0000] {logging_mixin.py:190} INFO - [2025-01-27T10:46:20.622+0000] {dagbag.py:588} INFO - Filling up the DagBag from /home/airflow/.local/lib/python3.12/site-packages/airflow/example_dags/tutorial_taskflow_api.py
[2025-01-27T10:46:20.706+0000] {processor.py:925} INFO - DAG(s) 'tutorial_taskflow_api' retrieved from /home/airflow/.local/lib/python3.12/site-packages/airflow/example_dags/tutorial_taskflow_api.py
[2025-01-27T10:46:20.957+0000] {logging_mixin.py:190} INFO - [2025-01-27T10:46:20.956+0000] {dag.py:3239} INFO - Sync 1 DAGs
[2025-01-27T10:46:21.057+0000] {logging_mixin.py:190} INFO - [2025-01-27T10:46:21.056+0000] {dag.py:4180} INFO - Setting next_dagrun for tutorial_taskflow_api to None, run_after=None
[2025-01-27T10:46:21.187+0000] {processor.py:208} INFO - Processing /home/airflow/.local/lib/python3.12/site-packages/airflow/example_dags/tutorial_taskflow_api.py took 0.634 seconds
[2025-01-27T10:46:57.848+0000] {processor.py:186} INFO - Started process (PID=322) to work on /home/airflow/.local/lib/python3.12/site-packages/airflow/example_dags/tutorial_taskflow_api.py
[2025-01-27T10:46:57.852+0000] {processor.py:914} INFO - Processing file /home/airflow/.local/lib/python3.12/site-packages/airflow/example_dags/tutorial_taskflow_api.py for tasks to queue
[2025-01-27T10:46:57.870+0000] {logging_mixin.py:190} INFO - [2025-01-27T10:46:57.869+0000] {dagbag.py:588} INFO - Filling up the DagBag from /home/airflow/.local/lib/python3.12/site-packages/airflow/example_dags/tutorial_taskflow_api.py
[2025-01-27T10:46:57.955+0000] {processor.py:925} INFO - DAG(s) 'tutorial_taskflow_api' retrieved from /home/airflow/.local/lib/python3.12/site-packages/airflow/example_dags/tutorial_taskflow_api.py
[2025-01-27T10:46:58.031+0000] {logging_mixin.py:190} INFO - [2025-01-27T10:46:58.030+0000] {dag.py:3239} INFO - Sync 1 DAGs
[2025-01-27T10:46:58.135+0000] {logging_mixin.py:190} INFO - [2025-01-27T10:46:58.134+0000] {dag.py:4180} INFO - Setting next_dagrun for tutorial_taskflow_api to None, run_after=None
[2025-01-27T10:46:58.275+0000] {processor.py:208} INFO - Processing /home/airflow/.local/lib/python3.12/site-packages/airflow/example_dags/tutorial_taskflow_api.py took 0.445 seconds
[2025-01-27T10:55:02.912+0000] {processor.py:186} INFO - Started process (PID=107) to work on /home/airflow/.local/lib/python3.12/site-packages/airflow/example_dags/tutorial_taskflow_api.py
[2025-01-27T10:55:02.921+0000] {processor.py:914} INFO - Processing file /home/airflow/.local/lib/python3.12/site-packages/airflow/example_dags/tutorial_taskflow_api.py for tasks to queue
[2025-01-27T10:55:02.927+0000] {logging_mixin.py:190} INFO - [2025-01-27T10:55:02.926+0000] {dagbag.py:588} INFO - Filling up the DagBag from /home/airflow/.local/lib/python3.12/site-packages/airflow/example_dags/tutorial_taskflow_api.py
[2025-01-27T10:55:02.966+0000] {processor.py:925} INFO - DAG(s) 'tutorial_taskflow_api' retrieved from /home/airflow/.local/lib/python3.12/site-packages/airflow/example_dags/tutorial_taskflow_api.py
[2025-01-27T10:55:03.030+0000] {logging_mixin.py:190} INFO - [2025-01-27T10:55:03.029+0000] {dag.py:3239} INFO - Sync 1 DAGs
[2025-01-27T10:55:03.078+0000] {logging_mixin.py:190} INFO - [2025-01-27T10:55:03.077+0000] {dag.py:4180} INFO - Setting next_dagrun for tutorial_taskflow_api to None, run_after=None
[2025-01-27T10:55:03.170+0000] {processor.py:208} INFO - Processing /home/airflow/.local/lib/python3.12/site-packages/airflow/example_dags/tutorial_taskflow_api.py took 0.283 seconds
[2025-01-27T10:56:31.145+0000] {processor.py:186} INFO - Started process (PID=179) to work on /home/airflow/.local/lib/python3.12/site-packages/airflow/example_dags/tutorial_taskflow_api.py
[2025-01-27T10:56:31.148+0000] {processor.py:914} INFO - Processing file /home/airflow/.local/lib/python3.12/site-packages/airflow/example_dags/tutorial_taskflow_api.py for tasks to queue
[2025-01-27T10:56:31.156+0000] {logging_mixin.py:190} INFO - [2025-01-27T10:56:31.155+0000] {dagbag.py:588} INFO - Filling up the DagBag from /home/airflow/.local/lib/python3.12/site-packages/airflow/example_dags/tutorial_taskflow_api.py
[2025-01-27T10:56:31.183+0000] {processor.py:925} INFO - DAG(s) 'tutorial_taskflow_api' retrieved from /home/airflow/.local/lib/python3.12/site-packages/airflow/example_dags/tutorial_taskflow_api.py
[2025-01-27T10:56:31.241+0000] {logging_mixin.py:190} INFO - [2025-01-27T10:56:31.240+0000] {dag.py:3239} INFO - Sync 1 DAGs
[2025-01-27T10:56:31.297+0000] {logging_mixin.py:190} INFO - [2025-01-27T10:56:31.296+0000] {dag.py:4180} INFO - Setting next_dagrun for tutorial_taskflow_api to None, run_after=None
[2025-01-27T10:56:31.369+0000] {processor.py:208} INFO - Processing /home/airflow/.local/lib/python3.12/site-packages/airflow/example_dags/tutorial_taskflow_api.py took 0.239 seconds
[2025-01-27T10:57:06.086+0000] {processor.py:186} INFO - Started process (PID=243) to work on /home/airflow/.local/lib/python3.12/site-packages/airflow/example_dags/tutorial_taskflow_api.py
[2025-01-27T10:57:06.089+0000] {processor.py:914} INFO - Processing file /home/airflow/.local/lib/python3.12/site-packages/airflow/example_dags/tutorial_taskflow_api.py for tasks to queue
[2025-01-27T10:57:06.099+0000] {logging_mixin.py:190} INFO - [2025-01-27T10:57:06.094+0000] {dagbag.py:588} INFO - Filling up the DagBag from /home/airflow/.local/lib/python3.12/site-packages/airflow/example_dags/tutorial_taskflow_api.py
[2025-01-27T10:57:06.153+0000] {processor.py:925} INFO - DAG(s) 'tutorial_taskflow_api' retrieved from /home/airflow/.local/lib/python3.12/site-packages/airflow/example_dags/tutorial_taskflow_api.py
[2025-01-27T10:57:06.338+0000] {logging_mixin.py:190} INFO - [2025-01-27T10:57:06.333+0000] {dag.py:3239} INFO - Sync 1 DAGs
[2025-01-27T10:57:06.404+0000] {logging_mixin.py:190} INFO - [2025-01-27T10:57:06.404+0000] {dag.py:4180} INFO - Setting next_dagrun for tutorial_taskflow_api to None, run_after=None
[2025-01-27T10:57:06.493+0000] {processor.py:208} INFO - Processing /home/airflow/.local/lib/python3.12/site-packages/airflow/example_dags/tutorial_taskflow_api.py took 0.437 seconds
[2025-01-27T10:57:55.561+0000] {processor.py:186} INFO - Started process (PID=313) to work on /home/airflow/.local/lib/python3.12/site-packages/airflow/example_dags/tutorial_taskflow_api.py
[2025-01-27T10:57:55.564+0000] {processor.py:914} INFO - Processing file /home/airflow/.local/lib/python3.12/site-packages/airflow/example_dags/tutorial_taskflow_api.py for tasks to queue
[2025-01-27T10:57:55.569+0000] {logging_mixin.py:190} INFO - [2025-01-27T10:57:55.569+0000] {dagbag.py:588} INFO - Filling up the DagBag from /home/airflow/.local/lib/python3.12/site-packages/airflow/example_dags/tutorial_taskflow_api.py
[2025-01-27T10:57:55.741+0000] {processor.py:925} INFO - DAG(s) 'tutorial_taskflow_api' retrieved from /home/airflow/.local/lib/python3.12/site-packages/airflow/example_dags/tutorial_taskflow_api.py
[2025-01-27T10:57:55.883+0000] {logging_mixin.py:190} INFO - [2025-01-27T10:57:55.882+0000] {dag.py:3239} INFO - Sync 1 DAGs
[2025-01-27T10:57:56.003+0000] {logging_mixin.py:190} INFO - [2025-01-27T10:57:56.003+0000] {dag.py:4180} INFO - Setting next_dagrun for tutorial_taskflow_api to None, run_after=None
[2025-01-27T10:57:56.142+0000] {processor.py:208} INFO - Processing /home/airflow/.local/lib/python3.12/site-packages/airflow/example_dags/tutorial_taskflow_api.py took 0.597 seconds
[2025-01-27T10:58:36.250+0000] {processor.py:186} INFO - Started process (PID=361) to work on /home/airflow/.local/lib/python3.12/site-packages/airflow/example_dags/tutorial_taskflow_api.py
[2025-01-27T10:58:36.282+0000] {processor.py:914} INFO - Processing file /home/airflow/.local/lib/python3.12/site-packages/airflow/example_dags/tutorial_taskflow_api.py for tasks to queue
[2025-01-27T10:58:36.412+0000] {logging_mixin.py:190} INFO - [2025-01-27T10:58:36.404+0000] {dagbag.py:588} INFO - Filling up the DagBag from /home/airflow/.local/lib/python3.12/site-packages/airflow/example_dags/tutorial_taskflow_api.py
[2025-01-27T10:58:36.794+0000] {processor.py:925} INFO - DAG(s) 'tutorial_taskflow_api' retrieved from /home/airflow/.local/lib/python3.12/site-packages/airflow/example_dags/tutorial_taskflow_api.py
[2025-01-27T10:58:37.140+0000] {logging_mixin.py:190} INFO - [2025-01-27T10:58:37.139+0000] {dag.py:3239} INFO - Sync 1 DAGs
[2025-01-27T10:58:37.502+0000] {logging_mixin.py:190} INFO - [2025-01-27T10:58:37.502+0000] {dag.py:4180} INFO - Setting next_dagrun for tutorial_taskflow_api to None, run_after=None
[2025-01-27T10:58:37.910+0000] {processor.py:208} INFO - Processing /home/airflow/.local/lib/python3.12/site-packages/airflow/example_dags/tutorial_taskflow_api.py took 1.954 seconds
[2025-01-27T10:59:14.993+0000] {processor.py:186} INFO - Started process (PID=425) to work on /home/airflow/.local/lib/python3.12/site-packages/airflow/example_dags/tutorial_taskflow_api.py
[2025-01-27T10:59:14.995+0000] {processor.py:914} INFO - Processing file /home/airflow/.local/lib/python3.12/site-packages/airflow/example_dags/tutorial_taskflow_api.py for tasks to queue
[2025-01-27T10:59:15.001+0000] {logging_mixin.py:190} INFO - [2025-01-27T10:59:15.000+0000] {dagbag.py:588} INFO - Filling up the DagBag from /home/airflow/.local/lib/python3.12/site-packages/airflow/example_dags/tutorial_taskflow_api.py
[2025-01-27T10:59:15.019+0000] {processor.py:925} INFO - DAG(s) 'tutorial_taskflow_api' retrieved from /home/airflow/.local/lib/python3.12/site-packages/airflow/example_dags/tutorial_taskflow_api.py
[2025-01-27T10:59:15.062+0000] {logging_mixin.py:190} INFO - [2025-01-27T10:59:15.062+0000] {dag.py:3239} INFO - Sync 1 DAGs
[2025-01-27T10:59:15.099+0000] {logging_mixin.py:190} INFO - [2025-01-27T10:59:15.099+0000] {dag.py:4180} INFO - Setting next_dagrun for tutorial_taskflow_api to None, run_after=None
[2025-01-27T10:59:15.156+0000] {processor.py:208} INFO - Processing /home/airflow/.local/lib/python3.12/site-packages/airflow/example_dags/tutorial_taskflow_api.py took 0.176 seconds
[2025-01-27T10:59:46.325+0000] {processor.py:186} INFO - Started process (PID=485) to work on /home/airflow/.local/lib/python3.12/site-packages/airflow/example_dags/tutorial_taskflow_api.py
[2025-01-27T10:59:46.327+0000] {processor.py:914} INFO - Processing file /home/airflow/.local/lib/python3.12/site-packages/airflow/example_dags/tutorial_taskflow_api.py for tasks to queue
[2025-01-27T10:59:46.332+0000] {logging_mixin.py:190} INFO - [2025-01-27T10:59:46.332+0000] {dagbag.py:588} INFO - Filling up the DagBag from /home/airflow/.local/lib/python3.12/site-packages/airflow/example_dags/tutorial_taskflow_api.py
[2025-01-27T10:59:46.359+0000] {processor.py:925} INFO - DAG(s) 'tutorial_taskflow_api' retrieved from /home/airflow/.local/lib/python3.12/site-packages/airflow/example_dags/tutorial_taskflow_api.py
[2025-01-27T10:59:46.429+0000] {logging_mixin.py:190} INFO - [2025-01-27T10:59:46.428+0000] {dag.py:3239} INFO - Sync 1 DAGs
[2025-01-27T10:59:46.484+0000] {logging_mixin.py:190} INFO - [2025-01-27T10:59:46.484+0000] {dag.py:4180} INFO - Setting next_dagrun for tutorial_taskflow_api to None, run_after=None
[2025-01-27T10:59:46.566+0000] {processor.py:208} INFO - Processing /home/airflow/.local/lib/python3.12/site-packages/airflow/example_dags/tutorial_taskflow_api.py took 0.252 seconds
[2025-01-27T11:00:18.119+0000] {processor.py:186} INFO - Started process (PID=549) to work on /home/airflow/.local/lib/python3.12/site-packages/airflow/example_dags/tutorial_taskflow_api.py
[2025-01-27T11:00:18.121+0000] {processor.py:914} INFO - Processing file /home/airflow/.local/lib/python3.12/site-packages/airflow/example_dags/tutorial_taskflow_api.py for tasks to queue
[2025-01-27T11:00:18.127+0000] {logging_mixin.py:190} INFO - [2025-01-27T11:00:18.126+0000] {dagbag.py:588} INFO - Filling up the DagBag from /home/airflow/.local/lib/python3.12/site-packages/airflow/example_dags/tutorial_taskflow_api.py
[2025-01-27T11:00:18.152+0000] {processor.py:925} INFO - DAG(s) 'tutorial_taskflow_api' retrieved from /home/airflow/.local/lib/python3.12/site-packages/airflow/example_dags/tutorial_taskflow_api.py
[2025-01-27T11:00:18.191+0000] {logging_mixin.py:190} INFO - [2025-01-27T11:00:18.191+0000] {dag.py:3239} INFO - Sync 1 DAGs
[2025-01-27T11:00:18.231+0000] {logging_mixin.py:190} INFO - [2025-01-27T11:00:18.230+0000] {dag.py:4180} INFO - Setting next_dagrun for tutorial_taskflow_api to None, run_after=None
[2025-01-27T11:00:18.277+0000] {processor.py:208} INFO - Processing /home/airflow/.local/lib/python3.12/site-packages/airflow/example_dags/tutorial_taskflow_api.py took 0.189 seconds
[2025-01-27T11:00:52.737+0000] {processor.py:186} INFO - Started process (PID=611) to work on /home/airflow/.local/lib/python3.12/site-packages/airflow/example_dags/tutorial_taskflow_api.py
[2025-01-27T11:00:52.740+0000] {processor.py:914} INFO - Processing file /home/airflow/.local/lib/python3.12/site-packages/airflow/example_dags/tutorial_taskflow_api.py for tasks to queue
[2025-01-27T11:00:52.754+0000] {logging_mixin.py:190} INFO - [2025-01-27T11:00:52.753+0000] {dagbag.py:588} INFO - Filling up the DagBag from /home/airflow/.local/lib/python3.12/site-packages/airflow/example_dags/tutorial_taskflow_api.py
[2025-01-27T11:00:52.789+0000] {processor.py:925} INFO - DAG(s) 'tutorial_taskflow_api' retrieved from /home/airflow/.local/lib/python3.12/site-packages/airflow/example_dags/tutorial_taskflow_api.py
[2025-01-27T11:00:52.846+0000] {logging_mixin.py:190} INFO - [2025-01-27T11:00:52.846+0000] {dag.py:3239} INFO - Sync 1 DAGs
[2025-01-27T11:00:52.875+0000] {logging_mixin.py:190} INFO - [2025-01-27T11:00:52.874+0000] {dag.py:4180} INFO - Setting next_dagrun for tutorial_taskflow_api to None, run_after=None
[2025-01-27T11:00:52.913+0000] {processor.py:208} INFO - Processing /home/airflow/.local/lib/python3.12/site-packages/airflow/example_dags/tutorial_taskflow_api.py took 0.197 seconds
[2025-01-27T11:01:23.156+0000] {processor.py:186} INFO - Started process (PID=676) to work on /home/airflow/.local/lib/python3.12/site-packages/airflow/example_dags/tutorial_taskflow_api.py
[2025-01-27T11:01:23.160+0000] {processor.py:914} INFO - Processing file /home/airflow/.local/lib/python3.12/site-packages/airflow/example_dags/tutorial_taskflow_api.py for tasks to queue
[2025-01-27T11:01:23.190+0000] {logging_mixin.py:190} INFO - [2025-01-27T11:01:23.190+0000] {dagbag.py:588} INFO - Filling up the DagBag from /home/airflow/.local/lib/python3.12/site-packages/airflow/example_dags/tutorial_taskflow_api.py
[2025-01-27T11:01:23.255+0000] {processor.py:925} INFO - DAG(s) 'tutorial_taskflow_api' retrieved from /home/airflow/.local/lib/python3.12/site-packages/airflow/example_dags/tutorial_taskflow_api.py
[2025-01-27T11:01:23.449+0000] {logging_mixin.py:190} INFO - [2025-01-27T11:01:23.449+0000] {dag.py:3239} INFO - Sync 1 DAGs
[2025-01-27T11:01:23.554+0000] {logging_mixin.py:190} INFO - [2025-01-27T11:01:23.551+0000] {dag.py:4180} INFO - Setting next_dagrun for tutorial_taskflow_api to None, run_after=None
[2025-01-27T11:01:23.651+0000] {processor.py:208} INFO - Processing /home/airflow/.local/lib/python3.12/site-packages/airflow/example_dags/tutorial_taskflow_api.py took 0.513 seconds
[2025-01-27T11:01:54.292+0000] {processor.py:186} INFO - Started process (PID=740) to work on /home/airflow/.local/lib/python3.12/site-packages/airflow/example_dags/tutorial_taskflow_api.py
[2025-01-27T11:01:54.295+0000] {processor.py:914} INFO - Processing file /home/airflow/.local/lib/python3.12/site-packages/airflow/example_dags/tutorial_taskflow_api.py for tasks to queue
[2025-01-27T11:01:54.302+0000] {logging_mixin.py:190} INFO - [2025-01-27T11:01:54.301+0000] {dagbag.py:588} INFO - Filling up the DagBag from /home/airflow/.local/lib/python3.12/site-packages/airflow/example_dags/tutorial_taskflow_api.py
[2025-01-27T11:01:54.325+0000] {processor.py:925} INFO - DAG(s) 'tutorial_taskflow_api' retrieved from /home/airflow/.local/lib/python3.12/site-packages/airflow/example_dags/tutorial_taskflow_api.py
[2025-01-27T11:01:54.388+0000] {logging_mixin.py:190} INFO - [2025-01-27T11:01:54.388+0000] {dag.py:3239} INFO - Sync 1 DAGs
[2025-01-27T11:01:54.442+0000] {logging_mixin.py:190} INFO - [2025-01-27T11:01:54.442+0000] {dag.py:4180} INFO - Setting next_dagrun for tutorial_taskflow_api to None, run_after=None
[2025-01-27T11:01:54.489+0000] {processor.py:208} INFO - Processing /home/airflow/.local/lib/python3.12/site-packages/airflow/example_dags/tutorial_taskflow_api.py took 0.210 seconds
[2025-01-27T11:02:24.944+0000] {processor.py:186} INFO - Started process (PID=802) to work on /home/airflow/.local/lib/python3.12/site-packages/airflow/example_dags/tutorial_taskflow_api.py
[2025-01-27T11:02:24.946+0000] {processor.py:914} INFO - Processing file /home/airflow/.local/lib/python3.12/site-packages/airflow/example_dags/tutorial_taskflow_api.py for tasks to queue
[2025-01-27T11:02:24.951+0000] {logging_mixin.py:190} INFO - [2025-01-27T11:02:24.950+0000] {dagbag.py:588} INFO - Filling up the DagBag from /home/airflow/.local/lib/python3.12/site-packages/airflow/example_dags/tutorial_taskflow_api.py
[2025-01-27T11:02:24.964+0000] {processor.py:925} INFO - DAG(s) 'tutorial_taskflow_api' retrieved from /home/airflow/.local/lib/python3.12/site-packages/airflow/example_dags/tutorial_taskflow_api.py
[2025-01-27T11:02:25.002+0000] {logging_mixin.py:190} INFO - [2025-01-27T11:02:25.002+0000] {dag.py:3239} INFO - Sync 1 DAGs
[2025-01-27T11:02:25.040+0000] {logging_mixin.py:190} INFO - [2025-01-27T11:02:25.039+0000] {dag.py:4180} INFO - Setting next_dagrun for tutorial_taskflow_api to None, run_after=None
[2025-01-27T11:02:25.100+0000] {processor.py:208} INFO - Processing /home/airflow/.local/lib/python3.12/site-packages/airflow/example_dags/tutorial_taskflow_api.py took 0.166 seconds
[2025-01-27T11:02:55.498+0000] {processor.py:186} INFO - Started process (PID=865) to work on /home/airflow/.local/lib/python3.12/site-packages/airflow/example_dags/tutorial_taskflow_api.py
[2025-01-27T11:02:55.499+0000] {processor.py:914} INFO - Processing file /home/airflow/.local/lib/python3.12/site-packages/airflow/example_dags/tutorial_taskflow_api.py for tasks to queue
[2025-01-27T11:02:55.504+0000] {logging_mixin.py:190} INFO - [2025-01-27T11:02:55.503+0000] {dagbag.py:588} INFO - Filling up the DagBag from /home/airflow/.local/lib/python3.12/site-packages/airflow/example_dags/tutorial_taskflow_api.py
[2025-01-27T11:02:55.528+0000] {processor.py:925} INFO - DAG(s) 'tutorial_taskflow_api' retrieved from /home/airflow/.local/lib/python3.12/site-packages/airflow/example_dags/tutorial_taskflow_api.py
[2025-01-27T11:02:55.556+0000] {logging_mixin.py:190} INFO - [2025-01-27T11:02:55.555+0000] {dag.py:3239} INFO - Sync 1 DAGs
[2025-01-27T11:02:55.577+0000] {logging_mixin.py:190} INFO - [2025-01-27T11:02:55.577+0000] {dag.py:4180} INFO - Setting next_dagrun for tutorial_taskflow_api to None, run_after=None
[2025-01-27T11:02:55.609+0000] {processor.py:208} INFO - Processing /home/airflow/.local/lib/python3.12/site-packages/airflow/example_dags/tutorial_taskflow_api.py took 0.124 seconds
[2025-01-27T11:03:26.907+0000] {processor.py:186} INFO - Started process (PID=929) to work on /home/airflow/.local/lib/python3.12/site-packages/airflow/example_dags/tutorial_taskflow_api.py
[2025-01-27T11:03:26.910+0000] {processor.py:914} INFO - Processing file /home/airflow/.local/lib/python3.12/site-packages/airflow/example_dags/tutorial_taskflow_api.py for tasks to queue
[2025-01-27T11:03:26.916+0000] {logging_mixin.py:190} INFO - [2025-01-27T11:03:26.915+0000] {dagbag.py:588} INFO - Filling up the DagBag from /home/airflow/.local/lib/python3.12/site-packages/airflow/example_dags/tutorial_taskflow_api.py
[2025-01-27T11:03:26.937+0000] {processor.py:925} INFO - DAG(s) 'tutorial_taskflow_api' retrieved from /home/airflow/.local/lib/python3.12/site-packages/airflow/example_dags/tutorial_taskflow_api.py
[2025-01-27T11:03:26.982+0000] {logging_mixin.py:190} INFO - [2025-01-27T11:03:26.982+0000] {dag.py:3239} INFO - Sync 1 DAGs
[2025-01-27T11:03:27.030+0000] {logging_mixin.py:190} INFO - [2025-01-27T11:03:27.030+0000] {dag.py:4180} INFO - Setting next_dagrun for tutorial_taskflow_api to None, run_after=None
[2025-01-27T11:03:27.079+0000] {processor.py:208} INFO - Processing /home/airflow/.local/lib/python3.12/site-packages/airflow/example_dags/tutorial_taskflow_api.py took 0.186 seconds
[2025-01-27T11:03:58.753+0000] {processor.py:186} INFO - Started process (PID=992) to work on /home/airflow/.local/lib/python3.12/site-packages/airflow/example_dags/tutorial_taskflow_api.py
[2025-01-27T11:03:58.756+0000] {processor.py:914} INFO - Processing file /home/airflow/.local/lib/python3.12/site-packages/airflow/example_dags/tutorial_taskflow_api.py for tasks to queue
[2025-01-27T11:03:58.787+0000] {logging_mixin.py:190} INFO - [2025-01-27T11:03:58.785+0000] {dagbag.py:588} INFO - Filling up the DagBag from /home/airflow/.local/lib/python3.12/site-packages/airflow/example_dags/tutorial_taskflow_api.py
[2025-01-27T11:03:58.873+0000] {processor.py:925} INFO - DAG(s) 'tutorial_taskflow_api' retrieved from /home/airflow/.local/lib/python3.12/site-packages/airflow/example_dags/tutorial_taskflow_api.py
[2025-01-27T11:03:58.993+0000] {logging_mixin.py:190} INFO - [2025-01-27T11:03:58.993+0000] {dag.py:3239} INFO - Sync 1 DAGs
[2025-01-27T11:03:59.055+0000] {logging_mixin.py:190} INFO - [2025-01-27T11:03:59.054+0000] {dag.py:4180} INFO - Setting next_dagrun for tutorial_taskflow_api to None, run_after=None
[2025-01-27T11:03:59.134+0000] {processor.py:208} INFO - Processing /home/airflow/.local/lib/python3.12/site-packages/airflow/example_dags/tutorial_taskflow_api.py took 0.431 seconds
[2025-01-27T11:04:59.045+0000] {processor.py:186} INFO - Started process (PID=1060) to work on /home/airflow/.local/lib/python3.12/site-packages/airflow/example_dags/tutorial_taskflow_api.py
[2025-01-27T11:04:59.059+0000] {processor.py:914} INFO - Processing file /home/airflow/.local/lib/python3.12/site-packages/airflow/example_dags/tutorial_taskflow_api.py for tasks to queue
[2025-01-27T11:04:59.075+0000] {logging_mixin.py:190} INFO - [2025-01-27T11:04:59.074+0000] {dagbag.py:588} INFO - Filling up the DagBag from /home/airflow/.local/lib/python3.12/site-packages/airflow/example_dags/tutorial_taskflow_api.py
[2025-01-27T11:04:59.264+0000] {processor.py:925} INFO - DAG(s) 'tutorial_taskflow_api' retrieved from /home/airflow/.local/lib/python3.12/site-packages/airflow/example_dags/tutorial_taskflow_api.py
[2025-01-27T11:04:59.440+0000] {logging_mixin.py:190} INFO - [2025-01-27T11:04:59.440+0000] {dag.py:3239} INFO - Sync 1 DAGs
[2025-01-27T11:04:59.547+0000] {logging_mixin.py:190} INFO - [2025-01-27T11:04:59.545+0000] {dag.py:4180} INFO - Setting next_dagrun for tutorial_taskflow_api to None, run_after=None
[2025-01-27T11:04:59.749+0000] {processor.py:208} INFO - Processing /home/airflow/.local/lib/python3.12/site-packages/airflow/example_dags/tutorial_taskflow_api.py took 0.736 seconds
[2025-01-27T11:14:53.776+0000] {processor.py:186} INFO - Started process (PID=1125) to work on /home/airflow/.local/lib/python3.12/site-packages/airflow/example_dags/tutorial_taskflow_api.py
[2025-01-27T11:14:53.780+0000] {processor.py:914} INFO - Processing file /home/airflow/.local/lib/python3.12/site-packages/airflow/example_dags/tutorial_taskflow_api.py for tasks to queue
[2025-01-27T11:14:53.786+0000] {logging_mixin.py:190} INFO - [2025-01-27T11:14:53.786+0000] {dagbag.py:588} INFO - Filling up the DagBag from /home/airflow/.local/lib/python3.12/site-packages/airflow/example_dags/tutorial_taskflow_api.py
[2025-01-27T11:14:53.812+0000] {processor.py:925} INFO - DAG(s) 'tutorial_taskflow_api' retrieved from /home/airflow/.local/lib/python3.12/site-packages/airflow/example_dags/tutorial_taskflow_api.py
[2025-01-27T11:14:53.878+0000] {logging_mixin.py:190} INFO - [2025-01-27T11:14:53.877+0000] {dag.py:3239} INFO - Sync 1 DAGs
[2025-01-27T11:14:53.924+0000] {logging_mixin.py:190} INFO - [2025-01-27T11:14:53.923+0000] {dag.py:4180} INFO - Setting next_dagrun for tutorial_taskflow_api to None, run_after=None
[2025-01-27T11:14:53.979+0000] {processor.py:208} INFO - Processing /home/airflow/.local/lib/python3.12/site-packages/airflow/example_dags/tutorial_taskflow_api.py took 0.221 seconds
[2025-01-27T11:15:24.243+0000] {processor.py:186} INFO - Started process (PID=1189) to work on /home/airflow/.local/lib/python3.12/site-packages/airflow/example_dags/tutorial_taskflow_api.py
[2025-01-27T11:15:24.248+0000] {processor.py:914} INFO - Processing file /home/airflow/.local/lib/python3.12/site-packages/airflow/example_dags/tutorial_taskflow_api.py for tasks to queue
[2025-01-27T11:15:24.252+0000] {logging_mixin.py:190} INFO - [2025-01-27T11:15:24.252+0000] {dagbag.py:588} INFO - Filling up the DagBag from /home/airflow/.local/lib/python3.12/site-packages/airflow/example_dags/tutorial_taskflow_api.py
[2025-01-27T11:15:24.285+0000] {processor.py:925} INFO - DAG(s) 'tutorial_taskflow_api' retrieved from /home/airflow/.local/lib/python3.12/site-packages/airflow/example_dags/tutorial_taskflow_api.py
[2025-01-27T11:15:24.379+0000] {logging_mixin.py:190} INFO - [2025-01-27T11:15:24.378+0000] {dag.py:3239} INFO - Sync 1 DAGs
[2025-01-27T11:15:24.465+0000] {logging_mixin.py:190} INFO - [2025-01-27T11:15:24.465+0000] {dag.py:4180} INFO - Setting next_dagrun for tutorial_taskflow_api to None, run_after=None
[2025-01-27T11:15:24.534+0000] {processor.py:208} INFO - Processing /home/airflow/.local/lib/python3.12/site-packages/airflow/example_dags/tutorial_taskflow_api.py took 0.320 seconds
[2025-01-27T11:15:56.436+0000] {processor.py:186} INFO - Started process (PID=1253) to work on /home/airflow/.local/lib/python3.12/site-packages/airflow/example_dags/tutorial_taskflow_api.py
[2025-01-27T11:15:56.438+0000] {processor.py:914} INFO - Processing file /home/airflow/.local/lib/python3.12/site-packages/airflow/example_dags/tutorial_taskflow_api.py for tasks to queue
[2025-01-27T11:15:56.440+0000] {logging_mixin.py:190} INFO - [2025-01-27T11:15:56.440+0000] {dagbag.py:588} INFO - Filling up the DagBag from /home/airflow/.local/lib/python3.12/site-packages/airflow/example_dags/tutorial_taskflow_api.py
[2025-01-27T11:15:56.455+0000] {processor.py:925} INFO - DAG(s) 'tutorial_taskflow_api' retrieved from /home/airflow/.local/lib/python3.12/site-packages/airflow/example_dags/tutorial_taskflow_api.py
[2025-01-27T11:15:56.494+0000] {logging_mixin.py:190} INFO - [2025-01-27T11:15:56.494+0000] {dag.py:3239} INFO - Sync 1 DAGs
[2025-01-27T11:15:56.525+0000] {logging_mixin.py:190} INFO - [2025-01-27T11:15:56.524+0000] {dag.py:4180} INFO - Setting next_dagrun for tutorial_taskflow_api to None, run_after=None
[2025-01-27T11:15:56.566+0000] {processor.py:208} INFO - Processing /home/airflow/.local/lib/python3.12/site-packages/airflow/example_dags/tutorial_taskflow_api.py took 0.139 seconds
[2025-01-27T11:18:21.663+0000] {processor.py:186} INFO - Started process (PID=1327) to work on /home/airflow/.local/lib/python3.12/site-packages/airflow/example_dags/tutorial_taskflow_api.py
[2025-01-27T11:18:21.665+0000] {processor.py:914} INFO - Processing file /home/airflow/.local/lib/python3.12/site-packages/airflow/example_dags/tutorial_taskflow_api.py for tasks to queue
[2025-01-27T11:18:21.671+0000] {logging_mixin.py:190} INFO - [2025-01-27T11:18:21.671+0000] {dagbag.py:588} INFO - Filling up the DagBag from /home/airflow/.local/lib/python3.12/site-packages/airflow/example_dags/tutorial_taskflow_api.py
[2025-01-27T11:18:21.697+0000] {processor.py:925} INFO - DAG(s) 'tutorial_taskflow_api' retrieved from /home/airflow/.local/lib/python3.12/site-packages/airflow/example_dags/tutorial_taskflow_api.py
[2025-01-27T11:18:21.829+0000] {logging_mixin.py:190} INFO - [2025-01-27T11:18:21.829+0000] {dag.py:3239} INFO - Sync 1 DAGs
[2025-01-27T11:18:22.079+0000] {logging_mixin.py:190} INFO - [2025-01-27T11:18:22.079+0000] {dag.py:4180} INFO - Setting next_dagrun for tutorial_taskflow_api to None, run_after=None
[2025-01-27T11:18:22.219+0000] {processor.py:208} INFO - Processing /home/airflow/.local/lib/python3.12/site-packages/airflow/example_dags/tutorial_taskflow_api.py took 0.574 seconds
[2025-01-27T11:19:18.271+0000] {processor.py:186} INFO - Started process (PID=1398) to work on /home/airflow/.local/lib/python3.12/site-packages/airflow/example_dags/tutorial_taskflow_api.py
[2025-01-27T11:19:18.276+0000] {processor.py:914} INFO - Processing file /home/airflow/.local/lib/python3.12/site-packages/airflow/example_dags/tutorial_taskflow_api.py for tasks to queue
[2025-01-27T11:19:18.282+0000] {logging_mixin.py:190} INFO - [2025-01-27T11:19:18.278+0000] {dagbag.py:588} INFO - Filling up the DagBag from /home/airflow/.local/lib/python3.12/site-packages/airflow/example_dags/tutorial_taskflow_api.py
[2025-01-27T11:19:18.330+0000] {processor.py:925} INFO - DAG(s) 'tutorial_taskflow_api' retrieved from /home/airflow/.local/lib/python3.12/site-packages/airflow/example_dags/tutorial_taskflow_api.py
[2025-01-27T11:19:18.889+0000] {logging_mixin.py:190} INFO - [2025-01-27T11:19:18.883+0000] {dag.py:3239} INFO - Sync 1 DAGs
[2025-01-27T11:19:18.939+0000] {logging_mixin.py:190} INFO - [2025-01-27T11:19:18.938+0000] {dag.py:4180} INFO - Setting next_dagrun for tutorial_taskflow_api to None, run_after=None
[2025-01-27T11:19:18.995+0000] {processor.py:208} INFO - Processing /home/airflow/.local/lib/python3.12/site-packages/airflow/example_dags/tutorial_taskflow_api.py took 0.749 seconds
[2025-01-27T11:19:50.432+0000] {processor.py:186} INFO - Started process (PID=1461) to work on /home/airflow/.local/lib/python3.12/site-packages/airflow/example_dags/tutorial_taskflow_api.py
[2025-01-27T11:19:50.447+0000] {processor.py:914} INFO - Processing file /home/airflow/.local/lib/python3.12/site-packages/airflow/example_dags/tutorial_taskflow_api.py for tasks to queue
[2025-01-27T11:19:50.454+0000] {logging_mixin.py:190} INFO - [2025-01-27T11:19:50.453+0000] {dagbag.py:588} INFO - Filling up the DagBag from /home/airflow/.local/lib/python3.12/site-packages/airflow/example_dags/tutorial_taskflow_api.py
[2025-01-27T11:19:50.528+0000] {processor.py:925} INFO - DAG(s) 'tutorial_taskflow_api' retrieved from /home/airflow/.local/lib/python3.12/site-packages/airflow/example_dags/tutorial_taskflow_api.py
[2025-01-27T11:19:50.857+0000] {logging_mixin.py:190} INFO - [2025-01-27T11:19:50.856+0000] {dag.py:3239} INFO - Sync 1 DAGs
[2025-01-27T11:19:51.107+0000] {logging_mixin.py:190} INFO - [2025-01-27T11:19:51.105+0000] {dag.py:4180} INFO - Setting next_dagrun for tutorial_taskflow_api to None, run_after=None
[2025-01-27T11:19:51.284+0000] {processor.py:208} INFO - Processing /home/airflow/.local/lib/python3.12/site-packages/airflow/example_dags/tutorial_taskflow_api.py took 0.893 seconds
[2025-01-27T11:20:22.223+0000] {processor.py:186} INFO - Started process (PID=1524) to work on /home/airflow/.local/lib/python3.12/site-packages/airflow/example_dags/tutorial_taskflow_api.py
[2025-01-27T11:20:22.225+0000] {processor.py:914} INFO - Processing file /home/airflow/.local/lib/python3.12/site-packages/airflow/example_dags/tutorial_taskflow_api.py for tasks to queue
[2025-01-27T11:20:22.229+0000] {logging_mixin.py:190} INFO - [2025-01-27T11:20:22.228+0000] {dagbag.py:588} INFO - Filling up the DagBag from /home/airflow/.local/lib/python3.12/site-packages/airflow/example_dags/tutorial_taskflow_api.py
[2025-01-27T11:20:22.269+0000] {processor.py:925} INFO - DAG(s) 'tutorial_taskflow_api' retrieved from /home/airflow/.local/lib/python3.12/site-packages/airflow/example_dags/tutorial_taskflow_api.py
[2025-01-27T11:20:22.359+0000] {logging_mixin.py:190} INFO - [2025-01-27T11:20:22.359+0000] {dag.py:3239} INFO - Sync 1 DAGs
[2025-01-27T11:20:22.417+0000] {logging_mixin.py:190} INFO - [2025-01-27T11:20:22.411+0000] {dag.py:4180} INFO - Setting next_dagrun for tutorial_taskflow_api to None, run_after=None
[2025-01-27T11:20:22.505+0000] {processor.py:208} INFO - Processing /home/airflow/.local/lib/python3.12/site-packages/airflow/example_dags/tutorial_taskflow_api.py took 0.301 seconds
[2025-01-27T11:37:00.520+0000] {processor.py:186} INFO - Started process (PID=167) to work on /home/airflow/.local/lib/python3.12/site-packages/airflow/example_dags/tutorial_taskflow_api.py
[2025-01-27T11:37:00.528+0000] {processor.py:914} INFO - Processing file /home/airflow/.local/lib/python3.12/site-packages/airflow/example_dags/tutorial_taskflow_api.py for tasks to queue
[2025-01-27T11:37:00.564+0000] {logging_mixin.py:190} INFO - [2025-01-27T11:37:00.563+0000] {dagbag.py:588} INFO - Filling up the DagBag from /home/airflow/.local/lib/python3.12/site-packages/airflow/example_dags/tutorial_taskflow_api.py
[2025-01-27T11:37:00.772+0000] {processor.py:925} INFO - DAG(s) 'tutorial_taskflow_api' retrieved from /home/airflow/.local/lib/python3.12/site-packages/airflow/example_dags/tutorial_taskflow_api.py
[2025-01-27T11:37:01.380+0000] {logging_mixin.py:190} INFO - [2025-01-27T11:37:01.362+0000] {dag.py:3239} INFO - Sync 1 DAGs
[2025-01-27T11:37:02.814+0000] {logging_mixin.py:190} INFO - [2025-01-27T11:37:02.814+0000] {dag.py:4180} INFO - Setting next_dagrun for tutorial_taskflow_api to None, run_after=None
[2025-01-27T11:37:03.219+0000] {processor.py:208} INFO - Processing /home/airflow/.local/lib/python3.12/site-packages/airflow/example_dags/tutorial_taskflow_api.py took 2.733 seconds
[2025-01-27T11:38:10.024+0000] {processor.py:186} INFO - Started process (PID=236) to work on /home/airflow/.local/lib/python3.12/site-packages/airflow/example_dags/tutorial_taskflow_api.py
[2025-01-27T11:38:10.027+0000] {processor.py:914} INFO - Processing file /home/airflow/.local/lib/python3.12/site-packages/airflow/example_dags/tutorial_taskflow_api.py for tasks to queue
[2025-01-27T11:38:10.034+0000] {logging_mixin.py:190} INFO - [2025-01-27T11:38:10.033+0000] {dagbag.py:588} INFO - Filling up the DagBag from /home/airflow/.local/lib/python3.12/site-packages/airflow/example_dags/tutorial_taskflow_api.py
[2025-01-27T11:38:10.064+0000] {processor.py:925} INFO - DAG(s) 'tutorial_taskflow_api' retrieved from /home/airflow/.local/lib/python3.12/site-packages/airflow/example_dags/tutorial_taskflow_api.py
[2025-01-27T11:38:10.127+0000] {logging_mixin.py:190} INFO - [2025-01-27T11:38:10.126+0000] {dag.py:3239} INFO - Sync 1 DAGs
[2025-01-27T11:38:10.170+0000] {logging_mixin.py:190} INFO - [2025-01-27T11:38:10.170+0000] {dag.py:4180} INFO - Setting next_dagrun for tutorial_taskflow_api to None, run_after=None
[2025-01-27T11:38:10.214+0000] {processor.py:208} INFO - Processing /home/airflow/.local/lib/python3.12/site-packages/airflow/example_dags/tutorial_taskflow_api.py took 0.211 seconds
[2025-01-27T11:38:49.197+0000] {processor.py:186} INFO - Started process (PID=301) to work on /home/airflow/.local/lib/python3.12/site-packages/airflow/example_dags/tutorial_taskflow_api.py
[2025-01-27T11:38:49.203+0000] {processor.py:914} INFO - Processing file /home/airflow/.local/lib/python3.12/site-packages/airflow/example_dags/tutorial_taskflow_api.py for tasks to queue
[2025-01-27T11:38:49.213+0000] {logging_mixin.py:190} INFO - [2025-01-27T11:38:49.212+0000] {dagbag.py:588} INFO - Filling up the DagBag from /home/airflow/.local/lib/python3.12/site-packages/airflow/example_dags/tutorial_taskflow_api.py
[2025-01-27T11:38:49.253+0000] {processor.py:925} INFO - DAG(s) 'tutorial_taskflow_api' retrieved from /home/airflow/.local/lib/python3.12/site-packages/airflow/example_dags/tutorial_taskflow_api.py
[2025-01-27T11:38:49.328+0000] {logging_mixin.py:190} INFO - [2025-01-27T11:38:49.327+0000] {dag.py:3239} INFO - Sync 1 DAGs
[2025-01-27T11:38:49.360+0000] {logging_mixin.py:190} INFO - [2025-01-27T11:38:49.359+0000] {dag.py:4180} INFO - Setting next_dagrun for tutorial_taskflow_api to None, run_after=None
[2025-01-27T11:38:49.422+0000] {processor.py:208} INFO - Processing /home/airflow/.local/lib/python3.12/site-packages/airflow/example_dags/tutorial_taskflow_api.py took 0.274 seconds
[2025-01-27T11:39:21.758+0000] {processor.py:186} INFO - Started process (PID=366) to work on /home/airflow/.local/lib/python3.12/site-packages/airflow/example_dags/tutorial_taskflow_api.py
[2025-01-27T11:39:21.760+0000] {processor.py:914} INFO - Processing file /home/airflow/.local/lib/python3.12/site-packages/airflow/example_dags/tutorial_taskflow_api.py for tasks to queue
[2025-01-27T11:39:21.766+0000] {logging_mixin.py:190} INFO - [2025-01-27T11:39:21.765+0000] {dagbag.py:588} INFO - Filling up the DagBag from /home/airflow/.local/lib/python3.12/site-packages/airflow/example_dags/tutorial_taskflow_api.py
[2025-01-27T11:39:21.787+0000] {processor.py:925} INFO - DAG(s) 'tutorial_taskflow_api' retrieved from /home/airflow/.local/lib/python3.12/site-packages/airflow/example_dags/tutorial_taskflow_api.py
[2025-01-27T11:39:21.845+0000] {logging_mixin.py:190} INFO - [2025-01-27T11:39:21.842+0000] {dag.py:3239} INFO - Sync 1 DAGs
[2025-01-27T11:39:21.898+0000] {logging_mixin.py:190} INFO - [2025-01-27T11:39:21.898+0000] {dag.py:4180} INFO - Setting next_dagrun for tutorial_taskflow_api to None, run_after=None
[2025-01-27T11:39:21.950+0000] {processor.py:208} INFO - Processing /home/airflow/.local/lib/python3.12/site-packages/airflow/example_dags/tutorial_taskflow_api.py took 0.215 seconds
[2025-01-27T11:39:52.095+0000] {processor.py:186} INFO - Started process (PID=430) to work on /home/airflow/.local/lib/python3.12/site-packages/airflow/example_dags/tutorial_taskflow_api.py
[2025-01-27T11:39:52.097+0000] {processor.py:914} INFO - Processing file /home/airflow/.local/lib/python3.12/site-packages/airflow/example_dags/tutorial_taskflow_api.py for tasks to queue
[2025-01-27T11:39:52.102+0000] {logging_mixin.py:190} INFO - [2025-01-27T11:39:52.101+0000] {dagbag.py:588} INFO - Filling up the DagBag from /home/airflow/.local/lib/python3.12/site-packages/airflow/example_dags/tutorial_taskflow_api.py
[2025-01-27T11:39:52.127+0000] {processor.py:925} INFO - DAG(s) 'tutorial_taskflow_api' retrieved from /home/airflow/.local/lib/python3.12/site-packages/airflow/example_dags/tutorial_taskflow_api.py
[2025-01-27T11:39:52.183+0000] {logging_mixin.py:190} INFO - [2025-01-27T11:39:52.182+0000] {dag.py:3239} INFO - Sync 1 DAGs
[2025-01-27T11:39:52.232+0000] {logging_mixin.py:190} INFO - [2025-01-27T11:39:52.231+0000] {dag.py:4180} INFO - Setting next_dagrun for tutorial_taskflow_api to None, run_after=None
[2025-01-27T11:39:52.281+0000] {processor.py:208} INFO - Processing /home/airflow/.local/lib/python3.12/site-packages/airflow/example_dags/tutorial_taskflow_api.py took 0.200 seconds
[2025-01-27T11:40:22.708+0000] {processor.py:186} INFO - Started process (PID=494) to work on /home/airflow/.local/lib/python3.12/site-packages/airflow/example_dags/tutorial_taskflow_api.py
[2025-01-27T11:40:22.710+0000] {processor.py:914} INFO - Processing file /home/airflow/.local/lib/python3.12/site-packages/airflow/example_dags/tutorial_taskflow_api.py for tasks to queue
[2025-01-27T11:40:22.715+0000] {logging_mixin.py:190} INFO - [2025-01-27T11:40:22.714+0000] {dagbag.py:588} INFO - Filling up the DagBag from /home/airflow/.local/lib/python3.12/site-packages/airflow/example_dags/tutorial_taskflow_api.py
[2025-01-27T11:40:22.731+0000] {processor.py:925} INFO - DAG(s) 'tutorial_taskflow_api' retrieved from /home/airflow/.local/lib/python3.12/site-packages/airflow/example_dags/tutorial_taskflow_api.py
[2025-01-27T11:40:22.758+0000] {logging_mixin.py:190} INFO - [2025-01-27T11:40:22.758+0000] {dag.py:3239} INFO - Sync 1 DAGs
[2025-01-27T11:40:22.783+0000] {logging_mixin.py:190} INFO - [2025-01-27T11:40:22.782+0000] {dag.py:4180} INFO - Setting next_dagrun for tutorial_taskflow_api to None, run_after=None
[2025-01-27T11:40:22.810+0000] {processor.py:208} INFO - Processing /home/airflow/.local/lib/python3.12/site-packages/airflow/example_dags/tutorial_taskflow_api.py took 0.112 seconds
[2025-01-27T11:40:53.217+0000] {processor.py:186} INFO - Started process (PID=559) to work on /home/airflow/.local/lib/python3.12/site-packages/airflow/example_dags/tutorial_taskflow_api.py
[2025-01-27T11:40:53.219+0000] {processor.py:914} INFO - Processing file /home/airflow/.local/lib/python3.12/site-packages/airflow/example_dags/tutorial_taskflow_api.py for tasks to queue
[2025-01-27T11:40:53.224+0000] {logging_mixin.py:190} INFO - [2025-01-27T11:40:53.223+0000] {dagbag.py:588} INFO - Filling up the DagBag from /home/airflow/.local/lib/python3.12/site-packages/airflow/example_dags/tutorial_taskflow_api.py
[2025-01-27T11:40:53.238+0000] {processor.py:925} INFO - DAG(s) 'tutorial_taskflow_api' retrieved from /home/airflow/.local/lib/python3.12/site-packages/airflow/example_dags/tutorial_taskflow_api.py
[2025-01-27T11:40:53.273+0000] {logging_mixin.py:190} INFO - [2025-01-27T11:40:53.272+0000] {dag.py:3239} INFO - Sync 1 DAGs
[2025-01-27T11:40:53.299+0000] {logging_mixin.py:190} INFO - [2025-01-27T11:40:53.298+0000] {dag.py:4180} INFO - Setting next_dagrun for tutorial_taskflow_api to None, run_after=None
[2025-01-27T11:40:53.332+0000] {processor.py:208} INFO - Processing /home/airflow/.local/lib/python3.12/site-packages/airflow/example_dags/tutorial_taskflow_api.py took 0.124 seconds
[2025-01-27T11:41:25.324+0000] {processor.py:186} INFO - Started process (PID=623) to work on /home/airflow/.local/lib/python3.12/site-packages/airflow/example_dags/tutorial_taskflow_api.py
[2025-01-27T11:41:25.326+0000] {processor.py:914} INFO - Processing file /home/airflow/.local/lib/python3.12/site-packages/airflow/example_dags/tutorial_taskflow_api.py for tasks to queue
[2025-01-27T11:41:25.331+0000] {logging_mixin.py:190} INFO - [2025-01-27T11:41:25.330+0000] {dagbag.py:588} INFO - Filling up the DagBag from /home/airflow/.local/lib/python3.12/site-packages/airflow/example_dags/tutorial_taskflow_api.py
[2025-01-27T11:41:25.352+0000] {processor.py:925} INFO - DAG(s) 'tutorial_taskflow_api' retrieved from /home/airflow/.local/lib/python3.12/site-packages/airflow/example_dags/tutorial_taskflow_api.py
[2025-01-27T11:41:25.390+0000] {logging_mixin.py:190} INFO - [2025-01-27T11:41:25.390+0000] {dag.py:3239} INFO - Sync 1 DAGs
[2025-01-27T11:41:25.475+0000] {logging_mixin.py:190} INFO - [2025-01-27T11:41:25.474+0000] {dag.py:4180} INFO - Setting next_dagrun for tutorial_taskflow_api to None, run_after=None
[2025-01-27T11:41:25.546+0000] {processor.py:208} INFO - Processing /home/airflow/.local/lib/python3.12/site-packages/airflow/example_dags/tutorial_taskflow_api.py took 0.234 seconds
[2025-01-27T11:41:56.387+0000] {processor.py:186} INFO - Started process (PID=687) to work on /home/airflow/.local/lib/python3.12/site-packages/airflow/example_dags/tutorial_taskflow_api.py
[2025-01-27T11:41:56.389+0000] {processor.py:914} INFO - Processing file /home/airflow/.local/lib/python3.12/site-packages/airflow/example_dags/tutorial_taskflow_api.py for tasks to queue
[2025-01-27T11:41:56.393+0000] {logging_mixin.py:190} INFO - [2025-01-27T11:41:56.393+0000] {dagbag.py:588} INFO - Filling up the DagBag from /home/airflow/.local/lib/python3.12/site-packages/airflow/example_dags/tutorial_taskflow_api.py
[2025-01-27T11:41:56.410+0000] {processor.py:925} INFO - DAG(s) 'tutorial_taskflow_api' retrieved from /home/airflow/.local/lib/python3.12/site-packages/airflow/example_dags/tutorial_taskflow_api.py
[2025-01-27T11:41:56.451+0000] {logging_mixin.py:190} INFO - [2025-01-27T11:41:56.451+0000] {dag.py:3239} INFO - Sync 1 DAGs
[2025-01-27T11:41:56.487+0000] {logging_mixin.py:190} INFO - [2025-01-27T11:41:56.487+0000] {dag.py:4180} INFO - Setting next_dagrun for tutorial_taskflow_api to None, run_after=None
[2025-01-27T11:41:56.519+0000] {processor.py:208} INFO - Processing /home/airflow/.local/lib/python3.12/site-packages/airflow/example_dags/tutorial_taskflow_api.py took 0.143 seconds
[2025-01-27T11:42:28.051+0000] {processor.py:186} INFO - Started process (PID=751) to work on /home/airflow/.local/lib/python3.12/site-packages/airflow/example_dags/tutorial_taskflow_api.py
[2025-01-27T11:42:28.053+0000] {processor.py:914} INFO - Processing file /home/airflow/.local/lib/python3.12/site-packages/airflow/example_dags/tutorial_taskflow_api.py for tasks to queue
[2025-01-27T11:42:28.060+0000] {logging_mixin.py:190} INFO - [2025-01-27T11:42:28.059+0000] {dagbag.py:588} INFO - Filling up the DagBag from /home/airflow/.local/lib/python3.12/site-packages/airflow/example_dags/tutorial_taskflow_api.py
[2025-01-27T11:42:28.081+0000] {processor.py:925} INFO - DAG(s) 'tutorial_taskflow_api' retrieved from /home/airflow/.local/lib/python3.12/site-packages/airflow/example_dags/tutorial_taskflow_api.py
[2025-01-27T11:42:28.157+0000] {logging_mixin.py:190} INFO - [2025-01-27T11:42:28.156+0000] {dag.py:3239} INFO - Sync 1 DAGs
[2025-01-27T11:42:28.220+0000] {logging_mixin.py:190} INFO - [2025-01-27T11:42:28.220+0000] {dag.py:4180} INFO - Setting next_dagrun for tutorial_taskflow_api to None, run_after=None
[2025-01-27T11:42:28.261+0000] {processor.py:208} INFO - Processing /home/airflow/.local/lib/python3.12/site-packages/airflow/example_dags/tutorial_taskflow_api.py took 0.225 seconds
[2025-01-27T11:43:00.839+0000] {processor.py:186} INFO - Started process (PID=823) to work on /home/airflow/.local/lib/python3.12/site-packages/airflow/example_dags/tutorial_taskflow_api.py
[2025-01-27T11:43:00.842+0000] {processor.py:914} INFO - Processing file /home/airflow/.local/lib/python3.12/site-packages/airflow/example_dags/tutorial_taskflow_api.py for tasks to queue
[2025-01-27T11:43:00.846+0000] {logging_mixin.py:190} INFO - [2025-01-27T11:43:00.846+0000] {dagbag.py:588} INFO - Filling up the DagBag from /home/airflow/.local/lib/python3.12/site-packages/airflow/example_dags/tutorial_taskflow_api.py
[2025-01-27T11:43:00.866+0000] {processor.py:925} INFO - DAG(s) 'tutorial_taskflow_api' retrieved from /home/airflow/.local/lib/python3.12/site-packages/airflow/example_dags/tutorial_taskflow_api.py
[2025-01-27T11:43:00.918+0000] {logging_mixin.py:190} INFO - [2025-01-27T11:43:00.917+0000] {dag.py:3239} INFO - Sync 1 DAGs
[2025-01-27T11:43:00.974+0000] {logging_mixin.py:190} INFO - [2025-01-27T11:43:00.974+0000] {dag.py:4180} INFO - Setting next_dagrun for tutorial_taskflow_api to None, run_after=None
[2025-01-27T11:43:01.034+0000] {processor.py:208} INFO - Processing /home/airflow/.local/lib/python3.12/site-packages/airflow/example_dags/tutorial_taskflow_api.py took 0.207 seconds
[2025-01-27T11:43:36.525+0000] {processor.py:186} INFO - Started process (PID=887) to work on /home/airflow/.local/lib/python3.12/site-packages/airflow/example_dags/tutorial_taskflow_api.py
[2025-01-27T11:43:36.528+0000] {processor.py:914} INFO - Processing file /home/airflow/.local/lib/python3.12/site-packages/airflow/example_dags/tutorial_taskflow_api.py for tasks to queue
[2025-01-27T11:43:36.544+0000] {logging_mixin.py:190} INFO - [2025-01-27T11:43:36.533+0000] {dagbag.py:588} INFO - Filling up the DagBag from /home/airflow/.local/lib/python3.12/site-packages/airflow/example_dags/tutorial_taskflow_api.py
[2025-01-27T11:43:36.597+0000] {processor.py:925} INFO - DAG(s) 'tutorial_taskflow_api' retrieved from /home/airflow/.local/lib/python3.12/site-packages/airflow/example_dags/tutorial_taskflow_api.py
[2025-01-27T11:43:36.816+0000] {logging_mixin.py:190} INFO - [2025-01-27T11:43:36.815+0000] {dag.py:3239} INFO - Sync 1 DAGs
[2025-01-27T11:43:36.944+0000] {logging_mixin.py:190} INFO - [2025-01-27T11:43:36.943+0000] {dag.py:4180} INFO - Setting next_dagrun for tutorial_taskflow_api to None, run_after=None
[2025-01-27T11:43:37.054+0000] {processor.py:208} INFO - Processing /home/airflow/.local/lib/python3.12/site-packages/airflow/example_dags/tutorial_taskflow_api.py took 0.565 seconds
[2025-01-27T11:44:07.211+0000] {processor.py:186} INFO - Started process (PID=950) to work on /home/airflow/.local/lib/python3.12/site-packages/airflow/example_dags/tutorial_taskflow_api.py
[2025-01-27T11:44:07.233+0000] {processor.py:914} INFO - Processing file /home/airflow/.local/lib/python3.12/site-packages/airflow/example_dags/tutorial_taskflow_api.py for tasks to queue
[2025-01-27T11:44:07.250+0000] {logging_mixin.py:190} INFO - [2025-01-27T11:44:07.249+0000] {dagbag.py:588} INFO - Filling up the DagBag from /home/airflow/.local/lib/python3.12/site-packages/airflow/example_dags/tutorial_taskflow_api.py
[2025-01-27T11:44:07.300+0000] {processor.py:925} INFO - DAG(s) 'tutorial_taskflow_api' retrieved from /home/airflow/.local/lib/python3.12/site-packages/airflow/example_dags/tutorial_taskflow_api.py
[2025-01-27T11:44:07.389+0000] {logging_mixin.py:190} INFO - [2025-01-27T11:44:07.388+0000] {dag.py:3239} INFO - Sync 1 DAGs
[2025-01-27T11:44:07.431+0000] {logging_mixin.py:190} INFO - [2025-01-27T11:44:07.430+0000] {dag.py:4180} INFO - Setting next_dagrun for tutorial_taskflow_api to None, run_after=None
[2025-01-27T11:44:07.461+0000] {processor.py:208} INFO - Processing /home/airflow/.local/lib/python3.12/site-packages/airflow/example_dags/tutorial_taskflow_api.py took 0.279 seconds
[2025-01-27T11:44:37.787+0000] {processor.py:186} INFO - Started process (PID=1014) to work on /home/airflow/.local/lib/python3.12/site-packages/airflow/example_dags/tutorial_taskflow_api.py
[2025-01-27T11:44:37.789+0000] {processor.py:914} INFO - Processing file /home/airflow/.local/lib/python3.12/site-packages/airflow/example_dags/tutorial_taskflow_api.py for tasks to queue
[2025-01-27T11:44:37.794+0000] {logging_mixin.py:190} INFO - [2025-01-27T11:44:37.793+0000] {dagbag.py:588} INFO - Filling up the DagBag from /home/airflow/.local/lib/python3.12/site-packages/airflow/example_dags/tutorial_taskflow_api.py
[2025-01-27T11:44:37.820+0000] {processor.py:925} INFO - DAG(s) 'tutorial_taskflow_api' retrieved from /home/airflow/.local/lib/python3.12/site-packages/airflow/example_dags/tutorial_taskflow_api.py
[2025-01-27T11:44:37.910+0000] {logging_mixin.py:190} INFO - [2025-01-27T11:44:37.910+0000] {dag.py:3239} INFO - Sync 1 DAGs
[2025-01-27T11:44:37.971+0000] {logging_mixin.py:190} INFO - [2025-01-27T11:44:37.970+0000] {dag.py:4180} INFO - Setting next_dagrun for tutorial_taskflow_api to None, run_after=None
[2025-01-27T11:44:38.044+0000] {processor.py:208} INFO - Processing /home/airflow/.local/lib/python3.12/site-packages/airflow/example_dags/tutorial_taskflow_api.py took 0.266 seconds
[2025-01-27T11:45:08.212+0000] {processor.py:186} INFO - Started process (PID=1078) to work on /home/airflow/.local/lib/python3.12/site-packages/airflow/example_dags/tutorial_taskflow_api.py
[2025-01-27T11:45:08.214+0000] {processor.py:914} INFO - Processing file /home/airflow/.local/lib/python3.12/site-packages/airflow/example_dags/tutorial_taskflow_api.py for tasks to queue
[2025-01-27T11:45:08.218+0000] {logging_mixin.py:190} INFO - [2025-01-27T11:45:08.217+0000] {dagbag.py:588} INFO - Filling up the DagBag from /home/airflow/.local/lib/python3.12/site-packages/airflow/example_dags/tutorial_taskflow_api.py
[2025-01-27T11:45:08.230+0000] {processor.py:925} INFO - DAG(s) 'tutorial_taskflow_api' retrieved from /home/airflow/.local/lib/python3.12/site-packages/airflow/example_dags/tutorial_taskflow_api.py
[2025-01-27T11:45:08.260+0000] {logging_mixin.py:190} INFO - [2025-01-27T11:45:08.260+0000] {dag.py:3239} INFO - Sync 1 DAGs
[2025-01-27T11:45:08.282+0000] {logging_mixin.py:190} INFO - [2025-01-27T11:45:08.281+0000] {dag.py:4180} INFO - Setting next_dagrun for tutorial_taskflow_api to None, run_after=None
[2025-01-27T11:45:08.309+0000] {processor.py:208} INFO - Processing /home/airflow/.local/lib/python3.12/site-packages/airflow/example_dags/tutorial_taskflow_api.py took 0.107 seconds
[2025-01-27T11:45:38.453+0000] {processor.py:186} INFO - Started process (PID=1142) to work on /home/airflow/.local/lib/python3.12/site-packages/airflow/example_dags/tutorial_taskflow_api.py
[2025-01-27T11:45:38.455+0000] {processor.py:914} INFO - Processing file /home/airflow/.local/lib/python3.12/site-packages/airflow/example_dags/tutorial_taskflow_api.py for tasks to queue
[2025-01-27T11:45:38.459+0000] {logging_mixin.py:190} INFO - [2025-01-27T11:45:38.458+0000] {dagbag.py:588} INFO - Filling up the DagBag from /home/airflow/.local/lib/python3.12/site-packages/airflow/example_dags/tutorial_taskflow_api.py
[2025-01-27T11:45:38.477+0000] {processor.py:925} INFO - DAG(s) 'tutorial_taskflow_api' retrieved from /home/airflow/.local/lib/python3.12/site-packages/airflow/example_dags/tutorial_taskflow_api.py
[2025-01-27T11:45:38.617+0000] {logging_mixin.py:190} INFO - [2025-01-27T11:45:38.617+0000] {dag.py:3239} INFO - Sync 1 DAGs
[2025-01-27T11:45:38.649+0000] {logging_mixin.py:190} INFO - [2025-01-27T11:45:38.649+0000] {dag.py:4180} INFO - Setting next_dagrun for tutorial_taskflow_api to None, run_after=None
[2025-01-27T11:45:38.681+0000] {processor.py:208} INFO - Processing /home/airflow/.local/lib/python3.12/site-packages/airflow/example_dags/tutorial_taskflow_api.py took 0.148 seconds
[2025-01-27T11:46:08.902+0000] {processor.py:186} INFO - Started process (PID=1206) to work on /home/airflow/.local/lib/python3.12/site-packages/airflow/example_dags/tutorial_taskflow_api.py
[2025-01-27T11:46:08.905+0000] {processor.py:914} INFO - Processing file /home/airflow/.local/lib/python3.12/site-packages/airflow/example_dags/tutorial_taskflow_api.py for tasks to queue
[2025-01-27T11:46:08.910+0000] {logging_mixin.py:190} INFO - [2025-01-27T11:46:08.910+0000] {dagbag.py:588} INFO - Filling up the DagBag from /home/airflow/.local/lib/python3.12/site-packages/airflow/example_dags/tutorial_taskflow_api.py
[2025-01-27T11:46:08.929+0000] {processor.py:925} INFO - DAG(s) 'tutorial_taskflow_api' retrieved from /home/airflow/.local/lib/python3.12/site-packages/airflow/example_dags/tutorial_taskflow_api.py
[2025-01-27T11:46:08.984+0000] {logging_mixin.py:190} INFO - [2025-01-27T11:46:08.984+0000] {dag.py:3239} INFO - Sync 1 DAGs
[2025-01-27T11:46:09.023+0000] {logging_mixin.py:190} INFO - [2025-01-27T11:46:09.022+0000] {dag.py:4180} INFO - Setting next_dagrun for tutorial_taskflow_api to None, run_after=None
[2025-01-27T11:46:09.071+0000] {processor.py:208} INFO - Processing /home/airflow/.local/lib/python3.12/site-packages/airflow/example_dags/tutorial_taskflow_api.py took 0.181 seconds
[2025-01-27T11:46:39.190+0000] {processor.py:186} INFO - Started process (PID=1269) to work on /home/airflow/.local/lib/python3.12/site-packages/airflow/example_dags/tutorial_taskflow_api.py
[2025-01-27T11:46:39.192+0000] {processor.py:914} INFO - Processing file /home/airflow/.local/lib/python3.12/site-packages/airflow/example_dags/tutorial_taskflow_api.py for tasks to queue
[2025-01-27T11:46:39.197+0000] {logging_mixin.py:190} INFO - [2025-01-27T11:46:39.196+0000] {dagbag.py:588} INFO - Filling up the DagBag from /home/airflow/.local/lib/python3.12/site-packages/airflow/example_dags/tutorial_taskflow_api.py
[2025-01-27T11:46:39.209+0000] {processor.py:925} INFO - DAG(s) 'tutorial_taskflow_api' retrieved from /home/airflow/.local/lib/python3.12/site-packages/airflow/example_dags/tutorial_taskflow_api.py
[2025-01-27T11:46:39.237+0000] {logging_mixin.py:190} INFO - [2025-01-27T11:46:39.237+0000] {dag.py:3239} INFO - Sync 1 DAGs
[2025-01-27T11:46:39.259+0000] {logging_mixin.py:190} INFO - [2025-01-27T11:46:39.258+0000] {dag.py:4180} INFO - Setting next_dagrun for tutorial_taskflow_api to None, run_after=None
[2025-01-27T11:46:39.287+0000] {processor.py:208} INFO - Processing /home/airflow/.local/lib/python3.12/site-packages/airflow/example_dags/tutorial_taskflow_api.py took 0.108 seconds
[2025-01-27T11:47:09.919+0000] {processor.py:186} INFO - Started process (PID=1334) to work on /home/airflow/.local/lib/python3.12/site-packages/airflow/example_dags/tutorial_taskflow_api.py
[2025-01-27T11:47:09.921+0000] {processor.py:914} INFO - Processing file /home/airflow/.local/lib/python3.12/site-packages/airflow/example_dags/tutorial_taskflow_api.py for tasks to queue
[2025-01-27T11:47:09.926+0000] {logging_mixin.py:190} INFO - [2025-01-27T11:47:09.925+0000] {dagbag.py:588} INFO - Filling up the DagBag from /home/airflow/.local/lib/python3.12/site-packages/airflow/example_dags/tutorial_taskflow_api.py
[2025-01-27T11:47:09.941+0000] {processor.py:925} INFO - DAG(s) 'tutorial_taskflow_api' retrieved from /home/airflow/.local/lib/python3.12/site-packages/airflow/example_dags/tutorial_taskflow_api.py
[2025-01-27T11:47:09.981+0000] {logging_mixin.py:190} INFO - [2025-01-27T11:47:09.981+0000] {dag.py:3239} INFO - Sync 1 DAGs
[2025-01-27T11:47:10.013+0000] {logging_mixin.py:190} INFO - [2025-01-27T11:47:10.011+0000] {dag.py:4180} INFO - Setting next_dagrun for tutorial_taskflow_api to None, run_after=None
[2025-01-27T11:47:10.057+0000] {processor.py:208} INFO - Processing /home/airflow/.local/lib/python3.12/site-packages/airflow/example_dags/tutorial_taskflow_api.py took 0.151 seconds
[2025-01-27T11:47:40.570+0000] {processor.py:186} INFO - Started process (PID=1398) to work on /home/airflow/.local/lib/python3.12/site-packages/airflow/example_dags/tutorial_taskflow_api.py
[2025-01-27T11:47:40.571+0000] {processor.py:914} INFO - Processing file /home/airflow/.local/lib/python3.12/site-packages/airflow/example_dags/tutorial_taskflow_api.py for tasks to queue
[2025-01-27T11:47:40.576+0000] {logging_mixin.py:190} INFO - [2025-01-27T11:47:40.575+0000] {dagbag.py:588} INFO - Filling up the DagBag from /home/airflow/.local/lib/python3.12/site-packages/airflow/example_dags/tutorial_taskflow_api.py
[2025-01-27T11:47:40.589+0000] {processor.py:925} INFO - DAG(s) 'tutorial_taskflow_api' retrieved from /home/airflow/.local/lib/python3.12/site-packages/airflow/example_dags/tutorial_taskflow_api.py
[2025-01-27T11:47:40.624+0000] {logging_mixin.py:190} INFO - [2025-01-27T11:47:40.623+0000] {dag.py:3239} INFO - Sync 1 DAGs
[2025-01-27T11:47:40.650+0000] {logging_mixin.py:190} INFO - [2025-01-27T11:47:40.649+0000] {dag.py:4180} INFO - Setting next_dagrun for tutorial_taskflow_api to None, run_after=None
[2025-01-27T11:47:40.681+0000] {processor.py:208} INFO - Processing /home/airflow/.local/lib/python3.12/site-packages/airflow/example_dags/tutorial_taskflow_api.py took 0.123 seconds
[2025-01-27T11:48:10.810+0000] {processor.py:186} INFO - Started process (PID=1460) to work on /home/airflow/.local/lib/python3.12/site-packages/airflow/example_dags/tutorial_taskflow_api.py
[2025-01-27T11:48:10.812+0000] {processor.py:914} INFO - Processing file /home/airflow/.local/lib/python3.12/site-packages/airflow/example_dags/tutorial_taskflow_api.py for tasks to queue
[2025-01-27T11:48:10.820+0000] {logging_mixin.py:190} INFO - [2025-01-27T11:48:10.819+0000] {dagbag.py:588} INFO - Filling up the DagBag from /home/airflow/.local/lib/python3.12/site-packages/airflow/example_dags/tutorial_taskflow_api.py
[2025-01-27T11:48:10.836+0000] {processor.py:925} INFO - DAG(s) 'tutorial_taskflow_api' retrieved from /home/airflow/.local/lib/python3.12/site-packages/airflow/example_dags/tutorial_taskflow_api.py
[2025-01-27T11:48:10.871+0000] {logging_mixin.py:190} INFO - [2025-01-27T11:48:10.870+0000] {dag.py:3239} INFO - Sync 1 DAGs
[2025-01-27T11:48:10.894+0000] {logging_mixin.py:190} INFO - [2025-01-27T11:48:10.894+0000] {dag.py:4180} INFO - Setting next_dagrun for tutorial_taskflow_api to None, run_after=None
[2025-01-27T11:48:10.927+0000] {processor.py:208} INFO - Processing /home/airflow/.local/lib/python3.12/site-packages/airflow/example_dags/tutorial_taskflow_api.py took 0.129 seconds
[2025-01-27T11:48:41.300+0000] {processor.py:186} INFO - Started process (PID=1525) to work on /home/airflow/.local/lib/python3.12/site-packages/airflow/example_dags/tutorial_taskflow_api.py
[2025-01-27T11:48:41.302+0000] {processor.py:914} INFO - Processing file /home/airflow/.local/lib/python3.12/site-packages/airflow/example_dags/tutorial_taskflow_api.py for tasks to queue
[2025-01-27T11:48:41.307+0000] {logging_mixin.py:190} INFO - [2025-01-27T11:48:41.306+0000] {dagbag.py:588} INFO - Filling up the DagBag from /home/airflow/.local/lib/python3.12/site-packages/airflow/example_dags/tutorial_taskflow_api.py
[2025-01-27T11:48:41.323+0000] {processor.py:925} INFO - DAG(s) 'tutorial_taskflow_api' retrieved from /home/airflow/.local/lib/python3.12/site-packages/airflow/example_dags/tutorial_taskflow_api.py
[2025-01-27T11:48:41.358+0000] {logging_mixin.py:190} INFO - [2025-01-27T11:48:41.358+0000] {dag.py:3239} INFO - Sync 1 DAGs
[2025-01-27T11:48:41.379+0000] {logging_mixin.py:190} INFO - [2025-01-27T11:48:41.379+0000] {dag.py:4180} INFO - Setting next_dagrun for tutorial_taskflow_api to None, run_after=None
[2025-01-27T11:48:41.410+0000] {processor.py:208} INFO - Processing /home/airflow/.local/lib/python3.12/site-packages/airflow/example_dags/tutorial_taskflow_api.py took 0.118 seconds
[2025-01-27T11:49:12.153+0000] {processor.py:186} INFO - Started process (PID=1589) to work on /home/airflow/.local/lib/python3.12/site-packages/airflow/example_dags/tutorial_taskflow_api.py
[2025-01-27T11:49:12.155+0000] {processor.py:914} INFO - Processing file /home/airflow/.local/lib/python3.12/site-packages/airflow/example_dags/tutorial_taskflow_api.py for tasks to queue
[2025-01-27T11:49:12.160+0000] {logging_mixin.py:190} INFO - [2025-01-27T11:49:12.159+0000] {dagbag.py:588} INFO - Filling up the DagBag from /home/airflow/.local/lib/python3.12/site-packages/airflow/example_dags/tutorial_taskflow_api.py
[2025-01-27T11:49:12.178+0000] {processor.py:925} INFO - DAG(s) 'tutorial_taskflow_api' retrieved from /home/airflow/.local/lib/python3.12/site-packages/airflow/example_dags/tutorial_taskflow_api.py
[2025-01-27T11:49:12.216+0000] {logging_mixin.py:190} INFO - [2025-01-27T11:49:12.216+0000] {dag.py:3239} INFO - Sync 1 DAGs
[2025-01-27T11:49:12.239+0000] {logging_mixin.py:190} INFO - [2025-01-27T11:49:12.239+0000] {dag.py:4180} INFO - Setting next_dagrun for tutorial_taskflow_api to None, run_after=None
[2025-01-27T11:49:12.287+0000] {processor.py:208} INFO - Processing /home/airflow/.local/lib/python3.12/site-packages/airflow/example_dags/tutorial_taskflow_api.py took 0.148 seconds
[2025-01-27T11:49:42.756+0000] {processor.py:186} INFO - Started process (PID=1654) to work on /home/airflow/.local/lib/python3.12/site-packages/airflow/example_dags/tutorial_taskflow_api.py
[2025-01-27T11:49:42.758+0000] {processor.py:914} INFO - Processing file /home/airflow/.local/lib/python3.12/site-packages/airflow/example_dags/tutorial_taskflow_api.py for tasks to queue
[2025-01-27T11:49:42.763+0000] {logging_mixin.py:190} INFO - [2025-01-27T11:49:42.762+0000] {dagbag.py:588} INFO - Filling up the DagBag from /home/airflow/.local/lib/python3.12/site-packages/airflow/example_dags/tutorial_taskflow_api.py
[2025-01-27T11:49:42.783+0000] {processor.py:925} INFO - DAG(s) 'tutorial_taskflow_api' retrieved from /home/airflow/.local/lib/python3.12/site-packages/airflow/example_dags/tutorial_taskflow_api.py
[2025-01-27T11:49:42.831+0000] {logging_mixin.py:190} INFO - [2025-01-27T11:49:42.831+0000] {dag.py:3239} INFO - Sync 1 DAGs
[2025-01-27T11:49:42.868+0000] {logging_mixin.py:190} INFO - [2025-01-27T11:49:42.868+0000] {dag.py:4180} INFO - Setting next_dagrun for tutorial_taskflow_api to None, run_after=None
[2025-01-27T11:49:42.905+0000] {processor.py:208} INFO - Processing /home/airflow/.local/lib/python3.12/site-packages/airflow/example_dags/tutorial_taskflow_api.py took 0.162 seconds
[2025-01-27T11:50:13.036+0000] {processor.py:186} INFO - Started process (PID=1717) to work on /home/airflow/.local/lib/python3.12/site-packages/airflow/example_dags/tutorial_taskflow_api.py
[2025-01-27T11:50:13.038+0000] {processor.py:914} INFO - Processing file /home/airflow/.local/lib/python3.12/site-packages/airflow/example_dags/tutorial_taskflow_api.py for tasks to queue
[2025-01-27T11:50:13.042+0000] {logging_mixin.py:190} INFO - [2025-01-27T11:50:13.041+0000] {dagbag.py:588} INFO - Filling up the DagBag from /home/airflow/.local/lib/python3.12/site-packages/airflow/example_dags/tutorial_taskflow_api.py
[2025-01-27T11:50:13.055+0000] {processor.py:925} INFO - DAG(s) 'tutorial_taskflow_api' retrieved from /home/airflow/.local/lib/python3.12/site-packages/airflow/example_dags/tutorial_taskflow_api.py
[2025-01-27T11:50:13.092+0000] {logging_mixin.py:190} INFO - [2025-01-27T11:50:13.091+0000] {dag.py:3239} INFO - Sync 1 DAGs
[2025-01-27T11:50:13.118+0000] {logging_mixin.py:190} INFO - [2025-01-27T11:50:13.117+0000] {dag.py:4180} INFO - Setting next_dagrun for tutorial_taskflow_api to None, run_after=None
[2025-01-27T11:50:13.152+0000] {processor.py:208} INFO - Processing /home/airflow/.local/lib/python3.12/site-packages/airflow/example_dags/tutorial_taskflow_api.py took 0.125 seconds
